<?xml version="1.0" encoding="UTF-8"?>
<testsuite xmlns:xsi="http://www.w3.org/2001/XMLSchema-instance" xsi:noNamespaceSchemaLocation="https://maven.apache.org/surefire/maven-surefire-plugin/xsd/surefire-test-report-3.0.xsd" version="3.0" name="TestSuite" time="45.589" tests="4" errors="0" skipped="0" failures="0">
  <properties>
    <property name="java.specification.version" value="21"/>
    <property name="webdriver.chrome.driver" value="C:\Users\cyril\.cache\selenium\chromedriver\win64\137.0.7151.119\chromedriver.exe"/>
    <property name="sun.cpu.isalist" value="amd64"/>
    <property name="sun.jnu.encoding" value="Cp1252"/>
    <property name="java.class.path" value="C:\Users\cyril\eclipse\NHSJobSearchTest\target\test-classes;C:\Users\cyril\eclipse\NHSJobSearchTest\target\classes;C:\Users\cyril\.m2\repository\io\cucumber\cucumber-java\7.13.0\cucumber-java-7.13.0.jar;C:\Users\cyril\.m2\repository\io\cucumber\cucumber-core\7.13.0\cucumber-core-7.13.0.jar;C:\Users\cyril\.m2\repository\io\cucumber\cucumber-gherkin\7.13.0\cucumber-gherkin-7.13.0.jar;C:\Users\cyril\.m2\repository\io\cucumber\cucumber-gherkin-messages\7.13.0\cucumber-gherkin-messages-7.13.0.jar;C:\Users\cyril\.m2\repository\io\cucumber\gherkin\26.2.0\gherkin-26.2.0.jar;C:\Users\cyril\.m2\repository\io\cucumber\messages\22.0.0\messages-22.0.0.jar;C:\Users\cyril\.m2\repository\io\cucumber\tag-expressions\5.0.1\tag-expressions-5.0.1.jar;C:\Users\cyril\.m2\repository\io\cucumber\cucumber-expressions\16.1.2\cucumber-expressions-16.1.2.jar;C:\Users\cyril\.m2\repository\io\cucumber\datatable\7.13.0\datatable-7.13.0.jar;C:\Users\cyril\.m2\repository\io\cucumber\cucumber-plugin\7.13.0\cucumber-plugin-7.13.0.jar;C:\Users\cyril\.m2\repository\io\cucumber\docstring\7.13.0\docstring-7.13.0.jar;C:\Users\cyril\.m2\repository\io\cucumber\html-formatter\20.3.1\html-formatter-20.3.1.jar;C:\Users\cyril\.m2\repository\io\cucumber\junit-xml-formatter\0.2.0\junit-xml-formatter-0.2.0.jar;C:\Users\cyril\.m2\repository\io\cucumber\ci-environment\9.2.0\ci-environment-9.2.0.jar;C:\Users\cyril\.m2\repository\org\apiguardian\apiguardian-api\1.1.2\apiguardian-api-1.1.2.jar;C:\Users\cyril\.m2\repository\io\cucumber\cucumber-testng\7.13.0\cucumber-testng-7.13.0.jar;C:\Users\cyril\.m2\repository\org\testng\testng\7.8.0\testng-7.8.0.jar;C:\Users\cyril\.m2\repository\org\slf4j\slf4j-api\1.7.36\slf4j-api-1.7.36.jar;C:\Users\cyril\.m2\repository\com\beust\jcommander\1.82\jcommander-1.82.jar;C:\Users\cyril\.m2\repository\org\webjars\jquery\3.6.1\jquery-3.6.1.jar;C:\Users\cyril\.m2\repository\org\seleniumhq\selenium\selenium-java\4.11.0\selenium-java-4.11.0.jar;C:\Users\cyril\.m2\repository\org\seleniumhq\selenium\selenium-api\4.11.0\selenium-api-4.11.0.jar;C:\Users\cyril\.m2\repository\org\seleniumhq\selenium\selenium-chrome-driver\4.11.0\selenium-chrome-driver-4.11.0.jar;C:\Users\cyril\.m2\repository\com\google\auto\service\auto-service-annotations\1.0.1\auto-service-annotations-1.0.1.jar;C:\Users\cyril\.m2\repository\com\google\guava\guava\31.1-jre\guava-31.1-jre.jar;C:\Users\cyril\.m2\repository\com\google\guava\failureaccess\1.0.1\failureaccess-1.0.1.jar;C:\Users\cyril\.m2\repository\com\google\guava\listenablefuture\9999.0-empty-to-avoid-conflict-with-guava\listenablefuture-9999.0-empty-to-avoid-conflict-with-guava.jar;C:\Users\cyril\.m2\repository\com\google\code\findbugs\jsr305\3.0.2\jsr305-3.0.2.jar;C:\Users\cyril\.m2\repository\org\checkerframework\checker-qual\3.12.0\checker-qual-3.12.0.jar;C:\Users\cyril\.m2\repository\com\google\j2objc\j2objc-annotations\1.3\j2objc-annotations-1.3.jar;C:\Users\cyril\.m2\repository\org\seleniumhq\selenium\selenium-chromium-driver\4.11.0\selenium-chromium-driver-4.11.0.jar;C:\Users\cyril\.m2\repository\org\seleniumhq\selenium\selenium-json\4.11.0\selenium-json-4.11.0.jar;C:\Users\cyril\.m2\repository\org\seleniumhq\selenium\selenium-manager\4.11.0\selenium-manager-4.11.0.jar;C:\Users\cyril\.m2\repository\org\seleniumhq\selenium\selenium-devtools-v113\4.11.0\selenium-devtools-v113-4.11.0.jar;C:\Users\cyril\.m2\repository\org\seleniumhq\selenium\selenium-devtools-v114\4.11.0\selenium-devtools-v114-4.11.0.jar;C:\Users\cyril\.m2\repository\org\seleniumhq\selenium\selenium-devtools-v115\4.11.0\selenium-devtools-v115-4.11.0.jar;C:\Users\cyril\.m2\repository\org\seleniumhq\selenium\selenium-devtools-v85\4.11.0\selenium-devtools-v85-4.11.0.jar;C:\Users\cyril\.m2\repository\org\seleniumhq\selenium\selenium-edge-driver\4.11.0\selenium-edge-driver-4.11.0.jar;C:\Users\cyril\.m2\repository\org\seleniumhq\selenium\selenium-firefox-driver\4.11.0\selenium-firefox-driver-4.11.0.jar;C:\Users\cyril\.m2\repository\org\seleniumhq\selenium\selenium-http\4.11.0\selenium-http-4.11.0.jar;C:\Users\cyril\.m2\repository\dev\failsafe\failsafe\3.3.1\failsafe-3.3.1.jar;C:\Users\cyril\.m2\repository\org\seleniumhq\selenium\selenium-ie-driver\4.11.0\selenium-ie-driver-4.11.0.jar;C:\Users\cyril\.m2\repository\org\seleniumhq\selenium\selenium-remote-driver\4.11.0\selenium-remote-driver-4.11.0.jar;C:\Users\cyril\.m2\repository\io\netty\netty-buffer\4.1.92.Final\netty-buffer-4.1.92.Final.jar;C:\Users\cyril\.m2\repository\io\netty\netty-codec-http\4.1.92.Final\netty-codec-http-4.1.92.Final.jar;C:\Users\cyril\.m2\repository\io\netty\netty-codec\4.1.92.Final\netty-codec-4.1.92.Final.jar;C:\Users\cyril\.m2\repository\io\netty\netty-handler\4.1.92.Final\netty-handler-4.1.92.Final.jar;C:\Users\cyril\.m2\repository\io\netty\netty-common\4.1.92.Final\netty-common-4.1.92.Final.jar;C:\Users\cyril\.m2\repository\io\netty\netty-transport-classes-epoll\4.1.92.Final\netty-transport-classes-epoll-4.1.92.Final.jar;C:\Users\cyril\.m2\repository\io\netty\netty-transport-classes-kqueue\4.1.92.Final\netty-transport-classes-kqueue-4.1.92.Final.jar;C:\Users\cyril\.m2\repository\io\netty\netty-transport-native-epoll\4.1.92.Final\netty-transport-native-epoll-4.1.92.Final.jar;C:\Users\cyril\.m2\repository\io\netty\netty-transport-native-kqueue\4.1.92.Final\netty-transport-native-kqueue-4.1.92.Final.jar;C:\Users\cyril\.m2\repository\io\netty\netty-transport-native-unix-common\4.1.92.Final\netty-transport-native-unix-common-4.1.92.Final.jar;C:\Users\cyril\.m2\repository\io\netty\netty-transport\4.1.92.Final\netty-transport-4.1.92.Final.jar;C:\Users\cyril\.m2\repository\io\netty\netty-resolver\4.1.92.Final\netty-resolver-4.1.92.Final.jar;C:\Users\cyril\.m2\repository\io\opentelemetry\opentelemetry-api\1.26.0\opentelemetry-api-1.26.0.jar;C:\Users\cyril\.m2\repository\io\opentelemetry\opentelemetry-context\1.26.0\opentelemetry-context-1.26.0.jar;C:\Users\cyril\.m2\repository\io\opentelemetry\opentelemetry-exporter-logging\1.26.0\opentelemetry-exporter-logging-1.26.0.jar;C:\Users\cyril\.m2\repository\io\opentelemetry\opentelemetry-sdk-metrics\1.26.0\opentelemetry-sdk-metrics-1.26.0.jar;C:\Users\cyril\.m2\repository\io\opentelemetry\opentelemetry-extension-incubator\1.26.0-alpha\opentelemetry-extension-incubator-1.26.0-alpha.jar;C:\Users\cyril\.m2\repository\io\opentelemetry\opentelemetry-sdk-logs\1.26.0-alpha\opentelemetry-sdk-logs-1.26.0-alpha.jar;C:\Users\cyril\.m2\repository\io\opentelemetry\opentelemetry-api-logs\1.26.0-alpha\opentelemetry-api-logs-1.26.0-alpha.jar;C:\Users\cyril\.m2\repository\io\opentelemetry\opentelemetry-api-events\1.26.0-alpha\opentelemetry-api-events-1.26.0-alpha.jar;C:\Users\cyril\.m2\repository\io\opentelemetry\opentelemetry-sdk-common\1.26.0\opentelemetry-sdk-common-1.26.0.jar;C:\Users\cyril\.m2\repository\io\opentelemetry\opentelemetry-sdk-extension-autoconfigure-spi\1.26.0\opentelemetry-sdk-extension-autoconfigure-spi-1.26.0.jar;C:\Users\cyril\.m2\repository\io\opentelemetry\opentelemetry-sdk-extension-autoconfigure\1.26.0-alpha\opentelemetry-sdk-extension-autoconfigure-1.26.0-alpha.jar;C:\Users\cyril\.m2\repository\io\opentelemetry\opentelemetry-sdk-trace\1.26.0\opentelemetry-sdk-trace-1.26.0.jar;C:\Users\cyril\.m2\repository\io\opentelemetry\opentelemetry-sdk\1.26.0\opentelemetry-sdk-1.26.0.jar;C:\Users\cyril\.m2\repository\io\opentelemetry\opentelemetry-semconv\1.26.0-alpha\opentelemetry-semconv-1.26.0-alpha.jar;C:\Users\cyril\.m2\repository\net\bytebuddy\byte-buddy\1.14.4\byte-buddy-1.14.4.jar;C:\Users\cyril\.m2\repository\org\apache\commons\commons-exec\1.3\commons-exec-1.3.jar;C:\Users\cyril\.m2\repository\org\asynchttpclient\async-http-client\2.12.3\async-http-client-2.12.3.jar;C:\Users\cyril\.m2\repository\org\asynchttpclient\async-http-client-netty-utils\2.12.3\async-http-client-netty-utils-2.12.3.jar;C:\Users\cyril\.m2\repository\io\netty\netty-codec-socks\4.1.60.Final\netty-codec-socks-4.1.60.Final.jar;C:\Users\cyril\.m2\repository\io\netty\netty-handler-proxy\4.1.60.Final\netty-handler-proxy-4.1.60.Final.jar;C:\Users\cyril\.m2\repository\io\netty\netty-transport-native-epoll\4.1.60.Final\netty-transport-native-epoll-4.1.60.Final-linux-x86_64.jar;C:\Users\cyril\.m2\repository\io\netty\netty-transport-native-kqueue\4.1.60.Final\netty-transport-native-kqueue-4.1.60.Final-osx-x86_64.jar;C:\Users\cyril\.m2\repository\org\reactivestreams\reactive-streams\1.0.3\reactive-streams-1.0.3.jar;C:\Users\cyril\.m2\repository\com\typesafe\netty\netty-reactive-streams\2.0.4\netty-reactive-streams-2.0.4.jar;C:\Users\cyril\.m2\repository\com\sun\activation\jakarta.activation\1.2.2\jakarta.activation-1.2.2.jar;C:\Users\cyril\.m2\repository\org\seleniumhq\selenium\selenium-safari-driver\4.11.0\selenium-safari-driver-4.11.0.jar;C:\Users\cyril\.m2\repository\org\seleniumhq\selenium\selenium-support\4.11.0\selenium-support-4.11.0.jar;C:\Users\cyril\.m2\repository\io\github\bonigarcia\webdrivermanager\5.9.2\webdrivermanager-5.9.2.jar;C:\Users\cyril\.m2\repository\com\google\code\gson\gson\2.11.0\gson-2.11.0.jar;C:\Users\cyril\.m2\repository\com\google\errorprone\error_prone_annotations\2.27.0\error_prone_annotations-2.27.0.jar;C:\Users\cyril\.m2\repository\com\github\docker-java\docker-java\3.4.0\docker-java-3.4.0.jar;C:\Users\cyril\.m2\repository\com\github\docker-java\docker-java-core\3.4.0\docker-java-core-3.4.0.jar;C:\Users\cyril\.m2\repository\com\github\docker-java\docker-java-api\3.4.0\docker-java-api-3.4.0.jar;C:\Users\cyril\.m2\repository\org\slf4j\jcl-over-slf4j\1.7.30\jcl-over-slf4j-1.7.30.jar;C:\Users\cyril\.m2\repository\com\github\docker-java\docker-java-transport-httpclient5\3.4.0\docker-java-transport-httpclient5-3.4.0.jar;C:\Users\cyril\.m2\repository\com\github\docker-java\docker-java-transport\3.4.0\docker-java-transport-3.4.0.jar;C:\Users\cyril\.m2\repository\net\java\dev\jna\jna\5.13.0\jna-5.13.0.jar;C:\Users\cyril\.m2\repository\org\brotli\dec\0.1.2\dec-0.1.2.jar;C:\Users\cyril\.m2\repository\org\apache\commons\commons-lang3\3.15.0\commons-lang3-3.15.0.jar;C:\Users\cyril\.m2\repository\org\apache\commons\commons-compress\1.26.2\commons-compress-1.26.2.jar;C:\Users\cyril\.m2\repository\commons-codec\commons-codec\1.17.0\commons-codec-1.17.0.jar;C:\Users\cyril\.m2\repository\org\apache\httpcomponents\client5\httpclient5\5.2.1\httpclient5-5.2.1.jar;C:\Users\cyril\.m2\repository\org\apache\httpcomponents\core5\httpcore5\5.2\httpcore5-5.2.jar;C:\Users\cyril\.m2\repository\org\apache\httpcomponents\core5\httpcore5-h2\5.2\httpcore5-h2-5.2.jar;C:\Users\cyril\.m2\repository\com\deque\html\axe-core\selenium\4.4.1\selenium-4.4.1.jar;C:\Users\cyril\.m2\repository\commons-io\commons-io\2.11.0\commons-io-2.11.0.jar;C:\Users\cyril\.m2\repository\com\fasterxml\jackson\core\jackson-databind\2.13.0\jackson-databind-2.13.0.jar;C:\Users\cyril\.m2\repository\com\fasterxml\jackson\core\jackson-annotations\2.13.0\jackson-annotations-2.13.0.jar;C:\Users\cyril\.m2\repository\com\fasterxml\jackson\core\jackson-core\2.13.0\jackson-core-2.13.0.jar;C:\Users\cyril\.m2\repository\org\json\json\20240303\json-20240303.jar;"/>
    <property name="java.vm.vendor" value="Oracle Corporation"/>
    <property name="sun.arch.data.model" value="64"/>
    <property name="user.variant" value=""/>
    <property name="java.vendor.url" value="https://java.oracle.com/"/>
    <property name="user.timezone" value="Asia/Calcutta"/>
    <property name="os.name" value="Windows 11"/>
    <property name="java.vm.specification.version" value="21"/>
    <property name="sun.java.launcher" value="SUN_STANDARD"/>
    <property name="user.country" value="GB"/>
    <property name="sun.boot.library.path" value="C:\Program Files\Java\jdk-21\bin"/>
    <property name="sun.java.command" value="C:\Users\cyril\AppData\Local\Temp\surefire3178903561680494795\surefirebooter-20250624224326594_3.jar C:\Users\cyril\AppData\Local\Temp\surefire3178903561680494795 2025-06-24T22-43-26_451-jvmRun1 surefire-20250624224326594_1tmp surefire_0-20250624224326594_2tmp"/>
    <property name="jdk.debug" value="release"/>
    <property name="surefire.test.class.path" value="C:\Users\cyril\eclipse\NHSJobSearchTest\target\test-classes;C:\Users\cyril\eclipse\NHSJobSearchTest\target\classes;C:\Users\cyril\.m2\repository\io\cucumber\cucumber-java\7.13.0\cucumber-java-7.13.0.jar;C:\Users\cyril\.m2\repository\io\cucumber\cucumber-core\7.13.0\cucumber-core-7.13.0.jar;C:\Users\cyril\.m2\repository\io\cucumber\cucumber-gherkin\7.13.0\cucumber-gherkin-7.13.0.jar;C:\Users\cyril\.m2\repository\io\cucumber\cucumber-gherkin-messages\7.13.0\cucumber-gherkin-messages-7.13.0.jar;C:\Users\cyril\.m2\repository\io\cucumber\gherkin\26.2.0\gherkin-26.2.0.jar;C:\Users\cyril\.m2\repository\io\cucumber\messages\22.0.0\messages-22.0.0.jar;C:\Users\cyril\.m2\repository\io\cucumber\tag-expressions\5.0.1\tag-expressions-5.0.1.jar;C:\Users\cyril\.m2\repository\io\cucumber\cucumber-expressions\16.1.2\cucumber-expressions-16.1.2.jar;C:\Users\cyril\.m2\repository\io\cucumber\datatable\7.13.0\datatable-7.13.0.jar;C:\Users\cyril\.m2\repository\io\cucumber\cucumber-plugin\7.13.0\cucumber-plugin-7.13.0.jar;C:\Users\cyril\.m2\repository\io\cucumber\docstring\7.13.0\docstring-7.13.0.jar;C:\Users\cyril\.m2\repository\io\cucumber\html-formatter\20.3.1\html-formatter-20.3.1.jar;C:\Users\cyril\.m2\repository\io\cucumber\junit-xml-formatter\0.2.0\junit-xml-formatter-0.2.0.jar;C:\Users\cyril\.m2\repository\io\cucumber\ci-environment\9.2.0\ci-environment-9.2.0.jar;C:\Users\cyril\.m2\repository\org\apiguardian\apiguardian-api\1.1.2\apiguardian-api-1.1.2.jar;C:\Users\cyril\.m2\repository\io\cucumber\cucumber-testng\7.13.0\cucumber-testng-7.13.0.jar;C:\Users\cyril\.m2\repository\org\testng\testng\7.8.0\testng-7.8.0.jar;C:\Users\cyril\.m2\repository\org\slf4j\slf4j-api\1.7.36\slf4j-api-1.7.36.jar;C:\Users\cyril\.m2\repository\com\beust\jcommander\1.82\jcommander-1.82.jar;C:\Users\cyril\.m2\repository\org\webjars\jquery\3.6.1\jquery-3.6.1.jar;C:\Users\cyril\.m2\repository\org\seleniumhq\selenium\selenium-java\4.11.0\selenium-java-4.11.0.jar;C:\Users\cyril\.m2\repository\org\seleniumhq\selenium\selenium-api\4.11.0\selenium-api-4.11.0.jar;C:\Users\cyril\.m2\repository\org\seleniumhq\selenium\selenium-chrome-driver\4.11.0\selenium-chrome-driver-4.11.0.jar;C:\Users\cyril\.m2\repository\com\google\auto\service\auto-service-annotations\1.0.1\auto-service-annotations-1.0.1.jar;C:\Users\cyril\.m2\repository\com\google\guava\guava\31.1-jre\guava-31.1-jre.jar;C:\Users\cyril\.m2\repository\com\google\guava\failureaccess\1.0.1\failureaccess-1.0.1.jar;C:\Users\cyril\.m2\repository\com\google\guava\listenablefuture\9999.0-empty-to-avoid-conflict-with-guava\listenablefuture-9999.0-empty-to-avoid-conflict-with-guava.jar;C:\Users\cyril\.m2\repository\com\google\code\findbugs\jsr305\3.0.2\jsr305-3.0.2.jar;C:\Users\cyril\.m2\repository\org\checkerframework\checker-qual\3.12.0\checker-qual-3.12.0.jar;C:\Users\cyril\.m2\repository\com\google\j2objc\j2objc-annotations\1.3\j2objc-annotations-1.3.jar;C:\Users\cyril\.m2\repository\org\seleniumhq\selenium\selenium-chromium-driver\4.11.0\selenium-chromium-driver-4.11.0.jar;C:\Users\cyril\.m2\repository\org\seleniumhq\selenium\selenium-json\4.11.0\selenium-json-4.11.0.jar;C:\Users\cyril\.m2\repository\org\seleniumhq\selenium\selenium-manager\4.11.0\selenium-manager-4.11.0.jar;C:\Users\cyril\.m2\repository\org\seleniumhq\selenium\selenium-devtools-v113\4.11.0\selenium-devtools-v113-4.11.0.jar;C:\Users\cyril\.m2\repository\org\seleniumhq\selenium\selenium-devtools-v114\4.11.0\selenium-devtools-v114-4.11.0.jar;C:\Users\cyril\.m2\repository\org\seleniumhq\selenium\selenium-devtools-v115\4.11.0\selenium-devtools-v115-4.11.0.jar;C:\Users\cyril\.m2\repository\org\seleniumhq\selenium\selenium-devtools-v85\4.11.0\selenium-devtools-v85-4.11.0.jar;C:\Users\cyril\.m2\repository\org\seleniumhq\selenium\selenium-edge-driver\4.11.0\selenium-edge-driver-4.11.0.jar;C:\Users\cyril\.m2\repository\org\seleniumhq\selenium\selenium-firefox-driver\4.11.0\selenium-firefox-driver-4.11.0.jar;C:\Users\cyril\.m2\repository\org\seleniumhq\selenium\selenium-http\4.11.0\selenium-http-4.11.0.jar;C:\Users\cyril\.m2\repository\dev\failsafe\failsafe\3.3.1\failsafe-3.3.1.jar;C:\Users\cyril\.m2\repository\org\seleniumhq\selenium\selenium-ie-driver\4.11.0\selenium-ie-driver-4.11.0.jar;C:\Users\cyril\.m2\repository\org\seleniumhq\selenium\selenium-remote-driver\4.11.0\selenium-remote-driver-4.11.0.jar;C:\Users\cyril\.m2\repository\io\netty\netty-buffer\4.1.92.Final\netty-buffer-4.1.92.Final.jar;C:\Users\cyril\.m2\repository\io\netty\netty-codec-http\4.1.92.Final\netty-codec-http-4.1.92.Final.jar;C:\Users\cyril\.m2\repository\io\netty\netty-codec\4.1.92.Final\netty-codec-4.1.92.Final.jar;C:\Users\cyril\.m2\repository\io\netty\netty-handler\4.1.92.Final\netty-handler-4.1.92.Final.jar;C:\Users\cyril\.m2\repository\io\netty\netty-common\4.1.92.Final\netty-common-4.1.92.Final.jar;C:\Users\cyril\.m2\repository\io\netty\netty-transport-classes-epoll\4.1.92.Final\netty-transport-classes-epoll-4.1.92.Final.jar;C:\Users\cyril\.m2\repository\io\netty\netty-transport-classes-kqueue\4.1.92.Final\netty-transport-classes-kqueue-4.1.92.Final.jar;C:\Users\cyril\.m2\repository\io\netty\netty-transport-native-epoll\4.1.92.Final\netty-transport-native-epoll-4.1.92.Final.jar;C:\Users\cyril\.m2\repository\io\netty\netty-transport-native-kqueue\4.1.92.Final\netty-transport-native-kqueue-4.1.92.Final.jar;C:\Users\cyril\.m2\repository\io\netty\netty-transport-native-unix-common\4.1.92.Final\netty-transport-native-unix-common-4.1.92.Final.jar;C:\Users\cyril\.m2\repository\io\netty\netty-transport\4.1.92.Final\netty-transport-4.1.92.Final.jar;C:\Users\cyril\.m2\repository\io\netty\netty-resolver\4.1.92.Final\netty-resolver-4.1.92.Final.jar;C:\Users\cyril\.m2\repository\io\opentelemetry\opentelemetry-api\1.26.0\opentelemetry-api-1.26.0.jar;C:\Users\cyril\.m2\repository\io\opentelemetry\opentelemetry-context\1.26.0\opentelemetry-context-1.26.0.jar;C:\Users\cyril\.m2\repository\io\opentelemetry\opentelemetry-exporter-logging\1.26.0\opentelemetry-exporter-logging-1.26.0.jar;C:\Users\cyril\.m2\repository\io\opentelemetry\opentelemetry-sdk-metrics\1.26.0\opentelemetry-sdk-metrics-1.26.0.jar;C:\Users\cyril\.m2\repository\io\opentelemetry\opentelemetry-extension-incubator\1.26.0-alpha\opentelemetry-extension-incubator-1.26.0-alpha.jar;C:\Users\cyril\.m2\repository\io\opentelemetry\opentelemetry-sdk-logs\1.26.0-alpha\opentelemetry-sdk-logs-1.26.0-alpha.jar;C:\Users\cyril\.m2\repository\io\opentelemetry\opentelemetry-api-logs\1.26.0-alpha\opentelemetry-api-logs-1.26.0-alpha.jar;C:\Users\cyril\.m2\repository\io\opentelemetry\opentelemetry-api-events\1.26.0-alpha\opentelemetry-api-events-1.26.0-alpha.jar;C:\Users\cyril\.m2\repository\io\opentelemetry\opentelemetry-sdk-common\1.26.0\opentelemetry-sdk-common-1.26.0.jar;C:\Users\cyril\.m2\repository\io\opentelemetry\opentelemetry-sdk-extension-autoconfigure-spi\1.26.0\opentelemetry-sdk-extension-autoconfigure-spi-1.26.0.jar;C:\Users\cyril\.m2\repository\io\opentelemetry\opentelemetry-sdk-extension-autoconfigure\1.26.0-alpha\opentelemetry-sdk-extension-autoconfigure-1.26.0-alpha.jar;C:\Users\cyril\.m2\repository\io\opentelemetry\opentelemetry-sdk-trace\1.26.0\opentelemetry-sdk-trace-1.26.0.jar;C:\Users\cyril\.m2\repository\io\opentelemetry\opentelemetry-sdk\1.26.0\opentelemetry-sdk-1.26.0.jar;C:\Users\cyril\.m2\repository\io\opentelemetry\opentelemetry-semconv\1.26.0-alpha\opentelemetry-semconv-1.26.0-alpha.jar;C:\Users\cyril\.m2\repository\net\bytebuddy\byte-buddy\1.14.4\byte-buddy-1.14.4.jar;C:\Users\cyril\.m2\repository\org\apache\commons\commons-exec\1.3\commons-exec-1.3.jar;C:\Users\cyril\.m2\repository\org\asynchttpclient\async-http-client\2.12.3\async-http-client-2.12.3.jar;C:\Users\cyril\.m2\repository\org\asynchttpclient\async-http-client-netty-utils\2.12.3\async-http-client-netty-utils-2.12.3.jar;C:\Users\cyril\.m2\repository\io\netty\netty-codec-socks\4.1.60.Final\netty-codec-socks-4.1.60.Final.jar;C:\Users\cyril\.m2\repository\io\netty\netty-handler-proxy\4.1.60.Final\netty-handler-proxy-4.1.60.Final.jar;C:\Users\cyril\.m2\repository\io\netty\netty-transport-native-epoll\4.1.60.Final\netty-transport-native-epoll-4.1.60.Final-linux-x86_64.jar;C:\Users\cyril\.m2\repository\io\netty\netty-transport-native-kqueue\4.1.60.Final\netty-transport-native-kqueue-4.1.60.Final-osx-x86_64.jar;C:\Users\cyril\.m2\repository\org\reactivestreams\reactive-streams\1.0.3\reactive-streams-1.0.3.jar;C:\Users\cyril\.m2\repository\com\typesafe\netty\netty-reactive-streams\2.0.4\netty-reactive-streams-2.0.4.jar;C:\Users\cyril\.m2\repository\com\sun\activation\jakarta.activation\1.2.2\jakarta.activation-1.2.2.jar;C:\Users\cyril\.m2\repository\org\seleniumhq\selenium\selenium-safari-driver\4.11.0\selenium-safari-driver-4.11.0.jar;C:\Users\cyril\.m2\repository\org\seleniumhq\selenium\selenium-support\4.11.0\selenium-support-4.11.0.jar;C:\Users\cyril\.m2\repository\io\github\bonigarcia\webdrivermanager\5.9.2\webdrivermanager-5.9.2.jar;C:\Users\cyril\.m2\repository\com\google\code\gson\gson\2.11.0\gson-2.11.0.jar;C:\Users\cyril\.m2\repository\com\google\errorprone\error_prone_annotations\2.27.0\error_prone_annotations-2.27.0.jar;C:\Users\cyril\.m2\repository\com\github\docker-java\docker-java\3.4.0\docker-java-3.4.0.jar;C:\Users\cyril\.m2\repository\com\github\docker-java\docker-java-core\3.4.0\docker-java-core-3.4.0.jar;C:\Users\cyril\.m2\repository\com\github\docker-java\docker-java-api\3.4.0\docker-java-api-3.4.0.jar;C:\Users\cyril\.m2\repository\org\slf4j\jcl-over-slf4j\1.7.30\jcl-over-slf4j-1.7.30.jar;C:\Users\cyril\.m2\repository\com\github\docker-java\docker-java-transport-httpclient5\3.4.0\docker-java-transport-httpclient5-3.4.0.jar;C:\Users\cyril\.m2\repository\com\github\docker-java\docker-java-transport\3.4.0\docker-java-transport-3.4.0.jar;C:\Users\cyril\.m2\repository\net\java\dev\jna\jna\5.13.0\jna-5.13.0.jar;C:\Users\cyril\.m2\repository\org\brotli\dec\0.1.2\dec-0.1.2.jar;C:\Users\cyril\.m2\repository\org\apache\commons\commons-lang3\3.15.0\commons-lang3-3.15.0.jar;C:\Users\cyril\.m2\repository\org\apache\commons\commons-compress\1.26.2\commons-compress-1.26.2.jar;C:\Users\cyril\.m2\repository\commons-codec\commons-codec\1.17.0\commons-codec-1.17.0.jar;C:\Users\cyril\.m2\repository\org\apache\httpcomponents\client5\httpclient5\5.2.1\httpclient5-5.2.1.jar;C:\Users\cyril\.m2\repository\org\apache\httpcomponents\core5\httpcore5\5.2\httpcore5-5.2.jar;C:\Users\cyril\.m2\repository\org\apache\httpcomponents\core5\httpcore5-h2\5.2\httpcore5-h2-5.2.jar;C:\Users\cyril\.m2\repository\com\deque\html\axe-core\selenium\4.4.1\selenium-4.4.1.jar;C:\Users\cyril\.m2\repository\commons-io\commons-io\2.11.0\commons-io-2.11.0.jar;C:\Users\cyril\.m2\repository\com\fasterxml\jackson\core\jackson-databind\2.13.0\jackson-databind-2.13.0.jar;C:\Users\cyril\.m2\repository\com\fasterxml\jackson\core\jackson-annotations\2.13.0\jackson-annotations-2.13.0.jar;C:\Users\cyril\.m2\repository\com\fasterxml\jackson\core\jackson-core\2.13.0\jackson-core-2.13.0.jar;C:\Users\cyril\.m2\repository\org\json\json\20240303\json-20240303.jar;"/>
    <property name="sun.cpu.endian" value="little"/>
    <property name="user.home" value="C:\Users\cyril"/>
    <property name="user.language" value="en"/>
    <property name="java.specification.vendor" value="Oracle Corporation"/>
    <property name="java.version.date" value="2025-04-15"/>
    <property name="java.home" value="C:\Program Files\Java\jdk-21"/>
    <property name="file.separator" value="\"/>
    <property name="basedir" value="C:\Users\cyril\eclipse\NHSJobSearchTest"/>
    <property name="java.vm.compressedOopsMode" value="32-bit"/>
    <property name="line.separator" value="&#10;"/>
    <property name="java.vm.specification.vendor" value="Oracle Corporation"/>
    <property name="java.specification.name" value="Java Platform API Specification"/>
    <property name="surefire.real.class.path" value="C:\Users\cyril\AppData\Local\Temp\surefire3178903561680494795\surefirebooter-20250624224326594_3.jar"/>
    <property name="user.script" value=""/>
    <property name="sun.management.compiler" value="HotSpot 64-Bit Tiered Compilers"/>
    <property name="java.runtime.version" value="21.0.7+8-LTS-245"/>
    <property name="user.name" value="cyril"/>
    <property name="stdout.encoding" value="Cp1252"/>
    <property name="path.separator" value=";"/>
    <property name="os.version" value="10.0"/>
    <property name="java.runtime.name" value="Java(TM) SE Runtime Environment"/>
    <property name="file.encoding" value="UTF-8"/>
    <property name="browser" value="firefox"/>
    <property name="java.vm.name" value="Java HotSpot(TM) 64-Bit Server VM"/>
    <property name="localRepository" value="C:\Users\cyril\.m2\repository"/>
    <property name="java.vendor.url.bug" value="https://bugreport.java.com/bugreport/"/>
    <property name="java.io.tmpdir" value="C:\Users\cyril\AppData\Local\Temp\"/>
    <property name="java.version" value="21.0.7"/>
    <property name="user.dir" value="C:\Users\cyril\eclipse\NHSJobSearchTest"/>
    <property name="os.arch" value="amd64"/>
    <property name="webdriver.gecko.driver" value="C:\Users\cyril\.cache\selenium\geckodriver\win64\0.36.0\geckodriver.exe"/>
    <property name="java.vm.specification.name" value="Java Virtual Machine Specification"/>
    <property name="sun.os.patch.level" value=""/>
    <property name="native.encoding" value="Cp1252"/>
    <property name="java.library.path" value="C:\Program Files\Java\jdk-21\bin;C:\WINDOWS\Sun\Java\bin;C:\WINDOWS\system32;C:\WINDOWS;C:\Program Files\Common Files\Oracle\Java\javapath;C:\Program Files (x86)\Intel\Intel(R) Management Engine Components\iCLS\;C:\Program Files\Intel\Intel(R) Management Engine Components\iCLS\;C:\Windows\system32;C:\Windows;C:\Windows\System32\Wbem;C:\Windows\System32\WindowsPowerShell\v1.0\;C:\Windows\System32\OpenSSH\;C:\Program Files (x86)\Intel\Intel(R) Management Engine Components\DAL;C:\Program Files\Intel\Intel(R) Management Engine Components\DAL;C:\Program Files (x86)\Intel\Intel(R) Management Engine Components\IPT;C:\Program Files\Intel\Intel(R) Management Engine Components\IPT;C:\Program Files (x86)\NVIDIA Corporation\PhysX\Common;C:\WINDOWS\system32;C:\WINDOWS;C:\WINDOWS\System32\Wbem;C:\WINDOWS\System32\WindowsPowerShell\v1.0\;C:\WINDOWS\System32\OpenSSH\;C:\Program Files\Git\cmd;C:\Users\cyril\AppData\Local\Programs\Python\Python313\Scripts\;C:\Users\cyril\AppData\Local\Programs\Python\Python313\;C:\Users\cyril\AppData\Local\Programs\Python\Launcher\;C:\Users\cyril\AppData\Local\Microsoft\WindowsApps;C:\Program Files\Java\jdk-21;C:\Program Files\apache-maven-3.9.9-bin\apache-maven-3.9.9\bin;C:\Users\cyril\AppData\Local\Programs\Microsoft VS Code\bin;;."/>
    <property name="java.vm.info" value="mixed mode, sharing"/>
    <property name="stderr.encoding" value="Cp1252"/>
    <property name="java.vendor" value="Oracle Corporation"/>
    <property name="java.vm.version" value="21.0.7+8-LTS-245"/>
    <property name="sun.io.unicode.encoding" value="UnicodeLittle"/>
    <property name="java.class.version" value="65.0"/>
  </properties>
  <testcase name="runScenario[&quot;NHS job Search with preferences in multiple browsers&quot;, &quot;NHS Job Search functionality&quot;](1)" classname="runner.TestRunner" time="11.207">
    <system-out><![CDATA[
@crossbrowser
Scenario Outline: NHS job Search with preferences in multiple browsers         # src/test/resources/Features/jobsearch.feature:15
Accepted Cookies
  Given I open the NHS job search page on "chrome"                             # stepdefinitions.NHSJobSearchSteps.openNhsJobSearch(java.lang.String)
  When I put my preferences "Nurse" and "London" into the Search functionality # stepdefinitions.NHSJobSearchSteps.putPreferences(java.lang.String,java.lang.String)
Result title displayed: Nurse jobs in London - NHS Jobs
Search result: 932 jobs found for Nurse in London
Axe Results: {"testEngine":{"name":"axe-core","version":"4.7.2"},"testRunner":{"name":"axe"},"testEnvironment":{"userAgent":"Mozilla/5.0 (Windows NT 10.0; Win64; x64) AppleWebKit/537.36 (KHTML, like Gecko) Chrome/137.0.0.0 Safari/537.36","windowWidth":1536,"windowHeight":678,"orientationAngle":0,"orientationType":"landscape-primary"},"timestamp":"2025-06-24T17:13:36.761Z","url":"https://www.jobs.nhs.uk/candidate/search/results?keyword=Nurse&location=London&distance=5&language=en","toolOptions":{"reporter":"v1"},"inapplicable":[{"id":"accesskeys","impact":null,"tags":["cat.keyboard","best-practice"],"description":"Ensures every accesskey attribute value is unique","help":"accesskey attribute value should be unique","helpUrl":"https://dequeuniversity.com/rules/axe/4.7/accesskeys?application=axeAPI","nodes":[]},{"id":"area-alt","impact":null,"tags":["cat.text-alternatives","wcag2a","wcag244","wcag412","section508","section508.22.a","ACT","TTv5","TT6.a"],"description":"Ensures <area> elements of image maps have alternate text","help":"Active <area> elements must have alternate text","helpUrl":"https://dequeuniversity.com/rules/axe/4.7/area-alt?application=axeAPI","nodes":[]},{"id":"aria-command-name","impact":null,"tags":["cat.aria","wcag2a","wcag412","ACT","TTv5","TT6.a"],"description":"Ensures every ARIA button, link and menuitem has an accessible name","help":"ARIA commands must have an accessible name","helpUrl":"https://dequeuniversity.com/rules/axe/4.7/aria-command-name?application=axeAPI","nodes":[]},{"id":"aria-dialog-name","impact":null,"tags":["cat.aria","best-practice"],"description":"Ensures every ARIA dialog and alertdialog node has an accessible name","help":"ARIA dialog and alertdialog nodes should have an accessible name","helpUrl":"https://dequeuniversity.com/rules/axe/4.7/aria-dialog-name?application=axeAPI","nodes":[]},{"id":"aria-input-field-name","impact":null,"tags":["cat.aria","wcag2a","wcag412","ACT","TTv5","TT5.c"],"description":"Ensures every ARIA input field has an accessible name","help":"ARIA input fields must have an accessible name","helpUrl":"https://dequeuniversity.com/rules/axe/4.7/aria-input-field-name?application=axeAPI","nodes":[]},{"id":"aria-meter-name","impact":null,"tags":["cat.aria","wcag2a","wcag111"],"description":"Ensures every ARIA meter node has an accessible name","help":"ARIA meter nodes must have an accessible name","helpUrl":"https://dequeuniversity.com/rules/axe/4.7/aria-meter-name?application=axeAPI","nodes":[]},{"id":"aria-progressbar-name","impact":null,"tags":["cat.aria","wcag2a","wcag111"],"description":"Ensures every ARIA progressbar node has an accessible name","help":"ARIA progressbar nodes must have an accessible name","helpUrl":"https://dequeuniversity.com/rules/axe/4.7/aria-progressbar-name?application=axeAPI","nodes":[]},{"id":"aria-required-children","impact":null,"tags":["cat.aria","wcag2a","wcag131"],"description":"Ensures elements with an ARIA role that require child roles contain them","help":"Certain ARIA roles must contain particular children","helpUrl":"https://dequeuniversity.com/rules/axe/4.7/aria-required-children?application=axeAPI","nodes":[]},{"id":"aria-required-parent","impact":null,"tags":["cat.aria","wcag2a","wcag131"],"description":"Ensures elements with an ARIA role that require parent roles are contained by them","help":"Certain ARIA roles must be contained by particular parents","helpUrl":"https://dequeuniversity.com/rules/axe/4.7/aria-required-parent?application=axeAPI","nodes":[]},{"id":"aria-text","impact":null,"tags":["cat.aria","best-practice"],"description":"Ensures \"role=text\" is used on elements with no focusable descendants","help":"\"role=text\" should have no focusable descendants","helpUrl":"https://dequeuniversity.com/rules/axe/4.7/aria-text?application=axeAPI","nodes":[]},{"id":"aria-toggle-field-name","impact":null,"tags":["cat.aria","wcag2a","wcag412","ACT","TTv5","TT5.c"],"description":"Ensures every ARIA toggle field has an accessible name","help":"ARIA toggle fields must have an accessible name","helpUrl":"https://dequeuniversity.com/rules/axe/4.7/aria-toggle-field-name?application=axeAPI","nodes":[]},{"id":"aria-tooltip-name","impact":null,"tags":["cat.aria","wcag2a","wcag412"],"description":"Ensures every ARIA tooltip node has an accessible name","help":"ARIA tooltip nodes must have an accessible name","helpUrl":"https://dequeuniversity.com/rules/axe/4.7/aria-tooltip-name?application=axeAPI","nodes":[]},{"id":"aria-treeitem-name","impact":null,"tags":["cat.aria","best-practice"],"description":"Ensures every ARIA treeitem node has an accessible name","help":"ARIA treeitem nodes should have an accessible name","helpUrl":"https://dequeuniversity.com/rules/axe/4.7/aria-treeitem-name?application=axeAPI","nodes":[]},{"id":"blink","impact":null,"tags":["cat.time-and-media","wcag2a","wcag222","section508","section508.22.j","TTv5","TT2.b"],"description":"Ensures <blink> elements are not used","help":"<blink> elements are deprecated and must not be used","helpUrl":"https://dequeuniversity.com/rules/axe/4.7/blink?application=axeAPI","nodes":[]},{"id":"definition-list","impact":null,"tags":["cat.structure","wcag2a","wcag131"],"description":"Ensures <dl> elements are structured correctly","help":"<dl> elements must only directly contain properly-ordered <dt> and <dd> groups, <script>, <template> or <div> elements","helpUrl":"https://dequeuniversity.com/rules/axe/4.7/definition-list?application=axeAPI","nodes":[]},{"id":"dlitem","impact":null,"tags":["cat.structure","wcag2a","wcag131"],"description":"Ensures <dt> and <dd> elements are contained by a <dl>","help":"<dt> and <dd> elements must be contained by a <dl>","helpUrl":"https://dequeuniversity.com/rules/axe/4.7/dlitem?application=axeAPI","nodes":[]},{"id":"empty-table-header","impact":null,"tags":["cat.name-role-value","best-practice"],"description":"Ensures table headers have discernible text","help":"Table header text should not be empty","helpUrl":"https://dequeuniversity.com/rules/axe/4.7/empty-table-header?application=axeAPI","nodes":[]},{"id":"frame-focusable-content","impact":null,"tags":["cat.keyboard","wcag2a","wcag211","TTv5","TT4.a"],"description":"Ensures <frame> and <iframe> elements with focusable content do not have tabindex=-1","help":"Frames with focusable content must not have tabindex=-1","helpUrl":"https://dequeuniversity.com/rules/axe/4.7/frame-focusable-content?application=axeAPI","nodes":[]},{"id":"frame-tested","impact":null,"tags":["cat.structure","review-item","best-practice"],"description":"Ensures <iframe> and <frame> elements contain the axe-core script","help":"Frames should be tested with axe-core","helpUrl":"https://dequeuniversity.com/rules/axe/4.7/frame-tested?application=axeAPI","nodes":[]},{"id":"frame-title-unique","impact":null,"tags":["cat.text-alternatives","wcag412","wcag2a","TTv5","TT12.d"],"description":"Ensures <iframe> and <frame> elements contain a unique title attribute","help":"Frames must have a unique title attribute","helpUrl":"https://dequeuniversity.com/rules/axe/4.7/frame-title-unique?application=axeAPI","nodes":[]},{"id":"frame-title","impact":null,"tags":["cat.text-alternatives","wcag2a","wcag412","section508","section508.22.i","TTv5","TT12.d"],"description":"Ensures <iframe> and <frame> elements have an accessible name","help":"Frames must have an accessible name","helpUrl":"https://dequeuniversity.com/rules/axe/4.7/frame-title?application=axeAPI","nodes":[]},{"id":"html-xml-lang-mismatch","impact":null,"tags":["cat.language","wcag2a","wcag311","ACT"],"description":"Ensure that HTML elements with both valid lang and xml:lang attributes agree on the base language of the page","help":"HTML elements with lang and xml:lang must have the same base language","helpUrl":"https://dequeuniversity.com/rules/axe/4.7/html-xml-lang-mismatch?application=axeAPI","nodes":[]},{"id":"image-alt","impact":null,"tags":["cat.text-alternatives","wcag2a","wcag111","section508","section508.22.a","ACT","TTv5","TT7.a","TT7.b"],"description":"Ensures <img> elements have alternate text or a role of none or presentation","help":"Images must have alternate text","helpUrl":"https://dequeuniversity.com/rules/axe/4.7/image-alt?application=axeAPI","nodes":[]},{"id":"image-redundant-alt","impact":null,"tags":["cat.text-alternatives","best-practice"],"description":"Ensure image alternative is not repeated as text","help":"Alternative text of images should not be repeated as text","helpUrl":"https://dequeuniversity.com/rules/axe/4.7/image-redundant-alt?application=axeAPI","nodes":[]},{"id":"input-image-alt","impact":null,"tags":["cat.text-alternatives","wcag2a","wcag111","wcag412","section508","section508.22.a","ACT","TTv5","TT7.a"],"description":"Ensures <input type=\"image\"> elements have alternate text","help":"Image buttons must have alternate text","helpUrl":"https://dequeuniversity.com/rules/axe/4.7/input-image-alt?application=axeAPI","nodes":[]},{"id":"marquee","impact":null,"tags":["cat.parsing","wcag2a","wcag222","TTv5","TT2.b"],"description":"Ensures <marquee> elements are not used","help":"<marquee> elements are deprecated and must not be used","helpUrl":"https://dequeuniversity.com/rules/axe/4.7/marquee?application=axeAPI","nodes":[]},{"id":"meta-refresh","impact":null,"tags":["cat.time-and-media","wcag2a","wcag221","TTv5","TT8.a"],"description":"Ensures <meta http-equiv=\"refresh\"> is not used for delayed refresh","help":"Delayed refresh under 20 hours must not be used","helpUrl":"https://dequeuniversity.com/rules/axe/4.7/meta-refresh?application=axeAPI","nodes":[]},{"id":"object-alt","impact":null,"tags":["cat.text-alternatives","wcag2a","wcag111","section508","section508.22.a"],"description":"Ensures <object> elements have alternate text","help":"<object> elements must have alternate text","helpUrl":"https://dequeuniversity.com/rules/axe/4.7/object-alt?application=axeAPI","nodes":[]},{"id":"presentation-role-conflict","impact":null,"tags":["cat.aria","best-practice","ACT"],"description":"Elements marked as presentational should not have global ARIA or tabindex to ensure all screen readers ignore them","help":"Ensure elements marked as presentational are consistently ignored","helpUrl":"https://dequeuniversity.com/rules/axe/4.7/presentation-role-conflict?application=axeAPI","nodes":[]},{"id":"role-img-alt","impact":null,"tags":["cat.text-alternatives","wcag2a","wcag111","section508","section508.22.a","ACT","TTv5","TT7.a"],"description":"Ensures [role='img'] elements have alternate text","help":"[role='img'] elements must have an alternative text","helpUrl":"https://dequeuniversity.com/rules/axe/4.7/role-img-alt?application=axeAPI","nodes":[]},{"id":"scope-attr-valid","impact":null,"tags":["cat.tables","best-practice"],"description":"Ensures the scope attribute is used correctly on tables","help":"scope attribute should be used correctly","helpUrl":"https://dequeuniversity.com/rules/axe/4.7/scope-attr-valid?application=axeAPI","nodes":[]},{"id":"server-side-image-map","impact":null,"tags":["cat.text-alternatives","wcag2a","wcag211","section508","section508.22.f","TTv5","TT4.a"],"description":"Ensures that server-side image maps are not used","help":"Server-side image maps must not be used","helpUrl":"https://dequeuniversity.com/rules/axe/4.7/server-side-image-map?application=axeAPI","nodes":[]},{"id":"svg-img-alt","impact":null,"tags":["cat.text-alternatives","wcag2a","wcag111","section508","section508.22.a","ACT","TTv5","TT7.a"],"description":"Ensures <svg> elements with an img, graphics-document or graphics-symbol role have an accessible text","help":"<svg> elements with an img role must have an alternative text","helpUrl":"https://dequeuniversity.com/rules/axe/4.7/svg-img-alt?application=axeAPI","nodes":[]},{"id":"tabindex","impact":null,"tags":["cat.keyboard","best-practice"],"description":"Ensures tabindex attribute values are not greater than 0","help":"Elements should not have tabindex greater than zero","helpUrl":"https://dequeuniversity.com/rules/axe/4.7/tabindex?application=axeAPI","nodes":[]},{"id":"table-duplicate-name","impact":null,"tags":["cat.tables","best-practice"],"description":"Ensure the <caption> element does not contain the same text as the summary attribute","help":"tables should not have the same summary and caption","helpUrl":"https://dequeuniversity.com/rules/axe/4.7/table-duplicate-name?application=axeAPI","nodes":[]},{"id":"td-headers-attr","impact":null,"tags":["cat.tables","wcag2a","wcag131","section508","section508.22.g","TTv5","TT14.b"],"description":"Ensure that each cell in a table that uses the headers attribute refers only to other cells in that table","help":"Table cells that use the headers attribute must only refer to cells in the same table","helpUrl":"https://dequeuniversity.com/rules/axe/4.7/td-headers-attr?application=axeAPI","nodes":[]},{"id":"th-has-data-cells","impact":null,"tags":["cat.tables","wcag2a","wcag131","section508","section508.22.g","TTv5","14.b"],"description":"Ensure that <th> elements and elements with role=columnheader/rowheader have data cells they describe","help":"Table headers in a data table must refer to data cells","helpUrl":"https://dequeuniversity.com/rules/axe/4.7/th-has-data-cells?application=axeAPI","nodes":[]},{"id":"video-caption","impact":null,"tags":["cat.text-alternatives","wcag2a","wcag122","section508","section508.22.a","TTv5","TT17.a"],"description":"Ensures <video> elements have captions","help":"<video> elements must have captions","helpUrl":"https://dequeuniversity.com/rules/axe/4.7/video-caption?application=axeAPI","nodes":[]},{"id":"no-autoplay-audio","impact":null,"tags":["cat.time-and-media","wcag2a","wcag142","ACT","TTv5","TT2.a"],"description":"Ensures <video> or <audio> elements do not autoplay audio for more than 3 seconds without a control mechanism to stop or mute the audio","help":"<video> or <audio> elements must not play automatically","helpUrl":"https://dequeuniversity.com/rules/axe/4.7/no-autoplay-audio?application=axeAPI","nodes":[]}],"passes":[{"id":"aria-allowed-attr","impact":null,"tags":["cat.aria","wcag2a","wcag412"],"description":"Ensures ARIA attributes are allowed for an element's role","help":"Elements must only use allowed ARIA attributes","helpUrl":"https://dequeuniversity.com/rules/axe/4.7/aria-allowed-attr?application=axeAPI","nodes":[{"any":[],"all":[{"id":"aria-allowed-attr","data":null,"relatedNodes":[],"impact":"critical","message":"ARIA attributes are used correctly for the defined role"},{"id":"aria-conditional-attr","data":null,"relatedNodes":[],"impact":"serious","message":"ARIA attribute is allowed"}],"none":[{"id":"aria-unsupported-attr","data":null,"relatedNodes":[],"impact":"critical","message":"ARIA attribute is supported"},{"id":"aria-prohibited-attr","data":null,"relatedNodes":[],"impact":"serious","message":"ARIA attribute is allowed"}],"impact":null,"html":"<a class=\"nhsuk-skip-link\" href=\"#search-results-heading\" aria-label=\"932 jobs found for Nurse in London. Sorted by: Best Match . Skip to search filters\" id=\"skip_to_search_filters\">Skip to search filters</a>","target":["#skip_to_search_filters"]},{"any":[],"all":[{"id":"aria-allowed-attr","data":null,"relatedNodes":[],"impact":"critical","message":"ARIA attributes are used correctly for the defined role"},{"id":"aria-conditional-attr","data":null,"relatedNodes":[],"impact":"serious","message":"ARIA attribute is allowed"}],"none":[{"id":"aria-unsupported-attr","data":null,"relatedNodes":[],"impact":"critical","message":"ARIA attribute is supported"},{"id":"aria-prohibited-attr","data":null,"relatedNodes":[],"impact":"serious","message":"ARIA attribute is allowed"}],"impact":null,"html":"<a class=\"nhsuk-skip-link\" href=\"#first-result-title\" id=\"skipToSearchResults\" aria-label=\"Skip to search results\">Skip to search results</a>","target":["#skipToSearchResults"]},{"any":[],"all":[{"id":"aria-allowed-attr","data":null,"relatedNodes":[],"impact":"critical","message":"ARIA attributes are used correctly for the defined role"},{"id":"aria-conditional-attr","data":null,"relatedNodes":[],"impact":"serious","message":"ARIA attribute is allowed"}],"none":[{"id":"aria-unsupported-attr","data":null,"relatedNodes":[],"impact":"critical","message":"ARIA attribute is supported"},{"id":"aria-prohibited-attr","data":null,"relatedNodes":[],"impact":"serious","message":"ARIA attribute is allowed"}],"impact":null,"html":"<a href=\"/candidate/cookies\" id=\"change-cookies-settings\" aria-label=\"Go to the cookie information page\">change your cookie settings</a>","target":["#change-cookies-settings"]},{"any":[],"all":[{"id":"aria-allowed-attr","data":null,"relatedNodes":[],"impact":"critical","message":"ARIA attributes are used correctly for the defined role"},{"id":"aria-conditional-attr","data":null,"relatedNodes":[],"impact":"serious","message":"ARIA attribute is allowed"}],"none":[{"id":"aria-unsupported-attr","data":null,"relatedNodes":[],"impact":"critical","message":"ARIA attribute is supported"},{"id":"aria-prohibited-attr","data":null,"relatedNodes":[],"impact":"serious","message":"ARIA attribute is allowed"}],"impact":null,"html":"<a href=\"/candidate/dismiss-cookie-messages\" id=\"dismiss-cookie-messages\" aria-label=\"Dismiss information about cookie preferences\" style=\"float: right\">Hide</a>","target":["#dismiss-cookie-messages"]},{"any":[],"all":[{"id":"aria-allowed-attr","data":null,"relatedNodes":[],"impact":"critical","message":"ARIA attributes are used correctly for the defined role"},{"id":"aria-conditional-attr","data":null,"relatedNodes":[],"impact":"serious","message":"ARIA attribute is allowed"}],"none":[{"id":"aria-unsupported-attr","data":null,"relatedNodes":[],"impact":"critical","message":"ARIA attribute is supported"},{"id":"aria-prohibited-attr","data":null,"relatedNodes":[],"impact":"serious","message":"ARIA attribute is allowed"}],"impact":null,"html":"<a class=\"nhsuk-header__link nhsuk-header__link--service nhsuk-header__link--service-short-name\" href=\"/candidate\" aria-label=\"NHS jobs homepage\">","target":[".nhsuk-header__link"]},{"any":[],"all":[{"id":"aria-allowed-attr","data":null,"relatedNodes":[],"impact":"critical","message":"ARIA attributes are used correctly for the defined role"},{"id":"aria-conditional-attr","data":null,"relatedNodes":[],"impact":"serious","message":"ARIA attribute is allowed"}],"none":[{"id":"aria-unsupported-attr","data":null,"relatedNodes":[],"impact":"critical","message":"ARIA attribute is supported"},{"id":"aria-prohibited-attr","data":null,"relatedNodes":[],"impact":"serious","message":"ARIA attribute is allowed"}],"impact":null,"html":"<nav class=\"gem-c-translation-nav hide-mobile nhsuk-u-margin-0 nhsuk-u-padding-left-7\" aria-label=\"Translations\">","target":[".gem-c-translation-nav"]},{"any":[],"all":[{"id":"aria-allowed-attr","data":null,"relatedNodes":[],"impact":"critical","message":"ARIA attributes are used correctly for the defined role"},{"id":"aria-conditional-attr","data":null,"relatedNodes":[],"impact":"serious","message":"ARIA attribute is allowed"}],"none":[{"id":"aria-unsupported-attr","data":null,"relatedNodes":[],"impact":"critical","message":"ARIA attribute is supported"},{"id":"aria-prohibited-attr","data":null,"relatedNodes":[],"impact":"serious","message":"ARIA attribute is allowed"}],"impact":null,"html":"<nav class=\"nhsuk-header__navigation\" id=\"header-navigation\" role=\"navigation\" aria-label=\"Primary navigation\" aria-labelledby=\"label-navigation\">","target":["#header-navigation"]},{"any":[],"all":[{"id":"aria-allowed-attr","data":null,"relatedNodes":[],"impact":"critical","message":"ARIA attributes are used correctly for the defined role"},{"id":"aria-conditional-attr","data":null,"relatedNodes":[],"impact":"serious","message":"ARIA attribute is allowed"}],"none":[{"id":"aria-unsupported-attr","data":null,"relatedNodes":[],"impact":"critical","message":"ARIA attribute is supported"},{"id":"aria-prohibited-attr","data":null,"relatedNodes":[],"impact":"serious","message":"ARIA attribute is allowed"}],"impact":null,"html":"<div class=\"beta-banner\" aria-label=\"beta-banner\" role=\"complementary\">","target":[".beta-banner"]},{"any":[],"all":[{"id":"aria-allowed-attr","data":null,"relatedNodes":[],"impact":"critical","message":"ARIA attributes are used correctly for the defined role"},{"id":"aria-conditional-attr","data":null,"relatedNodes":[],"impact":"serious","message":"ARIA attribute is allowed"}],"none":[{"id":"aria-unsupported-attr","data":null,"relatedNodes":[],"impact":"critical","message":"ARIA attribute is supported"},{"id":"aria-prohibited-attr","data":null,"relatedNodes":[],"impact":"serious","message":"ARIA attribute is allowed"}],"impact":null,"html":"<h1 data-test=\"search-result-query\" id=\"search-results-heading\" class=\"nhsuk-heading-xl nhsuk-u-padding-left-4 nhsuk-u-margin-bottom-4\" aria-label=\"932 jobs found for Nurse in London. Sorted by: Best Match\">\n          932 jobs found for Nurse in London\n        </h1>","target":["#search-results-heading"]},{"any":[],"all":[{"id":"aria-allowed-attr","data":null,"relatedNodes":[],"impact":"critical","message":"ARIA attributes are used correctly for the defined role"},{"id":"aria-conditional-attr","data":null,"relatedNodes":[],"impact":"serious","message":"ARIA attribute is allowed"}],"none":[{"id":"aria-unsupported-attr","data":null,"relatedNodes":[],"impact":"critical","message":"ARIA attribute is supported"},{"id":"aria-prohibited-attr","data":null,"relatedNodes":[],"impact":"serious","message":"ARIA attribute is allowed"}],"impact":null,"html":"<input name=\"keyword\" id=\"keyword\" value=\"Nurse\" class=\"nhsuk-input nhsuk-u--width-full\" type=\"search\" data-test=\"search-jobTitle-input\" aria-label=\"Search What? For example, job title or skills\">","target":["#keyword"]},{"any":[],"all":[{"id":"aria-allowed-attr","data":null,"relatedNodes":[],"impact":"critical","message":"ARIA attributes are used correctly for the defined role"},{"id":"aria-conditional-attr","data":null,"relatedNodes":[],"impact":"serious","message":"ARIA attribute is allowed"}],"none":[{"id":"aria-unsupported-attr","data":null,"relatedNodes":[],"impact":"critical","message":"ARIA attribute is supported"},{"id":"aria-prohibited-attr","data":null,"relatedNodes":[],"impact":"serious","message":"ARIA attribute is allowed"}],"impact":null,"html":"<div id=\"location__status--A\" role=\"status\" aria-atomic=\"true\" aria-live=\"polite\"></div>","target":["#location__status--A"]},{"any":[],"all":[{"id":"aria-allowed-attr","data":null,"relatedNodes":[],"impact":"critical","message":"ARIA attributes are used correctly for the defined role"},{"id":"aria-conditional-attr","data":null,"relatedNodes":[],"impact":"serious","message":"ARIA attribute is allowed"}],"none":[{"id":"aria-unsupported-attr","data":null,"relatedNodes":[],"impact":"critical","message":"ARIA attribute is supported"},{"id":"aria-prohibited-attr","data":null,"relatedNodes":[],"impact":"serious","message":"ARIA attribute is allowed"}],"impact":null,"html":"<div id=\"location__status--B\" role=\"status\" aria-atomic=\"true\" aria-live=\"polite\"></div>","target":["#location__status--B"]},{"any":[],"all":[{"id":"aria-allowed-attr","data":null,"relatedNodes":[],"impact":"critical","message":"ARIA attributes are used correctly for the defined role"},{"id":"aria-conditional-attr","data":null,"relatedNodes":[],"impact":"serious","message":"ARIA attribute is allowed"}],"none":[{"id":"aria-unsupported-attr","data":null,"relatedNodes":[],"impact":"critical","message":"ARIA attribute is supported"},{"id":"aria-prohibited-attr","data":null,"relatedNodes":[],"impact":"serious","message":"ARIA attribute is allowed"}],"impact":null,"html":"<input aria-describedby=\"location__assistiveHint\" aria-expanded=\"false\" aria-controls=\"location__listbox\" aria-autocomplete=\"list\" autocomplete=\"off\" class=\"nhsuk-input nhsuk-u--width-full\" id=\"location\" name=\"location\" placeholder=\"\" type=\"search\" role=\"combobox\" data-test=\"search-location-input\" aria-label=\"Search Where? For example, a postcode, town or city, search text field\">","target":["#location"]},{"any":[],"all":[{"id":"aria-allowed-attr","data":null,"relatedNodes":[],"impact":"critical","message":"ARIA attributes are used correctly for the defined role"},{"id":"aria-conditional-attr","data":null,"relatedNodes":[],"impact":"serious","message":"ARIA attribute is allowed"}],"none":[{"id":"aria-unsupported-attr","data":null,"relatedNodes":[],"impact":"critical","message":"ARIA attribute is supported"},{"id":"aria-prohibited-attr","data":null,"relatedNodes":[],"impact":"serious","message":"ARIA attribute is allowed"}],"impact":null,"html":"<summary class=\"nhsuk-details__summary\" role=\"button\" aria-controls=\"distance-details\" aria-expanded=\"false\" data-test=\"distance\">\n                <span class=\"nhsuk-details__summary-text\">\n                    Distance\n                </span>\n            </summary>","target":["summary[aria-controls=\"distance-details\"]"]},{"any":[],"all":[{"id":"aria-allowed-attr","data":null,"relatedNodes":[],"impact":"critical","message":"ARIA attributes are used correctly for the defined role"},{"id":"aria-conditional-attr","data":null,"relatedNodes":[],"impact":"serious","message":"ARIA attribute is allowed"}],"none":[{"id":"aria-unsupported-attr","data":null,"relatedNodes":[],"impact":"critical","message":"ARIA attribute is supported"},{"id":"aria-prohibited-attr","data":null,"relatedNodes":[],"impact":"serious","message":"ARIA attribute is allowed"}],"impact":null,"html":"<summary class=\"nhsuk-details__summary\" role=\"button\" aria-controls=\"covid-jobs-only\" aria-expanded=\"false\" data-test=\"filter-covid-only\">\n                <span class=\"nhsuk-details__summary-text\">\n                    COVID-19\n                </span>\n            </summary>","target":["summary[aria-controls=\"covid-jobs-only\"]"]},{"any":[],"all":[{"id":"aria-allowed-attr","data":null,"relatedNodes":[],"impact":"critical","message":"ARIA attributes are used correctly for the defined role"},{"id":"aria-conditional-attr","data":null,"relatedNodes":[],"impact":"serious","message":"ARIA attribute is allowed"}],"none":[{"id":"aria-unsupported-attr","data":null,"relatedNodes":[],"impact":"critical","message":"ARIA attribute is supported"},{"id":"aria-prohibited-attr","data":null,"relatedNodes":[],"impact":"serious","message":"ARIA attribute is allowed"}],"impact":null,"html":"<summary id=\"working-patterns-expander\" class=\"nhsuk-details__summary \" role=\"button\" aria-controls=\"working-pattern-details\" aria-expanded=\"false\" data-test=\"filter-working-pattern\">","target":["#working-patterns-expander"]},{"any":[],"all":[{"id":"aria-allowed-attr","data":null,"relatedNodes":[],"impact":"critical","message":"ARIA attributes are used correctly for the defined role"},{"id":"aria-conditional-attr","data":null,"relatedNodes":[],"impact":"serious","message":"ARIA attribute is allowed"}],"none":[{"id":"aria-unsupported-attr","data":null,"relatedNodes":[],"impact":"critical","message":"ARIA attribute is supported"},{"id":"aria-prohibited-attr","data":null,"relatedNodes":[],"impact":"serious","message":"ARIA attribute is allowed"}],"impact":null,"html":"<summary class=\"nhsuk-details__summary\" role=\"button\" aria-controls=\"contract-type-details\" aria-expanded=\"false\" data-test=\"filter-contract-type\">\n                <span class=\"nhsuk-details__summary-text\">Contract type</span>\n            </summary>","target":["summary[aria-controls=\"contract-type-details\"]"]},{"any":[],"all":[{"id":"aria-allowed-attr","data":null,"relatedNodes":[],"impact":"critical","message":"ARIA attributes are used correctly for the defined role"},{"id":"aria-conditional-attr","data":null,"relatedNodes":[],"impact":"serious","message":"ARIA attribute is allowed"}],"none":[{"id":"aria-unsupported-attr","data":null,"relatedNodes":[],"impact":"critical","message":"ARIA attribute is supported"},{"id":"aria-prohibited-attr","data":null,"relatedNodes":[],"impact":"serious","message":"ARIA attribute is allowed"}],"impact":null,"html":"<summary class=\"nhsuk-details__summary\" role=\"button\" aria-controls=\"staff-group-details\" aria-expanded=\"false\" data-test=\"filter-staff-group\">\n                <span class=\"nhsuk-details__summary-text\">\n                    Staff group\n                </span>\n            </summary>","target":["summary[aria-controls=\"staff-group-details\"]"]},{"any":[],"all":[{"id":"aria-allowed-attr","data":null,"relatedNodes":[],"impact":"critical","message":"ARIA attributes are used correctly for the defined role"},{"id":"aria-conditional-attr","data":null,"relatedNodes":[],"impact":"serious","message":"ARIA attribute is allowed"}],"none":[{"id":"aria-unsupported-attr","data":null,"relatedNodes":[],"impact":"critical","message":"ARIA attribute is supported"},{"id":"aria-prohibited-attr","data":null,"relatedNodes":[],"impact":"serious","message":"ARIA attribute is allowed"}],"impact":null,"html":"<summary class=\"nhsuk-details__summary\" role=\"button\" aria-controls=\"pay-range-details\" aria-expanded=\"false\" data-test=\"filter-pay-range\">\n                <span class=\"nhsuk-details__summary-text\">\n                    Pay range\n                </span>\n            </summary>","target":["summary[aria-controls=\"pay-range-details\"]"]},{"any":[],"all":[{"id":"aria-allowed-attr","data":null,"relatedNodes":[],"impact":"critical","message":"ARIA attributes are used correctly for the defined role"},{"id":"aria-conditional-attr","data":null,"relatedNodes":[],"impact":"serious","message":"ARIA attribute is allowed"}],"none":[{"id":"aria-unsupported-attr","data":null,"relatedNodes":[],"impact":"critical","message":"ARIA attribute is supported"},{"id":"aria-prohibited-attr","data":null,"relatedNodes":[],"impact":"serious","message":"ARIA attribute is allowed"}],"impact":null,"html":"<summary class=\"nhsuk-details__summary\" role=\"button\" aria-controls=\"pay-band-details\" aria-expanded=\"false\" data-test=\"filter-pay-band\">","target":["summary[aria-controls=\"pay-band-details\"]"]},{"any":[],"all":[{"id":"aria-allowed-attr","data":null,"relatedNodes":[],"impact":"critical","message":"ARIA attributes are used correctly for the defined role"},{"id":"aria-conditional-attr","data":null,"relatedNodes":[],"impact":"serious","message":"ARIA attribute is allowed"}],"none":[{"id":"aria-unsupported-attr","data":null,"relatedNodes":[],"impact":"critical","message":"ARIA attribute is supported"},{"id":"aria-prohibited-attr","data":null,"relatedNodes":[],"impact":"serious","message":"ARIA attribute is allowed"}],"impact":null,"html":"<a href=\"/candidate/search/save-job/C9196-25-1091\" data-test=\"search-result-save-job\" aria-label=\"Save this job: Senior Nursing Assistant - Neighbourhood Nursing (District Nursing) (Reference number: C9196-25-1091)\">\n              Save this job\n            </a>","target":[".nhsuk-list-panel.search-result.nhsuk-u-padding-3:nth-child(1) > .nhsuk-grid-row:nth-child(1) > .save-job.nhsuk-u-margin-right-3 > a[data-test=\"search-result-save-job\"]"]},{"any":[],"all":[{"id":"aria-allowed-attr","data":null,"relatedNodes":[],"impact":"critical","message":"ARIA attributes are used correctly for the defined role"},{"id":"aria-conditional-attr","data":null,"relatedNodes":[],"impact":"serious","message":"ARIA attribute is allowed"}],"none":[{"id":"aria-unsupported-attr","data":null,"relatedNodes":[],"impact":"critical","message":"ARIA attribute is supported"},{"id":"aria-prohibited-attr","data":null,"relatedNodes":[],"impact":"serious","message":"ARIA attribute is allowed"}],"impact":null,"html":"<a href=\"/candidate/search/save-job/A3154-23-0000\" data-test=\"search-result-save-job\" aria-label=\"Save this job: Lead Practice Nurse or Advanced Nurse Practitioner (Reference number: A3154-23-0000)\">\n              Save this job\n            </a>","target":[".nhsuk-list-panel.search-result.nhsuk-u-padding-3:nth-child(2) > .nhsuk-grid-row:nth-child(1) > .save-job.nhsuk-u-margin-right-3 > a[data-test=\"search-result-save-job\"]"]},{"any":[],"all":[{"id":"aria-allowed-attr","data":null,"relatedNodes":[],"impact":"critical","message":"ARIA attributes are used correctly for the defined role"},{"id":"aria-conditional-attr","data":null,"relatedNodes":[],"impact":"serious","message":"ARIA attribute is allowed"}],"none":[{"id":"aria-unsupported-attr","data":null,"relatedNodes":[],"impact":"critical","message":"ARIA attribute is supported"},{"id":"aria-prohibited-attr","data":null,"relatedNodes":[],"impact":"serious","message":"ARIA attribute is allowed"}],"impact":null,"html":"<a href=\"/candidate/search/save-job/A2052-25-0003\" data-test=\"search-result-save-job\" aria-label=\"Save this job: Practice Nurse (Reference number: A2052-25-0003)\">\n              Save this job\n            </a>","target":[".nhsuk-list-panel.search-result.nhsuk-u-padding-3:nth-child(3) > .nhsuk-grid-row:nth-child(1) > .save-job.nhsuk-u-margin-right-3 > a[data-test=\"search-result-save-job\"]"]},{"any":[],"all":[{"id":"aria-allowed-attr","data":null,"relatedNodes":[],"impact":"critical","message":"ARIA attributes are used correctly for the defined role"},{"id":"aria-conditional-attr","data":null,"relatedNodes":[],"impact":"serious","message":"ARIA attribute is allowed"}],"none":[{"id":"aria-unsupported-attr","data":null,"relatedNodes":[],"impact":"critical","message":"ARIA attribute is supported"},{"id":"aria-prohibited-attr","data":null,"relatedNodes":[],"impact":"serious","message":"ARIA attribute is allowed"}],"impact":null,"html":"<a href=\"/candidate/search/save-job/A2052-25-0002\" data-test=\"search-result-save-job\" aria-label=\"Save this job: Practice Nurse (Reference number: A2052-25-0002)\">\n              Save this job\n            </a>","target":[".nhsuk-list-panel.search-result.nhsuk-u-padding-3:nth-child(4) > .nhsuk-grid-row:nth-child(1) > .save-job.nhsuk-u-margin-right-3 > a[data-test=\"search-result-save-job\"]"]},{"any":[],"all":[{"id":"aria-allowed-attr","data":null,"relatedNodes":[],"impact":"critical","message":"ARIA attributes are used correctly for the defined role"},{"id":"aria-conditional-attr","data":null,"relatedNodes":[],"impact":"serious","message":"ARIA attribute is allowed"}],"none":[{"id":"aria-unsupported-attr","data":null,"relatedNodes":[],"impact":"critical","message":"ARIA attribute is supported"},{"id":"aria-prohibited-attr","data":null,"relatedNodes":[],"impact":"serious","message":"ARIA attribute is allowed"}],"impact":null,"html":"<a href=\"/candidate/search/save-job/C9200-25-0733\" data-test=\"search-result-save-job\" aria-label=\"Save this job: Dermatology &amp; Skin Cancer Clinical Nurse Specialist Nurse (Reference number: C9200-25-0733)\">\n              Save this job\n            </a>","target":[".nhsuk-list-panel.search-result.nhsuk-u-padding-3:nth-child(5) > .nhsuk-grid-row:nth-child(1) > .save-job.nhsuk-u-margin-right-3 > a[data-test=\"search-result-save-job\"]"]},{"any":[],"all":[{"id":"aria-allowed-attr","data":null,"relatedNodes":[],"impact":"critical","message":"ARIA attributes are used correctly for the defined role"},{"id":"aria-conditional-attr","data":null,"relatedNodes":[],"impact":"serious","message":"ARIA attribute is allowed"}],"none":[{"id":"aria-unsupported-attr","data":null,"relatedNodes":[],"impact":"critical","message":"ARIA attribute is supported"},{"id":"aria-prohibited-attr","data":null,"relatedNodes":[],"impact":"serious","message":"ARIA attribute is allowed"}],"impact":null,"html":"<a href=\"/candidate/search/save-job/E0429-25-0025\" data-test=\"search-result-save-job\" aria-label=\"Save this job: Staff Nurse (Reference number: E0429-25-0025)\">\n              Save this job\n            </a>","target":[".nhsuk-list-panel.search-result.nhsuk-u-padding-3:nth-child(6) > .nhsuk-grid-row:nth-child(1) > .save-job.nhsuk-u-margin-right-3 > a[data-test=\"search-result-save-job\"]"]},{"any":[],"all":[{"id":"aria-allowed-attr","data":null,"relatedNodes":[],"impact":"critical","message":"ARIA attributes are used correctly for the defined role"},{"id":"aria-conditional-attr","data":null,"relatedNodes":[],"impact":"serious","message":"ARIA attribute is allowed"}],"none":[{"id":"aria-unsupported-attr","data":null,"relatedNodes":[],"impact":"critical","message":"ARIA attribute is supported"},{"id":"aria-prohibited-attr","data":null,"relatedNodes":[],"impact":"serious","message":"ARIA attribute is allowed"}],"impact":null,"html":"<a href=\"/candidate/search/save-job/A4272-24-0003\" data-test=\"search-result-save-job\" aria-label=\"Save this job: Practice Nurse (Reference number: A4272-24-0003)\">\n              Save this job\n            </a>","target":[".nhsuk-list-panel.search-result.nhsuk-u-padding-3:nth-child(7) > .nhsuk-grid-row:nth-child(1) > .save-job.nhsuk-u-margin-right-3 > a[data-test=\"search-result-save-job\"]"]},{"any":[],"all":[{"id":"aria-allowed-attr","data":null,"relatedNodes":[],"impact":"critical","message":"ARIA attributes are used correctly for the defined role"},{"id":"aria-conditional-attr","data":null,"relatedNodes":[],"impact":"serious","message":"ARIA attribute is allowed"}],"none":[{"id":"aria-unsupported-attr","data":null,"relatedNodes":[],"impact":"critical","message":"ARIA attribute is supported"},{"id":"aria-prohibited-attr","data":null,"relatedNodes":[],"impact":"serious","message":"ARIA attribute is allowed"}],"impact":null,"html":"<a href=\"/candidate/search/save-job/L0034-25-2230\" data-test=\"search-result-save-job\" aria-label=\"Save this job: Registered Nurse  (Reference number: L0034-25-2230)\">\n              Save this job\n            </a>","target":[".nhsuk-list-panel.search-result.nhsuk-u-padding-3:nth-child(8) > .nhsuk-grid-row:nth-child(1) > .save-job.nhsuk-u-margin-right-3 > a[data-test=\"search-result-save-job\"]"]},{"any":[],"all":[{"id":"aria-allowed-attr","data":null,"relatedNodes":[],"impact":"critical","message":"ARIA attributes are used correctly for the defined role"},{"id":"aria-conditional-attr","data":null,"relatedNodes":[],"impact":"serious","message":"ARIA attribute is allowed"}],"none":[{"id":"aria-unsupported-attr","data":null,"relatedNodes":[],"impact":"critical","message":"ARIA attribute is supported"},{"id":"aria-prohibited-attr","data":null,"relatedNodes":[],"impact":"serious","message":"ARIA attribute is allowed"}],"impact":null,"html":"<a href=\"/candidate/search/save-job/L0121-25-0827\" data-test=\"search-result-save-job\" aria-label=\"Save this job: Registered Nurse (Reference number: L0121-25-0827)\">\n              Save this job\n            </a>","target":[".nhsuk-list-panel.search-result.nhsuk-u-padding-3:nth-child(9) > .nhsuk-grid-row:nth-child(1) > .save-job.nhsuk-u-margin-right-3 > a[data-test=\"search-result-save-job\"]"]},{"any":[],"all":[{"id":"aria-allowed-attr","data":null,"relatedNodes":[],"impact":"critical","message":"ARIA attributes are used correctly for the defined role"},{"id":"aria-conditional-attr","data":null,"relatedNodes":[],"impact":"serious","message":"ARIA attribute is allowed"}],"none":[{"id":"aria-unsupported-attr","data":null,"relatedNodes":[],"impact":"critical","message":"ARIA attribute is supported"},{"id":"aria-prohibited-attr","data":null,"relatedNodes":[],"impact":"serious","message":"ARIA attribute is allowed"}],"impact":null,"html":"<a href=\"/candidate/search/save-job/A4003-25-0000\" data-test=\"search-result-save-job\" aria-label=\"Save this job: Practice Nurse (Reference number: A4003-25-0000)\">\n              Save this job\n            </a>","target":[".nhsuk-list-panel.search-result.nhsuk-u-padding-3:nth-child(10) > .nhsuk-grid-row:nth-child(1) > .save-job.nhsuk-u-margin-right-3 > a[data-test=\"search-result-save-job\"]"]},{"any":[],"all":[{"id":"aria-allowed-attr","data":null,"relatedNodes":[],"impact":"critical","message":"ARIA attributes are used correctly for the defined role"},{"id":"aria-conditional-attr","data":null,"relatedNodes":[],"impact":"serious","message":"ARIA attribute is allowed"}],"none":[{"id":"aria-unsupported-attr","data":null,"relatedNodes":[],"impact":"critical","message":"ARIA attribute is supported"},{"id":"aria-prohibited-attr","data":null,"relatedNodes":[],"impact":"serious","message":"ARIA attribute is allowed"}],"impact":null,"html":"<nav class=\"nhsuk-pagination\" role=\"navigation\" aria-label=\"Pagination\">","target":[".nhsuk-pagination"]}]},{"id":"aria-allowed-role","impact":null,"tags":["cat.aria","best-practice"],"description":"Ensures role attribute has an appropriate value for the element","help":"ARIA role should be appropriate for the element","helpUrl":"https://dequeuniversity.com/rules/axe/4.7/aria-allowed-role?application=axeAPI","nodes":[{"any":[{"id":"aria-allowed-role","data":null,"relatedNodes":[],"impact":"minor","message":"ARIA role is allowed for given element"}],"all":[],"none":[],"impact":null,"html":"<header class=\"nhsuk-header\" role=\"banner\" id=\"heading-body\">","target":["header"]},{"any":[{"id":"aria-allowed-role","data":null,"relatedNodes":[],"impact":"minor","message":"ARIA role is allowed for given element"}],"all":[],"none":[],"impact":null,"html":"<nav class=\"nhsuk-header__navigation\" id=\"header-navigation\" role=\"navigation\" aria-label=\"Primary navigation\" aria-labelledby=\"label-navigation\">","target":["#header-navigation"]},{"any":[{"id":"aria-allowed-role","data":null,"relatedNodes":[],"impact":"minor","message":"ARIA role is allowed for given element"}],"all":[],"none":[],"impact":null,"html":"<div class=\"beta-banner\" aria-label=\"beta-banner\" role=\"complementary\">","target":[".beta-banner"]},{"any":[{"id":"aria-allowed-role","data":null,"relatedNodes":[],"impact":"minor","message":"ARIA role is allowed for given element"}],"all":[],"none":[],"impact":null,"html":"<section class=\"nhsuk-hero\" role=\"search\">","target":["section"]},{"any":[{"id":"aria-allowed-role","data":null,"relatedNodes":[],"impact":"minor","message":"ARIA role is allowed for given element"}],"all":[],"none":[],"impact":null,"html":"<div id=\"location__status--A\" role=\"status\" aria-atomic=\"true\" aria-live=\"polite\"></div>","target":["#location__status--A"]},{"any":[{"id":"aria-allowed-role","data":null,"relatedNodes":[],"impact":"minor","message":"ARIA role is allowed for given element"}],"all":[],"none":[],"impact":null,"html":"<div id=\"location__status--B\" role=\"status\" aria-atomic=\"true\" aria-live=\"polite\"></div>","target":["#location__status--B"]},{"any":[{"id":"aria-allowed-role","data":null,"relatedNodes":[],"impact":"minor","message":"ARIA role is allowed for given element"}],"all":[],"none":[],"impact":null,"html":"<input aria-describedby=\"location__assistiveHint\" aria-expanded=\"false\" aria-controls=\"location__listbox\" aria-autocomplete=\"list\" autocomplete=\"off\" class=\"nhsuk-input nhsuk-u--width-full\" id=\"location\" name=\"location\" placeholder=\"\" type=\"search\" role=\"combobox\" data-test=\"search-location-input\" aria-label=\"Search Where? For example, a postcode, town or city, search text field\">","target":["#location"]},{"any":[{"id":"aria-allowed-role","data":null,"relatedNodes":[],"impact":"minor","message":"ARIA role is allowed for given element"}],"all":[],"none":[],"impact":null,"html":"<ul aria-labelledby=\"location\" id=\"location__listbox\" role=\"listbox\" class=\"autocomplete__menu autocomplete__menu--inline autocomplete__menu--hidden\">","target":["#location__listbox"]},{"any":[{"id":"aria-allowed-role","data":null,"relatedNodes":[],"impact":"minor","message":"ARIA role is allowed for given element"}],"all":[],"none":[],"impact":null,"html":"<li aria-selected=\"false\" class=\"autocomplete__option\" id=\"location__option--0\" role=\"option\" tabindex=\"-1\" aria-posinset=\"1\" aria-setsize=\"1\">London</li>","target":["#location__option--0"]},{"any":[{"id":"aria-allowed-role","data":null,"relatedNodes":[],"impact":"minor","message":"ARIA role is allowed for given element"}],"all":[],"none":[],"impact":null,"html":"<main class=\"nhsuk-main-wrapper \" id=\"maincontent\" role=\"main\">","target":["#maincontent"]},{"any":[{"id":"aria-allowed-role","data":null,"relatedNodes":[],"impact":"minor","message":"ARIA role is allowed for given element"}],"all":[],"none":[],"impact":null,"html":"<summary class=\"nhsuk-details__summary\" role=\"button\" aria-controls=\"distance-details\" aria-expanded=\"false\" data-test=\"distance\">\n                <span class=\"nhsuk-details__summary-text\">\n                    Distance\n                </span>\n            </summary>","target":["summary[aria-controls=\"distance-details\"]"]},{"any":[{"id":"aria-allowed-role","data":null,"relatedNodes":[],"impact":"minor","message":"ARIA role is allowed for given element"}],"all":[],"none":[],"impact":null,"html":"<summary class=\"nhsuk-details__summary\" role=\"button\" aria-controls=\"covid-jobs-only\" aria-expanded=\"false\" data-test=\"filter-covid-only\">\n                <span class=\"nhsuk-details__summary-text\">\n                    COVID-19\n                </span>\n            </summary>","target":["summary[aria-controls=\"covid-jobs-only\"]"]},{"any":[{"id":"aria-allowed-role","data":null,"relatedNodes":[],"impact":"minor","message":"ARIA role is allowed for given element"}],"all":[],"none":[],"impact":null,"html":"<summary id=\"working-patterns-expander\" class=\"nhsuk-details__summary \" role=\"button\" aria-controls=\"working-pattern-details\" aria-expanded=\"false\" data-test=\"filter-working-pattern\">","target":["#working-patterns-expander"]},{"any":[{"id":"aria-allowed-role","data":null,"relatedNodes":[],"impact":"minor","message":"ARIA role is allowed for given element"}],"all":[],"none":[],"impact":null,"html":"<summary class=\"nhsuk-details__summary\" role=\"button\" aria-controls=\"contract-type-details\" aria-expanded=\"false\" data-test=\"filter-contract-type\">\n                <span class=\"nhsuk-details__summary-text\">Contract type</span>\n            </summary>","target":["summary[aria-controls=\"contract-type-details\"]"]},{"any":[{"id":"aria-allowed-role","data":null,"relatedNodes":[],"impact":"minor","message":"ARIA role is allowed for given element"}],"all":[],"none":[],"impact":null,"html":"<summary class=\"nhsuk-details__summary\" role=\"button\" aria-controls=\"staff-group-details\" aria-expanded=\"false\" data-test=\"filter-staff-group\">\n                <span class=\"nhsuk-details__summary-text\">\n                    Staff group\n                </span>\n            </summary>","target":["summary[aria-controls=\"staff-group-details\"]"]},{"any":[{"id":"aria-allowed-role","data":null,"relatedNodes":[],"impact":"minor","message":"ARIA role is allowed for given element"}],"all":[],"none":[],"impact":null,"html":"<summary class=\"nhsuk-details__summary\" role=\"button\" aria-controls=\"pay-range-details\" aria-expanded=\"false\" data-test=\"filter-pay-range\">\n                <span class=\"nhsuk-details__summary-text\">\n                    Pay range\n                </span>\n            </summary>","target":["summary[aria-controls=\"pay-range-details\"]"]},{"any":[{"id":"aria-allowed-role","data":null,"relatedNodes":[],"impact":"minor","message":"ARIA role is allowed for given element"}],"all":[],"none":[],"impact":null,"html":"<summary class=\"nhsuk-details__summary\" role=\"button\" aria-controls=\"pay-band-details\" aria-expanded=\"false\" data-test=\"filter-pay-band\">","target":["summary[aria-controls=\"pay-band-details\"]"]},{"any":[{"id":"aria-allowed-role","data":null,"relatedNodes":[],"impact":"minor","message":"ARIA role is allowed for given element"}],"all":[],"none":[],"impact":null,"html":"<svg style=\"height:25px; padding-right: 10px\" class=\"nhsuk-icon nhsuk-icon__search\" aria-hidden=\"true\" focusable=\"false\" data-prefix=\"far\" data-icon=\"bell\" role=\"img\" xmlns=\"http://www.w3.org/2000/svg\" viewBox=\"0 0 448 512\">","target":["svg[data-prefix=\"far\"]"]},{"any":[{"id":"aria-allowed-role","data":null,"relatedNodes":[],"impact":"minor","message":"ARIA role is allowed for given element"}],"all":[],"none":[],"impact":null,"html":"<nav class=\"nhsuk-pagination\" role=\"navigation\" aria-label=\"Pagination\">","target":[".nhsuk-pagination"]},{"any":[{"id":"aria-allowed-role","data":null,"relatedNodes":[],"impact":"minor","message":"ARIA role is allowed for given element"}],"all":[],"none":[],"impact":null,"html":"<footer role=\"contentinfo\">","target":["footer"]}]},{"id":"aria-hidden-body","impact":null,"tags":["cat.aria","wcag2a","wcag412"],"description":"Ensures aria-hidden='true' is not present on the document body.","help":"aria-hidden='true' must not be present on the document body","helpUrl":"https://dequeuniversity.com/rules/axe/4.7/aria-hidden-body?application=axeAPI","nodes":[{"any":[{"id":"aria-hidden-body","data":null,"relatedNodes":[],"impact":"critical","message":"No aria-hidden attribute is present on document body"}],"all":[],"none":[],"impact":null,"html":"<body class=\" govuk-frontend-supported js-enabled\" id=\"main-body\">","target":["#main-body"]}]},{"id":"aria-hidden-focus","impact":null,"tags":["cat.name-role-value","wcag2a","wcag412","TTv5","TT6.a"],"description":"Ensures aria-hidden elements are not focusable nor contain focusable elements","help":"ARIA hidden element must not be focusable or contain focusable elements","helpUrl":"https://dequeuniversity.com/rules/axe/4.7/aria-hidden-focus?application=axeAPI","nodes":[{"any":[],"all":[{"id":"focusable-modal-open","data":null,"relatedNodes":[],"impact":"serious","message":"No focusable elements while a modal is open"},{"id":"focusable-disabled","data":null,"relatedNodes":[],"impact":"serious","message":"No focusable elements contained within element"},{"id":"focusable-not-tabbable","data":null,"relatedNodes":[],"impact":"serious","message":"No focusable elements contained within element"}],"none":[],"impact":null,"html":"<svg class=\"nhsuk-icon nhsuk-icon__search\" xmlns=\"http://www.w3.org/2000/svg\" viewBox=\"0 0 24 24\" aria-hidden=\"true\" focusable=\"false\" width=\"27\" height=\"27\">","target":["svg[width=\"27\"]"]},{"any":[],"all":[{"id":"focusable-modal-open","data":null,"relatedNodes":[],"impact":"serious","message":"No focusable elements while a modal is open"},{"id":"focusable-disabled","data":null,"relatedNodes":[],"impact":"serious","message":"No focusable elements contained within element"},{"id":"focusable-not-tabbable","data":null,"relatedNodes":[],"impact":"serious","message":"No focusable elements contained within element"}],"none":[],"impact":null,"html":"<svg class=\"nhsuk-icon nhsuk-icon__chevron-right\" xmlns=\"http://www.w3.org/2000/svg\" viewBox=\"0 0 24 24\" aria-hidden=\"true\" width=\"34\" height=\"34\">\n        <path d=\"M15.5 12a1 1 0 0 1-.29.71l-5 5a1 1 0 0 1-1.42-1.42l4.3-4.29-4.3-4.29a1 1 0 0 1 1.42-1.42l5 5a1 1 0 0 1 .29.71z\"></path>\n      </svg>","target":["a[href=\"/\"] > .nhsuk-icon__chevron-right[width=\"34\"][height=\"34\"]"]},{"any":[],"all":[{"id":"focusable-modal-open","data":null,"relatedNodes":[],"impact":"serious","message":"No focusable elements while a modal is open"},{"id":"focusable-disabled","data":null,"relatedNodes":[],"impact":"serious","message":"No focusable elements contained within element"},{"id":"focusable-not-tabbable","data":null,"relatedNodes":[],"impact":"serious","message":"No focusable elements contained within element"}],"none":[],"impact":null,"html":"<svg class=\"nhsuk-icon nhsuk-icon__chevron-right\" xmlns=\"http://www.w3.org/2000/svg\" viewBox=\"0 0 24 24\" aria-hidden=\"true\" width=\"34\" height=\"34\">\n        <path d=\"M15.5 12a1 1 0 0 1-.29.71l-5 5a1 1 0 0 1-1.42-1.42l4.3-4.29-4.3-4.29a1 1 0 0 1 1.42-1.42l5 5a1 1 0 0 1 .29.71z\"></path>\n      </svg>","target":["a[href$=\"search\"] > .nhsuk-icon__chevron-right[width=\"34\"][height=\"34\"]"]},{"any":[],"all":[{"id":"focusable-modal-open","data":null,"relatedNodes":[],"impact":"serious","message":"No focusable elements while a modal is open"},{"id":"focusable-disabled","data":null,"relatedNodes":[],"impact":"serious","message":"No focusable elements contained within element"},{"id":"focusable-not-tabbable","data":null,"relatedNodes":[],"impact":"serious","message":"No focusable elements contained within element"}],"none":[],"impact":null,"html":"<svg class=\"nhsuk-icon nhsuk-icon__chevron-right\" xmlns=\"http://www.w3.org/2000/svg\" viewBox=\"0 0 24 24\" aria-hidden=\"true\" width=\"34\" height=\"34\">\n        <path d=\"M15.5 12a1 1 0 0 1-.29.71l-5 5a1 1 0 0 1-1.42-1.42l4.3-4.29-4.3-4.29a1 1 0 0 1 1.42-1.42l5 5a1 1 0 0 1 .29.71z\"></path>\n      </svg>","target":["#candidate_sign_in_mobile > .nhsuk-icon__chevron-right[width=\"34\"][height=\"34\"]"]},{"any":[],"all":[{"id":"focusable-modal-open","data":null,"relatedNodes":[],"impact":"serious","message":"No focusable elements while a modal is open"},{"id":"focusable-disabled","data":null,"relatedNodes":[],"impact":"serious","message":"No focusable elements contained within element"},{"id":"focusable-not-tabbable","data":null,"relatedNodes":[],"impact":"serious","message":"No focusable elements contained within element"}],"none":[],"impact":null,"html":"<svg class=\"nhsuk-icon nhsuk-icon__chevron-right\" xmlns=\"http://www.w3.org/2000/svg\" viewBox=\"0 0 24 24\" aria-hidden=\"true\" width=\"34\" height=\"34\">\n        <path d=\"M15.5 12a1 1 0 0 1-.29.71l-5 5a1 1 0 0 1-1.42-1.42l4.3-4.29-4.3-4.29a1 1 0 0 1 1.42-1.42l5 5a1 1 0 0 1 .29.71z\"></path>\n      </svg>","target":[".nhsuk-header__navigation-link[data-test=\"header-create-account\"] > .nhsuk-icon__chevron-right[width=\"34\"][height=\"34\"]"]},{"any":[],"all":[{"id":"focusable-modal-open","data":null,"relatedNodes":[],"impact":"serious","message":"No focusable elements while a modal is open"},{"id":"focusable-disabled","data":null,"relatedNodes":[],"impact":"serious","message":"No focusable elements contained within element"},{"id":"focusable-not-tabbable","data":null,"relatedNodes":[],"impact":"serious","message":"No focusable elements contained within element"}],"none":[],"impact":null,"html":"<svg class=\"nhsuk-icon nhsuk-icon__chevron-right\" xmlns=\"http://www.w3.org/2000/svg\" viewBox=\"0 0 24 24\" aria-hidden=\"true\" width=\"34\" height=\"34\">\n        <path d=\"M15.5 12a1 1 0 0 1-.29.71l-5 5a1 1 0 0 1-1.42-1.42l4.3-4.29-4.3-4.29a1 1 0 0 1 1.42-1.42l5 5a1 1 0 0 1 .29.71z\"></path>\n      </svg>","target":[".nhsuk-header__navigation-link[href=\"/candidate/search/locale/en\"] > .nhsuk-icon__chevron-right[width=\"34\"][height=\"34\"]"]},{"any":[],"all":[{"id":"focusable-modal-open","data":null,"relatedNodes":[],"impact":"serious","message":"No focusable elements while a modal is open"},{"id":"focusable-disabled","data":null,"relatedNodes":[],"impact":"serious","message":"No focusable elements contained within element"},{"id":"focusable-not-tabbable","data":null,"relatedNodes":[],"impact":"serious","message":"No focusable elements contained within element"}],"none":[],"impact":null,"html":"<svg class=\"nhsuk-icon nhsuk-icon__chevron-right\" xmlns=\"http://www.w3.org/2000/svg\" viewBox=\"0 0 24 24\" aria-hidden=\"true\" width=\"34\" height=\"34\">\n        <path d=\"M15.5 12a1 1 0 0 1-.29.71l-5 5a1 1 0 0 1-1.42-1.42l4.3-4.29-4.3-4.29a1 1 0 0 1 1.42-1.42l5 5a1 1 0 0 1 .29.71z\"></path>\n      </svg>","target":[".nhsuk-header__navigation-link[href=\"/candidate/search/locale/cy\"] > .nhsuk-icon__chevron-right[width=\"34\"][height=\"34\"]"]},{"any":[],"all":[{"id":"focusable-modal-open","data":null,"relatedNodes":[],"impact":"serious","message":"No focusable elements while a modal is open"},{"id":"focusable-disabled","data":null,"relatedNodes":[],"impact":"serious","message":"No focusable elements contained within element"},{"id":"focusable-not-tabbable","data":null,"relatedNodes":[],"impact":"serious","message":"No focusable elements contained within element"}],"none":[],"impact":null,"html":"<legend class=\"nhsuk-heading-l nhsuk-u-visually-hidden\" id=\"additional-search-legend\" aria-hidden=\"true\">\n            Additional search options\n          </legend>","target":["#additional-search-legend"]},{"any":[],"all":[{"id":"focusable-modal-open","data":null,"relatedNodes":[],"impact":"serious","message":"No focusable elements while a modal is open"},{"id":"focusable-disabled","data":null,"relatedNodes":[],"impact":"serious","message":"No focusable elements contained within element"},{"id":"focusable-not-tabbable","data":null,"relatedNodes":[],"impact":"serious","message":"No focusable elements contained within element"}],"none":[],"impact":null,"html":"<legend class=\"nhsuk-heading-l nhsuk-u-visually-hidden\" id=\"search-controls-legend\" aria-hidden=\"true\">\n            Search controls\n          </legend>","target":["#search-controls-legend"]},{"any":[],"all":[{"id":"focusable-modal-open","data":null,"relatedNodes":[],"impact":"serious","message":"No focusable elements while a modal is open"},{"id":"focusable-disabled","data":null,"relatedNodes":[],"impact":"serious","message":"No focusable elements contained within element"},{"id":"focusable-not-tabbable","data":null,"relatedNodes":[],"impact":"serious","message":"No focusable elements contained within element"}],"none":[],"impact":null,"html":"<svg style=\"height:25px; padding-right: 10px\" class=\"nhsuk-icon nhsuk-icon__search\" aria-hidden=\"true\" focusable=\"false\" data-prefix=\"far\" data-icon=\"bell\" role=\"img\" xmlns=\"http://www.w3.org/2000/svg\" viewBox=\"0 0 448 512\">","target":["svg[data-prefix=\"far\"]"]},{"any":[],"all":[{"id":"focusable-modal-open","data":null,"relatedNodes":[],"impact":"serious","message":"No focusable elements while a modal is open"},{"id":"focusable-disabled","data":null,"relatedNodes":[],"impact":"serious","message":"No focusable elements contained within element"},{"id":"focusable-not-tabbable","data":null,"relatedNodes":[],"impact":"serious","message":"No focusable elements contained within element"}],"none":[],"impact":null,"html":"<svg class=\"nhsuk-icon nhsuk-icon__arrow-right\" xmlns=\"http://www.w3.org/2000/svg\" viewBox=\"0 0 24 24\" aria-hidden=\"true\">","target":[".nhsuk-icon__arrow-right"]}]},{"id":"aria-required-attr","impact":null,"tags":["cat.aria","wcag2a","wcag412"],"description":"Ensures elements with ARIA roles have all required ARIA attributes","help":"Required ARIA attributes must be provided","helpUrl":"https://dequeuniversity.com/rules/axe/4.7/aria-required-attr?application=axeAPI","nodes":[{"any":[{"id":"aria-required-attr","data":null,"relatedNodes":[],"impact":"critical","message":"All required ARIA attributes are present"}],"all":[],"none":[],"impact":null,"html":"<header class=\"nhsuk-header\" role=\"banner\" id=\"heading-body\">","target":["header"]},{"any":[{"id":"aria-required-attr","data":null,"relatedNodes":[],"impact":"critical","message":"All required ARIA attributes are present"}],"all":[],"none":[],"impact":null,"html":"<nav class=\"nhsuk-header__navigation\" id=\"header-navigation\" role=\"navigation\" aria-label=\"Primary navigation\" aria-labelledby=\"label-navigation\">","target":["#header-navigation"]},{"any":[{"id":"aria-required-attr","data":null,"relatedNodes":[],"impact":"critical","message":"All required ARIA attributes are present"}],"all":[],"none":[],"impact":null,"html":"<div class=\"beta-banner\" aria-label=\"beta-banner\" role=\"complementary\">","target":[".beta-banner"]},{"any":[{"id":"aria-required-attr","data":null,"relatedNodes":[],"impact":"critical","message":"All required ARIA attributes are present"}],"all":[],"none":[],"impact":null,"html":"<section class=\"nhsuk-hero\" role=\"search\">","target":["section"]},{"any":[{"id":"aria-required-attr","data":null,"relatedNodes":[],"impact":"critical","message":"All required ARIA attributes are present"}],"all":[],"none":[],"impact":null,"html":"<div id=\"location__status--A\" role=\"status\" aria-atomic=\"true\" aria-live=\"polite\"></div>","target":["#location__status--A"]},{"any":[{"id":"aria-required-attr","data":null,"relatedNodes":[],"impact":"critical","message":"All required ARIA attributes are present"}],"all":[],"none":[],"impact":null,"html":"<div id=\"location__status--B\" role=\"status\" aria-atomic=\"true\" aria-live=\"polite\"></div>","target":["#location__status--B"]},{"any":[{"id":"aria-required-attr","data":null,"relatedNodes":[],"impact":"critical","message":"All required ARIA attributes are present"}],"all":[],"none":[],"impact":null,"html":"<input aria-describedby=\"location__assistiveHint\" aria-expanded=\"false\" aria-controls=\"location__listbox\" aria-autocomplete=\"list\" autocomplete=\"off\" class=\"nhsuk-input nhsuk-u--width-full\" id=\"location\" name=\"location\" placeholder=\"\" type=\"search\" role=\"combobox\" data-test=\"search-location-input\" aria-label=\"Search Where? For example, a postcode, town or city, search text field\">","target":["#location"]},{"any":[{"id":"aria-required-attr","data":null,"relatedNodes":[],"impact":"critical","message":"All required ARIA attributes are present"}],"all":[],"none":[],"impact":null,"html":"<main class=\"nhsuk-main-wrapper \" id=\"maincontent\" role=\"main\">","target":["#maincontent"]},{"any":[{"id":"aria-required-attr","data":null,"relatedNodes":[],"impact":"critical","message":"All required ARIA attributes are present"}],"all":[],"none":[],"impact":null,"html":"<summary class=\"nhsuk-details__summary\" role=\"button\" aria-controls=\"distance-details\" aria-expanded=\"false\" data-test=\"distance\">\n                <span class=\"nhsuk-details__summary-text\">\n                    Distance\n                </span>\n            </summary>","target":["summary[aria-controls=\"distance-details\"]"]},{"any":[{"id":"aria-required-attr","data":null,"relatedNodes":[],"impact":"critical","message":"All required ARIA attributes are present"}],"all":[],"none":[],"impact":null,"html":"<summary class=\"nhsuk-details__summary\" role=\"button\" aria-controls=\"covid-jobs-only\" aria-expanded=\"false\" data-test=\"filter-covid-only\">\n                <span class=\"nhsuk-details__summary-text\">\n                    COVID-19\n                </span>\n            </summary>","target":["summary[aria-controls=\"covid-jobs-only\"]"]},{"any":[{"id":"aria-required-attr","data":null,"relatedNodes":[],"impact":"critical","message":"All required ARIA attributes are present"}],"all":[],"none":[],"impact":null,"html":"<summary id=\"working-patterns-expander\" class=\"nhsuk-details__summary \" role=\"button\" aria-controls=\"working-pattern-details\" aria-expanded=\"false\" data-test=\"filter-working-pattern\">","target":["#working-patterns-expander"]},{"any":[{"id":"aria-required-attr","data":null,"relatedNodes":[],"impact":"critical","message":"All required ARIA attributes are present"}],"all":[],"none":[],"impact":null,"html":"<summary class=\"nhsuk-details__summary\" role=\"button\" aria-controls=\"contract-type-details\" aria-expanded=\"false\" data-test=\"filter-contract-type\">\n                <span class=\"nhsuk-details__summary-text\">Contract type</span>\n            </summary>","target":["summary[aria-controls=\"contract-type-details\"]"]},{"any":[{"id":"aria-required-attr","data":null,"relatedNodes":[],"impact":"critical","message":"All required ARIA attributes are present"}],"all":[],"none":[],"impact":null,"html":"<summary class=\"nhsuk-details__summary\" role=\"button\" aria-controls=\"staff-group-details\" aria-expanded=\"false\" data-test=\"filter-staff-group\">\n                <span class=\"nhsuk-details__summary-text\">\n                    Staff group\n                </span>\n            </summary>","target":["summary[aria-controls=\"staff-group-details\"]"]},{"any":[{"id":"aria-required-attr","data":null,"relatedNodes":[],"impact":"critical","message":"All required ARIA attributes are present"}],"all":[],"none":[],"impact":null,"html":"<summary class=\"nhsuk-details__summary\" role=\"button\" aria-controls=\"pay-range-details\" aria-expanded=\"false\" data-test=\"filter-pay-range\">\n                <span class=\"nhsuk-details__summary-text\">\n                    Pay range\n                </span>\n            </summary>","target":["summary[aria-controls=\"pay-range-details\"]"]},{"any":[{"id":"aria-required-attr","data":null,"relatedNodes":[],"impact":"critical","message":"All required ARIA attributes are present"}],"all":[],"none":[],"impact":null,"html":"<summary class=\"nhsuk-details__summary\" role=\"button\" aria-controls=\"pay-band-details\" aria-expanded=\"false\" data-test=\"filter-pay-band\">","target":["summary[aria-controls=\"pay-band-details\"]"]},{"any":[{"id":"aria-required-attr","data":null,"relatedNodes":[],"impact":"critical","message":"All required ARIA attributes are present"}],"all":[],"none":[],"impact":null,"html":"<nav class=\"nhsuk-pagination\" role=\"navigation\" aria-label=\"Pagination\">","target":[".nhsuk-pagination"]},{"any":[{"id":"aria-required-attr","data":null,"relatedNodes":[],"impact":"critical","message":"All required ARIA attributes are present"}],"all":[],"none":[],"impact":null,"html":"<footer role=\"contentinfo\">","target":["footer"]}]},{"id":"aria-roles","impact":null,"tags":["cat.aria","wcag2a","wcag412"],"description":"Ensures all elements with a role attribute use a valid value","help":"ARIA roles used must conform to valid values","helpUrl":"https://dequeuniversity.com/rules/axe/4.7/aria-roles?application=axeAPI","nodes":[{"any":[],"all":[],"none":[{"id":"invalidrole","data":null,"relatedNodes":[],"impact":"critical","message":"ARIA role is valid"},{"id":"abstractrole","data":null,"relatedNodes":[],"impact":"serious","message":"Abstract roles are not used"},{"id":"unsupportedrole","data":null,"relatedNodes":[],"impact":"critical","message":"ARIA role is supported"},{"id":"deprecatedrole","data":null,"relatedNodes":[],"impact":"minor","message":"ARIA role is not deprecated"}],"impact":null,"html":"<header class=\"nhsuk-header\" role=\"banner\" id=\"heading-body\">","target":["header"]},{"any":[],"all":[],"none":[{"id":"invalidrole","data":null,"relatedNodes":[],"impact":"critical","message":"ARIA role is valid"},{"id":"abstractrole","data":null,"relatedNodes":[],"impact":"serious","message":"Abstract roles are not used"},{"id":"unsupportedrole","data":null,"relatedNodes":[],"impact":"critical","message":"ARIA role is supported"},{"id":"deprecatedrole","data":null,"relatedNodes":[],"impact":"minor","message":"ARIA role is not deprecated"}],"impact":null,"html":"<nav class=\"nhsuk-header__navigation\" id=\"header-navigation\" role=\"navigation\" aria-label=\"Primary navigation\" aria-labelledby=\"label-navigation\">","target":["#header-navigation"]},{"any":[],"all":[],"none":[{"id":"invalidrole","data":null,"relatedNodes":[],"impact":"critical","message":"ARIA role is valid"},{"id":"abstractrole","data":null,"relatedNodes":[],"impact":"serious","message":"Abstract roles are not used"},{"id":"unsupportedrole","data":null,"relatedNodes":[],"impact":"critical","message":"ARIA role is supported"},{"id":"deprecatedrole","data":null,"relatedNodes":[],"impact":"minor","message":"ARIA role is not deprecated"}],"impact":null,"html":"<div class=\"beta-banner\" aria-label=\"beta-banner\" role=\"complementary\">","target":[".beta-banner"]},{"any":[],"all":[],"none":[{"id":"invalidrole","data":null,"relatedNodes":[],"impact":"critical","message":"ARIA role is valid"},{"id":"abstractrole","data":null,"relatedNodes":[],"impact":"serious","message":"Abstract roles are not used"},{"id":"unsupportedrole","data":null,"relatedNodes":[],"impact":"critical","message":"ARIA role is supported"},{"id":"deprecatedrole","data":null,"relatedNodes":[],"impact":"minor","message":"ARIA role is not deprecated"}],"impact":null,"html":"<section class=\"nhsuk-hero\" role=\"search\">","target":["section"]},{"any":[],"all":[],"none":[{"id":"invalidrole","data":null,"relatedNodes":[],"impact":"critical","message":"ARIA role is valid"},{"id":"abstractrole","data":null,"relatedNodes":[],"impact":"serious","message":"Abstract roles are not used"},{"id":"unsupportedrole","data":null,"relatedNodes":[],"impact":"critical","message":"ARIA role is supported"},{"id":"deprecatedrole","data":null,"relatedNodes":[],"impact":"minor","message":"ARIA role is not deprecated"}],"impact":null,"html":"<div id=\"location__status--A\" role=\"status\" aria-atomic=\"true\" aria-live=\"polite\"></div>","target":["#location__status--A"]},{"any":[],"all":[],"none":[{"id":"invalidrole","data":null,"relatedNodes":[],"impact":"critical","message":"ARIA role is valid"},{"id":"abstractrole","data":null,"relatedNodes":[],"impact":"serious","message":"Abstract roles are not used"},{"id":"unsupportedrole","data":null,"relatedNodes":[],"impact":"critical","message":"ARIA role is supported"},{"id":"deprecatedrole","data":null,"relatedNodes":[],"impact":"minor","message":"ARIA role is not deprecated"}],"impact":null,"html":"<div id=\"location__status--B\" role=\"status\" aria-atomic=\"true\" aria-live=\"polite\"></div>","target":["#location__status--B"]},{"any":[],"all":[],"none":[{"id":"invalidrole","data":null,"relatedNodes":[],"impact":"critical","message":"ARIA role is valid"},{"id":"abstractrole","data":null,"relatedNodes":[],"impact":"serious","message":"Abstract roles are not used"},{"id":"unsupportedrole","data":null,"relatedNodes":[],"impact":"critical","message":"ARIA role is supported"},{"id":"deprecatedrole","data":null,"relatedNodes":[],"impact":"minor","message":"ARIA role is not deprecated"}],"impact":null,"html":"<input aria-describedby=\"location__assistiveHint\" aria-expanded=\"false\" aria-controls=\"location__listbox\" aria-autocomplete=\"list\" autocomplete=\"off\" class=\"nhsuk-input nhsuk-u--width-full\" id=\"location\" name=\"location\" placeholder=\"\" type=\"search\" role=\"combobox\" data-test=\"search-location-input\" aria-label=\"Search Where? For example, a postcode, town or city, search text field\">","target":["#location"]},{"any":[],"all":[],"none":[{"id":"invalidrole","data":null,"relatedNodes":[],"impact":"critical","message":"ARIA role is valid"},{"id":"abstractrole","data":null,"relatedNodes":[],"impact":"serious","message":"Abstract roles are not used"},{"id":"unsupportedrole","data":null,"relatedNodes":[],"impact":"critical","message":"ARIA role is supported"},{"id":"deprecatedrole","data":null,"relatedNodes":[],"impact":"minor","message":"ARIA role is not deprecated"}],"impact":null,"html":"<main class=\"nhsuk-main-wrapper \" id=\"maincontent\" role=\"main\">","target":["#maincontent"]},{"any":[],"all":[],"none":[{"id":"invalidrole","data":null,"relatedNodes":[],"impact":"critical","message":"ARIA role is valid"},{"id":"abstractrole","data":null,"relatedNodes":[],"impact":"serious","message":"Abstract roles are not used"},{"id":"unsupportedrole","data":null,"relatedNodes":[],"impact":"critical","message":"ARIA role is supported"},{"id":"deprecatedrole","data":null,"relatedNodes":[],"impact":"minor","message":"ARIA role is not deprecated"}],"impact":null,"html":"<summary class=\"nhsuk-details__summary\" role=\"button\" aria-controls=\"distance-details\" aria-expanded=\"false\" data-test=\"distance\">\n                <span class=\"nhsuk-details__summary-text\">\n                    Distance\n                </span>\n            </summary>","target":["summary[aria-controls=\"distance-details\"]"]},{"any":[],"all":[],"none":[{"id":"invalidrole","data":null,"relatedNodes":[],"impact":"critical","message":"ARIA role is valid"},{"id":"abstractrole","data":null,"relatedNodes":[],"impact":"serious","message":"Abstract roles are not used"},{"id":"unsupportedrole","data":null,"relatedNodes":[],"impact":"critical","message":"ARIA role is supported"},{"id":"deprecatedrole","data":null,"relatedNodes":[],"impact":"minor","message":"ARIA role is not deprecated"}],"impact":null,"html":"<summary class=\"nhsuk-details__summary\" role=\"button\" aria-controls=\"covid-jobs-only\" aria-expanded=\"false\" data-test=\"filter-covid-only\">\n                <span class=\"nhsuk-details__summary-text\">\n                    COVID-19\n                </span>\n            </summary>","target":["summary[aria-controls=\"covid-jobs-only\"]"]},{"any":[],"all":[],"none":[{"id":"invalidrole","data":null,"relatedNodes":[],"impact":"critical","message":"ARIA role is valid"},{"id":"abstractrole","data":null,"relatedNodes":[],"impact":"serious","message":"Abstract roles are not used"},{"id":"unsupportedrole","data":null,"relatedNodes":[],"impact":"critical","message":"ARIA role is supported"},{"id":"deprecatedrole","data":null,"relatedNodes":[],"impact":"minor","message":"ARIA role is not deprecated"}],"impact":null,"html":"<summary id=\"working-patterns-expander\" class=\"nhsuk-details__summary \" role=\"button\" aria-controls=\"working-pattern-details\" aria-expanded=\"false\" data-test=\"filter-working-pattern\">","target":["#working-patterns-expander"]},{"any":[],"all":[],"none":[{"id":"invalidrole","data":null,"relatedNodes":[],"impact":"critical","message":"ARIA role is valid"},{"id":"abstractrole","data":null,"relatedNodes":[],"impact":"serious","message":"Abstract roles are not used"},{"id":"unsupportedrole","data":null,"relatedNodes":[],"impact":"critical","message":"ARIA role is supported"},{"id":"deprecatedrole","data":null,"relatedNodes":[],"impact":"minor","message":"ARIA role is not deprecated"}],"impact":null,"html":"<summary class=\"nhsuk-details__summary\" role=\"button\" aria-controls=\"contract-type-details\" aria-expanded=\"false\" data-test=\"filter-contract-type\">\n                <span class=\"nhsuk-details__summary-text\">Contract type</span>\n            </summary>","target":["summary[aria-controls=\"contract-type-details\"]"]},{"any":[],"all":[],"none":[{"id":"invalidrole","data":null,"relatedNodes":[],"impact":"critical","message":"ARIA role is valid"},{"id":"abstractrole","data":null,"relatedNodes":[],"impact":"serious","message":"Abstract roles are not used"},{"id":"unsupportedrole","data":null,"relatedNodes":[],"impact":"critical","message":"ARIA role is supported"},{"id":"deprecatedrole","data":null,"relatedNodes":[],"impact":"minor","message":"ARIA role is not deprecated"}],"impact":null,"html":"<summary class=\"nhsuk-details__summary\" role=\"button\" aria-controls=\"staff-group-details\" aria-expanded=\"false\" data-test=\"filter-staff-group\">\n                <span class=\"nhsuk-details__summary-text\">\n                    Staff group\n                </span>\n            </summary>","target":["summary[aria-controls=\"staff-group-details\"]"]},{"any":[],"all":[],"none":[{"id":"invalidrole","data":null,"relatedNodes":[],"impact":"critical","message":"ARIA role is valid"},{"id":"abstractrole","data":null,"relatedNodes":[],"impact":"serious","message":"Abstract roles are not used"},{"id":"unsupportedrole","data":null,"relatedNodes":[],"impact":"critical","message":"ARIA role is supported"},{"id":"deprecatedrole","data":null,"relatedNodes":[],"impact":"minor","message":"ARIA role is not deprecated"}],"impact":null,"html":"<summary class=\"nhsuk-details__summary\" role=\"button\" aria-controls=\"pay-range-details\" aria-expanded=\"false\" data-test=\"filter-pay-range\">\n                <span class=\"nhsuk-details__summary-text\">\n                    Pay range\n                </span>\n            </summary>","target":["summary[aria-controls=\"pay-range-details\"]"]},{"any":[],"all":[],"none":[{"id":"invalidrole","data":null,"relatedNodes":[],"impact":"critical","message":"ARIA role is valid"},{"id":"abstractrole","data":null,"relatedNodes":[],"impact":"serious","message":"Abstract roles are not used"},{"id":"unsupportedrole","data":null,"relatedNodes":[],"impact":"critical","message":"ARIA role is supported"},{"id":"deprecatedrole","data":null,"relatedNodes":[],"impact":"minor","message":"ARIA role is not deprecated"}],"impact":null,"html":"<summary class=\"nhsuk-details__summary\" role=\"button\" aria-controls=\"pay-band-details\" aria-expanded=\"false\" data-test=\"filter-pay-band\">","target":["summary[aria-controls=\"pay-band-details\"]"]},{"any":[],"all":[],"none":[{"id":"invalidrole","data":null,"relatedNodes":[],"impact":"critical","message":"ARIA role is valid"},{"id":"abstractrole","data":null,"relatedNodes":[],"impact":"serious","message":"Abstract roles are not used"},{"id":"unsupportedrole","data":null,"relatedNodes":[],"impact":"critical","message":"ARIA role is supported"},{"id":"deprecatedrole","data":null,"relatedNodes":[],"impact":"minor","message":"ARIA role is not deprecated"}],"impact":null,"html":"<nav class=\"nhsuk-pagination\" role=\"navigation\" aria-label=\"Pagination\">","target":[".nhsuk-pagination"]},{"any":[],"all":[],"none":[{"id":"invalidrole","data":null,"relatedNodes":[],"impact":"critical","message":"ARIA role is valid"},{"id":"abstractrole","data":null,"relatedNodes":[],"impact":"serious","message":"Abstract roles are not used"},{"id":"unsupportedrole","data":null,"relatedNodes":[],"impact":"critical","message":"ARIA role is supported"},{"id":"deprecatedrole","data":null,"relatedNodes":[],"impact":"minor","message":"ARIA role is not deprecated"}],"impact":null,"html":"<footer role=\"contentinfo\">","target":["footer"]}]},{"id":"aria-valid-attr-value","impact":null,"tags":["cat.aria","wcag2a","wcag412"],"description":"Ensures all ARIA attributes have valid values","help":"ARIA attributes must conform to valid values","helpUrl":"https://dequeuniversity.com/rules/axe/4.7/aria-valid-attr-value?application=axeAPI","nodes":[{"any":[],"all":[{"id":"aria-valid-attr-value","data":null,"relatedNodes":[],"impact":"critical","message":"ARIA attribute values are valid"},{"id":"aria-errormessage","data":null,"relatedNodes":[],"impact":"critical","message":"aria-errormessage exists and references elements visible to screen readers that use a supported aria-errormessage technique"},{"id":"aria-level","data":null,"relatedNodes":[],"impact":"serious","message":"aria-level values are valid"}],"none":[],"impact":null,"html":"<a class=\"nhsuk-skip-link\" href=\"#search-results-heading\" aria-label=\"932 jobs found for Nurse in London. Sorted by: Best Match . Skip to search filters\" id=\"skip_to_search_filters\">Skip to search filters</a>","target":["#skip_to_search_filters"]},{"any":[],"all":[{"id":"aria-valid-attr-value","data":null,"relatedNodes":[],"impact":"critical","message":"ARIA attribute values are valid"},{"id":"aria-errormessage","data":null,"relatedNodes":[],"impact":"critical","message":"aria-errormessage exists and references elements visible to screen readers that use a supported aria-errormessage technique"},{"id":"aria-level","data":null,"relatedNodes":[],"impact":"serious","message":"aria-level values are valid"}],"none":[],"impact":null,"html":"<a class=\"nhsuk-skip-link\" href=\"#first-result-title\" id=\"skipToSearchResults\" aria-label=\"Skip to search results\">Skip to search results</a>","target":["#skipToSearchResults"]},{"any":[],"all":[{"id":"aria-valid-attr-value","data":null,"relatedNodes":[],"impact":"critical","message":"ARIA attribute values are valid"},{"id":"aria-errormessage","data":null,"relatedNodes":[],"impact":"critical","message":"aria-errormessage exists and references elements visible to screen readers that use a supported aria-errormessage technique"},{"id":"aria-level","data":null,"relatedNodes":[],"impact":"serious","message":"aria-level values are valid"}],"none":[],"impact":null,"html":"<a href=\"/candidate/cookies\" id=\"change-cookies-settings\" aria-label=\"Go to the cookie information page\">change your cookie settings</a>","target":["#change-cookies-settings"]},{"any":[],"all":[{"id":"aria-valid-attr-value","data":null,"relatedNodes":[],"impact":"critical","message":"ARIA attribute values are valid"},{"id":"aria-errormessage","data":null,"relatedNodes":[],"impact":"critical","message":"aria-errormessage exists and references elements visible to screen readers that use a supported aria-errormessage technique"},{"id":"aria-level","data":null,"relatedNodes":[],"impact":"serious","message":"aria-level values are valid"}],"none":[],"impact":null,"html":"<a href=\"/candidate/dismiss-cookie-messages\" id=\"dismiss-cookie-messages\" aria-label=\"Dismiss information about cookie preferences\" style=\"float: right\">Hide</a>","target":["#dismiss-cookie-messages"]},{"any":[],"all":[{"id":"aria-valid-attr-value","data":null,"relatedNodes":[],"impact":"critical","message":"ARIA attribute values are valid"},{"id":"aria-errormessage","data":null,"relatedNodes":[],"impact":"critical","message":"aria-errormessage exists and references elements visible to screen readers that use a supported aria-errormessage technique"},{"id":"aria-level","data":null,"relatedNodes":[],"impact":"serious","message":"aria-level values are valid"}],"none":[],"impact":null,"html":"<a class=\"nhsuk-header__link nhsuk-header__link--service nhsuk-header__link--service-short-name\" href=\"/candidate\" aria-label=\"NHS jobs homepage\">","target":[".nhsuk-header__link"]},{"any":[],"all":[{"id":"aria-valid-attr-value","data":null,"relatedNodes":[],"impact":"critical","message":"ARIA attribute values are valid"},{"id":"aria-errormessage","data":null,"relatedNodes":[],"impact":"critical","message":"aria-errormessage exists and references elements visible to screen readers that use a supported aria-errormessage technique"},{"id":"aria-level","data":null,"relatedNodes":[],"impact":"serious","message":"aria-level values are valid"}],"none":[],"impact":null,"html":"<nav class=\"gem-c-translation-nav hide-mobile nhsuk-u-margin-0 nhsuk-u-padding-left-7\" aria-label=\"Translations\">","target":[".gem-c-translation-nav"]},{"any":[],"all":[{"id":"aria-valid-attr-value","data":null,"relatedNodes":[],"impact":"critical","message":"ARIA attribute values are valid"},{"id":"aria-errormessage","data":null,"relatedNodes":[],"impact":"critical","message":"aria-errormessage exists and references elements visible to screen readers that use a supported aria-errormessage technique"},{"id":"aria-level","data":null,"relatedNodes":[],"impact":"serious","message":"aria-level values are valid"}],"none":[],"impact":null,"html":"<nav class=\"nhsuk-header__navigation\" id=\"header-navigation\" role=\"navigation\" aria-label=\"Primary navigation\" aria-labelledby=\"label-navigation\">","target":["#header-navigation"]},{"any":[],"all":[{"id":"aria-valid-attr-value","data":null,"relatedNodes":[],"impact":"critical","message":"ARIA attribute values are valid"},{"id":"aria-errormessage","data":null,"relatedNodes":[],"impact":"critical","message":"aria-errormessage exists and references elements visible to screen readers that use a supported aria-errormessage technique"},{"id":"aria-level","data":null,"relatedNodes":[],"impact":"serious","message":"aria-level values are valid"}],"none":[],"impact":null,"html":"<div class=\"beta-banner\" aria-label=\"beta-banner\" role=\"complementary\">","target":[".beta-banner"]},{"any":[],"all":[{"id":"aria-valid-attr-value","data":null,"relatedNodes":[],"impact":"critical","message":"ARIA attribute values are valid"},{"id":"aria-errormessage","data":null,"relatedNodes":[],"impact":"critical","message":"aria-errormessage exists and references elements visible to screen readers that use a supported aria-errormessage technique"},{"id":"aria-level","data":null,"relatedNodes":[],"impact":"serious","message":"aria-level values are valid"}],"none":[],"impact":null,"html":"<h1 data-test=\"search-result-query\" id=\"search-results-heading\" class=\"nhsuk-heading-xl nhsuk-u-padding-left-4 nhsuk-u-margin-bottom-4\" aria-label=\"932 jobs found for Nurse in London. Sorted by: Best Match\">\n          932 jobs found for Nurse in London\n        </h1>","target":["#search-results-heading"]},{"any":[],"all":[{"id":"aria-valid-attr-value","data":null,"relatedNodes":[],"impact":"critical","message":"ARIA attribute values are valid"},{"id":"aria-errormessage","data":null,"relatedNodes":[],"impact":"critical","message":"aria-errormessage exists and references elements visible to screen readers that use a supported aria-errormessage technique"},{"id":"aria-level","data":null,"relatedNodes":[],"impact":"serious","message":"aria-level values are valid"}],"none":[],"impact":null,"html":"<input name=\"keyword\" id=\"keyword\" value=\"Nurse\" class=\"nhsuk-input nhsuk-u--width-full\" type=\"search\" data-test=\"search-jobTitle-input\" aria-label=\"Search What? For example, job title or skills\">","target":["#keyword"]},{"any":[],"all":[{"id":"aria-valid-attr-value","data":null,"relatedNodes":[],"impact":"critical","message":"ARIA attribute values are valid"},{"id":"aria-errormessage","data":null,"relatedNodes":[],"impact":"critical","message":"aria-errormessage exists and references elements visible to screen readers that use a supported aria-errormessage technique"},{"id":"aria-level","data":null,"relatedNodes":[],"impact":"serious","message":"aria-level values are valid"}],"none":[],"impact":null,"html":"<div id=\"location__status--A\" role=\"status\" aria-atomic=\"true\" aria-live=\"polite\"></div>","target":["#location__status--A"]},{"any":[],"all":[{"id":"aria-valid-attr-value","data":null,"relatedNodes":[],"impact":"critical","message":"ARIA attribute values are valid"},{"id":"aria-errormessage","data":null,"relatedNodes":[],"impact":"critical","message":"aria-errormessage exists and references elements visible to screen readers that use a supported aria-errormessage technique"},{"id":"aria-level","data":null,"relatedNodes":[],"impact":"serious","message":"aria-level values are valid"}],"none":[],"impact":null,"html":"<div id=\"location__status--B\" role=\"status\" aria-atomic=\"true\" aria-live=\"polite\"></div>","target":["#location__status--B"]},{"any":[],"all":[{"id":"aria-valid-attr-value","data":null,"relatedNodes":[],"impact":"critical","message":"ARIA attribute values are valid"},{"id":"aria-errormessage","data":null,"relatedNodes":[],"impact":"critical","message":"aria-errormessage exists and references elements visible to screen readers that use a supported aria-errormessage technique"},{"id":"aria-level","data":null,"relatedNodes":[],"impact":"serious","message":"aria-level values are valid"}],"none":[],"impact":null,"html":"<input aria-describedby=\"location__assistiveHint\" aria-expanded=\"false\" aria-controls=\"location__listbox\" aria-autocomplete=\"list\" autocomplete=\"off\" class=\"nhsuk-input nhsuk-u--width-full\" id=\"location\" name=\"location\" placeholder=\"\" type=\"search\" role=\"combobox\" data-test=\"search-location-input\" aria-label=\"Search Where? For example, a postcode, town or city, search text field\">","target":["#location"]},{"any":[],"all":[{"id":"aria-valid-attr-value","data":null,"relatedNodes":[],"impact":"critical","message":"ARIA attribute values are valid"},{"id":"aria-errormessage","data":null,"relatedNodes":[],"impact":"critical","message":"aria-errormessage exists and references elements visible to screen readers that use a supported aria-errormessage technique"},{"id":"aria-level","data":null,"relatedNodes":[],"impact":"serious","message":"aria-level values are valid"}],"none":[],"impact":null,"html":"<summary class=\"nhsuk-details__summary\" role=\"button\" aria-controls=\"distance-details\" aria-expanded=\"false\" data-test=\"distance\">\n                <span class=\"nhsuk-details__summary-text\">\n                    Distance\n                </span>\n            </summary>","target":["summary[aria-controls=\"distance-details\"]"]},{"any":[],"all":[{"id":"aria-valid-attr-value","data":null,"relatedNodes":[],"impact":"critical","message":"ARIA attribute values are valid"},{"id":"aria-errormessage","data":null,"relatedNodes":[],"impact":"critical","message":"aria-errormessage exists and references elements visible to screen readers that use a supported aria-errormessage technique"},{"id":"aria-level","data":null,"relatedNodes":[],"impact":"serious","message":"aria-level values are valid"}],"none":[],"impact":null,"html":"<summary class=\"nhsuk-details__summary\" role=\"button\" aria-controls=\"covid-jobs-only\" aria-expanded=\"false\" data-test=\"filter-covid-only\">\n                <span class=\"nhsuk-details__summary-text\">\n                    COVID-19\n                </span>\n            </summary>","target":["summary[aria-controls=\"covid-jobs-only\"]"]},{"any":[],"all":[{"id":"aria-valid-attr-value","data":null,"relatedNodes":[],"impact":"critical","message":"ARIA attribute values are valid"},{"id":"aria-errormessage","data":null,"relatedNodes":[],"impact":"critical","message":"aria-errormessage exists and references elements visible to screen readers that use a supported aria-errormessage technique"},{"id":"aria-level","data":null,"relatedNodes":[],"impact":"serious","message":"aria-level values are valid"}],"none":[],"impact":null,"html":"<summary id=\"working-patterns-expander\" class=\"nhsuk-details__summary \" role=\"button\" aria-controls=\"working-pattern-details\" aria-expanded=\"false\" data-test=\"filter-working-pattern\">","target":["#working-patterns-expander"]},{"any":[],"all":[{"id":"aria-valid-attr-value","data":null,"relatedNodes":[],"impact":"critical","message":"ARIA attribute values are valid"},{"id":"aria-errormessage","data":null,"relatedNodes":[],"impact":"critical","message":"aria-errormessage exists and references elements visible to screen readers that use a supported aria-errormessage technique"},{"id":"aria-level","data":null,"relatedNodes":[],"impact":"serious","message":"aria-level values are valid"}],"none":[],"impact":null,"html":"<summary class=\"nhsuk-details__summary\" role=\"button\" aria-controls=\"contract-type-details\" aria-expanded=\"false\" data-test=\"filter-contract-type\">\n                <span class=\"nhsuk-details__summary-text\">Contract type</span>\n            </summary>","target":["summary[aria-controls=\"contract-type-details\"]"]},{"any":[],"all":[{"id":"aria-valid-attr-value","data":null,"relatedNodes":[],"impact":"critical","message":"ARIA attribute values are valid"},{"id":"aria-errormessage","data":null,"relatedNodes":[],"impact":"critical","message":"aria-errormessage exists and references elements visible to screen readers that use a supported aria-errormessage technique"},{"id":"aria-level","data":null,"relatedNodes":[],"impact":"serious","message":"aria-level values are valid"}],"none":[],"impact":null,"html":"<summary class=\"nhsuk-details__summary\" role=\"button\" aria-controls=\"staff-group-details\" aria-expanded=\"false\" data-test=\"filter-staff-group\">\n                <span class=\"nhsuk-details__summary-text\">\n                    Staff group\n                </span>\n            </summary>","target":["summary[aria-controls=\"staff-group-details\"]"]},{"any":[],"all":[{"id":"aria-valid-attr-value","data":null,"relatedNodes":[],"impact":"critical","message":"ARIA attribute values are valid"},{"id":"aria-errormessage","data":null,"relatedNodes":[],"impact":"critical","message":"aria-errormessage exists and references elements visible to screen readers that use a supported aria-errormessage technique"},{"id":"aria-level","data":null,"relatedNodes":[],"impact":"serious","message":"aria-level values are valid"}],"none":[],"impact":null,"html":"<summary class=\"nhsuk-details__summary\" role=\"button\" aria-controls=\"pay-range-details\" aria-expanded=\"false\" data-test=\"filter-pay-range\">\n                <span class=\"nhsuk-details__summary-text\">\n                    Pay range\n                </span>\n            </summary>","target":["summary[aria-controls=\"pay-range-details\"]"]},{"any":[],"all":[{"id":"aria-valid-attr-value","data":null,"relatedNodes":[],"impact":"critical","message":"ARIA attribute values are valid"},{"id":"aria-errormessage","data":null,"relatedNodes":[],"impact":"critical","message":"aria-errormessage exists and references elements visible to screen readers that use a supported aria-errormessage technique"},{"id":"aria-level","data":null,"relatedNodes":[],"impact":"serious","message":"aria-level values are valid"}],"none":[],"impact":null,"html":"<summary class=\"nhsuk-details__summary\" role=\"button\" aria-controls=\"pay-band-details\" aria-expanded=\"false\" data-test=\"filter-pay-band\">","target":["summary[aria-controls=\"pay-band-details\"]"]},{"any":[],"all":[{"id":"aria-valid-attr-value","data":null,"relatedNodes":[],"impact":"critical","message":"ARIA attribute values are valid"},{"id":"aria-errormessage","data":null,"relatedNodes":[],"impact":"critical","message":"aria-errormessage exists and references elements visible to screen readers that use a supported aria-errormessage technique"},{"id":"aria-level","data":null,"relatedNodes":[],"impact":"serious","message":"aria-level values are valid"}],"none":[],"impact":null,"html":"<a href=\"/candidate/search/save-job/C9196-25-1091\" data-test=\"search-result-save-job\" aria-label=\"Save this job: Senior Nursing Assistant - Neighbourhood Nursing (District Nursing) (Reference number: C9196-25-1091)\">\n              Save this job\n            </a>","target":[".nhsuk-list-panel.search-result.nhsuk-u-padding-3:nth-child(1) > .nhsuk-grid-row:nth-child(1) > .save-job.nhsuk-u-margin-right-3 > a[data-test=\"search-result-save-job\"]"]},{"any":[],"all":[{"id":"aria-valid-attr-value","data":null,"relatedNodes":[],"impact":"critical","message":"ARIA attribute values are valid"},{"id":"aria-errormessage","data":null,"relatedNodes":[],"impact":"critical","message":"aria-errormessage exists and references elements visible to screen readers that use a supported aria-errormessage technique"},{"id":"aria-level","data":null,"relatedNodes":[],"impact":"serious","message":"aria-level values are valid"}],"none":[],"impact":null,"html":"<a href=\"/candidate/search/save-job/A3154-23-0000\" data-test=\"search-result-save-job\" aria-label=\"Save this job: Lead Practice Nurse or Advanced Nurse Practitioner (Reference number: A3154-23-0000)\">\n              Save this job\n            </a>","target":[".nhsuk-list-panel.search-result.nhsuk-u-padding-3:nth-child(2) > .nhsuk-grid-row:nth-child(1) > .save-job.nhsuk-u-margin-right-3 > a[data-test=\"search-result-save-job\"]"]},{"any":[],"all":[{"id":"aria-valid-attr-value","data":null,"relatedNodes":[],"impact":"critical","message":"ARIA attribute values are valid"},{"id":"aria-errormessage","data":null,"relatedNodes":[],"impact":"critical","message":"aria-errormessage exists and references elements visible to screen readers that use a supported aria-errormessage technique"},{"id":"aria-level","data":null,"relatedNodes":[],"impact":"serious","message":"aria-level values are valid"}],"none":[],"impact":null,"html":"<a href=\"/candidate/search/save-job/A2052-25-0003\" data-test=\"search-result-save-job\" aria-label=\"Save this job: Practice Nurse (Reference number: A2052-25-0003)\">\n              Save this job\n            </a>","target":[".nhsuk-list-panel.search-result.nhsuk-u-padding-3:nth-child(3) > .nhsuk-grid-row:nth-child(1) > .save-job.nhsuk-u-margin-right-3 > a[data-test=\"search-result-save-job\"]"]},{"any":[],"all":[{"id":"aria-valid-attr-value","data":null,"relatedNodes":[],"impact":"critical","message":"ARIA attribute values are valid"},{"id":"aria-errormessage","data":null,"relatedNodes":[],"impact":"critical","message":"aria-errormessage exists and references elements visible to screen readers that use a supported aria-errormessage technique"},{"id":"aria-level","data":null,"relatedNodes":[],"impact":"serious","message":"aria-level values are valid"}],"none":[],"impact":null,"html":"<a href=\"/candidate/search/save-job/A2052-25-0002\" data-test=\"search-result-save-job\" aria-label=\"Save this job: Practice Nurse (Reference number: A2052-25-0002)\">\n              Save this job\n            </a>","target":[".nhsuk-list-panel.search-result.nhsuk-u-padding-3:nth-child(4) > .nhsuk-grid-row:nth-child(1) > .save-job.nhsuk-u-margin-right-3 > a[data-test=\"search-result-save-job\"]"]},{"any":[],"all":[{"id":"aria-valid-attr-value","data":null,"relatedNodes":[],"impact":"critical","message":"ARIA attribute values are valid"},{"id":"aria-errormessage","data":null,"relatedNodes":[],"impact":"critical","message":"aria-errormessage exists and references elements visible to screen readers that use a supported aria-errormessage technique"},{"id":"aria-level","data":null,"relatedNodes":[],"impact":"serious","message":"aria-level values are valid"}],"none":[],"impact":null,"html":"<a href=\"/candidate/search/save-job/C9200-25-0733\" data-test=\"search-result-save-job\" aria-label=\"Save this job: Dermatology &amp; Skin Cancer Clinical Nurse Specialist Nurse (Reference number: C9200-25-0733)\">\n              Save this job\n            </a>","target":[".nhsuk-list-panel.search-result.nhsuk-u-padding-3:nth-child(5) > .nhsuk-grid-row:nth-child(1) > .save-job.nhsuk-u-margin-right-3 > a[data-test=\"search-result-save-job\"]"]},{"any":[],"all":[{"id":"aria-valid-attr-value","data":null,"relatedNodes":[],"impact":"critical","message":"ARIA attribute values are valid"},{"id":"aria-errormessage","data":null,"relatedNodes":[],"impact":"critical","message":"aria-errormessage exists and references elements visible to screen readers that use a supported aria-errormessage technique"},{"id":"aria-level","data":null,"relatedNodes":[],"impact":"serious","message":"aria-level values are valid"}],"none":[],"impact":null,"html":"<a href=\"/candidate/search/save-job/E0429-25-0025\" data-test=\"search-result-save-job\" aria-label=\"Save this job: Staff Nurse (Reference number: E0429-25-0025)\">\n              Save this job\n            </a>","target":[".nhsuk-list-panel.search-result.nhsuk-u-padding-3:nth-child(6) > .nhsuk-grid-row:nth-child(1) > .save-job.nhsuk-u-margin-right-3 > a[data-test=\"search-result-save-job\"]"]},{"any":[],"all":[{"id":"aria-valid-attr-value","data":null,"relatedNodes":[],"impact":"critical","message":"ARIA attribute values are valid"},{"id":"aria-errormessage","data":null,"relatedNodes":[],"impact":"critical","message":"aria-errormessage exists and references elements visible to screen readers that use a supported aria-errormessage technique"},{"id":"aria-level","data":null,"relatedNodes":[],"impact":"serious","message":"aria-level values are valid"}],"none":[],"impact":null,"html":"<a href=\"/candidate/search/save-job/A4272-24-0003\" data-test=\"search-result-save-job\" aria-label=\"Save this job: Practice Nurse (Reference number: A4272-24-0003)\">\n              Save this job\n            </a>","target":[".nhsuk-list-panel.search-result.nhsuk-u-padding-3:nth-child(7) > .nhsuk-grid-row:nth-child(1) > .save-job.nhsuk-u-margin-right-3 > a[data-test=\"search-result-save-job\"]"]},{"any":[],"all":[{"id":"aria-valid-attr-value","data":null,"relatedNodes":[],"impact":"critical","message":"ARIA attribute values are valid"},{"id":"aria-errormessage","data":null,"relatedNodes":[],"impact":"critical","message":"aria-errormessage exists and references elements visible to screen readers that use a supported aria-errormessage technique"},{"id":"aria-level","data":null,"relatedNodes":[],"impact":"serious","message":"aria-level values are valid"}],"none":[],"impact":null,"html":"<a href=\"/candidate/search/save-job/L0034-25-2230\" data-test=\"search-result-save-job\" aria-label=\"Save this job: Registered Nurse  (Reference number: L0034-25-2230)\">\n              Save this job\n            </a>","target":[".nhsuk-list-panel.search-result.nhsuk-u-padding-3:nth-child(8) > .nhsuk-grid-row:nth-child(1) > .save-job.nhsuk-u-margin-right-3 > a[data-test=\"search-result-save-job\"]"]},{"any":[],"all":[{"id":"aria-valid-attr-value","data":null,"relatedNodes":[],"impact":"critical","message":"ARIA attribute values are valid"},{"id":"aria-errormessage","data":null,"relatedNodes":[],"impact":"critical","message":"aria-errormessage exists and references elements visible to screen readers that use a supported aria-errormessage technique"},{"id":"aria-level","data":null,"relatedNodes":[],"impact":"serious","message":"aria-level values are valid"}],"none":[],"impact":null,"html":"<a href=\"/candidate/search/save-job/L0121-25-0827\" data-test=\"search-result-save-job\" aria-label=\"Save this job: Registered Nurse (Reference number: L0121-25-0827)\">\n              Save this job\n            </a>","target":[".nhsuk-list-panel.search-result.nhsuk-u-padding-3:nth-child(9) > .nhsuk-grid-row:nth-child(1) > .save-job.nhsuk-u-margin-right-3 > a[data-test=\"search-result-save-job\"]"]},{"any":[],"all":[{"id":"aria-valid-attr-value","data":null,"relatedNodes":[],"impact":"critical","message":"ARIA attribute values are valid"},{"id":"aria-errormessage","data":null,"relatedNodes":[],"impact":"critical","message":"aria-errormessage exists and references elements visible to screen readers that use a supported aria-errormessage technique"},{"id":"aria-level","data":null,"relatedNodes":[],"impact":"serious","message":"aria-level values are valid"}],"none":[],"impact":null,"html":"<a href=\"/candidate/search/save-job/A4003-25-0000\" data-test=\"search-result-save-job\" aria-label=\"Save this job: Practice Nurse (Reference number: A4003-25-0000)\">\n              Save this job\n            </a>","target":[".nhsuk-list-panel.search-result.nhsuk-u-padding-3:nth-child(10) > .nhsuk-grid-row:nth-child(1) > .save-job.nhsuk-u-margin-right-3 > a[data-test=\"search-result-save-job\"]"]},{"any":[],"all":[{"id":"aria-valid-attr-value","data":null,"relatedNodes":[],"impact":"critical","message":"ARIA attribute values are valid"},{"id":"aria-errormessage","data":null,"relatedNodes":[],"impact":"critical","message":"aria-errormessage exists and references elements visible to screen readers that use a supported aria-errormessage technique"},{"id":"aria-level","data":null,"relatedNodes":[],"impact":"serious","message":"aria-level values are valid"}],"none":[],"impact":null,"html":"<nav class=\"nhsuk-pagination\" role=\"navigation\" aria-label=\"Pagination\">","target":[".nhsuk-pagination"]}]},{"id":"aria-valid-attr","impact":null,"tags":["cat.aria","wcag2a","wcag412"],"description":"Ensures attributes that begin with aria- are valid ARIA attributes","help":"ARIA attributes must conform to valid names","helpUrl":"https://dequeuniversity.com/rules/axe/4.7/aria-valid-attr?application=axeAPI","nodes":[{"any":[{"id":"aria-valid-attr","data":null,"relatedNodes":[],"impact":"critical","message":"ARIA attribute name is valid"}],"all":[],"none":[],"impact":null,"html":"<a class=\"nhsuk-skip-link\" href=\"#search-results-heading\" aria-label=\"932 jobs found for Nurse in London. Sorted by: Best Match . Skip to search filters\" id=\"skip_to_search_filters\">Skip to search filters</a>","target":["#skip_to_search_filters"]},{"any":[{"id":"aria-valid-attr","data":null,"relatedNodes":[],"impact":"critical","message":"ARIA attribute name is valid"}],"all":[],"none":[],"impact":null,"html":"<a class=\"nhsuk-skip-link\" href=\"#first-result-title\" id=\"skipToSearchResults\" aria-label=\"Skip to search results\">Skip to search results</a>","target":["#skipToSearchResults"]},{"any":[{"id":"aria-valid-attr","data":null,"relatedNodes":[],"impact":"critical","message":"ARIA attribute name is valid"}],"all":[],"none":[],"impact":null,"html":"<a href=\"/candidate/cookies\" id=\"change-cookies-settings\" aria-label=\"Go to the cookie information page\">change your cookie settings</a>","target":["#change-cookies-settings"]},{"any":[{"id":"aria-valid-attr","data":null,"relatedNodes":[],"impact":"critical","message":"ARIA attribute name is valid"}],"all":[],"none":[],"impact":null,"html":"<a href=\"/candidate/dismiss-cookie-messages\" id=\"dismiss-cookie-messages\" aria-label=\"Dismiss information about cookie preferences\" style=\"float: right\">Hide</a>","target":["#dismiss-cookie-messages"]},{"any":[{"id":"aria-valid-attr","data":null,"relatedNodes":[],"impact":"critical","message":"ARIA attribute name is valid"}],"all":[],"none":[],"impact":null,"html":"<a class=\"nhsuk-header__link nhsuk-header__link--service nhsuk-header__link--service-short-name\" href=\"/candidate\" aria-label=\"NHS jobs homepage\">","target":[".nhsuk-header__link"]},{"any":[{"id":"aria-valid-attr","data":null,"relatedNodes":[],"impact":"critical","message":"ARIA attribute name is valid"}],"all":[],"none":[],"impact":null,"html":"<nav class=\"gem-c-translation-nav hide-mobile nhsuk-u-margin-0 nhsuk-u-padding-left-7\" aria-label=\"Translations\">","target":[".gem-c-translation-nav"]},{"any":[{"id":"aria-valid-attr","data":null,"relatedNodes":[],"impact":"critical","message":"ARIA attribute name is valid"}],"all":[],"none":[],"impact":null,"html":"<nav class=\"nhsuk-header__navigation\" id=\"header-navigation\" role=\"navigation\" aria-label=\"Primary navigation\" aria-labelledby=\"label-navigation\">","target":["#header-navigation"]},{"any":[{"id":"aria-valid-attr","data":null,"relatedNodes":[],"impact":"critical","message":"ARIA attribute name is valid"}],"all":[],"none":[],"impact":null,"html":"<div class=\"beta-banner\" aria-label=\"beta-banner\" role=\"complementary\">","target":[".beta-banner"]},{"any":[{"id":"aria-valid-attr","data":null,"relatedNodes":[],"impact":"critical","message":"ARIA attribute name is valid"}],"all":[],"none":[],"impact":null,"html":"<h1 data-test=\"search-result-query\" id=\"search-results-heading\" class=\"nhsuk-heading-xl nhsuk-u-padding-left-4 nhsuk-u-margin-bottom-4\" aria-label=\"932 jobs found for Nurse in London. Sorted by: Best Match\">\n          932 jobs found for Nurse in London\n        </h1>","target":["#search-results-heading"]},{"any":[{"id":"aria-valid-attr","data":null,"relatedNodes":[],"impact":"critical","message":"ARIA attribute name is valid"}],"all":[],"none":[],"impact":null,"html":"<input name=\"keyword\" id=\"keyword\" value=\"Nurse\" class=\"nhsuk-input nhsuk-u--width-full\" type=\"search\" data-test=\"search-jobTitle-input\" aria-label=\"Search What? For example, job title or skills\">","target":["#keyword"]},{"any":[{"id":"aria-valid-attr","data":null,"relatedNodes":[],"impact":"critical","message":"ARIA attribute name is valid"}],"all":[],"none":[],"impact":null,"html":"<div id=\"location__status--A\" role=\"status\" aria-atomic=\"true\" aria-live=\"polite\"></div>","target":["#location__status--A"]},{"any":[{"id":"aria-valid-attr","data":null,"relatedNodes":[],"impact":"critical","message":"ARIA attribute name is valid"}],"all":[],"none":[],"impact":null,"html":"<div id=\"location__status--B\" role=\"status\" aria-atomic=\"true\" aria-live=\"polite\"></div>","target":["#location__status--B"]},{"any":[{"id":"aria-valid-attr","data":null,"relatedNodes":[],"impact":"critical","message":"ARIA attribute name is valid"}],"all":[],"none":[],"impact":null,"html":"<input aria-describedby=\"location__assistiveHint\" aria-expanded=\"false\" aria-controls=\"location__listbox\" aria-autocomplete=\"list\" autocomplete=\"off\" class=\"nhsuk-input nhsuk-u--width-full\" id=\"location\" name=\"location\" placeholder=\"\" type=\"search\" role=\"combobox\" data-test=\"search-location-input\" aria-label=\"Search Where? For example, a postcode, town or city, search text field\">","target":["#location"]},{"any":[{"id":"aria-valid-attr","data":null,"relatedNodes":[],"impact":"critical","message":"ARIA attribute name is valid"}],"all":[],"none":[],"impact":null,"html":"<summary class=\"nhsuk-details__summary\" role=\"button\" aria-controls=\"distance-details\" aria-expanded=\"false\" data-test=\"distance\">\n                <span class=\"nhsuk-details__summary-text\">\n                    Distance\n                </span>\n            </summary>","target":["summary[aria-controls=\"distance-details\"]"]},{"any":[{"id":"aria-valid-attr","data":null,"relatedNodes":[],"impact":"critical","message":"ARIA attribute name is valid"}],"all":[],"none":[],"impact":null,"html":"<summary class=\"nhsuk-details__summary\" role=\"button\" aria-controls=\"covid-jobs-only\" aria-expanded=\"false\" data-test=\"filter-covid-only\">\n                <span class=\"nhsuk-details__summary-text\">\n                    COVID-19\n                </span>\n            </summary>","target":["summary[aria-controls=\"covid-jobs-only\"]"]},{"any":[{"id":"aria-valid-attr","data":null,"relatedNodes":[],"impact":"critical","message":"ARIA attribute name is valid"}],"all":[],"none":[],"impact":null,"html":"<summary id=\"working-patterns-expander\" class=\"nhsuk-details__summary \" role=\"button\" aria-controls=\"working-pattern-details\" aria-expanded=\"false\" data-test=\"filter-working-pattern\">","target":["#working-patterns-expander"]},{"any":[{"id":"aria-valid-attr","data":null,"relatedNodes":[],"impact":"critical","message":"ARIA attribute name is valid"}],"all":[],"none":[],"impact":null,"html":"<summary class=\"nhsuk-details__summary\" role=\"button\" aria-controls=\"contract-type-details\" aria-expanded=\"false\" data-test=\"filter-contract-type\">\n                <span class=\"nhsuk-details__summary-text\">Contract type</span>\n            </summary>","target":["summary[aria-controls=\"contract-type-details\"]"]},{"any":[{"id":"aria-valid-attr","data":null,"relatedNodes":[],"impact":"critical","message":"ARIA attribute name is valid"}],"all":[],"none":[],"impact":null,"html":"<summary class=\"nhsuk-details__summary\" role=\"button\" aria-controls=\"staff-group-details\" aria-expanded=\"false\" data-test=\"filter-staff-group\">\n                <span class=\"nhsuk-details__summary-text\">\n                    Staff group\n                </span>\n            </summary>","target":["summary[aria-controls=\"staff-group-details\"]"]},{"any":[{"id":"aria-valid-attr","data":null,"relatedNodes":[],"impact":"critical","message":"ARIA attribute name is valid"}],"all":[],"none":[],"impact":null,"html":"<summary class=\"nhsuk-details__summary\" role=\"button\" aria-controls=\"pay-range-details\" aria-expanded=\"false\" data-test=\"filter-pay-range\">\n                <span class=\"nhsuk-details__summary-text\">\n                    Pay range\n                </span>\n            </summary>","target":["summary[aria-controls=\"pay-range-details\"]"]},{"any":[{"id":"aria-valid-attr","data":null,"relatedNodes":[],"impact":"critical","message":"ARIA attribute name is valid"}],"all":[],"none":[],"impact":null,"html":"<summary class=\"nhsuk-details__summary\" role=\"button\" aria-controls=\"pay-band-details\" aria-expanded=\"false\" data-test=\"filter-pay-band\">","target":["summary[aria-controls=\"pay-band-details\"]"]},{"any":[{"id":"aria-valid-attr","data":null,"relatedNodes":[],"impact":"critical","message":"ARIA attribute name is valid"}],"all":[],"none":[],"impact":null,"html":"<a href=\"/candidate/search/save-job/C9196-25-1091\" data-test=\"search-result-save-job\" aria-label=\"Save this job: Senior Nursing Assistant - Neighbourhood Nursing (District Nursing) (Reference number: C9196-25-1091)\">\n              Save this job\n            </a>","target":[".nhsuk-list-panel.search-result.nhsuk-u-padding-3:nth-child(1) > .nhsuk-grid-row:nth-child(1) > .save-job.nhsuk-u-margin-right-3 > a[data-test=\"search-result-save-job\"]"]},{"any":[{"id":"aria-valid-attr","data":null,"relatedNodes":[],"impact":"critical","message":"ARIA attribute name is valid"}],"all":[],"none":[],"impact":null,"html":"<a href=\"/candidate/search/save-job/A3154-23-0000\" data-test=\"search-result-save-job\" aria-label=\"Save this job: Lead Practice Nurse or Advanced Nurse Practitioner (Reference number: A3154-23-0000)\">\n              Save this job\n            </a>","target":[".nhsuk-list-panel.search-result.nhsuk-u-padding-3:nth-child(2) > .nhsuk-grid-row:nth-child(1) > .save-job.nhsuk-u-margin-right-3 > a[data-test=\"search-result-save-job\"]"]},{"any":[{"id":"aria-valid-attr","data":null,"relatedNodes":[],"impact":"critical","message":"ARIA attribute name is valid"}],"all":[],"none":[],"impact":null,"html":"<a href=\"/candidate/search/save-job/A2052-25-0003\" data-test=\"search-result-save-job\" aria-label=\"Save this job: Practice Nurse (Reference number: A2052-25-0003)\">\n              Save this job\n            </a>","target":[".nhsuk-list-panel.search-result.nhsuk-u-padding-3:nth-child(3) > .nhsuk-grid-row:nth-child(1) > .save-job.nhsuk-u-margin-right-3 > a[data-test=\"search-result-save-job\"]"]},{"any":[{"id":"aria-valid-attr","data":null,"relatedNodes":[],"impact":"critical","message":"ARIA attribute name is valid"}],"all":[],"none":[],"impact":null,"html":"<a href=\"/candidate/search/save-job/A2052-25-0002\" data-test=\"search-result-save-job\" aria-label=\"Save this job: Practice Nurse (Reference number: A2052-25-0002)\">\n              Save this job\n            </a>","target":[".nhsuk-list-panel.search-result.nhsuk-u-padding-3:nth-child(4) > .nhsuk-grid-row:nth-child(1) > .save-job.nhsuk-u-margin-right-3 > a[data-test=\"search-result-save-job\"]"]},{"any":[{"id":"aria-valid-attr","data":null,"relatedNodes":[],"impact":"critical","message":"ARIA attribute name is valid"}],"all":[],"none":[],"impact":null,"html":"<a href=\"/candidate/search/save-job/C9200-25-0733\" data-test=\"search-result-save-job\" aria-label=\"Save this job: Dermatology &amp; Skin Cancer Clinical Nurse Specialist Nurse (Reference number: C9200-25-0733)\">\n              Save this job\n            </a>","target":[".nhsuk-list-panel.search-result.nhsuk-u-padding-3:nth-child(5) > .nhsuk-grid-row:nth-child(1) > .save-job.nhsuk-u-margin-right-3 > a[data-test=\"search-result-save-job\"]"]},{"any":[{"id":"aria-valid-attr","data":null,"relatedNodes":[],"impact":"critical","message":"ARIA attribute name is valid"}],"all":[],"none":[],"impact":null,"html":"<a href=\"/candidate/search/save-job/E0429-25-0025\" data-test=\"search-result-save-job\" aria-label=\"Save this job: Staff Nurse (Reference number: E0429-25-0025)\">\n              Save this job\n            </a>","target":[".nhsuk-list-panel.search-result.nhsuk-u-padding-3:nth-child(6) > .nhsuk-grid-row:nth-child(1) > .save-job.nhsuk-u-margin-right-3 > a[data-test=\"search-result-save-job\"]"]},{"any":[{"id":"aria-valid-attr","data":null,"relatedNodes":[],"impact":"critical","message":"ARIA attribute name is valid"}],"all":[],"none":[],"impact":null,"html":"<a href=\"/candidate/search/save-job/A4272-24-0003\" data-test=\"search-result-save-job\" aria-label=\"Save this job: Practice Nurse (Reference number: A4272-24-0003)\">\n              Save this job\n            </a>","target":[".nhsuk-list-panel.search-result.nhsuk-u-padding-3:nth-child(7) > .nhsuk-grid-row:nth-child(1) > .save-job.nhsuk-u-margin-right-3 > a[data-test=\"search-result-save-job\"]"]},{"any":[{"id":"aria-valid-attr","data":null,"relatedNodes":[],"impact":"critical","message":"ARIA attribute name is valid"}],"all":[],"none":[],"impact":null,"html":"<a href=\"/candidate/search/save-job/L0034-25-2230\" data-test=\"search-result-save-job\" aria-label=\"Save this job: Registered Nurse  (Reference number: L0034-25-2230)\">\n              Save this job\n            </a>","target":[".nhsuk-list-panel.search-result.nhsuk-u-padding-3:nth-child(8) > .nhsuk-grid-row:nth-child(1) > .save-job.nhsuk-u-margin-right-3 > a[data-test=\"search-result-save-job\"]"]},{"any":[{"id":"aria-valid-attr","data":null,"relatedNodes":[],"impact":"critical","message":"ARIA attribute name is valid"}],"all":[],"none":[],"impact":null,"html":"<a href=\"/candidate/search/save-job/L0121-25-0827\" data-test=\"search-result-save-job\" aria-label=\"Save this job: Registered Nurse (Reference number: L0121-25-0827)\">\n              Save this job\n            </a>","target":[".nhsuk-list-panel.search-result.nhsuk-u-padding-3:nth-child(9) > .nhsuk-grid-row:nth-child(1) > .save-job.nhsuk-u-margin-right-3 > a[data-test=\"search-result-save-job\"]"]},{"any":[{"id":"aria-valid-attr","data":null,"relatedNodes":[],"impact":"critical","message":"ARIA attribute name is valid"}],"all":[],"none":[],"impact":null,"html":"<a href=\"/candidate/search/save-job/A4003-25-0000\" data-test=\"search-result-save-job\" aria-label=\"Save this job: Practice Nurse (Reference number: A4003-25-0000)\">\n              Save this job\n            </a>","target":[".nhsuk-list-panel.search-result.nhsuk-u-padding-3:nth-child(10) > .nhsuk-grid-row:nth-child(1) > .save-job.nhsuk-u-margin-right-3 > a[data-test=\"search-result-save-job\"]"]},{"any":[{"id":"aria-valid-attr","data":null,"relatedNodes":[],"impact":"critical","message":"ARIA attribute name is valid"}],"all":[],"none":[],"impact":null,"html":"<nav class=\"nhsuk-pagination\" role=\"navigation\" aria-label=\"Pagination\">","target":[".nhsuk-pagination"]}]},{"id":"autocomplete-valid","impact":null,"tags":["cat.forms","wcag21aa","wcag135","ACT"],"description":"Ensure the autocomplete attribute is correct and suitable for the form field","help":"autocomplete attribute must be used correctly","helpUrl":"https://dequeuniversity.com/rules/axe/4.7/autocomplete-valid?application=axeAPI","nodes":[{"any":[],"all":[{"id":"autocomplete-valid","data":null,"relatedNodes":[],"impact":"serious","message":"the autocomplete attribute is correctly formatted"}],"none":[],"impact":null,"html":"<input aria-describedby=\"location__assistiveHint\" aria-expanded=\"false\" aria-controls=\"location__listbox\" aria-autocomplete=\"list\" autocomplete=\"off\" class=\"nhsuk-input nhsuk-u--width-full\" id=\"location\" name=\"location\" placeholder=\"\" type=\"search\" role=\"combobox\" data-test=\"search-location-input\" aria-label=\"Search Where? For example, a postcode, town or city, search text field\">","target":["#location"]}]},{"id":"avoid-inline-spacing","impact":null,"tags":["cat.structure","wcag21aa","wcag1412","ACT"],"description":"Ensure that text spacing set through style attributes can be adjusted with custom stylesheets","help":"Inline text spacing must be adjustable with custom stylesheets","helpUrl":"https://dequeuniversity.com/rules/axe/4.7/avoid-inline-spacing?application=axeAPI","nodes":[{"any":[],"all":[{"id":"important-letter-spacing","data":null,"relatedNodes":[],"impact":"serious","message":"Letter-spacing in the style attribute is not set to !important, or meets the minimum"},{"id":"important-word-spacing","data":null,"relatedNodes":[],"impact":"serious","message":"word-spacing in the style attribute is not set to !important, or meets the minimum"},{"id":"important-line-height","data":null,"relatedNodes":[],"impact":"serious","message":"line-height in the style attribute is not set to !important, or meets the minimum"}],"none":[],"impact":null,"html":"<html lang=\"en\" style=\"\">","target":["html"]},{"any":[],"all":[{"id":"important-letter-spacing","data":null,"relatedNodes":[],"impact":"serious","message":"Letter-spacing in the style attribute is not set to !important, or meets the minimum"},{"id":"important-word-spacing","data":null,"relatedNodes":[],"impact":"serious","message":"word-spacing in the style attribute is not set to !important, or meets the minimum"},{"id":"important-line-height","data":null,"relatedNodes":[],"impact":"serious","message":"line-height in the style attribute is not set to !important, or meets the minimum"}],"none":[],"impact":null,"html":"<a href=\"/candidate/dismiss-cookie-messages\" id=\"dismiss-cookie-messages\" aria-label=\"Dismiss information about cookie preferences\" style=\"float: right\">Hide</a>","target":["#dismiss-cookie-messages"]},{"any":[],"all":[{"id":"important-letter-spacing","data":null,"relatedNodes":[],"impact":"serious","message":"Letter-spacing in the style attribute is not set to !important, or meets the minimum"},{"id":"important-word-spacing","data":null,"relatedNodes":[],"impact":"serious","message":"word-spacing in the style attribute is not set to !important, or meets the minimum"},{"id":"important-line-height","data":null,"relatedNodes":[],"impact":"serious","message":"line-height in the style attribute is not set to !important, or meets the minimum"}],"none":[],"impact":null,"html":"<div class=\"nhsuk-grid-row\" style=\"padding-left: 1em;\">","target":["#searchFilterRibbon > .nhsuk-grid-row"]},{"any":[],"all":[{"id":"important-letter-spacing","data":null,"relatedNodes":[],"impact":"serious","message":"Letter-spacing in the style attribute is not set to !important, or meets the minimum"},{"id":"important-word-spacing","data":null,"relatedNodes":[],"impact":"serious","message":"word-spacing in the style attribute is not set to !important, or meets the minimum"},{"id":"important-line-height","data":null,"relatedNodes":[],"impact":"serious","message":"line-height in the style attribute is not set to !important, or meets the minimum"}],"none":[],"impact":null,"html":"<div class=\"nhsuk-grid-column-two-quarters\" style=\"padding-top: 30px;\">","target":[".nhsuk-grid-column-two-quarters"]},{"any":[],"all":[{"id":"important-letter-spacing","data":null,"relatedNodes":[],"impact":"serious","message":"Letter-spacing in the style attribute is not set to !important, or meets the minimum"},{"id":"important-word-spacing","data":null,"relatedNodes":[],"impact":"serious","message":"word-spacing in the style attribute is not set to !important, or meets the minimum"},{"id":"important-line-height","data":null,"relatedNodes":[],"impact":"serious","message":"line-height in the style attribute is not set to !important, or meets the minimum"}],"none":[],"impact":null,"html":"<div class=\"hide-label nhsuk-u-margin-bottom-3 search-sort-wrapper results-found\" style=\"display: flex; align-items: center;\">","target":[".hide-label"]},{"any":[],"all":[{"id":"important-letter-spacing","data":null,"relatedNodes":[],"impact":"serious","message":"Letter-spacing in the style attribute is not set to !important, or meets the minimum"},{"id":"important-word-spacing","data":null,"relatedNodes":[],"impact":"serious","message":"word-spacing in the style attribute is not set to !important, or meets the minimum"},{"id":"important-line-height","data":null,"relatedNodes":[],"impact":"serious","message":"line-height in the style attribute is not set to !important, or meets the minimum"}],"none":[],"impact":null,"html":"<div class=\"nhsuk-form-group nhsuk-grid-column-auto\" style=\"margin-left: auto;\">","target":[".nhsuk-grid-column-auto"]},{"any":[],"all":[{"id":"important-letter-spacing","data":null,"relatedNodes":[],"impact":"serious","message":"Letter-spacing in the style attribute is not set to !important, or meets the minimum"},{"id":"important-word-spacing","data":null,"relatedNodes":[],"impact":"serious","message":"word-spacing in the style attribute is not set to !important, or meets the minimum"},{"id":"important-line-height","data":null,"relatedNodes":[],"impact":"serious","message":"line-height in the style attribute is not set to !important, or meets the minimum"}],"none":[],"impact":null,"html":"<span style=\"fill: #DA291C; width:20px; height:20px;\" title=\"COVID-19\">","target":["span[title=\"COVID-19\"]"]},{"any":[],"all":[{"id":"important-letter-spacing","data":null,"relatedNodes":[],"impact":"serious","message":"Letter-spacing in the style attribute is not set to !important, or meets the minimum"},{"id":"important-word-spacing","data":null,"relatedNodes":[],"impact":"serious","message":"word-spacing in the style attribute is not set to !important, or meets the minimum"},{"id":"important-line-height","data":null,"relatedNodes":[],"impact":"serious","message":"line-height in the style attribute is not set to !important, or meets the minimum"}],"none":[],"impact":null,"html":"<svg style=\"width:20px; height:20px;\" xmlns=\"http://www.w3.org/2000/svg\" viewBox=\"0 0 512 512\">","target":["svg[viewBox=\"0 0 512 512\"]"]}]},{"id":"button-name","impact":null,"tags":["cat.name-role-value","wcag2a","wcag412","section508","section508.22.a","ACT","TTv5","TT6.a"],"description":"Ensures buttons have discernible text","help":"Buttons must have discernible text","helpUrl":"https://dequeuniversity.com/rules/axe/4.7/button-name?application=axeAPI","nodes":[{"any":[{"id":"button-has-visible-text","data":null,"relatedNodes":[],"impact":"critical","message":"Element has inner text that is visible to screen readers"}],"all":[],"none":[],"impact":null,"html":"<button class=\"nhsuk-button  nhsuk-u-padding-top-2 nhsuk-u-padding-bottom-2\" type=\"submit\" id=\"search\" data-test=\"search-button\">Search</button>","target":["#search"]}]},{"id":"bypass","impact":null,"tags":["cat.keyboard","wcag2a","wcag241","section508","section508.22.o","TTv5","TT9.a"],"description":"Ensures each page has at least one mechanism for a user to bypass navigation and jump straight to the content","help":"Page must have means to bypass repeated blocks","helpUrl":"https://dequeuniversity.com/rules/axe/4.7/bypass?application=axeAPI","nodes":[{"any":[{"id":"internal-link-present","data":null,"relatedNodes":[],"impact":"serious","message":"Valid skip link found"},{"id":"header-present","data":null,"relatedNodes":[{"html":"<h1 data-test=\"search-result-query\" id=\"search-results-heading\" class=\"nhsuk-heading-xl nhsuk-u-padding-left-4 nhsuk-u-margin-bottom-4\" aria-label=\"932 jobs found for Nurse in London. Sorted by: Best Match\">\n          932 jobs found for Nurse in London\n        </h1>","target":["#search-results-heading"]},{"html":"<h2 class=\"nhsuk-heading-s\">Refine your search</h2>","target":[".nhsuk-heading-s"]},{"html":"<h3 class=\"nhsuk-heading-m\">\n    <a href=\"/candidate/search/save/alerts\" data-test=\"save-search\">Save this search</a>\n</h3>","target":[".hide-mobile > h3"]},{"html":"<h2 class=\"nhsuk-heading-m nhsuk-u-margin-bottom-2\" id=\"job-title-1\">","target":["#job-title-1"]},{"html":"<h3 class=\"nhsuk-u-font-weight-bold\">\n          Guy's and St Thomas' NHS Foundation Trust\n          <div class=\"location-font-size\">\n            \n              London SE1 7EH\n            \n          </div>\n        </h3>","target":[".nhsuk-list-panel.search-result.nhsuk-u-padding-3:nth-child(1) > .nhsuk-u-margin-bottom-4[data-test=\"search-result-location\"] > h3"]},{"html":"<h2 class=\"nhsuk-heading-m nhsuk-u-margin-bottom-2\" id=\"job-title-2\">","target":["#job-title-2"]},{"html":"<h3 class=\"nhsuk-u-font-weight-bold\">\n          Swanscombe &amp; Bean Partnership\n          <div class=\"location-font-size\">\n            \n              Swanscombe DA10 0BF\n            \n          </div>\n        </h3>","target":[".nhsuk-list-panel.search-result.nhsuk-u-padding-3:nth-child(2) > .nhsuk-u-margin-bottom-4[data-test=\"search-result-location\"] > h3"]},{"html":"<h2 class=\"nhsuk-heading-m nhsuk-u-margin-bottom-2\" id=\"job-title-3\">","target":["#job-title-3"]},{"html":"<h3 class=\"nhsuk-u-font-weight-bold\">\n          Swanley Medical Practice\n          <div class=\"location-font-size\">\n            \n              Swanley BR8 7AH, \n            \n              Swanley BR8 7UP, \n            \n              Swanley BR8 7RB\n            \n          </div>\n        </h3>","target":[".nhsuk-list-panel.search-result.nhsuk-u-padding-3:nth-child(3) > .nhsuk-u-margin-bottom-4[data-test=\"search-result-location\"] > h3"]},{"html":"<h2 class=\"nhsuk-heading-m nhsuk-u-margin-bottom-2\" id=\"job-title-4\">","target":["#job-title-4"]},{"html":"<h3 class=\"nhsuk-u-font-weight-bold\">\n          Swanley Medical Practice\n          <div class=\"location-font-size\">\n            \n              Swanley BR8 7AH, \n            \n              Swanley BR8 7UP, \n            \n              Swanley BR8 7RB\n            \n          </div>\n        </h3>","target":[".nhsuk-list-panel.search-result.nhsuk-u-padding-3:nth-child(4) > .nhsuk-u-margin-bottom-4[data-test=\"search-result-location\"] > h3"]},{"html":"<h2 class=\"nhsuk-heading-m nhsuk-u-margin-bottom-2\" id=\"job-title-5\">","target":["#job-title-5"]},{"html":"<h3 class=\"nhsuk-u-font-weight-bold\">\n          St George's University Hospitals NHS Foundation Trust\n          <div class=\"location-font-size\">\n            \n              London SW17 0QT\n            \n          </div>\n        </h3>","target":[".nhsuk-list-panel.search-result.nhsuk-u-padding-3:nth-child(5) > .nhsuk-u-margin-bottom-4[data-test=\"search-result-location\"] > h3"]},{"html":"<h2 class=\"nhsuk-heading-m nhsuk-u-margin-bottom-2\" id=\"job-title-6\">\n            \n            <a href=\"/candidate/jobadvert/E0429-25-0025?keyword=Nurse&amp;location=London&amp;distance=5&amp;language=en\" data-test=\"search-result-job-title\">\n              Staff Nurse\n            </a>\n          </h2>","target":["#job-title-6"]},{"html":"<h3 class=\"nhsuk-u-font-weight-bold\">\n          Fairlie Healthcare Group\n          <div class=\"location-font-size\">\n            \n              Purley CR82HJ\n            \n          </div>\n        </h3>","target":[".nhsuk-list-panel.search-result.nhsuk-u-padding-3:nth-child(6) > .nhsuk-u-margin-bottom-4[data-test=\"search-result-location\"] > h3"]},{"html":"<h2 class=\"nhsuk-heading-m nhsuk-u-margin-bottom-2\" id=\"job-title-7\">","target":["#job-title-7"]},{"html":"<h3 class=\"nhsuk-u-font-weight-bold\">\n          Tamworth House Medical Centre\n          <div class=\"location-font-size\">\n            \n              Mitcham CR4 1DL\n            \n          </div>\n        </h3>","target":[".nhsuk-list-panel.search-result.nhsuk-u-padding-3:nth-child(7) > .nhsuk-u-margin-bottom-4[data-test=\"search-result-location\"] > h3"]},{"html":"<h2 class=\"nhsuk-heading-m nhsuk-u-margin-bottom-2\" id=\"job-title-8\">","target":["#job-title-8"]},{"html":"<h3 class=\"nhsuk-u-font-weight-bold\">\n          Avery Healthcare Group Ltd.\n          <div class=\"location-font-size\">\n            \n              Purley CR8 2LF\n            \n          </div>\n        </h3>","target":[".nhsuk-list-panel.search-result.nhsuk-u-padding-3:nth-child(8) > .nhsuk-u-margin-bottom-4[data-test=\"search-result-location\"] > h3"]},{"html":"<h2 class=\"nhsuk-heading-m nhsuk-u-margin-bottom-2\" id=\"job-title-9\">","target":["#job-title-9"]},{"html":"<h3 class=\"nhsuk-u-font-weight-bold\">\n          Aria Care\n          <div class=\"location-font-size\">\n            \n              Denham UB9 5DQ\n            \n          </div>\n        </h3>","target":[".nhsuk-list-panel.search-result.nhsuk-u-padding-3:nth-child(9) > .nhsuk-u-margin-bottom-4[data-test=\"search-result-location\"] > h3"]},{"html":"<h2 class=\"nhsuk-heading-m nhsuk-u-margin-bottom-2\" id=\"job-title-10\">","target":["#job-title-10"]},{"html":"<h3 class=\"nhsuk-u-font-weight-bold\">\n          Bellegrove Surgery\n          <div class=\"location-font-size\">\n            \n              Welling DA16 3RE\n            \n          </div>\n        </h3>","target":[".nhsuk-list-panel.search-result.nhsuk-u-padding-3:nth-child(10) > .nhsuk-u-margin-bottom-4[data-test=\"search-result-location\"] > h3"]},{"html":"<h2 class=\"nhsuk-u-visually-hidden\">Support links</h2>","target":[".nhsuk-width-container > .nhsuk-u-visually-hidden"]}],"impact":"serious","message":"Page has a heading"},{"id":"landmark","data":null,"relatedNodes":[{"html":"<main class=\"nhsuk-main-wrapper \" id=\"maincontent\" role=\"main\">","target":["#maincontent"]}],"impact":"serious","message":"Page has a landmark region"}],"all":[],"none":[],"impact":null,"html":"<html lang=\"en\" style=\"\">","target":["html"]}]},{"id":"color-contrast","impact":null,"tags":["cat.color","wcag2aa","wcag143","ACT","TTv5","TT13.c"],"description":"Ensures the contrast between foreground and background colors meets WCAG 2 AA minimum contrast ratio thresholds","help":"Elements must meet minimum color contrast ratio thresholds","helpUrl":"https://dequeuniversity.com/rules/axe/4.7/color-contrast?application=axeAPI","nodes":[{"any":[{"id":"color-contrast","data":{"fgColor":"#212b32","bgColor":"#ffffff","contrastRatio":14.42,"fontSize":"12.0pt (16px)","fontWeight":"normal","expectedContrastRatio":"4.5:1"},"relatedNodes":[],"impact":"serious","message":"Element has sufficient color contrast of 14.42"}],"all":[],"none":[],"impact":null,"html":"<span id=\"accepted-cookies-message\">You’ve accepted analytics cookies. You can \n      <a href=\"/candidate/cookies\" id=\"change-cookies-settings\" aria-label=\"Go to the cookie information page\">change your cookie settings</a> at any time.</span>","target":["#accepted-cookies-message"]},{"any":[{"id":"color-contrast","data":{"fgColor":"#005eb8","bgColor":"#ffffff","contrastRatio":6.37,"fontSize":"12.0pt (16px)","fontWeight":"normal","expectedContrastRatio":"4.5:1"},"relatedNodes":[],"impact":"serious","message":"Element has sufficient color contrast of 6.37"}],"all":[],"none":[],"impact":null,"html":"<a href=\"/candidate/cookies\" id=\"change-cookies-settings\" aria-label=\"Go to the cookie information page\">change your cookie settings</a>","target":["#change-cookies-settings"]},{"any":[{"id":"color-contrast","data":{"fgColor":"#005eb8","bgColor":"#ffffff","contrastRatio":6.37,"fontSize":"12.0pt (16px)","fontWeight":"normal","expectedContrastRatio":"4.5:1"},"relatedNodes":[],"impact":"serious","message":"Element has sufficient color contrast of 6.37"}],"all":[],"none":[],"impact":null,"html":"<a href=\"/candidate/dismiss-cookie-messages\" id=\"dismiss-cookie-messages\" aria-label=\"Dismiss information about cookie preferences\" style=\"float: right\">Hide</a>","target":["#dismiss-cookie-messages"]},{"any":[{"id":"color-contrast","data":{"fgColor":"#ffffff","bgColor":"#005eb8","contrastRatio":6.37,"fontSize":"14.3pt (19px)","fontWeight":"normal","expectedContrastRatio":"4.5:1"},"relatedNodes":[],"impact":"serious","message":"Element has sufficient color contrast of 6.37"}],"all":[],"none":[],"impact":null,"html":"<div class=\"nhsuk-header__service-name\">Jobs</div>","target":[".nhsuk-header__service-name"]},{"any":[{"id":"color-contrast","data":{"fgColor":"#ffffff","bgColor":"#005eb8","contrastRatio":6.37,"fontSize":"14.3pt (19px)","fontWeight":"normal","expectedContrastRatio":"4.5:1"},"relatedNodes":[],"impact":"serious","message":"Element has sufficient color contrast of 6.37"}],"all":[],"none":[],"impact":null,"html":"<a class=\"sign-in-link\" id=\"candidate_sign_in\" href=\"/candidate/auth/login\">\n        Sign in\n      </a>","target":["#candidate_sign_in"]},{"any":[{"id":"color-contrast","data":{"fgColor":"#ffffff","bgColor":"#005eb8","contrastRatio":6.37,"fontSize":"14.3pt (19px)","fontWeight":"normal","expectedContrastRatio":"4.5:1"},"relatedNodes":[],"impact":"serious","message":"Element has sufficient color contrast of 6.37"}],"all":[],"none":[],"impact":null,"html":"<a href=\"/candidate/auth/register/first-last-name\" class=\"sign-in-link\" data-test=\"header-create-account\">Create an account</a>","target":[".sign-in-link[data-test=\"header-create-account\"]"]},{"any":[{"id":"color-contrast","data":{"fgColor":"#ffffff","bgColor":"#005eb8","contrastRatio":6.37,"fontSize":"14.3pt (19px)","fontWeight":"normal","expectedContrastRatio":"4.5:1"},"relatedNodes":[],"impact":"serious","message":"Element has sufficient color contrast of 6.37"}],"all":[],"none":[],"impact":null,"html":"<a lang=\"en\" href=\"/candidate/search/locale/en\" class=\"language-toggle-selected\" data-test=\"english-language-link\">English</a>","target":[".language-toggle-selected"]},{"any":[{"id":"color-contrast","data":{"fgColor":"#ffffff","bgColor":"#005eb8","contrastRatio":6.37,"fontSize":"14.3pt (19px)","fontWeight":"normal","expectedContrastRatio":"4.5:1"},"relatedNodes":[],"impact":"serious","message":"Element has sufficient color contrast of 6.37"}],"all":[],"none":[],"impact":null,"html":"<a lang=\"cy\" href=\"/candidate/search/locale/cy\" class=\"language-toggle\" data-test=\"welsh-language-link\">Cymraeg</a>","target":[".language-toggle"]},{"any":[{"id":"color-contrast","data":{"fgColor":"#ffffff","bgColor":"#005eb8","contrastRatio":6.37,"fontSize":"12.0pt (16px)","fontWeight":"normal","expectedContrastRatio":"4.5:1"},"relatedNodes":[],"impact":"serious","message":"Element has sufficient color contrast of 6.37"}],"all":[],"none":[],"impact":null,"html":"<a class=\"nhsuk-header__navigation-link\" href=\"/candidate/search\">","target":["a[href$=\"search\"]"]},{"any":[{"id":"color-contrast","data":{"fgColor":"#ffffff","bgColor":"#005eb8","contrastRatio":6.37,"fontSize":"15.0pt (20px)","fontWeight":"bold","expectedContrastRatio":"3:1"},"relatedNodes":[],"impact":"serious","message":"Element has sufficient color contrast of 6.37"}],"all":[],"none":[],"impact":null,"html":"<strong class=\"status-box status-box-blue\">BETA</strong>","target":[".status-box"]},{"any":[{"id":"color-contrast","data":{"fgColor":"#212b32","bgColor":"#ffffff","contrastRatio":14.42,"fontSize":"12.0pt (16px)","fontWeight":"normal","expectedContrastRatio":"4.5:1"},"relatedNodes":[],"impact":"serious","message":"Element has sufficient color contrast of 14.42"}],"all":[],"none":[],"impact":null,"html":"<span>Your\n            <a href=\"mailto:nhsbsa.nhsjobs@nhsbsa.nhs.uk?subject=How could we improve NHS Jobs service?\">feedback</a>\n            will help us to improve this service.</span>","target":[".beta-banner > .nhsuk-width-container > span"]},{"any":[{"id":"color-contrast","data":{"fgColor":"#005eb8","bgColor":"#ffffff","contrastRatio":6.37,"fontSize":"12.0pt (16px)","fontWeight":"normal","expectedContrastRatio":"4.5:1"},"relatedNodes":[],"impact":"serious","message":"Element has sufficient color contrast of 6.37"}],"all":[],"none":[],"impact":null,"html":"<a href=\"mailto:nhsbsa.nhsjobs@nhsbsa.nhs.uk?subject=How could we improve NHS Jobs service?\">feedback</a>","target":[".beta-banner > .nhsuk-width-container > span > a"]},{"any":[{"id":"color-contrast","data":{"fgColor":"#ffffff","bgColor":"#005eb8","contrastRatio":6.37,"fontSize":"36.0pt (48px)","fontWeight":"normal","expectedContrastRatio":"3:1"},"relatedNodes":[],"impact":"serious","message":"Element has sufficient color contrast of 6.37"}],"all":[],"none":[],"impact":null,"html":"<h1 data-test=\"search-result-query\" id=\"search-results-heading\" class=\"nhsuk-heading-xl nhsuk-u-padding-left-4 nhsuk-u-margin-bottom-4\" aria-label=\"932 jobs found for Nurse in London. Sorted by: Best Match\">\n          932 jobs found for Nurse in London\n        </h1>","target":["#search-results-heading"]},{"any":[{"id":"color-contrast","data":{"fgColor":"#ffffff","bgColor":"#005eb8","contrastRatio":6.37,"fontSize":"14.3pt (19px)","fontWeight":"normal","expectedContrastRatio":"4.5:1"},"relatedNodes":[],"impact":"serious","message":"Element has sufficient color contrast of 6.37"}],"all":[],"none":[],"impact":null,"html":"<label class=\"nhsuk-label nhsuk-u-font-weight-bold white-text\" for=\"keyword\">What?</label>","target":["label[for=\"keyword\"]"]},{"any":[{"id":"color-contrast","data":{"fgColor":"#ffffff","bgColor":"#005eb8","contrastRatio":6.37,"fontSize":"12.0pt (16px)","fontWeight":"normal","expectedContrastRatio":"4.5:1"},"relatedNodes":[],"impact":"serious","message":"Element has sufficient color contrast of 6.37"}],"all":[],"none":[],"impact":null,"html":"<div class=\"nhsuk-u-font-size-16 nhsuk-hint-white\">For example, job title or skills</div>","target":["fieldset:nth-child(4) > .nhsuk-grid-column-one-half:nth-child(2) > .nhsuk-hero.nhsuk-form-group > .nhsuk-u-font-size-16.nhsuk-hint-white"]},{"any":[{"id":"color-contrast","data":{"fgColor":"#000000","bgColor":"#ffffff","contrastRatio":21,"fontSize":"14.3pt (19px)","fontWeight":"normal","expectedContrastRatio":"4.5:1"},"relatedNodes":[],"impact":"serious","message":"Element has sufficient color contrast of 21"}],"all":[],"none":[],"impact":null,"html":"<input name=\"keyword\" id=\"keyword\" value=\"Nurse\" class=\"nhsuk-input nhsuk-u--width-full\" type=\"search\" data-test=\"search-jobTitle-input\" aria-label=\"Search What? For example, job title or skills\">","target":["#keyword"]},{"any":[{"id":"color-contrast","data":{"fgColor":"#ffffff","bgColor":"#005eb8","contrastRatio":6.37,"fontSize":"14.3pt (19px)","fontWeight":"normal","expectedContrastRatio":"4.5:1"},"relatedNodes":[],"impact":"serious","message":"Element has sufficient color contrast of 6.37"}],"all":[],"none":[],"impact":null,"html":"<label class=\"nhsuk-label nhsuk-u-font-weight-bold white-text\" for=\"location\">Where?</label>","target":["label[for=\"location\"]"]},{"any":[{"id":"color-contrast","data":{"fgColor":"#ffffff","bgColor":"#005eb8","contrastRatio":6.37,"fontSize":"12.0pt (16px)","fontWeight":"normal","expectedContrastRatio":"4.5:1"},"relatedNodes":[],"impact":"serious","message":"Element has sufficient color contrast of 6.37"}],"all":[],"none":[],"impact":null,"html":"<div class=\"nhsuk-u-font-size-16 nhsuk-hint-white\">For example, a postcode, town or city</div>","target":["fieldset:nth-child(4) > .nhsuk-grid-column-one-half:nth-child(3) > .nhsuk-hero.nhsuk-form-group > .nhsuk-u-font-size-16.nhsuk-hint-white"]},{"any":[{"id":"color-contrast","data":{"fgColor":"#000000","bgColor":"#ffffff","contrastRatio":21,"fontSize":"14.3pt (19px)","fontWeight":"normal","expectedContrastRatio":"4.5:1"},"relatedNodes":[],"impact":"serious","message":"Element has sufficient color contrast of 21"}],"all":[],"none":[],"impact":null,"html":"<input aria-describedby=\"location__assistiveHint\" aria-expanded=\"false\" aria-controls=\"location__listbox\" aria-autocomplete=\"list\" autocomplete=\"off\" class=\"nhsuk-input nhsuk-u--width-full\" id=\"location\" name=\"location\" placeholder=\"\" type=\"search\" role=\"combobox\" data-test=\"search-location-input\" aria-label=\"Search Where? For example, a postcode, town or city, search text field\">","target":["#location"]},{"any":[{"id":"color-contrast","data":{"messageKey":"hidden"},"relatedNodes":[],"impact":"serious","message":"Element is hidden"}],"all":[],"none":[],"impact":null,"html":"<input name=\"jobReference\" id=\"jobReference\" value=\"\" class=\"nhsuk-input nhsuk-u--width-full\" type=\"search\" data-test=\"search-jobReference-input\" aria-label=\"Search Job reference, e.g. C0987-23-1234 / 914-JOBREF-a\">","target":["#jobReference"]},{"any":[{"id":"color-contrast","data":{"messageKey":"hidden"},"relatedNodes":[],"impact":"serious","message":"Element is hidden"}],"all":[],"none":[],"impact":null,"html":"<input name=\"employer\" id=\"employer\" value=\"\" class=\"nhsuk-input nhsuk-u--width-full\" type=\"search\" data-test=\"search-employer-input\" aria-label=\"Search Employer, e.g. NHS Business Services Authority\">","target":["#employer"]},{"any":[{"id":"color-contrast","data":{"fgColor":"#ffffff","bgColor":"#005eb8","contrastRatio":6.37,"fontSize":"12.0pt (16px)","fontWeight":"normal","expectedContrastRatio":"4.5:1"},"relatedNodes":[],"impact":"serious","message":"Element has sufficient color contrast of 6.37"}],"all":[],"none":[],"impact":null,"html":"<a href=\"javascript:void(0)\" id=\"searchOptionsBtn\" class=\"nhsuk-u-font-weight-bold white-text\">\n                  \n                  More search options\n                  \n                  </a>","target":["#searchOptionsBtn"]},{"any":[{"id":"color-contrast","data":{"fgColor":"#ffffff","bgColor":"#007f3b","contrastRatio":5.12,"fontSize":"14.3pt (19px)","fontWeight":"normal","expectedContrastRatio":"4.5:1"},"relatedNodes":[],"impact":"serious","message":"Element has sufficient color contrast of 5.12"}],"all":[],"none":[],"impact":null,"html":"<button class=\"nhsuk-button  nhsuk-u-padding-top-2 nhsuk-u-padding-bottom-2\" type=\"submit\" id=\"search\" data-test=\"search-button\">Search</button>","target":["#search"]},{"any":[{"id":"color-contrast","data":{"fgColor":"#212b32","bgColor":"#f0f4f5","contrastRatio":13.02,"fontSize":"16.5pt (22px)","fontWeight":"normal","expectedContrastRatio":"4.5:1"},"relatedNodes":[],"impact":"serious","message":"Element has sufficient color contrast of 13.02"}],"all":[],"none":[],"impact":null,"html":"<h2 class=\"nhsuk-heading-s\">Refine your search</h2>","target":[".nhsuk-heading-s"]},{"any":[{"id":"color-contrast","data":{"fgColor":"#005eb8","bgColor":"#ffffff","contrastRatio":6.37,"fontSize":"14.3pt (19px)","fontWeight":"normal","expectedContrastRatio":"4.5:1"},"relatedNodes":[],"impact":"serious","message":"Element has sufficient color contrast of 6.37"}],"all":[],"none":[],"impact":null,"html":"<span class=\"nhsuk-details__summary-text\">\n                    Distance\n                </span>","target":["summary[aria-controls=\"distance-details\"] > .nhsuk-details__summary-text"]},{"any":[{"id":"color-contrast","data":{"fgColor":"#005eb8","bgColor":"#ffffff","contrastRatio":6.37,"fontSize":"14.3pt (19px)","fontWeight":"normal","expectedContrastRatio":"4.5:1"},"relatedNodes":[],"impact":"serious","message":"Element has sufficient color contrast of 6.37"}],"all":[],"none":[],"impact":null,"html":"<span class=\"nhsuk-details__summary-text\">\n                    COVID-19\n                </span>","target":["summary[aria-controls=\"covid-jobs-only\"] > .nhsuk-details__summary-text"]},{"any":[{"id":"color-contrast","data":{"fgColor":"#005eb8","bgColor":"#ffffff","contrastRatio":6.37,"fontSize":"14.3pt (19px)","fontWeight":"normal","expectedContrastRatio":"4.5:1"},"relatedNodes":[],"impact":"serious","message":"Element has sufficient color contrast of 6.37"}],"all":[],"none":[],"impact":null,"html":"<span class=\"nhsuk-details__summary-text\">\n                    Working pattern\n                </span>","target":["#working-patterns-expander > .nhsuk-details__summary-text"]},{"any":[{"id":"color-contrast","data":{"fgColor":"#005eb8","bgColor":"#ffffff","contrastRatio":6.37,"fontSize":"14.3pt (19px)","fontWeight":"normal","expectedContrastRatio":"4.5:1"},"relatedNodes":[],"impact":"serious","message":"Element has sufficient color contrast of 6.37"}],"all":[],"none":[],"impact":null,"html":"<span class=\"nhsuk-details__summary-text\">Contract type</span>","target":["summary[aria-controls=\"contract-type-details\"] > .nhsuk-details__summary-text"]},{"any":[{"id":"color-contrast","data":{"fgColor":"#005eb8","bgColor":"#ffffff","contrastRatio":6.37,"fontSize":"14.3pt (19px)","fontWeight":"normal","expectedContrastRatio":"4.5:1"},"relatedNodes":[],"impact":"serious","message":"Element has sufficient color contrast of 6.37"}],"all":[],"none":[],"impact":null,"html":"<span class=\"nhsuk-details__summary-text\">\n                    Staff group\n                </span>","target":["summary[aria-controls=\"staff-group-details\"] > .nhsuk-details__summary-text"]},{"any":[{"id":"color-contrast","data":{"fgColor":"#005eb8","bgColor":"#ffffff","contrastRatio":6.37,"fontSize":"14.3pt (19px)","fontWeight":"normal","expectedContrastRatio":"4.5:1"},"relatedNodes":[],"impact":"serious","message":"Element has sufficient color contrast of 6.37"}],"all":[],"none":[],"impact":null,"html":"<span class=\"nhsuk-details__summary-text\">\n                    Pay range\n                </span>","target":["summary[aria-controls=\"pay-range-details\"] > .nhsuk-details__summary-text"]},{"any":[{"id":"color-contrast","data":{"fgColor":"#005eb8","bgColor":"#ffffff","contrastRatio":6.37,"fontSize":"14.3pt (19px)","fontWeight":"normal","expectedContrastRatio":"4.5:1"},"relatedNodes":[],"impact":"serious","message":"Element has sufficient color contrast of 6.37"}],"all":[],"none":[],"impact":null,"html":"<span class=\"vsm-payband nhsuk-details__summary-text\">\n                    NHS pay grades and schemes\n                </span>","target":[".vsm-payband"]},{"any":[{"id":"color-contrast","data":{"fgColor":"#ffffff","bgColor":"#007f3b","contrastRatio":5.12,"fontSize":"14.3pt (19px)","fontWeight":"normal","expectedContrastRatio":"4.5:1"},"relatedNodes":[],"impact":"serious","message":"Element has sufficient color contrast of 5.12"}],"all":[],"none":[],"impact":null,"html":"<input class=\"nhsuk-button nhsuk-button--primary\" type=\"submit\" id=\"refine-search\" value=\"Apply filters\" data-test=\"refine-search-button\">","target":["#refine-search"]},{"any":[{"id":"color-contrast","data":{"fgColor":"#005eb8","bgColor":"#f0f4f5","contrastRatio":5.75,"fontSize":"14.3pt (19px)","fontWeight":"normal","expectedContrastRatio":"4.5:1"},"relatedNodes":[],"impact":"serious","message":"Element has sufficient color contrast of 5.75"}],"all":[],"none":[],"impact":null,"html":"<a href=\"/candidate/search/results?keyword=Nurse&amp;location=London\" data-test=\"filter-clear\">Clear filters\n        </a>","target":["a[data-test=\"filter-clear\"]"]},{"any":[{"id":"color-contrast","data":{"fgColor":"#005eb8","bgColor":"#f0f4f5","contrastRatio":5.75,"fontSize":"18.0pt (24px)","fontWeight":"normal","expectedContrastRatio":"3:1"},"relatedNodes":[],"impact":"serious","message":"Element has sufficient color contrast of 5.75"}],"all":[],"none":[],"impact":null,"html":"<a href=\"/candidate/search/save/alerts\" data-test=\"save-search\">Save this search</a>","target":[".hide-mobile > h3 > a[data-test=\"save-search\"][href$=\"alerts\"]"]},{"any":[{"id":"color-contrast","data":{"fgColor":"#212b32","bgColor":"#f0f4f5","contrastRatio":13.02,"fontSize":"14.3pt (19px)","fontWeight":"normal","expectedContrastRatio":"4.5:1"},"relatedNodes":[],"impact":"serious","message":"Element has sufficient color contrast of 13.02"}],"all":[],"none":[],"impact":null,"html":"<p class=\"nhsuk-body\">You’ll also be able to set up job alert emails for your saved search.</p>","target":[".hide-mobile > .nhsuk-body"]},{"any":[{"id":"color-contrast","data":{"fgColor":"#212b32","bgColor":"#f0f4f5","contrastRatio":13.02,"fontSize":"14.3pt (19px)","fontWeight":"normal","expectedContrastRatio":"4.5:1"},"relatedNodes":[],"impact":"serious","message":"Element has sufficient color contrast of 13.02"}],"all":[],"none":[],"impact":null,"html":"<label class=\"nhsuk-label nhsuk-inline-label\" for=\"sort\">Sort by</label>","target":[".nhsuk-inline-label"]},{"any":[{"id":"color-contrast","data":{"fgColor":"#000000","bgColor":"#ffffff","contrastRatio":21,"fontSize":"14.3pt (19px)","fontWeight":"normal","expectedContrastRatio":"4.5:1"},"relatedNodes":[],"impact":"serious","message":"Element has sufficient color contrast of 21"}],"all":[],"none":[],"impact":null,"html":"<select class=\"nhsuk-select nhsuk-inline-select\" id=\"sort\" name=\"sort\" data-test=\"sort-input\" value=\"\" onchange=\"sortform.submit()\">","target":["#sort"]},{"any":[{"id":"color-contrast","data":{"fgColor":"#005eb8","bgColor":"#f0f4f5","contrastRatio":5.75,"fontSize":"14.3pt (19px)","fontWeight":"normal","expectedContrastRatio":"4.5:1"},"relatedNodes":[],"impact":"serious","message":"Element has sufficient color contrast of 5.75"}],"all":[],"none":[],"impact":null,"html":"<span>Create job alert</span>","target":["#create-job-alert > span"]},{"any":[{"id":"color-contrast","data":{"fgColor":"#005eb8","bgColor":"#f0f4f5","contrastRatio":5.75,"fontSize":"18.0pt (24px)","fontWeight":"normal","expectedContrastRatio":"3:1"},"relatedNodes":[],"impact":"serious","message":"Element has sufficient color contrast of 5.75"}],"all":[],"none":[],"impact":null,"html":"<a href=\"/candidate/jobadvert/C9196-25-1091?keyword=Nurse&amp;location=London&amp;distance=5&amp;language=en\" id=\"first-result-title\" data-test=\"search-result-job-title\">\n              Senior Nursing Assistant - Neighbourhood Nursing (District Nursing)\n            </a>","target":["#first-result-title"]},{"any":[{"id":"color-contrast","data":{"fgColor":"#005eb8","bgColor":"#f0f4f5","contrastRatio":5.75,"fontSize":"14.3pt (19px)","fontWeight":"normal","expectedContrastRatio":"4.5:1"},"relatedNodes":[],"impact":"serious","message":"Element has sufficient color contrast of 5.75"}],"all":[],"none":[],"impact":null,"html":"<a href=\"/candidate/search/save-job/C9196-25-1091\" data-test=\"search-result-save-job\" aria-label=\"Save this job: Senior Nursing Assistant - Neighbourhood Nursing (District Nursing) (Reference number: C9196-25-1091)\">\n              Save this job\n            </a>","target":[".nhsuk-list-panel.search-result.nhsuk-u-padding-3:nth-child(1) > .nhsuk-grid-row:nth-child(1) > .save-job.nhsuk-u-margin-right-3 > a[data-test=\"search-result-save-job\"]"]},{"any":[{"id":"color-contrast","data":{"fgColor":"#212b32","bgColor":"#f0f4f5","contrastRatio":13.02,"fontSize":"18.0pt (24px)","fontWeight":"normal","expectedContrastRatio":"3:1"},"relatedNodes":[],"impact":"serious","message":"Element has sufficient color contrast of 13.02"}],"all":[],"none":[],"impact":null,"html":"<h3 class=\"nhsuk-u-font-weight-bold\">\n          Guy's and St Thomas' NHS Foundation Trust\n          <div class=\"location-font-size\">\n            \n              London SE1 7EH\n            \n          </div>\n        </h3>","target":[".nhsuk-list-panel.search-result.nhsuk-u-padding-3:nth-child(1) > .nhsuk-u-margin-bottom-4[data-test=\"search-result-location\"] > h3"]},{"any":[{"id":"color-contrast","data":{"fgColor":"#212b32","bgColor":"#f0f4f5","contrastRatio":13.02,"fontSize":"12.0pt (16px)","fontWeight":"normal","expectedContrastRatio":"4.5:1"},"relatedNodes":[],"impact":"serious","message":"Element has sufficient color contrast of 13.02"}],"all":[],"none":[],"impact":null,"html":"<div class=\"location-font-size\">\n            \n              London SE1 7EH\n            \n          </div>","target":[".nhsuk-list-panel.search-result.nhsuk-u-padding-3:nth-child(1) > .nhsuk-u-margin-bottom-4[data-test=\"search-result-location\"] > h3 > .location-font-size"]},{"any":[{"id":"color-contrast","data":{"fgColor":"#212b32","bgColor":"#f0f4f5","contrastRatio":13.02,"fontSize":"14.3pt (19px)","fontWeight":"normal","expectedContrastRatio":"4.5:1"},"relatedNodes":[],"impact":"serious","message":"Element has sufficient color contrast of 13.02"}],"all":[],"none":[],"impact":null,"html":"<li data-test=\"search-result-salary\" class=\"marginBt\">\n                Salary: \n                <strong class=\"nhsuk-u-font-weight-bold\">\n                  £30,039 to £31,088\n                  \n                    a year\n                  \n                </strong>\n              </li>","target":[".nhsuk-list-panel.search-result.nhsuk-u-padding-3:nth-child(1) > .nhsuk-grid-row:nth-child(3) > .nhsuk-grid-column-one-half:nth-child(1) > .first-ad-job-info.ad-job-info.nhsuk-list > .marginBt[data-test=\"search-result-salary\"]"]},{"any":[{"id":"color-contrast","data":{"fgColor":"#212b32","bgColor":"#f0f4f5","contrastRatio":13.02,"fontSize":"14.3pt (19px)","fontWeight":"normal","expectedContrastRatio":"4.5:1"},"relatedNodes":[],"impact":"serious","message":"Element has sufficient color contrast of 13.02"}],"all":[],"none":[],"impact":null,"html":"<strong class=\"nhsuk-u-font-weight-bold\">\n                  £30,039 to £31,088\n                  \n                    a year\n                  \n                </strong>","target":[".nhsuk-list-panel.search-result.nhsuk-u-padding-3:nth-child(1) > .nhsuk-grid-row:nth-child(3) > .nhsuk-grid-column-one-half:nth-child(1) > .first-ad-job-info.ad-job-info.nhsuk-list > .marginBt[data-test=\"search-result-salary\"] > strong"]},{"any":[{"id":"color-contrast","data":{"fgColor":"#212b32","bgColor":"#f0f4f5","contrastRatio":13.02,"fontSize":"14.3pt (19px)","fontWeight":"normal","expectedContrastRatio":"4.5:1"},"relatedNodes":[],"impact":"serious","message":"Element has sufficient color contrast of 13.02"}],"all":[],"none":[],"impact":null,"html":"<li data-test=\"search-result-publicationDate\">\n                Date posted: \n                <strong class=\"nhsuk-u-font-weight-bold\">\n                  17 June 2025\n                </strong>\n              </li>","target":[".nhsuk-list-panel.search-result.nhsuk-u-padding-3:nth-child(1) > .nhsuk-grid-row:nth-child(3) > .nhsuk-grid-column-one-half:nth-child(1) > .first-ad-job-info.ad-job-info.nhsuk-list > li[data-test=\"search-result-publicationDate\"]"]},{"any":[{"id":"color-contrast","data":{"fgColor":"#212b32","bgColor":"#f0f4f5","contrastRatio":13.02,"fontSize":"14.3pt (19px)","fontWeight":"normal","expectedContrastRatio":"4.5:1"},"relatedNodes":[],"impact":"serious","message":"Element has sufficient color contrast of 13.02"}],"all":[],"none":[],"impact":null,"html":"<strong class=\"nhsuk-u-font-weight-bold\">\n                  17 June 2025\n                </strong>","target":[".nhsuk-list-panel.search-result.nhsuk-u-padding-3:nth-child(1) > .nhsuk-grid-row:nth-child(3) > .nhsuk-grid-column-one-half:nth-child(1) > .first-ad-job-info.ad-job-info.nhsuk-list > li[data-test=\"search-result-publicationDate\"] > strong"]},{"any":[{"id":"color-contrast","data":{"fgColor":"#212b32","bgColor":"#f0f4f5","contrastRatio":13.02,"fontSize":"14.3pt (19px)","fontWeight":"normal","expectedContrastRatio":"4.5:1"},"relatedNodes":[],"impact":"serious","message":"Element has sufficient color contrast of 13.02"}],"all":[],"none":[],"impact":null,"html":"<li data-test=\"search-result-closingDate\">\n                Closing date: \n                <strong class=\"nhsuk-u-font-weight-bold\">\n                  24 June 2025\n                </strong>\n              </li>","target":[".nhsuk-list-panel.search-result.nhsuk-u-padding-3:nth-child(1) > .nhsuk-grid-row:nth-child(3) > .nhsuk-grid-column-one-half:nth-child(1) > .first-ad-job-info.ad-job-info.nhsuk-list > li[data-test=\"search-result-closingDate\"]"]},{"any":[{"id":"color-contrast","data":{"fgColor":"#212b32","bgColor":"#f0f4f5","contrastRatio":13.02,"fontSize":"14.3pt (19px)","fontWeight":"normal","expectedContrastRatio":"4.5:1"},"relatedNodes":[],"impact":"serious","message":"Element has sufficient color contrast of 13.02"}],"all":[],"none":[],"impact":null,"html":"<strong class=\"nhsuk-u-font-weight-bold\">\n                  24 June 2025\n                </strong>","target":[".nhsuk-list-panel.search-result.nhsuk-u-padding-3:nth-child(1) > .nhsuk-grid-row:nth-child(3) > .nhsuk-grid-column-one-half:nth-child(1) > .first-ad-job-info.ad-job-info.nhsuk-list > li[data-test=\"search-result-closingDate\"] > strong"]},{"any":[{"id":"color-contrast","data":{"fgColor":"#212b32","bgColor":"#f0f4f5","contrastRatio":13.02,"fontSize":"14.3pt (19px)","fontWeight":"normal","expectedContrastRatio":"4.5:1"},"relatedNodes":[],"impact":"serious","message":"Element has sufficient color contrast of 13.02"}],"all":[],"none":[],"impact":null,"html":"<li data-test=\"search-result-jobType\" class=\"marginBt\">\n              Contract type: \n              <strong class=\"nhsuk-u-font-weight-bold\">\n                Permanent\n              </strong>\n            </li>","target":[".nhsuk-list-panel.search-result.nhsuk-u-padding-3:nth-child(1) > .nhsuk-grid-row:nth-child(3) > .nhsuk-grid-column-one-half:nth-child(2) > .ad-job-info.nhsuk-list > .marginBt[data-test=\"search-result-jobType\"]"]},{"any":[{"id":"color-contrast","data":{"fgColor":"#212b32","bgColor":"#f0f4f5","contrastRatio":13.02,"fontSize":"14.3pt (19px)","fontWeight":"normal","expectedContrastRatio":"4.5:1"},"relatedNodes":[],"impact":"serious","message":"Element has sufficient color contrast of 13.02"}],"all":[],"none":[],"impact":null,"html":"<strong class=\"nhsuk-u-font-weight-bold\">\n                Permanent\n              </strong>","target":[".nhsuk-list-panel.search-result.nhsuk-u-padding-3:nth-child(1) > .nhsuk-grid-row:nth-child(3) > .nhsuk-grid-column-one-half:nth-child(2) > .ad-job-info.nhsuk-list > .marginBt[data-test=\"search-result-jobType\"] > strong"]},{"any":[{"id":"color-contrast","data":{"fgColor":"#212b32","bgColor":"#f0f4f5","contrastRatio":13.02,"fontSize":"14.3pt (19px)","fontWeight":"normal","expectedContrastRatio":"4.5:1"},"relatedNodes":[],"impact":"serious","message":"Element has sufficient color contrast of 13.02"}],"all":[],"none":[],"impact":null,"html":"<li data-test=\"search-result-workingPattern\" class=\"marginBt\">\n              Working pattern: \n              <strong class=\"nhsuk-u-font-weight-bold\">\n                Full time\n              </strong>\n            </li>","target":[".nhsuk-list-panel.search-result.nhsuk-u-padding-3:nth-child(1) > .nhsuk-grid-row:nth-child(3) > .nhsuk-grid-column-one-half:nth-child(2) > .ad-job-info.nhsuk-list > .marginBt[data-test=\"search-result-workingPattern\"]"]},{"any":[{"id":"color-contrast","data":{"fgColor":"#212b32","bgColor":"#f0f4f5","contrastRatio":13.02,"fontSize":"14.3pt (19px)","fontWeight":"normal","expectedContrastRatio":"4.5:1"},"relatedNodes":[],"impact":"serious","message":"Element has sufficient color contrast of 13.02"}],"all":[],"none":[],"impact":null,"html":"<strong class=\"nhsuk-u-font-weight-bold\">\n                Full time\n              </strong>","target":[".nhsuk-list-panel.search-result.nhsuk-u-padding-3:nth-child(1) > .nhsuk-grid-row:nth-child(3) > .nhsuk-grid-column-one-half:nth-child(2) > .ad-job-info.nhsuk-list > .marginBt[data-test=\"search-result-workingPattern\"] > strong"]},{"any":[{"id":"color-contrast","data":{"fgColor":"#005eb8","bgColor":"#f0f4f5","contrastRatio":5.75,"fontSize":"18.0pt (24px)","fontWeight":"normal","expectedContrastRatio":"3:1"},"relatedNodes":[],"impact":"serious","message":"Element has sufficient color contrast of 5.75"}],"all":[],"none":[],"impact":null,"html":"<a href=\"/candidate/jobadvert/A3154-23-0000?keyword=Nurse&amp;location=London&amp;distance=5&amp;language=en\" data-test=\"search-result-job-title\">\n              Lead Practice Nurse or Advanced Nurse Practitioner\n            </a>","target":["#job-title-2 > a[data-test=\"search-result-job-title\"]"]},{"any":[{"id":"color-contrast","data":{"fgColor":"#005eb8","bgColor":"#f0f4f5","contrastRatio":5.75,"fontSize":"14.3pt (19px)","fontWeight":"normal","expectedContrastRatio":"4.5:1"},"relatedNodes":[],"impact":"serious","message":"Element has sufficient color contrast of 5.75"}],"all":[],"none":[],"impact":null,"html":"<a href=\"/candidate/search/save-job/A3154-23-0000\" data-test=\"search-result-save-job\" aria-label=\"Save this job: Lead Practice Nurse or Advanced Nurse Practitioner (Reference number: A3154-23-0000)\">\n              Save this job\n            </a>","target":[".nhsuk-list-panel.search-result.nhsuk-u-padding-3:nth-child(2) > .nhsuk-grid-row:nth-child(1) > .save-job.nhsuk-u-margin-right-3 > a[data-test=\"search-result-save-job\"]"]},{"any":[{"id":"color-contrast","data":{"fgColor":"#212b32","bgColor":"#f0f4f5","contrastRatio":13.02,"fontSize":"18.0pt (24px)","fontWeight":"normal","expectedContrastRatio":"3:1"},"relatedNodes":[],"impact":"serious","message":"Element has sufficient color contrast of 13.02"}],"all":[],"none":[],"impact":null,"html":"<h3 class=\"nhsuk-u-font-weight-bold\">\n          Swanscombe &amp; Bean Partnership\n          <div class=\"location-font-size\">\n            \n              Swanscombe DA10 0BF\n            \n          </div>\n        </h3>","target":[".nhsuk-list-panel.search-result.nhsuk-u-padding-3:nth-child(2) > .nhsuk-u-margin-bottom-4[data-test=\"search-result-location\"] > h3"]},{"any":[{"id":"color-contrast","data":{"fgColor":"#212b32","bgColor":"#f0f4f5","contrastRatio":13.02,"fontSize":"12.0pt (16px)","fontWeight":"normal","expectedContrastRatio":"4.5:1"},"relatedNodes":[],"impact":"serious","message":"Element has sufficient color contrast of 13.02"}],"all":[],"none":[],"impact":null,"html":"<div class=\"location-font-size\">\n            \n              Swanscombe DA10 0BF\n            \n          </div>","target":[".nhsuk-list-panel.search-result.nhsuk-u-padding-3:nth-child(2) > .nhsuk-u-margin-bottom-4[data-test=\"search-result-location\"] > h3 > .location-font-size"]},{"any":[{"id":"color-contrast","data":{"fgColor":"#212b32","bgColor":"#f0f4f5","contrastRatio":13.02,"fontSize":"14.3pt (19px)","fontWeight":"normal","expectedContrastRatio":"4.5:1"},"relatedNodes":[],"impact":"serious","message":"Element has sufficient color contrast of 13.02"}],"all":[],"none":[],"impact":null,"html":"<li data-test=\"search-result-salary\" class=\"marginBt\">\n                Salary: \n                <strong class=\"nhsuk-u-font-weight-bold\">\n                  Depends on experience\n                </strong>\n              </li>","target":[".nhsuk-list-panel.search-result.nhsuk-u-padding-3:nth-child(2) > .nhsuk-grid-row:nth-child(3) > .nhsuk-grid-column-one-half:nth-child(1) > .first-ad-job-info.ad-job-info.nhsuk-list > .marginBt[data-test=\"search-result-salary\"]"]},{"any":[{"id":"color-contrast","data":{"fgColor":"#212b32","bgColor":"#f0f4f5","contrastRatio":13.02,"fontSize":"14.3pt (19px)","fontWeight":"normal","expectedContrastRatio":"4.5:1"},"relatedNodes":[],"impact":"serious","message":"Element has sufficient color contrast of 13.02"}],"all":[],"none":[],"impact":null,"html":"<strong class=\"nhsuk-u-font-weight-bold\">\n                  Depends on experience\n                </strong>","target":[".nhsuk-list-panel.search-result.nhsuk-u-padding-3:nth-child(2) > .nhsuk-grid-row:nth-child(3) > .nhsuk-grid-column-one-half:nth-child(1) > .first-ad-job-info.ad-job-info.nhsuk-list > .marginBt[data-test=\"search-result-salary\"] > strong"]},{"any":[{"id":"color-contrast","data":{"fgColor":"#212b32","bgColor":"#f0f4f5","contrastRatio":13.02,"fontSize":"14.3pt (19px)","fontWeight":"normal","expectedContrastRatio":"4.5:1"},"relatedNodes":[],"impact":"serious","message":"Element has sufficient color contrast of 13.02"}],"all":[],"none":[],"impact":null,"html":"<li data-test=\"search-result-publicationDate\">\n                Date posted: \n                <strong class=\"nhsuk-u-font-weight-bold\">\n                  16 June 2025\n                </strong>\n              </li>","target":[".nhsuk-list-panel.search-result.nhsuk-u-padding-3:nth-child(2) > .nhsuk-grid-row:nth-child(3) > .nhsuk-grid-column-one-half:nth-child(1) > .first-ad-job-info.ad-job-info.nhsuk-list > li[data-test=\"search-result-publicationDate\"]"]},{"any":[{"id":"color-contrast","data":{"fgColor":"#212b32","bgColor":"#f0f4f5","contrastRatio":13.02,"fontSize":"14.3pt (19px)","fontWeight":"normal","expectedContrastRatio":"4.5:1"},"relatedNodes":[],"impact":"serious","message":"Element has sufficient color contrast of 13.02"}],"all":[],"none":[],"impact":null,"html":"<strong class=\"nhsuk-u-font-weight-bold\">\n                  16 June 2025\n                </strong>","target":[".nhsuk-list-panel.search-result.nhsuk-u-padding-3:nth-child(2) > .nhsuk-grid-row:nth-child(3) > .nhsuk-grid-column-one-half:nth-child(1) > .first-ad-job-info.ad-job-info.nhsuk-list > li[data-test=\"search-result-publicationDate\"] > strong"]},{"any":[{"id":"color-contrast","data":{"fgColor":"#212b32","bgColor":"#f0f4f5","contrastRatio":13.02,"fontSize":"14.3pt (19px)","fontWeight":"normal","expectedContrastRatio":"4.5:1"},"relatedNodes":[],"impact":"serious","message":"Element has sufficient color contrast of 13.02"}],"all":[],"none":[],"impact":null,"html":"<li data-test=\"search-result-closingDate\">\n                Closing date: \n                <strong class=\"nhsuk-u-font-weight-bold\">\n                  31 July 2025\n                </strong>\n              </li>","target":[".nhsuk-list-panel.search-result.nhsuk-u-padding-3:nth-child(2) > .nhsuk-grid-row:nth-child(3) > .nhsuk-grid-column-one-half:nth-child(1) > .first-ad-job-info.ad-job-info.nhsuk-list > li[data-test=\"search-result-closingDate\"]"]},{"any":[{"id":"color-contrast","data":{"fgColor":"#212b32","bgColor":"#f0f4f5","contrastRatio":13.02,"fontSize":"14.3pt (19px)","fontWeight":"normal","expectedContrastRatio":"4.5:1"},"relatedNodes":[],"impact":"serious","message":"Element has sufficient color contrast of 13.02"}],"all":[],"none":[],"impact":null,"html":"<strong class=\"nhsuk-u-font-weight-bold\">\n                  31 July 2025\n                </strong>","target":[".nhsuk-list-panel.search-result.nhsuk-u-padding-3:nth-child(2) > .nhsuk-grid-row:nth-child(3) > .nhsuk-grid-column-one-half:nth-child(1) > .first-ad-job-info.ad-job-info.nhsuk-list > li[data-test=\"search-result-closingDate\"] > strong"]},{"any":[{"id":"color-contrast","data":{"fgColor":"#212b32","bgColor":"#f0f4f5","contrastRatio":13.02,"fontSize":"14.3pt (19px)","fontWeight":"normal","expectedContrastRatio":"4.5:1"},"relatedNodes":[],"impact":"serious","message":"Element has sufficient color contrast of 13.02"}],"all":[],"none":[],"impact":null,"html":"<li data-test=\"search-result-jobType\" class=\"marginBt\">\n              Contract type: \n              <strong class=\"nhsuk-u-font-weight-bold\">\n                Permanent\n              </strong>\n            </li>","target":[".nhsuk-list-panel.search-result.nhsuk-u-padding-3:nth-child(2) > .nhsuk-grid-row:nth-child(3) > .nhsuk-grid-column-one-half:nth-child(2) > .ad-job-info.nhsuk-list > .marginBt[data-test=\"search-result-jobType\"]"]},{"any":[{"id":"color-contrast","data":{"fgColor":"#212b32","bgColor":"#f0f4f5","contrastRatio":13.02,"fontSize":"14.3pt (19px)","fontWeight":"normal","expectedContrastRatio":"4.5:1"},"relatedNodes":[],"impact":"serious","message":"Element has sufficient color contrast of 13.02"}],"all":[],"none":[],"impact":null,"html":"<strong class=\"nhsuk-u-font-weight-bold\">\n                Permanent\n              </strong>","target":[".nhsuk-list-panel.search-result.nhsuk-u-padding-3:nth-child(2) > .nhsuk-grid-row:nth-child(3) > .nhsuk-grid-column-one-half:nth-child(2) > .ad-job-info.nhsuk-list > .marginBt[data-test=\"search-result-jobType\"] > strong"]},{"any":[{"id":"color-contrast","data":{"fgColor":"#212b32","bgColor":"#f0f4f5","contrastRatio":13.02,"fontSize":"14.3pt (19px)","fontWeight":"normal","expectedContrastRatio":"4.5:1"},"relatedNodes":[],"impact":"serious","message":"Element has sufficient color contrast of 13.02"}],"all":[],"none":[],"impact":null,"html":"<li data-test=\"search-result-workingPattern\" class=\"marginBt\">\n              Working pattern: \n              <strong class=\"nhsuk-u-font-weight-bold\">\n                Flexible working, Full time\n              </strong>\n            </li>","target":[".nhsuk-list-panel.search-result.nhsuk-u-padding-3:nth-child(2) > .nhsuk-grid-row:nth-child(3) > .nhsuk-grid-column-one-half:nth-child(2) > .ad-job-info.nhsuk-list > .marginBt[data-test=\"search-result-workingPattern\"]"]},{"any":[{"id":"color-contrast","data":{"fgColor":"#212b32","bgColor":"#f0f4f5","contrastRatio":13.02,"fontSize":"14.3pt (19px)","fontWeight":"normal","expectedContrastRatio":"4.5:1"},"relatedNodes":[],"impact":"serious","message":"Element has sufficient color contrast of 13.02"}],"all":[],"none":[],"impact":null,"html":"<strong class=\"nhsuk-u-font-weight-bold\">\n                Flexible working, Full time\n              </strong>","target":[".nhsuk-list-panel.search-result.nhsuk-u-padding-3:nth-child(2) > .nhsuk-grid-row:nth-child(3) > .nhsuk-grid-column-one-half:nth-child(2) > .ad-job-info.nhsuk-list > .marginBt[data-test=\"search-result-workingPattern\"] > strong"]},{"any":[{"id":"color-contrast","data":{"fgColor":"#005eb8","bgColor":"#f0f4f5","contrastRatio":5.75,"fontSize":"18.0pt (24px)","fontWeight":"normal","expectedContrastRatio":"3:1"},"relatedNodes":[],"impact":"serious","message":"Element has sufficient color contrast of 5.75"}],"all":[],"none":[],"impact":null,"html":"<a href=\"/candidate/jobadvert/A2052-25-0003?keyword=Nurse&amp;location=London&amp;distance=5&amp;language=en\" data-test=\"search-result-job-title\">\n              Practice Nurse\n            </a>","target":["#job-title-3 > a[data-test=\"search-result-job-title\"]"]},{"any":[{"id":"color-contrast","data":{"fgColor":"#005eb8","bgColor":"#f0f4f5","contrastRatio":5.75,"fontSize":"14.3pt (19px)","fontWeight":"normal","expectedContrastRatio":"4.5:1"},"relatedNodes":[],"impact":"serious","message":"Element has sufficient color contrast of 5.75"}],"all":[],"none":[],"impact":null,"html":"<a href=\"/candidate/search/save-job/A2052-25-0003\" data-test=\"search-result-save-job\" aria-label=\"Save this job: Practice Nurse (Reference number: A2052-25-0003)\">\n              Save this job\n            </a>","target":[".nhsuk-list-panel.search-result.nhsuk-u-padding-3:nth-child(3) > .nhsuk-grid-row:nth-child(1) > .save-job.nhsuk-u-margin-right-3 > a[data-test=\"search-result-save-job\"]"]},{"any":[{"id":"color-contrast","data":{"fgColor":"#212b32","bgColor":"#f0f4f5","contrastRatio":13.02,"fontSize":"18.0pt (24px)","fontWeight":"normal","expectedContrastRatio":"3:1"},"relatedNodes":[],"impact":"serious","message":"Element has sufficient color contrast of 13.02"}],"all":[],"none":[],"impact":null,"html":"<h3 class=\"nhsuk-u-font-weight-bold\">\n          Swanley Medical Practice\n          <div class=\"location-font-size\">\n            \n              Swanley BR8 7AH, \n            \n              Swanley BR8 7UP, \n            \n              Swanley BR8 7RB\n            \n          </div>\n        </h3>","target":[".nhsuk-list-panel.search-result.nhsuk-u-padding-3:nth-child(3) > .nhsuk-u-margin-bottom-4[data-test=\"search-result-location\"] > h3"]},{"any":[{"id":"color-contrast","data":{"fgColor":"#212b32","bgColor":"#f0f4f5","contrastRatio":13.02,"fontSize":"12.0pt (16px)","fontWeight":"normal","expectedContrastRatio":"4.5:1"},"relatedNodes":[],"impact":"serious","message":"Element has sufficient color contrast of 13.02"}],"all":[],"none":[],"impact":null,"html":"<div class=\"location-font-size\">\n            \n              Swanley BR8 7AH, \n            \n              Swanley BR8 7UP, \n            \n              Swanley BR8 7RB\n            \n          </div>","target":[".nhsuk-list-panel.search-result.nhsuk-u-padding-3:nth-child(3) > .nhsuk-u-margin-bottom-4[data-test=\"search-result-location\"] > h3 > .location-font-size"]},{"any":[{"id":"color-contrast","data":{"fgColor":"#212b32","bgColor":"#f0f4f5","contrastRatio":13.02,"fontSize":"14.3pt (19px)","fontWeight":"normal","expectedContrastRatio":"4.5:1"},"relatedNodes":[],"impact":"serious","message":"Element has sufficient color contrast of 13.02"}],"all":[],"none":[],"impact":null,"html":"<li data-test=\"search-result-salary\" class=\"marginBt\">\n                Salary: \n                <strong class=\"nhsuk-u-font-weight-bold\">\n                  £18 to £24\n                  \n                    an hour\n                  \n                </strong>\n              </li>","target":[".nhsuk-list-panel.search-result.nhsuk-u-padding-3:nth-child(3) > .nhsuk-grid-row:nth-child(3) > .nhsuk-grid-column-one-half:nth-child(1) > .first-ad-job-info.ad-job-info.nhsuk-list > .marginBt[data-test=\"search-result-salary\"]"]},{"any":[{"id":"color-contrast","data":{"fgColor":"#212b32","bgColor":"#f0f4f5","contrastRatio":13.02,"fontSize":"14.3pt (19px)","fontWeight":"normal","expectedContrastRatio":"4.5:1"},"relatedNodes":[],"impact":"serious","message":"Element has sufficient color contrast of 13.02"}],"all":[],"none":[],"impact":null,"html":"<strong class=\"nhsuk-u-font-weight-bold\">\n                  £18 to £24\n                  \n                    an hour\n                  \n                </strong>","target":[".nhsuk-list-panel.search-result.nhsuk-u-padding-3:nth-child(3) > .nhsuk-grid-row:nth-child(3) > .nhsuk-grid-column-one-half:nth-child(1) > .first-ad-job-info.ad-job-info.nhsuk-list > .marginBt[data-test=\"search-result-salary\"] > strong"]},{"any":[{"id":"color-contrast","data":{"fgColor":"#212b32","bgColor":"#f0f4f5","contrastRatio":13.02,"fontSize":"14.3pt (19px)","fontWeight":"normal","expectedContrastRatio":"4.5:1"},"relatedNodes":[],"impact":"serious","message":"Element has sufficient color contrast of 13.02"}],"all":[],"none":[],"impact":null,"html":"<li data-test=\"search-result-publicationDate\">\n                Date posted: \n                <strong class=\"nhsuk-u-font-weight-bold\">\n                  29 May 2025\n                </strong>\n              </li>","target":[".nhsuk-list-panel.search-result.nhsuk-u-padding-3:nth-child(3) > .nhsuk-grid-row:nth-child(3) > .nhsuk-grid-column-one-half:nth-child(1) > .first-ad-job-info.ad-job-info.nhsuk-list > li[data-test=\"search-result-publicationDate\"]"]},{"any":[{"id":"color-contrast","data":{"fgColor":"#212b32","bgColor":"#f0f4f5","contrastRatio":13.02,"fontSize":"14.3pt (19px)","fontWeight":"normal","expectedContrastRatio":"4.5:1"},"relatedNodes":[],"impact":"serious","message":"Element has sufficient color contrast of 13.02"}],"all":[],"none":[],"impact":null,"html":"<strong class=\"nhsuk-u-font-weight-bold\">\n                  29 May 2025\n                </strong>","target":[".nhsuk-list-panel.search-result.nhsuk-u-padding-3:nth-child(3) > .nhsuk-grid-row:nth-child(3) > .nhsuk-grid-column-one-half:nth-child(1) > .first-ad-job-info.ad-job-info.nhsuk-list > li[data-test=\"search-result-publicationDate\"] > strong"]},{"any":[{"id":"color-contrast","data":{"fgColor":"#212b32","bgColor":"#f0f4f5","contrastRatio":13.02,"fontSize":"14.3pt (19px)","fontWeight":"normal","expectedContrastRatio":"4.5:1"},"relatedNodes":[],"impact":"serious","message":"Element has sufficient color contrast of 13.02"}],"all":[],"none":[],"impact":null,"html":"<li data-test=\"search-result-closingDate\">\n                Closing date: \n                <strong class=\"nhsuk-u-font-weight-bold\">\n                  30 November 2025\n                </strong>\n              </li>","target":[".nhsuk-list-panel.search-result.nhsuk-u-padding-3:nth-child(3) > .nhsuk-grid-row:nth-child(3) > .nhsuk-grid-column-one-half:nth-child(1) > .first-ad-job-info.ad-job-info.nhsuk-list > li[data-test=\"search-result-closingDate\"]"]},{"any":[{"id":"color-contrast","data":{"fgColor":"#212b32","bgColor":"#f0f4f5","contrastRatio":13.02,"fontSize":"14.3pt (19px)","fontWeight":"normal","expectedContrastRatio":"4.5:1"},"relatedNodes":[],"impact":"serious","message":"Element has sufficient color contrast of 13.02"}],"all":[],"none":[],"impact":null,"html":"<strong class=\"nhsuk-u-font-weight-bold\">\n                  30 November 2025\n                </strong>","target":[".nhsuk-list-panel.search-result.nhsuk-u-padding-3:nth-child(3) > .nhsuk-grid-row:nth-child(3) > .nhsuk-grid-column-one-half:nth-child(1) > .first-ad-job-info.ad-job-info.nhsuk-list > li[data-test=\"search-result-closingDate\"] > strong"]},{"any":[{"id":"color-contrast","data":{"fgColor":"#212b32","bgColor":"#f0f4f5","contrastRatio":13.02,"fontSize":"14.3pt (19px)","fontWeight":"normal","expectedContrastRatio":"4.5:1"},"relatedNodes":[],"impact":"serious","message":"Element has sufficient color contrast of 13.02"}],"all":[],"none":[],"impact":null,"html":"<li data-test=\"search-result-jobType\" class=\"marginBt\">\n              Contract type: \n              <strong class=\"nhsuk-u-font-weight-bold\">\n                Permanent\n              </strong>\n            </li>","target":[".nhsuk-list-panel.search-result.nhsuk-u-padding-3:nth-child(3) > .nhsuk-grid-row:nth-child(3) > .nhsuk-grid-column-one-half:nth-child(2) > .ad-job-info.nhsuk-list > .marginBt[data-test=\"search-result-jobType\"]"]},{"any":[{"id":"color-contrast","data":{"fgColor":"#212b32","bgColor":"#f0f4f5","contrastRatio":13.02,"fontSize":"14.3pt (19px)","fontWeight":"normal","expectedContrastRatio":"4.5:1"},"relatedNodes":[],"impact":"serious","message":"Element has sufficient color contrast of 13.02"}],"all":[],"none":[],"impact":null,"html":"<strong class=\"nhsuk-u-font-weight-bold\">\n                Permanent\n              </strong>","target":[".nhsuk-list-panel.search-result.nhsuk-u-padding-3:nth-child(3) > .nhsuk-grid-row:nth-child(3) > .nhsuk-grid-column-one-half:nth-child(2) > .ad-job-info.nhsuk-list > .marginBt[data-test=\"search-result-jobType\"] > strong"]},{"any":[{"id":"color-contrast","data":{"fgColor":"#212b32","bgColor":"#f0f4f5","contrastRatio":13.02,"fontSize":"14.3pt (19px)","fontWeight":"normal","expectedContrastRatio":"4.5:1"},"relatedNodes":[],"impact":"serious","message":"Element has sufficient color contrast of 13.02"}],"all":[],"none":[],"impact":null,"html":"<li data-test=\"search-result-workingPattern\" class=\"marginBt\">\n              Working pattern: \n              <strong class=\"nhsuk-u-font-weight-bold\">\n                Compressed hours, Flexible working, Full time, Job-share, Part time\n              </strong>\n            </li>","target":[".nhsuk-list-panel.search-result.nhsuk-u-padding-3:nth-child(3) > .nhsuk-grid-row:nth-child(3) > .nhsuk-grid-column-one-half:nth-child(2) > .ad-job-info.nhsuk-list > .marginBt[data-test=\"search-result-workingPattern\"]"]},{"any":[{"id":"color-contrast","data":{"fgColor":"#212b32","bgColor":"#f0f4f5","contrastRatio":13.02,"fontSize":"14.3pt (19px)","fontWeight":"normal","expectedContrastRatio":"4.5:1"},"relatedNodes":[],"impact":"serious","message":"Element has sufficient color contrast of 13.02"}],"all":[],"none":[],"impact":null,"html":"<strong class=\"nhsuk-u-font-weight-bold\">\n                Compressed hours, Flexible working, Full time, Job-share, Part time\n              </strong>","target":[".nhsuk-list-panel.search-result.nhsuk-u-padding-3:nth-child(3) > .nhsuk-grid-row:nth-child(3) > .nhsuk-grid-column-one-half:nth-child(2) > .ad-job-info.nhsuk-list > .marginBt[data-test=\"search-result-workingPattern\"] > strong"]},{"any":[{"id":"color-contrast","data":{"fgColor":"#005eb8","bgColor":"#f0f4f5","contrastRatio":5.75,"fontSize":"18.0pt (24px)","fontWeight":"normal","expectedContrastRatio":"3:1"},"relatedNodes":[],"impact":"serious","message":"Element has sufficient color contrast of 5.75"}],"all":[],"none":[],"impact":null,"html":"<a href=\"/candidate/jobadvert/A2052-25-0002?keyword=Nurse&amp;location=London&amp;distance=5&amp;language=en\" data-test=\"search-result-job-title\">\n              Practice Nurse\n            </a>","target":["#job-title-4 > a[data-test=\"search-result-job-title\"]"]},{"any":[{"id":"color-contrast","data":{"fgColor":"#005eb8","bgColor":"#f0f4f5","contrastRatio":5.75,"fontSize":"14.3pt (19px)","fontWeight":"normal","expectedContrastRatio":"4.5:1"},"relatedNodes":[],"impact":"serious","message":"Element has sufficient color contrast of 5.75"}],"all":[],"none":[],"impact":null,"html":"<a href=\"/candidate/search/save-job/A2052-25-0002\" data-test=\"search-result-save-job\" aria-label=\"Save this job: Practice Nurse (Reference number: A2052-25-0002)\">\n              Save this job\n            </a>","target":[".nhsuk-list-panel.search-result.nhsuk-u-padding-3:nth-child(4) > .nhsuk-grid-row:nth-child(1) > .save-job.nhsuk-u-margin-right-3 > a[data-test=\"search-result-save-job\"]"]},{"any":[{"id":"color-contrast","data":{"fgColor":"#212b32","bgColor":"#f0f4f5","contrastRatio":13.02,"fontSize":"18.0pt (24px)","fontWeight":"normal","expectedContrastRatio":"3:1"},"relatedNodes":[],"impact":"serious","message":"Element has sufficient color contrast of 13.02"}],"all":[],"none":[],"impact":null,"html":"<h3 class=\"nhsuk-u-font-weight-bold\">\n          Swanley Medical Practice\n          <div class=\"location-font-size\">\n            \n              Swanley BR8 7AH, \n            \n              Swanley BR8 7UP, \n            \n              Swanley BR8 7RB\n            \n          </div>\n        </h3>","target":[".nhsuk-list-panel.search-result.nhsuk-u-padding-3:nth-child(4) > .nhsuk-u-margin-bottom-4[data-test=\"search-result-location\"] > h3"]},{"any":[{"id":"color-contrast","data":{"fgColor":"#212b32","bgColor":"#f0f4f5","contrastRatio":13.02,"fontSize":"12.0pt (16px)","fontWeight":"normal","expectedContrastRatio":"4.5:1"},"relatedNodes":[],"impact":"serious","message":"Element has sufficient color contrast of 13.02"}],"all":[],"none":[],"impact":null,"html":"<div class=\"location-font-size\">\n            \n              Swanley BR8 7AH, \n            \n              Swanley BR8 7UP, \n            \n              Swanley BR8 7RB\n            \n          </div>","target":[".nhsuk-list-panel.search-result.nhsuk-u-padding-3:nth-child(4) > .nhsuk-u-margin-bottom-4[data-test=\"search-result-location\"] > h3 > .location-font-size"]},{"any":[{"id":"color-contrast","data":{"fgColor":"#212b32","bgColor":"#f0f4f5","contrastRatio":13.02,"fontSize":"14.3pt (19px)","fontWeight":"normal","expectedContrastRatio":"4.5:1"},"relatedNodes":[],"impact":"serious","message":"Element has sufficient color contrast of 13.02"}],"all":[],"none":[],"impact":null,"html":"<li data-test=\"search-result-salary\" class=\"marginBt\">\n                Salary: \n                <strong class=\"nhsuk-u-font-weight-bold\">\n                  £18 to £24\n                  \n                    an hour\n                  \n                </strong>\n              </li>","target":[".nhsuk-list-panel.search-result.nhsuk-u-padding-3:nth-child(4) > .nhsuk-grid-row:nth-child(3) > .nhsuk-grid-column-one-half:nth-child(1) > .first-ad-job-info.ad-job-info.nhsuk-list > .marginBt[data-test=\"search-result-salary\"]"]},{"any":[{"id":"color-contrast","data":{"fgColor":"#212b32","bgColor":"#f0f4f5","contrastRatio":13.02,"fontSize":"14.3pt (19px)","fontWeight":"normal","expectedContrastRatio":"4.5:1"},"relatedNodes":[],"impact":"serious","message":"Element has sufficient color contrast of 13.02"}],"all":[],"none":[],"impact":null,"html":"<strong class=\"nhsuk-u-font-weight-bold\">\n                  £18 to £24\n                  \n                    an hour\n                  \n                </strong>","target":[".nhsuk-list-panel.search-result.nhsuk-u-padding-3:nth-child(4) > .nhsuk-grid-row:nth-child(3) > .nhsuk-grid-column-one-half:nth-child(1) > .first-ad-job-info.ad-job-info.nhsuk-list > .marginBt[data-test=\"search-result-salary\"] > strong"]},{"any":[{"id":"color-contrast","data":{"fgColor":"#212b32","bgColor":"#f0f4f5","contrastRatio":13.02,"fontSize":"14.3pt (19px)","fontWeight":"normal","expectedContrastRatio":"4.5:1"},"relatedNodes":[],"impact":"serious","message":"Element has sufficient color contrast of 13.02"}],"all":[],"none":[],"impact":null,"html":"<li data-test=\"search-result-publicationDate\">\n                Date posted: \n                <strong class=\"nhsuk-u-font-weight-bold\">\n                  29 May 2025\n                </strong>\n              </li>","target":[".nhsuk-list-panel.search-result.nhsuk-u-padding-3:nth-child(4) > .nhsuk-grid-row:nth-child(3) > .nhsuk-grid-column-one-half:nth-child(1) > .first-ad-job-info.ad-job-info.nhsuk-list > li[data-test=\"search-result-publicationDate\"]"]},{"any":[{"id":"color-contrast","data":{"fgColor":"#212b32","bgColor":"#f0f4f5","contrastRatio":13.02,"fontSize":"14.3pt (19px)","fontWeight":"normal","expectedContrastRatio":"4.5:1"},"relatedNodes":[],"impact":"serious","message":"Element has sufficient color contrast of 13.02"}],"all":[],"none":[],"impact":null,"html":"<strong class=\"nhsuk-u-font-weight-bold\">\n                  29 May 2025\n                </strong>","target":[".nhsuk-list-panel.search-result.nhsuk-u-padding-3:nth-child(4) > .nhsuk-grid-row:nth-child(3) > .nhsuk-grid-column-one-half:nth-child(1) > .first-ad-job-info.ad-job-info.nhsuk-list > li[data-test=\"search-result-publicationDate\"] > strong"]},{"any":[{"id":"color-contrast","data":{"fgColor":"#212b32","bgColor":"#f0f4f5","contrastRatio":13.02,"fontSize":"14.3pt (19px)","fontWeight":"normal","expectedContrastRatio":"4.5:1"},"relatedNodes":[],"impact":"serious","message":"Element has sufficient color contrast of 13.02"}],"all":[],"none":[],"impact":null,"html":"<li data-test=\"search-result-closingDate\">\n                Closing date: \n                <strong class=\"nhsuk-u-font-weight-bold\">\n                  30 November 2025\n                </strong>\n              </li>","target":[".nhsuk-list-panel.search-result.nhsuk-u-padding-3:nth-child(4) > .nhsuk-grid-row:nth-child(3) > .nhsuk-grid-column-one-half:nth-child(1) > .first-ad-job-info.ad-job-info.nhsuk-list > li[data-test=\"search-result-closingDate\"]"]},{"any":[{"id":"color-contrast","data":{"fgColor":"#212b32","bgColor":"#f0f4f5","contrastRatio":13.02,"fontSize":"14.3pt (19px)","fontWeight":"normal","expectedContrastRatio":"4.5:1"},"relatedNodes":[],"impact":"serious","message":"Element has sufficient color contrast of 13.02"}],"all":[],"none":[],"impact":null,"html":"<strong class=\"nhsuk-u-font-weight-bold\">\n                  30 November 2025\n                </strong>","target":[".nhsuk-list-panel.search-result.nhsuk-u-padding-3:nth-child(4) > .nhsuk-grid-row:nth-child(3) > .nhsuk-grid-column-one-half:nth-child(1) > .first-ad-job-info.ad-job-info.nhsuk-list > li[data-test=\"search-result-closingDate\"] > strong"]},{"any":[{"id":"color-contrast","data":{"fgColor":"#212b32","bgColor":"#f0f4f5","contrastRatio":13.02,"fontSize":"14.3pt (19px)","fontWeight":"normal","expectedContrastRatio":"4.5:1"},"relatedNodes":[],"impact":"serious","message":"Element has sufficient color contrast of 13.02"}],"all":[],"none":[],"impact":null,"html":"<li data-test=\"search-result-jobType\" class=\"marginBt\">\n              Contract type: \n              <strong class=\"nhsuk-u-font-weight-bold\">\n                Permanent\n              </strong>\n            </li>","target":[".nhsuk-list-panel.search-result.nhsuk-u-padding-3:nth-child(4) > .nhsuk-grid-row:nth-child(3) > .nhsuk-grid-column-one-half:nth-child(2) > .ad-job-info.nhsuk-list > .marginBt[data-test=\"search-result-jobType\"]"]},{"any":[{"id":"color-contrast","data":{"fgColor":"#212b32","bgColor":"#f0f4f5","contrastRatio":13.02,"fontSize":"14.3pt (19px)","fontWeight":"normal","expectedContrastRatio":"4.5:1"},"relatedNodes":[],"impact":"serious","message":"Element has sufficient color contrast of 13.02"}],"all":[],"none":[],"impact":null,"html":"<strong class=\"nhsuk-u-font-weight-bold\">\n                Permanent\n              </strong>","target":[".nhsuk-list-panel.search-result.nhsuk-u-padding-3:nth-child(4) > .nhsuk-grid-row:nth-child(3) > .nhsuk-grid-column-one-half:nth-child(2) > .ad-job-info.nhsuk-list > .marginBt[data-test=\"search-result-jobType\"] > strong"]},{"any":[{"id":"color-contrast","data":{"fgColor":"#212b32","bgColor":"#f0f4f5","contrastRatio":13.02,"fontSize":"14.3pt (19px)","fontWeight":"normal","expectedContrastRatio":"4.5:1"},"relatedNodes":[],"impact":"serious","message":"Element has sufficient color contrast of 13.02"}],"all":[],"none":[],"impact":null,"html":"<li data-test=\"search-result-workingPattern\" class=\"marginBt\">\n              Working pattern: \n              <strong class=\"nhsuk-u-font-weight-bold\">\n                Compressed hours, Flexible working, Full time, Job-share, Part time\n              </strong>\n            </li>","target":[".nhsuk-list-panel.search-result.nhsuk-u-padding-3:nth-child(4) > .nhsuk-grid-row:nth-child(3) > .nhsuk-grid-column-one-half:nth-child(2) > .ad-job-info.nhsuk-list > .marginBt[data-test=\"search-result-workingPattern\"]"]},{"any":[{"id":"color-contrast","data":{"fgColor":"#212b32","bgColor":"#f0f4f5","contrastRatio":13.02,"fontSize":"14.3pt (19px)","fontWeight":"normal","expectedContrastRatio":"4.5:1"},"relatedNodes":[],"impact":"serious","message":"Element has sufficient color contrast of 13.02"}],"all":[],"none":[],"impact":null,"html":"<strong class=\"nhsuk-u-font-weight-bold\">\n                Compressed hours, Flexible working, Full time, Job-share, Part time\n              </strong>","target":[".nhsuk-list-panel.search-result.nhsuk-u-padding-3:nth-child(4) > .nhsuk-grid-row:nth-child(3) > .nhsuk-grid-column-one-half:nth-child(2) > .ad-job-info.nhsuk-list > .marginBt[data-test=\"search-result-workingPattern\"] > strong"]},{"any":[{"id":"color-contrast","data":{"fgColor":"#005eb8","bgColor":"#f0f4f5","contrastRatio":5.75,"fontSize":"18.0pt (24px)","fontWeight":"normal","expectedContrastRatio":"3:1"},"relatedNodes":[],"impact":"serious","message":"Element has sufficient color contrast of 5.75"}],"all":[],"none":[],"impact":null,"html":"<a href=\"/candidate/jobadvert/C9200-25-0733?keyword=Nurse&amp;location=London&amp;distance=5&amp;language=en\" data-test=\"search-result-job-title\">\n              Dermatology &amp; Skin Cancer Clinical Nurse Specialist Nurse\n            </a>","target":["#job-title-5 > a[data-test=\"search-result-job-title\"]"]},{"any":[{"id":"color-contrast","data":{"fgColor":"#005eb8","bgColor":"#f0f4f5","contrastRatio":5.75,"fontSize":"14.3pt (19px)","fontWeight":"normal","expectedContrastRatio":"4.5:1"},"relatedNodes":[],"impact":"serious","message":"Element has sufficient color contrast of 5.75"}],"all":[],"none":[],"impact":null,"html":"<a href=\"/candidate/search/save-job/C9200-25-0733\" data-test=\"search-result-save-job\" aria-label=\"Save this job: Dermatology &amp; Skin Cancer Clinical Nurse Specialist Nurse (Reference number: C9200-25-0733)\">\n              Save this job\n            </a>","target":[".nhsuk-list-panel.search-result.nhsuk-u-padding-3:nth-child(5) > .nhsuk-grid-row:nth-child(1) > .save-job.nhsuk-u-margin-right-3 > a[data-test=\"search-result-save-job\"]"]},{"any":[{"id":"color-contrast","data":{"fgColor":"#212b32","bgColor":"#f0f4f5","contrastRatio":13.02,"fontSize":"18.0pt (24px)","fontWeight":"normal","expectedContrastRatio":"3:1"},"relatedNodes":[],"impact":"serious","message":"Element has sufficient color contrast of 13.02"}],"all":[],"none":[],"impact":null,"html":"<h3 class=\"nhsuk-u-font-weight-bold\">\n          St George's University Hospitals NHS Foundation Trust\n          <div class=\"location-font-size\">\n            \n              London SW17 0QT\n            \n          </div>\n        </h3>","target":[".nhsuk-list-panel.search-result.nhsuk-u-padding-3:nth-child(5) > .nhsuk-u-margin-bottom-4[data-test=\"search-result-location\"] > h3"]},{"any":[{"id":"color-contrast","data":{"fgColor":"#212b32","bgColor":"#f0f4f5","contrastRatio":13.02,"fontSize":"12.0pt (16px)","fontWeight":"normal","expectedContrastRatio":"4.5:1"},"relatedNodes":[],"impact":"serious","message":"Element has sufficient color contrast of 13.02"}],"all":[],"none":[],"impact":null,"html":"<div class=\"location-font-size\">\n            \n              London SW17 0QT\n            \n          </div>","target":[".nhsuk-list-panel.search-result.nhsuk-u-padding-3:nth-child(5) > .nhsuk-u-margin-bottom-4[data-test=\"search-result-location\"] > h3 > .location-font-size"]},{"any":[{"id":"color-contrast","data":{"fgColor":"#212b32","bgColor":"#f0f4f5","contrastRatio":13.02,"fontSize":"14.3pt (19px)","fontWeight":"normal","expectedContrastRatio":"4.5:1"},"relatedNodes":[],"impact":"serious","message":"Element has sufficient color contrast of 13.02"}],"all":[],"none":[],"impact":null,"html":"<li data-test=\"search-result-salary\" class=\"marginBt\">\n                Salary: \n                <strong class=\"nhsuk-u-font-weight-bold\">\n                  £54,320 to £60,981\n                  \n                    a year\n                  \n                </strong>\n              </li>","target":[".nhsuk-list-panel.search-result.nhsuk-u-padding-3:nth-child(5) > .nhsuk-grid-row:nth-child(3) > .nhsuk-grid-column-one-half:nth-child(1) > .first-ad-job-info.ad-job-info.nhsuk-list > .marginBt[data-test=\"search-result-salary\"]"]},{"any":[{"id":"color-contrast","data":{"fgColor":"#212b32","bgColor":"#f0f4f5","contrastRatio":13.02,"fontSize":"14.3pt (19px)","fontWeight":"normal","expectedContrastRatio":"4.5:1"},"relatedNodes":[],"impact":"serious","message":"Element has sufficient color contrast of 13.02"}],"all":[],"none":[],"impact":null,"html":"<strong class=\"nhsuk-u-font-weight-bold\">\n                  £54,320 to £60,981\n                  \n                    a year\n                  \n                </strong>","target":[".nhsuk-list-panel.search-result.nhsuk-u-padding-3:nth-child(5) > .nhsuk-grid-row:nth-child(3) > .nhsuk-grid-column-one-half:nth-child(1) > .first-ad-job-info.ad-job-info.nhsuk-list > .marginBt[data-test=\"search-result-salary\"] > strong"]},{"any":[{"id":"color-contrast","data":{"fgColor":"#212b32","bgColor":"#f0f4f5","contrastRatio":13.02,"fontSize":"14.3pt (19px)","fontWeight":"normal","expectedContrastRatio":"4.5:1"},"relatedNodes":[],"impact":"serious","message":"Element has sufficient color contrast of 13.02"}],"all":[],"none":[],"impact":null,"html":"<li data-test=\"search-result-publicationDate\">\n                Date posted: \n                <strong class=\"nhsuk-u-font-weight-bold\">\n                  16 June 2025\n                </strong>\n              </li>","target":[".nhsuk-list-panel.search-result.nhsuk-u-padding-3:nth-child(5) > .nhsuk-grid-row:nth-child(3) > .nhsuk-grid-column-one-half:nth-child(1) > .first-ad-job-info.ad-job-info.nhsuk-list > li[data-test=\"search-result-publicationDate\"]"]},{"any":[{"id":"color-contrast","data":{"fgColor":"#212b32","bgColor":"#f0f4f5","contrastRatio":13.02,"fontSize":"14.3pt (19px)","fontWeight":"normal","expectedContrastRatio":"4.5:1"},"relatedNodes":[],"impact":"serious","message":"Element has sufficient color contrast of 13.02"}],"all":[],"none":[],"impact":null,"html":"<strong class=\"nhsuk-u-font-weight-bold\">\n                  16 June 2025\n                </strong>","target":[".nhsuk-list-panel.search-result.nhsuk-u-padding-3:nth-child(5) > .nhsuk-grid-row:nth-child(3) > .nhsuk-grid-column-one-half:nth-child(1) > .first-ad-job-info.ad-job-info.nhsuk-list > li[data-test=\"search-result-publicationDate\"] > strong"]},{"any":[{"id":"color-contrast","data":{"fgColor":"#212b32","bgColor":"#f0f4f5","contrastRatio":13.02,"fontSize":"14.3pt (19px)","fontWeight":"normal","expectedContrastRatio":"4.5:1"},"relatedNodes":[],"impact":"serious","message":"Element has sufficient color contrast of 13.02"}],"all":[],"none":[],"impact":null,"html":"<li data-test=\"search-result-closingDate\">\n                Closing date: \n                <strong class=\"nhsuk-u-font-weight-bold\">\n                  30 June 2025\n                </strong>\n              </li>","target":[".nhsuk-list-panel.search-result.nhsuk-u-padding-3:nth-child(5) > .nhsuk-grid-row:nth-child(3) > .nhsuk-grid-column-one-half:nth-child(1) > .first-ad-job-info.ad-job-info.nhsuk-list > li[data-test=\"search-result-closingDate\"]"]},{"any":[{"id":"color-contrast","data":{"fgColor":"#212b32","bgColor":"#f0f4f5","contrastRatio":13.02,"fontSize":"14.3pt (19px)","fontWeight":"normal","expectedContrastRatio":"4.5:1"},"relatedNodes":[],"impact":"serious","message":"Element has sufficient color contrast of 13.02"}],"all":[],"none":[],"impact":null,"html":"<strong class=\"nhsuk-u-font-weight-bold\">\n                  30 June 2025\n                </strong>","target":[".nhsuk-list-panel.search-result.nhsuk-u-padding-3:nth-child(5) > .nhsuk-grid-row:nth-child(3) > .nhsuk-grid-column-one-half:nth-child(1) > .first-ad-job-info.ad-job-info.nhsuk-list > li[data-test=\"search-result-closingDate\"] > strong"]},{"any":[{"id":"color-contrast","data":{"fgColor":"#212b32","bgColor":"#f0f4f5","contrastRatio":13.02,"fontSize":"14.3pt (19px)","fontWeight":"normal","expectedContrastRatio":"4.5:1"},"relatedNodes":[],"impact":"serious","message":"Element has sufficient color contrast of 13.02"}],"all":[],"none":[],"impact":null,"html":"<li data-test=\"search-result-jobType\" class=\"marginBt\">\n              Contract type: \n              <strong class=\"nhsuk-u-font-weight-bold\">\n                Permanent\n              </strong>\n            </li>","target":[".nhsuk-list-panel.search-result.nhsuk-u-padding-3:nth-child(5) > .nhsuk-grid-row:nth-child(3) > .nhsuk-grid-column-one-half:nth-child(2) > .ad-job-info.nhsuk-list > .marginBt[data-test=\"search-result-jobType\"]"]},{"any":[{"id":"color-contrast","data":{"fgColor":"#212b32","bgColor":"#f0f4f5","contrastRatio":13.02,"fontSize":"14.3pt (19px)","fontWeight":"normal","expectedContrastRatio":"4.5:1"},"relatedNodes":[],"impact":"serious","message":"Element has sufficient color contrast of 13.02"}],"all":[],"none":[],"impact":null,"html":"<strong class=\"nhsuk-u-font-weight-bold\">\n                Permanent\n              </strong>","target":[".nhsuk-list-panel.search-result.nhsuk-u-padding-3:nth-child(5) > .nhsuk-grid-row:nth-child(3) > .nhsuk-grid-column-one-half:nth-child(2) > .ad-job-info.nhsuk-list > .marginBt[data-test=\"search-result-jobType\"] > strong"]},{"any":[{"id":"color-contrast","data":{"fgColor":"#212b32","bgColor":"#f0f4f5","contrastRatio":13.02,"fontSize":"14.3pt (19px)","fontWeight":"normal","expectedContrastRatio":"4.5:1"},"relatedNodes":[],"impact":"serious","message":"Element has sufficient color contrast of 13.02"}],"all":[],"none":[],"impact":null,"html":"<li data-test=\"search-result-workingPattern\" class=\"marginBt\">\n              Working pattern: \n              <strong class=\"nhsuk-u-font-weight-bold\">\n                Full time\n              </strong>\n            </li>","target":[".nhsuk-list-panel.search-result.nhsuk-u-padding-3:nth-child(5) > .nhsuk-grid-row:nth-child(3) > .nhsuk-grid-column-one-half:nth-child(2) > .ad-job-info.nhsuk-list > .marginBt[data-test=\"search-result-workingPattern\"]"]},{"any":[{"id":"color-contrast","data":{"fgColor":"#212b32","bgColor":"#f0f4f5","contrastRatio":13.02,"fontSize":"14.3pt (19px)","fontWeight":"normal","expectedContrastRatio":"4.5:1"},"relatedNodes":[],"impact":"serious","message":"Element has sufficient color contrast of 13.02"}],"all":[],"none":[],"impact":null,"html":"<strong class=\"nhsuk-u-font-weight-bold\">\n                Full time\n              </strong>","target":[".nhsuk-list-panel.search-result.nhsuk-u-padding-3:nth-child(5) > .nhsuk-grid-row:nth-child(3) > .nhsuk-grid-column-one-half:nth-child(2) > .ad-job-info.nhsuk-list > .marginBt[data-test=\"search-result-workingPattern\"] > strong"]},{"any":[{"id":"color-contrast","data":{"fgColor":"#005eb8","bgColor":"#f0f4f5","contrastRatio":5.75,"fontSize":"18.0pt (24px)","fontWeight":"normal","expectedContrastRatio":"3:1"},"relatedNodes":[],"impact":"serious","message":"Element has sufficient color contrast of 5.75"}],"all":[],"none":[],"impact":null,"html":"<a href=\"/candidate/jobadvert/E0429-25-0025?keyword=Nurse&amp;location=London&amp;distance=5&amp;language=en\" data-test=\"search-result-job-title\">\n              Staff Nurse\n            </a>","target":["#job-title-6 > a[data-test=\"search-result-job-title\"]"]},{"any":[{"id":"color-contrast","data":{"fgColor":"#005eb8","bgColor":"#f0f4f5","contrastRatio":5.75,"fontSize":"14.3pt (19px)","fontWeight":"normal","expectedContrastRatio":"4.5:1"},"relatedNodes":[],"impact":"serious","message":"Element has sufficient color contrast of 5.75"}],"all":[],"none":[],"impact":null,"html":"<a href=\"/candidate/search/save-job/E0429-25-0025\" data-test=\"search-result-save-job\" aria-label=\"Save this job: Staff Nurse (Reference number: E0429-25-0025)\">\n              Save this job\n            </a>","target":[".nhsuk-list-panel.search-result.nhsuk-u-padding-3:nth-child(6) > .nhsuk-grid-row:nth-child(1) > .save-job.nhsuk-u-margin-right-3 > a[data-test=\"search-result-save-job\"]"]},{"any":[{"id":"color-contrast","data":{"fgColor":"#212b32","bgColor":"#f0f4f5","contrastRatio":13.02,"fontSize":"18.0pt (24px)","fontWeight":"normal","expectedContrastRatio":"3:1"},"relatedNodes":[],"impact":"serious","message":"Element has sufficient color contrast of 13.02"}],"all":[],"none":[],"impact":null,"html":"<h3 class=\"nhsuk-u-font-weight-bold\">\n          Fairlie Healthcare Group\n          <div class=\"location-font-size\">\n            \n              Purley CR82HJ\n            \n          </div>\n        </h3>","target":[".nhsuk-list-panel.search-result.nhsuk-u-padding-3:nth-child(6) > .nhsuk-u-margin-bottom-4[data-test=\"search-result-location\"] > h3"]},{"any":[{"id":"color-contrast","data":{"fgColor":"#212b32","bgColor":"#f0f4f5","contrastRatio":13.02,"fontSize":"12.0pt (16px)","fontWeight":"normal","expectedContrastRatio":"4.5:1"},"relatedNodes":[],"impact":"serious","message":"Element has sufficient color contrast of 13.02"}],"all":[],"none":[],"impact":null,"html":"<div class=\"location-font-size\">\n            \n              Purley CR82HJ\n            \n          </div>","target":[".nhsuk-list-panel.search-result.nhsuk-u-padding-3:nth-child(6) > .nhsuk-u-margin-bottom-4[data-test=\"search-result-location\"] > h3 > .location-font-size"]},{"any":[{"id":"color-contrast","data":{"fgColor":"#212b32","bgColor":"#f0f4f5","contrastRatio":13.02,"fontSize":"14.3pt (19px)","fontWeight":"normal","expectedContrastRatio":"4.5:1"},"relatedNodes":[],"impact":"serious","message":"Element has sufficient color contrast of 13.02"}],"all":[],"none":[],"impact":null,"html":"<li data-test=\"search-result-salary\" class=\"marginBt\">\n                Salary: \n                <strong class=\"nhsuk-u-font-weight-bold\">\n                  £19.50 to £20.50\n                  \n                    an hour\n                  \n                </strong>\n              </li>","target":[".nhsuk-list-panel.search-result.nhsuk-u-padding-3:nth-child(6) > .nhsuk-grid-row:nth-child(3) > .nhsuk-grid-column-one-half:nth-child(1) > .first-ad-job-info.ad-job-info.nhsuk-list > .marginBt[data-test=\"search-result-salary\"]"]},{"any":[{"id":"color-contrast","data":{"fgColor":"#212b32","bgColor":"#f0f4f5","contrastRatio":13.02,"fontSize":"14.3pt (19px)","fontWeight":"normal","expectedContrastRatio":"4.5:1"},"relatedNodes":[],"impact":"serious","message":"Element has sufficient color contrast of 13.02"}],"all":[],"none":[],"impact":null,"html":"<strong class=\"nhsuk-u-font-weight-bold\">\n                  £19.50 to £20.50\n                  \n                    an hour\n                  \n                </strong>","target":[".nhsuk-list-panel.search-result.nhsuk-u-padding-3:nth-child(6) > .nhsuk-grid-row:nth-child(3) > .nhsuk-grid-column-one-half:nth-child(1) > .first-ad-job-info.ad-job-info.nhsuk-list > .marginBt[data-test=\"search-result-salary\"] > strong"]},{"any":[{"id":"color-contrast","data":{"fgColor":"#212b32","bgColor":"#f0f4f5","contrastRatio":13.02,"fontSize":"14.3pt (19px)","fontWeight":"normal","expectedContrastRatio":"4.5:1"},"relatedNodes":[],"impact":"serious","message":"Element has sufficient color contrast of 13.02"}],"all":[],"none":[],"impact":null,"html":"<li data-test=\"search-result-publicationDate\">\n                Date posted: \n                <strong class=\"nhsuk-u-font-weight-bold\">\n                  13 June 2025\n                </strong>\n              </li>","target":[".nhsuk-list-panel.search-result.nhsuk-u-padding-3:nth-child(6) > .nhsuk-grid-row:nth-child(3) > .nhsuk-grid-column-one-half:nth-child(1) > .first-ad-job-info.ad-job-info.nhsuk-list > li[data-test=\"search-result-publicationDate\"]"]},{"any":[{"id":"color-contrast","data":{"fgColor":"#212b32","bgColor":"#f0f4f5","contrastRatio":13.02,"fontSize":"14.3pt (19px)","fontWeight":"normal","expectedContrastRatio":"4.5:1"},"relatedNodes":[],"impact":"serious","message":"Element has sufficient color contrast of 13.02"}],"all":[],"none":[],"impact":null,"html":"<strong class=\"nhsuk-u-font-weight-bold\">\n                  13 June 2025\n                </strong>","target":[".nhsuk-list-panel.search-result.nhsuk-u-padding-3:nth-child(6) > .nhsuk-grid-row:nth-child(3) > .nhsuk-grid-column-one-half:nth-child(1) > .first-ad-job-info.ad-job-info.nhsuk-list > li[data-test=\"search-result-publicationDate\"] > strong"]},{"any":[{"id":"color-contrast","data":{"fgColor":"#212b32","bgColor":"#f0f4f5","contrastRatio":13.02,"fontSize":"14.3pt (19px)","fontWeight":"normal","expectedContrastRatio":"4.5:1"},"relatedNodes":[],"impact":"serious","message":"Element has sufficient color contrast of 13.02"}],"all":[],"none":[],"impact":null,"html":"<li data-test=\"search-result-closingDate\">\n                Closing date: \n                <strong class=\"nhsuk-u-font-weight-bold\">\n                  31 July 2025\n                </strong>\n              </li>","target":[".nhsuk-list-panel.search-result.nhsuk-u-padding-3:nth-child(6) > .nhsuk-grid-row:nth-child(3) > .nhsuk-grid-column-one-half:nth-child(1) > .first-ad-job-info.ad-job-info.nhsuk-list > li[data-test=\"search-result-closingDate\"]"]},{"any":[{"id":"color-contrast","data":{"fgColor":"#212b32","bgColor":"#f0f4f5","contrastRatio":13.02,"fontSize":"14.3pt (19px)","fontWeight":"normal","expectedContrastRatio":"4.5:1"},"relatedNodes":[],"impact":"serious","message":"Element has sufficient color contrast of 13.02"}],"all":[],"none":[],"impact":null,"html":"<strong class=\"nhsuk-u-font-weight-bold\">\n                  31 July 2025\n                </strong>","target":[".nhsuk-list-panel.search-result.nhsuk-u-padding-3:nth-child(6) > .nhsuk-grid-row:nth-child(3) > .nhsuk-grid-column-one-half:nth-child(1) > .first-ad-job-info.ad-job-info.nhsuk-list > li[data-test=\"search-result-closingDate\"] > strong"]},{"any":[{"id":"color-contrast","data":{"fgColor":"#212b32","bgColor":"#f0f4f5","contrastRatio":13.02,"fontSize":"14.3pt (19px)","fontWeight":"normal","expectedContrastRatio":"4.5:1"},"relatedNodes":[],"impact":"serious","message":"Element has sufficient color contrast of 13.02"}],"all":[],"none":[],"impact":null,"html":"<li data-test=\"search-result-jobType\" class=\"marginBt\">\n              Contract type: \n              <strong class=\"nhsuk-u-font-weight-bold\">\n                Permanent\n              </strong>\n            </li>","target":[".nhsuk-list-panel.search-result.nhsuk-u-padding-3:nth-child(6) > .nhsuk-grid-row:nth-child(3) > .nhsuk-grid-column-one-half:nth-child(2) > .ad-job-info.nhsuk-list > .marginBt[data-test=\"search-result-jobType\"]"]},{"any":[{"id":"color-contrast","data":{"fgColor":"#212b32","bgColor":"#f0f4f5","contrastRatio":13.02,"fontSize":"14.3pt (19px)","fontWeight":"normal","expectedContrastRatio":"4.5:1"},"relatedNodes":[],"impact":"serious","message":"Element has sufficient color contrast of 13.02"}],"all":[],"none":[],"impact":null,"html":"<strong class=\"nhsuk-u-font-weight-bold\">\n                Permanent\n              </strong>","target":[".nhsuk-list-panel.search-result.nhsuk-u-padding-3:nth-child(6) > .nhsuk-grid-row:nth-child(3) > .nhsuk-grid-column-one-half:nth-child(2) > .ad-job-info.nhsuk-list > .marginBt[data-test=\"search-result-jobType\"] > strong"]},{"any":[{"id":"color-contrast","data":{"fgColor":"#212b32","bgColor":"#f0f4f5","contrastRatio":13.02,"fontSize":"14.3pt (19px)","fontWeight":"normal","expectedContrastRatio":"4.5:1"},"relatedNodes":[],"impact":"serious","message":"Element has sufficient color contrast of 13.02"}],"all":[],"none":[],"impact":null,"html":"<li data-test=\"search-result-workingPattern\" class=\"marginBt\">\n              Working pattern: \n              <strong class=\"nhsuk-u-font-weight-bold\">\n                Full time\n              </strong>\n            </li>","target":[".nhsuk-list-panel.search-result.nhsuk-u-padding-3:nth-child(6) > .nhsuk-grid-row:nth-child(3) > .nhsuk-grid-column-one-half:nth-child(2) > .ad-job-info.nhsuk-list > .marginBt[data-test=\"search-result-workingPattern\"]"]},{"any":[{"id":"color-contrast","data":{"fgColor":"#212b32","bgColor":"#f0f4f5","contrastRatio":13.02,"fontSize":"14.3pt (19px)","fontWeight":"normal","expectedContrastRatio":"4.5:1"},"relatedNodes":[],"impact":"serious","message":"Element has sufficient color contrast of 13.02"}],"all":[],"none":[],"impact":null,"html":"<strong class=\"nhsuk-u-font-weight-bold\">\n                Full time\n              </strong>","target":[".nhsuk-list-panel.search-result.nhsuk-u-padding-3:nth-child(6) > .nhsuk-grid-row:nth-child(3) > .nhsuk-grid-column-one-half:nth-child(2) > .ad-job-info.nhsuk-list > .marginBt[data-test=\"search-result-workingPattern\"] > strong"]},{"any":[{"id":"color-contrast","data":{"fgColor":"#005eb8","bgColor":"#f0f4f5","contrastRatio":5.75,"fontSize":"18.0pt (24px)","fontWeight":"normal","expectedContrastRatio":"3:1"},"relatedNodes":[],"impact":"serious","message":"Element has sufficient color contrast of 5.75"}],"all":[],"none":[],"impact":null,"html":"<a href=\"/candidate/jobadvert/A4272-24-0003?keyword=Nurse&amp;location=London&amp;distance=5&amp;language=en\" data-test=\"search-result-job-title\">\n              Practice Nurse\n            </a>","target":["#job-title-7 > a[data-test=\"search-result-job-title\"]"]},{"any":[{"id":"color-contrast","data":{"fgColor":"#005eb8","bgColor":"#f0f4f5","contrastRatio":5.75,"fontSize":"14.3pt (19px)","fontWeight":"normal","expectedContrastRatio":"4.5:1"},"relatedNodes":[],"impact":"serious","message":"Element has sufficient color contrast of 5.75"}],"all":[],"none":[],"impact":null,"html":"<a href=\"/candidate/search/save-job/A4272-24-0003\" data-test=\"search-result-save-job\" aria-label=\"Save this job: Practice Nurse (Reference number: A4272-24-0003)\">\n              Save this job\n            </a>","target":[".nhsuk-list-panel.search-result.nhsuk-u-padding-3:nth-child(7) > .nhsuk-grid-row:nth-child(1) > .save-job.nhsuk-u-margin-right-3 > a[data-test=\"search-result-save-job\"]"]},{"any":[{"id":"color-contrast","data":{"fgColor":"#212b32","bgColor":"#f0f4f5","contrastRatio":13.02,"fontSize":"18.0pt (24px)","fontWeight":"normal","expectedContrastRatio":"3:1"},"relatedNodes":[],"impact":"serious","message":"Element has sufficient color contrast of 13.02"}],"all":[],"none":[],"impact":null,"html":"<h3 class=\"nhsuk-u-font-weight-bold\">\n          Tamworth House Medical Centre\n          <div class=\"location-font-size\">\n            \n              Mitcham CR4 1DL\n            \n          </div>\n        </h3>","target":[".nhsuk-list-panel.search-result.nhsuk-u-padding-3:nth-child(7) > .nhsuk-u-margin-bottom-4[data-test=\"search-result-location\"] > h3"]},{"any":[{"id":"color-contrast","data":{"fgColor":"#212b32","bgColor":"#f0f4f5","contrastRatio":13.02,"fontSize":"12.0pt (16px)","fontWeight":"normal","expectedContrastRatio":"4.5:1"},"relatedNodes":[],"impact":"serious","message":"Element has sufficient color contrast of 13.02"}],"all":[],"none":[],"impact":null,"html":"<div class=\"location-font-size\">\n            \n              Mitcham CR4 1DL\n            \n          </div>","target":[".nhsuk-list-panel.search-result.nhsuk-u-padding-3:nth-child(7) > .nhsuk-u-margin-bottom-4[data-test=\"search-result-location\"] > h3 > .location-font-size"]},{"any":[{"id":"color-contrast","data":{"fgColor":"#212b32","bgColor":"#f0f4f5","contrastRatio":13.02,"fontSize":"14.3pt (19px)","fontWeight":"normal","expectedContrastRatio":"4.5:1"},"relatedNodes":[],"impact":"serious","message":"Element has sufficient color contrast of 13.02"}],"all":[],"none":[],"impact":null,"html":"<li data-test=\"search-result-salary\" class=\"marginBt\">\n                Salary: \n                <strong class=\"nhsuk-u-font-weight-bold\">\n                  Depends on experience\n                </strong>\n              </li>","target":[".nhsuk-list-panel.search-result.nhsuk-u-padding-3:nth-child(7) > .nhsuk-grid-row:nth-child(3) > .nhsuk-grid-column-one-half:nth-child(1) > .first-ad-job-info.ad-job-info.nhsuk-list > .marginBt[data-test=\"search-result-salary\"]"]},{"any":[{"id":"color-contrast","data":{"fgColor":"#212b32","bgColor":"#f0f4f5","contrastRatio":13.02,"fontSize":"14.3pt (19px)","fontWeight":"normal","expectedContrastRatio":"4.5:1"},"relatedNodes":[],"impact":"serious","message":"Element has sufficient color contrast of 13.02"}],"all":[],"none":[],"impact":null,"html":"<strong class=\"nhsuk-u-font-weight-bold\">\n                  Depends on experience\n                </strong>","target":[".nhsuk-list-panel.search-result.nhsuk-u-padding-3:nth-child(7) > .nhsuk-grid-row:nth-child(3) > .nhsuk-grid-column-one-half:nth-child(1) > .first-ad-job-info.ad-job-info.nhsuk-list > .marginBt[data-test=\"search-result-salary\"] > strong"]},{"any":[{"id":"color-contrast","data":{"fgColor":"#212b32","bgColor":"#f0f4f5","contrastRatio":13.02,"fontSize":"14.3pt (19px)","fontWeight":"normal","expectedContrastRatio":"4.5:1"},"relatedNodes":[],"impact":"serious","message":"Element has sufficient color contrast of 13.02"}],"all":[],"none":[],"impact":null,"html":"<li data-test=\"search-result-publicationDate\">\n                Date posted: \n                <strong class=\"nhsuk-u-font-weight-bold\">\n                  13 May 2025\n                </strong>\n              </li>","target":[".nhsuk-list-panel.search-result.nhsuk-u-padding-3:nth-child(7) > .nhsuk-grid-row:nth-child(3) > .nhsuk-grid-column-one-half:nth-child(1) > .first-ad-job-info.ad-job-info.nhsuk-list > li[data-test=\"search-result-publicationDate\"]"]},{"any":[{"id":"color-contrast","data":{"fgColor":"#212b32","bgColor":"#f0f4f5","contrastRatio":13.02,"fontSize":"14.3pt (19px)","fontWeight":"normal","expectedContrastRatio":"4.5:1"},"relatedNodes":[],"impact":"serious","message":"Element has sufficient color contrast of 13.02"}],"all":[],"none":[],"impact":null,"html":"<strong class=\"nhsuk-u-font-weight-bold\">\n                  13 May 2025\n                </strong>","target":[".nhsuk-list-panel.search-result.nhsuk-u-padding-3:nth-child(7) > .nhsuk-grid-row:nth-child(3) > .nhsuk-grid-column-one-half:nth-child(1) > .first-ad-job-info.ad-job-info.nhsuk-list > li[data-test=\"search-result-publicationDate\"] > strong"]},{"any":[{"id":"color-contrast","data":{"fgColor":"#212b32","bgColor":"#f0f4f5","contrastRatio":13.02,"fontSize":"14.3pt (19px)","fontWeight":"normal","expectedContrastRatio":"4.5:1"},"relatedNodes":[],"impact":"serious","message":"Element has sufficient color contrast of 13.02"}],"all":[],"none":[],"impact":null,"html":"<li data-test=\"search-result-closingDate\">\n                Closing date: \n                <strong class=\"nhsuk-u-font-weight-bold\">\n                  30 June 2025\n                </strong>\n              </li>","target":[".nhsuk-list-panel.search-result.nhsuk-u-padding-3:nth-child(7) > .nhsuk-grid-row:nth-child(3) > .nhsuk-grid-column-one-half:nth-child(1) > .first-ad-job-info.ad-job-info.nhsuk-list > li[data-test=\"search-result-closingDate\"]"]},{"any":[{"id":"color-contrast","data":{"fgColor":"#212b32","bgColor":"#f0f4f5","contrastRatio":13.02,"fontSize":"14.3pt (19px)","fontWeight":"normal","expectedContrastRatio":"4.5:1"},"relatedNodes":[],"impact":"serious","message":"Element has sufficient color contrast of 13.02"}],"all":[],"none":[],"impact":null,"html":"<strong class=\"nhsuk-u-font-weight-bold\">\n                  30 June 2025\n                </strong>","target":[".nhsuk-list-panel.search-result.nhsuk-u-padding-3:nth-child(7) > .nhsuk-grid-row:nth-child(3) > .nhsuk-grid-column-one-half:nth-child(1) > .first-ad-job-info.ad-job-info.nhsuk-list > li[data-test=\"search-result-closingDate\"] > strong"]},{"any":[{"id":"color-contrast","data":{"fgColor":"#212b32","bgColor":"#f0f4f5","contrastRatio":13.02,"fontSize":"14.3pt (19px)","fontWeight":"normal","expectedContrastRatio":"4.5:1"},"relatedNodes":[],"impact":"serious","message":"Element has sufficient color contrast of 13.02"}],"all":[],"none":[],"impact":null,"html":"<li data-test=\"search-result-jobType\" class=\"marginBt\">\n              Contract type: \n              <strong class=\"nhsuk-u-font-weight-bold\">\n                Fixed-Term\n              </strong>\n            </li>","target":[".nhsuk-list-panel.search-result.nhsuk-u-padding-3:nth-child(7) > .nhsuk-grid-row:nth-child(3) > .nhsuk-grid-column-one-half:nth-child(2) > .ad-job-info.nhsuk-list > .marginBt[data-test=\"search-result-jobType\"]"]},{"any":[{"id":"color-contrast","data":{"fgColor":"#212b32","bgColor":"#f0f4f5","contrastRatio":13.02,"fontSize":"14.3pt (19px)","fontWeight":"normal","expectedContrastRatio":"4.5:1"},"relatedNodes":[],"impact":"serious","message":"Element has sufficient color contrast of 13.02"}],"all":[],"none":[],"impact":null,"html":"<strong class=\"nhsuk-u-font-weight-bold\">\n                Fixed-Term\n              </strong>","target":[".nhsuk-list-panel.search-result.nhsuk-u-padding-3:nth-child(7) > .nhsuk-grid-row:nth-child(3) > .nhsuk-grid-column-one-half:nth-child(2) > .ad-job-info.nhsuk-list > .marginBt[data-test=\"search-result-jobType\"] > strong"]},{"any":[{"id":"color-contrast","data":{"fgColor":"#212b32","bgColor":"#f0f4f5","contrastRatio":13.02,"fontSize":"14.3pt (19px)","fontWeight":"normal","expectedContrastRatio":"4.5:1"},"relatedNodes":[],"impact":"serious","message":"Element has sufficient color contrast of 13.02"}],"all":[],"none":[],"impact":null,"html":"<li data-test=\"search-result-workingPattern\" class=\"marginBt\">\n              Working pattern: \n              <strong class=\"nhsuk-u-font-weight-bold\">\n                Part time\n              </strong>\n            </li>","target":[".nhsuk-list-panel.search-result.nhsuk-u-padding-3:nth-child(7) > .nhsuk-grid-row:nth-child(3) > .nhsuk-grid-column-one-half:nth-child(2) > .ad-job-info.nhsuk-list > .marginBt[data-test=\"search-result-workingPattern\"]"]},{"any":[{"id":"color-contrast","data":{"fgColor":"#212b32","bgColor":"#f0f4f5","contrastRatio":13.02,"fontSize":"14.3pt (19px)","fontWeight":"normal","expectedContrastRatio":"4.5:1"},"relatedNodes":[],"impact":"serious","message":"Element has sufficient color contrast of 13.02"}],"all":[],"none":[],"impact":null,"html":"<strong class=\"nhsuk-u-font-weight-bold\">\n                Part time\n              </strong>","target":[".nhsuk-list-panel.search-result.nhsuk-u-padding-3:nth-child(7) > .nhsuk-grid-row:nth-child(3) > .nhsuk-grid-column-one-half:nth-child(2) > .ad-job-info.nhsuk-list > .marginBt[data-test=\"search-result-workingPattern\"] > strong"]},{"any":[{"id":"color-contrast","data":{"fgColor":"#005eb8","bgColor":"#f0f4f5","contrastRatio":5.75,"fontSize":"18.0pt (24px)","fontWeight":"normal","expectedContrastRatio":"3:1"},"relatedNodes":[],"impact":"serious","message":"Element has sufficient color contrast of 5.75"}],"all":[],"none":[],"impact":null,"html":"<a href=\"/candidate/jobadvert/L0034-25-2230?keyword=Nurse&amp;location=London&amp;distance=5&amp;language=en\" data-test=\"search-result-job-title\">\n              Registered Nurse \n            </a>","target":["#job-title-8 > a[data-test=\"search-result-job-title\"]"]},{"any":[{"id":"color-contrast","data":{"fgColor":"#005eb8","bgColor":"#f0f4f5","contrastRatio":5.75,"fontSize":"14.3pt (19px)","fontWeight":"normal","expectedContrastRatio":"4.5:1"},"relatedNodes":[],"impact":"serious","message":"Element has sufficient color contrast of 5.75"}],"all":[],"none":[],"impact":null,"html":"<a href=\"/candidate/search/save-job/L0034-25-2230\" data-test=\"search-result-save-job\" aria-label=\"Save this job: Registered Nurse  (Reference number: L0034-25-2230)\">\n              Save this job\n            </a>","target":[".nhsuk-list-panel.search-result.nhsuk-u-padding-3:nth-child(8) > .nhsuk-grid-row:nth-child(1) > .save-job.nhsuk-u-margin-right-3 > a[data-test=\"search-result-save-job\"]"]},{"any":[{"id":"color-contrast","data":{"fgColor":"#212b32","bgColor":"#f0f4f5","contrastRatio":13.02,"fontSize":"18.0pt (24px)","fontWeight":"normal","expectedContrastRatio":"3:1"},"relatedNodes":[],"impact":"serious","message":"Element has sufficient color contrast of 13.02"}],"all":[],"none":[],"impact":null,"html":"<h3 class=\"nhsuk-u-font-weight-bold\">\n          Avery Healthcare Group Ltd.\n          <div class=\"location-font-size\">\n            \n              Purley CR8 2LF\n            \n          </div>\n        </h3>","target":[".nhsuk-list-panel.search-result.nhsuk-u-padding-3:nth-child(8) > .nhsuk-u-margin-bottom-4[data-test=\"search-result-location\"] > h3"]},{"any":[{"id":"color-contrast","data":{"fgColor":"#212b32","bgColor":"#f0f4f5","contrastRatio":13.02,"fontSize":"12.0pt (16px)","fontWeight":"normal","expectedContrastRatio":"4.5:1"},"relatedNodes":[],"impact":"serious","message":"Element has sufficient color contrast of 13.02"}],"all":[],"none":[],"impact":null,"html":"<div class=\"location-font-size\">\n            \n              Purley CR8 2LF\n            \n          </div>","target":[".nhsuk-list-panel.search-result.nhsuk-u-padding-3:nth-child(8) > .nhsuk-u-margin-bottom-4[data-test=\"search-result-location\"] > h3 > .location-font-size"]},{"any":[{"id":"color-contrast","data":{"fgColor":"#212b32","bgColor":"#f0f4f5","contrastRatio":13.02,"fontSize":"14.3pt (19px)","fontWeight":"normal","expectedContrastRatio":"4.5:1"},"relatedNodes":[],"impact":"serious","message":"Element has sufficient color contrast of 13.02"}],"all":[],"none":[],"impact":null,"html":"<li data-test=\"search-result-salary\" class=\"marginBt\">\n                Salary: \n                <strong class=\"nhsuk-u-font-weight-bold\">\n                  £21 to £22\n                  \n                    an hour\n                  \n                </strong>\n              </li>","target":[".nhsuk-list-panel.search-result.nhsuk-u-padding-3:nth-child(8) > .nhsuk-grid-row:nth-child(3) > .nhsuk-grid-column-one-half:nth-child(1) > .first-ad-job-info.ad-job-info.nhsuk-list > .marginBt[data-test=\"search-result-salary\"]"]},{"any":[{"id":"color-contrast","data":{"fgColor":"#212b32","bgColor":"#f0f4f5","contrastRatio":13.02,"fontSize":"14.3pt (19px)","fontWeight":"normal","expectedContrastRatio":"4.5:1"},"relatedNodes":[],"impact":"serious","message":"Element has sufficient color contrast of 13.02"}],"all":[],"none":[],"impact":null,"html":"<strong class=\"nhsuk-u-font-weight-bold\">\n                  £21 to £22\n                  \n                    an hour\n                  \n                </strong>","target":[".nhsuk-list-panel.search-result.nhsuk-u-padding-3:nth-child(8) > .nhsuk-grid-row:nth-child(3) > .nhsuk-grid-column-one-half:nth-child(1) > .first-ad-job-info.ad-job-info.nhsuk-list > .marginBt[data-test=\"search-result-salary\"] > strong"]},{"any":[{"id":"color-contrast","data":{"fgColor":"#212b32","bgColor":"#f0f4f5","contrastRatio":13.02,"fontSize":"14.3pt (19px)","fontWeight":"normal","expectedContrastRatio":"4.5:1"},"relatedNodes":[],"impact":"serious","message":"Element has sufficient color contrast of 13.02"}],"all":[],"none":[],"impact":null,"html":"<li data-test=\"search-result-publicationDate\">\n                Date posted: \n                <strong class=\"nhsuk-u-font-weight-bold\">\n                  18 June 2025\n                </strong>\n              </li>","target":[".nhsuk-list-panel.search-result.nhsuk-u-padding-3:nth-child(8) > .nhsuk-grid-row:nth-child(3) > .nhsuk-grid-column-one-half:nth-child(1) > .first-ad-job-info.ad-job-info.nhsuk-list > li[data-test=\"search-result-publicationDate\"]"]},{"any":[{"id":"color-contrast","data":{"fgColor":"#212b32","bgColor":"#f0f4f5","contrastRatio":13.02,"fontSize":"14.3pt (19px)","fontWeight":"normal","expectedContrastRatio":"4.5:1"},"relatedNodes":[],"impact":"serious","message":"Element has sufficient color contrast of 13.02"}],"all":[],"none":[],"impact":null,"html":"<strong class=\"nhsuk-u-font-weight-bold\">\n                  18 June 2025\n                </strong>","target":[".nhsuk-list-panel.search-result.nhsuk-u-padding-3:nth-child(8) > .nhsuk-grid-row:nth-child(3) > .nhsuk-grid-column-one-half:nth-child(1) > .first-ad-job-info.ad-job-info.nhsuk-list > li[data-test=\"search-result-publicationDate\"] > strong"]},{"any":[{"id":"color-contrast","data":{"fgColor":"#212b32","bgColor":"#f0f4f5","contrastRatio":13.02,"fontSize":"14.3pt (19px)","fontWeight":"normal","expectedContrastRatio":"4.5:1"},"relatedNodes":[],"impact":"serious","message":"Element has sufficient color contrast of 13.02"}],"all":[],"none":[],"impact":null,"html":"<li data-test=\"search-result-closingDate\">\n                Closing date: \n                <strong class=\"nhsuk-u-font-weight-bold\">\n                  17 August 2025\n                </strong>\n              </li>","target":[".nhsuk-list-panel.search-result.nhsuk-u-padding-3:nth-child(8) > .nhsuk-grid-row:nth-child(3) > .nhsuk-grid-column-one-half:nth-child(1) > .first-ad-job-info.ad-job-info.nhsuk-list > li[data-test=\"search-result-closingDate\"]"]},{"any":[{"id":"color-contrast","data":{"fgColor":"#212b32","bgColor":"#f0f4f5","contrastRatio":13.02,"fontSize":"14.3pt (19px)","fontWeight":"normal","expectedContrastRatio":"4.5:1"},"relatedNodes":[],"impact":"serious","message":"Element has sufficient color contrast of 13.02"}],"all":[],"none":[],"impact":null,"html":"<strong class=\"nhsuk-u-font-weight-bold\">\n                  17 August 2025\n                </strong>","target":[".nhsuk-list-panel.search-result.nhsuk-u-padding-3:nth-child(8) > .nhsuk-grid-row:nth-child(3) > .nhsuk-grid-column-one-half:nth-child(1) > .first-ad-job-info.ad-job-info.nhsuk-list > li[data-test=\"search-result-closingDate\"] > strong"]},{"any":[{"id":"color-contrast","data":{"fgColor":"#212b32","bgColor":"#f0f4f5","contrastRatio":13.02,"fontSize":"14.3pt (19px)","fontWeight":"normal","expectedContrastRatio":"4.5:1"},"relatedNodes":[],"impact":"serious","message":"Element has sufficient color contrast of 13.02"}],"all":[],"none":[],"impact":null,"html":"<li data-test=\"search-result-jobType\" class=\"marginBt\">\n              Contract type: \n              <strong class=\"nhsuk-u-font-weight-bold\">\n                Permanent\n              </strong>\n            </li>","target":[".nhsuk-list-panel.search-result.nhsuk-u-padding-3:nth-child(8) > .nhsuk-grid-row:nth-child(3) > .nhsuk-grid-column-one-half:nth-child(2) > .ad-job-info.nhsuk-list > .marginBt[data-test=\"search-result-jobType\"]"]},{"any":[{"id":"color-contrast","data":{"fgColor":"#212b32","bgColor":"#f0f4f5","contrastRatio":13.02,"fontSize":"14.3pt (19px)","fontWeight":"normal","expectedContrastRatio":"4.5:1"},"relatedNodes":[],"impact":"serious","message":"Element has sufficient color contrast of 13.02"}],"all":[],"none":[],"impact":null,"html":"<strong class=\"nhsuk-u-font-weight-bold\">\n                Permanent\n              </strong>","target":[".nhsuk-list-panel.search-result.nhsuk-u-padding-3:nth-child(8) > .nhsuk-grid-row:nth-child(3) > .nhsuk-grid-column-one-half:nth-child(2) > .ad-job-info.nhsuk-list > .marginBt[data-test=\"search-result-jobType\"] > strong"]},{"any":[{"id":"color-contrast","data":{"fgColor":"#212b32","bgColor":"#f0f4f5","contrastRatio":13.02,"fontSize":"14.3pt (19px)","fontWeight":"normal","expectedContrastRatio":"4.5:1"},"relatedNodes":[],"impact":"serious","message":"Element has sufficient color contrast of 13.02"}],"all":[],"none":[],"impact":null,"html":"<li data-test=\"search-result-workingPattern\" class=\"marginBt\">\n              Working pattern: \n              <strong class=\"nhsuk-u-font-weight-bold\">\n                Part time\n              </strong>\n            </li>","target":[".nhsuk-list-panel.search-result.nhsuk-u-padding-3:nth-child(8) > .nhsuk-grid-row:nth-child(3) > .nhsuk-grid-column-one-half:nth-child(2) > .ad-job-info.nhsuk-list > .marginBt[data-test=\"search-result-workingPattern\"]"]},{"any":[{"id":"color-contrast","data":{"fgColor":"#212b32","bgColor":"#f0f4f5","contrastRatio":13.02,"fontSize":"14.3pt (19px)","fontWeight":"normal","expectedContrastRatio":"4.5:1"},"relatedNodes":[],"impact":"serious","message":"Element has sufficient color contrast of 13.02"}],"all":[],"none":[],"impact":null,"html":"<strong class=\"nhsuk-u-font-weight-bold\">\n                Part time\n              </strong>","target":[".nhsuk-list-panel.search-result.nhsuk-u-padding-3:nth-child(8) > .nhsuk-grid-row:nth-child(3) > .nhsuk-grid-column-one-half:nth-child(2) > .ad-job-info.nhsuk-list > .marginBt[data-test=\"search-result-workingPattern\"] > strong"]},{"any":[{"id":"color-contrast","data":{"fgColor":"#005eb8","bgColor":"#f0f4f5","contrastRatio":5.75,"fontSize":"18.0pt (24px)","fontWeight":"normal","expectedContrastRatio":"3:1"},"relatedNodes":[],"impact":"serious","message":"Element has sufficient color contrast of 5.75"}],"all":[],"none":[],"impact":null,"html":"<a href=\"/candidate/jobadvert/L0121-25-0827?keyword=Nurse&amp;location=London&amp;distance=5&amp;language=en\" data-test=\"search-result-job-title\">\n              Registered Nurse\n            </a>","target":["#job-title-9 > a[data-test=\"search-result-job-title\"]"]},{"any":[{"id":"color-contrast","data":{"fgColor":"#005eb8","bgColor":"#f0f4f5","contrastRatio":5.75,"fontSize":"14.3pt (19px)","fontWeight":"normal","expectedContrastRatio":"4.5:1"},"relatedNodes":[],"impact":"serious","message":"Element has sufficient color contrast of 5.75"}],"all":[],"none":[],"impact":null,"html":"<a href=\"/candidate/search/save-job/L0121-25-0827\" data-test=\"search-result-save-job\" aria-label=\"Save this job: Registered Nurse (Reference number: L0121-25-0827)\">\n              Save this job\n            </a>","target":[".nhsuk-list-panel.search-result.nhsuk-u-padding-3:nth-child(9) > .nhsuk-grid-row:nth-child(1) > .save-job.nhsuk-u-margin-right-3 > a[data-test=\"search-result-save-job\"]"]},{"any":[{"id":"color-contrast","data":{"fgColor":"#212b32","bgColor":"#f0f4f5","contrastRatio":13.02,"fontSize":"18.0pt (24px)","fontWeight":"normal","expectedContrastRatio":"3:1"},"relatedNodes":[],"impact":"serious","message":"Element has sufficient color contrast of 13.02"}],"all":[],"none":[],"impact":null,"html":"<h3 class=\"nhsuk-u-font-weight-bold\">\n          Aria Care\n          <div class=\"location-font-size\">\n            \n              Denham UB9 5DQ\n            \n          </div>\n        </h3>","target":[".nhsuk-list-panel.search-result.nhsuk-u-padding-3:nth-child(9) > .nhsuk-u-margin-bottom-4[data-test=\"search-result-location\"] > h3"]},{"any":[{"id":"color-contrast","data":{"fgColor":"#212b32","bgColor":"#f0f4f5","contrastRatio":13.02,"fontSize":"12.0pt (16px)","fontWeight":"normal","expectedContrastRatio":"4.5:1"},"relatedNodes":[],"impact":"serious","message":"Element has sufficient color contrast of 13.02"}],"all":[],"none":[],"impact":null,"html":"<div class=\"location-font-size\">\n            \n              Denham UB9 5DQ\n            \n          </div>","target":[".nhsuk-list-panel.search-result.nhsuk-u-padding-3:nth-child(9) > .nhsuk-u-margin-bottom-4[data-test=\"search-result-location\"] > h3 > .location-font-size"]},{"any":[{"id":"color-contrast","data":{"fgColor":"#212b32","bgColor":"#f0f4f5","contrastRatio":13.02,"fontSize":"14.3pt (19px)","fontWeight":"normal","expectedContrastRatio":"4.5:1"},"relatedNodes":[],"impact":"serious","message":"Element has sufficient color contrast of 13.02"}],"all":[],"none":[],"impact":null,"html":"<li data-test=\"search-result-salary\" class=\"marginBt\">\n                Salary: \n                <strong class=\"nhsuk-u-font-weight-bold\">\n                  £21.15\n                  \n                    an hour\n                  \n                </strong>\n              </li>","target":[".nhsuk-list-panel.search-result.nhsuk-u-padding-3:nth-child(9) > .nhsuk-grid-row:nth-child(3) > .nhsuk-grid-column-one-half:nth-child(1) > .first-ad-job-info.ad-job-info.nhsuk-list > .marginBt[data-test=\"search-result-salary\"]"]},{"any":[{"id":"color-contrast","data":{"fgColor":"#212b32","bgColor":"#f0f4f5","contrastRatio":13.02,"fontSize":"14.3pt (19px)","fontWeight":"normal","expectedContrastRatio":"4.5:1"},"relatedNodes":[],"impact":"serious","message":"Element has sufficient color contrast of 13.02"}],"all":[],"none":[],"impact":null,"html":"<strong class=\"nhsuk-u-font-weight-bold\">\n                  £21.15\n                  \n                    an hour\n                  \n                </strong>","target":[".nhsuk-list-panel.search-result.nhsuk-u-padding-3:nth-child(9) > .nhsuk-grid-row:nth-child(3) > .nhsuk-grid-column-one-half:nth-child(1) > .first-ad-job-info.ad-job-info.nhsuk-list > .marginBt[data-test=\"search-result-salary\"] > strong"]},{"any":[{"id":"color-contrast","data":{"fgColor":"#212b32","bgColor":"#f0f4f5","contrastRatio":13.02,"fontSize":"14.3pt (19px)","fontWeight":"normal","expectedContrastRatio":"4.5:1"},"relatedNodes":[],"impact":"serious","message":"Element has sufficient color contrast of 13.02"}],"all":[],"none":[],"impact":null,"html":"<li data-test=\"search-result-publicationDate\">\n                Date posted: \n                <strong class=\"nhsuk-u-font-weight-bold\">\n                  30 May 2025\n                </strong>\n              </li>","target":[".nhsuk-list-panel.search-result.nhsuk-u-padding-3:nth-child(9) > .nhsuk-grid-row:nth-child(3) > .nhsuk-grid-column-one-half:nth-child(1) > .first-ad-job-info.ad-job-info.nhsuk-list > li[data-test=\"search-result-publicationDate\"]"]},{"any":[{"id":"color-contrast","data":{"fgColor":"#212b32","bgColor":"#f0f4f5","contrastRatio":13.02,"fontSize":"14.3pt (19px)","fontWeight":"normal","expectedContrastRatio":"4.5:1"},"relatedNodes":[],"impact":"serious","message":"Element has sufficient color contrast of 13.02"}],"all":[],"none":[],"impact":null,"html":"<strong class=\"nhsuk-u-font-weight-bold\">\n                  30 May 2025\n                </strong>","target":[".nhsuk-list-panel.search-result.nhsuk-u-padding-3:nth-child(9) > .nhsuk-grid-row:nth-child(3) > .nhsuk-grid-column-one-half:nth-child(1) > .first-ad-job-info.ad-job-info.nhsuk-list > li[data-test=\"search-result-publicationDate\"] > strong"]},{"any":[{"id":"color-contrast","data":{"fgColor":"#212b32","bgColor":"#f0f4f5","contrastRatio":13.02,"fontSize":"14.3pt (19px)","fontWeight":"normal","expectedContrastRatio":"4.5:1"},"relatedNodes":[],"impact":"serious","message":"Element has sufficient color contrast of 13.02"}],"all":[],"none":[],"impact":null,"html":"<li data-test=\"search-result-closingDate\">\n                Closing date: \n                <strong class=\"nhsuk-u-font-weight-bold\">\n                  29 July 2025\n                </strong>\n              </li>","target":[".nhsuk-list-panel.search-result.nhsuk-u-padding-3:nth-child(9) > .nhsuk-grid-row:nth-child(3) > .nhsuk-grid-column-one-half:nth-child(1) > .first-ad-job-info.ad-job-info.nhsuk-list > li[data-test=\"search-result-closingDate\"]"]},{"any":[{"id":"color-contrast","data":{"fgColor":"#212b32","bgColor":"#f0f4f5","contrastRatio":13.02,"fontSize":"14.3pt (19px)","fontWeight":"normal","expectedContrastRatio":"4.5:1"},"relatedNodes":[],"impact":"serious","message":"Element has sufficient color contrast of 13.02"}],"all":[],"none":[],"impact":null,"html":"<strong class=\"nhsuk-u-font-weight-bold\">\n                  29 July 2025\n                </strong>","target":[".nhsuk-list-panel.search-result.nhsuk-u-padding-3:nth-child(9) > .nhsuk-grid-row:nth-child(3) > .nhsuk-grid-column-one-half:nth-child(1) > .first-ad-job-info.ad-job-info.nhsuk-list > li[data-test=\"search-result-closingDate\"] > strong"]},{"any":[{"id":"color-contrast","data":{"fgColor":"#212b32","bgColor":"#f0f4f5","contrastRatio":13.02,"fontSize":"14.3pt (19px)","fontWeight":"normal","expectedContrastRatio":"4.5:1"},"relatedNodes":[],"impact":"serious","message":"Element has sufficient color contrast of 13.02"}],"all":[],"none":[],"impact":null,"html":"<li data-test=\"search-result-jobType\" class=\"marginBt\">\n              Contract type: \n              <strong class=\"nhsuk-u-font-weight-bold\">\n                Permanent\n              </strong>\n            </li>","target":[".nhsuk-list-panel.search-result.nhsuk-u-padding-3:nth-child(9) > .nhsuk-grid-row:nth-child(3) > .nhsuk-grid-column-one-half:nth-child(2) > .ad-job-info.nhsuk-list > .marginBt[data-test=\"search-result-jobType\"]"]},{"any":[{"id":"color-contrast","data":{"fgColor":"#212b32","bgColor":"#f0f4f5","contrastRatio":13.02,"fontSize":"14.3pt (19px)","fontWeight":"normal","expectedContrastRatio":"4.5:1"},"relatedNodes":[],"impact":"serious","message":"Element has sufficient color contrast of 13.02"}],"all":[],"none":[],"impact":null,"html":"<strong class=\"nhsuk-u-font-weight-bold\">\n                Permanent\n              </strong>","target":[".nhsuk-list-panel.search-result.nhsuk-u-padding-3:nth-child(9) > .nhsuk-grid-row:nth-child(3) > .nhsuk-grid-column-one-half:nth-child(2) > .ad-job-info.nhsuk-list > .marginBt[data-test=\"search-result-jobType\"] > strong"]},{"any":[{"id":"color-contrast","data":{"fgColor":"#212b32","bgColor":"#f0f4f5","contrastRatio":13.02,"fontSize":"14.3pt (19px)","fontWeight":"normal","expectedContrastRatio":"4.5:1"},"relatedNodes":[],"impact":"serious","message":"Element has sufficient color contrast of 13.02"}],"all":[],"none":[],"impact":null,"html":"<li data-test=\"search-result-workingPattern\" class=\"marginBt\">\n              Working pattern: \n              <strong class=\"nhsuk-u-font-weight-bold\">\n                Full time\n              </strong>\n            </li>","target":[".nhsuk-list-panel.search-result.nhsuk-u-padding-3:nth-child(9) > .nhsuk-grid-row:nth-child(3) > .nhsuk-grid-column-one-half:nth-child(2) > .ad-job-info.nhsuk-list > .marginBt[data-test=\"search-result-workingPattern\"]"]},{"any":[{"id":"color-contrast","data":{"fgColor":"#212b32","bgColor":"#f0f4f5","contrastRatio":13.02,"fontSize":"14.3pt (19px)","fontWeight":"normal","expectedContrastRatio":"4.5:1"},"relatedNodes":[],"impact":"serious","message":"Element has sufficient color contrast of 13.02"}],"all":[],"none":[],"impact":null,"html":"<strong class=\"nhsuk-u-font-weight-bold\">\n                Full time\n              </strong>","target":[".nhsuk-list-panel.search-result.nhsuk-u-padding-3:nth-child(9) > .nhsuk-grid-row:nth-child(3) > .nhsuk-grid-column-one-half:nth-child(2) > .ad-job-info.nhsuk-list > .marginBt[data-test=\"search-result-workingPattern\"] > strong"]},{"any":[{"id":"color-contrast","data":{"fgColor":"#005eb8","bgColor":"#f0f4f5","contrastRatio":5.75,"fontSize":"18.0pt (24px)","fontWeight":"normal","expectedContrastRatio":"3:1"},"relatedNodes":[],"impact":"serious","message":"Element has sufficient color contrast of 5.75"}],"all":[],"none":[],"impact":null,"html":"<a href=\"/candidate/jobadvert/A4003-25-0000?keyword=Nurse&amp;location=London&amp;distance=5&amp;language=en\" data-test=\"search-result-job-title\">\n              Practice Nurse\n            </a>","target":["#job-title-10 > a[data-test=\"search-result-job-title\"]"]},{"any":[{"id":"color-contrast","data":{"fgColor":"#005eb8","bgColor":"#f0f4f5","contrastRatio":5.75,"fontSize":"14.3pt (19px)","fontWeight":"normal","expectedContrastRatio":"4.5:1"},"relatedNodes":[],"impact":"serious","message":"Element has sufficient color contrast of 5.75"}],"all":[],"none":[],"impact":null,"html":"<a href=\"/candidate/search/save-job/A4003-25-0000\" data-test=\"search-result-save-job\" aria-label=\"Save this job: Practice Nurse (Reference number: A4003-25-0000)\">\n              Save this job\n            </a>","target":[".nhsuk-list-panel.search-result.nhsuk-u-padding-3:nth-child(10) > .nhsuk-grid-row:nth-child(1) > .save-job.nhsuk-u-margin-right-3 > a[data-test=\"search-result-save-job\"]"]},{"any":[{"id":"color-contrast","data":{"fgColor":"#212b32","bgColor":"#f0f4f5","contrastRatio":13.02,"fontSize":"18.0pt (24px)","fontWeight":"normal","expectedContrastRatio":"3:1"},"relatedNodes":[],"impact":"serious","message":"Element has sufficient color contrast of 13.02"}],"all":[],"none":[],"impact":null,"html":"<h3 class=\"nhsuk-u-font-weight-bold\">\n          Bellegrove Surgery\n          <div class=\"location-font-size\">\n            \n              Welling DA16 3RE\n            \n          </div>\n        </h3>","target":[".nhsuk-list-panel.search-result.nhsuk-u-padding-3:nth-child(10) > .nhsuk-u-margin-bottom-4[data-test=\"search-result-location\"] > h3"]},{"any":[{"id":"color-contrast","data":{"fgColor":"#212b32","bgColor":"#f0f4f5","contrastRatio":13.02,"fontSize":"12.0pt (16px)","fontWeight":"normal","expectedContrastRatio":"4.5:1"},"relatedNodes":[],"impact":"serious","message":"Element has sufficient color contrast of 13.02"}],"all":[],"none":[],"impact":null,"html":"<div class=\"location-font-size\">\n            \n              Welling DA16 3RE\n            \n          </div>","target":[".nhsuk-list-panel.search-result.nhsuk-u-padding-3:nth-child(10) > .nhsuk-u-margin-bottom-4[data-test=\"search-result-location\"] > h3 > .location-font-size"]},{"any":[{"id":"color-contrast","data":{"fgColor":"#212b32","bgColor":"#f0f4f5","contrastRatio":13.02,"fontSize":"14.3pt (19px)","fontWeight":"normal","expectedContrastRatio":"4.5:1"},"relatedNodes":[],"impact":"serious","message":"Element has sufficient color contrast of 13.02"}],"all":[],"none":[],"impact":null,"html":"<li data-test=\"search-result-salary\" class=\"marginBt\">\n                Salary: \n                <strong class=\"nhsuk-u-font-weight-bold\">\n                  Depends on experience\n                </strong>\n              </li>","target":[".nhsuk-list-panel.search-result.nhsuk-u-padding-3:nth-child(10) > .nhsuk-grid-row:nth-child(3) > .nhsuk-grid-column-one-half:nth-child(1) > .first-ad-job-info.ad-job-info.nhsuk-list > .marginBt[data-test=\"search-result-salary\"]"]},{"any":[{"id":"color-contrast","data":{"fgColor":"#212b32","bgColor":"#f0f4f5","contrastRatio":13.02,"fontSize":"14.3pt (19px)","fontWeight":"normal","expectedContrastRatio":"4.5:1"},"relatedNodes":[],"impact":"serious","message":"Element has sufficient color contrast of 13.02"}],"all":[],"none":[],"impact":null,"html":"<strong class=\"nhsuk-u-font-weight-bold\">\n                  Depends on experience\n                </strong>","target":[".nhsuk-list-panel.search-result.nhsuk-u-padding-3:nth-child(10) > .nhsuk-grid-row:nth-child(3) > .nhsuk-grid-column-one-half:nth-child(1) > .first-ad-job-info.ad-job-info.nhsuk-list > .marginBt[data-test=\"search-result-salary\"] > strong"]},{"any":[{"id":"color-contrast","data":{"fgColor":"#212b32","bgColor":"#f0f4f5","contrastRatio":13.02,"fontSize":"14.3pt (19px)","fontWeight":"normal","expectedContrastRatio":"4.5:1"},"relatedNodes":[],"impact":"serious","message":"Element has sufficient color contrast of 13.02"}],"all":[],"none":[],"impact":null,"html":"<li data-test=\"search-result-publicationDate\">\n                Date posted: \n                <strong class=\"nhsuk-u-font-weight-bold\">\n                  10 June 2025\n                </strong>\n              </li>","target":[".nhsuk-list-panel.search-result.nhsuk-u-padding-3:nth-child(10) > .nhsuk-grid-row:nth-child(3) > .nhsuk-grid-column-one-half:nth-child(1) > .first-ad-job-info.ad-job-info.nhsuk-list > li[data-test=\"search-result-publicationDate\"]"]},{"any":[{"id":"color-contrast","data":{"fgColor":"#212b32","bgColor":"#f0f4f5","contrastRatio":13.02,"fontSize":"14.3pt (19px)","fontWeight":"normal","expectedContrastRatio":"4.5:1"},"relatedNodes":[],"impact":"serious","message":"Element has sufficient color contrast of 13.02"}],"all":[],"none":[],"impact":null,"html":"<strong class=\"nhsuk-u-font-weight-bold\">\n                  10 June 2025\n                </strong>","target":[".nhsuk-list-panel.search-result.nhsuk-u-padding-3:nth-child(10) > .nhsuk-grid-row:nth-child(3) > .nhsuk-grid-column-one-half:nth-child(1) > .first-ad-job-info.ad-job-info.nhsuk-list > li[data-test=\"search-result-publicationDate\"] > strong"]},{"any":[{"id":"color-contrast","data":{"fgColor":"#212b32","bgColor":"#f0f4f5","contrastRatio":13.02,"fontSize":"14.3pt (19px)","fontWeight":"normal","expectedContrastRatio":"4.5:1"},"relatedNodes":[],"impact":"serious","message":"Element has sufficient color contrast of 13.02"}],"all":[],"none":[],"impact":null,"html":"<li data-test=\"search-result-closingDate\">\n                Closing date: \n                <strong class=\"nhsuk-u-font-weight-bold\">\n                  30 June 2025\n                </strong>\n              </li>","target":[".nhsuk-list-panel.search-result.nhsuk-u-padding-3:nth-child(10) > .nhsuk-grid-row:nth-child(3) > .nhsuk-grid-column-one-half:nth-child(1) > .first-ad-job-info.ad-job-info.nhsuk-list > li[data-test=\"search-result-closingDate\"]"]},{"any":[{"id":"color-contrast","data":{"fgColor":"#212b32","bgColor":"#f0f4f5","contrastRatio":13.02,"fontSize":"14.3pt (19px)","fontWeight":"normal","expectedContrastRatio":"4.5:1"},"relatedNodes":[],"impact":"serious","message":"Element has sufficient color contrast of 13.02"}],"all":[],"none":[],"impact":null,"html":"<strong class=\"nhsuk-u-font-weight-bold\">\n                  30 June 2025\n                </strong>","target":[".nhsuk-list-panel.search-result.nhsuk-u-padding-3:nth-child(10) > .nhsuk-grid-row:nth-child(3) > .nhsuk-grid-column-one-half:nth-child(1) > .first-ad-job-info.ad-job-info.nhsuk-list > li[data-test=\"search-result-closingDate\"] > strong"]},{"any":[{"id":"color-contrast","data":{"fgColor":"#212b32","bgColor":"#f0f4f5","contrastRatio":13.02,"fontSize":"14.3pt (19px)","fontWeight":"normal","expectedContrastRatio":"4.5:1"},"relatedNodes":[],"impact":"serious","message":"Element has sufficient color contrast of 13.02"}],"all":[],"none":[],"impact":null,"html":"<li data-test=\"search-result-jobType\" class=\"marginBt\">\n              Contract type: \n              <strong class=\"nhsuk-u-font-weight-bold\">\n                Permanent\n              </strong>\n            </li>","target":[".nhsuk-list-panel.search-result.nhsuk-u-padding-3:nth-child(10) > .nhsuk-grid-row:nth-child(3) > .nhsuk-grid-column-one-half:nth-child(2) > .ad-job-info.nhsuk-list > .marginBt[data-test=\"search-result-jobType\"]"]},{"any":[{"id":"color-contrast","data":{"fgColor":"#212b32","bgColor":"#f0f4f5","contrastRatio":13.02,"fontSize":"14.3pt (19px)","fontWeight":"normal","expectedContrastRatio":"4.5:1"},"relatedNodes":[],"impact":"serious","message":"Element has sufficient color contrast of 13.02"}],"all":[],"none":[],"impact":null,"html":"<strong class=\"nhsuk-u-font-weight-bold\">\n                Permanent\n              </strong>","target":[".nhsuk-list-panel.search-result.nhsuk-u-padding-3:nth-child(10) > .nhsuk-grid-row:nth-child(3) > .nhsuk-grid-column-one-half:nth-child(2) > .ad-job-info.nhsuk-list > .marginBt[data-test=\"search-result-jobType\"] > strong"]},{"any":[{"id":"color-contrast","data":{"fgColor":"#212b32","bgColor":"#f0f4f5","contrastRatio":13.02,"fontSize":"14.3pt (19px)","fontWeight":"normal","expectedContrastRatio":"4.5:1"},"relatedNodes":[],"impact":"serious","message":"Element has sufficient color contrast of 13.02"}],"all":[],"none":[],"impact":null,"html":"<li data-test=\"search-result-workingPattern\" class=\"marginBt\">\n              Working pattern: \n              <strong class=\"nhsuk-u-font-weight-bold\">\n                Full time, Part time\n              </strong>\n            </li>","target":[".nhsuk-list-panel.search-result.nhsuk-u-padding-3:nth-child(10) > .nhsuk-grid-row:nth-child(3) > .nhsuk-grid-column-one-half:nth-child(2) > .ad-job-info.nhsuk-list > .marginBt[data-test=\"search-result-workingPattern\"]"]},{"any":[{"id":"color-contrast","data":{"fgColor":"#212b32","bgColor":"#f0f4f5","contrastRatio":13.02,"fontSize":"14.3pt (19px)","fontWeight":"normal","expectedContrastRatio":"4.5:1"},"relatedNodes":[],"impact":"serious","message":"Element has sufficient color contrast of 13.02"}],"all":[],"none":[],"impact":null,"html":"<strong class=\"nhsuk-u-font-weight-bold\">\n                Full time, Part time\n              </strong>","target":[".nhsuk-list-panel.search-result.nhsuk-u-padding-3:nth-child(10) > .nhsuk-grid-row:nth-child(3) > .nhsuk-grid-column-one-half:nth-child(2) > .ad-job-info.nhsuk-list > .marginBt[data-test=\"search-result-workingPattern\"] > strong"]},{"any":[{"id":"color-contrast","data":{"fgColor":"#005eb8","bgColor":"#f0f4f5","contrastRatio":5.75,"fontSize":"18.0pt (24px)","fontWeight":"normal","expectedContrastRatio":"3:1"},"relatedNodes":[],"impact":"serious","message":"Element has sufficient color contrast of 5.75"}],"all":[],"none":[],"impact":null,"html":"<span class=\"nhsuk-pagination__title\">Next</span>","target":[".nhsuk-pagination__title"]},{"any":[{"id":"color-contrast","data":{"fgColor":"#005eb8","bgColor":"#f0f4f5","contrastRatio":5.75,"fontSize":"12.0pt (16px)","fontWeight":"normal","expectedContrastRatio":"4.5:1"},"relatedNodes":[],"impact":"serious","message":"Element has sufficient color contrast of 5.75"}],"all":[],"none":[],"impact":null,"html":"<span class=\"nhsuk-pagination__page\">Page 2 of 94</span>","target":[".nhsuk-pagination__page"]},{"any":[{"id":"color-contrast","data":{"fgColor":"#4c6272","bgColor":"#d8dde0","contrastRatio":4.65,"fontSize":"12.0pt (16px)","fontWeight":"normal","expectedContrastRatio":"4.5:1"},"relatedNodes":[],"impact":"serious","message":"Element has sufficient color contrast of 4.65"}],"all":[],"none":[],"impact":null,"html":"<a class=\"nhsuk-footer__list-item-link\" target=\"_blank\" id=\"privacy\" href=\"/candidate/privacy-policy\">Privacy policy</a>","target":["#privacy"]},{"any":[{"id":"color-contrast","data":{"fgColor":"#4c6272","bgColor":"#d8dde0","contrastRatio":4.65,"fontSize":"12.0pt (16px)","fontWeight":"normal","expectedContrastRatio":"4.5:1"},"relatedNodes":[],"impact":"serious","message":"Element has sufficient color contrast of 4.65"}],"all":[],"none":[],"impact":null,"html":"<a class=\"nhsuk-footer__list-item-link\" target=\"_blank\" id=\"acceptableUse\" href=\"/candidate/acceptable-use\">Terms and conditions</a>","target":["#acceptableUse"]},{"any":[{"id":"color-contrast","data":{"fgColor":"#4c6272","bgColor":"#d8dde0","contrastRatio":4.65,"fontSize":"12.0pt (16px)","fontWeight":"normal","expectedContrastRatio":"4.5:1"},"relatedNodes":[],"impact":"serious","message":"Element has sufficient color contrast of 4.65"}],"all":[],"none":[],"impact":null,"html":"<a class=\"nhsuk-footer__list-item-link\" target=\"_blank\" id=\"accessibility\" href=\"https://www.nhsbsa.nhs.uk/our-policies/accessibility/accessibility-statement-nhs-jobs-applicants\">Accessibility Statement</a>","target":["#accessibility"]},{"any":[{"id":"color-contrast","data":{"fgColor":"#4c6272","bgColor":"#d8dde0","contrastRatio":4.65,"fontSize":"12.0pt (16px)","fontWeight":"normal","expectedContrastRatio":"4.5:1"},"relatedNodes":[],"impact":"serious","message":"Element has sufficient color contrast of 4.65"}],"all":[],"none":[],"impact":null,"html":"<a class=\"nhsuk-footer__list-item-link\" target=\"_blank\" id=\"cookies\" href=\"/candidate/cookies\">Cookies</a>","target":["#cookies"]},{"any":[{"id":"color-contrast","data":{"fgColor":"#4c6272","bgColor":"#d8dde0","contrastRatio":4.65,"fontSize":"12.0pt (16px)","fontWeight":"normal","expectedContrastRatio":"4.5:1"},"relatedNodes":[],"impact":"serious","message":"Element has sufficient color contrast of 4.65"}],"all":[],"none":[],"impact":null,"html":"<a class=\"nhsuk-footer__list-item-link\" target=\"_blank\" id=\"helpText\" href=\"https://www.nhsbsa.nhs.uk/new-nhs-jobs-service/help-and-support-applicants\">How to apply for jobs</a>","target":["#helpText"]},{"any":[{"id":"color-contrast","data":{"fgColor":"#4c6272","bgColor":"#d8dde0","contrastRatio":4.65,"fontSize":"12.0pt (16px)","fontWeight":"normal","expectedContrastRatio":"4.5:1"},"relatedNodes":[],"impact":"serious","message":"Element has sufficient color contrast of 4.65"}],"all":[],"none":[],"impact":null,"html":"<p class=\"nhsuk-footer__copyright\">© Crown copyright</p>","target":[".nhsuk-footer__copyright"]}]},{"id":"document-title","impact":null,"tags":["cat.text-alternatives","wcag2a","wcag242","ACT","TTv5","TT12.a"],"description":"Ensures each HTML document contains a non-empty <title> element","help":"Documents must have <title> element to aid in navigation","helpUrl":"https://dequeuniversity.com/rules/axe/4.7/document-title?application=axeAPI","nodes":[{"any":[{"id":"doc-has-title","data":null,"relatedNodes":[],"impact":"serious","message":"Document has a non-empty <title> element"}],"all":[],"none":[],"impact":null,"html":"<html lang=\"en\" style=\"\">","target":["html"]}]},{"id":"duplicate-id-active","impact":null,"tags":["cat.parsing","wcag2a","wcag411"],"description":"Ensures every id attribute value of active elements is unique","help":"IDs of active elements must be unique","helpUrl":"https://dequeuniversity.com/rules/axe/4.7/duplicate-id-active?application=axeAPI","nodes":[{"any":[{"id":"duplicate-id-active","data":"skip_to_search_filters","relatedNodes":[],"impact":"serious","message":"Document has no active elements that share the same id attribute"}],"all":[],"none":[],"impact":null,"html":"<a class=\"nhsuk-skip-link\" href=\"#search-results-heading\" aria-label=\"932 jobs found for Nurse in London. Sorted by: Best Match . Skip to search filters\" id=\"skip_to_search_filters\">Skip to search filters</a>","target":["#skip_to_search_filters"]},{"any":[{"id":"duplicate-id-active","data":"skipToSearchResults","relatedNodes":[],"impact":"serious","message":"Document has no active elements that share the same id attribute"}],"all":[],"none":[],"impact":null,"html":"<a class=\"nhsuk-skip-link\" href=\"#first-result-title\" id=\"skipToSearchResults\" aria-label=\"Skip to search results\">Skip to search results</a>","target":["#skipToSearchResults"]},{"any":[{"id":"duplicate-id-active","data":"change-cookies-settings","relatedNodes":[],"impact":"serious","message":"Document has no active elements that share the same id attribute"}],"all":[],"none":[],"impact":null,"html":"<a href=\"/candidate/cookies\" id=\"change-cookies-settings\" aria-label=\"Go to the cookie information page\">change your cookie settings</a>","target":["#change-cookies-settings"]},{"any":[{"id":"duplicate-id-active","data":"dismiss-cookie-messages","relatedNodes":[],"impact":"serious","message":"Document has no active elements that share the same id attribute"}],"all":[],"none":[],"impact":null,"html":"<a href=\"/candidate/dismiss-cookie-messages\" id=\"dismiss-cookie-messages\" aria-label=\"Dismiss information about cookie preferences\" style=\"float: right\">Hide</a>","target":["#dismiss-cookie-messages"]},{"any":[{"id":"duplicate-id-active","data":"candidate_sign_in","relatedNodes":[],"impact":"serious","message":"Document has no active elements that share the same id attribute"}],"all":[],"none":[],"impact":null,"html":"<a class=\"sign-in-link\" id=\"candidate_sign_in\" href=\"/candidate/auth/login\">\n        Sign in\n      </a>","target":["#candidate_sign_in"]},{"any":[{"id":"duplicate-id-active","data":"searchOptionsBtn","relatedNodes":[],"impact":"serious","message":"Document has no active elements that share the same id attribute"}],"all":[],"none":[],"impact":null,"html":"<a href=\"javascript:void(0)\" id=\"searchOptionsBtn\" class=\"nhsuk-u-font-weight-bold white-text\">\n                  \n                  More search options\n                  \n                  </a>","target":["#searchOptionsBtn"]},{"any":[{"id":"duplicate-id-active","data":"search","relatedNodes":[],"impact":"serious","message":"Document has no active elements that share the same id attribute"}],"all":[],"none":[],"impact":null,"html":"<button class=\"nhsuk-button  nhsuk-u-padding-top-2 nhsuk-u-padding-bottom-2\" type=\"submit\" id=\"search\" data-test=\"search-button\">Search</button>","target":["#search"]},{"any":[{"id":"duplicate-id-active","data":"working-patterns-expander","relatedNodes":[],"impact":"serious","message":"Document has no active elements that share the same id attribute"}],"all":[],"none":[],"impact":null,"html":"<summary id=\"working-patterns-expander\" class=\"nhsuk-details__summary \" role=\"button\" aria-controls=\"working-pattern-details\" aria-expanded=\"false\" data-test=\"filter-working-pattern\">","target":["#working-patterns-expander"]},{"any":[{"id":"duplicate-id-active","data":"refine-search","relatedNodes":[],"impact":"serious","message":"Document has no active elements that share the same id attribute"}],"all":[],"none":[],"impact":null,"html":"<input class=\"nhsuk-button nhsuk-button--primary\" type=\"submit\" id=\"refine-search\" value=\"Apply filters\" data-test=\"refine-search-button\">","target":["#refine-search"]},{"any":[{"id":"duplicate-id-active","data":"create-job-alert","relatedNodes":[],"impact":"serious","message":"Document has no active elements that share the same id attribute"}],"all":[],"none":[],"impact":null,"html":"<a href=\"/candidate/search/save/alerts\" class=\"save-job-3\" id=\"create-job-alert\">","target":["#create-job-alert"]},{"any":[{"id":"duplicate-id-active","data":"first-result-title","relatedNodes":[],"impact":"serious","message":"Document has no active elements that share the same id attribute"}],"all":[],"none":[],"impact":null,"html":"<a href=\"/candidate/jobadvert/C9196-25-1091?keyword=Nurse&amp;location=London&amp;distance=5&amp;language=en\" id=\"first-result-title\" data-test=\"search-result-job-title\">\n              Senior Nursing Assistant - Neighbourhood Nursing (District Nursing)\n            </a>","target":["#first-result-title"]},{"any":[{"id":"duplicate-id-active","data":"privacy","relatedNodes":[],"impact":"serious","message":"Document has no active elements that share the same id attribute"}],"all":[],"none":[],"impact":null,"html":"<a class=\"nhsuk-footer__list-item-link\" target=\"_blank\" id=\"privacy\" href=\"/candidate/privacy-policy\">Privacy policy</a>","target":["#privacy"]},{"any":[{"id":"duplicate-id-active","data":"acceptableUse","relatedNodes":[],"impact":"serious","message":"Document has no active elements that share the same id attribute"}],"all":[],"none":[],"impact":null,"html":"<a class=\"nhsuk-footer__list-item-link\" target=\"_blank\" id=\"acceptableUse\" href=\"/candidate/acceptable-use\">Terms and conditions</a>","target":["#acceptableUse"]},{"any":[{"id":"duplicate-id-active","data":"accessibility","relatedNodes":[],"impact":"serious","message":"Document has no active elements that share the same id attribute"}],"all":[],"none":[],"impact":null,"html":"<a class=\"nhsuk-footer__list-item-link\" target=\"_blank\" id=\"accessibility\" href=\"https://www.nhsbsa.nhs.uk/our-policies/accessibility/accessibility-statement-nhs-jobs-applicants\">Accessibility Statement</a>","target":["#accessibility"]},{"any":[{"id":"duplicate-id-active","data":"cookies","relatedNodes":[],"impact":"serious","message":"Document has no active elements that share the same id attribute"}],"all":[],"none":[],"impact":null,"html":"<a class=\"nhsuk-footer__list-item-link\" target=\"_blank\" id=\"cookies\" href=\"/candidate/cookies\">Cookies</a>","target":["#cookies"]},{"any":[{"id":"duplicate-id-active","data":"helpText","relatedNodes":[],"impact":"serious","message":"Document has no active elements that share the same id attribute"}],"all":[],"none":[],"impact":null,"html":"<a class=\"nhsuk-footer__list-item-link\" target=\"_blank\" id=\"helpText\" href=\"https://www.nhsbsa.nhs.uk/new-nhs-jobs-service/help-and-support-applicants\">How to apply for jobs</a>","target":["#helpText"]}]},{"id":"duplicate-id-aria","impact":null,"tags":["cat.parsing","wcag2a","wcag411"],"description":"Ensures every id attribute value used in ARIA and in labels is unique","help":"IDs used in ARIA and labels must be unique","helpUrl":"https://dequeuniversity.com/rules/axe/4.7/duplicate-id-aria?application=axeAPI","nodes":[{"any":[{"id":"duplicate-id-aria","data":"header-navigation","relatedNodes":[],"impact":"critical","message":"Document has no elements referenced with ARIA or labels that share the same id attribute"}],"all":[],"none":[],"impact":null,"html":"<nav class=\"nhsuk-header__navigation\" id=\"header-navigation\" role=\"navigation\" aria-label=\"Primary navigation\" aria-labelledby=\"label-navigation\">","target":["#header-navigation"]},{"any":[{"id":"duplicate-id-aria","data":"label-navigation","relatedNodes":[],"impact":"critical","message":"Document has no elements referenced with ARIA or labels that share the same id attribute"}],"all":[],"none":[],"impact":null,"html":"<span id=\"label-navigation\">Menu</span>","target":["#label-navigation"]},{"any":[{"id":"duplicate-id-aria","data":"keyword","relatedNodes":[],"impact":"critical","message":"Document has no elements referenced with ARIA or labels that share the same id attribute"}],"all":[],"none":[],"impact":null,"html":"<input name=\"keyword\" id=\"keyword\" value=\"Nurse\" class=\"nhsuk-input nhsuk-u--width-full\" type=\"search\" data-test=\"search-jobTitle-input\" aria-label=\"Search What? For example, job title or skills\">","target":["#keyword"]},{"any":[{"id":"duplicate-id-aria","data":"location","relatedNodes":[],"impact":"critical","message":"Document has no elements referenced with ARIA or labels that share the same id attribute"}],"all":[],"none":[],"impact":null,"html":"<input aria-describedby=\"location__assistiveHint\" aria-expanded=\"false\" aria-controls=\"location__listbox\" aria-autocomplete=\"list\" autocomplete=\"off\" class=\"nhsuk-input nhsuk-u--width-full\" id=\"location\" name=\"location\" placeholder=\"\" type=\"search\" role=\"combobox\" data-test=\"search-location-input\" aria-label=\"Search Where? For example, a postcode, town or city, search text field\">","target":["#location"]},{"any":[{"id":"duplicate-id-aria","data":"location__listbox","relatedNodes":[],"impact":"critical","message":"Document has no elements referenced with ARIA or labels that share the same id attribute"}],"all":[],"none":[],"impact":null,"html":"<ul aria-labelledby=\"location\" id=\"location__listbox\" role=\"listbox\" class=\"autocomplete__menu autocomplete__menu--inline autocomplete__menu--hidden\">","target":["#location__listbox"]},{"any":[{"id":"duplicate-id-aria","data":"location__assistiveHint","relatedNodes":[],"impact":"critical","message":"Document has no elements referenced with ARIA or labels that share the same id attribute"}],"all":[],"none":[],"impact":null,"html":"<span id=\"location__assistiveHint\" style=\"display: none;\">When autocomplete results are available use up and down arrows to review and enter to select.  Touch device users, explore by touch or with swipe gestures.</span>","target":["#location__assistiveHint"]},{"any":[{"id":"duplicate-id-aria","data":"jobReference","relatedNodes":[],"impact":"critical","message":"Document has no elements referenced with ARIA or labels that share the same id attribute"}],"all":[],"none":[],"impact":null,"html":"<input name=\"jobReference\" id=\"jobReference\" value=\"\" class=\"nhsuk-input nhsuk-u--width-full\" type=\"search\" data-test=\"search-jobReference-input\" aria-label=\"Search Job reference, e.g. C0987-23-1234 / 914-JOBREF-a\">","target":["#jobReference"]},{"any":[{"id":"duplicate-id-aria","data":"employer","relatedNodes":[],"impact":"critical","message":"Document has no elements referenced with ARIA or labels that share the same id attribute"}],"all":[],"none":[],"impact":null,"html":"<input name=\"employer\" id=\"employer\" value=\"\" class=\"nhsuk-input nhsuk-u--width-full\" type=\"search\" data-test=\"search-employer-input\" aria-label=\"Search Employer, e.g. NHS Business Services Authority\">","target":["#employer"]},{"any":[{"id":"duplicate-id-aria","data":"distance","relatedNodes":[],"impact":"critical","message":"Document has no elements referenced with ARIA or labels that share the same id attribute"}],"all":[],"none":[],"impact":null,"html":"<select class=\"nhsuk-select\" id=\"distance\" name=\"distance\" data-test=\"search-distance-input\" disabled=\"\">","target":["#distance"]},{"any":[{"id":"duplicate-id-aria","data":"covidJobsOnly","relatedNodes":[],"impact":"critical","message":"Document has no elements referenced with ARIA or labels that share the same id attribute"}],"all":[],"none":[],"impact":null,"html":"<input class=\"nhsuk-checkboxes__input\" id=\"covidJobsOnly\" name=\"covidJobsOnly\" type=\"checkbox\" value=\"true\" data-test=\"covidJobsOnly\">","target":["#covidJobsOnly"]},{"any":[{"id":"duplicate-id-aria","data":"working-pattern-details","relatedNodes":[],"impact":"critical","message":"Document has no elements referenced with ARIA or labels that share the same id attribute"}],"all":[],"none":[],"impact":null,"html":"<div class=\"nhsuk-details__text\" id=\"working-pattern-details\" aria-hidden=\"false\">","target":["#working-pattern-details"]},{"any":[{"id":"duplicate-id-aria","data":"working-pattern-full-time","relatedNodes":[],"impact":"critical","message":"Document has no elements referenced with ARIA or labels that share the same id attribute"}],"all":[],"none":[],"impact":null,"html":"<input class=\"nhsuk-checkboxes__input\" id=\"working-pattern-full-time\" name=\"workingPattern\" type=\"checkbox\" value=\"full-time\" data-test=\"working-pattern-full-time\">","target":["#working-pattern-full-time"]},{"any":[{"id":"duplicate-id-aria","data":"working-pattern-part-time","relatedNodes":[],"impact":"critical","message":"Document has no elements referenced with ARIA or labels that share the same id attribute"}],"all":[],"none":[],"impact":null,"html":"<input class=\"nhsuk-checkboxes__input\" id=\"working-pattern-part-time\" name=\"workingPattern\" type=\"checkbox\" value=\"part-time\" data-test=\"working-pattern-part-time\">","target":["#working-pattern-part-time"]},{"any":[{"id":"duplicate-id-aria","data":"working-pattern-job-share","relatedNodes":[],"impact":"critical","message":"Document has no elements referenced with ARIA or labels that share the same id attribute"}],"all":[],"none":[],"impact":null,"html":"<input class=\"nhsuk-checkboxes__input\" id=\"working-pattern-job-share\" name=\"workingPattern\" type=\"checkbox\" value=\"job-share\" data-test=\"working-pattern-job-share\">","target":["#working-pattern-job-share"]},{"any":[{"id":"duplicate-id-aria","data":"working-pattern-flexible","relatedNodes":[],"impact":"critical","message":"Document has no elements referenced with ARIA or labels that share the same id attribute"}],"all":[],"none":[],"impact":null,"html":"<input class=\"nhsuk-checkboxes__input\" id=\"working-pattern-flexible\" name=\"workingPattern\" type=\"checkbox\" value=\"flexible-working\" data-test=\"working-pattern-flexible\">","target":["#working-pattern-flexible"]},{"any":[{"id":"duplicate-id-aria","data":"working-pattern-remote","relatedNodes":[],"impact":"critical","message":"Document has no elements referenced with ARIA or labels that share the same id attribute"}],"all":[],"none":[],"impact":null,"html":"<input class=\"nhsuk-checkboxes__input\" id=\"working-pattern-remote\" name=\"workingPattern\" type=\"checkbox\" value=\"remote-working\" data-test=\"working-pattern-remote\">","target":["#working-pattern-remote"]},{"any":[{"id":"duplicate-id-aria","data":"working-pattern-compressed","relatedNodes":[],"impact":"critical","message":"Document has no elements referenced with ARIA or labels that share the same id attribute"}],"all":[],"none":[],"impact":null,"html":"<input class=\"nhsuk-checkboxes__input\" id=\"working-pattern-compressed\" name=\"workingPattern\" type=\"checkbox\" value=\"compressed-hours\" data-test=\"working-pattern-compressed\">","target":["#working-pattern-compressed"]},{"any":[{"id":"duplicate-id-aria","data":"working-pattern-term-time","relatedNodes":[],"impact":"critical","message":"Document has no elements referenced with ARIA or labels that share the same id attribute"}],"all":[],"none":[],"impact":null,"html":"<input class=\"nhsuk-checkboxes__input\" id=\"working-pattern-term-time\" name=\"workingPattern\" type=\"checkbox\" value=\"term-time-hours\" data-test=\"working-pattern-term-time\">","target":["#working-pattern-term-time"]},{"any":[{"id":"duplicate-id-aria","data":"working-pattern-annualised","relatedNodes":[],"impact":"critical","message":"Document has no elements referenced with ARIA or labels that share the same id attribute"}],"all":[],"none":[],"impact":null,"html":"<input class=\"nhsuk-checkboxes__input\" id=\"working-pattern-annualised\" name=\"workingPattern\" type=\"checkbox\" value=\"annualised-hours\" data-test=\"working-pattern-annualised\">","target":["#working-pattern-annualised"]},{"any":[{"id":"duplicate-id-aria","data":"contract-type-details","relatedNodes":[],"impact":"critical","message":"Document has no elements referenced with ARIA or labels that share the same id attribute"}],"all":[],"none":[],"impact":null,"html":"<div class=\"nhsuk-details__text\" id=\"contract-type-details\" aria-hidden=\"false\">","target":["#contract-type-details"]},{"any":[{"id":"duplicate-id-aria","data":"contract-type-permanent","relatedNodes":[],"impact":"critical","message":"Document has no elements referenced with ARIA or labels that share the same id attribute"}],"all":[],"none":[],"impact":null,"html":"<input class=\"nhsuk-checkboxes__input\" id=\"contract-type-permanent\" name=\"contractType\" type=\"checkbox\" value=\"Permanent\" data-test=\"contract-type-permanent\">","target":["#contract-type-permanent"]},{"any":[{"id":"duplicate-id-aria","data":"contract-type-fixed-term","relatedNodes":[],"impact":"critical","message":"Document has no elements referenced with ARIA or labels that share the same id attribute"}],"all":[],"none":[],"impact":null,"html":"<input class=\"nhsuk-checkboxes__input\" id=\"contract-type-fixed-term\" name=\"contractType\" type=\"checkbox\" value=\"Fixed-Term\" data-test=\"contract-type-fixed-term\">","target":["#contract-type-fixed-term"]},{"any":[{"id":"duplicate-id-aria","data":"contract-type-apprenticeship","relatedNodes":[],"impact":"critical","message":"Document has no elements referenced with ARIA or labels that share the same id attribute"}],"all":[],"none":[],"impact":null,"html":"<input class=\"nhsuk-checkboxes__input\" id=\"contract-type-apprenticeship\" name=\"contractType\" type=\"checkbox\" value=\"Apprenticeship\" data-test=\"contract-type-apprenticeship\">","target":["#contract-type-apprenticeship"]},{"any":[{"id":"duplicate-id-aria","data":"contract-type-voluntary","relatedNodes":[],"impact":"critical","message":"Document has no elements referenced with ARIA or labels that share the same id attribute"}],"all":[],"none":[],"impact":null,"html":"<input class=\"nhsuk-checkboxes__input\" id=\"contract-type-voluntary\" name=\"contractType\" type=\"checkbox\" value=\"Voluntary\" data-test=\"contract-type-voluntary\">","target":["#contract-type-voluntary"]},{"any":[{"id":"duplicate-id-aria","data":"contract-type-locum","relatedNodes":[],"impact":"critical","message":"Document has no elements referenced with ARIA or labels that share the same id attribute"}],"all":[],"none":[],"impact":null,"html":"<input class=\"nhsuk-checkboxes__input\" id=\"contract-type-locum\" name=\"contractType\" type=\"checkbox\" value=\"Locum\" data-test=\"contract-type-locum\">","target":["#contract-type-locum"]},{"any":[{"id":"duplicate-id-aria","data":"contract-type-training","relatedNodes":[],"impact":"critical","message":"Document has no elements referenced with ARIA or labels that share the same id attribute"}],"all":[],"none":[],"impact":null,"html":"<input class=\"nhsuk-checkboxes__input\" id=\"contract-type-training\" name=\"contractType\" type=\"checkbox\" value=\"Training\" data-test=\"contract-type-training\">","target":["#contract-type-training"]},{"any":[{"id":"duplicate-id-aria","data":"contract-type-secondment","relatedNodes":[],"impact":"critical","message":"Document has no elements referenced with ARIA or labels that share the same id attribute"}],"all":[],"none":[],"impact":null,"html":"<input class=\"nhsuk-checkboxes__input\" id=\"contract-type-secondment\" name=\"contractType\" type=\"checkbox\" value=\"Secondment\" data-test=\"contract-type-secondment\">","target":["#contract-type-secondment"]},{"any":[{"id":"duplicate-id-aria","data":"contract-type-honorary","relatedNodes":[],"impact":"critical","message":"Document has no elements referenced with ARIA or labels that share the same id attribute"}],"all":[],"none":[],"impact":null,"html":"<input class=\"nhsuk-checkboxes__input\" id=\"contract-type-honorary\" name=\"contractType\" type=\"checkbox\" value=\"Honorary\" data-test=\"contract-type-honorary\">","target":["#contract-type-honorary"]},{"any":[{"id":"duplicate-id-aria","data":"contract-type-bank","relatedNodes":[],"impact":"critical","message":"Document has no elements referenced with ARIA or labels that share the same id attribute"}],"all":[],"none":[],"impact":null,"html":"<input class=\"nhsuk-checkboxes__input\" id=\"contract-type-bank\" name=\"contractType\" type=\"checkbox\" value=\"Bank\" data-test=\"contract-type-bank\">","target":["#contract-type-bank"]},{"any":[{"id":"duplicate-id-aria","data":"contract-type-nhs-reservist","relatedNodes":[],"impact":"critical","message":"Document has no elements referenced with ARIA or labels that share the same id attribute"}],"all":[],"none":[],"impact":null,"html":"<input class=\"nhsuk-checkboxes__input\" id=\"contract-type-nhs-reservist\" name=\"contractType\" type=\"checkbox\" value=\"NHS Reservist\" data-test=\"contract-type-nhs-reservist\">","target":["#contract-type-nhs-reservist"]},{"any":[{"id":"duplicate-id-aria","data":"staff-group-details","relatedNodes":[],"impact":"critical","message":"Document has no elements referenced with ARIA or labels that share the same id attribute"}],"all":[],"none":[],"impact":null,"html":"<div class=\"nhsuk-details__text\" id=\"staff-group-details\" aria-hidden=\"false\">","target":["#staff-group-details"]},{"any":[{"id":"duplicate-id-aria","data":"staff-group-additional-clincial","relatedNodes":[],"impact":"critical","message":"Document has no elements referenced with ARIA or labels that share the same id attribute"}],"all":[],"none":[],"impact":null,"html":"<input class=\"nhsuk-checkboxes__input\" id=\"staff-group-additional-clincial\" name=\"staffGroup\" type=\"checkbox\" value=\"CLINICAL_SERVICES\" data-test=\"staff-group-additional-clincial\">","target":["#staff-group-additional-clincial"]},{"any":[{"id":"duplicate-id-aria","data":"staff-group--professional-scientific-and-technical","relatedNodes":[],"impact":"critical","message":"Document has no elements referenced with ARIA or labels that share the same id attribute"}],"all":[],"none":[],"impact":null,"html":"<input class=\"nhsuk-checkboxes__input\" id=\"staff-group--professional-scientific-and-technical\" name=\"staffGroup\" type=\"checkbox\" value=\"PROF_SCIENTIFIC_AND_TECHNICAL\" data-test=\"staff-group--professional-scientific-and-technical\">","target":["#staff-group--professional-scientific-and-technical"]},{"any":[{"id":"duplicate-id-aria","data":"staff-group-administrative-clerical","relatedNodes":[],"impact":"critical","message":"Document has no elements referenced with ARIA or labels that share the same id attribute"}],"all":[],"none":[],"impact":null,"html":"<input class=\"nhsuk-checkboxes__input\" id=\"staff-group-administrative-clerical\" name=\"staffGroup\" type=\"checkbox\" value=\"ADMINISTRATIVE_AND_CLERICAL\" data-test=\"staff-group-administrative-clerical\">","target":["#staff-group-administrative-clerical"]},{"any":[{"id":"duplicate-id-aria","data":"staff-group-allied-health-professionals","relatedNodes":[],"impact":"critical","message":"Document has no elements referenced with ARIA or labels that share the same id attribute"}],"all":[],"none":[],"impact":null,"html":"<input class=\"nhsuk-checkboxes__input\" id=\"staff-group-allied-health-professionals\" name=\"staffGroup\" type=\"checkbox\" value=\"ALLIED_HEALTH_PROF\" data-test=\"staff-group-allied-health-professionals\">","target":["#staff-group-allied-health-professionals"]},{"any":[{"id":"duplicate-id-aria","data":"staff-group-estates-and-ancillary","relatedNodes":[],"impact":"critical","message":"Document has no elements referenced with ARIA or labels that share the same id attribute"}],"all":[],"none":[],"impact":null,"html":"<input class=\"nhsuk-checkboxes__input\" id=\"staff-group-estates-and-ancillary\" name=\"staffGroup\" type=\"checkbox\" value=\"ESTATES_AND_ANCILLARY\" data-test=\"staff-group-estates-and-ancillary\">","target":["#staff-group-estates-and-ancillary"]},{"any":[{"id":"duplicate-id-aria","data":"staff-group-healthcare-scientists","relatedNodes":[],"impact":"critical","message":"Document has no elements referenced with ARIA or labels that share the same id attribute"}],"all":[],"none":[],"impact":null,"html":"<input class=\"nhsuk-checkboxes__input\" id=\"staff-group-healthcare-scientists\" name=\"staffGroup\" type=\"checkbox\" value=\"HEALTHCARE_SCIENTISTS\" data-test=\"staff-group-healthcare-scientists\">","target":["#staff-group-healthcare-scientists"]},{"any":[{"id":"duplicate-id-aria","data":"staff-group-medical-and-dental","relatedNodes":[],"impact":"critical","message":"Document has no elements referenced with ARIA or labels that share the same id attribute"}],"all":[],"none":[],"impact":null,"html":"<input class=\"nhsuk-checkboxes__input\" id=\"staff-group-medical-and-dental\" name=\"staffGroup\" type=\"checkbox\" value=\"MEDICAL_AND_DENTAL\" data-test=\"staff-group-medical-and-dental\">","target":["#staff-group-medical-and-dental"]},{"any":[{"id":"duplicate-id-aria","data":"staff-group-nursing-and-midwifery-registered","relatedNodes":[],"impact":"critical","message":"Document has no elements referenced with ARIA or labels that share the same id attribute"}],"all":[],"none":[],"impact":null,"html":"<input class=\"nhsuk-checkboxes__input\" id=\"staff-group-nursing-and-midwifery-registered\" name=\"staffGroup\" type=\"checkbox\" value=\"NURSING_AND_MIDWIFERY_REGD\" data-test=\"staff-group-nursing-and-midwifery-registered\">","target":["#staff-group-nursing-and-midwifery-registered"]},{"any":[{"id":"duplicate-id-aria","data":"staff-group-students","relatedNodes":[],"impact":"critical","message":"Document has no elements referenced with ARIA or labels that share the same id attribute"}],"all":[],"none":[],"impact":null,"html":"<input class=\"nhsuk-checkboxes__input\" id=\"staff-group-students\" name=\"staffGroup\" type=\"checkbox\" value=\"STUDENTS\" data-test=\"staff-group-students\">","target":["#staff-group-students"]},{"any":[{"id":"duplicate-id-aria","data":"pay-range-details","relatedNodes":[],"impact":"critical","message":"Document has no elements referenced with ARIA or labels that share the same id attribute"}],"all":[],"none":[],"impact":null,"html":"<div class=\"nhsuk-details__text\" id=\"pay-range-details\" aria-hidden=\"false\">","target":["#pay-range-details"]},{"any":[{"id":"duplicate-id-aria","data":"pay-range-0-10","relatedNodes":[],"impact":"critical","message":"Document has no elements referenced with ARIA or labels that share the same id attribute"}],"all":[],"none":[],"impact":null,"html":"<input class=\"nhsuk-checkboxes__input\" id=\"pay-range-0-10\" name=\"payRange\" type=\"checkbox\" value=\"0-10\" data-test=\"pay-range-0-10\">","target":["#pay-range-0-10"]},{"any":[{"id":"duplicate-id-aria","data":"pay-range-10-20","relatedNodes":[],"impact":"critical","message":"Document has no elements referenced with ARIA or labels that share the same id attribute"}],"all":[],"none":[],"impact":null,"html":"<input class=\"nhsuk-checkboxes__input\" id=\"pay-range-10-20\" name=\"payRange\" type=\"checkbox\" value=\"10-20\" data-test=\"pay-range-10-20\">","target":["#pay-range-10-20"]},{"any":[{"id":"duplicate-id-aria","data":"pay-range-20-30","relatedNodes":[],"impact":"critical","message":"Document has no elements referenced with ARIA or labels that share the same id attribute"}],"all":[],"none":[],"impact":null,"html":"<input class=\"nhsuk-checkboxes__input\" id=\"pay-range-20-30\" name=\"payRange\" type=\"checkbox\" value=\"20-30\" data-test=\"pay-range-20-30\">","target":["#pay-range-20-30"]},{"any":[{"id":"duplicate-id-aria","data":"pay-range-30-40","relatedNodes":[],"impact":"critical","message":"Document has no elements referenced with ARIA or labels that share the same id attribute"}],"all":[],"none":[],"impact":null,"html":"<input class=\"nhsuk-checkboxes__input\" id=\"pay-range-30-40\" name=\"payRange\" type=\"checkbox\" value=\"30-40\" data-test=\"pay-range-30-40\">","target":["#pay-range-30-40"]},{"any":[{"id":"duplicate-id-aria","data":"pay-range-40-50","relatedNodes":[],"impact":"critical","message":"Document has no elements referenced with ARIA or labels that share the same id attribute"}],"all":[],"none":[],"impact":null,"html":"<input class=\"nhsuk-checkboxes__input\" id=\"pay-range-40-50\" name=\"payRange\" type=\"checkbox\" value=\"40-50\" data-test=\"pay-range-40-50\">","target":["#pay-range-40-50"]},{"any":[{"id":"duplicate-id-aria","data":"pay-range-50-60","relatedNodes":[],"impact":"critical","message":"Document has no elements referenced with ARIA or labels that share the same id attribute"}],"all":[],"none":[],"impact":null,"html":"<input class=\"nhsuk-checkboxes__input\" id=\"pay-range-50-60\" name=\"payRange\" type=\"checkbox\" value=\"50-60\" data-test=\"pay-range-50-60\">","target":["#pay-range-50-60"]},{"any":[{"id":"duplicate-id-aria","data":"pay-range-60-70","relatedNodes":[],"impact":"critical","message":"Document has no elements referenced with ARIA or labels that share the same id attribute"}],"all":[],"none":[],"impact":null,"html":"<input class=\"nhsuk-checkboxes__input\" id=\"pay-range-60-70\" name=\"payRange\" type=\"checkbox\" value=\"60-70\" data-test=\"pay-range-60-70\">","target":["#pay-range-60-70"]},{"any":[{"id":"duplicate-id-aria","data":"pay-range-70-80","relatedNodes":[],"impact":"critical","message":"Document has no elements referenced with ARIA or labels that share the same id attribute"}],"all":[],"none":[],"impact":null,"html":"<input class=\"nhsuk-checkboxes__input\" id=\"pay-range-70-80\" name=\"payRange\" type=\"checkbox\" value=\"70-80\" data-test=\"pay-range-70-80\">","target":["#pay-range-70-80"]},{"any":[{"id":"duplicate-id-aria","data":"pay-range-80-90","relatedNodes":[],"impact":"critical","message":"Document has no elements referenced with ARIA or labels that share the same id attribute"}],"all":[],"none":[],"impact":null,"html":"<input class=\"nhsuk-checkboxes__input\" id=\"pay-range-80-90\" name=\"payRange\" type=\"checkbox\" value=\"80-90\" data-test=\"pay-range-80-90\">","target":["#pay-range-80-90"]},{"any":[{"id":"duplicate-id-aria","data":"pay-range-90-100","relatedNodes":[],"impact":"critical","message":"Document has no elements referenced with ARIA or labels that share the same id attribute"}],"all":[],"none":[],"impact":null,"html":"<input class=\"nhsuk-checkboxes__input\" id=\"pay-range-90-100\" name=\"payRange\" type=\"checkbox\" value=\"90-100\" data-test=\"pay-range-90-100\">","target":["#pay-range-90-100"]},{"any":[{"id":"duplicate-id-aria","data":"pay-range-100","relatedNodes":[],"impact":"critical","message":"Document has no elements referenced with ARIA or labels that share the same id attribute"}],"all":[],"none":[],"impact":null,"html":"<input class=\"nhsuk-checkboxes__input\" id=\"pay-range-100\" name=\"payRange\" type=\"checkbox\" value=\"100\" data-test=\"pay-range-100\">","target":["#pay-range-100"]},{"any":[{"id":"duplicate-id-aria","data":"pay-band-details","relatedNodes":[],"impact":"critical","message":"Document has no elements referenced with ARIA or labels that share the same id attribute"}],"all":[],"none":[],"impact":null,"html":"<div class=\"nhsuk-details__text\" id=\"pay-band-details\" aria-hidden=\"false\">","target":["#pay-band-details"]},{"any":[{"id":"duplicate-id-aria","data":"pay-band-2","relatedNodes":[],"impact":"critical","message":"Document has no elements referenced with ARIA or labels that share the same id attribute"}],"all":[],"none":[],"impact":null,"html":"<input class=\"nhsuk-checkboxes__input\" id=\"pay-band-2\" name=\"payBand\" type=\"checkbox\" value=\"BAND_2\" data-test=\"pay-band-2\">","target":["#pay-band-2"]},{"any":[{"id":"duplicate-id-aria","data":"pay-band-3","relatedNodes":[],"impact":"critical","message":"Document has no elements referenced with ARIA or labels that share the same id attribute"}],"all":[],"none":[],"impact":null,"html":"<input class=\"nhsuk-checkboxes__input\" id=\"pay-band-3\" name=\"payBand\" type=\"checkbox\" value=\"BAND_3\" data-test=\"pay-band-3\">","target":["#pay-band-3"]},{"any":[{"id":"duplicate-id-aria","data":"pay-band-4","relatedNodes":[],"impact":"critical","message":"Document has no elements referenced with ARIA or labels that share the same id attribute"}],"all":[],"none":[],"impact":null,"html":"<input class=\"nhsuk-checkboxes__input\" id=\"pay-band-4\" name=\"payBand\" type=\"checkbox\" value=\"BAND_4\" data-test=\"pay-band-4\">","target":["#pay-band-4"]},{"any":[{"id":"duplicate-id-aria","data":"pay-band-5","relatedNodes":[],"impact":"critical","message":"Document has no elements referenced with ARIA or labels that share the same id attribute"}],"all":[],"none":[],"impact":null,"html":"<input class=\"nhsuk-checkboxes__input\" id=\"pay-band-5\" name=\"payBand\" type=\"checkbox\" value=\"BAND_5\" data-test=\"pay-band-5\">","target":["#pay-band-5"]},{"any":[{"id":"duplicate-id-aria","data":"pay-band-6","relatedNodes":[],"impact":"critical","message":"Document has no elements referenced with ARIA or labels that share the same id attribute"}],"all":[],"none":[],"impact":null,"html":"<input class=\"nhsuk-checkboxes__input\" id=\"pay-band-6\" name=\"payBand\" type=\"checkbox\" value=\"BAND_6\" data-test=\"pay-band-6\">","target":["#pay-band-6"]},{"any":[{"id":"duplicate-id-aria","data":"pay-band-7","relatedNodes":[],"impact":"critical","message":"Document has no elements referenced with ARIA or labels that share the same id attribute"}],"all":[],"none":[],"impact":null,"html":"<input class=\"nhsuk-checkboxes__input\" id=\"pay-band-7\" name=\"payBand\" type=\"checkbox\" value=\"BAND_7\" data-test=\"pay-band-7\">","target":["#pay-band-7"]},{"any":[{"id":"duplicate-id-aria","data":"pay-band-8a","relatedNodes":[],"impact":"critical","message":"Document has no elements referenced with ARIA or labels that share the same id attribute"}],"all":[],"none":[],"impact":null,"html":"<input class=\"nhsuk-checkboxes__input\" id=\"pay-band-8a\" name=\"payBand\" type=\"checkbox\" value=\"BAND_8A\" data-test=\"pay-band-8a\">","target":["#pay-band-8a"]},{"any":[{"id":"duplicate-id-aria","data":"pay-band-8b","relatedNodes":[],"impact":"critical","message":"Document has no elements referenced with ARIA or labels that share the same id attribute"}],"all":[],"none":[],"impact":null,"html":"<input class=\"nhsuk-checkboxes__input\" id=\"pay-band-8b\" name=\"payBand\" type=\"checkbox\" value=\"BAND_8B\" data-test=\"pay-band-8b\">","target":["#pay-band-8b"]},{"any":[{"id":"duplicate-id-aria","data":"pay-band-8c","relatedNodes":[],"impact":"critical","message":"Document has no elements referenced with ARIA or labels that share the same id attribute"}],"all":[],"none":[],"impact":null,"html":"<input class=\"nhsuk-checkboxes__input\" id=\"pay-band-8c\" name=\"payBand\" type=\"checkbox\" value=\"BAND_8C\" data-test=\"pay-band-8c\">","target":["#pay-band-8c"]},{"any":[{"id":"duplicate-id-aria","data":"pay-band-8d","relatedNodes":[],"impact":"critical","message":"Document has no elements referenced with ARIA or labels that share the same id attribute"}],"all":[],"none":[],"impact":null,"html":"<input class=\"nhsuk-checkboxes__input\" id=\"pay-band-8d\" name=\"payBand\" type=\"checkbox\" value=\"BAND_8D\" data-test=\"pay-band-8d\">","target":["#pay-band-8d"]},{"any":[{"id":"duplicate-id-aria","data":"pay-band-9","relatedNodes":[],"impact":"critical","message":"Document has no elements referenced with ARIA or labels that share the same id attribute"}],"all":[],"none":[],"impact":null,"html":"<input class=\"nhsuk-checkboxes__input\" id=\"pay-band-9\" name=\"payBand\" type=\"checkbox\" value=\"BAND_9\" data-test=\"pay-band-9\">","target":["#pay-band-9"]},{"any":[{"id":"duplicate-id-aria","data":"specialty-doctor","relatedNodes":[],"impact":"critical","message":"Document has no elements referenced with ARIA or labels that share the same id attribute"}],"all":[],"none":[],"impact":null,"html":"<input class=\"nhsuk-checkboxes__input\" id=\"specialty-doctor\" name=\"payBand\" type=\"checkbox\" value=\"SPECIALTY_DOCTOR\" data-test=\"specialty-doctor\">","target":["#specialty-doctor"]},{"any":[{"id":"duplicate-id-aria","data":"foundation-doctor","relatedNodes":[],"impact":"critical","message":"Document has no elements referenced with ARIA or labels that share the same id attribute"}],"all":[],"none":[],"impact":null,"html":"<input class=\"nhsuk-checkboxes__input\" id=\"foundation-doctor\" name=\"payBand\" type=\"checkbox\" value=\"FOUNDATION_DOCTOR\" data-test=\"foundation-doctor\">","target":["#foundation-doctor"]},{"any":[{"id":"duplicate-id-aria","data":"consultant","relatedNodes":[],"impact":"critical","message":"Document has no elements referenced with ARIA or labels that share the same id attribute"}],"all":[],"none":[],"impact":null,"html":"<input class=\"nhsuk-checkboxes__input\" id=\"consultant\" name=\"payBand\" type=\"checkbox\" value=\"CONSULTANT\" data-test=\"consultant\">","target":["#consultant"]},{"any":[{"id":"duplicate-id-aria","data":"specialty-registrar","relatedNodes":[],"impact":"critical","message":"Document has no elements referenced with ARIA or labels that share the same id attribute"}],"all":[],"none":[],"impact":null,"html":"<input class=\"nhsuk-checkboxes__input\" id=\"specialty-registrar\" name=\"payBand\" type=\"checkbox\" value=\"SPECIALTY_REGISTRAR\" data-test=\"specialty-registrar\">","target":["#specialty-registrar"]},{"any":[{"id":"duplicate-id-aria","data":"doctor-other","relatedNodes":[],"impact":"critical","message":"Document has no elements referenced with ARIA or labels that share the same id attribute"}],"all":[],"none":[],"impact":null,"html":"<input class=\"nhsuk-checkboxes__input\" id=\"doctor-other\" name=\"payBand\" type=\"checkbox\" value=\"DOCTOR_OTHER\" data-test=\"doctor-other\">","target":["#doctor-other"]},{"any":[{"id":"duplicate-id-aria","data":"specialist","relatedNodes":[],"impact":"critical","message":"Document has no elements referenced with ARIA or labels that share the same id attribute"}],"all":[],"none":[],"impact":null,"html":"<input class=\"nhsuk-checkboxes__input\" id=\"specialist\" name=\"payBand\" type=\"checkbox\" value=\"SPECIALIST\" data-test=\"specialist\">","target":["#specialist"]},{"any":[{"id":"duplicate-id-aria","data":"very-senior-manager","relatedNodes":[],"impact":"critical","message":"Document has no elements referenced with ARIA or labels that share the same id attribute"}],"all":[],"none":[],"impact":null,"html":"<input class=\"nhsuk-checkboxes__input\" id=\"very-senior-manager\" name=\"payBand\" type=\"checkbox\" value=\"VERY_SENIOR_MANAGER\" data-test=\"very-senior-manager\">","target":["#very-senior-manager"]},{"any":[{"id":"duplicate-id-aria","data":"sort","relatedNodes":[],"impact":"critical","message":"Document has no elements referenced with ARIA or labels that share the same id attribute"}],"all":[],"none":[],"impact":null,"html":"<select class=\"nhsuk-select nhsuk-inline-select\" id=\"sort\" name=\"sort\" data-test=\"sort-input\" value=\"\" onchange=\"sortform.submit()\">","target":["#sort"]}]},{"id":"duplicate-id","impact":"minor","tags":["cat.parsing","wcag2a","wcag411"],"description":"Ensures every id attribute value is unique","help":"id attribute value must be unique","helpUrl":"https://dequeuniversity.com/rules/axe/4.7/duplicate-id?application=axeAPI","nodes":[{"any":[{"id":"duplicate-id","data":"main-body","relatedNodes":[],"impact":"minor","message":"Document has no static elements that share the same id attribute"}],"all":[],"none":[],"impact":null,"html":"<body class=\" govuk-frontend-supported js-enabled\" id=\"main-body\">","target":["#main-body"]},{"any":[{"id":"duplicate-id","data":"accepted-cookies-message","relatedNodes":[],"impact":"minor","message":"Document has no static elements that share the same id attribute"}],"all":[],"none":[],"impact":null,"html":"<span id=\"accepted-cookies-message\">You’ve accepted analytics cookies. You can \n      <a href=\"/candidate/cookies\" id=\"change-cookies-settings\" aria-label=\"Go to the cookie information page\">change your cookie settings</a> at any time.</span>","target":["#accepted-cookies-message"]},{"any":[{"id":"duplicate-id","data":"content-header","relatedNodes":[],"impact":"minor","message":"Document has no static elements that share the same id attribute"}],"all":[],"none":[],"impact":null,"html":"<div class=\"nhsuk-header__content\" id=\"content-header\">","target":["#content-header"]},{"any":[{"id":"duplicate-id","data":"toggle-menu","relatedNodes":[],"impact":"minor","message":"Document has no static elements that share the same id attribute"}],"all":[],"none":[],"impact":null,"html":"<button class=\"nhsuk-header__menu-toggle\" id=\"toggle-menu\" aria-controls=\"header-navigation\" aria-label=\"Open menu\">\n          Menu\n        </button>","target":["#toggle-menu"]},{"any":[{"id":"duplicate-id","data":"toggle-search","relatedNodes":[],"impact":"minor","message":"Document has no static elements that share the same id attribute"}],"all":[],"none":[],"impact":null,"html":"<button class=\"nhsuk-header__search-toggle\" id=\"toggle-search\" aria-label=\"Open search\">","target":["#toggle-search"]},{"any":[{"id":"duplicate-id","data":"close-menu","relatedNodes":[],"impact":"minor","message":"Document has no static elements that share the same id attribute"}],"all":[],"none":[],"impact":null,"html":"<button class=\"nhsuk-header__navigation-close\" id=\"close-menu\">\n          <img src=\"/candidate/search/public/images/icons-close.svg\" alt=\"Close\">\n          <span class=\"nhsuk-u-visually-hidden\">Close menu</span>\n        </button>","target":["#close-menu"]},{"any":[{"id":"duplicate-id","data":"candidate_sign_in_mobile","relatedNodes":[],"impact":"minor","message":"Document has no static elements that share the same id attribute"}],"all":[],"none":[],"impact":null,"html":"<a class=\"nhsuk-header__navigation-link\" href=\"/candidate/auth/login\" id=\"candidate_sign_in_mobile\">","target":["#candidate_sign_in_mobile"]},{"any":[{"id":"duplicate-id","data":"searchFilterRibbon","relatedNodes":[],"impact":"minor","message":"Document has no static elements that share the same id attribute"}],"all":[],"none":[],"impact":null,"html":"<div class=\"nhsuk-width-container nhsuk-hero--border  nhsuk-u-padding-top-3 searchRibbon\" id=\"searchFilterRibbon\">","target":["#searchFilterRibbon"]},{"any":[{"id":"duplicate-id","data":"search-results-heading","relatedNodes":[],"impact":"minor","message":"Document has no static elements that share the same id attribute"}],"all":[],"none":[],"impact":null,"html":"<h1 data-test=\"search-result-query\" id=\"search-results-heading\" class=\"nhsuk-heading-xl nhsuk-u-padding-left-4 nhsuk-u-margin-bottom-4\" aria-label=\"932 jobs found for Nurse in London. Sorted by: Best Match\">\n          932 jobs found for Nurse in London\n        </h1>","target":["#search-results-heading"]},{"any":[{"id":"duplicate-id","data":"search_form","relatedNodes":[],"impact":"minor","message":"Document has no static elements that share the same id attribute"}],"all":[],"none":[],"impact":null,"html":"<form method=\"post\" id=\"search_form\">","target":["#search_form"]},{"any":[{"id":"duplicate-id","data":"search-group-label","relatedNodes":[],"impact":"minor","message":"Document has no static elements that share the same id attribute"}],"all":[],"none":[],"impact":null,"html":"<legend class=\"js-hidden\" id=\"search-group-label\">Search for jobs in the NHS</legend>","target":["#search-group-label"]},{"any":[{"id":"duplicate-id","data":"autocomplete-container","relatedNodes":[],"impact":"minor","message":"Document has no static elements that share the same id attribute"}],"all":[],"none":[],"impact":null,"html":"<div id=\"autocomplete-container\">","target":["#autocomplete-container"]},{"any":[{"id":"duplicate-id","data":"location__status--A","relatedNodes":[],"impact":"minor","message":"Document has no static elements that share the same id attribute"}],"all":[],"none":[],"impact":null,"html":"<div id=\"location__status--A\" role=\"status\" aria-atomic=\"true\" aria-live=\"polite\"></div>","target":["#location__status--A"]},{"any":[{"id":"duplicate-id","data":"location__status--B","relatedNodes":[],"impact":"minor","message":"Document has no static elements that share the same id attribute"}],"all":[],"none":[],"impact":null,"html":"<div id=\"location__status--B\" role=\"status\" aria-atomic=\"true\" aria-live=\"polite\"></div>","target":["#location__status--B"]},{"any":[{"id":"duplicate-id","data":"location__option--0","relatedNodes":[],"impact":"minor","message":"Document has no static elements that share the same id attribute"}],"all":[],"none":[],"impact":null,"html":"<li aria-selected=\"false\" class=\"autocomplete__option\" id=\"location__option--0\" role=\"option\" tabindex=\"-1\" aria-posinset=\"1\" aria-setsize=\"1\">London</li>","target":["#location__option--0"]},{"any":[{"id":"duplicate-id","data":"additionalSearchPanel","relatedNodes":[],"impact":"minor","message":"Document has no static elements that share the same id attribute"}],"all":[],"none":[],"impact":null,"html":"<fieldset class=\"nhsuk-fieldset searchOptionStateHide\" id=\"additionalSearchPanel\">","target":["#additionalSearchPanel"]},{"any":[{"id":"duplicate-id","data":"additional-search-legend","relatedNodes":[],"impact":"minor","message":"Document has no static elements that share the same id attribute"}],"all":[],"none":[],"impact":null,"html":"<legend class=\"nhsuk-heading-l nhsuk-u-visually-hidden\" id=\"additional-search-legend\" aria-hidden=\"true\">\n            Additional search options\n          </legend>","target":["#additional-search-legend"]},{"any":[{"id":"duplicate-id","data":"search-controls-legend","relatedNodes":[],"impact":"minor","message":"Document has no static elements that share the same id attribute"}],"all":[],"none":[],"impact":null,"html":"<legend class=\"nhsuk-heading-l nhsuk-u-visually-hidden\" id=\"search-controls-legend\" aria-hidden=\"true\">\n            Search controls\n          </legend>","target":["#search-controls-legend"]},{"any":[{"id":"duplicate-id","data":"maincontent","relatedNodes":[],"impact":"minor","message":"Document has no static elements that share the same id attribute"}],"all":[],"none":[],"impact":null,"html":"<main class=\"nhsuk-main-wrapper \" id=\"maincontent\" role=\"main\">","target":["#maincontent"]},{"any":[{"id":"duplicate-id","data":"refineFilterHideShow","relatedNodes":[],"impact":"minor","message":"Document has no static elements that share the same id attribute"}],"all":[],"none":[],"impact":null,"html":"<h2 class=\"nhsuk-heading-m  show-mobile show-tab\" id=\"refineFilterHideShow\">\n        <a data-test=\"refine-search\">Refine your search (1)</a>\n      </h2>","target":["#refineFilterHideShow"]},{"any":[{"id":"duplicate-id","data":"refineFilter","relatedNodes":[],"impact":"minor","message":"Document has no static elements that share the same id attribute"}],"all":[],"none":[],"impact":null,"html":"<div id=\"refineFilter\">","target":["#refineFilter"]},{"any":[{"id":"duplicate-id","data":"distance_wrapper","relatedNodes":[],"impact":"minor","message":"Document has no static elements that share the same id attribute"}],"all":[],"none":[],"impact":null,"html":"<div class=\"nhsuk-details__text\" id=\"distance_wrapper\" aria-hidden=\"false\">","target":["#distance_wrapper"]},{"any":[{"id":"duplicate-id","data":"covid-only-details","relatedNodes":[],"impact":"minor","message":"Document has no static elements that share the same id attribute"}],"all":[],"none":[],"impact":null,"html":"<div class=\"nhsuk-details__text\" id=\"covid-only-details\" aria-hidden=\"false\">","target":["#covid-only-details"]},{"any":[{"id":"duplicate-id","data":"job-title-1","relatedNodes":[],"impact":"minor","message":"Document has no static elements that share the same id attribute"}],"all":[],"none":[],"impact":null,"html":"<h2 class=\"nhsuk-heading-m nhsuk-u-margin-bottom-2\" id=\"job-title-1\">","target":["#job-title-1"]},{"any":[{"id":"duplicate-id","data":"job-title-2","relatedNodes":[],"impact":"minor","message":"Document has no static elements that share the same id attribute"}],"all":[],"none":[],"impact":null,"html":"<h2 class=\"nhsuk-heading-m nhsuk-u-margin-bottom-2\" id=\"job-title-2\">","target":["#job-title-2"]},{"any":[{"id":"duplicate-id","data":"job-title-3","relatedNodes":[],"impact":"minor","message":"Document has no static elements that share the same id attribute"}],"all":[],"none":[],"impact":null,"html":"<h2 class=\"nhsuk-heading-m nhsuk-u-margin-bottom-2\" id=\"job-title-3\">","target":["#job-title-3"]},{"any":[{"id":"duplicate-id","data":"job-title-4","relatedNodes":[],"impact":"minor","message":"Document has no static elements that share the same id attribute"}],"all":[],"none":[],"impact":null,"html":"<h2 class=\"nhsuk-heading-m nhsuk-u-margin-bottom-2\" id=\"job-title-4\">","target":["#job-title-4"]},{"any":[{"id":"duplicate-id","data":"job-title-5","relatedNodes":[],"impact":"minor","message":"Document has no static elements that share the same id attribute"}],"all":[],"none":[],"impact":null,"html":"<h2 class=\"nhsuk-heading-m nhsuk-u-margin-bottom-2\" id=\"job-title-5\">","target":["#job-title-5"]},{"any":[{"id":"duplicate-id","data":"job-title-6","relatedNodes":[],"impact":"minor","message":"Document has no static elements that share the same id attribute"}],"all":[],"none":[],"impact":null,"html":"<h2 class=\"nhsuk-heading-m nhsuk-u-margin-bottom-2\" id=\"job-title-6\">\n            \n            <a href=\"/candidate/jobadvert/E0429-25-0025?keyword=Nurse&amp;location=London&amp;distance=5&amp;language=en\" data-test=\"search-result-job-title\">\n              Staff Nurse\n            </a>\n          </h2>","target":["#job-title-6"]},{"any":[{"id":"duplicate-id","data":"job-title-7","relatedNodes":[],"impact":"minor","message":"Document has no static elements that share the same id attribute"}],"all":[],"none":[],"impact":null,"html":"<h2 class=\"nhsuk-heading-m nhsuk-u-margin-bottom-2\" id=\"job-title-7\">","target":["#job-title-7"]},{"any":[{"id":"duplicate-id","data":"job-title-8","relatedNodes":[],"impact":"minor","message":"Document has no static elements that share the same id attribute"}],"all":[],"none":[],"impact":null,"html":"<h2 class=\"nhsuk-heading-m nhsuk-u-margin-bottom-2\" id=\"job-title-8\">","target":["#job-title-8"]},{"any":[{"id":"duplicate-id","data":"job-title-9","relatedNodes":[],"impact":"minor","message":"Document has no static elements that share the same id attribute"}],"all":[],"none":[],"impact":null,"html":"<h2 class=\"nhsuk-heading-m nhsuk-u-margin-bottom-2\" id=\"job-title-9\">","target":["#job-title-9"]},{"any":[{"id":"duplicate-id","data":"job-title-10","relatedNodes":[],"impact":"minor","message":"Document has no static elements that share the same id attribute"}],"all":[],"none":[],"impact":null,"html":"<h2 class=\"nhsuk-heading-m nhsuk-u-margin-bottom-2\" id=\"job-title-10\">","target":["#job-title-10"]},{"any":[{"id":"duplicate-id","data":"nhsuk-footer","relatedNodes":[],"impact":"minor","message":"Document has no static elements that share the same id attribute"}],"all":[],"none":[],"impact":null,"html":"<div class=\"nhsuk-footer\" id=\"nhsuk-footer\">","target":["#nhsuk-footer"]}]},{"id":"empty-heading","impact":null,"tags":["cat.name-role-value","best-practice"],"description":"Ensures headings have discernible text","help":"Headings should not be empty","helpUrl":"https://dequeuniversity.com/rules/axe/4.7/empty-heading?application=axeAPI","nodes":[{"any":[{"id":"has-visible-text","data":null,"relatedNodes":[],"impact":"minor","message":"Element has text that is visible to screen readers"},{"id":"aria-label","data":null,"relatedNodes":[],"impact":"minor","message":"aria-label attribute exists and is not empty"}],"all":[],"none":[],"impact":null,"html":"<h1 data-test=\"search-result-query\" id=\"search-results-heading\" class=\"nhsuk-heading-xl nhsuk-u-padding-left-4 nhsuk-u-margin-bottom-4\" aria-label=\"932 jobs found for Nurse in London. Sorted by: Best Match\">\n          932 jobs found for Nurse in London\n        </h1>","target":["#search-results-heading"]},{"any":[{"id":"has-visible-text","data":null,"relatedNodes":[],"impact":"minor","message":"Element has text that is visible to screen readers"}],"all":[],"none":[],"impact":null,"html":"<h2 class=\"nhsuk-heading-s\">Refine your search</h2>","target":[".nhsuk-heading-s"]},{"any":[{"id":"has-visible-text","data":null,"relatedNodes":[],"impact":"minor","message":"Element has text that is visible to screen readers"}],"all":[],"none":[],"impact":null,"html":"<h3 class=\"nhsuk-heading-m\">\n    <a href=\"/candidate/search/save/alerts\" data-test=\"save-search\">Save this search</a>\n</h3>","target":[".hide-mobile > h3"]},{"any":[{"id":"has-visible-text","data":null,"relatedNodes":[],"impact":"minor","message":"Element has text that is visible to screen readers"}],"all":[],"none":[],"impact":null,"html":"<h2 class=\"nhsuk-heading-m nhsuk-u-margin-bottom-2\" id=\"job-title-1\">","target":["#job-title-1"]},{"any":[{"id":"has-visible-text","data":null,"relatedNodes":[],"impact":"minor","message":"Element has text that is visible to screen readers"}],"all":[],"none":[],"impact":null,"html":"<h3 class=\"nhsuk-u-font-weight-bold\">\n          Guy's and St Thomas' NHS Foundation Trust\n          <div class=\"location-font-size\">\n            \n              London SE1 7EH\n            \n          </div>\n        </h3>","target":[".nhsuk-list-panel.search-result.nhsuk-u-padding-3:nth-child(1) > .nhsuk-u-margin-bottom-4[data-test=\"search-result-location\"] > h3"]},{"any":[{"id":"has-visible-text","data":null,"relatedNodes":[],"impact":"minor","message":"Element has text that is visible to screen readers"}],"all":[],"none":[],"impact":null,"html":"<h2 class=\"nhsuk-heading-m nhsuk-u-margin-bottom-2\" id=\"job-title-2\">","target":["#job-title-2"]},{"any":[{"id":"has-visible-text","data":null,"relatedNodes":[],"impact":"minor","message":"Element has text that is visible to screen readers"}],"all":[],"none":[],"impact":null,"html":"<h3 class=\"nhsuk-u-font-weight-bold\">\n          Swanscombe &amp; Bean Partnership\n          <div class=\"location-font-size\">\n            \n              Swanscombe DA10 0BF\n            \n          </div>\n        </h3>","target":[".nhsuk-list-panel.search-result.nhsuk-u-padding-3:nth-child(2) > .nhsuk-u-margin-bottom-4[data-test=\"search-result-location\"] > h3"]},{"any":[{"id":"has-visible-text","data":null,"relatedNodes":[],"impact":"minor","message":"Element has text that is visible to screen readers"}],"all":[],"none":[],"impact":null,"html":"<h2 class=\"nhsuk-heading-m nhsuk-u-margin-bottom-2\" id=\"job-title-3\">","target":["#job-title-3"]},{"any":[{"id":"has-visible-text","data":null,"relatedNodes":[],"impact":"minor","message":"Element has text that is visible to screen readers"}],"all":[],"none":[],"impact":null,"html":"<h3 class=\"nhsuk-u-font-weight-bold\">\n          Swanley Medical Practice\n          <div class=\"location-font-size\">\n            \n              Swanley BR8 7AH, \n            \n              Swanley BR8 7UP, \n            \n              Swanley BR8 7RB\n            \n          </div>\n        </h3>","target":[".nhsuk-list-panel.search-result.nhsuk-u-padding-3:nth-child(3) > .nhsuk-u-margin-bottom-4[data-test=\"search-result-location\"] > h3"]},{"any":[{"id":"has-visible-text","data":null,"relatedNodes":[],"impact":"minor","message":"Element has text that is visible to screen readers"}],"all":[],"none":[],"impact":null,"html":"<h2 class=\"nhsuk-heading-m nhsuk-u-margin-bottom-2\" id=\"job-title-4\">","target":["#job-title-4"]},{"any":[{"id":"has-visible-text","data":null,"relatedNodes":[],"impact":"minor","message":"Element has text that is visible to screen readers"}],"all":[],"none":[],"impact":null,"html":"<h3 class=\"nhsuk-u-font-weight-bold\">\n          Swanley Medical Practice\n          <div class=\"location-font-size\">\n            \n              Swanley BR8 7AH, \n            \n              Swanley BR8 7UP, \n            \n              Swanley BR8 7RB\n            \n          </div>\n        </h3>","target":[".nhsuk-list-panel.search-result.nhsuk-u-padding-3:nth-child(4) > .nhsuk-u-margin-bottom-4[data-test=\"search-result-location\"] > h3"]},{"any":[{"id":"has-visible-text","data":null,"relatedNodes":[],"impact":"minor","message":"Element has text that is visible to screen readers"}],"all":[],"none":[],"impact":null,"html":"<h2 class=\"nhsuk-heading-m nhsuk-u-margin-bottom-2\" id=\"job-title-5\">","target":["#job-title-5"]},{"any":[{"id":"has-visible-text","data":null,"relatedNodes":[],"impact":"minor","message":"Element has text that is visible to screen readers"}],"all":[],"none":[],"impact":null,"html":"<h3 class=\"nhsuk-u-font-weight-bold\">\n          St George's University Hospitals NHS Foundation Trust\n          <div class=\"location-font-size\">\n            \n              London SW17 0QT\n            \n          </div>\n        </h3>","target":[".nhsuk-list-panel.search-result.nhsuk-u-padding-3:nth-child(5) > .nhsuk-u-margin-bottom-4[data-test=\"search-result-location\"] > h3"]},{"any":[{"id":"has-visible-text","data":null,"relatedNodes":[],"impact":"minor","message":"Element has text that is visible to screen readers"}],"all":[],"none":[],"impact":null,"html":"<h2 class=\"nhsuk-heading-m nhsuk-u-margin-bottom-2\" id=\"job-title-6\">\n            \n            <a href=\"/candidate/jobadvert/E0429-25-0025?keyword=Nurse&amp;location=London&amp;distance=5&amp;language=en\" data-test=\"search-result-job-title\">\n              Staff Nurse\n            </a>\n          </h2>","target":["#job-title-6"]},{"any":[{"id":"has-visible-text","data":null,"relatedNodes":[],"impact":"minor","message":"Element has text that is visible to screen readers"}],"all":[],"none":[],"impact":null,"html":"<h3 class=\"nhsuk-u-font-weight-bold\">\n          Fairlie Healthcare Group\n          <div class=\"location-font-size\">\n            \n              Purley CR82HJ\n            \n          </div>\n        </h3>","target":[".nhsuk-list-panel.search-result.nhsuk-u-padding-3:nth-child(6) > .nhsuk-u-margin-bottom-4[data-test=\"search-result-location\"] > h3"]},{"any":[{"id":"has-visible-text","data":null,"relatedNodes":[],"impact":"minor","message":"Element has text that is visible to screen readers"}],"all":[],"none":[],"impact":null,"html":"<h2 class=\"nhsuk-heading-m nhsuk-u-margin-bottom-2\" id=\"job-title-7\">","target":["#job-title-7"]},{"any":[{"id":"has-visible-text","data":null,"relatedNodes":[],"impact":"minor","message":"Element has text that is visible to screen readers"}],"all":[],"none":[],"impact":null,"html":"<h3 class=\"nhsuk-u-font-weight-bold\">\n          Tamworth House Medical Centre\n          <div class=\"location-font-size\">\n            \n              Mitcham CR4 1DL\n            \n          </div>\n        </h3>","target":[".nhsuk-list-panel.search-result.nhsuk-u-padding-3:nth-child(7) > .nhsuk-u-margin-bottom-4[data-test=\"search-result-location\"] > h3"]},{"any":[{"id":"has-visible-text","data":null,"relatedNodes":[],"impact":"minor","message":"Element has text that is visible to screen readers"}],"all":[],"none":[],"impact":null,"html":"<h2 class=\"nhsuk-heading-m nhsuk-u-margin-bottom-2\" id=\"job-title-8\">","target":["#job-title-8"]},{"any":[{"id":"has-visible-text","data":null,"relatedNodes":[],"impact":"minor","message":"Element has text that is visible to screen readers"}],"all":[],"none":[],"impact":null,"html":"<h3 class=\"nhsuk-u-font-weight-bold\">\n          Avery Healthcare Group Ltd.\n          <div class=\"location-font-size\">\n            \n              Purley CR8 2LF\n            \n          </div>\n        </h3>","target":[".nhsuk-list-panel.search-result.nhsuk-u-padding-3:nth-child(8) > .nhsuk-u-margin-bottom-4[data-test=\"search-result-location\"] > h3"]},{"any":[{"id":"has-visible-text","data":null,"relatedNodes":[],"impact":"minor","message":"Element has text that is visible to screen readers"}],"all":[],"none":[],"impact":null,"html":"<h2 class=\"nhsuk-heading-m nhsuk-u-margin-bottom-2\" id=\"job-title-9\">","target":["#job-title-9"]},{"any":[{"id":"has-visible-text","data":null,"relatedNodes":[],"impact":"minor","message":"Element has text that is visible to screen readers"}],"all":[],"none":[],"impact":null,"html":"<h3 class=\"nhsuk-u-font-weight-bold\">\n          Aria Care\n          <div class=\"location-font-size\">\n            \n              Denham UB9 5DQ\n            \n          </div>\n        </h3>","target":[".nhsuk-list-panel.search-result.nhsuk-u-padding-3:nth-child(9) > .nhsuk-u-margin-bottom-4[data-test=\"search-result-location\"] > h3"]},{"any":[{"id":"has-visible-text","data":null,"relatedNodes":[],"impact":"minor","message":"Element has text that is visible to screen readers"}],"all":[],"none":[],"impact":null,"html":"<h2 class=\"nhsuk-heading-m nhsuk-u-margin-bottom-2\" id=\"job-title-10\">","target":["#job-title-10"]},{"any":[{"id":"has-visible-text","data":null,"relatedNodes":[],"impact":"minor","message":"Element has text that is visible to screen readers"}],"all":[],"none":[],"impact":null,"html":"<h3 class=\"nhsuk-u-font-weight-bold\">\n          Bellegrove Surgery\n          <div class=\"location-font-size\">\n            \n              Welling DA16 3RE\n            \n          </div>\n        </h3>","target":[".nhsuk-list-panel.search-result.nhsuk-u-padding-3:nth-child(10) > .nhsuk-u-margin-bottom-4[data-test=\"search-result-location\"] > h3"]},{"any":[{"id":"has-visible-text","data":null,"relatedNodes":[],"impact":"minor","message":"Element has text that is visible to screen readers"}],"all":[],"none":[],"impact":null,"html":"<h2 class=\"nhsuk-u-visually-hidden\">Support links</h2>","target":[".nhsuk-width-container > .nhsuk-u-visually-hidden"]}]},{"id":"form-field-multiple-labels","impact":null,"tags":["cat.forms","wcag2a","wcag332","TTv5","TT5.c"],"description":"Ensures form field does not have multiple label elements","help":"Form field must not have multiple label elements","helpUrl":"https://dequeuniversity.com/rules/axe/4.7/form-field-multiple-labels?application=axeAPI","nodes":[{"any":[],"all":[],"none":[{"id":"multiple-label","data":null,"relatedNodes":[{"html":"<label class=\"nhsuk-label nhsuk-u-font-weight-bold white-text\" for=\"keyword\">What?</label>","target":["label[for=\"keyword\"]"]}],"impact":"moderate","message":"Form field does not have multiple label elements"}],"impact":null,"html":"<input name=\"keyword\" id=\"keyword\" value=\"Nurse\" class=\"nhsuk-input nhsuk-u--width-full\" type=\"search\" data-test=\"search-jobTitle-input\" aria-label=\"Search What? For example, job title or skills\">","target":["#keyword"]},{"any":[],"all":[],"none":[{"id":"multiple-label","data":null,"relatedNodes":[{"html":"<label class=\"nhsuk-label nhsuk-u-font-weight-bold white-text\" for=\"location\">Where?</label>","target":["label[for=\"location\"]"]}],"impact":"moderate","message":"Form field does not have multiple label elements"}],"impact":null,"html":"<input aria-describedby=\"location__assistiveHint\" aria-expanded=\"false\" aria-controls=\"location__listbox\" aria-autocomplete=\"list\" autocomplete=\"off\" class=\"nhsuk-input nhsuk-u--width-full\" id=\"location\" name=\"location\" placeholder=\"\" type=\"search\" role=\"combobox\" data-test=\"search-location-input\" aria-label=\"Search Where? For example, a postcode, town or city, search text field\">","target":["#location"]},{"any":[],"all":[],"none":[{"id":"multiple-label","data":null,"relatedNodes":[{"html":"<label class=\"nhsuk-label nhsuk-inline-label\" for=\"sort\">Sort by</label>","target":[".nhsuk-inline-label"]}],"impact":"moderate","message":"Form field does not have multiple label elements"}],"impact":null,"html":"<select class=\"nhsuk-select nhsuk-inline-select\" id=\"sort\" name=\"sort\" data-test=\"sort-input\" value=\"\" onchange=\"sortform.submit()\">","target":["#sort"]}]},{"id":"heading-order","impact":null,"tags":["cat.semantics","best-practice"],"description":"Ensures the order of headings is semantically correct","help":"Heading levels should only increase by one","helpUrl":"https://dequeuniversity.com/rules/axe/4.7/heading-order?application=axeAPI","nodes":[{"any":[{"id":"heading-order","data":{"headingOrder":[{"ancestry":["html > body > section:nth-child(4) > div > div > div:nth-child(1) > h1"],"level":1},{"ancestry":["html > body > div:nth-child(5) > main > div:nth-child(2) > div:nth-child(1) > div:nth-child(1) > form > fieldset:nth-child(1) > legend:nth-child(1) > h2"],"level":2},{"ancestry":["html > body > div:nth-child(5) > main > div:nth-child(2) > div:nth-child(1) > div:nth-child(2) > h3:nth-child(1)"],"level":3},{"ancestry":["html > body > div:nth-child(5) > main > div:nth-child(2) > div:nth-child(2) > ul:nth-child(2) > li:nth-child(1) > div:nth-child(1) > div:nth-child(1) > h2"],"level":2},{"ancestry":["html > body > div:nth-child(5) > main > div:nth-child(2) > div:nth-child(2) > ul:nth-child(2) > li:nth-child(1) > div:nth-child(2) > h3"],"level":3},{"ancestry":["html > body > div:nth-child(5) > main > div:nth-child(2) > div:nth-child(2) > ul:nth-child(2) > li:nth-child(2) > div:nth-child(1) > div:nth-child(1) > h2"],"level":2},{"ancestry":["html > body > div:nth-child(5) > main > div:nth-child(2) > div:nth-child(2) > ul:nth-child(2) > li:nth-child(2) > div:nth-child(2) > h3"],"level":3},{"ancestry":["html > body > div:nth-child(5) > main > div:nth-child(2) > div:nth-child(2) > ul:nth-child(2) > li:nth-child(3) > div:nth-child(1) > div:nth-child(1) > h2"],"level":2},{"ancestry":["html > body > div:nth-child(5) > main > div:nth-child(2) > div:nth-child(2) > ul:nth-child(2) > li:nth-child(3) > div:nth-child(2) > h3"],"level":3},{"ancestry":["html > body > div:nth-child(5) > main > div:nth-child(2) > div:nth-child(2) > ul:nth-child(2) > li:nth-child(4) > div:nth-child(1) > div:nth-child(1) > h2"],"level":2},{"ancestry":["html > body > div:nth-child(5) > main > div:nth-child(2) > div:nth-child(2) > ul:nth-child(2) > li:nth-child(4) > div:nth-child(2) > h3"],"level":3},{"ancestry":["html > body > div:nth-child(5) > main > div:nth-child(2) > div:nth-child(2) > ul:nth-child(2) > li:nth-child(5) > div:nth-child(1) > div:nth-child(1) > h2"],"level":2},{"ancestry":["html > body > div:nth-child(5) > main > div:nth-child(2) > div:nth-child(2) > ul:nth-child(2) > li:nth-child(5) > div:nth-child(2) > h3"],"level":3},{"ancestry":["html > body > div:nth-child(5) > main > div:nth-child(2) > div:nth-child(2) > ul:nth-child(2) > li:nth-child(6) > div:nth-child(1) > div:nth-child(1) > h2"],"level":2},{"ancestry":["html > body > div:nth-child(5) > main > div:nth-child(2) > div:nth-child(2) > ul:nth-child(2) > li:nth-child(6) > div:nth-child(2) > h3"],"level":3},{"ancestry":["html > body > div:nth-child(5) > main > div:nth-child(2) > div:nth-child(2) > ul:nth-child(2) > li:nth-child(7) > div:nth-child(1) > div:nth-child(1) > h2"],"level":2},{"ancestry":["html > body > div:nth-child(5) > main > div:nth-child(2) > div:nth-child(2) > ul:nth-child(2) > li:nth-child(7) > div:nth-child(2) > h3"],"level":3},{"ancestry":["html > body > div:nth-child(5) > main > div:nth-child(2) > div:nth-child(2) > ul:nth-child(2) > li:nth-child(8) > div:nth-child(1) > div:nth-child(1) > h2"],"level":2},{"ancestry":["html > body > div:nth-child(5) > main > div:nth-child(2) > div:nth-child(2) > ul:nth-child(2) > li:nth-child(8) > div:nth-child(2) > h3"],"level":3},{"ancestry":["html > body > div:nth-child(5) > main > div:nth-child(2) > div:nth-child(2) > ul:nth-child(2) > li:nth-child(9) > div:nth-child(1) > div:nth-child(1) > h2"],"level":2},{"ancestry":["html > body > div:nth-child(5) > main > div:nth-child(2) > div:nth-child(2) > ul:nth-child(2) > li:nth-child(9) > div:nth-child(2) > h3"],"level":3},{"ancestry":["html > body > div:nth-child(5) > main > div:nth-child(2) > div:nth-child(2) > ul:nth-child(2) > li:nth-child(10) > div:nth-child(1) > div:nth-child(1) > h2"],"level":2},{"ancestry":["html > body > div:nth-child(5) > main > div:nth-child(2) > div:nth-child(2) > ul:nth-child(2) > li:nth-child(10) > div:nth-child(2) > h3"],"level":3},{"ancestry":["html > body > footer:nth-child(6) > div > div > h2:nth-child(1)"],"level":2}]},"relatedNodes":[],"impact":"moderate","message":"Heading order valid"}],"all":[],"none":[],"impact":null,"html":"<h1 data-test=\"search-result-query\" id=\"search-results-heading\" class=\"nhsuk-heading-xl nhsuk-u-padding-left-4 nhsuk-u-margin-bottom-4\" aria-label=\"932 jobs found for Nurse in London. Sorted by: Best Match\">\n          932 jobs found for Nurse in London\n        </h1>","target":["#search-results-heading"]},{"any":[{"id":"heading-order","data":null,"relatedNodes":[],"impact":"moderate","message":"Heading order valid"}],"all":[],"none":[],"impact":null,"html":"<h2 class=\"nhsuk-heading-s\">Refine your search</h2>","target":[".nhsuk-heading-s"]},{"any":[{"id":"heading-order","data":null,"relatedNodes":[],"impact":"moderate","message":"Heading order valid"}],"all":[],"none":[],"impact":null,"html":"<h3 class=\"nhsuk-heading-m\">\n    <a href=\"/candidate/search/save/alerts\" data-test=\"save-search\">Save this search</a>\n</h3>","target":[".hide-mobile > h3"]},{"any":[{"id":"heading-order","data":null,"relatedNodes":[],"impact":"moderate","message":"Heading order valid"}],"all":[],"none":[],"impact":null,"html":"<h2 class=\"nhsuk-heading-m nhsuk-u-margin-bottom-2\" id=\"job-title-1\">","target":["#job-title-1"]},{"any":[{"id":"heading-order","data":null,"relatedNodes":[],"impact":"moderate","message":"Heading order valid"}],"all":[],"none":[],"impact":null,"html":"<h3 class=\"nhsuk-u-font-weight-bold\">\n          Guy's and St Thomas' NHS Foundation Trust\n          <div class=\"location-font-size\">\n            \n              London SE1 7EH\n            \n          </div>\n        </h3>","target":[".nhsuk-list-panel.search-result.nhsuk-u-padding-3:nth-child(1) > .nhsuk-u-margin-bottom-4[data-test=\"search-result-location\"] > h3"]},{"any":[{"id":"heading-order","data":null,"relatedNodes":[],"impact":"moderate","message":"Heading order valid"}],"all":[],"none":[],"impact":null,"html":"<h2 class=\"nhsuk-heading-m nhsuk-u-margin-bottom-2\" id=\"job-title-2\">","target":["#job-title-2"]},{"any":[{"id":"heading-order","data":null,"relatedNodes":[],"impact":"moderate","message":"Heading order valid"}],"all":[],"none":[],"impact":null,"html":"<h3 class=\"nhsuk-u-font-weight-bold\">\n          Swanscombe &amp; Bean Partnership\n          <div class=\"location-font-size\">\n            \n              Swanscombe DA10 0BF\n            \n          </div>\n        </h3>","target":[".nhsuk-list-panel.search-result.nhsuk-u-padding-3:nth-child(2) > .nhsuk-u-margin-bottom-4[data-test=\"search-result-location\"] > h3"]},{"any":[{"id":"heading-order","data":null,"relatedNodes":[],"impact":"moderate","message":"Heading order valid"}],"all":[],"none":[],"impact":null,"html":"<h2 class=\"nhsuk-heading-m nhsuk-u-margin-bottom-2\" id=\"job-title-3\">","target":["#job-title-3"]},{"any":[{"id":"heading-order","data":null,"relatedNodes":[],"impact":"moderate","message":"Heading order valid"}],"all":[],"none":[],"impact":null,"html":"<h3 class=\"nhsuk-u-font-weight-bold\">\n          Swanley Medical Practice\n          <div class=\"location-font-size\">\n            \n              Swanley BR8 7AH, \n            \n              Swanley BR8 7UP, \n            \n              Swanley BR8 7RB\n            \n          </div>\n        </h3>","target":[".nhsuk-list-panel.search-result.nhsuk-u-padding-3:nth-child(3) > .nhsuk-u-margin-bottom-4[data-test=\"search-result-location\"] > h3"]},{"any":[{"id":"heading-order","data":null,"relatedNodes":[],"impact":"moderate","message":"Heading order valid"}],"all":[],"none":[],"impact":null,"html":"<h2 class=\"nhsuk-heading-m nhsuk-u-margin-bottom-2\" id=\"job-title-4\">","target":["#job-title-4"]},{"any":[{"id":"heading-order","data":null,"relatedNodes":[],"impact":"moderate","message":"Heading order valid"}],"all":[],"none":[],"impact":null,"html":"<h3 class=\"nhsuk-u-font-weight-bold\">\n          Swanley Medical Practice\n          <div class=\"location-font-size\">\n            \n              Swanley BR8 7AH, \n            \n              Swanley BR8 7UP, \n            \n              Swanley BR8 7RB\n            \n          </div>\n        </h3>","target":[".nhsuk-list-panel.search-result.nhsuk-u-padding-3:nth-child(4) > .nhsuk-u-margin-bottom-4[data-test=\"search-result-location\"] > h3"]},{"any":[{"id":"heading-order","data":null,"relatedNodes":[],"impact":"moderate","message":"Heading order valid"}],"all":[],"none":[],"impact":null,"html":"<h2 class=\"nhsuk-heading-m nhsuk-u-margin-bottom-2\" id=\"job-title-5\">","target":["#job-title-5"]},{"any":[{"id":"heading-order","data":null,"relatedNodes":[],"impact":"moderate","message":"Heading order valid"}],"all":[],"none":[],"impact":null,"html":"<h3 class=\"nhsuk-u-font-weight-bold\">\n          St George's University Hospitals NHS Foundation Trust\n          <div class=\"location-font-size\">\n            \n              London SW17 0QT\n            \n          </div>\n        </h3>","target":[".nhsuk-list-panel.search-result.nhsuk-u-padding-3:nth-child(5) > .nhsuk-u-margin-bottom-4[data-test=\"search-result-location\"] > h3"]},{"any":[{"id":"heading-order","data":null,"relatedNodes":[],"impact":"moderate","message":"Heading order valid"}],"all":[],"none":[],"impact":null,"html":"<h2 class=\"nhsuk-heading-m nhsuk-u-margin-bottom-2\" id=\"job-title-6\">\n            \n            <a href=\"/candidate/jobadvert/E0429-25-0025?keyword=Nurse&amp;location=London&amp;distance=5&amp;language=en\" data-test=\"search-result-job-title\">\n              Staff Nurse\n            </a>\n          </h2>","target":["#job-title-6"]},{"any":[{"id":"heading-order","data":null,"relatedNodes":[],"impact":"moderate","message":"Heading order valid"}],"all":[],"none":[],"impact":null,"html":"<h3 class=\"nhsuk-u-font-weight-bold\">\n          Fairlie Healthcare Group\n          <div class=\"location-font-size\">\n            \n              Purley CR82HJ\n            \n          </div>\n        </h3>","target":[".nhsuk-list-panel.search-result.nhsuk-u-padding-3:nth-child(6) > .nhsuk-u-margin-bottom-4[data-test=\"search-result-location\"] > h3"]},{"any":[{"id":"heading-order","data":null,"relatedNodes":[],"impact":"moderate","message":"Heading order valid"}],"all":[],"none":[],"impact":null,"html":"<h2 class=\"nhsuk-heading-m nhsuk-u-margin-bottom-2\" id=\"job-title-7\">","target":["#job-title-7"]},{"any":[{"id":"heading-order","data":null,"relatedNodes":[],"impact":"moderate","message":"Heading order valid"}],"all":[],"none":[],"impact":null,"html":"<h3 class=\"nhsuk-u-font-weight-bold\">\n          Tamworth House Medical Centre\n          <div class=\"location-font-size\">\n            \n              Mitcham CR4 1DL\n            \n          </div>\n        </h3>","target":[".nhsuk-list-panel.search-result.nhsuk-u-padding-3:nth-child(7) > .nhsuk-u-margin-bottom-4[data-test=\"search-result-location\"] > h3"]},{"any":[{"id":"heading-order","data":null,"relatedNodes":[],"impact":"moderate","message":"Heading order valid"}],"all":[],"none":[],"impact":null,"html":"<h2 class=\"nhsuk-heading-m nhsuk-u-margin-bottom-2\" id=\"job-title-8\">","target":["#job-title-8"]},{"any":[{"id":"heading-order","data":null,"relatedNodes":[],"impact":"moderate","message":"Heading order valid"}],"all":[],"none":[],"impact":null,"html":"<h3 class=\"nhsuk-u-font-weight-bold\">\n          Avery Healthcare Group Ltd.\n          <div class=\"location-font-size\">\n            \n              Purley CR8 2LF\n            \n          </div>\n        </h3>","target":[".nhsuk-list-panel.search-result.nhsuk-u-padding-3:nth-child(8) > .nhsuk-u-margin-bottom-4[data-test=\"search-result-location\"] > h3"]},{"any":[{"id":"heading-order","data":null,"relatedNodes":[],"impact":"moderate","message":"Heading order valid"}],"all":[],"none":[],"impact":null,"html":"<h2 class=\"nhsuk-heading-m nhsuk-u-margin-bottom-2\" id=\"job-title-9\">","target":["#job-title-9"]},{"any":[{"id":"heading-order","data":null,"relatedNodes":[],"impact":"moderate","message":"Heading order valid"}],"all":[],"none":[],"impact":null,"html":"<h3 class=\"nhsuk-u-font-weight-bold\">\n          Aria Care\n          <div class=\"location-font-size\">\n            \n              Denham UB9 5DQ\n            \n          </div>\n        </h3>","target":[".nhsuk-list-panel.search-result.nhsuk-u-padding-3:nth-child(9) > .nhsuk-u-margin-bottom-4[data-test=\"search-result-location\"] > h3"]},{"any":[{"id":"heading-order","data":null,"relatedNodes":[],"impact":"moderate","message":"Heading order valid"}],"all":[],"none":[],"impact":null,"html":"<h2 class=\"nhsuk-heading-m nhsuk-u-margin-bottom-2\" id=\"job-title-10\">","target":["#job-title-10"]},{"any":[{"id":"heading-order","data":null,"relatedNodes":[],"impact":"moderate","message":"Heading order valid"}],"all":[],"none":[],"impact":null,"html":"<h3 class=\"nhsuk-u-font-weight-bold\">\n          Bellegrove Surgery\n          <div class=\"location-font-size\">\n            \n              Welling DA16 3RE\n            \n          </div>\n        </h3>","target":[".nhsuk-list-panel.search-result.nhsuk-u-padding-3:nth-child(10) > .nhsuk-u-margin-bottom-4[data-test=\"search-result-location\"] > h3"]},{"any":[{"id":"heading-order","data":null,"relatedNodes":[],"impact":"moderate","message":"Heading order valid"}],"all":[],"none":[],"impact":null,"html":"<h2 class=\"nhsuk-u-visually-hidden\">Support links</h2>","target":[".nhsuk-width-container > .nhsuk-u-visually-hidden"]}]},{"id":"html-has-lang","impact":null,"tags":["cat.language","wcag2a","wcag311","ACT","TTv5","TT11.a"],"description":"Ensures every HTML document has a lang attribute","help":"<html> element must have a lang attribute","helpUrl":"https://dequeuniversity.com/rules/axe/4.7/html-has-lang?application=axeAPI","nodes":[{"any":[{"id":"has-lang","data":null,"relatedNodes":[],"impact":"serious","message":"The <html> element has a lang attribute"}],"all":[],"none":[],"impact":null,"html":"<html lang=\"en\" style=\"\">","target":["html"]}]},{"id":"html-lang-valid","impact":null,"tags":["cat.language","wcag2a","wcag311","ACT","TTv5","TT11.a"],"description":"Ensures the lang attribute of the <html> element has a valid value","help":"<html> element must have a valid value for the lang attribute","helpUrl":"https://dequeuniversity.com/rules/axe/4.7/html-lang-valid?application=axeAPI","nodes":[{"any":[],"all":[],"none":[{"id":"valid-lang","data":null,"relatedNodes":[],"impact":"serious","message":"Value of lang attribute is included in the list of valid languages"}],"impact":null,"html":"<html lang=\"en\" style=\"\">","target":["html"]}]},{"id":"input-button-name","impact":null,"tags":["cat.name-role-value","wcag2a","wcag412","section508","section508.22.a","ACT","TTv5","TT5.c"],"description":"Ensures input buttons have discernible text","help":"Input buttons must have discernible text","helpUrl":"https://dequeuniversity.com/rules/axe/4.7/input-button-name?application=axeAPI","nodes":[{"any":[{"id":"non-empty-value","data":null,"relatedNodes":[],"impact":"critical","message":"Element has a non-empty value attribute"}],"all":[],"none":[],"impact":null,"html":"<input class=\"nhsuk-button nhsuk-button--primary\" type=\"submit\" id=\"refine-search\" value=\"Apply filters\" data-test=\"refine-search-button\">","target":["#refine-search"]}]},{"id":"label-title-only","impact":null,"tags":["cat.forms","best-practice"],"description":"Ensures that every form element has a visible label and is not solely labeled using hidden labels, or the title or aria-describedby attributes","help":"Form elements should have a visible label","helpUrl":"https://dequeuniversity.com/rules/axe/4.7/label-title-only?application=axeAPI","nodes":[{"any":[],"all":[],"none":[{"id":"title-only","data":null,"relatedNodes":[],"impact":"serious","message":"Form element does not solely use title attribute for its label"}],"impact":null,"html":"<input name=\"keyword\" id=\"keyword\" value=\"Nurse\" class=\"nhsuk-input nhsuk-u--width-full\" type=\"search\" data-test=\"search-jobTitle-input\" aria-label=\"Search What? For example, job title or skills\">","target":["#keyword"]},{"any":[],"all":[],"none":[{"id":"title-only","data":null,"relatedNodes":[],"impact":"serious","message":"Form element does not solely use title attribute for its label"}],"impact":null,"html":"<input aria-describedby=\"location__assistiveHint\" aria-expanded=\"false\" aria-controls=\"location__listbox\" aria-autocomplete=\"list\" autocomplete=\"off\" class=\"nhsuk-input nhsuk-u--width-full\" id=\"location\" name=\"location\" placeholder=\"\" type=\"search\" role=\"combobox\" data-test=\"search-location-input\" aria-label=\"Search Where? For example, a postcode, town or city, search text field\">","target":["#location"]},{"any":[],"all":[],"none":[{"id":"title-only","data":null,"relatedNodes":[],"impact":"serious","message":"Form element does not solely use title attribute for its label"}],"impact":null,"html":"<select class=\"nhsuk-select nhsuk-inline-select\" id=\"sort\" name=\"sort\" data-test=\"sort-input\" value=\"\" onchange=\"sortform.submit()\">","target":["#sort"]}]},{"id":"label","impact":null,"tags":["cat.forms","wcag2a","wcag412","section508","section508.22.n","ACT","TTv5","TT5.c"],"description":"Ensures every form element has a label","help":"Form elements must have labels","helpUrl":"https://dequeuniversity.com/rules/axe/4.7/label?application=axeAPI","nodes":[{"any":[{"id":"explicit-label","data":{"explicitLabel":"What?"},"relatedNodes":[{"html":"<label class=\"nhsuk-label nhsuk-u-font-weight-bold white-text\" for=\"keyword\">What?</label>","target":["label[for=\"keyword\"]"]}],"impact":"critical","message":"Form element has an explicit <label>"},{"id":"aria-label","data":null,"relatedNodes":[],"impact":"serious","message":"aria-label attribute exists and is not empty"}],"all":[],"none":[{"id":"hidden-explicit-label","data":null,"relatedNodes":[],"impact":"critical","message":"Form element has a visible explicit <label>"}],"impact":null,"html":"<input name=\"keyword\" id=\"keyword\" value=\"Nurse\" class=\"nhsuk-input nhsuk-u--width-full\" type=\"search\" data-test=\"search-jobTitle-input\" aria-label=\"Search What? For example, job title or skills\">","target":["#keyword"]},{"any":[{"id":"explicit-label","data":{"explicitLabel":"Where?"},"relatedNodes":[{"html":"<label class=\"nhsuk-label nhsuk-u-font-weight-bold white-text\" for=\"location\">Where?</label>","target":["label[for=\"location\"]"]}],"impact":"critical","message":"Form element has an explicit <label>"},{"id":"aria-label","data":null,"relatedNodes":[],"impact":"serious","message":"aria-label attribute exists and is not empty"}],"all":[],"none":[{"id":"hidden-explicit-label","data":null,"relatedNodes":[],"impact":"critical","message":"Form element has a visible explicit <label>"}],"impact":null,"html":"<input aria-describedby=\"location__assistiveHint\" aria-expanded=\"false\" aria-controls=\"location__listbox\" aria-autocomplete=\"list\" autocomplete=\"off\" class=\"nhsuk-input nhsuk-u--width-full\" id=\"location\" name=\"location\" placeholder=\"\" type=\"search\" role=\"combobox\" data-test=\"search-location-input\" aria-label=\"Search Where? For example, a postcode, town or city, search text field\">","target":["#location"]}]},{"id":"landmark-banner-is-top-level","impact":null,"tags":["cat.semantics","best-practice"],"description":"Ensures the banner landmark is at top level","help":"Banner landmark should not be contained in another landmark","helpUrl":"https://dequeuniversity.com/rules/axe/4.7/landmark-banner-is-top-level?application=axeAPI","nodes":[{"any":[{"id":"landmark-is-top-level","data":{"role":"banner"},"relatedNodes":[],"impact":"moderate","message":"The banner landmark is at the top level."}],"all":[],"none":[],"impact":null,"html":"<header class=\"nhsuk-header\" role=\"banner\" id=\"heading-body\">","target":["header"]}]},{"id":"landmark-complementary-is-top-level","impact":null,"tags":["cat.semantics","best-practice"],"description":"Ensures the complementary landmark or aside is at top level","help":"Aside should not be contained in another landmark","helpUrl":"https://dequeuniversity.com/rules/axe/4.7/landmark-complementary-is-top-level?application=axeAPI","nodes":[{"any":[{"id":"landmark-is-top-level","data":{"role":"complementary"},"relatedNodes":[],"impact":"moderate","message":"The complementary landmark is at the top level."}],"all":[],"none":[],"impact":null,"html":"<div class=\"beta-banner\" aria-label=\"beta-banner\" role=\"complementary\">","target":[".beta-banner"]}]},{"id":"landmark-contentinfo-is-top-level","impact":null,"tags":["cat.semantics","best-practice"],"description":"Ensures the contentinfo landmark is at top level","help":"Contentinfo landmark should not be contained in another landmark","helpUrl":"https://dequeuniversity.com/rules/axe/4.7/landmark-contentinfo-is-top-level?application=axeAPI","nodes":[{"any":[{"id":"landmark-is-top-level","data":{"role":"contentinfo"},"relatedNodes":[],"impact":"moderate","message":"The contentinfo landmark is at the top level."}],"all":[],"none":[],"impact":null,"html":"<footer role=\"contentinfo\">","target":["footer"]}]},{"id":"landmark-main-is-top-level","impact":null,"tags":["cat.semantics","best-practice"],"description":"Ensures the main landmark is at top level","help":"Main landmark should not be contained in another landmark","helpUrl":"https://dequeuniversity.com/rules/axe/4.7/landmark-main-is-top-level?application=axeAPI","nodes":[{"any":[{"id":"landmark-is-top-level","data":{"role":"main"},"relatedNodes":[],"impact":"moderate","message":"The main landmark is at the top level."}],"all":[],"none":[],"impact":null,"html":"<main class=\"nhsuk-main-wrapper \" id=\"maincontent\" role=\"main\">","target":["#maincontent"]}]},{"id":"landmark-no-duplicate-banner","impact":null,"tags":["cat.semantics","best-practice"],"description":"Ensures the document has at most one banner landmark","help":"Document should not have more than one banner landmark","helpUrl":"https://dequeuniversity.com/rules/axe/4.7/landmark-no-duplicate-banner?application=axeAPI","nodes":[{"any":[{"id":"page-no-duplicate-banner","data":null,"relatedNodes":[],"impact":"moderate","message":"Document does not have more than one banner landmark"}],"all":[],"none":[],"impact":null,"html":"<header class=\"nhsuk-header\" role=\"banner\" id=\"heading-body\">","target":["header"]}]},{"id":"landmark-no-duplicate-contentinfo","impact":null,"tags":["cat.semantics","best-practice"],"description":"Ensures the document has at most one contentinfo landmark","help":"Document should not have more than one contentinfo landmark","helpUrl":"https://dequeuniversity.com/rules/axe/4.7/landmark-no-duplicate-contentinfo?application=axeAPI","nodes":[{"any":[{"id":"page-no-duplicate-contentinfo","data":null,"relatedNodes":[],"impact":"moderate","message":"Document does not have more than one contentinfo landmark"}],"all":[],"none":[],"impact":null,"html":"<footer role=\"contentinfo\">","target":["footer"]}]},{"id":"landmark-no-duplicate-main","impact":null,"tags":["cat.semantics","best-practice"],"description":"Ensures the document has at most one main landmark","help":"Document should not have more than one main landmark","helpUrl":"https://dequeuniversity.com/rules/axe/4.7/landmark-no-duplicate-main?application=axeAPI","nodes":[{"any":[{"id":"page-no-duplicate-main","data":null,"relatedNodes":[],"impact":"moderate","message":"Document does not have more than one main landmark"}],"all":[],"none":[],"impact":null,"html":"<main class=\"nhsuk-main-wrapper \" id=\"maincontent\" role=\"main\">","target":["#maincontent"]}]},{"id":"landmark-one-main","impact":null,"tags":["cat.semantics","best-practice"],"description":"Ensures the document has a main landmark","help":"Document should have one main landmark","helpUrl":"https://dequeuniversity.com/rules/axe/4.7/landmark-one-main?application=axeAPI","nodes":[{"any":[],"all":[{"id":"page-has-main","data":null,"relatedNodes":[{"html":"<main class=\"nhsuk-main-wrapper \" id=\"maincontent\" role=\"main\">","target":["#maincontent"]}],"impact":"moderate","message":"Document has at least one main landmark"}],"none":[],"impact":null,"html":"<html lang=\"en\" style=\"\">","target":["html"]}]},{"id":"landmark-unique","impact":null,"tags":["cat.semantics","best-practice"],"help":"Ensures landmarks are unique","description":"Landmarks should have a unique role or role/label/title (i.e. accessible name) combination","helpUrl":"https://dequeuniversity.com/rules/axe/4.7/landmark-unique?application=axeAPI","nodes":[{"any":[{"id":"landmark-is-unique","data":{"role":"banner","accessibleText":null},"relatedNodes":[],"impact":"moderate","message":"Landmarks must have a unique role or role/label/title (i.e. accessible name) combination"}],"all":[],"none":[],"impact":null,"html":"<header class=\"nhsuk-header\" role=\"banner\" id=\"heading-body\">","target":["header"]},{"any":[{"id":"landmark-is-unique","data":{"role":"navigation","accessibleText":"translations"},"relatedNodes":[],"impact":"moderate","message":"Landmarks must have a unique role or role/label/title (i.e. accessible name) combination"}],"all":[],"none":[],"impact":null,"html":"<nav class=\"gem-c-translation-nav hide-mobile nhsuk-u-margin-0 nhsuk-u-padding-left-7\" aria-label=\"Translations\">","target":[".gem-c-translation-nav"]},{"any":[{"id":"landmark-is-unique","data":{"role":"navigation","accessibleText":"menu"},"relatedNodes":[],"impact":"moderate","message":"Landmarks must have a unique role or role/label/title (i.e. accessible name) combination"}],"all":[],"none":[],"impact":null,"html":"<nav class=\"nhsuk-header__navigation\" id=\"header-navigation\" role=\"navigation\" aria-label=\"Primary navigation\" aria-labelledby=\"label-navigation\">","target":["#header-navigation"]},{"any":[{"id":"landmark-is-unique","data":{"role":"complementary","accessibleText":"beta-banner"},"relatedNodes":[],"impact":"moderate","message":"Landmarks must have a unique role or role/label/title (i.e. accessible name) combination"}],"all":[],"none":[],"impact":null,"html":"<div class=\"beta-banner\" aria-label=\"beta-banner\" role=\"complementary\">","target":[".beta-banner"]},{"any":[{"id":"landmark-is-unique","data":{"role":"main","accessibleText":null},"relatedNodes":[],"impact":"moderate","message":"Landmarks must have a unique role or role/label/title (i.e. accessible name) combination"}],"all":[],"none":[],"impact":null,"html":"<main class=\"nhsuk-main-wrapper \" id=\"maincontent\" role=\"main\">","target":["#maincontent"]},{"any":[{"id":"landmark-is-unique","data":{"role":"navigation","accessibleText":"pagination"},"relatedNodes":[],"impact":"moderate","message":"Landmarks must have a unique role or role/label/title (i.e. accessible name) combination"}],"all":[],"none":[],"impact":null,"html":"<nav class=\"nhsuk-pagination\" role=\"navigation\" aria-label=\"Pagination\">","target":[".nhsuk-pagination"]},{"any":[{"id":"landmark-is-unique","data":{"role":"contentinfo","accessibleText":null},"relatedNodes":[],"impact":"moderate","message":"Landmarks must have a unique role or role/label/title (i.e. accessible name) combination"}],"all":[],"none":[],"impact":null,"html":"<footer role=\"contentinfo\">","target":["footer"]}]},{"id":"link-in-text-block","impact":null,"tags":["cat.color","wcag2a","wcag141","TTv5","TT13.a"],"description":"Ensure links are distinguished from surrounding text in a way that does not rely on color","help":"Links must be distinguishable without relying on color","helpUrl":"https://dequeuniversity.com/rules/axe/4.7/link-in-text-block?application=axeAPI","nodes":[{"any":[{"id":"link-in-text-block-style","data":null,"relatedNodes":[{"html":"<div class=\"nhsuk-width-container\">","target":[".top-banner > .nhsuk-width-container"]}],"impact":"serious","message":"Links can be distinguished from surrounding text by visual styling"}],"all":[],"none":[],"impact":null,"html":"<a href=\"/candidate/cookies\" id=\"change-cookies-settings\" aria-label=\"Go to the cookie information page\">change your cookie settings</a>","target":["#change-cookies-settings"]},{"any":[{"id":"link-in-text-block-style","data":null,"relatedNodes":[{"html":"<div class=\"nhsuk-width-container \">","target":[".beta-banner > .nhsuk-width-container"]}],"impact":"serious","message":"Links can be distinguished from surrounding text by visual styling"}],"all":[],"none":[],"impact":null,"html":"<a href=\"mailto:nhsbsa.nhsjobs@nhsbsa.nhs.uk?subject=How could we improve NHS Jobs service?\">feedback</a>","target":[".beta-banner > .nhsuk-width-container > span > a"]}]},{"id":"link-name","impact":null,"tags":["cat.name-role-value","wcag2a","wcag412","wcag244","section508","section508.22.a","ACT","TTv5","TT6.a"],"description":"Ensures links have discernible text","help":"Links must have discernible text","helpUrl":"https://dequeuniversity.com/rules/axe/4.7/link-name?application=axeAPI","nodes":[{"any":[{"id":"has-visible-text","data":null,"relatedNodes":[],"impact":"minor","message":"Element has text that is visible to screen readers"},{"id":"aria-label","data":null,"relatedNodes":[],"impact":"serious","message":"aria-label attribute exists and is not empty"}],"all":[],"none":[{"id":"focusable-no-name","data":null,"relatedNodes":[],"impact":"serious","message":"Element is not in tab order or has accessible text"}],"impact":null,"html":"<a class=\"nhsuk-skip-link\" href=\"#search-results-heading\" aria-label=\"932 jobs found for Nurse in London. Sorted by: Best Match . Skip to search filters\" id=\"skip_to_search_filters\">Skip to search filters</a>","target":["#skip_to_search_filters"]},{"any":[{"id":"has-visible-text","data":null,"relatedNodes":[],"impact":"minor","message":"Element has text that is visible to screen readers"},{"id":"aria-label","data":null,"relatedNodes":[],"impact":"serious","message":"aria-label attribute exists and is not empty"}],"all":[],"none":[{"id":"focusable-no-name","data":null,"relatedNodes":[],"impact":"serious","message":"Element is not in tab order or has accessible text"}],"impact":null,"html":"<a class=\"nhsuk-skip-link\" href=\"#first-result-title\" id=\"skipToSearchResults\" aria-label=\"Skip to search results\">Skip to search results</a>","target":["#skipToSearchResults"]},{"any":[{"id":"has-visible-text","data":null,"relatedNodes":[],"impact":"minor","message":"Element has text that is visible to screen readers"},{"id":"aria-label","data":null,"relatedNodes":[],"impact":"serious","message":"aria-label attribute exists and is not empty"}],"all":[],"none":[{"id":"focusable-no-name","data":null,"relatedNodes":[],"impact":"serious","message":"Element is not in tab order or has accessible text"}],"impact":null,"html":"<a href=\"/candidate/cookies\" id=\"change-cookies-settings\" aria-label=\"Go to the cookie information page\">change your cookie settings</a>","target":["#change-cookies-settings"]},{"any":[{"id":"has-visible-text","data":null,"relatedNodes":[],"impact":"minor","message":"Element has text that is visible to screen readers"},{"id":"aria-label","data":null,"relatedNodes":[],"impact":"serious","message":"aria-label attribute exists and is not empty"}],"all":[],"none":[{"id":"focusable-no-name","data":null,"relatedNodes":[],"impact":"serious","message":"Element is not in tab order or has accessible text"}],"impact":null,"html":"<a href=\"/candidate/dismiss-cookie-messages\" id=\"dismiss-cookie-messages\" aria-label=\"Dismiss information about cookie preferences\" style=\"float: right\">Hide</a>","target":["#dismiss-cookie-messages"]},{"any":[{"id":"has-visible-text","data":null,"relatedNodes":[],"impact":"minor","message":"Element has text that is visible to screen readers"},{"id":"aria-label","data":null,"relatedNodes":[],"impact":"serious","message":"aria-label attribute exists and is not empty"}],"all":[],"none":[{"id":"focusable-no-name","data":null,"relatedNodes":[],"impact":"serious","message":"Element is not in tab order or has accessible text"}],"impact":null,"html":"<a class=\"nhsuk-header__link nhsuk-header__link--service nhsuk-header__link--service-short-name\" href=\"/candidate\" aria-label=\"NHS jobs homepage\">","target":[".nhsuk-header__link"]},{"any":[{"id":"has-visible-text","data":null,"relatedNodes":[],"impact":"minor","message":"Element has text that is visible to screen readers"}],"all":[],"none":[{"id":"focusable-no-name","data":null,"relatedNodes":[],"impact":"serious","message":"Element is not in tab order or has accessible text"}],"impact":null,"html":"<a class=\"sign-in-link\" id=\"candidate_sign_in\" href=\"/candidate/auth/login\">\n        Sign in\n      </a>","target":["#candidate_sign_in"]},{"any":[{"id":"has-visible-text","data":null,"relatedNodes":[],"impact":"minor","message":"Element has text that is visible to screen readers"}],"all":[],"none":[{"id":"focusable-no-name","data":null,"relatedNodes":[],"impact":"serious","message":"Element is not in tab order or has accessible text"}],"impact":null,"html":"<a href=\"/candidate/auth/register/first-last-name\" class=\"sign-in-link\" data-test=\"header-create-account\">Create an account</a>","target":[".sign-in-link[data-test=\"header-create-account\"]"]},{"any":[{"id":"has-visible-text","data":null,"relatedNodes":[],"impact":"minor","message":"Element has text that is visible to screen readers"}],"all":[],"none":[{"id":"focusable-no-name","data":null,"relatedNodes":[],"impact":"serious","message":"Element is not in tab order or has accessible text"}],"impact":null,"html":"<a lang=\"en\" href=\"/candidate/search/locale/en\" class=\"language-toggle-selected\" data-test=\"english-language-link\">English</a>","target":[".language-toggle-selected"]},{"any":[{"id":"has-visible-text","data":null,"relatedNodes":[],"impact":"minor","message":"Element has text that is visible to screen readers"}],"all":[],"none":[{"id":"focusable-no-name","data":null,"relatedNodes":[],"impact":"serious","message":"Element is not in tab order or has accessible text"}],"impact":null,"html":"<a lang=\"cy\" href=\"/candidate/search/locale/cy\" class=\"language-toggle\" data-test=\"welsh-language-link\">Cymraeg</a>","target":[".language-toggle"]},{"any":[{"id":"has-visible-text","data":null,"relatedNodes":[],"impact":"minor","message":"Element has text that is visible to screen readers"}],"all":[],"none":[{"id":"focusable-no-name","data":null,"relatedNodes":[],"impact":"serious","message":"Element is not in tab order or has accessible text"}],"impact":null,"html":"<a class=\"nhsuk-header__navigation-link\" href=\"/candidate/search\">","target":["a[href$=\"search\"]"]},{"any":[{"id":"has-visible-text","data":null,"relatedNodes":[],"impact":"minor","message":"Element has text that is visible to screen readers"}],"all":[],"none":[{"id":"focusable-no-name","data":null,"relatedNodes":[],"impact":"serious","message":"Element is not in tab order or has accessible text"}],"impact":null,"html":"<a href=\"mailto:nhsbsa.nhsjobs@nhsbsa.nhs.uk?subject=How could we improve NHS Jobs service?\">feedback</a>","target":[".beta-banner > .nhsuk-width-container > span > a"]},{"any":[{"id":"has-visible-text","data":null,"relatedNodes":[],"impact":"minor","message":"Element has text that is visible to screen readers"}],"all":[],"none":[{"id":"focusable-no-name","data":null,"relatedNodes":[],"impact":"serious","message":"Element is not in tab order or has accessible text"}],"impact":null,"html":"<a href=\"javascript:void(0)\" id=\"searchOptionsBtn\" class=\"nhsuk-u-font-weight-bold white-text\">\n                  \n                  More search options\n                  \n                  </a>","target":["#searchOptionsBtn"]},{"any":[{"id":"has-visible-text","data":null,"relatedNodes":[],"impact":"minor","message":"Element has text that is visible to screen readers"}],"all":[],"none":[{"id":"focusable-no-name","data":null,"relatedNodes":[],"impact":"serious","message":"Element is not in tab order or has accessible text"}],"impact":null,"html":"<a href=\"/candidate/search/results?keyword=Nurse&amp;location=London\" data-test=\"filter-clear\">Clear filters\n        </a>","target":["a[data-test=\"filter-clear\"]"]},{"any":[{"id":"has-visible-text","data":null,"relatedNodes":[],"impact":"minor","message":"Element has text that is visible to screen readers"}],"all":[],"none":[{"id":"focusable-no-name","data":null,"relatedNodes":[],"impact":"serious","message":"Element is not in tab order or has accessible text"}],"impact":null,"html":"<a href=\"/candidate/search/save/alerts\" data-test=\"save-search\">Save this search</a>","target":[".hide-mobile > h3 > a[data-test=\"save-search\"][href$=\"alerts\"]"]},{"any":[{"id":"has-visible-text","data":null,"relatedNodes":[],"impact":"minor","message":"Element has text that is visible to screen readers"}],"all":[],"none":[{"id":"focusable-no-name","data":null,"relatedNodes":[],"impact":"serious","message":"Element is not in tab order or has accessible text"}],"impact":null,"html":"<a href=\"/candidate/search/save/alerts\" class=\"save-job-3\" id=\"create-job-alert\">","target":["#create-job-alert"]},{"any":[{"id":"has-visible-text","data":null,"relatedNodes":[],"impact":"minor","message":"Element has text that is visible to screen readers"}],"all":[],"none":[{"id":"focusable-no-name","data":null,"relatedNodes":[],"impact":"serious","message":"Element is not in tab order or has accessible text"}],"impact":null,"html":"<a href=\"/candidate/jobadvert/C9196-25-1091?keyword=Nurse&amp;location=London&amp;distance=5&amp;language=en\" id=\"first-result-title\" data-test=\"search-result-job-title\">\n              Senior Nursing Assistant - Neighbourhood Nursing (District Nursing)\n            </a>","target":["#first-result-title"]},{"any":[{"id":"has-visible-text","data":null,"relatedNodes":[],"impact":"minor","message":"Element has text that is visible to screen readers"},{"id":"aria-label","data":null,"relatedNodes":[],"impact":"serious","message":"aria-label attribute exists and is not empty"}],"all":[],"none":[{"id":"focusable-no-name","data":null,"relatedNodes":[],"impact":"serious","message":"Element is not in tab order or has accessible text"}],"impact":null,"html":"<a href=\"/candidate/search/save-job/C9196-25-1091\" data-test=\"search-result-save-job\" aria-label=\"Save this job: Senior Nursing Assistant - Neighbourhood Nursing (District Nursing) (Reference number: C9196-25-1091)\">\n              Save this job\n            </a>","target":[".nhsuk-list-panel.search-result.nhsuk-u-padding-3:nth-child(1) > .nhsuk-grid-row:nth-child(1) > .save-job.nhsuk-u-margin-right-3 > a[data-test=\"search-result-save-job\"]"]},{"any":[{"id":"has-visible-text","data":null,"relatedNodes":[],"impact":"minor","message":"Element has text that is visible to screen readers"}],"all":[],"none":[{"id":"focusable-no-name","data":null,"relatedNodes":[],"impact":"serious","message":"Element is not in tab order or has accessible text"}],"impact":null,"html":"<a href=\"/candidate/jobadvert/A3154-23-0000?keyword=Nurse&amp;location=London&amp;distance=5&amp;language=en\" data-test=\"search-result-job-title\">\n              Lead Practice Nurse or Advanced Nurse Practitioner\n            </a>","target":["#job-title-2 > a[data-test=\"search-result-job-title\"]"]},{"any":[{"id":"has-visible-text","data":null,"relatedNodes":[],"impact":"minor","message":"Element has text that is visible to screen readers"},{"id":"aria-label","data":null,"relatedNodes":[],"impact":"serious","message":"aria-label attribute exists and is not empty"}],"all":[],"none":[{"id":"focusable-no-name","data":null,"relatedNodes":[],"impact":"serious","message":"Element is not in tab order or has accessible text"}],"impact":null,"html":"<a href=\"/candidate/search/save-job/A3154-23-0000\" data-test=\"search-result-save-job\" aria-label=\"Save this job: Lead Practice Nurse or Advanced Nurse Practitioner (Reference number: A3154-23-0000)\">\n              Save this job\n            </a>","target":[".nhsuk-list-panel.search-result.nhsuk-u-padding-3:nth-child(2) > .nhsuk-grid-row:nth-child(1) > .save-job.nhsuk-u-margin-right-3 > a[data-test=\"search-result-save-job\"]"]},{"any":[{"id":"has-visible-text","data":null,"relatedNodes":[],"impact":"minor","message":"Element has text that is visible to screen readers"}],"all":[],"none":[{"id":"focusable-no-name","data":null,"relatedNodes":[],"impact":"serious","message":"Element is not in tab order or has accessible text"}],"impact":null,"html":"<a href=\"/candidate/jobadvert/A2052-25-0003?keyword=Nurse&amp;location=London&amp;distance=5&amp;language=en\" data-test=\"search-result-job-title\">\n              Practice Nurse\n            </a>","target":["#job-title-3 > a[data-test=\"search-result-job-title\"]"]},{"any":[{"id":"has-visible-text","data":null,"relatedNodes":[],"impact":"minor","message":"Element has text that is visible to screen readers"},{"id":"aria-label","data":null,"relatedNodes":[],"impact":"serious","message":"aria-label attribute exists and is not empty"}],"all":[],"none":[{"id":"focusable-no-name","data":null,"relatedNodes":[],"impact":"serious","message":"Element is not in tab order or has accessible text"}],"impact":null,"html":"<a href=\"/candidate/search/save-job/A2052-25-0003\" data-test=\"search-result-save-job\" aria-label=\"Save this job: Practice Nurse (Reference number: A2052-25-0003)\">\n              Save this job\n            </a>","target":[".nhsuk-list-panel.search-result.nhsuk-u-padding-3:nth-child(3) > .nhsuk-grid-row:nth-child(1) > .save-job.nhsuk-u-margin-right-3 > a[data-test=\"search-result-save-job\"]"]},{"any":[{"id":"has-visible-text","data":null,"relatedNodes":[],"impact":"minor","message":"Element has text that is visible to screen readers"}],"all":[],"none":[{"id":"focusable-no-name","data":null,"relatedNodes":[],"impact":"serious","message":"Element is not in tab order or has accessible text"}],"impact":null,"html":"<a href=\"/candidate/jobadvert/A2052-25-0002?keyword=Nurse&amp;location=London&amp;distance=5&amp;language=en\" data-test=\"search-result-job-title\">\n              Practice Nurse\n            </a>","target":["#job-title-4 > a[data-test=\"search-result-job-title\"]"]},{"any":[{"id":"has-visible-text","data":null,"relatedNodes":[],"impact":"minor","message":"Element has text that is visible to screen readers"},{"id":"aria-label","data":null,"relatedNodes":[],"impact":"serious","message":"aria-label attribute exists and is not empty"}],"all":[],"none":[{"id":"focusable-no-name","data":null,"relatedNodes":[],"impact":"serious","message":"Element is not in tab order or has accessible text"}],"impact":null,"html":"<a href=\"/candidate/search/save-job/A2052-25-0002\" data-test=\"search-result-save-job\" aria-label=\"Save this job: Practice Nurse (Reference number: A2052-25-0002)\">\n              Save this job\n            </a>","target":[".nhsuk-list-panel.search-result.nhsuk-u-padding-3:nth-child(4) > .nhsuk-grid-row:nth-child(1) > .save-job.nhsuk-u-margin-right-3 > a[data-test=\"search-result-save-job\"]"]},{"any":[{"id":"has-visible-text","data":null,"relatedNodes":[],"impact":"minor","message":"Element has text that is visible to screen readers"}],"all":[],"none":[{"id":"focusable-no-name","data":null,"relatedNodes":[],"impact":"serious","message":"Element is not in tab order or has accessible text"}],"impact":null,"html":"<a href=\"/candidate/jobadvert/C9200-25-0733?keyword=Nurse&amp;location=London&amp;distance=5&amp;language=en\" data-test=\"search-result-job-title\">\n              Dermatology &amp; Skin Cancer Clinical Nurse Specialist Nurse\n            </a>","target":["#job-title-5 > a[data-test=\"search-result-job-title\"]"]},{"any":[{"id":"has-visible-text","data":null,"relatedNodes":[],"impact":"minor","message":"Element has text that is visible to screen readers"},{"id":"aria-label","data":null,"relatedNodes":[],"impact":"serious","message":"aria-label attribute exists and is not empty"}],"all":[],"none":[{"id":"focusable-no-name","data":null,"relatedNodes":[],"impact":"serious","message":"Element is not in tab order or has accessible text"}],"impact":null,"html":"<a href=\"/candidate/search/save-job/C9200-25-0733\" data-test=\"search-result-save-job\" aria-label=\"Save this job: Dermatology &amp; Skin Cancer Clinical Nurse Specialist Nurse (Reference number: C9200-25-0733)\">\n              Save this job\n            </a>","target":[".nhsuk-list-panel.search-result.nhsuk-u-padding-3:nth-child(5) > .nhsuk-grid-row:nth-child(1) > .save-job.nhsuk-u-margin-right-3 > a[data-test=\"search-result-save-job\"]"]},{"any":[{"id":"has-visible-text","data":null,"relatedNodes":[],"impact":"minor","message":"Element has text that is visible to screen readers"}],"all":[],"none":[{"id":"focusable-no-name","data":null,"relatedNodes":[],"impact":"serious","message":"Element is not in tab order or has accessible text"}],"impact":null,"html":"<a href=\"/candidate/jobadvert/E0429-25-0025?keyword=Nurse&amp;location=London&amp;distance=5&amp;language=en\" data-test=\"search-result-job-title\">\n              Staff Nurse\n            </a>","target":["#job-title-6 > a[data-test=\"search-result-job-title\"]"]},{"any":[{"id":"has-visible-text","data":null,"relatedNodes":[],"impact":"minor","message":"Element has text that is visible to screen readers"},{"id":"aria-label","data":null,"relatedNodes":[],"impact":"serious","message":"aria-label attribute exists and is not empty"}],"all":[],"none":[{"id":"focusable-no-name","data":null,"relatedNodes":[],"impact":"serious","message":"Element is not in tab order or has accessible text"}],"impact":null,"html":"<a href=\"/candidate/search/save-job/E0429-25-0025\" data-test=\"search-result-save-job\" aria-label=\"Save this job: Staff Nurse (Reference number: E0429-25-0025)\">\n              Save this job\n            </a>","target":[".nhsuk-list-panel.search-result.nhsuk-u-padding-3:nth-child(6) > .nhsuk-grid-row:nth-child(1) > .save-job.nhsuk-u-margin-right-3 > a[data-test=\"search-result-save-job\"]"]},{"any":[{"id":"has-visible-text","data":null,"relatedNodes":[],"impact":"minor","message":"Element has text that is visible to screen readers"}],"all":[],"none":[{"id":"focusable-no-name","data":null,"relatedNodes":[],"impact":"serious","message":"Element is not in tab order or has accessible text"}],"impact":null,"html":"<a href=\"/candidate/jobadvert/A4272-24-0003?keyword=Nurse&amp;location=London&amp;distance=5&amp;language=en\" data-test=\"search-result-job-title\">\n              Practice Nurse\n            </a>","target":["#job-title-7 > a[data-test=\"search-result-job-title\"]"]},{"any":[{"id":"has-visible-text","data":null,"relatedNodes":[],"impact":"minor","message":"Element has text that is visible to screen readers"},{"id":"aria-label","data":null,"relatedNodes":[],"impact":"serious","message":"aria-label attribute exists and is not empty"}],"all":[],"none":[{"id":"focusable-no-name","data":null,"relatedNodes":[],"impact":"serious","message":"Element is not in tab order or has accessible text"}],"impact":null,"html":"<a href=\"/candidate/search/save-job/A4272-24-0003\" data-test=\"search-result-save-job\" aria-label=\"Save this job: Practice Nurse (Reference number: A4272-24-0003)\">\n              Save this job\n            </a>","target":[".nhsuk-list-panel.search-result.nhsuk-u-padding-3:nth-child(7) > .nhsuk-grid-row:nth-child(1) > .save-job.nhsuk-u-margin-right-3 > a[data-test=\"search-result-save-job\"]"]},{"any":[{"id":"has-visible-text","data":null,"relatedNodes":[],"impact":"minor","message":"Element has text that is visible to screen readers"}],"all":[],"none":[{"id":"focusable-no-name","data":null,"relatedNodes":[],"impact":"serious","message":"Element is not in tab order or has accessible text"}],"impact":null,"html":"<a href=\"/candidate/jobadvert/L0034-25-2230?keyword=Nurse&amp;location=London&amp;distance=5&amp;language=en\" data-test=\"search-result-job-title\">\n              Registered Nurse \n            </a>","target":["#job-title-8 > a[data-test=\"search-result-job-title\"]"]},{"any":[{"id":"has-visible-text","data":null,"relatedNodes":[],"impact":"minor","message":"Element has text that is visible to screen readers"},{"id":"aria-label","data":null,"relatedNodes":[],"impact":"serious","message":"aria-label attribute exists and is not empty"}],"all":[],"none":[{"id":"focusable-no-name","data":null,"relatedNodes":[],"impact":"serious","message":"Element is not in tab order or has accessible text"}],"impact":null,"html":"<a href=\"/candidate/search/save-job/L0034-25-2230\" data-test=\"search-result-save-job\" aria-label=\"Save this job: Registered Nurse  (Reference number: L0034-25-2230)\">\n              Save this job\n            </a>","target":[".nhsuk-list-panel.search-result.nhsuk-u-padding-3:nth-child(8) > .nhsuk-grid-row:nth-child(1) > .save-job.nhsuk-u-margin-right-3 > a[data-test=\"search-result-save-job\"]"]},{"any":[{"id":"has-visible-text","data":null,"relatedNodes":[],"impact":"minor","message":"Element has text that is visible to screen readers"}],"all":[],"none":[{"id":"focusable-no-name","data":null,"relatedNodes":[],"impact":"serious","message":"Element is not in tab order or has accessible text"}],"impact":null,"html":"<a href=\"/candidate/jobadvert/L0121-25-0827?keyword=Nurse&amp;location=London&amp;distance=5&amp;language=en\" data-test=\"search-result-job-title\">\n              Registered Nurse\n            </a>","target":["#job-title-9 > a[data-test=\"search-result-job-title\"]"]},{"any":[{"id":"has-visible-text","data":null,"relatedNodes":[],"impact":"minor","message":"Element has text that is visible to screen readers"},{"id":"aria-label","data":null,"relatedNodes":[],"impact":"serious","message":"aria-label attribute exists and is not empty"}],"all":[],"none":[{"id":"focusable-no-name","data":null,"relatedNodes":[],"impact":"serious","message":"Element is not in tab order or has accessible text"}],"impact":null,"html":"<a href=\"/candidate/search/save-job/L0121-25-0827\" data-test=\"search-result-save-job\" aria-label=\"Save this job: Registered Nurse (Reference number: L0121-25-0827)\">\n              Save this job\n            </a>","target":[".nhsuk-list-panel.search-result.nhsuk-u-padding-3:nth-child(9) > .nhsuk-grid-row:nth-child(1) > .save-job.nhsuk-u-margin-right-3 > a[data-test=\"search-result-save-job\"]"]},{"any":[{"id":"has-visible-text","data":null,"relatedNodes":[],"impact":"minor","message":"Element has text that is visible to screen readers"}],"all":[],"none":[{"id":"focusable-no-name","data":null,"relatedNodes":[],"impact":"serious","message":"Element is not in tab order or has accessible text"}],"impact":null,"html":"<a href=\"/candidate/jobadvert/A4003-25-0000?keyword=Nurse&amp;location=London&amp;distance=5&amp;language=en\" data-test=\"search-result-job-title\">\n              Practice Nurse\n            </a>","target":["#job-title-10 > a[data-test=\"search-result-job-title\"]"]},{"any":[{"id":"has-visible-text","data":null,"relatedNodes":[],"impact":"minor","message":"Element has text that is visible to screen readers"},{"id":"aria-label","data":null,"relatedNodes":[],"impact":"serious","message":"aria-label attribute exists and is not empty"}],"all":[],"none":[{"id":"focusable-no-name","data":null,"relatedNodes":[],"impact":"serious","message":"Element is not in tab order or has accessible text"}],"impact":null,"html":"<a href=\"/candidate/search/save-job/A4003-25-0000\" data-test=\"search-result-save-job\" aria-label=\"Save this job: Practice Nurse (Reference number: A4003-25-0000)\">\n              Save this job\n            </a>","target":[".nhsuk-list-panel.search-result.nhsuk-u-padding-3:nth-child(10) > .nhsuk-grid-row:nth-child(1) > .save-job.nhsuk-u-margin-right-3 > a[data-test=\"search-result-save-job\"]"]},{"any":[{"id":"has-visible-text","data":null,"relatedNodes":[],"impact":"minor","message":"Element has text that is visible to screen readers"}],"all":[],"none":[{"id":"focusable-no-name","data":null,"relatedNodes":[],"impact":"serious","message":"Element is not in tab order or has accessible text"}],"impact":null,"html":"<a class=\"nhsuk-pagination__link nhsuk-pagination__link--next\" href=\"/candidate/search/results?keyword=Nurse&amp;location=London&amp;language=en&amp;page=2\" data-test=\"search-next-page\">","target":[".nhsuk-pagination__link"]},{"any":[{"id":"has-visible-text","data":null,"relatedNodes":[],"impact":"minor","message":"Element has text that is visible to screen readers"}],"all":[],"none":[{"id":"focusable-no-name","data":null,"relatedNodes":[],"impact":"serious","message":"Element is not in tab order or has accessible text"}],"impact":null,"html":"<a class=\"nhsuk-footer__list-item-link\" target=\"_blank\" id=\"privacy\" href=\"/candidate/privacy-policy\">Privacy policy</a>","target":["#privacy"]},{"any":[{"id":"has-visible-text","data":null,"relatedNodes":[],"impact":"minor","message":"Element has text that is visible to screen readers"}],"all":[],"none":[{"id":"focusable-no-name","data":null,"relatedNodes":[],"impact":"serious","message":"Element is not in tab order or has accessible text"}],"impact":null,"html":"<a class=\"nhsuk-footer__list-item-link\" target=\"_blank\" id=\"acceptableUse\" href=\"/candidate/acceptable-use\">Terms and conditions</a>","target":["#acceptableUse"]},{"any":[{"id":"has-visible-text","data":null,"relatedNodes":[],"impact":"minor","message":"Element has text that is visible to screen readers"}],"all":[],"none":[{"id":"focusable-no-name","data":null,"relatedNodes":[],"impact":"serious","message":"Element is not in tab order or has accessible text"}],"impact":null,"html":"<a class=\"nhsuk-footer__list-item-link\" target=\"_blank\" id=\"accessibility\" href=\"https://www.nhsbsa.nhs.uk/our-policies/accessibility/accessibility-statement-nhs-jobs-applicants\">Accessibility Statement</a>","target":["#accessibility"]},{"any":[{"id":"has-visible-text","data":null,"relatedNodes":[],"impact":"minor","message":"Element has text that is visible to screen readers"}],"all":[],"none":[{"id":"focusable-no-name","data":null,"relatedNodes":[],"impact":"serious","message":"Element is not in tab order or has accessible text"}],"impact":null,"html":"<a class=\"nhsuk-footer__list-item-link\" target=\"_blank\" id=\"cookies\" href=\"/candidate/cookies\">Cookies</a>","target":["#cookies"]},{"any":[{"id":"has-visible-text","data":null,"relatedNodes":[],"impact":"minor","message":"Element has text that is visible to screen readers"}],"all":[],"none":[{"id":"focusable-no-name","data":null,"relatedNodes":[],"impact":"serious","message":"Element is not in tab order or has accessible text"}],"impact":null,"html":"<a class=\"nhsuk-footer__list-item-link\" target=\"_blank\" id=\"helpText\" href=\"https://www.nhsbsa.nhs.uk/new-nhs-jobs-service/help-and-support-applicants\">How to apply for jobs</a>","target":["#helpText"]}]},{"id":"list","impact":null,"tags":["cat.structure","wcag2a","wcag131"],"description":"Ensures that lists are structured correctly","help":"<ul> and <ol> must only directly contain <li>, <script> or <template> elements","helpUrl":"https://dequeuniversity.com/rules/axe/4.7/list?application=axeAPI","nodes":[{"any":[],"all":[],"none":[{"id":"only-listitems","data":null,"relatedNodes":[],"impact":"serious","message":"List element only has direct children that are allowed inside <li> elements"}],"impact":null,"html":"<ul class=\"nhsuk-header__navigation-list-right\">","target":[".nhsuk-header__navigation-list-right:nth-child(1)"]},{"any":[],"all":[],"none":[{"id":"only-listitems","data":null,"relatedNodes":[],"impact":"serious","message":"List element only has direct children that are allowed inside <li> elements"}],"impact":null,"html":"<ul class=\"nhsuk-header__navigation-list-right\">","target":[".nhsuk-header__navigation-list-right:nth-child(2)"]},{"any":[],"all":[],"none":[{"id":"only-listitems","data":null,"relatedNodes":[],"impact":"serious","message":"List element only has direct children that are allowed inside <li> elements"}],"impact":null,"html":"<ul class=\"nhsuk-header__navigation-list\">","target":[".nhsuk-header__navigation-list"]},{"any":[],"all":[],"none":[{"id":"only-listitems","data":null,"relatedNodes":[],"impact":"serious","message":"List element only has direct children that are allowed inside <li> elements"}],"impact":null,"html":"<ul class=\"nhsuk-list search-results\">","target":[".search-results"]},{"any":[],"all":[],"none":[{"id":"only-listitems","data":null,"relatedNodes":[],"impact":"serious","message":"List element only has direct children that are allowed inside <li> elements"}],"impact":null,"html":"<ul class=\"ad-job-info nhsuk-list first-ad-job-info\">","target":[".nhsuk-list-panel.search-result.nhsuk-u-padding-3:nth-child(1) > .nhsuk-grid-row:nth-child(3) > .nhsuk-grid-column-one-half:nth-child(1) > .first-ad-job-info.ad-job-info.nhsuk-list"]},{"any":[],"all":[],"none":[{"id":"only-listitems","data":null,"relatedNodes":[],"impact":"serious","message":"List element only has direct children that are allowed inside <li> elements"}],"impact":null,"html":"<ul class=\"ad-job-info nhsuk-list\">","target":[".nhsuk-list-panel.search-result.nhsuk-u-padding-3:nth-child(1) > .nhsuk-grid-row:nth-child(3) > .nhsuk-grid-column-one-half:nth-child(2) > .ad-job-info.nhsuk-list"]},{"any":[],"all":[],"none":[{"id":"only-listitems","data":null,"relatedNodes":[],"impact":"serious","message":"List element only has direct children that are allowed inside <li> elements"}],"impact":null,"html":"<ul class=\"ad-job-info nhsuk-list first-ad-job-info\">","target":[".nhsuk-list-panel.search-result.nhsuk-u-padding-3:nth-child(2) > .nhsuk-grid-row:nth-child(3) > .nhsuk-grid-column-one-half:nth-child(1) > .first-ad-job-info.ad-job-info.nhsuk-list"]},{"any":[],"all":[],"none":[{"id":"only-listitems","data":null,"relatedNodes":[],"impact":"serious","message":"List element only has direct children that are allowed inside <li> elements"}],"impact":null,"html":"<ul class=\"ad-job-info nhsuk-list\">","target":[".nhsuk-list-panel.search-result.nhsuk-u-padding-3:nth-child(2) > .nhsuk-grid-row:nth-child(3) > .nhsuk-grid-column-one-half:nth-child(2) > .ad-job-info.nhsuk-list"]},{"any":[],"all":[],"none":[{"id":"only-listitems","data":null,"relatedNodes":[],"impact":"serious","message":"List element only has direct children that are allowed inside <li> elements"}],"impact":null,"html":"<ul class=\"ad-job-info nhsuk-list first-ad-job-info\">","target":[".nhsuk-list-panel.search-result.nhsuk-u-padding-3:nth-child(3) > .nhsuk-grid-row:nth-child(3) > .nhsuk-grid-column-one-half:nth-child(1) > .first-ad-job-info.ad-job-info.nhsuk-list"]},{"any":[],"all":[],"none":[{"id":"only-listitems","data":null,"relatedNodes":[],"impact":"serious","message":"List element only has direct children that are allowed inside <li> elements"}],"impact":null,"html":"<ul class=\"ad-job-info nhsuk-list\">","target":[".nhsuk-list-panel.search-result.nhsuk-u-padding-3:nth-child(3) > .nhsuk-grid-row:nth-child(3) > .nhsuk-grid-column-one-half:nth-child(2) > .ad-job-info.nhsuk-list"]},{"any":[],"all":[],"none":[{"id":"only-listitems","data":null,"relatedNodes":[],"impact":"serious","message":"List element only has direct children that are allowed inside <li> elements"}],"impact":null,"html":"<ul class=\"ad-job-info nhsuk-list first-ad-job-info\">","target":[".nhsuk-list-panel.search-result.nhsuk-u-padding-3:nth-child(4) > .nhsuk-grid-row:nth-child(3) > .nhsuk-grid-column-one-half:nth-child(1) > .first-ad-job-info.ad-job-info.nhsuk-list"]},{"any":[],"all":[],"none":[{"id":"only-listitems","data":null,"relatedNodes":[],"impact":"serious","message":"List element only has direct children that are allowed inside <li> elements"}],"impact":null,"html":"<ul class=\"ad-job-info nhsuk-list\">","target":[".nhsuk-list-panel.search-result.nhsuk-u-padding-3:nth-child(4) > .nhsuk-grid-row:nth-child(3) > .nhsuk-grid-column-one-half:nth-child(2) > .ad-job-info.nhsuk-list"]},{"any":[],"all":[],"none":[{"id":"only-listitems","data":null,"relatedNodes":[],"impact":"serious","message":"List element only has direct children that are allowed inside <li> elements"}],"impact":null,"html":"<ul class=\"ad-job-info nhsuk-list first-ad-job-info\">","target":[".nhsuk-list-panel.search-result.nhsuk-u-padding-3:nth-child(5) > .nhsuk-grid-row:nth-child(3) > .nhsuk-grid-column-one-half:nth-child(1) > .first-ad-job-info.ad-job-info.nhsuk-list"]},{"any":[],"all":[],"none":[{"id":"only-listitems","data":null,"relatedNodes":[],"impact":"serious","message":"List element only has direct children that are allowed inside <li> elements"}],"impact":null,"html":"<ul class=\"ad-job-info nhsuk-list\">","target":[".nhsuk-list-panel.search-result.nhsuk-u-padding-3:nth-child(5) > .nhsuk-grid-row:nth-child(3) > .nhsuk-grid-column-one-half:nth-child(2) > .ad-job-info.nhsuk-list"]},{"any":[],"all":[],"none":[{"id":"only-listitems","data":null,"relatedNodes":[],"impact":"serious","message":"List element only has direct children that are allowed inside <li> elements"}],"impact":null,"html":"<ul class=\"ad-job-info nhsuk-list first-ad-job-info\">","target":[".nhsuk-list-panel.search-result.nhsuk-u-padding-3:nth-child(6) > .nhsuk-grid-row:nth-child(3) > .nhsuk-grid-column-one-half:nth-child(1) > .first-ad-job-info.ad-job-info.nhsuk-list"]},{"any":[],"all":[],"none":[{"id":"only-listitems","data":null,"relatedNodes":[],"impact":"serious","message":"List element only has direct children that are allowed inside <li> elements"}],"impact":null,"html":"<ul class=\"ad-job-info nhsuk-list\">","target":[".nhsuk-list-panel.search-result.nhsuk-u-padding-3:nth-child(6) > .nhsuk-grid-row:nth-child(3) > .nhsuk-grid-column-one-half:nth-child(2) > .ad-job-info.nhsuk-list"]},{"any":[],"all":[],"none":[{"id":"only-listitems","data":null,"relatedNodes":[],"impact":"serious","message":"List element only has direct children that are allowed inside <li> elements"}],"impact":null,"html":"<ul class=\"ad-job-info nhsuk-list first-ad-job-info\">","target":[".nhsuk-list-panel.search-result.nhsuk-u-padding-3:nth-child(7) > .nhsuk-grid-row:nth-child(3) > .nhsuk-grid-column-one-half:nth-child(1) > .first-ad-job-info.ad-job-info.nhsuk-list"]},{"any":[],"all":[],"none":[{"id":"only-listitems","data":null,"relatedNodes":[],"impact":"serious","message":"List element only has direct children that are allowed inside <li> elements"}],"impact":null,"html":"<ul class=\"ad-job-info nhsuk-list\">","target":[".nhsuk-list-panel.search-result.nhsuk-u-padding-3:nth-child(7) > .nhsuk-grid-row:nth-child(3) > .nhsuk-grid-column-one-half:nth-child(2) > .ad-job-info.nhsuk-list"]},{"any":[],"all":[],"none":[{"id":"only-listitems","data":null,"relatedNodes":[],"impact":"serious","message":"List element only has direct children that are allowed inside <li> elements"}],"impact":null,"html":"<ul class=\"ad-job-info nhsuk-list first-ad-job-info\">","target":[".nhsuk-list-panel.search-result.nhsuk-u-padding-3:nth-child(8) > .nhsuk-grid-row:nth-child(3) > .nhsuk-grid-column-one-half:nth-child(1) > .first-ad-job-info.ad-job-info.nhsuk-list"]},{"any":[],"all":[],"none":[{"id":"only-listitems","data":null,"relatedNodes":[],"impact":"serious","message":"List element only has direct children that are allowed inside <li> elements"}],"impact":null,"html":"<ul class=\"ad-job-info nhsuk-list\">","target":[".nhsuk-list-panel.search-result.nhsuk-u-padding-3:nth-child(8) > .nhsuk-grid-row:nth-child(3) > .nhsuk-grid-column-one-half:nth-child(2) > .ad-job-info.nhsuk-list"]},{"any":[],"all":[],"none":[{"id":"only-listitems","data":null,"relatedNodes":[],"impact":"serious","message":"List element only has direct children that are allowed inside <li> elements"}],"impact":null,"html":"<ul class=\"ad-job-info nhsuk-list first-ad-job-info\">","target":[".nhsuk-list-panel.search-result.nhsuk-u-padding-3:nth-child(9) > .nhsuk-grid-row:nth-child(3) > .nhsuk-grid-column-one-half:nth-child(1) > .first-ad-job-info.ad-job-info.nhsuk-list"]},{"any":[],"all":[],"none":[{"id":"only-listitems","data":null,"relatedNodes":[],"impact":"serious","message":"List element only has direct children that are allowed inside <li> elements"}],"impact":null,"html":"<ul class=\"ad-job-info nhsuk-list\">","target":[".nhsuk-list-panel.search-result.nhsuk-u-padding-3:nth-child(9) > .nhsuk-grid-row:nth-child(3) > .nhsuk-grid-column-one-half:nth-child(2) > .ad-job-info.nhsuk-list"]},{"any":[],"all":[],"none":[{"id":"only-listitems","data":null,"relatedNodes":[],"impact":"serious","message":"List element only has direct children that are allowed inside <li> elements"}],"impact":null,"html":"<ul class=\"ad-job-info nhsuk-list first-ad-job-info\">","target":[".nhsuk-list-panel.search-result.nhsuk-u-padding-3:nth-child(10) > .nhsuk-grid-row:nth-child(3) > .nhsuk-grid-column-one-half:nth-child(1) > .first-ad-job-info.ad-job-info.nhsuk-list"]},{"any":[],"all":[],"none":[{"id":"only-listitems","data":null,"relatedNodes":[],"impact":"serious","message":"List element only has direct children that are allowed inside <li> elements"}],"impact":null,"html":"<ul class=\"ad-job-info nhsuk-list\">","target":[".nhsuk-list-panel.search-result.nhsuk-u-padding-3:nth-child(10) > .nhsuk-grid-row:nth-child(3) > .nhsuk-grid-column-one-half:nth-child(2) > .ad-job-info.nhsuk-list"]},{"any":[],"all":[],"none":[{"id":"only-listitems","data":null,"relatedNodes":[],"impact":"serious","message":"List element only has direct children that are allowed inside <li> elements"}],"impact":null,"html":"<ul class=\"nhsuk-list nhsuk-pagination__list\">","target":[".nhsuk-pagination__list"]},{"any":[],"all":[],"none":[{"id":"only-listitems","data":null,"relatedNodes":[],"impact":"serious","message":"List element only has direct children that are allowed inside <li> elements"}],"impact":null,"html":"<ul class=\"nhsuk-footer__list adjust-width\">","target":[".nhsuk-footer__list"]}]},{"id":"listitem","impact":null,"tags":["cat.structure","wcag2a","wcag131"],"description":"Ensures <li> elements are used semantically","help":"<li> elements must be contained in a <ul> or <ol>","helpUrl":"https://dequeuniversity.com/rules/axe/4.7/listitem?application=axeAPI","nodes":[{"any":[{"id":"listitem","data":null,"relatedNodes":[],"impact":"serious","message":"List item has a <ul>, <ol> or role=\"list\" parent element"}],"all":[],"none":[],"impact":null,"html":"<li class=\"gem-c-translation-nav__list-item\">\n      <a class=\"sign-in-link\" id=\"candidate_sign_in\" href=\"/candidate/auth/login\">\n        Sign in\n      </a>\n    </li>","target":[".nhsuk-header__navigation-list-right:nth-child(1) > .gem-c-translation-nav__list-item"]},{"any":[{"id":"listitem","data":null,"relatedNodes":[],"impact":"serious","message":"List item has a <ul>, <ol> or role=\"list\" parent element"}],"all":[],"none":[],"impact":null,"html":"<li class=\"gem-c-translation-nav__list-item-none-border\">\n      <a href=\"/candidate/auth/register/first-last-name\" class=\"sign-in-link\" data-test=\"header-create-account\">Create an account</a>\n    </li>","target":[".nhsuk-header__navigation-list-right:nth-child(1) > .gem-c-translation-nav__list-item-none-border"]},{"any":[{"id":"listitem","data":null,"relatedNodes":[],"impact":"serious","message":"List item has a <ul>, <ol> or role=\"list\" parent element"}],"all":[],"none":[],"impact":null,"html":"<li class=\"gem-c-translation-nav__list-item\">\n      <a lang=\"en\" href=\"/candidate/search/locale/en\" class=\"language-toggle-selected\" data-test=\"english-language-link\">English</a>\n    </li>","target":[".nhsuk-header__navigation-list-right:nth-child(2) > .gem-c-translation-nav__list-item"]},{"any":[{"id":"listitem","data":null,"relatedNodes":[],"impact":"serious","message":"List item has a <ul>, <ol> or role=\"list\" parent element"}],"all":[],"none":[],"impact":null,"html":"<li class=\"gem-c-translation-nav__list-item-none-border\">\n      <a lang=\"cy\" href=\"/candidate/search/locale/cy\" class=\"language-toggle\" data-test=\"welsh-language-link\">Cymraeg</a>\n    </li>","target":[".nhsuk-header__navigation-list-right:nth-child(2) > .gem-c-translation-nav__list-item-none-border"]},{"any":[{"id":"listitem","data":null,"relatedNodes":[],"impact":"serious","message":"List item has a <ul>, <ol> or role=\"list\" parent element"}],"all":[],"none":[],"impact":null,"html":"<li class=\"nhsuk-header__navigation-item\">","target":[".nhsuk-header__navigation-item:nth-child(2)"]},{"any":[{"id":"listitem","data":null,"relatedNodes":[],"impact":"serious","message":"List item has a <ul>, <ol> or role=\"list\" parent element"}],"all":[],"none":[],"impact":null,"html":"<li class=\"nhsuk-list-panel search-result nhsuk-u-padding-3\" data-test=\"search-result\">","target":[".nhsuk-list-panel.search-result.nhsuk-u-padding-3:nth-child(1)"]},{"any":[{"id":"listitem","data":null,"relatedNodes":[],"impact":"serious","message":"List item has a <ul>, <ol> or role=\"list\" parent element"}],"all":[],"none":[],"impact":null,"html":"<li data-test=\"search-result-salary\" class=\"marginBt\">\n                Salary: \n                <strong class=\"nhsuk-u-font-weight-bold\">\n                  £30,039 to £31,088\n                  \n                    a year\n                  \n                </strong>\n              </li>","target":[".nhsuk-list-panel.search-result.nhsuk-u-padding-3:nth-child(1) > .nhsuk-grid-row:nth-child(3) > .nhsuk-grid-column-one-half:nth-child(1) > .first-ad-job-info.ad-job-info.nhsuk-list > .marginBt[data-test=\"search-result-salary\"]"]},{"any":[{"id":"listitem","data":null,"relatedNodes":[],"impact":"serious","message":"List item has a <ul>, <ol> or role=\"list\" parent element"}],"all":[],"none":[],"impact":null,"html":"<li data-test=\"search-result-publicationDate\">\n                Date posted: \n                <strong class=\"nhsuk-u-font-weight-bold\">\n                  17 June 2025\n                </strong>\n              </li>","target":[".nhsuk-list-panel.search-result.nhsuk-u-padding-3:nth-child(1) > .nhsuk-grid-row:nth-child(3) > .nhsuk-grid-column-one-half:nth-child(1) > .first-ad-job-info.ad-job-info.nhsuk-list > li[data-test=\"search-result-publicationDate\"]"]},{"any":[{"id":"listitem","data":null,"relatedNodes":[],"impact":"serious","message":"List item has a <ul>, <ol> or role=\"list\" parent element"}],"all":[],"none":[],"impact":null,"html":"<li data-test=\"search-result-closingDate\">\n                Closing date: \n                <strong class=\"nhsuk-u-font-weight-bold\">\n                  24 June 2025\n                </strong>\n              </li>","target":[".nhsuk-list-panel.search-result.nhsuk-u-padding-3:nth-child(1) > .nhsuk-grid-row:nth-child(3) > .nhsuk-grid-column-one-half:nth-child(1) > .first-ad-job-info.ad-job-info.nhsuk-list > li[data-test=\"search-result-closingDate\"]"]},{"any":[{"id":"listitem","data":null,"relatedNodes":[],"impact":"serious","message":"List item has a <ul>, <ol> or role=\"list\" parent element"}],"all":[],"none":[],"impact":null,"html":"<li data-test=\"search-result-jobType\" class=\"marginBt\">\n              Contract type: \n              <strong class=\"nhsuk-u-font-weight-bold\">\n                Permanent\n              </strong>\n            </li>","target":[".nhsuk-list-panel.search-result.nhsuk-u-padding-3:nth-child(1) > .nhsuk-grid-row:nth-child(3) > .nhsuk-grid-column-one-half:nth-child(2) > .ad-job-info.nhsuk-list > .marginBt[data-test=\"search-result-jobType\"]"]},{"any":[{"id":"listitem","data":null,"relatedNodes":[],"impact":"serious","message":"List item has a <ul>, <ol> or role=\"list\" parent element"}],"all":[],"none":[],"impact":null,"html":"<li data-test=\"search-result-workingPattern\" class=\"marginBt\">\n              Working pattern: \n              <strong class=\"nhsuk-u-font-weight-bold\">\n                Full time\n              </strong>\n            </li>","target":[".nhsuk-list-panel.search-result.nhsuk-u-padding-3:nth-child(1) > .nhsuk-grid-row:nth-child(3) > .nhsuk-grid-column-one-half:nth-child(2) > .ad-job-info.nhsuk-list > .marginBt[data-test=\"search-result-workingPattern\"]"]},{"any":[{"id":"listitem","data":null,"relatedNodes":[],"impact":"serious","message":"List item has a <ul>, <ol> or role=\"list\" parent element"}],"all":[],"none":[],"impact":null,"html":"<li class=\"nhsuk-list-panel search-result nhsuk-u-padding-3\" data-test=\"search-result\">","target":[".nhsuk-list-panel.search-result.nhsuk-u-padding-3:nth-child(2)"]},{"any":[{"id":"listitem","data":null,"relatedNodes":[],"impact":"serious","message":"List item has a <ul>, <ol> or role=\"list\" parent element"}],"all":[],"none":[],"impact":null,"html":"<li data-test=\"search-result-salary\" class=\"marginBt\">\n                Salary: \n                <strong class=\"nhsuk-u-font-weight-bold\">\n                  Depends on experience\n                </strong>\n              </li>","target":[".nhsuk-list-panel.search-result.nhsuk-u-padding-3:nth-child(2) > .nhsuk-grid-row:nth-child(3) > .nhsuk-grid-column-one-half:nth-child(1) > .first-ad-job-info.ad-job-info.nhsuk-list > .marginBt[data-test=\"search-result-salary\"]"]},{"any":[{"id":"listitem","data":null,"relatedNodes":[],"impact":"serious","message":"List item has a <ul>, <ol> or role=\"list\" parent element"}],"all":[],"none":[],"impact":null,"html":"<li data-test=\"search-result-publicationDate\">\n                Date posted: \n                <strong class=\"nhsuk-u-font-weight-bold\">\n                  16 June 2025\n                </strong>\n              </li>","target":[".nhsuk-list-panel.search-result.nhsuk-u-padding-3:nth-child(2) > .nhsuk-grid-row:nth-child(3) > .nhsuk-grid-column-one-half:nth-child(1) > .first-ad-job-info.ad-job-info.nhsuk-list > li[data-test=\"search-result-publicationDate\"]"]},{"any":[{"id":"listitem","data":null,"relatedNodes":[],"impact":"serious","message":"List item has a <ul>, <ol> or role=\"list\" parent element"}],"all":[],"none":[],"impact":null,"html":"<li data-test=\"search-result-closingDate\">\n                Closing date: \n                <strong class=\"nhsuk-u-font-weight-bold\">\n                  31 July 2025\n                </strong>\n              </li>","target":[".nhsuk-list-panel.search-result.nhsuk-u-padding-3:nth-child(2) > .nhsuk-grid-row:nth-child(3) > .nhsuk-grid-column-one-half:nth-child(1) > .first-ad-job-info.ad-job-info.nhsuk-list > li[data-test=\"search-result-closingDate\"]"]},{"any":[{"id":"listitem","data":null,"relatedNodes":[],"impact":"serious","message":"List item has a <ul>, <ol> or role=\"list\" parent element"}],"all":[],"none":[],"impact":null,"html":"<li data-test=\"search-result-jobType\" class=\"marginBt\">\n              Contract type: \n              <strong class=\"nhsuk-u-font-weight-bold\">\n                Permanent\n              </strong>\n            </li>","target":[".nhsuk-list-panel.search-result.nhsuk-u-padding-3:nth-child(2) > .nhsuk-grid-row:nth-child(3) > .nhsuk-grid-column-one-half:nth-child(2) > .ad-job-info.nhsuk-list > .marginBt[data-test=\"search-result-jobType\"]"]},{"any":[{"id":"listitem","data":null,"relatedNodes":[],"impact":"serious","message":"List item has a <ul>, <ol> or role=\"list\" parent element"}],"all":[],"none":[],"impact":null,"html":"<li data-test=\"search-result-workingPattern\" class=\"marginBt\">\n              Working pattern: \n              <strong class=\"nhsuk-u-font-weight-bold\">\n                Flexible working, Full time\n              </strong>\n            </li>","target":[".nhsuk-list-panel.search-result.nhsuk-u-padding-3:nth-child(2) > .nhsuk-grid-row:nth-child(3) > .nhsuk-grid-column-one-half:nth-child(2) > .ad-job-info.nhsuk-list > .marginBt[data-test=\"search-result-workingPattern\"]"]},{"any":[{"id":"listitem","data":null,"relatedNodes":[],"impact":"serious","message":"List item has a <ul>, <ol> or role=\"list\" parent element"}],"all":[],"none":[],"impact":null,"html":"<li class=\"nhsuk-list-panel search-result nhsuk-u-padding-3\" data-test=\"search-result\">","target":[".nhsuk-list-panel.search-result.nhsuk-u-padding-3:nth-child(3)"]},{"any":[{"id":"listitem","data":null,"relatedNodes":[],"impact":"serious","message":"List item has a <ul>, <ol> or role=\"list\" parent element"}],"all":[],"none":[],"impact":null,"html":"<li data-test=\"search-result-salary\" class=\"marginBt\">\n                Salary: \n                <strong class=\"nhsuk-u-font-weight-bold\">\n                  £18 to £24\n                  \n                    an hour\n                  \n                </strong>\n              </li>","target":[".nhsuk-list-panel.search-result.nhsuk-u-padding-3:nth-child(3) > .nhsuk-grid-row:nth-child(3) > .nhsuk-grid-column-one-half:nth-child(1) > .first-ad-job-info.ad-job-info.nhsuk-list > .marginBt[data-test=\"search-result-salary\"]"]},{"any":[{"id":"listitem","data":null,"relatedNodes":[],"impact":"serious","message":"List item has a <ul>, <ol> or role=\"list\" parent element"}],"all":[],"none":[],"impact":null,"html":"<li data-test=\"search-result-publicationDate\">\n                Date posted: \n                <strong class=\"nhsuk-u-font-weight-bold\">\n                  29 May 2025\n                </strong>\n              </li>","target":[".nhsuk-list-panel.search-result.nhsuk-u-padding-3:nth-child(3) > .nhsuk-grid-row:nth-child(3) > .nhsuk-grid-column-one-half:nth-child(1) > .first-ad-job-info.ad-job-info.nhsuk-list > li[data-test=\"search-result-publicationDate\"]"]},{"any":[{"id":"listitem","data":null,"relatedNodes":[],"impact":"serious","message":"List item has a <ul>, <ol> or role=\"list\" parent element"}],"all":[],"none":[],"impact":null,"html":"<li data-test=\"search-result-closingDate\">\n                Closing date: \n                <strong class=\"nhsuk-u-font-weight-bold\">\n                  30 November 2025\n                </strong>\n              </li>","target":[".nhsuk-list-panel.search-result.nhsuk-u-padding-3:nth-child(3) > .nhsuk-grid-row:nth-child(3) > .nhsuk-grid-column-one-half:nth-child(1) > .first-ad-job-info.ad-job-info.nhsuk-list > li[data-test=\"search-result-closingDate\"]"]},{"any":[{"id":"listitem","data":null,"relatedNodes":[],"impact":"serious","message":"List item has a <ul>, <ol> or role=\"list\" parent element"}],"all":[],"none":[],"impact":null,"html":"<li data-test=\"search-result-jobType\" class=\"marginBt\">\n              Contract type: \n              <strong class=\"nhsuk-u-font-weight-bold\">\n                Permanent\n              </strong>\n            </li>","target":[".nhsuk-list-panel.search-result.nhsuk-u-padding-3:nth-child(3) > .nhsuk-grid-row:nth-child(3) > .nhsuk-grid-column-one-half:nth-child(2) > .ad-job-info.nhsuk-list > .marginBt[data-test=\"search-result-jobType\"]"]},{"any":[{"id":"listitem","data":null,"relatedNodes":[],"impact":"serious","message":"List item has a <ul>, <ol> or role=\"list\" parent element"}],"all":[],"none":[],"impact":null,"html":"<li data-test=\"search-result-workingPattern\" class=\"marginBt\">\n              Working pattern: \n              <strong class=\"nhsuk-u-font-weight-bold\">\n                Compressed hours, Flexible working, Full time, Job-share, Part time\n              </strong>\n            </li>","target":[".nhsuk-list-panel.search-result.nhsuk-u-padding-3:nth-child(3) > .nhsuk-grid-row:nth-child(3) > .nhsuk-grid-column-one-half:nth-child(2) > .ad-job-info.nhsuk-list > .marginBt[data-test=\"search-result-workingPattern\"]"]},{"any":[{"id":"listitem","data":null,"relatedNodes":[],"impact":"serious","message":"List item has a <ul>, <ol> or role=\"list\" parent element"}],"all":[],"none":[],"impact":null,"html":"<li class=\"nhsuk-list-panel search-result nhsuk-u-padding-3\" data-test=\"search-result\">","target":[".nhsuk-list-panel.search-result.nhsuk-u-padding-3:nth-child(4)"]},{"any":[{"id":"listitem","data":null,"relatedNodes":[],"impact":"serious","message":"List item has a <ul>, <ol> or role=\"list\" parent element"}],"all":[],"none":[],"impact":null,"html":"<li data-test=\"search-result-salary\" class=\"marginBt\">\n                Salary: \n                <strong class=\"nhsuk-u-font-weight-bold\">\n                  £18 to £24\n                  \n                    an hour\n                  \n                </strong>\n              </li>","target":[".nhsuk-list-panel.search-result.nhsuk-u-padding-3:nth-child(4) > .nhsuk-grid-row:nth-child(3) > .nhsuk-grid-column-one-half:nth-child(1) > .first-ad-job-info.ad-job-info.nhsuk-list > .marginBt[data-test=\"search-result-salary\"]"]},{"any":[{"id":"listitem","data":null,"relatedNodes":[],"impact":"serious","message":"List item has a <ul>, <ol> or role=\"list\" parent element"}],"all":[],"none":[],"impact":null,"html":"<li data-test=\"search-result-publicationDate\">\n                Date posted: \n                <strong class=\"nhsuk-u-font-weight-bold\">\n                  29 May 2025\n                </strong>\n              </li>","target":[".nhsuk-list-panel.search-result.nhsuk-u-padding-3:nth-child(4) > .nhsuk-grid-row:nth-child(3) > .nhsuk-grid-column-one-half:nth-child(1) > .first-ad-job-info.ad-job-info.nhsuk-list > li[data-test=\"search-result-publicationDate\"]"]},{"any":[{"id":"listitem","data":null,"relatedNodes":[],"impact":"serious","message":"List item has a <ul>, <ol> or role=\"list\" parent element"}],"all":[],"none":[],"impact":null,"html":"<li data-test=\"search-result-closingDate\">\n                Closing date: \n                <strong class=\"nhsuk-u-font-weight-bold\">\n                  30 November 2025\n                </strong>\n              </li>","target":[".nhsuk-list-panel.search-result.nhsuk-u-padding-3:nth-child(4) > .nhsuk-grid-row:nth-child(3) > .nhsuk-grid-column-one-half:nth-child(1) > .first-ad-job-info.ad-job-info.nhsuk-list > li[data-test=\"search-result-closingDate\"]"]},{"any":[{"id":"listitem","data":null,"relatedNodes":[],"impact":"serious","message":"List item has a <ul>, <ol> or role=\"list\" parent element"}],"all":[],"none":[],"impact":null,"html":"<li data-test=\"search-result-jobType\" class=\"marginBt\">\n              Contract type: \n              <strong class=\"nhsuk-u-font-weight-bold\">\n                Permanent\n              </strong>\n            </li>","target":[".nhsuk-list-panel.search-result.nhsuk-u-padding-3:nth-child(4) > .nhsuk-grid-row:nth-child(3) > .nhsuk-grid-column-one-half:nth-child(2) > .ad-job-info.nhsuk-list > .marginBt[data-test=\"search-result-jobType\"]"]},{"any":[{"id":"listitem","data":null,"relatedNodes":[],"impact":"serious","message":"List item has a <ul>, <ol> or role=\"list\" parent element"}],"all":[],"none":[],"impact":null,"html":"<li data-test=\"search-result-workingPattern\" class=\"marginBt\">\n              Working pattern: \n              <strong class=\"nhsuk-u-font-weight-bold\">\n                Compressed hours, Flexible working, Full time, Job-share, Part time\n              </strong>\n            </li>","target":[".nhsuk-list-panel.search-result.nhsuk-u-padding-3:nth-child(4) > .nhsuk-grid-row:nth-child(3) > .nhsuk-grid-column-one-half:nth-child(2) > .ad-job-info.nhsuk-list > .marginBt[data-test=\"search-result-workingPattern\"]"]},{"any":[{"id":"listitem","data":null,"relatedNodes":[],"impact":"serious","message":"List item has a <ul>, <ol> or role=\"list\" parent element"}],"all":[],"none":[],"impact":null,"html":"<li class=\"nhsuk-list-panel search-result nhsuk-u-padding-3\" data-test=\"search-result\">","target":[".nhsuk-list-panel.search-result.nhsuk-u-padding-3:nth-child(5)"]},{"any":[{"id":"listitem","data":null,"relatedNodes":[],"impact":"serious","message":"List item has a <ul>, <ol> or role=\"list\" parent element"}],"all":[],"none":[],"impact":null,"html":"<li data-test=\"search-result-salary\" class=\"marginBt\">\n                Salary: \n                <strong class=\"nhsuk-u-font-weight-bold\">\n                  £54,320 to £60,981\n                  \n                    a year\n                  \n                </strong>\n              </li>","target":[".nhsuk-list-panel.search-result.nhsuk-u-padding-3:nth-child(5) > .nhsuk-grid-row:nth-child(3) > .nhsuk-grid-column-one-half:nth-child(1) > .first-ad-job-info.ad-job-info.nhsuk-list > .marginBt[data-test=\"search-result-salary\"]"]},{"any":[{"id":"listitem","data":null,"relatedNodes":[],"impact":"serious","message":"List item has a <ul>, <ol> or role=\"list\" parent element"}],"all":[],"none":[],"impact":null,"html":"<li data-test=\"search-result-publicationDate\">\n                Date posted: \n                <strong class=\"nhsuk-u-font-weight-bold\">\n                  16 June 2025\n                </strong>\n              </li>","target":[".nhsuk-list-panel.search-result.nhsuk-u-padding-3:nth-child(5) > .nhsuk-grid-row:nth-child(3) > .nhsuk-grid-column-one-half:nth-child(1) > .first-ad-job-info.ad-job-info.nhsuk-list > li[data-test=\"search-result-publicationDate\"]"]},{"any":[{"id":"listitem","data":null,"relatedNodes":[],"impact":"serious","message":"List item has a <ul>, <ol> or role=\"list\" parent element"}],"all":[],"none":[],"impact":null,"html":"<li data-test=\"search-result-closingDate\">\n                Closing date: \n                <strong class=\"nhsuk-u-font-weight-bold\">\n                  30 June 2025\n                </strong>\n              </li>","target":[".nhsuk-list-panel.search-result.nhsuk-u-padding-3:nth-child(5) > .nhsuk-grid-row:nth-child(3) > .nhsuk-grid-column-one-half:nth-child(1) > .first-ad-job-info.ad-job-info.nhsuk-list > li[data-test=\"search-result-closingDate\"]"]},{"any":[{"id":"listitem","data":null,"relatedNodes":[],"impact":"serious","message":"List item has a <ul>, <ol> or role=\"list\" parent element"}],"all":[],"none":[],"impact":null,"html":"<li data-test=\"search-result-jobType\" class=\"marginBt\">\n              Contract type: \n              <strong class=\"nhsuk-u-font-weight-bold\">\n                Permanent\n              </strong>\n            </li>","target":[".nhsuk-list-panel.search-result.nhsuk-u-padding-3:nth-child(5) > .nhsuk-grid-row:nth-child(3) > .nhsuk-grid-column-one-half:nth-child(2) > .ad-job-info.nhsuk-list > .marginBt[data-test=\"search-result-jobType\"]"]},{"any":[{"id":"listitem","data":null,"relatedNodes":[],"impact":"serious","message":"List item has a <ul>, <ol> or role=\"list\" parent element"}],"all":[],"none":[],"impact":null,"html":"<li data-test=\"search-result-workingPattern\" class=\"marginBt\">\n              Working pattern: \n              <strong class=\"nhsuk-u-font-weight-bold\">\n                Full time\n              </strong>\n            </li>","target":[".nhsuk-list-panel.search-result.nhsuk-u-padding-3:nth-child(5) > .nhsuk-grid-row:nth-child(3) > .nhsuk-grid-column-one-half:nth-child(2) > .ad-job-info.nhsuk-list > .marginBt[data-test=\"search-result-workingPattern\"]"]},{"any":[{"id":"listitem","data":null,"relatedNodes":[],"impact":"serious","message":"List item has a <ul>, <ol> or role=\"list\" parent element"}],"all":[],"none":[],"impact":null,"html":"<li class=\"nhsuk-list-panel search-result nhsuk-u-padding-3\" data-test=\"search-result\">","target":[".nhsuk-list-panel.search-result.nhsuk-u-padding-3:nth-child(6)"]},{"any":[{"id":"listitem","data":null,"relatedNodes":[],"impact":"serious","message":"List item has a <ul>, <ol> or role=\"list\" parent element"}],"all":[],"none":[],"impact":null,"html":"<li data-test=\"search-result-salary\" class=\"marginBt\">\n                Salary: \n                <strong class=\"nhsuk-u-font-weight-bold\">\n                  £19.50 to £20.50\n                  \n                    an hour\n                  \n                </strong>\n              </li>","target":[".nhsuk-list-panel.search-result.nhsuk-u-padding-3:nth-child(6) > .nhsuk-grid-row:nth-child(3) > .nhsuk-grid-column-one-half:nth-child(1) > .first-ad-job-info.ad-job-info.nhsuk-list > .marginBt[data-test=\"search-result-salary\"]"]},{"any":[{"id":"listitem","data":null,"relatedNodes":[],"impact":"serious","message":"List item has a <ul>, <ol> or role=\"list\" parent element"}],"all":[],"none":[],"impact":null,"html":"<li data-test=\"search-result-publicationDate\">\n                Date posted: \n                <strong class=\"nhsuk-u-font-weight-bold\">\n                  13 June 2025\n                </strong>\n              </li>","target":[".nhsuk-list-panel.search-result.nhsuk-u-padding-3:nth-child(6) > .nhsuk-grid-row:nth-child(3) > .nhsuk-grid-column-one-half:nth-child(1) > .first-ad-job-info.ad-job-info.nhsuk-list > li[data-test=\"search-result-publicationDate\"]"]},{"any":[{"id":"listitem","data":null,"relatedNodes":[],"impact":"serious","message":"List item has a <ul>, <ol> or role=\"list\" parent element"}],"all":[],"none":[],"impact":null,"html":"<li data-test=\"search-result-closingDate\">\n                Closing date: \n                <strong class=\"nhsuk-u-font-weight-bold\">\n                  31 July 2025\n                </strong>\n              </li>","target":[".nhsuk-list-panel.search-result.nhsuk-u-padding-3:nth-child(6) > .nhsuk-grid-row:nth-child(3) > .nhsuk-grid-column-one-half:nth-child(1) > .first-ad-job-info.ad-job-info.nhsuk-list > li[data-test=\"search-result-closingDate\"]"]},{"any":[{"id":"listitem","data":null,"relatedNodes":[],"impact":"serious","message":"List item has a <ul>, <ol> or role=\"list\" parent element"}],"all":[],"none":[],"impact":null,"html":"<li data-test=\"search-result-jobType\" class=\"marginBt\">\n              Contract type: \n              <strong class=\"nhsuk-u-font-weight-bold\">\n                Permanent\n              </strong>\n            </li>","target":[".nhsuk-list-panel.search-result.nhsuk-u-padding-3:nth-child(6) > .nhsuk-grid-row:nth-child(3) > .nhsuk-grid-column-one-half:nth-child(2) > .ad-job-info.nhsuk-list > .marginBt[data-test=\"search-result-jobType\"]"]},{"any":[{"id":"listitem","data":null,"relatedNodes":[],"impact":"serious","message":"List item has a <ul>, <ol> or role=\"list\" parent element"}],"all":[],"none":[],"impact":null,"html":"<li data-test=\"search-result-workingPattern\" class=\"marginBt\">\n              Working pattern: \n              <strong class=\"nhsuk-u-font-weight-bold\">\n                Full time\n              </strong>\n            </li>","target":[".nhsuk-list-panel.search-result.nhsuk-u-padding-3:nth-child(6) > .nhsuk-grid-row:nth-child(3) > .nhsuk-grid-column-one-half:nth-child(2) > .ad-job-info.nhsuk-list > .marginBt[data-test=\"search-result-workingPattern\"]"]},{"any":[{"id":"listitem","data":null,"relatedNodes":[],"impact":"serious","message":"List item has a <ul>, <ol> or role=\"list\" parent element"}],"all":[],"none":[],"impact":null,"html":"<li class=\"nhsuk-list-panel search-result nhsuk-u-padding-3\" data-test=\"search-result\">","target":[".nhsuk-list-panel.search-result.nhsuk-u-padding-3:nth-child(7)"]},{"any":[{"id":"listitem","data":null,"relatedNodes":[],"impact":"serious","message":"List item has a <ul>, <ol> or role=\"list\" parent element"}],"all":[],"none":[],"impact":null,"html":"<li data-test=\"search-result-salary\" class=\"marginBt\">\n                Salary: \n                <strong class=\"nhsuk-u-font-weight-bold\">\n                  Depends on experience\n                </strong>\n              </li>","target":[".nhsuk-list-panel.search-result.nhsuk-u-padding-3:nth-child(7) > .nhsuk-grid-row:nth-child(3) > .nhsuk-grid-column-one-half:nth-child(1) > .first-ad-job-info.ad-job-info.nhsuk-list > .marginBt[data-test=\"search-result-salary\"]"]},{"any":[{"id":"listitem","data":null,"relatedNodes":[],"impact":"serious","message":"List item has a <ul>, <ol> or role=\"list\" parent element"}],"all":[],"none":[],"impact":null,"html":"<li data-test=\"search-result-publicationDate\">\n                Date posted: \n                <strong class=\"nhsuk-u-font-weight-bold\">\n                  13 May 2025\n                </strong>\n              </li>","target":[".nhsuk-list-panel.search-result.nhsuk-u-padding-3:nth-child(7) > .nhsuk-grid-row:nth-child(3) > .nhsuk-grid-column-one-half:nth-child(1) > .first-ad-job-info.ad-job-info.nhsuk-list > li[data-test=\"search-result-publicationDate\"]"]},{"any":[{"id":"listitem","data":null,"relatedNodes":[],"impact":"serious","message":"List item has a <ul>, <ol> or role=\"list\" parent element"}],"all":[],"none":[],"impact":null,"html":"<li data-test=\"search-result-closingDate\">\n                Closing date: \n                <strong class=\"nhsuk-u-font-weight-bold\">\n                  30 June 2025\n                </strong>\n              </li>","target":[".nhsuk-list-panel.search-result.nhsuk-u-padding-3:nth-child(7) > .nhsuk-grid-row:nth-child(3) > .nhsuk-grid-column-one-half:nth-child(1) > .first-ad-job-info.ad-job-info.nhsuk-list > li[data-test=\"search-result-closingDate\"]"]},{"any":[{"id":"listitem","data":null,"relatedNodes":[],"impact":"serious","message":"List item has a <ul>, <ol> or role=\"list\" parent element"}],"all":[],"none":[],"impact":null,"html":"<li data-test=\"search-result-jobType\" class=\"marginBt\">\n              Contract type: \n              <strong class=\"nhsuk-u-font-weight-bold\">\n                Fixed-Term\n              </strong>\n            </li>","target":[".nhsuk-list-panel.search-result.nhsuk-u-padding-3:nth-child(7) > .nhsuk-grid-row:nth-child(3) > .nhsuk-grid-column-one-half:nth-child(2) > .ad-job-info.nhsuk-list > .marginBt[data-test=\"search-result-jobType\"]"]},{"any":[{"id":"listitem","data":null,"relatedNodes":[],"impact":"serious","message":"List item has a <ul>, <ol> or role=\"list\" parent element"}],"all":[],"none":[],"impact":null,"html":"<li data-test=\"search-result-workingPattern\" class=\"marginBt\">\n              Working pattern: \n              <strong class=\"nhsuk-u-font-weight-bold\">\n                Part time\n              </strong>\n            </li>","target":[".nhsuk-list-panel.search-result.nhsuk-u-padding-3:nth-child(7) > .nhsuk-grid-row:nth-child(3) > .nhsuk-grid-column-one-half:nth-child(2) > .ad-job-info.nhsuk-list > .marginBt[data-test=\"search-result-workingPattern\"]"]},{"any":[{"id":"listitem","data":null,"relatedNodes":[],"impact":"serious","message":"List item has a <ul>, <ol> or role=\"list\" parent element"}],"all":[],"none":[],"impact":null,"html":"<li class=\"nhsuk-list-panel search-result nhsuk-u-padding-3\" data-test=\"search-result\">","target":[".nhsuk-list-panel.search-result.nhsuk-u-padding-3:nth-child(8)"]},{"any":[{"id":"listitem","data":null,"relatedNodes":[],"impact":"serious","message":"List item has a <ul>, <ol> or role=\"list\" parent element"}],"all":[],"none":[],"impact":null,"html":"<li data-test=\"search-result-salary\" class=\"marginBt\">\n                Salary: \n                <strong class=\"nhsuk-u-font-weight-bold\">\n                  £21 to £22\n                  \n                    an hour\n                  \n                </strong>\n              </li>","target":[".nhsuk-list-panel.search-result.nhsuk-u-padding-3:nth-child(8) > .nhsuk-grid-row:nth-child(3) > .nhsuk-grid-column-one-half:nth-child(1) > .first-ad-job-info.ad-job-info.nhsuk-list > .marginBt[data-test=\"search-result-salary\"]"]},{"any":[{"id":"listitem","data":null,"relatedNodes":[],"impact":"serious","message":"List item has a <ul>, <ol> or role=\"list\" parent element"}],"all":[],"none":[],"impact":null,"html":"<li data-test=\"search-result-publicationDate\">\n                Date posted: \n                <strong class=\"nhsuk-u-font-weight-bold\">\n                  18 June 2025\n                </strong>\n              </li>","target":[".nhsuk-list-panel.search-result.nhsuk-u-padding-3:nth-child(8) > .nhsuk-grid-row:nth-child(3) > .nhsuk-grid-column-one-half:nth-child(1) > .first-ad-job-info.ad-job-info.nhsuk-list > li[data-test=\"search-result-publicationDate\"]"]},{"any":[{"id":"listitem","data":null,"relatedNodes":[],"impact":"serious","message":"List item has a <ul>, <ol> or role=\"list\" parent element"}],"all":[],"none":[],"impact":null,"html":"<li data-test=\"search-result-closingDate\">\n                Closing date: \n                <strong class=\"nhsuk-u-font-weight-bold\">\n                  17 August 2025\n                </strong>\n              </li>","target":[".nhsuk-list-panel.search-result.nhsuk-u-padding-3:nth-child(8) > .nhsuk-grid-row:nth-child(3) > .nhsuk-grid-column-one-half:nth-child(1) > .first-ad-job-info.ad-job-info.nhsuk-list > li[data-test=\"search-result-closingDate\"]"]},{"any":[{"id":"listitem","data":null,"relatedNodes":[],"impact":"serious","message":"List item has a <ul>, <ol> or role=\"list\" parent element"}],"all":[],"none":[],"impact":null,"html":"<li data-test=\"search-result-jobType\" class=\"marginBt\">\n              Contract type: \n              <strong class=\"nhsuk-u-font-weight-bold\">\n                Permanent\n              </strong>\n            </li>","target":[".nhsuk-list-panel.search-result.nhsuk-u-padding-3:nth-child(8) > .nhsuk-grid-row:nth-child(3) > .nhsuk-grid-column-one-half:nth-child(2) > .ad-job-info.nhsuk-list > .marginBt[data-test=\"search-result-jobType\"]"]},{"any":[{"id":"listitem","data":null,"relatedNodes":[],"impact":"serious","message":"List item has a <ul>, <ol> or role=\"list\" parent element"}],"all":[],"none":[],"impact":null,"html":"<li data-test=\"search-result-workingPattern\" class=\"marginBt\">\n              Working pattern: \n              <strong class=\"nhsuk-u-font-weight-bold\">\n                Part time\n              </strong>\n            </li>","target":[".nhsuk-list-panel.search-result.nhsuk-u-padding-3:nth-child(8) > .nhsuk-grid-row:nth-child(3) > .nhsuk-grid-column-one-half:nth-child(2) > .ad-job-info.nhsuk-list > .marginBt[data-test=\"search-result-workingPattern\"]"]},{"any":[{"id":"listitem","data":null,"relatedNodes":[],"impact":"serious","message":"List item has a <ul>, <ol> or role=\"list\" parent element"}],"all":[],"none":[],"impact":null,"html":"<li class=\"nhsuk-list-panel search-result nhsuk-u-padding-3\" data-test=\"search-result\">","target":[".nhsuk-list-panel.search-result.nhsuk-u-padding-3:nth-child(9)"]},{"any":[{"id":"listitem","data":null,"relatedNodes":[],"impact":"serious","message":"List item has a <ul>, <ol> or role=\"list\" parent element"}],"all":[],"none":[],"impact":null,"html":"<li data-test=\"search-result-salary\" class=\"marginBt\">\n                Salary: \n                <strong class=\"nhsuk-u-font-weight-bold\">\n                  £21.15\n                  \n                    an hour\n                  \n                </strong>\n              </li>","target":[".nhsuk-list-panel.search-result.nhsuk-u-padding-3:nth-child(9) > .nhsuk-grid-row:nth-child(3) > .nhsuk-grid-column-one-half:nth-child(1) > .first-ad-job-info.ad-job-info.nhsuk-list > .marginBt[data-test=\"search-result-salary\"]"]},{"any":[{"id":"listitem","data":null,"relatedNodes":[],"impact":"serious","message":"List item has a <ul>, <ol> or role=\"list\" parent element"}],"all":[],"none":[],"impact":null,"html":"<li data-test=\"search-result-publicationDate\">\n                Date posted: \n                <strong class=\"nhsuk-u-font-weight-bold\">\n                  30 May 2025\n                </strong>\n              </li>","target":[".nhsuk-list-panel.search-result.nhsuk-u-padding-3:nth-child(9) > .nhsuk-grid-row:nth-child(3) > .nhsuk-grid-column-one-half:nth-child(1) > .first-ad-job-info.ad-job-info.nhsuk-list > li[data-test=\"search-result-publicationDate\"]"]},{"any":[{"id":"listitem","data":null,"relatedNodes":[],"impact":"serious","message":"List item has a <ul>, <ol> or role=\"list\" parent element"}],"all":[],"none":[],"impact":null,"html":"<li data-test=\"search-result-closingDate\">\n                Closing date: \n                <strong class=\"nhsuk-u-font-weight-bold\">\n                  29 July 2025\n                </strong>\n              </li>","target":[".nhsuk-list-panel.search-result.nhsuk-u-padding-3:nth-child(9) > .nhsuk-grid-row:nth-child(3) > .nhsuk-grid-column-one-half:nth-child(1) > .first-ad-job-info.ad-job-info.nhsuk-list > li[data-test=\"search-result-closingDate\"]"]},{"any":[{"id":"listitem","data":null,"relatedNodes":[],"impact":"serious","message":"List item has a <ul>, <ol> or role=\"list\" parent element"}],"all":[],"none":[],"impact":null,"html":"<li data-test=\"search-result-jobType\" class=\"marginBt\">\n              Contract type: \n              <strong class=\"nhsuk-u-font-weight-bold\">\n                Permanent\n              </strong>\n            </li>","target":[".nhsuk-list-panel.search-result.nhsuk-u-padding-3:nth-child(9) > .nhsuk-grid-row:nth-child(3) > .nhsuk-grid-column-one-half:nth-child(2) > .ad-job-info.nhsuk-list > .marginBt[data-test=\"search-result-jobType\"]"]},{"any":[{"id":"listitem","data":null,"relatedNodes":[],"impact":"serious","message":"List item has a <ul>, <ol> or role=\"list\" parent element"}],"all":[],"none":[],"impact":null,"html":"<li data-test=\"search-result-workingPattern\" class=\"marginBt\">\n              Working pattern: \n              <strong class=\"nhsuk-u-font-weight-bold\">\n                Full time\n              </strong>\n            </li>","target":[".nhsuk-list-panel.search-result.nhsuk-u-padding-3:nth-child(9) > .nhsuk-grid-row:nth-child(3) > .nhsuk-grid-column-one-half:nth-child(2) > .ad-job-info.nhsuk-list > .marginBt[data-test=\"search-result-workingPattern\"]"]},{"any":[{"id":"listitem","data":null,"relatedNodes":[],"impact":"serious","message":"List item has a <ul>, <ol> or role=\"list\" parent element"}],"all":[],"none":[],"impact":null,"html":"<li class=\"nhsuk-list-panel search-result nhsuk-u-padding-3\" data-test=\"search-result\">","target":[".nhsuk-list-panel.search-result.nhsuk-u-padding-3:nth-child(10)"]},{"any":[{"id":"listitem","data":null,"relatedNodes":[],"impact":"serious","message":"List item has a <ul>, <ol> or role=\"list\" parent element"}],"all":[],"none":[],"impact":null,"html":"<li data-test=\"search-result-salary\" class=\"marginBt\">\n                Salary: \n                <strong class=\"nhsuk-u-font-weight-bold\">\n                  Depends on experience\n                </strong>\n              </li>","target":[".nhsuk-list-panel.search-result.nhsuk-u-padding-3:nth-child(10) > .nhsuk-grid-row:nth-child(3) > .nhsuk-grid-column-one-half:nth-child(1) > .first-ad-job-info.ad-job-info.nhsuk-list > .marginBt[data-test=\"search-result-salary\"]"]},{"any":[{"id":"listitem","data":null,"relatedNodes":[],"impact":"serious","message":"List item has a <ul>, <ol> or role=\"list\" parent element"}],"all":[],"none":[],"impact":null,"html":"<li data-test=\"search-result-publicationDate\">\n                Date posted: \n                <strong class=\"nhsuk-u-font-weight-bold\">\n                  10 June 2025\n                </strong>\n              </li>","target":[".nhsuk-list-panel.search-result.nhsuk-u-padding-3:nth-child(10) > .nhsuk-grid-row:nth-child(3) > .nhsuk-grid-column-one-half:nth-child(1) > .first-ad-job-info.ad-job-info.nhsuk-list > li[data-test=\"search-result-publicationDate\"]"]},{"any":[{"id":"listitem","data":null,"relatedNodes":[],"impact":"serious","message":"List item has a <ul>, <ol> or role=\"list\" parent element"}],"all":[],"none":[],"impact":null,"html":"<li data-test=\"search-result-closingDate\">\n                Closing date: \n                <strong class=\"nhsuk-u-font-weight-bold\">\n                  30 June 2025\n                </strong>\n              </li>","target":[".nhsuk-list-panel.search-result.nhsuk-u-padding-3:nth-child(10) > .nhsuk-grid-row:nth-child(3) > .nhsuk-grid-column-one-half:nth-child(1) > .first-ad-job-info.ad-job-info.nhsuk-list > li[data-test=\"search-result-closingDate\"]"]},{"any":[{"id":"listitem","data":null,"relatedNodes":[],"impact":"serious","message":"List item has a <ul>, <ol> or role=\"list\" parent element"}],"all":[],"none":[],"impact":null,"html":"<li data-test=\"search-result-jobType\" class=\"marginBt\">\n              Contract type: \n              <strong class=\"nhsuk-u-font-weight-bold\">\n                Permanent\n              </strong>\n            </li>","target":[".nhsuk-list-panel.search-result.nhsuk-u-padding-3:nth-child(10) > .nhsuk-grid-row:nth-child(3) > .nhsuk-grid-column-one-half:nth-child(2) > .ad-job-info.nhsuk-list > .marginBt[data-test=\"search-result-jobType\"]"]},{"any":[{"id":"listitem","data":null,"relatedNodes":[],"impact":"serious","message":"List item has a <ul>, <ol> or role=\"list\" parent element"}],"all":[],"none":[],"impact":null,"html":"<li data-test=\"search-result-workingPattern\" class=\"marginBt\">\n              Working pattern: \n              <strong class=\"nhsuk-u-font-weight-bold\">\n                Full time, Part time\n              </strong>\n            </li>","target":[".nhsuk-list-panel.search-result.nhsuk-u-padding-3:nth-child(10) > .nhsuk-grid-row:nth-child(3) > .nhsuk-grid-column-one-half:nth-child(2) > .ad-job-info.nhsuk-list > .marginBt[data-test=\"search-result-workingPattern\"]"]},{"any":[{"id":"listitem","data":null,"relatedNodes":[],"impact":"serious","message":"List item has a <ul>, <ol> or role=\"list\" parent element"}],"all":[],"none":[],"impact":null,"html":"<li class=\"nhsuk-pagination-item--previous\">\n      \n    </li>","target":[".nhsuk-pagination-item--previous"]},{"any":[{"id":"listitem","data":null,"relatedNodes":[],"impact":"serious","message":"List item has a <ul>, <ol> or role=\"list\" parent element"}],"all":[],"none":[],"impact":null,"html":"<li class=\"nhsuk-pagination-item--next\">","target":[".nhsuk-pagination-item--next"]},{"any":[{"id":"listitem","data":null,"relatedNodes":[],"impact":"serious","message":"List item has a <ul>, <ol> or role=\"list\" parent element"}],"all":[],"none":[],"impact":null,"html":"<li class=\"nhsuk-footer__list-item\">\n          <a class=\"nhsuk-footer__list-item-link\" target=\"_blank\" id=\"privacy\" href=\"/candidate/privacy-policy\">Privacy policy</a>\n        </li>","target":[".nhsuk-footer__list-item:nth-child(1)"]},{"any":[{"id":"listitem","data":null,"relatedNodes":[],"impact":"serious","message":"List item has a <ul>, <ol> or role=\"list\" parent element"}],"all":[],"none":[],"impact":null,"html":"<li class=\"nhsuk-footer__list-item\">\n          <a class=\"nhsuk-footer__list-item-link\" target=\"_blank\" id=\"acceptableUse\" href=\"/candidate/acceptable-use\">Terms and conditions</a>\n        </li>","target":[".nhsuk-footer__list-item:nth-child(2)"]},{"any":[{"id":"listitem","data":null,"relatedNodes":[],"impact":"serious","message":"List item has a <ul>, <ol> or role=\"list\" parent element"}],"all":[],"none":[],"impact":null,"html":"<li class=\"nhsuk-footer__list-item\">\n          <a class=\"nhsuk-footer__list-item-link\" target=\"_blank\" id=\"accessibility\" href=\"https://www.nhsbsa.nhs.uk/our-policies/accessibility/accessibility-statement-nhs-jobs-applicants\">Accessibility Statement</a>\n        </li>","target":[".nhsuk-footer__list-item:nth-child(3)"]},{"any":[{"id":"listitem","data":null,"relatedNodes":[],"impact":"serious","message":"List item has a <ul>, <ol> or role=\"list\" parent element"}],"all":[],"none":[],"impact":null,"html":"<li class=\"nhsuk-footer__list-item\">\n          <a class=\"nhsuk-footer__list-item-link\" target=\"_blank\" id=\"cookies\" href=\"/candidate/cookies\">Cookies</a>\n        </li>","target":[".nhsuk-footer__list-item:nth-child(4)"]},{"any":[{"id":"listitem","data":null,"relatedNodes":[],"impact":"serious","message":"List item has a <ul>, <ol> or role=\"list\" parent element"}],"all":[],"none":[],"impact":null,"html":"<li class=\"nhsuk-footer__list-item\">\n          <a class=\"nhsuk-footer__list-item-link\" target=\"_blank\" id=\"helpText\" href=\"https://www.nhsbsa.nhs.uk/new-nhs-jobs-service/help-and-support-applicants\">How to apply for jobs</a>\n        </li>","target":[".nhsuk-footer__list-item:nth-child(5)"]}]},{"id":"meta-viewport-large","impact":null,"tags":["cat.sensory-and-visual-cues","best-practice"],"description":"Ensures <meta name=\"viewport\"> can scale a significant amount","help":"Users should be able to zoom and scale the text up to 500%","helpUrl":"https://dequeuniversity.com/rules/axe/4.7/meta-viewport-large?application=axeAPI","nodes":[{"any":[{"id":"meta-viewport-large","data":null,"relatedNodes":[],"impact":"minor","message":"<meta> tag does not prevent significant zooming on mobile devices"}],"all":[],"none":[],"impact":null,"html":"<meta name=\"viewport\" content=\"width=device-width, initial-scale=1, shrink-to-fit=no\">","target":["meta[name=\"viewport\"]"]}]},{"id":"meta-viewport","impact":null,"tags":["cat.sensory-and-visual-cues","wcag2aa","wcag144","ACT"],"description":"Ensures <meta name=\"viewport\"> does not disable text scaling and zooming","help":"Zooming and scaling must not be disabled","helpUrl":"https://dequeuniversity.com/rules/axe/4.7/meta-viewport?application=axeAPI","nodes":[{"any":[{"id":"meta-viewport","data":null,"relatedNodes":[],"impact":"critical","message":"<meta> tag does not disable zooming on mobile devices"}],"all":[],"none":[],"impact":null,"html":"<meta name=\"viewport\" content=\"width=device-width, initial-scale=1, shrink-to-fit=no\">","target":["meta[name=\"viewport\"]"]}]},{"id":"nested-interactive","impact":null,"tags":["cat.keyboard","wcag2a","wcag412","TTv5","TT6.a"],"description":"Ensures interactive controls are not nested as they are not always announced by screen readers or can cause focus problems for assistive technologies","help":"Interactive controls must not be nested","helpUrl":"https://dequeuniversity.com/rules/axe/4.7/nested-interactive?application=axeAPI","nodes":[{"any":[{"id":"no-focusable-content","data":null,"relatedNodes":[],"impact":"serious","message":"Element does not have focusable descendants"}],"all":[],"none":[],"impact":null,"html":"<button class=\"nhsuk-button  nhsuk-u-padding-top-2 nhsuk-u-padding-bottom-2\" type=\"submit\" id=\"search\" data-test=\"search-button\">Search</button>","target":["#search"]},{"any":[{"id":"no-focusable-content","data":null,"relatedNodes":[],"impact":"serious","message":"Element does not have focusable descendants"}],"all":[],"none":[],"impact":null,"html":"<summary class=\"nhsuk-details__summary\" role=\"button\" aria-controls=\"distance-details\" aria-expanded=\"false\" data-test=\"distance\">\n                <span class=\"nhsuk-details__summary-text\">\n                    Distance\n                </span>\n            </summary>","target":["summary[aria-controls=\"distance-details\"]"]},{"any":[{"id":"no-focusable-content","data":null,"relatedNodes":[],"impact":"serious","message":"Element does not have focusable descendants"}],"all":[],"none":[],"impact":null,"html":"<summary class=\"nhsuk-details__summary\" role=\"button\" aria-controls=\"covid-jobs-only\" aria-expanded=\"false\" data-test=\"filter-covid-only\">\n                <span class=\"nhsuk-details__summary-text\">\n                    COVID-19\n                </span>\n            </summary>","target":["summary[aria-controls=\"covid-jobs-only\"]"]},{"any":[{"id":"no-focusable-content","data":null,"relatedNodes":[],"impact":"serious","message":"Element does not have focusable descendants"}],"all":[],"none":[],"impact":null,"html":"<summary id=\"working-patterns-expander\" class=\"nhsuk-details__summary \" role=\"button\" aria-controls=\"working-pattern-details\" aria-expanded=\"false\" data-test=\"filter-working-pattern\">","target":["#working-patterns-expander"]},{"any":[{"id":"no-focusable-content","data":null,"relatedNodes":[],"impact":"serious","message":"Element does not have focusable descendants"}],"all":[],"none":[],"impact":null,"html":"<summary class=\"nhsuk-details__summary\" role=\"button\" aria-controls=\"contract-type-details\" aria-expanded=\"false\" data-test=\"filter-contract-type\">\n                <span class=\"nhsuk-details__summary-text\">Contract type</span>\n            </summary>","target":["summary[aria-controls=\"contract-type-details\"]"]},{"any":[{"id":"no-focusable-content","data":null,"relatedNodes":[],"impact":"serious","message":"Element does not have focusable descendants"}],"all":[],"none":[],"impact":null,"html":"<summary class=\"nhsuk-details__summary\" role=\"button\" aria-controls=\"staff-group-details\" aria-expanded=\"false\" data-test=\"filter-staff-group\">\n                <span class=\"nhsuk-details__summary-text\">\n                    Staff group\n                </span>\n            </summary>","target":["summary[aria-controls=\"staff-group-details\"]"]},{"any":[{"id":"no-focusable-content","data":null,"relatedNodes":[],"impact":"serious","message":"Element does not have focusable descendants"}],"all":[],"none":[],"impact":null,"html":"<summary class=\"nhsuk-details__summary\" role=\"button\" aria-controls=\"pay-range-details\" aria-expanded=\"false\" data-test=\"filter-pay-range\">\n                <span class=\"nhsuk-details__summary-text\">\n                    Pay range\n                </span>\n            </summary>","target":["summary[aria-controls=\"pay-range-details\"]"]},{"any":[{"id":"no-focusable-content","data":null,"relatedNodes":[],"impact":"serious","message":"Element does not have focusable descendants"}],"all":[],"none":[],"impact":null,"html":"<summary class=\"nhsuk-details__summary\" role=\"button\" aria-controls=\"pay-band-details\" aria-expanded=\"false\" data-test=\"filter-pay-band\">","target":["summary[aria-controls=\"pay-band-details\"]"]},{"any":[{"id":"no-focusable-content","data":null,"relatedNodes":[],"impact":"serious","message":"Element does not have focusable descendants"}],"all":[],"none":[],"impact":null,"html":"<input class=\"nhsuk-button nhsuk-button--primary\" type=\"submit\" id=\"refine-search\" value=\"Apply filters\" data-test=\"refine-search-button\">","target":["#refine-search"]},{"any":[{"id":"no-focusable-content","data":null,"relatedNodes":[],"impact":"serious","message":"Element does not have focusable descendants"}],"all":[],"none":[],"impact":null,"html":"<option selected=\"\" value=\"\">Best Match</option>","target":["#sort > option:nth-child(1)"]},{"any":[{"id":"no-focusable-content","data":null,"relatedNodes":[],"impact":"serious","message":"Element does not have focusable descendants"}],"all":[],"none":[],"impact":null,"html":"<option value=\"closingDate\">Closing Date</option>","target":["option[value=\"closingDate\"]"]},{"any":[{"id":"no-focusable-content","data":null,"relatedNodes":[],"impact":"serious","message":"Element does not have focusable descendants"}],"all":[],"none":[],"impact":null,"html":"<option value=\"publicationDateDesc\">Date Posted (newest)</option>","target":["option[value=\"publicationDateDesc\"]"]},{"any":[{"id":"no-focusable-content","data":null,"relatedNodes":[],"impact":"serious","message":"Element does not have focusable descendants"}],"all":[],"none":[],"impact":null,"html":"<option value=\"salaryAsc\">Salary lowest to highest</option>","target":["option[value=\"salaryAsc\"]"]},{"any":[{"id":"no-focusable-content","data":null,"relatedNodes":[],"impact":"serious","message":"Element does not have focusable descendants"}],"all":[],"none":[],"impact":null,"html":"<option value=\"salaryDesc\">Salary highest to lowest</option>","target":["option[value=\"salaryDesc\"]"]}]},{"id":"page-has-heading-one","impact":null,"tags":["cat.semantics","best-practice"],"description":"Ensure that the page, or at least one of its frames contains a level-one heading","help":"Page should contain a level-one heading","helpUrl":"https://dequeuniversity.com/rules/axe/4.7/page-has-heading-one?application=axeAPI","nodes":[{"any":[],"all":[{"id":"page-has-heading-one","data":null,"relatedNodes":[{"html":"<h1 data-test=\"search-result-query\" id=\"search-results-heading\" class=\"nhsuk-heading-xl nhsuk-u-padding-left-4 nhsuk-u-margin-bottom-4\" aria-label=\"932 jobs found for Nurse in London. Sorted by: Best Match\">\n          932 jobs found for Nurse in London\n        </h1>","target":["#search-results-heading"]}],"impact":"moderate","message":"Page has at least one level-one heading"}],"none":[],"impact":null,"html":"<html lang=\"en\" style=\"\">","target":["html"]}]},{"id":"region","impact":null,"tags":["cat.keyboard","best-practice"],"description":"Ensures all page content is contained by landmarks","help":"All page content should be contained by landmarks","helpUrl":"https://dequeuniversity.com/rules/axe/4.7/region?application=axeAPI","nodes":[{"any":[{"id":"region","data":{"isIframe":false},"relatedNodes":[],"impact":"moderate","message":"All page content is contained by landmarks"}],"all":[],"none":[],"impact":null,"html":"<a class=\"nhsuk-skip-link\" href=\"#search-results-heading\" aria-label=\"932 jobs found for Nurse in London. Sorted by: Best Match . Skip to search filters\" id=\"skip_to_search_filters\">Skip to search filters</a>","target":["#skip_to_search_filters"]},{"any":[{"id":"region","data":{"isIframe":false},"relatedNodes":[],"impact":"moderate","message":"All page content is contained by landmarks"}],"all":[],"none":[],"impact":null,"html":"<a class=\"nhsuk-skip-link\" href=\"#first-result-title\" id=\"skipToSearchResults\" aria-label=\"Skip to search results\">Skip to search results</a>","target":["#skipToSearchResults"]},{"any":[{"id":"region","data":{"isIframe":false},"relatedNodes":[],"impact":"moderate","message":"All page content is contained by landmarks"}],"all":[],"none":[],"impact":null,"html":"<div id=\"heading-body\">","target":["#main-body > div:nth-child(3)"]},{"any":[{"id":"region","data":{"isIframe":false},"relatedNodes":[],"impact":"moderate","message":"All page content is contained by landmarks"}],"all":[],"none":[],"impact":null,"html":"<header class=\"nhsuk-header\" role=\"banner\" id=\"heading-body\">","target":["header"]},{"any":[{"id":"region","data":{"isIframe":false},"relatedNodes":[],"impact":"moderate","message":"All page content is contained by landmarks"}],"all":[],"none":[],"impact":null,"html":"<div class=\"top-banner info\">","target":[".top-banner"]},{"any":[{"id":"region","data":{"isIframe":false},"relatedNodes":[],"impact":"moderate","message":"All page content is contained by landmarks"}],"all":[],"none":[],"impact":null,"html":"<div class=\"nhsuk-width-container\">","target":[".top-banner > .nhsuk-width-container"]},{"any":[{"id":"region","data":{"isIframe":false},"relatedNodes":[],"impact":"moderate","message":"All page content is contained by landmarks"}],"all":[],"none":[],"impact":null,"html":"<span id=\"accepted-cookies-message\">You’ve accepted analytics cookies. You can \n      <a href=\"/candidate/cookies\" id=\"change-cookies-settings\" aria-label=\"Go to the cookie information page\">change your cookie settings</a> at any time.</span>","target":["#accepted-cookies-message"]},{"any":[{"id":"region","data":{"isIframe":false},"relatedNodes":[],"impact":"moderate","message":"All page content is contained by landmarks"}],"all":[],"none":[],"impact":null,"html":"<a href=\"/candidate/cookies\" id=\"change-cookies-settings\" aria-label=\"Go to the cookie information page\">change your cookie settings</a>","target":["#change-cookies-settings"]},{"any":[{"id":"region","data":{"isIframe":false},"relatedNodes":[],"impact":"moderate","message":"All page content is contained by landmarks"}],"all":[],"none":[],"impact":null,"html":"<a href=\"/candidate/dismiss-cookie-messages\" id=\"dismiss-cookie-messages\" aria-label=\"Dismiss information about cookie preferences\" style=\"float: right\">Hide</a>","target":["#dismiss-cookie-messages"]},{"any":[{"id":"region","data":{"isIframe":false},"relatedNodes":[],"impact":"moderate","message":"All page content is contained by landmarks"}],"all":[],"none":[],"impact":null,"html":"<div class=\"nhsuk-width-container nhsuk-header__container\">","target":[".nhsuk-header__container"]},{"any":[{"id":"region","data":{"isIframe":false},"relatedNodes":[],"impact":"moderate","message":"All page content is contained by landmarks"}],"all":[],"none":[],"impact":null,"html":"<div class=\"nhsuk-header__logo\">","target":[".nhsuk-header__logo"]},{"any":[{"id":"region","data":{"isIframe":false},"relatedNodes":[],"impact":"moderate","message":"All page content is contained by landmarks"}],"all":[],"none":[],"impact":null,"html":"<a class=\"nhsuk-header__link nhsuk-header__link--service nhsuk-header__link--service-short-name\" href=\"/candidate\" aria-label=\"NHS jobs homepage\">","target":[".nhsuk-header__link"]},{"any":[{"id":"region","data":{"isIframe":false},"relatedNodes":[],"impact":"moderate","message":"All page content is contained by landmarks"}],"all":[],"none":[],"impact":null,"html":"<svg class=\"nhsuk-logo\" xmlns=\"http://www.w3.org/2000/svg\" viewBox=\"0 0 40 16\" height=\"40\" width=\"100\">","target":[".nhsuk-logo"]},{"any":[{"id":"region","data":{"isIframe":false},"relatedNodes":[],"impact":"moderate","message":"All page content is contained by landmarks"}],"all":[],"none":[],"impact":null,"html":"<path class=\"nhsuk-logo__background\" fill=\"#005eb8\" d=\"M0 0h40v16H0z\"></path>","target":[".nhsuk-logo__background"]},{"any":[{"id":"region","data":{"isIframe":false},"relatedNodes":[],"impact":"moderate","message":"All page content is contained by landmarks"}],"all":[],"none":[],"impact":null,"html":"<path class=\"nhsuk-logo__text\" fill=\"#fff\" d=\"M3.9 1.5h4.4l2.6 9h.1l1.8-9h3.3l-2.8 13H9l-2.7-9h-.1l-1.8 9H1.1M17.3 1.5h3.6l-1 4.9h4L25 1.5h3.5l-2.7 13h-3.5l1.1-5.6h-4.1l-1.2 5.6h-3.4M37.7 4.4c-.7-.3-1.6-.6-2.9-.6-1.4 0-2.5.2-2.5 1.3 0 1.8 5.1 1.2 5.1 5.1 0 3.6-3.3 4.5-6.4 4.5-1.3 0-2.9-.3-4-.7l.8-2.7c.7.4 2.1.7 3.2.7s2.8-.2 2.8-1.5c0-2.1-5.1-1.3-5.1-5 0-3.4 2.9-4.4 5.8-4.4 1.6 0 3.1.2 4 .6\">","target":[".nhsuk-logo__text"]},{"any":[{"id":"region","data":{"isIframe":false},"relatedNodes":[],"impact":"moderate","message":"All page content is contained by landmarks"}],"all":[],"none":[],"impact":null,"html":"<div class=\"nhsuk-header__service-name\">Jobs</div>","target":[".nhsuk-header__service-name"]},{"any":[{"id":"region","data":{"isIframe":false},"relatedNodes":[],"impact":"moderate","message":"All page content is contained by landmarks"}],"all":[],"none":[],"impact":null,"html":"<div class=\"nhsuk-header__content\" id=\"content-header\">","target":["#content-header"]},{"any":[{"id":"region","data":{"isIframe":false},"relatedNodes":[],"impact":"moderate","message":"All page content is contained by landmarks"}],"all":[],"none":[],"impact":null,"html":"<nav class=\"gem-c-translation-nav hide-mobile nhsuk-u-margin-0 nhsuk-u-padding-left-7\" aria-label=\"Translations\">","target":[".gem-c-translation-nav"]},{"any":[{"id":"region","data":{"isIframe":false},"relatedNodes":[],"impact":"moderate","message":"All page content is contained by landmarks"}],"all":[],"none":[],"impact":null,"html":"<ul class=\"nhsuk-header__navigation-list-right\">","target":[".nhsuk-header__navigation-list-right:nth-child(1)"]},{"any":[{"id":"region","data":{"isIframe":false},"relatedNodes":[],"impact":"moderate","message":"All page content is contained by landmarks"}],"all":[],"none":[],"impact":null,"html":"<li class=\"gem-c-translation-nav__list-item\">\n      <a class=\"sign-in-link\" id=\"candidate_sign_in\" href=\"/candidate/auth/login\">\n        Sign in\n      </a>\n    </li>","target":[".nhsuk-header__navigation-list-right:nth-child(1) > .gem-c-translation-nav__list-item"]},{"any":[{"id":"region","data":{"isIframe":false},"relatedNodes":[],"impact":"moderate","message":"All page content is contained by landmarks"}],"all":[],"none":[],"impact":null,"html":"<a class=\"sign-in-link\" id=\"candidate_sign_in\" href=\"/candidate/auth/login\">\n        Sign in\n      </a>","target":["#candidate_sign_in"]},{"any":[{"id":"region","data":{"isIframe":false},"relatedNodes":[],"impact":"moderate","message":"All page content is contained by landmarks"}],"all":[],"none":[],"impact":null,"html":"<li class=\"gem-c-translation-nav__list-item-none-border\">\n      <a href=\"/candidate/auth/register/first-last-name\" class=\"sign-in-link\" data-test=\"header-create-account\">Create an account</a>\n    </li>","target":[".nhsuk-header__navigation-list-right:nth-child(1) > .gem-c-translation-nav__list-item-none-border"]},{"any":[{"id":"region","data":{"isIframe":false},"relatedNodes":[],"impact":"moderate","message":"All page content is contained by landmarks"}],"all":[],"none":[],"impact":null,"html":"<a href=\"/candidate/auth/register/first-last-name\" class=\"sign-in-link\" data-test=\"header-create-account\">Create an account</a>","target":[".sign-in-link[data-test=\"header-create-account\"]"]},{"any":[{"id":"region","data":{"isIframe":false},"relatedNodes":[],"impact":"moderate","message":"All page content is contained by landmarks"}],"all":[],"none":[],"impact":null,"html":"<ul class=\"nhsuk-header__navigation-list-right\">","target":[".nhsuk-header__navigation-list-right:nth-child(2)"]},{"any":[{"id":"region","data":{"isIframe":false},"relatedNodes":[],"impact":"moderate","message":"All page content is contained by landmarks"}],"all":[],"none":[],"impact":null,"html":"<li class=\"gem-c-translation-nav__list-item\">\n      <a lang=\"en\" href=\"/candidate/search/locale/en\" class=\"language-toggle-selected\" data-test=\"english-language-link\">English</a>\n    </li>","target":[".nhsuk-header__navigation-list-right:nth-child(2) > .gem-c-translation-nav__list-item"]},{"any":[{"id":"region","data":{"isIframe":false},"relatedNodes":[],"impact":"moderate","message":"All page content is contained by landmarks"}],"all":[],"none":[],"impact":null,"html":"<a lang=\"en\" href=\"/candidate/search/locale/en\" class=\"language-toggle-selected\" data-test=\"english-language-link\">English</a>","target":[".language-toggle-selected"]},{"any":[{"id":"region","data":{"isIframe":false},"relatedNodes":[],"impact":"moderate","message":"All page content is contained by landmarks"}],"all":[],"none":[],"impact":null,"html":"<li class=\"gem-c-translation-nav__list-item-none-border\">\n      <a lang=\"cy\" href=\"/candidate/search/locale/cy\" class=\"language-toggle\" data-test=\"welsh-language-link\">Cymraeg</a>\n    </li>","target":[".nhsuk-header__navigation-list-right:nth-child(2) > .gem-c-translation-nav__list-item-none-border"]},{"any":[{"id":"region","data":{"isIframe":false},"relatedNodes":[],"impact":"moderate","message":"All page content is contained by landmarks"}],"all":[],"none":[],"impact":null,"html":"<a lang=\"cy\" href=\"/candidate/search/locale/cy\" class=\"language-toggle\" data-test=\"welsh-language-link\">Cymraeg</a>","target":[".language-toggle"]},{"any":[{"id":"region","data":{"isIframe":false},"relatedNodes":[],"impact":"moderate","message":"All page content is contained by landmarks"}],"all":[],"none":[],"impact":null,"html":"<nav class=\"nhsuk-header__navigation\" id=\"header-navigation\" role=\"navigation\" aria-label=\"Primary navigation\" aria-labelledby=\"label-navigation\">","target":["#header-navigation"]},{"any":[{"id":"region","data":{"isIframe":false},"relatedNodes":[],"impact":"moderate","message":"All page content is contained by landmarks"}],"all":[],"none":[],"impact":null,"html":"<div class=\"nhsuk-width-container nhsuk-width-ipad-container\">","target":[".nhsuk-width-ipad-container"]},{"any":[{"id":"region","data":{"isIframe":false},"relatedNodes":[],"impact":"moderate","message":"All page content is contained by landmarks"}],"all":[],"none":[],"impact":null,"html":"<ul class=\"nhsuk-header__navigation-list\">","target":[".nhsuk-header__navigation-list"]},{"any":[{"id":"region","data":{"isIframe":false},"relatedNodes":[],"impact":"moderate","message":"All page content is contained by landmarks"}],"all":[],"none":[],"impact":null,"html":"<li class=\"nhsuk-header__navigation-item\">","target":[".nhsuk-header__navigation-item:nth-child(2)"]},{"any":[{"id":"region","data":{"isIframe":false},"relatedNodes":[],"impact":"moderate","message":"All page content is contained by landmarks"}],"all":[],"none":[],"impact":null,"html":"<a class=\"nhsuk-header__navigation-link\" href=\"/candidate/search\">","target":["a[href$=\"search\"]"]},{"any":[{"id":"region","data":{"isIframe":false},"relatedNodes":[],"impact":"moderate","message":"All page content is contained by landmarks"}],"all":[],"none":[],"impact":null,"html":"<div class=\"beta-banner\" aria-label=\"beta-banner\" role=\"complementary\">","target":[".beta-banner"]},{"any":[{"id":"region","data":{"isIframe":false},"relatedNodes":[],"impact":"moderate","message":"All page content is contained by landmarks"}],"all":[],"none":[],"impact":null,"html":"<div class=\"nhsuk-width-container \">","target":[".beta-banner > .nhsuk-width-container"]},{"any":[{"id":"region","data":{"isIframe":false},"relatedNodes":[],"impact":"moderate","message":"All page content is contained by landmarks"}],"all":[],"none":[],"impact":null,"html":"<strong class=\"status-box status-box-blue\">BETA</strong>","target":[".status-box"]},{"any":[{"id":"region","data":{"isIframe":false},"relatedNodes":[],"impact":"moderate","message":"All page content is contained by landmarks"}],"all":[],"none":[],"impact":null,"html":"<span>Your\n            <a href=\"mailto:nhsbsa.nhsjobs@nhsbsa.nhs.uk?subject=How could we improve NHS Jobs service?\">feedback</a>\n            will help us to improve this service.</span>","target":[".beta-banner > .nhsuk-width-container > span"]},{"any":[{"id":"region","data":{"isIframe":false},"relatedNodes":[],"impact":"moderate","message":"All page content is contained by landmarks"}],"all":[],"none":[],"impact":null,"html":"<a href=\"mailto:nhsbsa.nhsjobs@nhsbsa.nhs.uk?subject=How could we improve NHS Jobs service?\">feedback</a>","target":[".beta-banner > .nhsuk-width-container > span > a"]},{"any":[{"id":"region","data":{"isIframe":false},"relatedNodes":[],"impact":"moderate","message":"All page content is contained by landmarks"}],"all":[],"none":[],"impact":null,"html":"<section class=\"nhsuk-hero\" role=\"search\">","target":["section"]},{"any":[{"id":"region","data":{"isIframe":false},"relatedNodes":[],"impact":"moderate","message":"All page content is contained by landmarks"}],"all":[],"none":[],"impact":null,"html":"<div class=\"nhsuk-width-container nhsuk-hero--border  nhsuk-u-padding-top-3 searchRibbon\" id=\"searchFilterRibbon\">","target":["#searchFilterRibbon"]},{"any":[{"id":"region","data":{"isIframe":false},"relatedNodes":[],"impact":"moderate","message":"All page content is contained by landmarks"}],"all":[],"none":[],"impact":null,"html":"<div class=\"nhsuk-grid-row\" style=\"padding-left: 1em;\">","target":["#searchFilterRibbon > .nhsuk-grid-row"]},{"any":[{"id":"region","data":{"isIframe":false},"relatedNodes":[],"impact":"moderate","message":"All page content is contained by landmarks"}],"all":[],"none":[],"impact":null,"html":"<div class=\"nhsuk-grid-column-two-quarters\" style=\"padding-top: 30px;\">","target":[".nhsuk-grid-column-two-quarters"]},{"any":[{"id":"region","data":{"isIframe":false},"relatedNodes":[],"impact":"moderate","message":"All page content is contained by landmarks"}],"all":[],"none":[],"impact":null,"html":"<h1 data-test=\"search-result-query\" id=\"search-results-heading\" class=\"nhsuk-heading-xl nhsuk-u-padding-left-4 nhsuk-u-margin-bottom-4\" aria-label=\"932 jobs found for Nurse in London. Sorted by: Best Match\">\n          932 jobs found for Nurse in London\n        </h1>","target":["#search-results-heading"]},{"any":[{"id":"region","data":{"isIframe":false},"relatedNodes":[],"impact":"moderate","message":"All page content is contained by landmarks"}],"all":[],"none":[],"impact":null,"html":"<form method=\"post\" id=\"search_form\">","target":["#search_form"]},{"any":[{"id":"region","data":{"isIframe":false},"relatedNodes":[],"impact":"moderate","message":"All page content is contained by landmarks"}],"all":[],"none":[],"impact":null,"html":"<fieldset class=\"nhsuk-fieldset\">","target":["fieldset:nth-child(4)"]},{"any":[{"id":"region","data":{"isIframe":false},"relatedNodes":[],"impact":"moderate","message":"All page content is contained by landmarks"}],"all":[],"none":[],"impact":null,"html":"<div class=\"nhsuk-grid-column-full\">\n            <legend class=\"js-hidden\" id=\"search-group-label\">Search for jobs in the NHS</legend>\n          </div>","target":["fieldset:nth-child(4) > .nhsuk-grid-column-full"]},{"any":[{"id":"region","data":{"isIframe":false},"relatedNodes":[],"impact":"moderate","message":"All page content is contained by landmarks"}],"all":[],"none":[],"impact":null,"html":"<div class=\"nhsuk-grid-column-one-half\">","target":["fieldset:nth-child(4) > .nhsuk-grid-column-one-half:nth-child(2)"]},{"any":[{"id":"region","data":{"isIframe":false},"relatedNodes":[],"impact":"moderate","message":"All page content is contained by landmarks"}],"all":[],"none":[],"impact":null,"html":"<div class=\"nhsuk-form-group nhsuk-hero\">","target":["fieldset:nth-child(4) > .nhsuk-grid-column-one-half:nth-child(2) > .nhsuk-hero.nhsuk-form-group"]},{"any":[{"id":"region","data":{"isIframe":false},"relatedNodes":[],"impact":"moderate","message":"All page content is contained by landmarks"}],"all":[],"none":[],"impact":null,"html":"<label class=\"nhsuk-label nhsuk-u-font-weight-bold white-text\" for=\"keyword\">What?</label>","target":["label[for=\"keyword\"]"]},{"any":[{"id":"region","data":{"isIframe":false},"relatedNodes":[],"impact":"moderate","message":"All page content is contained by landmarks"}],"all":[],"none":[],"impact":null,"html":"<div class=\"nhsuk-u-font-size-16 nhsuk-hint-white\">For example, job title or skills</div>","target":["fieldset:nth-child(4) > .nhsuk-grid-column-one-half:nth-child(2) > .nhsuk-hero.nhsuk-form-group > .nhsuk-u-font-size-16.nhsuk-hint-white"]},{"any":[{"id":"region","data":{"isIframe":false},"relatedNodes":[],"impact":"moderate","message":"All page content is contained by landmarks"}],"all":[],"none":[],"impact":null,"html":"<input name=\"keyword\" id=\"keyword\" value=\"Nurse\" class=\"nhsuk-input nhsuk-u--width-full\" type=\"search\" data-test=\"search-jobTitle-input\" aria-label=\"Search What? For example, job title or skills\">","target":["#keyword"]},{"any":[{"id":"region","data":{"isIframe":false},"relatedNodes":[],"impact":"moderate","message":"All page content is contained by landmarks"}],"all":[],"none":[],"impact":null,"html":"<div class=\"nhsuk-grid-column-one-half\">","target":["fieldset:nth-child(4) > .nhsuk-grid-column-one-half:nth-child(3)"]},{"any":[{"id":"region","data":{"isIframe":false},"relatedNodes":[],"impact":"moderate","message":"All page content is contained by landmarks"}],"all":[],"none":[],"impact":null,"html":"<div class=\"nhsuk-form-group nhsuk-hero\">","target":["fieldset:nth-child(4) > .nhsuk-grid-column-one-half:nth-child(3) > .nhsuk-hero.nhsuk-form-group"]},{"any":[{"id":"region","data":{"isIframe":false},"relatedNodes":[],"impact":"moderate","message":"All page content is contained by landmarks"}],"all":[],"none":[],"impact":null,"html":"<label class=\"nhsuk-label nhsuk-u-font-weight-bold white-text\" for=\"location\">Where?</label>","target":["label[for=\"location\"]"]},{"any":[{"id":"region","data":{"isIframe":false},"relatedNodes":[],"impact":"moderate","message":"All page content is contained by landmarks"}],"all":[],"none":[],"impact":null,"html":"<div class=\"nhsuk-u-font-size-16 nhsuk-hint-white\">For example, a postcode, town or city</div>","target":["fieldset:nth-child(4) > .nhsuk-grid-column-one-half:nth-child(3) > .nhsuk-hero.nhsuk-form-group > .nhsuk-u-font-size-16.nhsuk-hint-white"]},{"any":[{"id":"region","data":{"isIframe":false},"relatedNodes":[],"impact":"moderate","message":"All page content is contained by landmarks"}],"all":[],"none":[],"impact":null,"html":"<div id=\"autocomplete-container\">","target":["#autocomplete-container"]},{"any":[{"id":"region","data":{"isIframe":false},"relatedNodes":[],"impact":"moderate","message":"All page content is contained by landmarks"}],"all":[],"none":[],"impact":null,"html":"<div class=\"autocomplete__wrapper\">","target":[".autocomplete__wrapper"]},{"any":[{"id":"region","data":{"isIframe":false},"relatedNodes":[],"impact":"moderate","message":"All page content is contained by landmarks"}],"all":[],"none":[],"impact":null,"html":"<div class=\"autocomplete__status\" style=\"border: 0px; clip: rect(0px, 0px, 0px, 0px); height: 1px; margin-bottom: -1px; margin-right: -1px; overflow: hidden; padding: 0px; position: absolute; white-space: nowrap; width: 1px;\">","target":[".autocomplete__status"]},{"any":[{"id":"region","data":{"isIframe":false},"relatedNodes":[],"impact":"moderate","message":"All page content is contained by landmarks"}],"all":[],"none":[],"impact":null,"html":"<div id=\"location__status--A\" role=\"status\" aria-atomic=\"true\" aria-live=\"polite\"></div>","target":["#location__status--A"]},{"any":[{"id":"region","data":{"isIframe":false},"relatedNodes":[],"impact":"moderate","message":"All page content is contained by landmarks"}],"all":[],"none":[],"impact":null,"html":"<div id=\"location__status--B\" role=\"status\" aria-atomic=\"true\" aria-live=\"polite\"></div>","target":["#location__status--B"]},{"any":[{"id":"region","data":{"isIframe":false},"relatedNodes":[],"impact":"moderate","message":"All page content is contained by landmarks"}],"all":[],"none":[],"impact":null,"html":"<input aria-describedby=\"location__assistiveHint\" aria-expanded=\"false\" aria-controls=\"location__listbox\" aria-autocomplete=\"list\" autocomplete=\"off\" class=\"nhsuk-input nhsuk-u--width-full\" id=\"location\" name=\"location\" placeholder=\"\" type=\"search\" role=\"combobox\" data-test=\"search-location-input\" aria-label=\"Search Where? For example, a postcode, town or city, search text field\">","target":["#location"]},{"any":[{"id":"region","data":{"isIframe":false},"relatedNodes":[],"impact":"moderate","message":"All page content is contained by landmarks"}],"all":[],"none":[],"impact":null,"html":"<fieldset class=\"nhsuk-fieldset\">","target":["fieldset:nth-child(6)"]},{"any":[{"id":"region","data":{"isIframe":false},"relatedNodes":[],"impact":"moderate","message":"All page content is contained by landmarks"}],"all":[],"none":[],"impact":null,"html":"<div class=\"nhsuk-grid-column-full\">","target":["fieldset:nth-child(6) > .nhsuk-grid-column-full"]},{"any":[{"id":"region","data":{"isIframe":false},"relatedNodes":[],"impact":"moderate","message":"All page content is contained by landmarks"}],"all":[],"none":[],"impact":null,"html":"<div class=\"nhsuk-grid-column-one-half paddingLT0\">\n                <a href=\"javascript:void(0)\" id=\"searchOptionsBtn\" class=\"nhsuk-u-font-weight-bold white-text\">\n                  \n                  More search options\n                  \n                  </a>\n            </div>","target":[".paddingLT0"]},{"any":[{"id":"region","data":{"isIframe":false},"relatedNodes":[],"impact":"moderate","message":"All page content is contained by landmarks"}],"all":[],"none":[],"impact":null,"html":"<a href=\"javascript:void(0)\" id=\"searchOptionsBtn\" class=\"nhsuk-u-font-weight-bold white-text\">\n                  \n                  More search options\n                  \n                  </a>","target":["#searchOptionsBtn"]},{"any":[{"id":"region","data":{"isIframe":false},"relatedNodes":[],"impact":"moderate","message":"All page content is contained by landmarks"}],"all":[],"none":[],"impact":null,"html":"<div class=\"nhsuk-grid-column-one-half nhsuk-u-margin-bottom-1 paddingRT0 textAlignRT\">\n              <button class=\"nhsuk-button  nhsuk-u-padding-top-2 nhsuk-u-padding-bottom-2\" type=\"submit\" id=\"search\" data-test=\"search-button\">Search</button>\n            </div>","target":[".nhsuk-u-margin-bottom-1"]},{"any":[{"id":"region","data":{"isIframe":false},"relatedNodes":[],"impact":"moderate","message":"All page content is contained by landmarks"}],"all":[],"none":[],"impact":null,"html":"<button class=\"nhsuk-button  nhsuk-u-padding-top-2 nhsuk-u-padding-bottom-2\" type=\"submit\" id=\"search\" data-test=\"search-button\">Search</button>","target":["#search"]},{"any":[{"id":"region","data":{"isIframe":false},"relatedNodes":[],"impact":"moderate","message":"All page content is contained by landmarks"}],"all":[],"none":[],"impact":null,"html":"<div class=\"nhsuk-width-container \">","target":["#main-body > .nhsuk-width-container"]},{"any":[{"id":"region","data":{"isIframe":false},"relatedNodes":[],"impact":"moderate","message":"All page content is contained by landmarks"}],"all":[],"none":[],"impact":null,"html":"<main class=\"nhsuk-main-wrapper \" id=\"maincontent\" role=\"main\">","target":["#maincontent"]},{"any":[{"id":"region","data":{"isIframe":false},"relatedNodes":[],"impact":"moderate","message":"All page content is contained by landmarks"}],"all":[],"none":[],"impact":null,"html":"<div class=\"nhsuk-grid-row\">\n  <div class=\"nhsuk-grid-column-two-thirds\">\n    \n      <h2 class=\"nhsuk-heading-m  show-mobile show-tab\" id=\"refineFilterHideShow\">\n        <a data-test=\"refine-search\">Refine your search (1)</a>\n      </h2>\n  </div>\n</div>","target":["#maincontent > .nhsuk-grid-row:nth-child(1)"]},{"any":[{"id":"region","data":{"isIframe":false},"relatedNodes":[],"impact":"moderate","message":"All page content is contained by landmarks"}],"all":[],"none":[],"impact":null,"html":"<div class=\"nhsuk-grid-column-two-thirds\">\n    \n      <h2 class=\"nhsuk-heading-m  show-mobile show-tab\" id=\"refineFilterHideShow\">\n        <a data-test=\"refine-search\">Refine your search (1)</a>\n      </h2>\n  </div>","target":["#maincontent > .nhsuk-grid-row:nth-child(1) > .nhsuk-grid-column-two-thirds"]},{"any":[{"id":"region","data":{"isIframe":false},"relatedNodes":[],"impact":"moderate","message":"All page content is contained by landmarks"}],"all":[],"none":[],"impact":null,"html":"<div class=\"nhsuk-grid-row\">","target":[".nhsuk-grid-row:nth-child(2)"]},{"any":[{"id":"region","data":{"isIframe":false},"relatedNodes":[],"impact":"moderate","message":"All page content is contained by landmarks"}],"all":[],"none":[],"impact":null,"html":"<div class=\"nhsuk-grid-column-one-third no-top-padding-small-screen\">","target":[".no-top-padding-small-screen"]},{"any":[{"id":"region","data":{"isIframe":false},"relatedNodes":[],"impact":"moderate","message":"All page content is contained by landmarks"}],"all":[],"none":[],"impact":null,"html":"<div id=\"refineFilter\">","target":["#refineFilter"]},{"any":[{"id":"region","data":{"isIframe":false},"relatedNodes":[],"impact":"moderate","message":"All page content is contained by landmarks"}],"all":[],"none":[],"impact":null,"html":"<form method=\"post\">","target":["#refineFilter > form"]},{"any":[{"id":"region","data":{"isIframe":false},"relatedNodes":[],"impact":"moderate","message":"All page content is contained by landmarks"}],"all":[],"none":[],"impact":null,"html":"<fieldset class=\"nhsuk-fieldset\">","target":["#refineFilter > form > fieldset"]},{"any":[{"id":"region","data":{"isIframe":false},"relatedNodes":[],"impact":"moderate","message":"All page content is contained by landmarks"}],"all":[],"none":[],"impact":null,"html":"<legend class=\"nhsuk-heading-l hide-mobile hide-tab\">\n            <h2 class=\"nhsuk-heading-s\">Refine your search</h2>\n        </legend>","target":[".hide-tab"]},{"any":[{"id":"region","data":{"isIframe":false},"relatedNodes":[],"impact":"moderate","message":"All page content is contained by landmarks"}],"all":[],"none":[],"impact":null,"html":"<h2 class=\"nhsuk-heading-s\">Refine your search</h2>","target":[".nhsuk-heading-s"]},{"any":[{"id":"region","data":{"isIframe":false},"relatedNodes":[],"impact":"moderate","message":"All page content is contained by landmarks"}],"all":[],"none":[],"impact":null,"html":"<details class=\"nhsuk-details nhsuk-expander\">","target":["details:nth-child(13)"]},{"any":[{"id":"region","data":{"isIframe":false},"relatedNodes":[],"impact":"moderate","message":"All page content is contained by landmarks"}],"all":[],"none":[],"impact":null,"html":"<summary class=\"nhsuk-details__summary\" role=\"button\" aria-controls=\"distance-details\" aria-expanded=\"false\" data-test=\"distance\">\n                <span class=\"nhsuk-details__summary-text\">\n                    Distance\n                </span>\n            </summary>","target":["summary[aria-controls=\"distance-details\"]"]},{"any":[{"id":"region","data":{"isIframe":false},"relatedNodes":[],"impact":"moderate","message":"All page content is contained by landmarks"}],"all":[],"none":[],"impact":null,"html":"<span class=\"nhsuk-details__summary-text\">\n                    Distance\n                </span>","target":["summary[aria-controls=\"distance-details\"] > .nhsuk-details__summary-text"]},{"any":[{"id":"region","data":{"isIframe":false},"relatedNodes":[],"impact":"moderate","message":"All page content is contained by landmarks"}],"all":[],"none":[],"impact":null,"html":"<details class=\"nhsuk-details nhsuk-expander\">","target":["details:nth-child(14)"]},{"any":[{"id":"region","data":{"isIframe":false},"relatedNodes":[],"impact":"moderate","message":"All page content is contained by landmarks"}],"all":[],"none":[],"impact":null,"html":"<summary class=\"nhsuk-details__summary\" role=\"button\" aria-controls=\"covid-jobs-only\" aria-expanded=\"false\" data-test=\"filter-covid-only\">\n                <span class=\"nhsuk-details__summary-text\">\n                    COVID-19\n                </span>\n            </summary>","target":["summary[aria-controls=\"covid-jobs-only\"]"]},{"any":[{"id":"region","data":{"isIframe":false},"relatedNodes":[],"impact":"moderate","message":"All page content is contained by landmarks"}],"all":[],"none":[],"impact":null,"html":"<span class=\"nhsuk-details__summary-text\">\n                    COVID-19\n                </span>","target":["summary[aria-controls=\"covid-jobs-only\"] > .nhsuk-details__summary-text"]},{"any":[{"id":"region","data":{"isIframe":false},"relatedNodes":[],"impact":"moderate","message":"All page content is contained by landmarks"}],"all":[],"none":[],"impact":null,"html":"<details class=\"nhsuk-details nhsuk-expander\">","target":["details:nth-child(15)"]},{"any":[{"id":"region","data":{"isIframe":false},"relatedNodes":[],"impact":"moderate","message":"All page content is contained by landmarks"}],"all":[],"none":[],"impact":null,"html":"<summary id=\"working-patterns-expander\" class=\"nhsuk-details__summary \" role=\"button\" aria-controls=\"working-pattern-details\" aria-expanded=\"false\" data-test=\"filter-working-pattern\">","target":["#working-patterns-expander"]},{"any":[{"id":"region","data":{"isIframe":false},"relatedNodes":[],"impact":"moderate","message":"All page content is contained by landmarks"}],"all":[],"none":[],"impact":null,"html":"<span class=\"nhsuk-details__summary-text\">\n                    Working pattern\n                </span>","target":["#working-patterns-expander > .nhsuk-details__summary-text"]},{"any":[{"id":"region","data":{"isIframe":false},"relatedNodes":[],"impact":"moderate","message":"All page content is contained by landmarks"}],"all":[],"none":[],"impact":null,"html":"<details class=\"nhsuk-details nhsuk-expander\">","target":["details:nth-child(16)"]},{"any":[{"id":"region","data":{"isIframe":false},"relatedNodes":[],"impact":"moderate","message":"All page content is contained by landmarks"}],"all":[],"none":[],"impact":null,"html":"<summary class=\"nhsuk-details__summary\" role=\"button\" aria-controls=\"contract-type-details\" aria-expanded=\"false\" data-test=\"filter-contract-type\">\n                <span class=\"nhsuk-details__summary-text\">Contract type</span>\n            </summary>","target":["summary[aria-controls=\"contract-type-details\"]"]},{"any":[{"id":"region","data":{"isIframe":false},"relatedNodes":[],"impact":"moderate","message":"All page content is contained by landmarks"}],"all":[],"none":[],"impact":null,"html":"<span class=\"nhsuk-details__summary-text\">Contract type</span>","target":["summary[aria-controls=\"contract-type-details\"] > .nhsuk-details__summary-text"]},{"any":[{"id":"region","data":{"isIframe":false},"relatedNodes":[],"impact":"moderate","message":"All page content is contained by landmarks"}],"all":[],"none":[],"impact":null,"html":"<details class=\"nhsuk-details nhsuk-expander\">","target":["details:nth-child(17)"]},{"any":[{"id":"region","data":{"isIframe":false},"relatedNodes":[],"impact":"moderate","message":"All page content is contained by landmarks"}],"all":[],"none":[],"impact":null,"html":"<summary class=\"nhsuk-details__summary\" role=\"button\" aria-controls=\"staff-group-details\" aria-expanded=\"false\" data-test=\"filter-staff-group\">\n                <span class=\"nhsuk-details__summary-text\">\n                    Staff group\n                </span>\n            </summary>","target":["summary[aria-controls=\"staff-group-details\"]"]},{"any":[{"id":"region","data":{"isIframe":false},"relatedNodes":[],"impact":"moderate","message":"All page content is contained by landmarks"}],"all":[],"none":[],"impact":null,"html":"<span class=\"nhsuk-details__summary-text\">\n                    Staff group\n                </span>","target":["summary[aria-controls=\"staff-group-details\"] > .nhsuk-details__summary-text"]},{"any":[{"id":"region","data":{"isIframe":false},"relatedNodes":[],"impact":"moderate","message":"All page content is contained by landmarks"}],"all":[],"none":[],"impact":null,"html":"<details class=\"nhsuk-details nhsuk-expander\">","target":["details:nth-child(18)"]},{"any":[{"id":"region","data":{"isIframe":false},"relatedNodes":[],"impact":"moderate","message":"All page content is contained by landmarks"}],"all":[],"none":[],"impact":null,"html":"<summary class=\"nhsuk-details__summary\" role=\"button\" aria-controls=\"pay-range-details\" aria-expanded=\"false\" data-test=\"filter-pay-range\">\n                <span class=\"nhsuk-details__summary-text\">\n                    Pay range\n                </span>\n            </summary>","target":["summary[aria-controls=\"pay-range-details\"]"]},{"any":[{"id":"region","data":{"isIframe":false},"relatedNodes":[],"impact":"moderate","message":"All page content is contained by landmarks"}],"all":[],"none":[],"impact":null,"html":"<span class=\"nhsuk-details__summary-text\">\n                    Pay range\n                </span>","target":["summary[aria-controls=\"pay-range-details\"] > .nhsuk-details__summary-text"]},{"any":[{"id":"region","data":{"isIframe":false},"relatedNodes":[],"impact":"moderate","message":"All page content is contained by landmarks"}],"all":[],"none":[],"impact":null,"html":"<details class=\"nhsuk-details nhsuk-expander\">","target":["details:nth-child(19)"]},{"any":[{"id":"region","data":{"isIframe":false},"relatedNodes":[],"impact":"moderate","message":"All page content is contained by landmarks"}],"all":[],"none":[],"impact":null,"html":"<summary class=\"nhsuk-details__summary\" role=\"button\" aria-controls=\"pay-band-details\" aria-expanded=\"false\" data-test=\"filter-pay-band\">","target":["summary[aria-controls=\"pay-band-details\"]"]},{"any":[{"id":"region","data":{"isIframe":false},"relatedNodes":[],"impact":"moderate","message":"All page content is contained by landmarks"}],"all":[],"none":[],"impact":null,"html":"<span class=\"vsm-payband nhsuk-details__summary-text\">\n                    NHS pay grades and schemes\n                </span>","target":[".vsm-payband"]},{"any":[{"id":"region","data":{"isIframe":false},"relatedNodes":[],"impact":"moderate","message":"All page content is contained by landmarks"}],"all":[],"none":[],"impact":null,"html":"<input class=\"nhsuk-button nhsuk-button--primary\" type=\"submit\" id=\"refine-search\" value=\"Apply filters\" data-test=\"refine-search-button\">","target":["#refine-search"]},{"any":[{"id":"region","data":{"isIframe":false},"relatedNodes":[],"impact":"moderate","message":"All page content is contained by landmarks"}],"all":[],"none":[],"impact":null,"html":"<p>\n        <a href=\"/candidate/search/results?keyword=Nurse&amp;location=London\" data-test=\"filter-clear\">Clear filters\n        </a>\n    </p>","target":["form > p"]},{"any":[{"id":"region","data":{"isIframe":false},"relatedNodes":[],"impact":"moderate","message":"All page content is contained by landmarks"}],"all":[],"none":[],"impact":null,"html":"<a href=\"/candidate/search/results?keyword=Nurse&amp;location=London\" data-test=\"filter-clear\">Clear filters\n        </a>","target":["a[data-test=\"filter-clear\"]"]},{"any":[{"id":"region","data":{"isIframe":false},"relatedNodes":[],"impact":"moderate","message":"All page content is contained by landmarks"}],"all":[],"none":[],"impact":null,"html":"<div class=\"hide-mobile\">\n      \n        <h3 class=\"nhsuk-heading-m\">\n    <a href=\"/candidate/search/save/alerts\" data-test=\"save-search\">Save this search</a>\n</h3>\n<p class=\"nhsuk-body\">You’ll also be able to set up job alert emails for your saved search.</p>   \n      \n    </div>","target":[".no-top-padding-small-screen > .hide-mobile"]},{"any":[{"id":"region","data":{"isIframe":false},"relatedNodes":[],"impact":"moderate","message":"All page content is contained by landmarks"}],"all":[],"none":[],"impact":null,"html":"<h3 class=\"nhsuk-heading-m\">\n    <a href=\"/candidate/search/save/alerts\" data-test=\"save-search\">Save this search</a>\n</h3>","target":[".hide-mobile > h3"]},{"any":[{"id":"region","data":{"isIframe":false},"relatedNodes":[],"impact":"moderate","message":"All page content is contained by landmarks"}],"all":[],"none":[],"impact":null,"html":"<a href=\"/candidate/search/save/alerts\" data-test=\"save-search\">Save this search</a>","target":[".hide-mobile > h3 > a[data-test=\"save-search\"][href$=\"alerts\"]"]},{"any":[{"id":"region","data":{"isIframe":false},"relatedNodes":[],"impact":"moderate","message":"All page content is contained by landmarks"}],"all":[],"none":[],"impact":null,"html":"<p class=\"nhsuk-body\">You’ll also be able to set up job alert emails for your saved search.</p>","target":[".hide-mobile > .nhsuk-body"]},{"any":[{"id":"region","data":{"isIframe":false},"relatedNodes":[],"impact":"moderate","message":"All page content is contained by landmarks"}],"all":[],"none":[],"impact":null,"html":"<div class=\"nhsuk-grid-column-two-thirds \">","target":[".nhsuk-grid-row:nth-child(2) > .nhsuk-grid-column-two-thirds"]},{"any":[{"id":"region","data":{"isIframe":false},"relatedNodes":[],"impact":"moderate","message":"All page content is contained by landmarks"}],"all":[],"none":[],"impact":null,"html":"<form method=\"post\" name=\"sortform\">","target":["form[name=\"sortform\"]"]},{"any":[{"id":"region","data":{"isIframe":false},"relatedNodes":[],"impact":"moderate","message":"All page content is contained by landmarks"}],"all":[],"none":[],"impact":null,"html":"<div class=\"hide-label nhsuk-u-margin-bottom-3 search-sort-wrapper results-found\" style=\"display: flex; align-items: center;\">","target":[".hide-label"]},{"any":[{"id":"region","data":{"isIframe":false},"relatedNodes":[],"impact":"moderate","message":"All page content is contained by landmarks"}],"all":[],"none":[],"impact":null,"html":"<div class=\"nhsuk-form-group\">","target":[".hide-label > .nhsuk-form-group:nth-child(1)"]},{"any":[{"id":"region","data":{"isIframe":false},"relatedNodes":[],"impact":"moderate","message":"All page content is contained by landmarks"}],"all":[],"none":[],"impact":null,"html":"<label class=\"nhsuk-label nhsuk-inline-label\" for=\"sort\">Sort by</label>","target":[".nhsuk-inline-label"]},{"any":[{"id":"region","data":{"isIframe":false},"relatedNodes":[],"impact":"moderate","message":"All page content is contained by landmarks"}],"all":[],"none":[],"impact":null,"html":"<select class=\"nhsuk-select nhsuk-inline-select\" id=\"sort\" name=\"sort\" data-test=\"sort-input\" value=\"\" onchange=\"sortform.submit()\">","target":["#sort"]},{"any":[{"id":"region","data":{"isIframe":false},"relatedNodes":[],"impact":"moderate","message":"All page content is contained by landmarks"}],"all":[],"none":[],"impact":null,"html":"<option selected=\"\" value=\"\">Best Match</option>","target":["#sort > option:nth-child(1)"]},{"any":[{"id":"region","data":{"isIframe":false},"relatedNodes":[],"impact":"moderate","message":"All page content is contained by landmarks"}],"all":[],"none":[],"impact":null,"html":"<option value=\"closingDate\">Closing Date</option>","target":["option[value=\"closingDate\"]"]},{"any":[{"id":"region","data":{"isIframe":false},"relatedNodes":[],"impact":"moderate","message":"All page content is contained by landmarks"}],"all":[],"none":[],"impact":null,"html":"<option value=\"publicationDateDesc\">Date Posted (newest)</option>","target":["option[value=\"publicationDateDesc\"]"]},{"any":[{"id":"region","data":{"isIframe":false},"relatedNodes":[],"impact":"moderate","message":"All page content is contained by landmarks"}],"all":[],"none":[],"impact":null,"html":"<option value=\"salaryAsc\">Salary lowest to highest</option>","target":["option[value=\"salaryAsc\"]"]},{"any":[{"id":"region","data":{"isIframe":false},"relatedNodes":[],"impact":"moderate","message":"All page content is contained by landmarks"}],"all":[],"none":[],"impact":null,"html":"<option value=\"salaryDesc\">Salary highest to lowest</option>","target":["option[value=\"salaryDesc\"]"]},{"any":[{"id":"region","data":{"isIframe":false},"relatedNodes":[],"impact":"moderate","message":"All page content is contained by landmarks"}],"all":[],"none":[],"impact":null,"html":"<div class=\"nhsuk-form-group nhsuk-grid-column-auto\" style=\"margin-left: auto;\">","target":[".nhsuk-grid-column-auto"]},{"any":[{"id":"region","data":{"isIframe":false},"relatedNodes":[],"impact":"moderate","message":"All page content is contained by landmarks"}],"all":[],"none":[],"impact":null,"html":"<a href=\"/candidate/search/save/alerts\" class=\"save-job-3\" id=\"create-job-alert\">","target":["#create-job-alert"]},{"any":[{"id":"region","data":{"isIframe":false},"relatedNodes":[],"impact":"moderate","message":"All page content is contained by landmarks"}],"all":[],"none":[],"impact":null,"html":"<span>Create job alert</span>","target":["#create-job-alert > span"]},{"any":[{"id":"region","data":{"isIframe":false},"relatedNodes":[],"impact":"moderate","message":"All page content is contained by landmarks"}],"all":[],"none":[],"impact":null,"html":"<ul class=\"nhsuk-list search-results\">","target":[".search-results"]},{"any":[{"id":"region","data":{"isIframe":false},"relatedNodes":[],"impact":"moderate","message":"All page content is contained by landmarks"}],"all":[],"none":[],"impact":null,"html":"<li class=\"nhsuk-list-panel search-result nhsuk-u-padding-3\" data-test=\"search-result\">","target":[".nhsuk-list-panel.search-result.nhsuk-u-padding-3:nth-child(1)"]},{"any":[{"id":"region","data":{"isIframe":false},"relatedNodes":[],"impact":"moderate","message":"All page content is contained by landmarks"}],"all":[],"none":[],"impact":null,"html":"<div class=\"nhsuk-grid-row\">","target":[".nhsuk-list-panel.search-result.nhsuk-u-padding-3:nth-child(1) > .nhsuk-grid-row:nth-child(1)"]},{"any":[{"id":"region","data":{"isIframe":false},"relatedNodes":[],"impact":"moderate","message":"All page content is contained by landmarks"}],"all":[],"none":[],"impact":null,"html":"<div class=\"nhsuk-grid-column-two-thirds\">","target":[".nhsuk-list-panel.search-result.nhsuk-u-padding-3:nth-child(1) > .nhsuk-grid-row:nth-child(1) > .nhsuk-grid-column-two-thirds"]},{"any":[{"id":"region","data":{"isIframe":false},"relatedNodes":[],"impact":"moderate","message":"All page content is contained by landmarks"}],"all":[],"none":[],"impact":null,"html":"<h2 class=\"nhsuk-heading-m nhsuk-u-margin-bottom-2\" id=\"job-title-1\">","target":["#job-title-1"]},{"any":[{"id":"region","data":{"isIframe":false},"relatedNodes":[],"impact":"moderate","message":"All page content is contained by landmarks"}],"all":[],"none":[],"impact":null,"html":"<a href=\"/candidate/jobadvert/C9196-25-1091?keyword=Nurse&amp;location=London&amp;distance=5&amp;language=en\" id=\"first-result-title\" data-test=\"search-result-job-title\">\n              Senior Nursing Assistant - Neighbourhood Nursing (District Nursing)\n            </a>","target":["#first-result-title"]},{"any":[{"id":"region","data":{"isIframe":false},"relatedNodes":[],"impact":"moderate","message":"All page content is contained by landmarks"}],"all":[],"none":[],"impact":null,"html":"<div class=\"save-job nhsuk-u-margin-right-3\">","target":[".nhsuk-list-panel.search-result.nhsuk-u-padding-3:nth-child(1) > .nhsuk-grid-row:nth-child(1) > .save-job.nhsuk-u-margin-right-3"]},{"any":[{"id":"region","data":{"isIframe":false},"relatedNodes":[],"impact":"moderate","message":"All page content is contained by landmarks"}],"all":[],"none":[],"impact":null,"html":"<a href=\"/candidate/search/save-job/C9196-25-1091\" data-test=\"search-result-save-job\" aria-label=\"Save this job: Senior Nursing Assistant - Neighbourhood Nursing (District Nursing) (Reference number: C9196-25-1091)\">\n              Save this job\n            </a>","target":[".nhsuk-list-panel.search-result.nhsuk-u-padding-3:nth-child(1) > .nhsuk-grid-row:nth-child(1) > .save-job.nhsuk-u-margin-right-3 > a[data-test=\"search-result-save-job\"]"]},{"any":[{"id":"region","data":{"isIframe":false},"relatedNodes":[],"impact":"moderate","message":"All page content is contained by landmarks"}],"all":[],"none":[],"impact":null,"html":"<div class=\"nhsuk-u-margin-bottom-4\" data-test=\"search-result-location\">","target":[".nhsuk-list-panel.search-result.nhsuk-u-padding-3:nth-child(1) > .nhsuk-u-margin-bottom-4[data-test=\"search-result-location\"]"]},{"any":[{"id":"region","data":{"isIframe":false},"relatedNodes":[],"impact":"moderate","message":"All page content is contained by landmarks"}],"all":[],"none":[],"impact":null,"html":"<h3 class=\"nhsuk-u-font-weight-bold\">\n          Guy's and St Thomas' NHS Foundation Trust\n          <div class=\"location-font-size\">\n            \n              London SE1 7EH\n            \n          </div>\n        </h3>","target":[".nhsuk-list-panel.search-result.nhsuk-u-padding-3:nth-child(1) > .nhsuk-u-margin-bottom-4[data-test=\"search-result-location\"] > h3"]},{"any":[{"id":"region","data":{"isIframe":false},"relatedNodes":[],"impact":"moderate","message":"All page content is contained by landmarks"}],"all":[],"none":[],"impact":null,"html":"<div class=\"location-font-size\">\n            \n              London SE1 7EH\n            \n          </div>","target":[".nhsuk-list-panel.search-result.nhsuk-u-padding-3:nth-child(1) > .nhsuk-u-margin-bottom-4[data-test=\"search-result-location\"] > h3 > .location-font-size"]},{"any":[{"id":"region","data":{"isIframe":false},"relatedNodes":[],"impact":"moderate","message":"All page content is contained by landmarks"}],"all":[],"none":[],"impact":null,"html":"<div class=\"nhsuk-grid-row\">","target":[".nhsuk-list-panel.search-result.nhsuk-u-padding-3:nth-child(1) > .nhsuk-grid-row:nth-child(3)"]},{"any":[{"id":"region","data":{"isIframe":false},"relatedNodes":[],"impact":"moderate","message":"All page content is contained by landmarks"}],"all":[],"none":[],"impact":null,"html":"<div class=\"nhsuk-grid-column-one-half\">","target":[".nhsuk-list-panel.search-result.nhsuk-u-padding-3:nth-child(1) > .nhsuk-grid-row:nth-child(3) > .nhsuk-grid-column-one-half:nth-child(1)"]},{"any":[{"id":"region","data":{"isIframe":false},"relatedNodes":[],"impact":"moderate","message":"All page content is contained by landmarks"}],"all":[],"none":[],"impact":null,"html":"<ul class=\"ad-job-info nhsuk-list first-ad-job-info\">","target":[".nhsuk-list-panel.search-result.nhsuk-u-padding-3:nth-child(1) > .nhsuk-grid-row:nth-child(3) > .nhsuk-grid-column-one-half:nth-child(1) > .first-ad-job-info.ad-job-info.nhsuk-list"]},{"any":[{"id":"region","data":{"isIframe":false},"relatedNodes":[],"impact":"moderate","message":"All page content is contained by landmarks"}],"all":[],"none":[],"impact":null,"html":"<li data-test=\"search-result-salary\" class=\"marginBt\">\n                Salary: \n                <strong class=\"nhsuk-u-font-weight-bold\">\n                  £30,039 to £31,088\n                  \n                    a year\n                  \n                </strong>\n              </li>","target":[".nhsuk-list-panel.search-result.nhsuk-u-padding-3:nth-child(1) > .nhsuk-grid-row:nth-child(3) > .nhsuk-grid-column-one-half:nth-child(1) > .first-ad-job-info.ad-job-info.nhsuk-list > .marginBt[data-test=\"search-result-salary\"]"]},{"any":[{"id":"region","data":{"isIframe":false},"relatedNodes":[],"impact":"moderate","message":"All page content is contained by landmarks"}],"all":[],"none":[],"impact":null,"html":"<strong class=\"nhsuk-u-font-weight-bold\">\n                  £30,039 to £31,088\n                  \n                    a year\n                  \n                </strong>","target":[".nhsuk-list-panel.search-result.nhsuk-u-padding-3:nth-child(1) > .nhsuk-grid-row:nth-child(3) > .nhsuk-grid-column-one-half:nth-child(1) > .first-ad-job-info.ad-job-info.nhsuk-list > .marginBt[data-test=\"search-result-salary\"] > strong"]},{"any":[{"id":"region","data":{"isIframe":false},"relatedNodes":[],"impact":"moderate","message":"All page content is contained by landmarks"}],"all":[],"none":[],"impact":null,"html":"<li data-test=\"search-result-publicationDate\">\n                Date posted: \n                <strong class=\"nhsuk-u-font-weight-bold\">\n                  17 June 2025\n                </strong>\n              </li>","target":[".nhsuk-list-panel.search-result.nhsuk-u-padding-3:nth-child(1) > .nhsuk-grid-row:nth-child(3) > .nhsuk-grid-column-one-half:nth-child(1) > .first-ad-job-info.ad-job-info.nhsuk-list > li[data-test=\"search-result-publicationDate\"]"]},{"any":[{"id":"region","data":{"isIframe":false},"relatedNodes":[],"impact":"moderate","message":"All page content is contained by landmarks"}],"all":[],"none":[],"impact":null,"html":"<strong class=\"nhsuk-u-font-weight-bold\">\n                  17 June 2025\n                </strong>","target":[".nhsuk-list-panel.search-result.nhsuk-u-padding-3:nth-child(1) > .nhsuk-grid-row:nth-child(3) > .nhsuk-grid-column-one-half:nth-child(1) > .first-ad-job-info.ad-job-info.nhsuk-list > li[data-test=\"search-result-publicationDate\"] > strong"]},{"any":[{"id":"region","data":{"isIframe":false},"relatedNodes":[],"impact":"moderate","message":"All page content is contained by landmarks"}],"all":[],"none":[],"impact":null,"html":"<li data-test=\"search-result-closingDate\">\n                Closing date: \n                <strong class=\"nhsuk-u-font-weight-bold\">\n                  24 June 2025\n                </strong>\n              </li>","target":[".nhsuk-list-panel.search-result.nhsuk-u-padding-3:nth-child(1) > .nhsuk-grid-row:nth-child(3) > .nhsuk-grid-column-one-half:nth-child(1) > .first-ad-job-info.ad-job-info.nhsuk-list > li[data-test=\"search-result-closingDate\"]"]},{"any":[{"id":"region","data":{"isIframe":false},"relatedNodes":[],"impact":"moderate","message":"All page content is contained by landmarks"}],"all":[],"none":[],"impact":null,"html":"<strong class=\"nhsuk-u-font-weight-bold\">\n                  24 June 2025\n                </strong>","target":[".nhsuk-list-panel.search-result.nhsuk-u-padding-3:nth-child(1) > .nhsuk-grid-row:nth-child(3) > .nhsuk-grid-column-one-half:nth-child(1) > .first-ad-job-info.ad-job-info.nhsuk-list > li[data-test=\"search-result-closingDate\"] > strong"]},{"any":[{"id":"region","data":{"isIframe":false},"relatedNodes":[],"impact":"moderate","message":"All page content is contained by landmarks"}],"all":[],"none":[],"impact":null,"html":"<div class=\"nhsuk-grid-column-one-half\">","target":[".nhsuk-list-panel.search-result.nhsuk-u-padding-3:nth-child(1) > .nhsuk-grid-row:nth-child(3) > .nhsuk-grid-column-one-half:nth-child(2)"]},{"any":[{"id":"region","data":{"isIframe":false},"relatedNodes":[],"impact":"moderate","message":"All page content is contained by landmarks"}],"all":[],"none":[],"impact":null,"html":"<ul class=\"ad-job-info nhsuk-list\">","target":[".nhsuk-list-panel.search-result.nhsuk-u-padding-3:nth-child(1) > .nhsuk-grid-row:nth-child(3) > .nhsuk-grid-column-one-half:nth-child(2) > .ad-job-info.nhsuk-list"]},{"any":[{"id":"region","data":{"isIframe":false},"relatedNodes":[],"impact":"moderate","message":"All page content is contained by landmarks"}],"all":[],"none":[],"impact":null,"html":"<li data-test=\"search-result-jobType\" class=\"marginBt\">\n              Contract type: \n              <strong class=\"nhsuk-u-font-weight-bold\">\n                Permanent\n              </strong>\n            </li>","target":[".nhsuk-list-panel.search-result.nhsuk-u-padding-3:nth-child(1) > .nhsuk-grid-row:nth-child(3) > .nhsuk-grid-column-one-half:nth-child(2) > .ad-job-info.nhsuk-list > .marginBt[data-test=\"search-result-jobType\"]"]},{"any":[{"id":"region","data":{"isIframe":false},"relatedNodes":[],"impact":"moderate","message":"All page content is contained by landmarks"}],"all":[],"none":[],"impact":null,"html":"<strong class=\"nhsuk-u-font-weight-bold\">\n                Permanent\n              </strong>","target":[".nhsuk-list-panel.search-result.nhsuk-u-padding-3:nth-child(1) > .nhsuk-grid-row:nth-child(3) > .nhsuk-grid-column-one-half:nth-child(2) > .ad-job-info.nhsuk-list > .marginBt[data-test=\"search-result-jobType\"] > strong"]},{"any":[{"id":"region","data":{"isIframe":false},"relatedNodes":[],"impact":"moderate","message":"All page content is contained by landmarks"}],"all":[],"none":[],"impact":null,"html":"<li data-test=\"search-result-workingPattern\" class=\"marginBt\">\n              Working pattern: \n              <strong class=\"nhsuk-u-font-weight-bold\">\n                Full time\n              </strong>\n            </li>","target":[".nhsuk-list-panel.search-result.nhsuk-u-padding-3:nth-child(1) > .nhsuk-grid-row:nth-child(3) > .nhsuk-grid-column-one-half:nth-child(2) > .ad-job-info.nhsuk-list > .marginBt[data-test=\"search-result-workingPattern\"]"]},{"any":[{"id":"region","data":{"isIframe":false},"relatedNodes":[],"impact":"moderate","message":"All page content is contained by landmarks"}],"all":[],"none":[],"impact":null,"html":"<strong class=\"nhsuk-u-font-weight-bold\">\n                Full time\n              </strong>","target":[".nhsuk-list-panel.search-result.nhsuk-u-padding-3:nth-child(1) > .nhsuk-grid-row:nth-child(3) > .nhsuk-grid-column-one-half:nth-child(2) > .ad-job-info.nhsuk-list > .marginBt[data-test=\"search-result-workingPattern\"] > strong"]},{"any":[{"id":"region","data":{"isIframe":false},"relatedNodes":[],"impact":"moderate","message":"All page content is contained by landmarks"}],"all":[],"none":[],"impact":null,"html":"<li class=\"nhsuk-list-panel search-result nhsuk-u-padding-3\" data-test=\"search-result\">","target":[".nhsuk-list-panel.search-result.nhsuk-u-padding-3:nth-child(2)"]},{"any":[{"id":"region","data":{"isIframe":false},"relatedNodes":[],"impact":"moderate","message":"All page content is contained by landmarks"}],"all":[],"none":[],"impact":null,"html":"<div class=\"nhsuk-grid-row\">","target":[".nhsuk-list-panel.search-result.nhsuk-u-padding-3:nth-child(2) > .nhsuk-grid-row:nth-child(1)"]},{"any":[{"id":"region","data":{"isIframe":false},"relatedNodes":[],"impact":"moderate","message":"All page content is contained by landmarks"}],"all":[],"none":[],"impact":null,"html":"<div class=\"nhsuk-grid-column-two-thirds\">","target":[".nhsuk-list-panel.search-result.nhsuk-u-padding-3:nth-child(2) > .nhsuk-grid-row:nth-child(1) > .nhsuk-grid-column-two-thirds"]},{"any":[{"id":"region","data":{"isIframe":false},"relatedNodes":[],"impact":"moderate","message":"All page content is contained by landmarks"}],"all":[],"none":[],"impact":null,"html":"<h2 class=\"nhsuk-heading-m nhsuk-u-margin-bottom-2\" id=\"job-title-2\">","target":["#job-title-2"]},{"any":[{"id":"region","data":{"isIframe":false},"relatedNodes":[],"impact":"moderate","message":"All page content is contained by landmarks"}],"all":[],"none":[],"impact":null,"html":"<a href=\"/candidate/jobadvert/A3154-23-0000?keyword=Nurse&amp;location=London&amp;distance=5&amp;language=en\" data-test=\"search-result-job-title\">\n              Lead Practice Nurse or Advanced Nurse Practitioner\n            </a>","target":["#job-title-2 > a[data-test=\"search-result-job-title\"]"]},{"any":[{"id":"region","data":{"isIframe":false},"relatedNodes":[],"impact":"moderate","message":"All page content is contained by landmarks"}],"all":[],"none":[],"impact":null,"html":"<div class=\"save-job nhsuk-u-margin-right-3\">","target":[".nhsuk-list-panel.search-result.nhsuk-u-padding-3:nth-child(2) > .nhsuk-grid-row:nth-child(1) > .save-job.nhsuk-u-margin-right-3"]},{"any":[{"id":"region","data":{"isIframe":false},"relatedNodes":[],"impact":"moderate","message":"All page content is contained by landmarks"}],"all":[],"none":[],"impact":null,"html":"<a href=\"/candidate/search/save-job/A3154-23-0000\" data-test=\"search-result-save-job\" aria-label=\"Save this job: Lead Practice Nurse or Advanced Nurse Practitioner (Reference number: A3154-23-0000)\">\n              Save this job\n            </a>","target":[".nhsuk-list-panel.search-result.nhsuk-u-padding-3:nth-child(2) > .nhsuk-grid-row:nth-child(1) > .save-job.nhsuk-u-margin-right-3 > a[data-test=\"search-result-save-job\"]"]},{"any":[{"id":"region","data":{"isIframe":false},"relatedNodes":[],"impact":"moderate","message":"All page content is contained by landmarks"}],"all":[],"none":[],"impact":null,"html":"<div class=\"nhsuk-u-margin-bottom-4\" data-test=\"search-result-location\">","target":[".nhsuk-list-panel.search-result.nhsuk-u-padding-3:nth-child(2) > .nhsuk-u-margin-bottom-4[data-test=\"search-result-location\"]"]},{"any":[{"id":"region","data":{"isIframe":false},"relatedNodes":[],"impact":"moderate","message":"All page content is contained by landmarks"}],"all":[],"none":[],"impact":null,"html":"<h3 class=\"nhsuk-u-font-weight-bold\">\n          Swanscombe &amp; Bean Partnership\n          <div class=\"location-font-size\">\n            \n              Swanscombe DA10 0BF\n            \n          </div>\n        </h3>","target":[".nhsuk-list-panel.search-result.nhsuk-u-padding-3:nth-child(2) > .nhsuk-u-margin-bottom-4[data-test=\"search-result-location\"] > h3"]},{"any":[{"id":"region","data":{"isIframe":false},"relatedNodes":[],"impact":"moderate","message":"All page content is contained by landmarks"}],"all":[],"none":[],"impact":null,"html":"<div class=\"location-font-size\">\n            \n              Swanscombe DA10 0BF\n            \n          </div>","target":[".nhsuk-list-panel.search-result.nhsuk-u-padding-3:nth-child(2) > .nhsuk-u-margin-bottom-4[data-test=\"search-result-location\"] > h3 > .location-font-size"]},{"any":[{"id":"region","data":{"isIframe":false},"relatedNodes":[],"impact":"moderate","message":"All page content is contained by landmarks"}],"all":[],"none":[],"impact":null,"html":"<div class=\"nhsuk-grid-row\">","target":[".nhsuk-list-panel.search-result.nhsuk-u-padding-3:nth-child(2) > .nhsuk-grid-row:nth-child(3)"]},{"any":[{"id":"region","data":{"isIframe":false},"relatedNodes":[],"impact":"moderate","message":"All page content is contained by landmarks"}],"all":[],"none":[],"impact":null,"html":"<div class=\"nhsuk-grid-column-one-half\">","target":[".nhsuk-list-panel.search-result.nhsuk-u-padding-3:nth-child(2) > .nhsuk-grid-row:nth-child(3) > .nhsuk-grid-column-one-half:nth-child(1)"]},{"any":[{"id":"region","data":{"isIframe":false},"relatedNodes":[],"impact":"moderate","message":"All page content is contained by landmarks"}],"all":[],"none":[],"impact":null,"html":"<ul class=\"ad-job-info nhsuk-list first-ad-job-info\">","target":[".nhsuk-list-panel.search-result.nhsuk-u-padding-3:nth-child(2) > .nhsuk-grid-row:nth-child(3) > .nhsuk-grid-column-one-half:nth-child(1) > .first-ad-job-info.ad-job-info.nhsuk-list"]},{"any":[{"id":"region","data":{"isIframe":false},"relatedNodes":[],"impact":"moderate","message":"All page content is contained by landmarks"}],"all":[],"none":[],"impact":null,"html":"<li data-test=\"search-result-salary\" class=\"marginBt\">\n                Salary: \n                <strong class=\"nhsuk-u-font-weight-bold\">\n                  Depends on experience\n                </strong>\n              </li>","target":[".nhsuk-list-panel.search-result.nhsuk-u-padding-3:nth-child(2) > .nhsuk-grid-row:nth-child(3) > .nhsuk-grid-column-one-half:nth-child(1) > .first-ad-job-info.ad-job-info.nhsuk-list > .marginBt[data-test=\"search-result-salary\"]"]},{"any":[{"id":"region","data":{"isIframe":false},"relatedNodes":[],"impact":"moderate","message":"All page content is contained by landmarks"}],"all":[],"none":[],"impact":null,"html":"<strong class=\"nhsuk-u-font-weight-bold\">\n                  Depends on experience\n                </strong>","target":[".nhsuk-list-panel.search-result.nhsuk-u-padding-3:nth-child(2) > .nhsuk-grid-row:nth-child(3) > .nhsuk-grid-column-one-half:nth-child(1) > .first-ad-job-info.ad-job-info.nhsuk-list > .marginBt[data-test=\"search-result-salary\"] > strong"]},{"any":[{"id":"region","data":{"isIframe":false},"relatedNodes":[],"impact":"moderate","message":"All page content is contained by landmarks"}],"all":[],"none":[],"impact":null,"html":"<li data-test=\"search-result-publicationDate\">\n                Date posted: \n                <strong class=\"nhsuk-u-font-weight-bold\">\n                  16 June 2025\n                </strong>\n              </li>","target":[".nhsuk-list-panel.search-result.nhsuk-u-padding-3:nth-child(2) > .nhsuk-grid-row:nth-child(3) > .nhsuk-grid-column-one-half:nth-child(1) > .first-ad-job-info.ad-job-info.nhsuk-list > li[data-test=\"search-result-publicationDate\"]"]},{"any":[{"id":"region","data":{"isIframe":false},"relatedNodes":[],"impact":"moderate","message":"All page content is contained by landmarks"}],"all":[],"none":[],"impact":null,"html":"<strong class=\"nhsuk-u-font-weight-bold\">\n                  16 June 2025\n                </strong>","target":[".nhsuk-list-panel.search-result.nhsuk-u-padding-3:nth-child(2) > .nhsuk-grid-row:nth-child(3) > .nhsuk-grid-column-one-half:nth-child(1) > .first-ad-job-info.ad-job-info.nhsuk-list > li[data-test=\"search-result-publicationDate\"] > strong"]},{"any":[{"id":"region","data":{"isIframe":false},"relatedNodes":[],"impact":"moderate","message":"All page content is contained by landmarks"}],"all":[],"none":[],"impact":null,"html":"<li data-test=\"search-result-closingDate\">\n                Closing date: \n                <strong class=\"nhsuk-u-font-weight-bold\">\n                  31 July 2025\n                </strong>\n              </li>","target":[".nhsuk-list-panel.search-result.nhsuk-u-padding-3:nth-child(2) > .nhsuk-grid-row:nth-child(3) > .nhsuk-grid-column-one-half:nth-child(1) > .first-ad-job-info.ad-job-info.nhsuk-list > li[data-test=\"search-result-closingDate\"]"]},{"any":[{"id":"region","data":{"isIframe":false},"relatedNodes":[],"impact":"moderate","message":"All page content is contained by landmarks"}],"all":[],"none":[],"impact":null,"html":"<strong class=\"nhsuk-u-font-weight-bold\">\n                  31 July 2025\n                </strong>","target":[".nhsuk-list-panel.search-result.nhsuk-u-padding-3:nth-child(2) > .nhsuk-grid-row:nth-child(3) > .nhsuk-grid-column-one-half:nth-child(1) > .first-ad-job-info.ad-job-info.nhsuk-list > li[data-test=\"search-result-closingDate\"] > strong"]},{"any":[{"id":"region","data":{"isIframe":false},"relatedNodes":[],"impact":"moderate","message":"All page content is contained by landmarks"}],"all":[],"none":[],"impact":null,"html":"<div class=\"nhsuk-grid-column-one-half\">","target":[".nhsuk-list-panel.search-result.nhsuk-u-padding-3:nth-child(2) > .nhsuk-grid-row:nth-child(3) > .nhsuk-grid-column-one-half:nth-child(2)"]},{"any":[{"id":"region","data":{"isIframe":false},"relatedNodes":[],"impact":"moderate","message":"All page content is contained by landmarks"}],"all":[],"none":[],"impact":null,"html":"<ul class=\"ad-job-info nhsuk-list\">","target":[".nhsuk-list-panel.search-result.nhsuk-u-padding-3:nth-child(2) > .nhsuk-grid-row:nth-child(3) > .nhsuk-grid-column-one-half:nth-child(2) > .ad-job-info.nhsuk-list"]},{"any":[{"id":"region","data":{"isIframe":false},"relatedNodes":[],"impact":"moderate","message":"All page content is contained by landmarks"}],"all":[],"none":[],"impact":null,"html":"<li data-test=\"search-result-jobType\" class=\"marginBt\">\n              Contract type: \n              <strong class=\"nhsuk-u-font-weight-bold\">\n                Permanent\n              </strong>\n            </li>","target":[".nhsuk-list-panel.search-result.nhsuk-u-padding-3:nth-child(2) > .nhsuk-grid-row:nth-child(3) > .nhsuk-grid-column-one-half:nth-child(2) > .ad-job-info.nhsuk-list > .marginBt[data-test=\"search-result-jobType\"]"]},{"any":[{"id":"region","data":{"isIframe":false},"relatedNodes":[],"impact":"moderate","message":"All page content is contained by landmarks"}],"all":[],"none":[],"impact":null,"html":"<strong class=\"nhsuk-u-font-weight-bold\">\n                Permanent\n              </strong>","target":[".nhsuk-list-panel.search-result.nhsuk-u-padding-3:nth-child(2) > .nhsuk-grid-row:nth-child(3) > .nhsuk-grid-column-one-half:nth-child(2) > .ad-job-info.nhsuk-list > .marginBt[data-test=\"search-result-jobType\"] > strong"]},{"any":[{"id":"region","data":{"isIframe":false},"relatedNodes":[],"impact":"moderate","message":"All page content is contained by landmarks"}],"all":[],"none":[],"impact":null,"html":"<li data-test=\"search-result-workingPattern\" class=\"marginBt\">\n              Working pattern: \n              <strong class=\"nhsuk-u-font-weight-bold\">\n                Flexible working, Full time\n              </strong>\n            </li>","target":[".nhsuk-list-panel.search-result.nhsuk-u-padding-3:nth-child(2) > .nhsuk-grid-row:nth-child(3) > .nhsuk-grid-column-one-half:nth-child(2) > .ad-job-info.nhsuk-list > .marginBt[data-test=\"search-result-workingPattern\"]"]},{"any":[{"id":"region","data":{"isIframe":false},"relatedNodes":[],"impact":"moderate","message":"All page content is contained by landmarks"}],"all":[],"none":[],"impact":null,"html":"<strong class=\"nhsuk-u-font-weight-bold\">\n                Flexible working, Full time\n              </strong>","target":[".nhsuk-list-panel.search-result.nhsuk-u-padding-3:nth-child(2) > .nhsuk-grid-row:nth-child(3) > .nhsuk-grid-column-one-half:nth-child(2) > .ad-job-info.nhsuk-list > .marginBt[data-test=\"search-result-workingPattern\"] > strong"]},{"any":[{"id":"region","data":{"isIframe":false},"relatedNodes":[],"impact":"moderate","message":"All page content is contained by landmarks"}],"all":[],"none":[],"impact":null,"html":"<li class=\"nhsuk-list-panel search-result nhsuk-u-padding-3\" data-test=\"search-result\">","target":[".nhsuk-list-panel.search-result.nhsuk-u-padding-3:nth-child(3)"]},{"any":[{"id":"region","data":{"isIframe":false},"relatedNodes":[],"impact":"moderate","message":"All page content is contained by landmarks"}],"all":[],"none":[],"impact":null,"html":"<div class=\"nhsuk-grid-row\">","target":[".nhsuk-list-panel.search-result.nhsuk-u-padding-3:nth-child(3) > .nhsuk-grid-row:nth-child(1)"]},{"any":[{"id":"region","data":{"isIframe":false},"relatedNodes":[],"impact":"moderate","message":"All page content is contained by landmarks"}],"all":[],"none":[],"impact":null,"html":"<div class=\"nhsuk-grid-column-two-thirds\">","target":[".nhsuk-list-panel.search-result.nhsuk-u-padding-3:nth-child(3) > .nhsuk-grid-row:nth-child(1) > .nhsuk-grid-column-two-thirds"]},{"any":[{"id":"region","data":{"isIframe":false},"relatedNodes":[],"impact":"moderate","message":"All page content is contained by landmarks"}],"all":[],"none":[],"impact":null,"html":"<h2 class=\"nhsuk-heading-m nhsuk-u-margin-bottom-2\" id=\"job-title-3\">","target":["#job-title-3"]},{"any":[{"id":"region","data":{"isIframe":false},"relatedNodes":[],"impact":"moderate","message":"All page content is contained by landmarks"}],"all":[],"none":[],"impact":null,"html":"<a href=\"/candidate/jobadvert/A2052-25-0003?keyword=Nurse&amp;location=London&amp;distance=5&amp;language=en\" data-test=\"search-result-job-title\">\n              Practice Nurse\n            </a>","target":["#job-title-3 > a[data-test=\"search-result-job-title\"]"]},{"any":[{"id":"region","data":{"isIframe":false},"relatedNodes":[],"impact":"moderate","message":"All page content is contained by landmarks"}],"all":[],"none":[],"impact":null,"html":"<div class=\"save-job nhsuk-u-margin-right-3\">","target":[".nhsuk-list-panel.search-result.nhsuk-u-padding-3:nth-child(3) > .nhsuk-grid-row:nth-child(1) > .save-job.nhsuk-u-margin-right-3"]},{"any":[{"id":"region","data":{"isIframe":false},"relatedNodes":[],"impact":"moderate","message":"All page content is contained by landmarks"}],"all":[],"none":[],"impact":null,"html":"<a href=\"/candidate/search/save-job/A2052-25-0003\" data-test=\"search-result-save-job\" aria-label=\"Save this job: Practice Nurse (Reference number: A2052-25-0003)\">\n              Save this job\n            </a>","target":[".nhsuk-list-panel.search-result.nhsuk-u-padding-3:nth-child(3) > .nhsuk-grid-row:nth-child(1) > .save-job.nhsuk-u-margin-right-3 > a[data-test=\"search-result-save-job\"]"]},{"any":[{"id":"region","data":{"isIframe":false},"relatedNodes":[],"impact":"moderate","message":"All page content is contained by landmarks"}],"all":[],"none":[],"impact":null,"html":"<div class=\"nhsuk-u-margin-bottom-4\" data-test=\"search-result-location\">","target":[".nhsuk-list-panel.search-result.nhsuk-u-padding-3:nth-child(3) > .nhsuk-u-margin-bottom-4[data-test=\"search-result-location\"]"]},{"any":[{"id":"region","data":{"isIframe":false},"relatedNodes":[],"impact":"moderate","message":"All page content is contained by landmarks"}],"all":[],"none":[],"impact":null,"html":"<h3 class=\"nhsuk-u-font-weight-bold\">\n          Swanley Medical Practice\n          <div class=\"location-font-size\">\n            \n              Swanley BR8 7AH, \n            \n              Swanley BR8 7UP, \n            \n              Swanley BR8 7RB\n            \n          </div>\n        </h3>","target":[".nhsuk-list-panel.search-result.nhsuk-u-padding-3:nth-child(3) > .nhsuk-u-margin-bottom-4[data-test=\"search-result-location\"] > h3"]},{"any":[{"id":"region","data":{"isIframe":false},"relatedNodes":[],"impact":"moderate","message":"All page content is contained by landmarks"}],"all":[],"none":[],"impact":null,"html":"<div class=\"location-font-size\">\n            \n              Swanley BR8 7AH, \n            \n              Swanley BR8 7UP, \n            \n              Swanley BR8 7RB\n            \n          </div>","target":[".nhsuk-list-panel.search-result.nhsuk-u-padding-3:nth-child(3) > .nhsuk-u-margin-bottom-4[data-test=\"search-result-location\"] > h3 > .location-font-size"]},{"any":[{"id":"region","data":{"isIframe":false},"relatedNodes":[],"impact":"moderate","message":"All page content is contained by landmarks"}],"all":[],"none":[],"impact":null,"html":"<div class=\"nhsuk-grid-row\">","target":[".nhsuk-list-panel.search-result.nhsuk-u-padding-3:nth-child(3) > .nhsuk-grid-row:nth-child(3)"]},{"any":[{"id":"region","data":{"isIframe":false},"relatedNodes":[],"impact":"moderate","message":"All page content is contained by landmarks"}],"all":[],"none":[],"impact":null,"html":"<div class=\"nhsuk-grid-column-one-half\">","target":[".nhsuk-list-panel.search-result.nhsuk-u-padding-3:nth-child(3) > .nhsuk-grid-row:nth-child(3) > .nhsuk-grid-column-one-half:nth-child(1)"]},{"any":[{"id":"region","data":{"isIframe":false},"relatedNodes":[],"impact":"moderate","message":"All page content is contained by landmarks"}],"all":[],"none":[],"impact":null,"html":"<ul class=\"ad-job-info nhsuk-list first-ad-job-info\">","target":[".nhsuk-list-panel.search-result.nhsuk-u-padding-3:nth-child(3) > .nhsuk-grid-row:nth-child(3) > .nhsuk-grid-column-one-half:nth-child(1) > .first-ad-job-info.ad-job-info.nhsuk-list"]},{"any":[{"id":"region","data":{"isIframe":false},"relatedNodes":[],"impact":"moderate","message":"All page content is contained by landmarks"}],"all":[],"none":[],"impact":null,"html":"<li data-test=\"search-result-salary\" class=\"marginBt\">\n                Salary: \n                <strong class=\"nhsuk-u-font-weight-bold\">\n                  £18 to £24\n                  \n                    an hour\n                  \n                </strong>\n              </li>","target":[".nhsuk-list-panel.search-result.nhsuk-u-padding-3:nth-child(3) > .nhsuk-grid-row:nth-child(3) > .nhsuk-grid-column-one-half:nth-child(1) > .first-ad-job-info.ad-job-info.nhsuk-list > .marginBt[data-test=\"search-result-salary\"]"]},{"any":[{"id":"region","data":{"isIframe":false},"relatedNodes":[],"impact":"moderate","message":"All page content is contained by landmarks"}],"all":[],"none":[],"impact":null,"html":"<strong class=\"nhsuk-u-font-weight-bold\">\n                  £18 to £24\n                  \n                    an hour\n                  \n                </strong>","target":[".nhsuk-list-panel.search-result.nhsuk-u-padding-3:nth-child(3) > .nhsuk-grid-row:nth-child(3) > .nhsuk-grid-column-one-half:nth-child(1) > .first-ad-job-info.ad-job-info.nhsuk-list > .marginBt[data-test=\"search-result-salary\"] > strong"]},{"any":[{"id":"region","data":{"isIframe":false},"relatedNodes":[],"impact":"moderate","message":"All page content is contained by landmarks"}],"all":[],"none":[],"impact":null,"html":"<li data-test=\"search-result-publicationDate\">\n                Date posted: \n                <strong class=\"nhsuk-u-font-weight-bold\">\n                  29 May 2025\n                </strong>\n              </li>","target":[".nhsuk-list-panel.search-result.nhsuk-u-padding-3:nth-child(3) > .nhsuk-grid-row:nth-child(3) > .nhsuk-grid-column-one-half:nth-child(1) > .first-ad-job-info.ad-job-info.nhsuk-list > li[data-test=\"search-result-publicationDate\"]"]},{"any":[{"id":"region","data":{"isIframe":false},"relatedNodes":[],"impact":"moderate","message":"All page content is contained by landmarks"}],"all":[],"none":[],"impact":null,"html":"<strong class=\"nhsuk-u-font-weight-bold\">\n                  29 May 2025\n                </strong>","target":[".nhsuk-list-panel.search-result.nhsuk-u-padding-3:nth-child(3) > .nhsuk-grid-row:nth-child(3) > .nhsuk-grid-column-one-half:nth-child(1) > .first-ad-job-info.ad-job-info.nhsuk-list > li[data-test=\"search-result-publicationDate\"] > strong"]},{"any":[{"id":"region","data":{"isIframe":false},"relatedNodes":[],"impact":"moderate","message":"All page content is contained by landmarks"}],"all":[],"none":[],"impact":null,"html":"<li data-test=\"search-result-closingDate\">\n                Closing date: \n                <strong class=\"nhsuk-u-font-weight-bold\">\n                  30 November 2025\n                </strong>\n              </li>","target":[".nhsuk-list-panel.search-result.nhsuk-u-padding-3:nth-child(3) > .nhsuk-grid-row:nth-child(3) > .nhsuk-grid-column-one-half:nth-child(1) > .first-ad-job-info.ad-job-info.nhsuk-list > li[data-test=\"search-result-closingDate\"]"]},{"any":[{"id":"region","data":{"isIframe":false},"relatedNodes":[],"impact":"moderate","message":"All page content is contained by landmarks"}],"all":[],"none":[],"impact":null,"html":"<strong class=\"nhsuk-u-font-weight-bold\">\n                  30 November 2025\n                </strong>","target":[".nhsuk-list-panel.search-result.nhsuk-u-padding-3:nth-child(3) > .nhsuk-grid-row:nth-child(3) > .nhsuk-grid-column-one-half:nth-child(1) > .first-ad-job-info.ad-job-info.nhsuk-list > li[data-test=\"search-result-closingDate\"] > strong"]},{"any":[{"id":"region","data":{"isIframe":false},"relatedNodes":[],"impact":"moderate","message":"All page content is contained by landmarks"}],"all":[],"none":[],"impact":null,"html":"<div class=\"nhsuk-grid-column-one-half\">","target":[".nhsuk-list-panel.search-result.nhsuk-u-padding-3:nth-child(3) > .nhsuk-grid-row:nth-child(3) > .nhsuk-grid-column-one-half:nth-child(2)"]},{"any":[{"id":"region","data":{"isIframe":false},"relatedNodes":[],"impact":"moderate","message":"All page content is contained by landmarks"}],"all":[],"none":[],"impact":null,"html":"<ul class=\"ad-job-info nhsuk-list\">","target":[".nhsuk-list-panel.search-result.nhsuk-u-padding-3:nth-child(3) > .nhsuk-grid-row:nth-child(3) > .nhsuk-grid-column-one-half:nth-child(2) > .ad-job-info.nhsuk-list"]},{"any":[{"id":"region","data":{"isIframe":false},"relatedNodes":[],"impact":"moderate","message":"All page content is contained by landmarks"}],"all":[],"none":[],"impact":null,"html":"<li data-test=\"search-result-jobType\" class=\"marginBt\">\n              Contract type: \n              <strong class=\"nhsuk-u-font-weight-bold\">\n                Permanent\n              </strong>\n            </li>","target":[".nhsuk-list-panel.search-result.nhsuk-u-padding-3:nth-child(3) > .nhsuk-grid-row:nth-child(3) > .nhsuk-grid-column-one-half:nth-child(2) > .ad-job-info.nhsuk-list > .marginBt[data-test=\"search-result-jobType\"]"]},{"any":[{"id":"region","data":{"isIframe":false},"relatedNodes":[],"impact":"moderate","message":"All page content is contained by landmarks"}],"all":[],"none":[],"impact":null,"html":"<strong class=\"nhsuk-u-font-weight-bold\">\n                Permanent\n              </strong>","target":[".nhsuk-list-panel.search-result.nhsuk-u-padding-3:nth-child(3) > .nhsuk-grid-row:nth-child(3) > .nhsuk-grid-column-one-half:nth-child(2) > .ad-job-info.nhsuk-list > .marginBt[data-test=\"search-result-jobType\"] > strong"]},{"any":[{"id":"region","data":{"isIframe":false},"relatedNodes":[],"impact":"moderate","message":"All page content is contained by landmarks"}],"all":[],"none":[],"impact":null,"html":"<li data-test=\"search-result-workingPattern\" class=\"marginBt\">\n              Working pattern: \n              <strong class=\"nhsuk-u-font-weight-bold\">\n                Compressed hours, Flexible working, Full time, Job-share, Part time\n              </strong>\n            </li>","target":[".nhsuk-list-panel.search-result.nhsuk-u-padding-3:nth-child(3) > .nhsuk-grid-row:nth-child(3) > .nhsuk-grid-column-one-half:nth-child(2) > .ad-job-info.nhsuk-list > .marginBt[data-test=\"search-result-workingPattern\"]"]},{"any":[{"id":"region","data":{"isIframe":false},"relatedNodes":[],"impact":"moderate","message":"All page content is contained by landmarks"}],"all":[],"none":[],"impact":null,"html":"<strong class=\"nhsuk-u-font-weight-bold\">\n                Compressed hours, Flexible working, Full time, Job-share, Part time\n              </strong>","target":[".nhsuk-list-panel.search-result.nhsuk-u-padding-3:nth-child(3) > .nhsuk-grid-row:nth-child(3) > .nhsuk-grid-column-one-half:nth-child(2) > .ad-job-info.nhsuk-list > .marginBt[data-test=\"search-result-workingPattern\"] > strong"]},{"any":[{"id":"region","data":{"isIframe":false},"relatedNodes":[],"impact":"moderate","message":"All page content is contained by landmarks"}],"all":[],"none":[],"impact":null,"html":"<li class=\"nhsuk-list-panel search-result nhsuk-u-padding-3\" data-test=\"search-result\">","target":[".nhsuk-list-panel.search-result.nhsuk-u-padding-3:nth-child(4)"]},{"any":[{"id":"region","data":{"isIframe":false},"relatedNodes":[],"impact":"moderate","message":"All page content is contained by landmarks"}],"all":[],"none":[],"impact":null,"html":"<div class=\"nhsuk-grid-row\">","target":[".nhsuk-list-panel.search-result.nhsuk-u-padding-3:nth-child(4) > .nhsuk-grid-row:nth-child(1)"]},{"any":[{"id":"region","data":{"isIframe":false},"relatedNodes":[],"impact":"moderate","message":"All page content is contained by landmarks"}],"all":[],"none":[],"impact":null,"html":"<div class=\"nhsuk-grid-column-two-thirds\">","target":[".nhsuk-list-panel.search-result.nhsuk-u-padding-3:nth-child(4) > .nhsuk-grid-row:nth-child(1) > .nhsuk-grid-column-two-thirds"]},{"any":[{"id":"region","data":{"isIframe":false},"relatedNodes":[],"impact":"moderate","message":"All page content is contained by landmarks"}],"all":[],"none":[],"impact":null,"html":"<h2 class=\"nhsuk-heading-m nhsuk-u-margin-bottom-2\" id=\"job-title-4\">","target":["#job-title-4"]},{"any":[{"id":"region","data":{"isIframe":false},"relatedNodes":[],"impact":"moderate","message":"All page content is contained by landmarks"}],"all":[],"none":[],"impact":null,"html":"<a href=\"/candidate/jobadvert/A2052-25-0002?keyword=Nurse&amp;location=London&amp;distance=5&amp;language=en\" data-test=\"search-result-job-title\">\n              Practice Nurse\n            </a>","target":["#job-title-4 > a[data-test=\"search-result-job-title\"]"]},{"any":[{"id":"region","data":{"isIframe":false},"relatedNodes":[],"impact":"moderate","message":"All page content is contained by landmarks"}],"all":[],"none":[],"impact":null,"html":"<div class=\"save-job nhsuk-u-margin-right-3\">","target":[".nhsuk-list-panel.search-result.nhsuk-u-padding-3:nth-child(4) > .nhsuk-grid-row:nth-child(1) > .save-job.nhsuk-u-margin-right-3"]},{"any":[{"id":"region","data":{"isIframe":false},"relatedNodes":[],"impact":"moderate","message":"All page content is contained by landmarks"}],"all":[],"none":[],"impact":null,"html":"<a href=\"/candidate/search/save-job/A2052-25-0002\" data-test=\"search-result-save-job\" aria-label=\"Save this job: Practice Nurse (Reference number: A2052-25-0002)\">\n              Save this job\n            </a>","target":[".nhsuk-list-panel.search-result.nhsuk-u-padding-3:nth-child(4) > .nhsuk-grid-row:nth-child(1) > .save-job.nhsuk-u-margin-right-3 > a[data-test=\"search-result-save-job\"]"]},{"any":[{"id":"region","data":{"isIframe":false},"relatedNodes":[],"impact":"moderate","message":"All page content is contained by landmarks"}],"all":[],"none":[],"impact":null,"html":"<div class=\"nhsuk-u-margin-bottom-4\" data-test=\"search-result-location\">","target":[".nhsuk-list-panel.search-result.nhsuk-u-padding-3:nth-child(4) > .nhsuk-u-margin-bottom-4[data-test=\"search-result-location\"]"]},{"any":[{"id":"region","data":{"isIframe":false},"relatedNodes":[],"impact":"moderate","message":"All page content is contained by landmarks"}],"all":[],"none":[],"impact":null,"html":"<h3 class=\"nhsuk-u-font-weight-bold\">\n          Swanley Medical Practice\n          <div class=\"location-font-size\">\n            \n              Swanley BR8 7AH, \n            \n              Swanley BR8 7UP, \n            \n              Swanley BR8 7RB\n            \n          </div>\n        </h3>","target":[".nhsuk-list-panel.search-result.nhsuk-u-padding-3:nth-child(4) > .nhsuk-u-margin-bottom-4[data-test=\"search-result-location\"] > h3"]},{"any":[{"id":"region","data":{"isIframe":false},"relatedNodes":[],"impact":"moderate","message":"All page content is contained by landmarks"}],"all":[],"none":[],"impact":null,"html":"<div class=\"location-font-size\">\n            \n              Swanley BR8 7AH, \n            \n              Swanley BR8 7UP, \n            \n              Swanley BR8 7RB\n            \n          </div>","target":[".nhsuk-list-panel.search-result.nhsuk-u-padding-3:nth-child(4) > .nhsuk-u-margin-bottom-4[data-test=\"search-result-location\"] > h3 > .location-font-size"]},{"any":[{"id":"region","data":{"isIframe":false},"relatedNodes":[],"impact":"moderate","message":"All page content is contained by landmarks"}],"all":[],"none":[],"impact":null,"html":"<div class=\"nhsuk-grid-row\">","target":[".nhsuk-list-panel.search-result.nhsuk-u-padding-3:nth-child(4) > .nhsuk-grid-row:nth-child(3)"]},{"any":[{"id":"region","data":{"isIframe":false},"relatedNodes":[],"impact":"moderate","message":"All page content is contained by landmarks"}],"all":[],"none":[],"impact":null,"html":"<div class=\"nhsuk-grid-column-one-half\">","target":[".nhsuk-list-panel.search-result.nhsuk-u-padding-3:nth-child(4) > .nhsuk-grid-row:nth-child(3) > .nhsuk-grid-column-one-half:nth-child(1)"]},{"any":[{"id":"region","data":{"isIframe":false},"relatedNodes":[],"impact":"moderate","message":"All page content is contained by landmarks"}],"all":[],"none":[],"impact":null,"html":"<ul class=\"ad-job-info nhsuk-list first-ad-job-info\">","target":[".nhsuk-list-panel.search-result.nhsuk-u-padding-3:nth-child(4) > .nhsuk-grid-row:nth-child(3) > .nhsuk-grid-column-one-half:nth-child(1) > .first-ad-job-info.ad-job-info.nhsuk-list"]},{"any":[{"id":"region","data":{"isIframe":false},"relatedNodes":[],"impact":"moderate","message":"All page content is contained by landmarks"}],"all":[],"none":[],"impact":null,"html":"<li data-test=\"search-result-salary\" class=\"marginBt\">\n                Salary: \n                <strong class=\"nhsuk-u-font-weight-bold\">\n                  £18 to £24\n                  \n                    an hour\n                  \n                </strong>\n              </li>","target":[".nhsuk-list-panel.search-result.nhsuk-u-padding-3:nth-child(4) > .nhsuk-grid-row:nth-child(3) > .nhsuk-grid-column-one-half:nth-child(1) > .first-ad-job-info.ad-job-info.nhsuk-list > .marginBt[data-test=\"search-result-salary\"]"]},{"any":[{"id":"region","data":{"isIframe":false},"relatedNodes":[],"impact":"moderate","message":"All page content is contained by landmarks"}],"all":[],"none":[],"impact":null,"html":"<strong class=\"nhsuk-u-font-weight-bold\">\n                  £18 to £24\n                  \n                    an hour\n                  \n                </strong>","target":[".nhsuk-list-panel.search-result.nhsuk-u-padding-3:nth-child(4) > .nhsuk-grid-row:nth-child(3) > .nhsuk-grid-column-one-half:nth-child(1) > .first-ad-job-info.ad-job-info.nhsuk-list > .marginBt[data-test=\"search-result-salary\"] > strong"]},{"any":[{"id":"region","data":{"isIframe":false},"relatedNodes":[],"impact":"moderate","message":"All page content is contained by landmarks"}],"all":[],"none":[],"impact":null,"html":"<li data-test=\"search-result-publicationDate\">\n                Date posted: \n                <strong class=\"nhsuk-u-font-weight-bold\">\n                  29 May 2025\n                </strong>\n              </li>","target":[".nhsuk-list-panel.search-result.nhsuk-u-padding-3:nth-child(4) > .nhsuk-grid-row:nth-child(3) > .nhsuk-grid-column-one-half:nth-child(1) > .first-ad-job-info.ad-job-info.nhsuk-list > li[data-test=\"search-result-publicationDate\"]"]},{"any":[{"id":"region","data":{"isIframe":false},"relatedNodes":[],"impact":"moderate","message":"All page content is contained by landmarks"}],"all":[],"none":[],"impact":null,"html":"<strong class=\"nhsuk-u-font-weight-bold\">\n                  29 May 2025\n                </strong>","target":[".nhsuk-list-panel.search-result.nhsuk-u-padding-3:nth-child(4) > .nhsuk-grid-row:nth-child(3) > .nhsuk-grid-column-one-half:nth-child(1) > .first-ad-job-info.ad-job-info.nhsuk-list > li[data-test=\"search-result-publicationDate\"] > strong"]},{"any":[{"id":"region","data":{"isIframe":false},"relatedNodes":[],"impact":"moderate","message":"All page content is contained by landmarks"}],"all":[],"none":[],"impact":null,"html":"<li data-test=\"search-result-closingDate\">\n                Closing date: \n                <strong class=\"nhsuk-u-font-weight-bold\">\n                  30 November 2025\n                </strong>\n              </li>","target":[".nhsuk-list-panel.search-result.nhsuk-u-padding-3:nth-child(4) > .nhsuk-grid-row:nth-child(3) > .nhsuk-grid-column-one-half:nth-child(1) > .first-ad-job-info.ad-job-info.nhsuk-list > li[data-test=\"search-result-closingDate\"]"]},{"any":[{"id":"region","data":{"isIframe":false},"relatedNodes":[],"impact":"moderate","message":"All page content is contained by landmarks"}],"all":[],"none":[],"impact":null,"html":"<strong class=\"nhsuk-u-font-weight-bold\">\n                  30 November 2025\n                </strong>","target":[".nhsuk-list-panel.search-result.nhsuk-u-padding-3:nth-child(4) > .nhsuk-grid-row:nth-child(3) > .nhsuk-grid-column-one-half:nth-child(1) > .first-ad-job-info.ad-job-info.nhsuk-list > li[data-test=\"search-result-closingDate\"] > strong"]},{"any":[{"id":"region","data":{"isIframe":false},"relatedNodes":[],"impact":"moderate","message":"All page content is contained by landmarks"}],"all":[],"none":[],"impact":null,"html":"<div class=\"nhsuk-grid-column-one-half\">","target":[".nhsuk-list-panel.search-result.nhsuk-u-padding-3:nth-child(4) > .nhsuk-grid-row:nth-child(3) > .nhsuk-grid-column-one-half:nth-child(2)"]},{"any":[{"id":"region","data":{"isIframe":false},"relatedNodes":[],"impact":"moderate","message":"All page content is contained by landmarks"}],"all":[],"none":[],"impact":null,"html":"<ul class=\"ad-job-info nhsuk-list\">","target":[".nhsuk-list-panel.search-result.nhsuk-u-padding-3:nth-child(4) > .nhsuk-grid-row:nth-child(3) > .nhsuk-grid-column-one-half:nth-child(2) > .ad-job-info.nhsuk-list"]},{"any":[{"id":"region","data":{"isIframe":false},"relatedNodes":[],"impact":"moderate","message":"All page content is contained by landmarks"}],"all":[],"none":[],"impact":null,"html":"<li data-test=\"search-result-jobType\" class=\"marginBt\">\n              Contract type: \n              <strong class=\"nhsuk-u-font-weight-bold\">\n                Permanent\n              </strong>\n            </li>","target":[".nhsuk-list-panel.search-result.nhsuk-u-padding-3:nth-child(4) > .nhsuk-grid-row:nth-child(3) > .nhsuk-grid-column-one-half:nth-child(2) > .ad-job-info.nhsuk-list > .marginBt[data-test=\"search-result-jobType\"]"]},{"any":[{"id":"region","data":{"isIframe":false},"relatedNodes":[],"impact":"moderate","message":"All page content is contained by landmarks"}],"all":[],"none":[],"impact":null,"html":"<strong class=\"nhsuk-u-font-weight-bold\">\n                Permanent\n              </strong>","target":[".nhsuk-list-panel.search-result.nhsuk-u-padding-3:nth-child(4) > .nhsuk-grid-row:nth-child(3) > .nhsuk-grid-column-one-half:nth-child(2) > .ad-job-info.nhsuk-list > .marginBt[data-test=\"search-result-jobType\"] > strong"]},{"any":[{"id":"region","data":{"isIframe":false},"relatedNodes":[],"impact":"moderate","message":"All page content is contained by landmarks"}],"all":[],"none":[],"impact":null,"html":"<li data-test=\"search-result-workingPattern\" class=\"marginBt\">\n              Working pattern: \n              <strong class=\"nhsuk-u-font-weight-bold\">\n                Compressed hours, Flexible working, Full time, Job-share, Part time\n              </strong>\n            </li>","target":[".nhsuk-list-panel.search-result.nhsuk-u-padding-3:nth-child(4) > .nhsuk-grid-row:nth-child(3) > .nhsuk-grid-column-one-half:nth-child(2) > .ad-job-info.nhsuk-list > .marginBt[data-test=\"search-result-workingPattern\"]"]},{"any":[{"id":"region","data":{"isIframe":false},"relatedNodes":[],"impact":"moderate","message":"All page content is contained by landmarks"}],"all":[],"none":[],"impact":null,"html":"<strong class=\"nhsuk-u-font-weight-bold\">\n                Compressed hours, Flexible working, Full time, Job-share, Part time\n              </strong>","target":[".nhsuk-list-panel.search-result.nhsuk-u-padding-3:nth-child(4) > .nhsuk-grid-row:nth-child(3) > .nhsuk-grid-column-one-half:nth-child(2) > .ad-job-info.nhsuk-list > .marginBt[data-test=\"search-result-workingPattern\"] > strong"]},{"any":[{"id":"region","data":{"isIframe":false},"relatedNodes":[],"impact":"moderate","message":"All page content is contained by landmarks"}],"all":[],"none":[],"impact":null,"html":"<li class=\"nhsuk-list-panel search-result nhsuk-u-padding-3\" data-test=\"search-result\">","target":[".nhsuk-list-panel.search-result.nhsuk-u-padding-3:nth-child(5)"]},{"any":[{"id":"region","data":{"isIframe":false},"relatedNodes":[],"impact":"moderate","message":"All page content is contained by landmarks"}],"all":[],"none":[],"impact":null,"html":"<div class=\"nhsuk-grid-row\">","target":[".nhsuk-list-panel.search-result.nhsuk-u-padding-3:nth-child(5) > .nhsuk-grid-row:nth-child(1)"]},{"any":[{"id":"region","data":{"isIframe":false},"relatedNodes":[],"impact":"moderate","message":"All page content is contained by landmarks"}],"all":[],"none":[],"impact":null,"html":"<div class=\"nhsuk-grid-column-two-thirds\">","target":[".nhsuk-list-panel.search-result.nhsuk-u-padding-3:nth-child(5) > .nhsuk-grid-row:nth-child(1) > .nhsuk-grid-column-two-thirds"]},{"any":[{"id":"region","data":{"isIframe":false},"relatedNodes":[],"impact":"moderate","message":"All page content is contained by landmarks"}],"all":[],"none":[],"impact":null,"html":"<h2 class=\"nhsuk-heading-m nhsuk-u-margin-bottom-2\" id=\"job-title-5\">","target":["#job-title-5"]},{"any":[{"id":"region","data":{"isIframe":false},"relatedNodes":[],"impact":"moderate","message":"All page content is contained by landmarks"}],"all":[],"none":[],"impact":null,"html":"<a href=\"/candidate/jobadvert/C9200-25-0733?keyword=Nurse&amp;location=London&amp;distance=5&amp;language=en\" data-test=\"search-result-job-title\">\n              Dermatology &amp; Skin Cancer Clinical Nurse Specialist Nurse\n            </a>","target":["#job-title-5 > a[data-test=\"search-result-job-title\"]"]},{"any":[{"id":"region","data":{"isIframe":false},"relatedNodes":[],"impact":"moderate","message":"All page content is contained by landmarks"}],"all":[],"none":[],"impact":null,"html":"<div class=\"save-job nhsuk-u-margin-right-3\">","target":[".nhsuk-list-panel.search-result.nhsuk-u-padding-3:nth-child(5) > .nhsuk-grid-row:nth-child(1) > .save-job.nhsuk-u-margin-right-3"]},{"any":[{"id":"region","data":{"isIframe":false},"relatedNodes":[],"impact":"moderate","message":"All page content is contained by landmarks"}],"all":[],"none":[],"impact":null,"html":"<a href=\"/candidate/search/save-job/C9200-25-0733\" data-test=\"search-result-save-job\" aria-label=\"Save this job: Dermatology &amp; Skin Cancer Clinical Nurse Specialist Nurse (Reference number: C9200-25-0733)\">\n              Save this job\n            </a>","target":[".nhsuk-list-panel.search-result.nhsuk-u-padding-3:nth-child(5) > .nhsuk-grid-row:nth-child(1) > .save-job.nhsuk-u-margin-right-3 > a[data-test=\"search-result-save-job\"]"]},{"any":[{"id":"region","data":{"isIframe":false},"relatedNodes":[],"impact":"moderate","message":"All page content is contained by landmarks"}],"all":[],"none":[],"impact":null,"html":"<div class=\"nhsuk-u-margin-bottom-4\" data-test=\"search-result-location\">","target":[".nhsuk-list-panel.search-result.nhsuk-u-padding-3:nth-child(5) > .nhsuk-u-margin-bottom-4[data-test=\"search-result-location\"]"]},{"any":[{"id":"region","data":{"isIframe":false},"relatedNodes":[],"impact":"moderate","message":"All page content is contained by landmarks"}],"all":[],"none":[],"impact":null,"html":"<h3 class=\"nhsuk-u-font-weight-bold\">\n          St George's University Hospitals NHS Foundation Trust\n          <div class=\"location-font-size\">\n            \n              London SW17 0QT\n            \n          </div>\n        </h3>","target":[".nhsuk-list-panel.search-result.nhsuk-u-padding-3:nth-child(5) > .nhsuk-u-margin-bottom-4[data-test=\"search-result-location\"] > h3"]},{"any":[{"id":"region","data":{"isIframe":false},"relatedNodes":[],"impact":"moderate","message":"All page content is contained by landmarks"}],"all":[],"none":[],"impact":null,"html":"<div class=\"location-font-size\">\n            \n              London SW17 0QT\n            \n          </div>","target":[".nhsuk-list-panel.search-result.nhsuk-u-padding-3:nth-child(5) > .nhsuk-u-margin-bottom-4[data-test=\"search-result-location\"] > h3 > .location-font-size"]},{"any":[{"id":"region","data":{"isIframe":false},"relatedNodes":[],"impact":"moderate","message":"All page content is contained by landmarks"}],"all":[],"none":[],"impact":null,"html":"<div class=\"nhsuk-grid-row\">","target":[".nhsuk-list-panel.search-result.nhsuk-u-padding-3:nth-child(5) > .nhsuk-grid-row:nth-child(3)"]},{"any":[{"id":"region","data":{"isIframe":false},"relatedNodes":[],"impact":"moderate","message":"All page content is contained by landmarks"}],"all":[],"none":[],"impact":null,"html":"<div class=\"nhsuk-grid-column-one-half\">","target":[".nhsuk-list-panel.search-result.nhsuk-u-padding-3:nth-child(5) > .nhsuk-grid-row:nth-child(3) > .nhsuk-grid-column-one-half:nth-child(1)"]},{"any":[{"id":"region","data":{"isIframe":false},"relatedNodes":[],"impact":"moderate","message":"All page content is contained by landmarks"}],"all":[],"none":[],"impact":null,"html":"<ul class=\"ad-job-info nhsuk-list first-ad-job-info\">","target":[".nhsuk-list-panel.search-result.nhsuk-u-padding-3:nth-child(5) > .nhsuk-grid-row:nth-child(3) > .nhsuk-grid-column-one-half:nth-child(1) > .first-ad-job-info.ad-job-info.nhsuk-list"]},{"any":[{"id":"region","data":{"isIframe":false},"relatedNodes":[],"impact":"moderate","message":"All page content is contained by landmarks"}],"all":[],"none":[],"impact":null,"html":"<li data-test=\"search-result-salary\" class=\"marginBt\">\n                Salary: \n                <strong class=\"nhsuk-u-font-weight-bold\">\n                  £54,320 to £60,981\n                  \n                    a year\n                  \n                </strong>\n              </li>","target":[".nhsuk-list-panel.search-result.nhsuk-u-padding-3:nth-child(5) > .nhsuk-grid-row:nth-child(3) > .nhsuk-grid-column-one-half:nth-child(1) > .first-ad-job-info.ad-job-info.nhsuk-list > .marginBt[data-test=\"search-result-salary\"]"]},{"any":[{"id":"region","data":{"isIframe":false},"relatedNodes":[],"impact":"moderate","message":"All page content is contained by landmarks"}],"all":[],"none":[],"impact":null,"html":"<strong class=\"nhsuk-u-font-weight-bold\">\n                  £54,320 to £60,981\n                  \n                    a year\n                  \n                </strong>","target":[".nhsuk-list-panel.search-result.nhsuk-u-padding-3:nth-child(5) > .nhsuk-grid-row:nth-child(3) > .nhsuk-grid-column-one-half:nth-child(1) > .first-ad-job-info.ad-job-info.nhsuk-list > .marginBt[data-test=\"search-result-salary\"] > strong"]},{"any":[{"id":"region","data":{"isIframe":false},"relatedNodes":[],"impact":"moderate","message":"All page content is contained by landmarks"}],"all":[],"none":[],"impact":null,"html":"<li data-test=\"search-result-publicationDate\">\n                Date posted: \n                <strong class=\"nhsuk-u-font-weight-bold\">\n                  16 June 2025\n                </strong>\n              </li>","target":[".nhsuk-list-panel.search-result.nhsuk-u-padding-3:nth-child(5) > .nhsuk-grid-row:nth-child(3) > .nhsuk-grid-column-one-half:nth-child(1) > .first-ad-job-info.ad-job-info.nhsuk-list > li[data-test=\"search-result-publicationDate\"]"]},{"any":[{"id":"region","data":{"isIframe":false},"relatedNodes":[],"impact":"moderate","message":"All page content is contained by landmarks"}],"all":[],"none":[],"impact":null,"html":"<strong class=\"nhsuk-u-font-weight-bold\">\n                  16 June 2025\n                </strong>","target":[".nhsuk-list-panel.search-result.nhsuk-u-padding-3:nth-child(5) > .nhsuk-grid-row:nth-child(3) > .nhsuk-grid-column-one-half:nth-child(1) > .first-ad-job-info.ad-job-info.nhsuk-list > li[data-test=\"search-result-publicationDate\"] > strong"]},{"any":[{"id":"region","data":{"isIframe":false},"relatedNodes":[],"impact":"moderate","message":"All page content is contained by landmarks"}],"all":[],"none":[],"impact":null,"html":"<li data-test=\"search-result-closingDate\">\n                Closing date: \n                <strong class=\"nhsuk-u-font-weight-bold\">\n                  30 June 2025\n                </strong>\n              </li>","target":[".nhsuk-list-panel.search-result.nhsuk-u-padding-3:nth-child(5) > .nhsuk-grid-row:nth-child(3) > .nhsuk-grid-column-one-half:nth-child(1) > .first-ad-job-info.ad-job-info.nhsuk-list > li[data-test=\"search-result-closingDate\"]"]},{"any":[{"id":"region","data":{"isIframe":false},"relatedNodes":[],"impact":"moderate","message":"All page content is contained by landmarks"}],"all":[],"none":[],"impact":null,"html":"<strong class=\"nhsuk-u-font-weight-bold\">\n                  30 June 2025\n                </strong>","target":[".nhsuk-list-panel.search-result.nhsuk-u-padding-3:nth-child(5) > .nhsuk-grid-row:nth-child(3) > .nhsuk-grid-column-one-half:nth-child(1) > .first-ad-job-info.ad-job-info.nhsuk-list > li[data-test=\"search-result-closingDate\"] > strong"]},{"any":[{"id":"region","data":{"isIframe":false},"relatedNodes":[],"impact":"moderate","message":"All page content is contained by landmarks"}],"all":[],"none":[],"impact":null,"html":"<div class=\"nhsuk-grid-column-one-half\">","target":[".nhsuk-list-panel.search-result.nhsuk-u-padding-3:nth-child(5) > .nhsuk-grid-row:nth-child(3) > .nhsuk-grid-column-one-half:nth-child(2)"]},{"any":[{"id":"region","data":{"isIframe":false},"relatedNodes":[],"impact":"moderate","message":"All page content is contained by landmarks"}],"all":[],"none":[],"impact":null,"html":"<ul class=\"ad-job-info nhsuk-list\">","target":[".nhsuk-list-panel.search-result.nhsuk-u-padding-3:nth-child(5) > .nhsuk-grid-row:nth-child(3) > .nhsuk-grid-column-one-half:nth-child(2) > .ad-job-info.nhsuk-list"]},{"any":[{"id":"region","data":{"isIframe":false},"relatedNodes":[],"impact":"moderate","message":"All page content is contained by landmarks"}],"all":[],"none":[],"impact":null,"html":"<li data-test=\"search-result-jobType\" class=\"marginBt\">\n              Contract type: \n              <strong class=\"nhsuk-u-font-weight-bold\">\n                Permanent\n              </strong>\n            </li>","target":[".nhsuk-list-panel.search-result.nhsuk-u-padding-3:nth-child(5) > .nhsuk-grid-row:nth-child(3) > .nhsuk-grid-column-one-half:nth-child(2) > .ad-job-info.nhsuk-list > .marginBt[data-test=\"search-result-jobType\"]"]},{"any":[{"id":"region","data":{"isIframe":false},"relatedNodes":[],"impact":"moderate","message":"All page content is contained by landmarks"}],"all":[],"none":[],"impact":null,"html":"<strong class=\"nhsuk-u-font-weight-bold\">\n                Permanent\n              </strong>","target":[".nhsuk-list-panel.search-result.nhsuk-u-padding-3:nth-child(5) > .nhsuk-grid-row:nth-child(3) > .nhsuk-grid-column-one-half:nth-child(2) > .ad-job-info.nhsuk-list > .marginBt[data-test=\"search-result-jobType\"] > strong"]},{"any":[{"id":"region","data":{"isIframe":false},"relatedNodes":[],"impact":"moderate","message":"All page content is contained by landmarks"}],"all":[],"none":[],"impact":null,"html":"<li data-test=\"search-result-workingPattern\" class=\"marginBt\">\n              Working pattern: \n              <strong class=\"nhsuk-u-font-weight-bold\">\n                Full time\n              </strong>\n            </li>","target":[".nhsuk-list-panel.search-result.nhsuk-u-padding-3:nth-child(5) > .nhsuk-grid-row:nth-child(3) > .nhsuk-grid-column-one-half:nth-child(2) > .ad-job-info.nhsuk-list > .marginBt[data-test=\"search-result-workingPattern\"]"]},{"any":[{"id":"region","data":{"isIframe":false},"relatedNodes":[],"impact":"moderate","message":"All page content is contained by landmarks"}],"all":[],"none":[],"impact":null,"html":"<strong class=\"nhsuk-u-font-weight-bold\">\n                Full time\n              </strong>","target":[".nhsuk-list-panel.search-result.nhsuk-u-padding-3:nth-child(5) > .nhsuk-grid-row:nth-child(3) > .nhsuk-grid-column-one-half:nth-child(2) > .ad-job-info.nhsuk-list > .marginBt[data-test=\"search-result-workingPattern\"] > strong"]},{"any":[{"id":"region","data":{"isIframe":false},"relatedNodes":[],"impact":"moderate","message":"All page content is contained by landmarks"}],"all":[],"none":[],"impact":null,"html":"<li class=\"nhsuk-list-panel search-result nhsuk-u-padding-3\" data-test=\"search-result\">","target":[".nhsuk-list-panel.search-result.nhsuk-u-padding-3:nth-child(6)"]},{"any":[{"id":"region","data":{"isIframe":false},"relatedNodes":[],"impact":"moderate","message":"All page content is contained by landmarks"}],"all":[],"none":[],"impact":null,"html":"<div class=\"nhsuk-grid-row\">","target":[".nhsuk-list-panel.search-result.nhsuk-u-padding-3:nth-child(6) > .nhsuk-grid-row:nth-child(1)"]},{"any":[{"id":"region","data":{"isIframe":false},"relatedNodes":[],"impact":"moderate","message":"All page content is contained by landmarks"}],"all":[],"none":[],"impact":null,"html":"<div class=\"nhsuk-grid-column-two-thirds\">","target":[".nhsuk-list-panel.search-result.nhsuk-u-padding-3:nth-child(6) > .nhsuk-grid-row:nth-child(1) > .nhsuk-grid-column-two-thirds"]},{"any":[{"id":"region","data":{"isIframe":false},"relatedNodes":[],"impact":"moderate","message":"All page content is contained by landmarks"}],"all":[],"none":[],"impact":null,"html":"<h2 class=\"nhsuk-heading-m nhsuk-u-margin-bottom-2\" id=\"job-title-6\">\n            \n            <a href=\"/candidate/jobadvert/E0429-25-0025?keyword=Nurse&amp;location=London&amp;distance=5&amp;language=en\" data-test=\"search-result-job-title\">\n              Staff Nurse\n            </a>\n          </h2>","target":["#job-title-6"]},{"any":[{"id":"region","data":{"isIframe":false},"relatedNodes":[],"impact":"moderate","message":"All page content is contained by landmarks"}],"all":[],"none":[],"impact":null,"html":"<a href=\"/candidate/jobadvert/E0429-25-0025?keyword=Nurse&amp;location=London&amp;distance=5&amp;language=en\" data-test=\"search-result-job-title\">\n              Staff Nurse\n            </a>","target":["#job-title-6 > a[data-test=\"search-result-job-title\"]"]},{"any":[{"id":"region","data":{"isIframe":false},"relatedNodes":[],"impact":"moderate","message":"All page content is contained by landmarks"}],"all":[],"none":[],"impact":null,"html":"<div class=\"save-job nhsuk-u-margin-right-3\">","target":[".nhsuk-list-panel.search-result.nhsuk-u-padding-3:nth-child(6) > .nhsuk-grid-row:nth-child(1) > .save-job.nhsuk-u-margin-right-3"]},{"any":[{"id":"region","data":{"isIframe":false},"relatedNodes":[],"impact":"moderate","message":"All page content is contained by landmarks"}],"all":[],"none":[],"impact":null,"html":"<a href=\"/candidate/search/save-job/E0429-25-0025\" data-test=\"search-result-save-job\" aria-label=\"Save this job: Staff Nurse (Reference number: E0429-25-0025)\">\n              Save this job\n            </a>","target":[".nhsuk-list-panel.search-result.nhsuk-u-padding-3:nth-child(6) > .nhsuk-grid-row:nth-child(1) > .save-job.nhsuk-u-margin-right-3 > a[data-test=\"search-result-save-job\"]"]},{"any":[{"id":"region","data":{"isIframe":false},"relatedNodes":[],"impact":"moderate","message":"All page content is contained by landmarks"}],"all":[],"none":[],"impact":null,"html":"<div class=\"nhsuk-u-margin-bottom-4\" data-test=\"search-result-location\">\n        <h3 class=\"nhsuk-u-font-weight-bold\">\n          Fairlie Healthcare Group\n          <div class=\"location-font-size\">\n            \n              Purley CR82HJ\n            \n          </div>\n        </h3>\n      </div>","target":[".nhsuk-list-panel.search-result.nhsuk-u-padding-3:nth-child(6) > .nhsuk-u-margin-bottom-4[data-test=\"search-result-location\"]"]},{"any":[{"id":"region","data":{"isIframe":false},"relatedNodes":[],"impact":"moderate","message":"All page content is contained by landmarks"}],"all":[],"none":[],"impact":null,"html":"<h3 class=\"nhsuk-u-font-weight-bold\">\n          Fairlie Healthcare Group\n          <div class=\"location-font-size\">\n            \n              Purley CR82HJ\n            \n          </div>\n        </h3>","target":[".nhsuk-list-panel.search-result.nhsuk-u-padding-3:nth-child(6) > .nhsuk-u-margin-bottom-4[data-test=\"search-result-location\"] > h3"]},{"any":[{"id":"region","data":{"isIframe":false},"relatedNodes":[],"impact":"moderate","message":"All page content is contained by landmarks"}],"all":[],"none":[],"impact":null,"html":"<div class=\"location-font-size\">\n            \n              Purley CR82HJ\n            \n          </div>","target":[".nhsuk-list-panel.search-result.nhsuk-u-padding-3:nth-child(6) > .nhsuk-u-margin-bottom-4[data-test=\"search-result-location\"] > h3 > .location-font-size"]},{"any":[{"id":"region","data":{"isIframe":false},"relatedNodes":[],"impact":"moderate","message":"All page content is contained by landmarks"}],"all":[],"none":[],"impact":null,"html":"<div class=\"nhsuk-grid-row\">","target":[".nhsuk-list-panel.search-result.nhsuk-u-padding-3:nth-child(6) > .nhsuk-grid-row:nth-child(3)"]},{"any":[{"id":"region","data":{"isIframe":false},"relatedNodes":[],"impact":"moderate","message":"All page content is contained by landmarks"}],"all":[],"none":[],"impact":null,"html":"<div class=\"nhsuk-grid-column-one-half\">","target":[".nhsuk-list-panel.search-result.nhsuk-u-padding-3:nth-child(6) > .nhsuk-grid-row:nth-child(3) > .nhsuk-grid-column-one-half:nth-child(1)"]},{"any":[{"id":"region","data":{"isIframe":false},"relatedNodes":[],"impact":"moderate","message":"All page content is contained by landmarks"}],"all":[],"none":[],"impact":null,"html":"<ul class=\"ad-job-info nhsuk-list first-ad-job-info\">","target":[".nhsuk-list-panel.search-result.nhsuk-u-padding-3:nth-child(6) > .nhsuk-grid-row:nth-child(3) > .nhsuk-grid-column-one-half:nth-child(1) > .first-ad-job-info.ad-job-info.nhsuk-list"]},{"any":[{"id":"region","data":{"isIframe":false},"relatedNodes":[],"impact":"moderate","message":"All page content is contained by landmarks"}],"all":[],"none":[],"impact":null,"html":"<li data-test=\"search-result-salary\" class=\"marginBt\">\n                Salary: \n                <strong class=\"nhsuk-u-font-weight-bold\">\n                  £19.50 to £20.50\n                  \n                    an hour\n                  \n                </strong>\n              </li>","target":[".nhsuk-list-panel.search-result.nhsuk-u-padding-3:nth-child(6) > .nhsuk-grid-row:nth-child(3) > .nhsuk-grid-column-one-half:nth-child(1) > .first-ad-job-info.ad-job-info.nhsuk-list > .marginBt[data-test=\"search-result-salary\"]"]},{"any":[{"id":"region","data":{"isIframe":false},"relatedNodes":[],"impact":"moderate","message":"All page content is contained by landmarks"}],"all":[],"none":[],"impact":null,"html":"<strong class=\"nhsuk-u-font-weight-bold\">\n                  £19.50 to £20.50\n                  \n                    an hour\n                  \n                </strong>","target":[".nhsuk-list-panel.search-result.nhsuk-u-padding-3:nth-child(6) > .nhsuk-grid-row:nth-child(3) > .nhsuk-grid-column-one-half:nth-child(1) > .first-ad-job-info.ad-job-info.nhsuk-list > .marginBt[data-test=\"search-result-salary\"] > strong"]},{"any":[{"id":"region","data":{"isIframe":false},"relatedNodes":[],"impact":"moderate","message":"All page content is contained by landmarks"}],"all":[],"none":[],"impact":null,"html":"<li data-test=\"search-result-publicationDate\">\n                Date posted: \n                <strong class=\"nhsuk-u-font-weight-bold\">\n                  13 June 2025\n                </strong>\n              </li>","target":[".nhsuk-list-panel.search-result.nhsuk-u-padding-3:nth-child(6) > .nhsuk-grid-row:nth-child(3) > .nhsuk-grid-column-one-half:nth-child(1) > .first-ad-job-info.ad-job-info.nhsuk-list > li[data-test=\"search-result-publicationDate\"]"]},{"any":[{"id":"region","data":{"isIframe":false},"relatedNodes":[],"impact":"moderate","message":"All page content is contained by landmarks"}],"all":[],"none":[],"impact":null,"html":"<strong class=\"nhsuk-u-font-weight-bold\">\n                  13 June 2025\n                </strong>","target":[".nhsuk-list-panel.search-result.nhsuk-u-padding-3:nth-child(6) > .nhsuk-grid-row:nth-child(3) > .nhsuk-grid-column-one-half:nth-child(1) > .first-ad-job-info.ad-job-info.nhsuk-list > li[data-test=\"search-result-publicationDate\"] > strong"]},{"any":[{"id":"region","data":{"isIframe":false},"relatedNodes":[],"impact":"moderate","message":"All page content is contained by landmarks"}],"all":[],"none":[],"impact":null,"html":"<li data-test=\"search-result-closingDate\">\n                Closing date: \n                <strong class=\"nhsuk-u-font-weight-bold\">\n                  31 July 2025\n                </strong>\n              </li>","target":[".nhsuk-list-panel.search-result.nhsuk-u-padding-3:nth-child(6) > .nhsuk-grid-row:nth-child(3) > .nhsuk-grid-column-one-half:nth-child(1) > .first-ad-job-info.ad-job-info.nhsuk-list > li[data-test=\"search-result-closingDate\"]"]},{"any":[{"id":"region","data":{"isIframe":false},"relatedNodes":[],"impact":"moderate","message":"All page content is contained by landmarks"}],"all":[],"none":[],"impact":null,"html":"<strong class=\"nhsuk-u-font-weight-bold\">\n                  31 July 2025\n                </strong>","target":[".nhsuk-list-panel.search-result.nhsuk-u-padding-3:nth-child(6) > .nhsuk-grid-row:nth-child(3) > .nhsuk-grid-column-one-half:nth-child(1) > .first-ad-job-info.ad-job-info.nhsuk-list > li[data-test=\"search-result-closingDate\"] > strong"]},{"any":[{"id":"region","data":{"isIframe":false},"relatedNodes":[],"impact":"moderate","message":"All page content is contained by landmarks"}],"all":[],"none":[],"impact":null,"html":"<div class=\"nhsuk-grid-column-one-half\">","target":[".nhsuk-list-panel.search-result.nhsuk-u-padding-3:nth-child(6) > .nhsuk-grid-row:nth-child(3) > .nhsuk-grid-column-one-half:nth-child(2)"]},{"any":[{"id":"region","data":{"isIframe":false},"relatedNodes":[],"impact":"moderate","message":"All page content is contained by landmarks"}],"all":[],"none":[],"impact":null,"html":"<ul class=\"ad-job-info nhsuk-list\">","target":[".nhsuk-list-panel.search-result.nhsuk-u-padding-3:nth-child(6) > .nhsuk-grid-row:nth-child(3) > .nhsuk-grid-column-one-half:nth-child(2) > .ad-job-info.nhsuk-list"]},{"any":[{"id":"region","data":{"isIframe":false},"relatedNodes":[],"impact":"moderate","message":"All page content is contained by landmarks"}],"all":[],"none":[],"impact":null,"html":"<li data-test=\"search-result-jobType\" class=\"marginBt\">\n              Contract type: \n              <strong class=\"nhsuk-u-font-weight-bold\">\n                Permanent\n              </strong>\n            </li>","target":[".nhsuk-list-panel.search-result.nhsuk-u-padding-3:nth-child(6) > .nhsuk-grid-row:nth-child(3) > .nhsuk-grid-column-one-half:nth-child(2) > .ad-job-info.nhsuk-list > .marginBt[data-test=\"search-result-jobType\"]"]},{"any":[{"id":"region","data":{"isIframe":false},"relatedNodes":[],"impact":"moderate","message":"All page content is contained by landmarks"}],"all":[],"none":[],"impact":null,"html":"<strong class=\"nhsuk-u-font-weight-bold\">\n                Permanent\n              </strong>","target":[".nhsuk-list-panel.search-result.nhsuk-u-padding-3:nth-child(6) > .nhsuk-grid-row:nth-child(3) > .nhsuk-grid-column-one-half:nth-child(2) > .ad-job-info.nhsuk-list > .marginBt[data-test=\"search-result-jobType\"] > strong"]},{"any":[{"id":"region","data":{"isIframe":false},"relatedNodes":[],"impact":"moderate","message":"All page content is contained by landmarks"}],"all":[],"none":[],"impact":null,"html":"<li data-test=\"search-result-workingPattern\" class=\"marginBt\">\n              Working pattern: \n              <strong class=\"nhsuk-u-font-weight-bold\">\n                Full time\n              </strong>\n            </li>","target":[".nhsuk-list-panel.search-result.nhsuk-u-padding-3:nth-child(6) > .nhsuk-grid-row:nth-child(3) > .nhsuk-grid-column-one-half:nth-child(2) > .ad-job-info.nhsuk-list > .marginBt[data-test=\"search-result-workingPattern\"]"]},{"any":[{"id":"region","data":{"isIframe":false},"relatedNodes":[],"impact":"moderate","message":"All page content is contained by landmarks"}],"all":[],"none":[],"impact":null,"html":"<strong class=\"nhsuk-u-font-weight-bold\">\n                Full time\n              </strong>","target":[".nhsuk-list-panel.search-result.nhsuk-u-padding-3:nth-child(6) > .nhsuk-grid-row:nth-child(3) > .nhsuk-grid-column-one-half:nth-child(2) > .ad-job-info.nhsuk-list > .marginBt[data-test=\"search-result-workingPattern\"] > strong"]},{"any":[{"id":"region","data":{"isIframe":false},"relatedNodes":[],"impact":"moderate","message":"All page content is contained by landmarks"}],"all":[],"none":[],"impact":null,"html":"<li class=\"nhsuk-list-panel search-result nhsuk-u-padding-3\" data-test=\"search-result\">","target":[".nhsuk-list-panel.search-result.nhsuk-u-padding-3:nth-child(7)"]},{"any":[{"id":"region","data":{"isIframe":false},"relatedNodes":[],"impact":"moderate","message":"All page content is contained by landmarks"}],"all":[],"none":[],"impact":null,"html":"<div class=\"nhsuk-grid-row\">","target":[".nhsuk-list-panel.search-result.nhsuk-u-padding-3:nth-child(7) > .nhsuk-grid-row:nth-child(1)"]},{"any":[{"id":"region","data":{"isIframe":false},"relatedNodes":[],"impact":"moderate","message":"All page content is contained by landmarks"}],"all":[],"none":[],"impact":null,"html":"<div class=\"nhsuk-grid-column-two-thirds\">","target":[".nhsuk-list-panel.search-result.nhsuk-u-padding-3:nth-child(7) > .nhsuk-grid-row:nth-child(1) > .nhsuk-grid-column-two-thirds"]},{"any":[{"id":"region","data":{"isIframe":false},"relatedNodes":[],"impact":"moderate","message":"All page content is contained by landmarks"}],"all":[],"none":[],"impact":null,"html":"<h2 class=\"nhsuk-heading-m nhsuk-u-margin-bottom-2\" id=\"job-title-7\">","target":["#job-title-7"]},{"any":[{"id":"region","data":{"isIframe":false},"relatedNodes":[],"impact":"moderate","message":"All page content is contained by landmarks"}],"all":[],"none":[],"impact":null,"html":"<span style=\"fill: #DA291C; width:20px; height:20px;\" title=\"COVID-19\">","target":["span[title=\"COVID-19\"]"]},{"any":[{"id":"region","data":{"isIframe":false},"relatedNodes":[],"impact":"moderate","message":"All page content is contained by landmarks"}],"all":[],"none":[],"impact":null,"html":"<svg style=\"width:20px; height:20px;\" xmlns=\"http://www.w3.org/2000/svg\" viewBox=\"0 0 512 512\">","target":["svg[viewBox=\"0 0 512 512\"]"]},{"any":[{"id":"region","data":{"isIframe":false},"relatedNodes":[],"impact":"moderate","message":"All page content is contained by landmarks"}],"all":[],"none":[],"impact":null,"html":"<path d=\"M458.622 255.92l45.985-45.005c13.708-12.977 7.316-36.039-10.664-40.339l-62.65-15.99 17.661-62.015c4.991-17.838-11.829-34.663-29.661-29.671l-61.994 17.667-15.984-62.671C337.085.197 313.765-6.276 300.99 7.228L256 53.57 211.011 7.229c-12.63-13.351-36.047-7.234-40.325 10.668l-15.984 62.671-61.995-17.667C74.87 57.907 58.056 74.738 63.046 92.572l17.661 62.015-62.65 15.99C.069 174.878-6.31 197.944 7.392 210.915l45.985 45.005-45.985 45.004c-13.708 12.977-7.316 36.039 10.664 40.339l62.65 15.99-17.661 62.015c-4.991 17.838 11.829 34.663 29.661 29.671l61.994-17.667 15.984 62.671c4.439 18.575 27.696 24.018 40.325 10.668L256 458.61l44.989 46.001c12.5 13.488 35.987 7.486 40.325-10.668l15.984-62.671 61.994 17.667c17.836 4.994 34.651-11.837 29.661-29.671l-17.661-62.015 62.65-15.99c17.987-4.302 24.366-27.367 10.664-40.339l-45.984-45.004z\">","target":["svg[viewBox=\"0 0 512 512\"] > path"]},{"any":[{"id":"region","data":{"isIframe":false},"relatedNodes":[],"impact":"moderate","message":"All page content is contained by landmarks"}],"all":[],"none":[],"impact":null,"html":"<a href=\"/candidate/jobadvert/A4272-24-0003?keyword=Nurse&amp;location=London&amp;distance=5&amp;language=en\" data-test=\"search-result-job-title\">\n              Practice Nurse\n            </a>","target":["#job-title-7 > a[data-test=\"search-result-job-title\"]"]},{"any":[{"id":"region","data":{"isIframe":false},"relatedNodes":[],"impact":"moderate","message":"All page content is contained by landmarks"}],"all":[],"none":[],"impact":null,"html":"<div class=\"save-job nhsuk-u-margin-right-3\">","target":[".nhsuk-list-panel.search-result.nhsuk-u-padding-3:nth-child(7) > .nhsuk-grid-row:nth-child(1) > .save-job.nhsuk-u-margin-right-3"]},{"any":[{"id":"region","data":{"isIframe":false},"relatedNodes":[],"impact":"moderate","message":"All page content is contained by landmarks"}],"all":[],"none":[],"impact":null,"html":"<a href=\"/candidate/search/save-job/A4272-24-0003\" data-test=\"search-result-save-job\" aria-label=\"Save this job: Practice Nurse (Reference number: A4272-24-0003)\">\n              Save this job\n            </a>","target":[".nhsuk-list-panel.search-result.nhsuk-u-padding-3:nth-child(7) > .nhsuk-grid-row:nth-child(1) > .save-job.nhsuk-u-margin-right-3 > a[data-test=\"search-result-save-job\"]"]},{"any":[{"id":"region","data":{"isIframe":false},"relatedNodes":[],"impact":"moderate","message":"All page content is contained by landmarks"}],"all":[],"none":[],"impact":null,"html":"<div class=\"nhsuk-u-margin-bottom-4\" data-test=\"search-result-location\">","target":[".nhsuk-list-panel.search-result.nhsuk-u-padding-3:nth-child(7) > .nhsuk-u-margin-bottom-4[data-test=\"search-result-location\"]"]},{"any":[{"id":"region","data":{"isIframe":false},"relatedNodes":[],"impact":"moderate","message":"All page content is contained by landmarks"}],"all":[],"none":[],"impact":null,"html":"<h3 class=\"nhsuk-u-font-weight-bold\">\n          Tamworth House Medical Centre\n          <div class=\"location-font-size\">\n            \n              Mitcham CR4 1DL\n            \n          </div>\n        </h3>","target":[".nhsuk-list-panel.search-result.nhsuk-u-padding-3:nth-child(7) > .nhsuk-u-margin-bottom-4[data-test=\"search-result-location\"] > h3"]},{"any":[{"id":"region","data":{"isIframe":false},"relatedNodes":[],"impact":"moderate","message":"All page content is contained by landmarks"}],"all":[],"none":[],"impact":null,"html":"<div class=\"location-font-size\">\n            \n              Mitcham CR4 1DL\n            \n          </div>","target":[".nhsuk-list-panel.search-result.nhsuk-u-padding-3:nth-child(7) > .nhsuk-u-margin-bottom-4[data-test=\"search-result-location\"] > h3 > .location-font-size"]},{"any":[{"id":"region","data":{"isIframe":false},"relatedNodes":[],"impact":"moderate","message":"All page content is contained by landmarks"}],"all":[],"none":[],"impact":null,"html":"<div class=\"nhsuk-grid-row\">","target":[".nhsuk-list-panel.search-result.nhsuk-u-padding-3:nth-child(7) > .nhsuk-grid-row:nth-child(3)"]},{"any":[{"id":"region","data":{"isIframe":false},"relatedNodes":[],"impact":"moderate","message":"All page content is contained by landmarks"}],"all":[],"none":[],"impact":null,"html":"<div class=\"nhsuk-grid-column-one-half\">","target":[".nhsuk-list-panel.search-result.nhsuk-u-padding-3:nth-child(7) > .nhsuk-grid-row:nth-child(3) > .nhsuk-grid-column-one-half:nth-child(1)"]},{"any":[{"id":"region","data":{"isIframe":false},"relatedNodes":[],"impact":"moderate","message":"All page content is contained by landmarks"}],"all":[],"none":[],"impact":null,"html":"<ul class=\"ad-job-info nhsuk-list first-ad-job-info\">","target":[".nhsuk-list-panel.search-result.nhsuk-u-padding-3:nth-child(7) > .nhsuk-grid-row:nth-child(3) > .nhsuk-grid-column-one-half:nth-child(1) > .first-ad-job-info.ad-job-info.nhsuk-list"]},{"any":[{"id":"region","data":{"isIframe":false},"relatedNodes":[],"impact":"moderate","message":"All page content is contained by landmarks"}],"all":[],"none":[],"impact":null,"html":"<li data-test=\"search-result-salary\" class=\"marginBt\">\n                Salary: \n                <strong class=\"nhsuk-u-font-weight-bold\">\n                  Depends on experience\n                </strong>\n              </li>","target":[".nhsuk-list-panel.search-result.nhsuk-u-padding-3:nth-child(7) > .nhsuk-grid-row:nth-child(3) > .nhsuk-grid-column-one-half:nth-child(1) > .first-ad-job-info.ad-job-info.nhsuk-list > .marginBt[data-test=\"search-result-salary\"]"]},{"any":[{"id":"region","data":{"isIframe":false},"relatedNodes":[],"impact":"moderate","message":"All page content is contained by landmarks"}],"all":[],"none":[],"impact":null,"html":"<strong class=\"nhsuk-u-font-weight-bold\">\n                  Depends on experience\n                </strong>","target":[".nhsuk-list-panel.search-result.nhsuk-u-padding-3:nth-child(7) > .nhsuk-grid-row:nth-child(3) > .nhsuk-grid-column-one-half:nth-child(1) > .first-ad-job-info.ad-job-info.nhsuk-list > .marginBt[data-test=\"search-result-salary\"] > strong"]},{"any":[{"id":"region","data":{"isIframe":false},"relatedNodes":[],"impact":"moderate","message":"All page content is contained by landmarks"}],"all":[],"none":[],"impact":null,"html":"<li data-test=\"search-result-publicationDate\">\n                Date posted: \n                <strong class=\"nhsuk-u-font-weight-bold\">\n                  13 May 2025\n                </strong>\n              </li>","target":[".nhsuk-list-panel.search-result.nhsuk-u-padding-3:nth-child(7) > .nhsuk-grid-row:nth-child(3) > .nhsuk-grid-column-one-half:nth-child(1) > .first-ad-job-info.ad-job-info.nhsuk-list > li[data-test=\"search-result-publicationDate\"]"]},{"any":[{"id":"region","data":{"isIframe":false},"relatedNodes":[],"impact":"moderate","message":"All page content is contained by landmarks"}],"all":[],"none":[],"impact":null,"html":"<strong class=\"nhsuk-u-font-weight-bold\">\n                  13 May 2025\n                </strong>","target":[".nhsuk-list-panel.search-result.nhsuk-u-padding-3:nth-child(7) > .nhsuk-grid-row:nth-child(3) > .nhsuk-grid-column-one-half:nth-child(1) > .first-ad-job-info.ad-job-info.nhsuk-list > li[data-test=\"search-result-publicationDate\"] > strong"]},{"any":[{"id":"region","data":{"isIframe":false},"relatedNodes":[],"impact":"moderate","message":"All page content is contained by landmarks"}],"all":[],"none":[],"impact":null,"html":"<li data-test=\"search-result-closingDate\">\n                Closing date: \n                <strong class=\"nhsuk-u-font-weight-bold\">\n                  30 June 2025\n                </strong>\n              </li>","target":[".nhsuk-list-panel.search-result.nhsuk-u-padding-3:nth-child(7) > .nhsuk-grid-row:nth-child(3) > .nhsuk-grid-column-one-half:nth-child(1) > .first-ad-job-info.ad-job-info.nhsuk-list > li[data-test=\"search-result-closingDate\"]"]},{"any":[{"id":"region","data":{"isIframe":false},"relatedNodes":[],"impact":"moderate","message":"All page content is contained by landmarks"}],"all":[],"none":[],"impact":null,"html":"<strong class=\"nhsuk-u-font-weight-bold\">\n                  30 June 2025\n                </strong>","target":[".nhsuk-list-panel.search-result.nhsuk-u-padding-3:nth-child(7) > .nhsuk-grid-row:nth-child(3) > .nhsuk-grid-column-one-half:nth-child(1) > .first-ad-job-info.ad-job-info.nhsuk-list > li[data-test=\"search-result-closingDate\"] > strong"]},{"any":[{"id":"region","data":{"isIframe":false},"relatedNodes":[],"impact":"moderate","message":"All page content is contained by landmarks"}],"all":[],"none":[],"impact":null,"html":"<div class=\"nhsuk-grid-column-one-half\">","target":[".nhsuk-list-panel.search-result.nhsuk-u-padding-3:nth-child(7) > .nhsuk-grid-row:nth-child(3) > .nhsuk-grid-column-one-half:nth-child(2)"]},{"any":[{"id":"region","data":{"isIframe":false},"relatedNodes":[],"impact":"moderate","message":"All page content is contained by landmarks"}],"all":[],"none":[],"impact":null,"html":"<ul class=\"ad-job-info nhsuk-list\">","target":[".nhsuk-list-panel.search-result.nhsuk-u-padding-3:nth-child(7) > .nhsuk-grid-row:nth-child(3) > .nhsuk-grid-column-one-half:nth-child(2) > .ad-job-info.nhsuk-list"]},{"any":[{"id":"region","data":{"isIframe":false},"relatedNodes":[],"impact":"moderate","message":"All page content is contained by landmarks"}],"all":[],"none":[],"impact":null,"html":"<li data-test=\"search-result-jobType\" class=\"marginBt\">\n              Contract type: \n              <strong class=\"nhsuk-u-font-weight-bold\">\n                Fixed-Term\n              </strong>\n            </li>","target":[".nhsuk-list-panel.search-result.nhsuk-u-padding-3:nth-child(7) > .nhsuk-grid-row:nth-child(3) > .nhsuk-grid-column-one-half:nth-child(2) > .ad-job-info.nhsuk-list > .marginBt[data-test=\"search-result-jobType\"]"]},{"any":[{"id":"region","data":{"isIframe":false},"relatedNodes":[],"impact":"moderate","message":"All page content is contained by landmarks"}],"all":[],"none":[],"impact":null,"html":"<strong class=\"nhsuk-u-font-weight-bold\">\n                Fixed-Term\n              </strong>","target":[".nhsuk-list-panel.search-result.nhsuk-u-padding-3:nth-child(7) > .nhsuk-grid-row:nth-child(3) > .nhsuk-grid-column-one-half:nth-child(2) > .ad-job-info.nhsuk-list > .marginBt[data-test=\"search-result-jobType\"] > strong"]},{"any":[{"id":"region","data":{"isIframe":false},"relatedNodes":[],"impact":"moderate","message":"All page content is contained by landmarks"}],"all":[],"none":[],"impact":null,"html":"<li data-test=\"search-result-workingPattern\" class=\"marginBt\">\n              Working pattern: \n              <strong class=\"nhsuk-u-font-weight-bold\">\n                Part time\n              </strong>\n            </li>","target":[".nhsuk-list-panel.search-result.nhsuk-u-padding-3:nth-child(7) > .nhsuk-grid-row:nth-child(3) > .nhsuk-grid-column-one-half:nth-child(2) > .ad-job-info.nhsuk-list > .marginBt[data-test=\"search-result-workingPattern\"]"]},{"any":[{"id":"region","data":{"isIframe":false},"relatedNodes":[],"impact":"moderate","message":"All page content is contained by landmarks"}],"all":[],"none":[],"impact":null,"html":"<strong class=\"nhsuk-u-font-weight-bold\">\n                Part time\n              </strong>","target":[".nhsuk-list-panel.search-result.nhsuk-u-padding-3:nth-child(7) > .nhsuk-grid-row:nth-child(3) > .nhsuk-grid-column-one-half:nth-child(2) > .ad-job-info.nhsuk-list > .marginBt[data-test=\"search-result-workingPattern\"] > strong"]},{"any":[{"id":"region","data":{"isIframe":false},"relatedNodes":[],"impact":"moderate","message":"All page content is contained by landmarks"}],"all":[],"none":[],"impact":null,"html":"<li class=\"nhsuk-list-panel search-result nhsuk-u-padding-3\" data-test=\"search-result\">","target":[".nhsuk-list-panel.search-result.nhsuk-u-padding-3:nth-child(8)"]},{"any":[{"id":"region","data":{"isIframe":false},"relatedNodes":[],"impact":"moderate","message":"All page content is contained by landmarks"}],"all":[],"none":[],"impact":null,"html":"<div class=\"nhsuk-grid-row\">","target":[".nhsuk-list-panel.search-result.nhsuk-u-padding-3:nth-child(8) > .nhsuk-grid-row:nth-child(1)"]},{"any":[{"id":"region","data":{"isIframe":false},"relatedNodes":[],"impact":"moderate","message":"All page content is contained by landmarks"}],"all":[],"none":[],"impact":null,"html":"<div class=\"nhsuk-grid-column-two-thirds\">","target":[".nhsuk-list-panel.search-result.nhsuk-u-padding-3:nth-child(8) > .nhsuk-grid-row:nth-child(1) > .nhsuk-grid-column-two-thirds"]},{"any":[{"id":"region","data":{"isIframe":false},"relatedNodes":[],"impact":"moderate","message":"All page content is contained by landmarks"}],"all":[],"none":[],"impact":null,"html":"<h2 class=\"nhsuk-heading-m nhsuk-u-margin-bottom-2\" id=\"job-title-8\">","target":["#job-title-8"]},{"any":[{"id":"region","data":{"isIframe":false},"relatedNodes":[],"impact":"moderate","message":"All page content is contained by landmarks"}],"all":[],"none":[],"impact":null,"html":"<a href=\"/candidate/jobadvert/L0034-25-2230?keyword=Nurse&amp;location=London&amp;distance=5&amp;language=en\" data-test=\"search-result-job-title\">\n              Registered Nurse \n            </a>","target":["#job-title-8 > a[data-test=\"search-result-job-title\"]"]},{"any":[{"id":"region","data":{"isIframe":false},"relatedNodes":[],"impact":"moderate","message":"All page content is contained by landmarks"}],"all":[],"none":[],"impact":null,"html":"<div class=\"save-job nhsuk-u-margin-right-3\">","target":[".nhsuk-list-panel.search-result.nhsuk-u-padding-3:nth-child(8) > .nhsuk-grid-row:nth-child(1) > .save-job.nhsuk-u-margin-right-3"]},{"any":[{"id":"region","data":{"isIframe":false},"relatedNodes":[],"impact":"moderate","message":"All page content is contained by landmarks"}],"all":[],"none":[],"impact":null,"html":"<a href=\"/candidate/search/save-job/L0034-25-2230\" data-test=\"search-result-save-job\" aria-label=\"Save this job: Registered Nurse  (Reference number: L0034-25-2230)\">\n              Save this job\n            </a>","target":[".nhsuk-list-panel.search-result.nhsuk-u-padding-3:nth-child(8) > .nhsuk-grid-row:nth-child(1) > .save-job.nhsuk-u-margin-right-3 > a[data-test=\"search-result-save-job\"]"]},{"any":[{"id":"region","data":{"isIframe":false},"relatedNodes":[],"impact":"moderate","message":"All page content is contained by landmarks"}],"all":[],"none":[],"impact":null,"html":"<div class=\"nhsuk-u-margin-bottom-4\" data-test=\"search-result-location\">\n        <h3 class=\"nhsuk-u-font-weight-bold\">\n          Avery Healthcare Group Ltd.\n          <div class=\"location-font-size\">\n            \n              Purley CR8 2LF\n            \n          </div>\n        </h3>\n      </div>","target":[".nhsuk-list-panel.search-result.nhsuk-u-padding-3:nth-child(8) > .nhsuk-u-margin-bottom-4[data-test=\"search-result-location\"]"]},{"any":[{"id":"region","data":{"isIframe":false},"relatedNodes":[],"impact":"moderate","message":"All page content is contained by landmarks"}],"all":[],"none":[],"impact":null,"html":"<h3 class=\"nhsuk-u-font-weight-bold\">\n          Avery Healthcare Group Ltd.\n          <div class=\"location-font-size\">\n            \n              Purley CR8 2LF\n            \n          </div>\n        </h3>","target":[".nhsuk-list-panel.search-result.nhsuk-u-padding-3:nth-child(8) > .nhsuk-u-margin-bottom-4[data-test=\"search-result-location\"] > h3"]},{"any":[{"id":"region","data":{"isIframe":false},"relatedNodes":[],"impact":"moderate","message":"All page content is contained by landmarks"}],"all":[],"none":[],"impact":null,"html":"<div class=\"location-font-size\">\n            \n              Purley CR8 2LF\n            \n          </div>","target":[".nhsuk-list-panel.search-result.nhsuk-u-padding-3:nth-child(8) > .nhsuk-u-margin-bottom-4[data-test=\"search-result-location\"] > h3 > .location-font-size"]},{"any":[{"id":"region","data":{"isIframe":false},"relatedNodes":[],"impact":"moderate","message":"All page content is contained by landmarks"}],"all":[],"none":[],"impact":null,"html":"<div class=\"nhsuk-grid-row\">","target":[".nhsuk-list-panel.search-result.nhsuk-u-padding-3:nth-child(8) > .nhsuk-grid-row:nth-child(3)"]},{"any":[{"id":"region","data":{"isIframe":false},"relatedNodes":[],"impact":"moderate","message":"All page content is contained by landmarks"}],"all":[],"none":[],"impact":null,"html":"<div class=\"nhsuk-grid-column-one-half\">","target":[".nhsuk-list-panel.search-result.nhsuk-u-padding-3:nth-child(8) > .nhsuk-grid-row:nth-child(3) > .nhsuk-grid-column-one-half:nth-child(1)"]},{"any":[{"id":"region","data":{"isIframe":false},"relatedNodes":[],"impact":"moderate","message":"All page content is contained by landmarks"}],"all":[],"none":[],"impact":null,"html":"<ul class=\"ad-job-info nhsuk-list first-ad-job-info\">","target":[".nhsuk-list-panel.search-result.nhsuk-u-padding-3:nth-child(8) > .nhsuk-grid-row:nth-child(3) > .nhsuk-grid-column-one-half:nth-child(1) > .first-ad-job-info.ad-job-info.nhsuk-list"]},{"any":[{"id":"region","data":{"isIframe":false},"relatedNodes":[],"impact":"moderate","message":"All page content is contained by landmarks"}],"all":[],"none":[],"impact":null,"html":"<li data-test=\"search-result-salary\" class=\"marginBt\">\n                Salary: \n                <strong class=\"nhsuk-u-font-weight-bold\">\n                  £21 to £22\n                  \n                    an hour\n                  \n                </strong>\n              </li>","target":[".nhsuk-list-panel.search-result.nhsuk-u-padding-3:nth-child(8) > .nhsuk-grid-row:nth-child(3) > .nhsuk-grid-column-one-half:nth-child(1) > .first-ad-job-info.ad-job-info.nhsuk-list > .marginBt[data-test=\"search-result-salary\"]"]},{"any":[{"id":"region","data":{"isIframe":false},"relatedNodes":[],"impact":"moderate","message":"All page content is contained by landmarks"}],"all":[],"none":[],"impact":null,"html":"<strong class=\"nhsuk-u-font-weight-bold\">\n                  £21 to £22\n                  \n                    an hour\n                  \n                </strong>","target":[".nhsuk-list-panel.search-result.nhsuk-u-padding-3:nth-child(8) > .nhsuk-grid-row:nth-child(3) > .nhsuk-grid-column-one-half:nth-child(1) > .first-ad-job-info.ad-job-info.nhsuk-list > .marginBt[data-test=\"search-result-salary\"] > strong"]},{"any":[{"id":"region","data":{"isIframe":false},"relatedNodes":[],"impact":"moderate","message":"All page content is contained by landmarks"}],"all":[],"none":[],"impact":null,"html":"<li data-test=\"search-result-publicationDate\">\n                Date posted: \n                <strong class=\"nhsuk-u-font-weight-bold\">\n                  18 June 2025\n                </strong>\n              </li>","target":[".nhsuk-list-panel.search-result.nhsuk-u-padding-3:nth-child(8) > .nhsuk-grid-row:nth-child(3) > .nhsuk-grid-column-one-half:nth-child(1) > .first-ad-job-info.ad-job-info.nhsuk-list > li[data-test=\"search-result-publicationDate\"]"]},{"any":[{"id":"region","data":{"isIframe":false},"relatedNodes":[],"impact":"moderate","message":"All page content is contained by landmarks"}],"all":[],"none":[],"impact":null,"html":"<strong class=\"nhsuk-u-font-weight-bold\">\n                  18 June 2025\n                </strong>","target":[".nhsuk-list-panel.search-result.nhsuk-u-padding-3:nth-child(8) > .nhsuk-grid-row:nth-child(3) > .nhsuk-grid-column-one-half:nth-child(1) > .first-ad-job-info.ad-job-info.nhsuk-list > li[data-test=\"search-result-publicationDate\"] > strong"]},{"any":[{"id":"region","data":{"isIframe":false},"relatedNodes":[],"impact":"moderate","message":"All page content is contained by landmarks"}],"all":[],"none":[],"impact":null,"html":"<li data-test=\"search-result-closingDate\">\n                Closing date: \n                <strong class=\"nhsuk-u-font-weight-bold\">\n                  17 August 2025\n                </strong>\n              </li>","target":[".nhsuk-list-panel.search-result.nhsuk-u-padding-3:nth-child(8) > .nhsuk-grid-row:nth-child(3) > .nhsuk-grid-column-one-half:nth-child(1) > .first-ad-job-info.ad-job-info.nhsuk-list > li[data-test=\"search-result-closingDate\"]"]},{"any":[{"id":"region","data":{"isIframe":false},"relatedNodes":[],"impact":"moderate","message":"All page content is contained by landmarks"}],"all":[],"none":[],"impact":null,"html":"<strong class=\"nhsuk-u-font-weight-bold\">\n                  17 August 2025\n                </strong>","target":[".nhsuk-list-panel.search-result.nhsuk-u-padding-3:nth-child(8) > .nhsuk-grid-row:nth-child(3) > .nhsuk-grid-column-one-half:nth-child(1) > .first-ad-job-info.ad-job-info.nhsuk-list > li[data-test=\"search-result-closingDate\"] > strong"]},{"any":[{"id":"region","data":{"isIframe":false},"relatedNodes":[],"impact":"moderate","message":"All page content is contained by landmarks"}],"all":[],"none":[],"impact":null,"html":"<div class=\"nhsuk-grid-column-one-half\">","target":[".nhsuk-list-panel.search-result.nhsuk-u-padding-3:nth-child(8) > .nhsuk-grid-row:nth-child(3) > .nhsuk-grid-column-one-half:nth-child(2)"]},{"any":[{"id":"region","data":{"isIframe":false},"relatedNodes":[],"impact":"moderate","message":"All page content is contained by landmarks"}],"all":[],"none":[],"impact":null,"html":"<ul class=\"ad-job-info nhsuk-list\">","target":[".nhsuk-list-panel.search-result.nhsuk-u-padding-3:nth-child(8) > .nhsuk-grid-row:nth-child(3) > .nhsuk-grid-column-one-half:nth-child(2) > .ad-job-info.nhsuk-list"]},{"any":[{"id":"region","data":{"isIframe":false},"relatedNodes":[],"impact":"moderate","message":"All page content is contained by landmarks"}],"all":[],"none":[],"impact":null,"html":"<li data-test=\"search-result-jobType\" class=\"marginBt\">\n              Contract type: \n              <strong class=\"nhsuk-u-font-weight-bold\">\n                Permanent\n              </strong>\n            </li>","target":[".nhsuk-list-panel.search-result.nhsuk-u-padding-3:nth-child(8) > .nhsuk-grid-row:nth-child(3) > .nhsuk-grid-column-one-half:nth-child(2) > .ad-job-info.nhsuk-list > .marginBt[data-test=\"search-result-jobType\"]"]},{"any":[{"id":"region","data":{"isIframe":false},"relatedNodes":[],"impact":"moderate","message":"All page content is contained by landmarks"}],"all":[],"none":[],"impact":null,"html":"<strong class=\"nhsuk-u-font-weight-bold\">\n                Permanent\n              </strong>","target":[".nhsuk-list-panel.search-result.nhsuk-u-padding-3:nth-child(8) > .nhsuk-grid-row:nth-child(3) > .nhsuk-grid-column-one-half:nth-child(2) > .ad-job-info.nhsuk-list > .marginBt[data-test=\"search-result-jobType\"] > strong"]},{"any":[{"id":"region","data":{"isIframe":false},"relatedNodes":[],"impact":"moderate","message":"All page content is contained by landmarks"}],"all":[],"none":[],"impact":null,"html":"<li data-test=\"search-result-workingPattern\" class=\"marginBt\">\n              Working pattern: \n              <strong class=\"nhsuk-u-font-weight-bold\">\n                Part time\n              </strong>\n            </li>","target":[".nhsuk-list-panel.search-result.nhsuk-u-padding-3:nth-child(8) > .nhsuk-grid-row:nth-child(3) > .nhsuk-grid-column-one-half:nth-child(2) > .ad-job-info.nhsuk-list > .marginBt[data-test=\"search-result-workingPattern\"]"]},{"any":[{"id":"region","data":{"isIframe":false},"relatedNodes":[],"impact":"moderate","message":"All page content is contained by landmarks"}],"all":[],"none":[],"impact":null,"html":"<strong class=\"nhsuk-u-font-weight-bold\">\n                Part time\n              </strong>","target":[".nhsuk-list-panel.search-result.nhsuk-u-padding-3:nth-child(8) > .nhsuk-grid-row:nth-child(3) > .nhsuk-grid-column-one-half:nth-child(2) > .ad-job-info.nhsuk-list > .marginBt[data-test=\"search-result-workingPattern\"] > strong"]},{"any":[{"id":"region","data":{"isIframe":false},"relatedNodes":[],"impact":"moderate","message":"All page content is contained by landmarks"}],"all":[],"none":[],"impact":null,"html":"<li class=\"nhsuk-list-panel search-result nhsuk-u-padding-3\" data-test=\"search-result\">","target":[".nhsuk-list-panel.search-result.nhsuk-u-padding-3:nth-child(9)"]},{"any":[{"id":"region","data":{"isIframe":false},"relatedNodes":[],"impact":"moderate","message":"All page content is contained by landmarks"}],"all":[],"none":[],"impact":null,"html":"<div class=\"nhsuk-grid-row\">","target":[".nhsuk-list-panel.search-result.nhsuk-u-padding-3:nth-child(9) > .nhsuk-grid-row:nth-child(1)"]},{"any":[{"id":"region","data":{"isIframe":false},"relatedNodes":[],"impact":"moderate","message":"All page content is contained by landmarks"}],"all":[],"none":[],"impact":null,"html":"<div class=\"nhsuk-grid-column-two-thirds\">","target":[".nhsuk-list-panel.search-result.nhsuk-u-padding-3:nth-child(9) > .nhsuk-grid-row:nth-child(1) > .nhsuk-grid-column-two-thirds"]},{"any":[{"id":"region","data":{"isIframe":false},"relatedNodes":[],"impact":"moderate","message":"All page content is contained by landmarks"}],"all":[],"none":[],"impact":null,"html":"<h2 class=\"nhsuk-heading-m nhsuk-u-margin-bottom-2\" id=\"job-title-9\">","target":["#job-title-9"]},{"any":[{"id":"region","data":{"isIframe":false},"relatedNodes":[],"impact":"moderate","message":"All page content is contained by landmarks"}],"all":[],"none":[],"impact":null,"html":"<a href=\"/candidate/jobadvert/L0121-25-0827?keyword=Nurse&amp;location=London&amp;distance=5&amp;language=en\" data-test=\"search-result-job-title\">\n              Registered Nurse\n            </a>","target":["#job-title-9 > a[data-test=\"search-result-job-title\"]"]},{"any":[{"id":"region","data":{"isIframe":false},"relatedNodes":[],"impact":"moderate","message":"All page content is contained by landmarks"}],"all":[],"none":[],"impact":null,"html":"<div class=\"save-job nhsuk-u-margin-right-3\">","target":[".nhsuk-list-panel.search-result.nhsuk-u-padding-3:nth-child(9) > .nhsuk-grid-row:nth-child(1) > .save-job.nhsuk-u-margin-right-3"]},{"any":[{"id":"region","data":{"isIframe":false},"relatedNodes":[],"impact":"moderate","message":"All page content is contained by landmarks"}],"all":[],"none":[],"impact":null,"html":"<a href=\"/candidate/search/save-job/L0121-25-0827\" data-test=\"search-result-save-job\" aria-label=\"Save this job: Registered Nurse (Reference number: L0121-25-0827)\">\n              Save this job\n            </a>","target":[".nhsuk-list-panel.search-result.nhsuk-u-padding-3:nth-child(9) > .nhsuk-grid-row:nth-child(1) > .save-job.nhsuk-u-margin-right-3 > a[data-test=\"search-result-save-job\"]"]},{"any":[{"id":"region","data":{"isIframe":false},"relatedNodes":[],"impact":"moderate","message":"All page content is contained by landmarks"}],"all":[],"none":[],"impact":null,"html":"<div class=\"nhsuk-u-margin-bottom-4\" data-test=\"search-result-location\">\n        <h3 class=\"nhsuk-u-font-weight-bold\">\n          Aria Care\n          <div class=\"location-font-size\">\n            \n              Denham UB9 5DQ\n            \n          </div>\n        </h3>\n      </div>","target":[".nhsuk-list-panel.search-result.nhsuk-u-padding-3:nth-child(9) > .nhsuk-u-margin-bottom-4[data-test=\"search-result-location\"]"]},{"any":[{"id":"region","data":{"isIframe":false},"relatedNodes":[],"impact":"moderate","message":"All page content is contained by landmarks"}],"all":[],"none":[],"impact":null,"html":"<h3 class=\"nhsuk-u-font-weight-bold\">\n          Aria Care\n          <div class=\"location-font-size\">\n            \n              Denham UB9 5DQ\n            \n          </div>\n        </h3>","target":[".nhsuk-list-panel.search-result.nhsuk-u-padding-3:nth-child(9) > .nhsuk-u-margin-bottom-4[data-test=\"search-result-location\"] > h3"]},{"any":[{"id":"region","data":{"isIframe":false},"relatedNodes":[],"impact":"moderate","message":"All page content is contained by landmarks"}],"all":[],"none":[],"impact":null,"html":"<div class=\"location-font-size\">\n            \n              Denham UB9 5DQ\n            \n          </div>","target":[".nhsuk-list-panel.search-result.nhsuk-u-padding-3:nth-child(9) > .nhsuk-u-margin-bottom-4[data-test=\"search-result-location\"] > h3 > .location-font-size"]},{"any":[{"id":"region","data":{"isIframe":false},"relatedNodes":[],"impact":"moderate","message":"All page content is contained by landmarks"}],"all":[],"none":[],"impact":null,"html":"<div class=\"nhsuk-grid-row\">","target":[".nhsuk-list-panel.search-result.nhsuk-u-padding-3:nth-child(9) > .nhsuk-grid-row:nth-child(3)"]},{"any":[{"id":"region","data":{"isIframe":false},"relatedNodes":[],"impact":"moderate","message":"All page content is contained by landmarks"}],"all":[],"none":[],"impact":null,"html":"<div class=\"nhsuk-grid-column-one-half\">","target":[".nhsuk-list-panel.search-result.nhsuk-u-padding-3:nth-child(9) > .nhsuk-grid-row:nth-child(3) > .nhsuk-grid-column-one-half:nth-child(1)"]},{"any":[{"id":"region","data":{"isIframe":false},"relatedNodes":[],"impact":"moderate","message":"All page content is contained by landmarks"}],"all":[],"none":[],"impact":null,"html":"<ul class=\"ad-job-info nhsuk-list first-ad-job-info\">","target":[".nhsuk-list-panel.search-result.nhsuk-u-padding-3:nth-child(9) > .nhsuk-grid-row:nth-child(3) > .nhsuk-grid-column-one-half:nth-child(1) > .first-ad-job-info.ad-job-info.nhsuk-list"]},{"any":[{"id":"region","data":{"isIframe":false},"relatedNodes":[],"impact":"moderate","message":"All page content is contained by landmarks"}],"all":[],"none":[],"impact":null,"html":"<li data-test=\"search-result-salary\" class=\"marginBt\">\n                Salary: \n                <strong class=\"nhsuk-u-font-weight-bold\">\n                  £21.15\n                  \n                    an hour\n                  \n                </strong>\n              </li>","target":[".nhsuk-list-panel.search-result.nhsuk-u-padding-3:nth-child(9) > .nhsuk-grid-row:nth-child(3) > .nhsuk-grid-column-one-half:nth-child(1) > .first-ad-job-info.ad-job-info.nhsuk-list > .marginBt[data-test=\"search-result-salary\"]"]},{"any":[{"id":"region","data":{"isIframe":false},"relatedNodes":[],"impact":"moderate","message":"All page content is contained by landmarks"}],"all":[],"none":[],"impact":null,"html":"<strong class=\"nhsuk-u-font-weight-bold\">\n                  £21.15\n                  \n                    an hour\n                  \n                </strong>","target":[".nhsuk-list-panel.search-result.nhsuk-u-padding-3:nth-child(9) > .nhsuk-grid-row:nth-child(3) > .nhsuk-grid-column-one-half:nth-child(1) > .first-ad-job-info.ad-job-info.nhsuk-list > .marginBt[data-test=\"search-result-salary\"] > strong"]},{"any":[{"id":"region","data":{"isIframe":false},"relatedNodes":[],"impact":"moderate","message":"All page content is contained by landmarks"}],"all":[],"none":[],"impact":null,"html":"<li data-test=\"search-result-publicationDate\">\n                Date posted: \n                <strong class=\"nhsuk-u-font-weight-bold\">\n                  30 May 2025\n                </strong>\n              </li>","target":[".nhsuk-list-panel.search-result.nhsuk-u-padding-3:nth-child(9) > .nhsuk-grid-row:nth-child(3) > .nhsuk-grid-column-one-half:nth-child(1) > .first-ad-job-info.ad-job-info.nhsuk-list > li[data-test=\"search-result-publicationDate\"]"]},{"any":[{"id":"region","data":{"isIframe":false},"relatedNodes":[],"impact":"moderate","message":"All page content is contained by landmarks"}],"all":[],"none":[],"impact":null,"html":"<strong class=\"nhsuk-u-font-weight-bold\">\n                  30 May 2025\n                </strong>","target":[".nhsuk-list-panel.search-result.nhsuk-u-padding-3:nth-child(9) > .nhsuk-grid-row:nth-child(3) > .nhsuk-grid-column-one-half:nth-child(1) > .first-ad-job-info.ad-job-info.nhsuk-list > li[data-test=\"search-result-publicationDate\"] > strong"]},{"any":[{"id":"region","data":{"isIframe":false},"relatedNodes":[],"impact":"moderate","message":"All page content is contained by landmarks"}],"all":[],"none":[],"impact":null,"html":"<li data-test=\"search-result-closingDate\">\n                Closing date: \n                <strong class=\"nhsuk-u-font-weight-bold\">\n                  29 July 2025\n                </strong>\n              </li>","target":[".nhsuk-list-panel.search-result.nhsuk-u-padding-3:nth-child(9) > .nhsuk-grid-row:nth-child(3) > .nhsuk-grid-column-one-half:nth-child(1) > .first-ad-job-info.ad-job-info.nhsuk-list > li[data-test=\"search-result-closingDate\"]"]},{"any":[{"id":"region","data":{"isIframe":false},"relatedNodes":[],"impact":"moderate","message":"All page content is contained by landmarks"}],"all":[],"none":[],"impact":null,"html":"<strong class=\"nhsuk-u-font-weight-bold\">\n                  29 July 2025\n                </strong>","target":[".nhsuk-list-panel.search-result.nhsuk-u-padding-3:nth-child(9) > .nhsuk-grid-row:nth-child(3) > .nhsuk-grid-column-one-half:nth-child(1) > .first-ad-job-info.ad-job-info.nhsuk-list > li[data-test=\"search-result-closingDate\"] > strong"]},{"any":[{"id":"region","data":{"isIframe":false},"relatedNodes":[],"impact":"moderate","message":"All page content is contained by landmarks"}],"all":[],"none":[],"impact":null,"html":"<div class=\"nhsuk-grid-column-one-half\">","target":[".nhsuk-list-panel.search-result.nhsuk-u-padding-3:nth-child(9) > .nhsuk-grid-row:nth-child(3) > .nhsuk-grid-column-one-half:nth-child(2)"]},{"any":[{"id":"region","data":{"isIframe":false},"relatedNodes":[],"impact":"moderate","message":"All page content is contained by landmarks"}],"all":[],"none":[],"impact":null,"html":"<ul class=\"ad-job-info nhsuk-list\">","target":[".nhsuk-list-panel.search-result.nhsuk-u-padding-3:nth-child(9) > .nhsuk-grid-row:nth-child(3) > .nhsuk-grid-column-one-half:nth-child(2) > .ad-job-info.nhsuk-list"]},{"any":[{"id":"region","data":{"isIframe":false},"relatedNodes":[],"impact":"moderate","message":"All page content is contained by landmarks"}],"all":[],"none":[],"impact":null,"html":"<li data-test=\"search-result-jobType\" class=\"marginBt\">\n              Contract type: \n              <strong class=\"nhsuk-u-font-weight-bold\">\n                Permanent\n              </strong>\n            </li>","target":[".nhsuk-list-panel.search-result.nhsuk-u-padding-3:nth-child(9) > .nhsuk-grid-row:nth-child(3) > .nhsuk-grid-column-one-half:nth-child(2) > .ad-job-info.nhsuk-list > .marginBt[data-test=\"search-result-jobType\"]"]},{"any":[{"id":"region","data":{"isIframe":false},"relatedNodes":[],"impact":"moderate","message":"All page content is contained by landmarks"}],"all":[],"none":[],"impact":null,"html":"<strong class=\"nhsuk-u-font-weight-bold\">\n                Permanent\n              </strong>","target":[".nhsuk-list-panel.search-result.nhsuk-u-padding-3:nth-child(9) > .nhsuk-grid-row:nth-child(3) > .nhsuk-grid-column-one-half:nth-child(2) > .ad-job-info.nhsuk-list > .marginBt[data-test=\"search-result-jobType\"] > strong"]},{"any":[{"id":"region","data":{"isIframe":false},"relatedNodes":[],"impact":"moderate","message":"All page content is contained by landmarks"}],"all":[],"none":[],"impact":null,"html":"<li data-test=\"search-result-workingPattern\" class=\"marginBt\">\n              Working pattern: \n              <strong class=\"nhsuk-u-font-weight-bold\">\n                Full time\n              </strong>\n            </li>","target":[".nhsuk-list-panel.search-result.nhsuk-u-padding-3:nth-child(9) > .nhsuk-grid-row:nth-child(3) > .nhsuk-grid-column-one-half:nth-child(2) > .ad-job-info.nhsuk-list > .marginBt[data-test=\"search-result-workingPattern\"]"]},{"any":[{"id":"region","data":{"isIframe":false},"relatedNodes":[],"impact":"moderate","message":"All page content is contained by landmarks"}],"all":[],"none":[],"impact":null,"html":"<strong class=\"nhsuk-u-font-weight-bold\">\n                Full time\n              </strong>","target":[".nhsuk-list-panel.search-result.nhsuk-u-padding-3:nth-child(9) > .nhsuk-grid-row:nth-child(3) > .nhsuk-grid-column-one-half:nth-child(2) > .ad-job-info.nhsuk-list > .marginBt[data-test=\"search-result-workingPattern\"] > strong"]},{"any":[{"id":"region","data":{"isIframe":false},"relatedNodes":[],"impact":"moderate","message":"All page content is contained by landmarks"}],"all":[],"none":[],"impact":null,"html":"<li class=\"nhsuk-list-panel search-result nhsuk-u-padding-3\" data-test=\"search-result\">","target":[".nhsuk-list-panel.search-result.nhsuk-u-padding-3:nth-child(10)"]},{"any":[{"id":"region","data":{"isIframe":false},"relatedNodes":[],"impact":"moderate","message":"All page content is contained by landmarks"}],"all":[],"none":[],"impact":null,"html":"<div class=\"nhsuk-grid-row\">","target":[".nhsuk-list-panel.search-result.nhsuk-u-padding-3:nth-child(10) > .nhsuk-grid-row:nth-child(1)"]},{"any":[{"id":"region","data":{"isIframe":false},"relatedNodes":[],"impact":"moderate","message":"All page content is contained by landmarks"}],"all":[],"none":[],"impact":null,"html":"<div class=\"nhsuk-grid-column-two-thirds\">","target":[".nhsuk-list-panel.search-result.nhsuk-u-padding-3:nth-child(10) > .nhsuk-grid-row:nth-child(1) > .nhsuk-grid-column-two-thirds"]},{"any":[{"id":"region","data":{"isIframe":false},"relatedNodes":[],"impact":"moderate","message":"All page content is contained by landmarks"}],"all":[],"none":[],"impact":null,"html":"<h2 class=\"nhsuk-heading-m nhsuk-u-margin-bottom-2\" id=\"job-title-10\">","target":["#job-title-10"]},{"any":[{"id":"region","data":{"isIframe":false},"relatedNodes":[],"impact":"moderate","message":"All page content is contained by landmarks"}],"all":[],"none":[],"impact":null,"html":"<a href=\"/candidate/jobadvert/A4003-25-0000?keyword=Nurse&amp;location=London&amp;distance=5&amp;language=en\" data-test=\"search-result-job-title\">\n              Practice Nurse\n            </a>","target":["#job-title-10 > a[data-test=\"search-result-job-title\"]"]},{"any":[{"id":"region","data":{"isIframe":false},"relatedNodes":[],"impact":"moderate","message":"All page content is contained by landmarks"}],"all":[],"none":[],"impact":null,"html":"<div class=\"save-job nhsuk-u-margin-right-3\">","target":[".nhsuk-list-panel.search-result.nhsuk-u-padding-3:nth-child(10) > .nhsuk-grid-row:nth-child(1) > .save-job.nhsuk-u-margin-right-3"]},{"any":[{"id":"region","data":{"isIframe":false},"relatedNodes":[],"impact":"moderate","message":"All page content is contained by landmarks"}],"all":[],"none":[],"impact":null,"html":"<a href=\"/candidate/search/save-job/A4003-25-0000\" data-test=\"search-result-save-job\" aria-label=\"Save this job: Practice Nurse (Reference number: A4003-25-0000)\">\n              Save this job\n            </a>","target":[".nhsuk-list-panel.search-result.nhsuk-u-padding-3:nth-child(10) > .nhsuk-grid-row:nth-child(1) > .save-job.nhsuk-u-margin-right-3 > a[data-test=\"search-result-save-job\"]"]},{"any":[{"id":"region","data":{"isIframe":false},"relatedNodes":[],"impact":"moderate","message":"All page content is contained by landmarks"}],"all":[],"none":[],"impact":null,"html":"<div class=\"nhsuk-u-margin-bottom-4\" data-test=\"search-result-location\">\n        <h3 class=\"nhsuk-u-font-weight-bold\">\n          Bellegrove Surgery\n          <div class=\"location-font-size\">\n            \n              Welling DA16 3RE\n            \n          </div>\n        </h3>\n      </div>","target":[".nhsuk-list-panel.search-result.nhsuk-u-padding-3:nth-child(10) > .nhsuk-u-margin-bottom-4[data-test=\"search-result-location\"]"]},{"any":[{"id":"region","data":{"isIframe":false},"relatedNodes":[],"impact":"moderate","message":"All page content is contained by landmarks"}],"all":[],"none":[],"impact":null,"html":"<h3 class=\"nhsuk-u-font-weight-bold\">\n          Bellegrove Surgery\n          <div class=\"location-font-size\">\n            \n              Welling DA16 3RE\n            \n          </div>\n        </h3>","target":[".nhsuk-list-panel.search-result.nhsuk-u-padding-3:nth-child(10) > .nhsuk-u-margin-bottom-4[data-test=\"search-result-location\"] > h3"]},{"any":[{"id":"region","data":{"isIframe":false},"relatedNodes":[],"impact":"moderate","message":"All page content is contained by landmarks"}],"all":[],"none":[],"impact":null,"html":"<div class=\"location-font-size\">\n            \n              Welling DA16 3RE\n            \n          </div>","target":[".nhsuk-list-panel.search-result.nhsuk-u-padding-3:nth-child(10) > .nhsuk-u-margin-bottom-4[data-test=\"search-result-location\"] > h3 > .location-font-size"]},{"any":[{"id":"region","data":{"isIframe":false},"relatedNodes":[],"impact":"moderate","message":"All page content is contained by landmarks"}],"all":[],"none":[],"impact":null,"html":"<div class=\"nhsuk-grid-row\">","target":[".nhsuk-list-panel.search-result.nhsuk-u-padding-3:nth-child(10) > .nhsuk-grid-row:nth-child(3)"]},{"any":[{"id":"region","data":{"isIframe":false},"relatedNodes":[],"impact":"moderate","message":"All page content is contained by landmarks"}],"all":[],"none":[],"impact":null,"html":"<div class=\"nhsuk-grid-column-one-half\">","target":[".nhsuk-list-panel.search-result.nhsuk-u-padding-3:nth-child(10) > .nhsuk-grid-row:nth-child(3) > .nhsuk-grid-column-one-half:nth-child(1)"]},{"any":[{"id":"region","data":{"isIframe":false},"relatedNodes":[],"impact":"moderate","message":"All page content is contained by landmarks"}],"all":[],"none":[],"impact":null,"html":"<ul class=\"ad-job-info nhsuk-list first-ad-job-info\">","target":[".nhsuk-list-panel.search-result.nhsuk-u-padding-3:nth-child(10) > .nhsuk-grid-row:nth-child(3) > .nhsuk-grid-column-one-half:nth-child(1) > .first-ad-job-info.ad-job-info.nhsuk-list"]},{"any":[{"id":"region","data":{"isIframe":false},"relatedNodes":[],"impact":"moderate","message":"All page content is contained by landmarks"}],"all":[],"none":[],"impact":null,"html":"<li data-test=\"search-result-salary\" class=\"marginBt\">\n                Salary: \n                <strong class=\"nhsuk-u-font-weight-bold\">\n                  Depends on experience\n                </strong>\n              </li>","target":[".nhsuk-list-panel.search-result.nhsuk-u-padding-3:nth-child(10) > .nhsuk-grid-row:nth-child(3) > .nhsuk-grid-column-one-half:nth-child(1) > .first-ad-job-info.ad-job-info.nhsuk-list > .marginBt[data-test=\"search-result-salary\"]"]},{"any":[{"id":"region","data":{"isIframe":false},"relatedNodes":[],"impact":"moderate","message":"All page content is contained by landmarks"}],"all":[],"none":[],"impact":null,"html":"<strong class=\"nhsuk-u-font-weight-bold\">\n                  Depends on experience\n                </strong>","target":[".nhsuk-list-panel.search-result.nhsuk-u-padding-3:nth-child(10) > .nhsuk-grid-row:nth-child(3) > .nhsuk-grid-column-one-half:nth-child(1) > .first-ad-job-info.ad-job-info.nhsuk-list > .marginBt[data-test=\"search-result-salary\"] > strong"]},{"any":[{"id":"region","data":{"isIframe":false},"relatedNodes":[],"impact":"moderate","message":"All page content is contained by landmarks"}],"all":[],"none":[],"impact":null,"html":"<li data-test=\"search-result-publicationDate\">\n                Date posted: \n                <strong class=\"nhsuk-u-font-weight-bold\">\n                  10 June 2025\n                </strong>\n              </li>","target":[".nhsuk-list-panel.search-result.nhsuk-u-padding-3:nth-child(10) > .nhsuk-grid-row:nth-child(3) > .nhsuk-grid-column-one-half:nth-child(1) > .first-ad-job-info.ad-job-info.nhsuk-list > li[data-test=\"search-result-publicationDate\"]"]},{"any":[{"id":"region","data":{"isIframe":false},"relatedNodes":[],"impact":"moderate","message":"All page content is contained by landmarks"}],"all":[],"none":[],"impact":null,"html":"<strong class=\"nhsuk-u-font-weight-bold\">\n                  10 June 2025\n                </strong>","target":[".nhsuk-list-panel.search-result.nhsuk-u-padding-3:nth-child(10) > .nhsuk-grid-row:nth-child(3) > .nhsuk-grid-column-one-half:nth-child(1) > .first-ad-job-info.ad-job-info.nhsuk-list > li[data-test=\"search-result-publicationDate\"] > strong"]},{"any":[{"id":"region","data":{"isIframe":false},"relatedNodes":[],"impact":"moderate","message":"All page content is contained by landmarks"}],"all":[],"none":[],"impact":null,"html":"<li data-test=\"search-result-closingDate\">\n                Closing date: \n                <strong class=\"nhsuk-u-font-weight-bold\">\n                  30 June 2025\n                </strong>\n              </li>","target":[".nhsuk-list-panel.search-result.nhsuk-u-padding-3:nth-child(10) > .nhsuk-grid-row:nth-child(3) > .nhsuk-grid-column-one-half:nth-child(1) > .first-ad-job-info.ad-job-info.nhsuk-list > li[data-test=\"search-result-closingDate\"]"]},{"any":[{"id":"region","data":{"isIframe":false},"relatedNodes":[],"impact":"moderate","message":"All page content is contained by landmarks"}],"all":[],"none":[],"impact":null,"html":"<strong class=\"nhsuk-u-font-weight-bold\">\n                  30 June 2025\n                </strong>","target":[".nhsuk-list-panel.search-result.nhsuk-u-padding-3:nth-child(10) > .nhsuk-grid-row:nth-child(3) > .nhsuk-grid-column-one-half:nth-child(1) > .first-ad-job-info.ad-job-info.nhsuk-list > li[data-test=\"search-result-closingDate\"] > strong"]},{"any":[{"id":"region","data":{"isIframe":false},"relatedNodes":[],"impact":"moderate","message":"All page content is contained by landmarks"}],"all":[],"none":[],"impact":null,"html":"<div class=\"nhsuk-grid-column-one-half\">","target":[".nhsuk-list-panel.search-result.nhsuk-u-padding-3:nth-child(10) > .nhsuk-grid-row:nth-child(3) > .nhsuk-grid-column-one-half:nth-child(2)"]},{"any":[{"id":"region","data":{"isIframe":false},"relatedNodes":[],"impact":"moderate","message":"All page content is contained by landmarks"}],"all":[],"none":[],"impact":null,"html":"<ul class=\"ad-job-info nhsuk-list\">","target":[".nhsuk-list-panel.search-result.nhsuk-u-padding-3:nth-child(10) > .nhsuk-grid-row:nth-child(3) > .nhsuk-grid-column-one-half:nth-child(2) > .ad-job-info.nhsuk-list"]},{"any":[{"id":"region","data":{"isIframe":false},"relatedNodes":[],"impact":"moderate","message":"All page content is contained by landmarks"}],"all":[],"none":[],"impact":null,"html":"<li data-test=\"search-result-jobType\" class=\"marginBt\">\n              Contract type: \n              <strong class=\"nhsuk-u-font-weight-bold\">\n                Permanent\n              </strong>\n            </li>","target":[".nhsuk-list-panel.search-result.nhsuk-u-padding-3:nth-child(10) > .nhsuk-grid-row:nth-child(3) > .nhsuk-grid-column-one-half:nth-child(2) > .ad-job-info.nhsuk-list > .marginBt[data-test=\"search-result-jobType\"]"]},{"any":[{"id":"region","data":{"isIframe":false},"relatedNodes":[],"impact":"moderate","message":"All page content is contained by landmarks"}],"all":[],"none":[],"impact":null,"html":"<strong class=\"nhsuk-u-font-weight-bold\">\n                Permanent\n              </strong>","target":[".nhsuk-list-panel.search-result.nhsuk-u-padding-3:nth-child(10) > .nhsuk-grid-row:nth-child(3) > .nhsuk-grid-column-one-half:nth-child(2) > .ad-job-info.nhsuk-list > .marginBt[data-test=\"search-result-jobType\"] > strong"]},{"any":[{"id":"region","data":{"isIframe":false},"relatedNodes":[],"impact":"moderate","message":"All page content is contained by landmarks"}],"all":[],"none":[],"impact":null,"html":"<li data-test=\"search-result-workingPattern\" class=\"marginBt\">\n              Working pattern: \n              <strong class=\"nhsuk-u-font-weight-bold\">\n                Full time, Part time\n              </strong>\n            </li>","target":[".nhsuk-list-panel.search-result.nhsuk-u-padding-3:nth-child(10) > .nhsuk-grid-row:nth-child(3) > .nhsuk-grid-column-one-half:nth-child(2) > .ad-job-info.nhsuk-list > .marginBt[data-test=\"search-result-workingPattern\"]"]},{"any":[{"id":"region","data":{"isIframe":false},"relatedNodes":[],"impact":"moderate","message":"All page content is contained by landmarks"}],"all":[],"none":[],"impact":null,"html":"<strong class=\"nhsuk-u-font-weight-bold\">\n                Full time, Part time\n              </strong>","target":[".nhsuk-list-panel.search-result.nhsuk-u-padding-3:nth-child(10) > .nhsuk-grid-row:nth-child(3) > .nhsuk-grid-column-one-half:nth-child(2) > .ad-job-info.nhsuk-list > .marginBt[data-test=\"search-result-workingPattern\"] > strong"]},{"any":[{"id":"region","data":{"isIframe":false},"relatedNodes":[],"impact":"moderate","message":"All page content is contained by landmarks"}],"all":[],"none":[],"impact":null,"html":"<nav class=\"nhsuk-pagination\" role=\"navigation\" aria-label=\"Pagination\">","target":[".nhsuk-pagination"]},{"any":[{"id":"region","data":{"isIframe":false},"relatedNodes":[],"impact":"moderate","message":"All page content is contained by landmarks"}],"all":[],"none":[],"impact":null,"html":"<ul class=\"nhsuk-list nhsuk-pagination__list\">","target":[".nhsuk-pagination__list"]},{"any":[{"id":"region","data":{"isIframe":false},"relatedNodes":[],"impact":"moderate","message":"All page content is contained by landmarks"}],"all":[],"none":[],"impact":null,"html":"<li class=\"nhsuk-pagination-item--previous\">\n      \n    </li>","target":[".nhsuk-pagination-item--previous"]},{"any":[{"id":"region","data":{"isIframe":false},"relatedNodes":[],"impact":"moderate","message":"All page content is contained by landmarks"}],"all":[],"none":[],"impact":null,"html":"<li class=\"nhsuk-pagination-item--next\">","target":[".nhsuk-pagination-item--next"]},{"any":[{"id":"region","data":{"isIframe":false},"relatedNodes":[],"impact":"moderate","message":"All page content is contained by landmarks"}],"all":[],"none":[],"impact":null,"html":"<a class=\"nhsuk-pagination__link nhsuk-pagination__link--next\" href=\"/candidate/search/results?keyword=Nurse&amp;location=London&amp;language=en&amp;page=2\" data-test=\"search-next-page\">","target":[".nhsuk-pagination__link"]},{"any":[{"id":"region","data":{"isIframe":false},"relatedNodes":[],"impact":"moderate","message":"All page content is contained by landmarks"}],"all":[],"none":[],"impact":null,"html":"<span class=\"nhsuk-pagination__title\">Next</span>","target":[".nhsuk-pagination__title"]},{"any":[{"id":"region","data":{"isIframe":false},"relatedNodes":[],"impact":"moderate","message":"All page content is contained by landmarks"}],"all":[],"none":[],"impact":null,"html":"<span class=\"nhsuk-pagination__page\">Page 2 of 94</span>","target":[".nhsuk-pagination__page"]},{"any":[{"id":"region","data":{"isIframe":false},"relatedNodes":[],"impact":"moderate","message":"All page content is contained by landmarks"}],"all":[],"none":[],"impact":null,"html":"<footer role=\"contentinfo\">","target":["footer"]},{"any":[{"id":"region","data":{"isIframe":false},"relatedNodes":[],"impact":"moderate","message":"All page content is contained by landmarks"}],"all":[],"none":[],"impact":null,"html":"<div class=\"nhsuk-footer\" id=\"nhsuk-footer\">","target":["#nhsuk-footer"]},{"any":[{"id":"region","data":{"isIframe":false},"relatedNodes":[],"impact":"moderate","message":"All page content is contained by landmarks"}],"all":[],"none":[],"impact":null,"html":"<div class=\"nhsuk-width-container\">","target":["#nhsuk-footer > .nhsuk-width-container"]},{"any":[{"id":"region","data":{"isIframe":false},"relatedNodes":[],"impact":"moderate","message":"All page content is contained by landmarks"}],"all":[],"none":[],"impact":null,"html":"<h2 class=\"nhsuk-u-visually-hidden\">Support links</h2>","target":[".nhsuk-width-container > .nhsuk-u-visually-hidden"]},{"any":[{"id":"region","data":{"isIframe":false},"relatedNodes":[],"impact":"moderate","message":"All page content is contained by landmarks"}],"all":[],"none":[],"impact":null,"html":"<ul class=\"nhsuk-footer__list adjust-width\">","target":[".nhsuk-footer__list"]},{"any":[{"id":"region","data":{"isIframe":false},"relatedNodes":[],"impact":"moderate","message":"All page content is contained by landmarks"}],"all":[],"none":[],"impact":null,"html":"<li class=\"nhsuk-footer__list-item\">\n          <a class=\"nhsuk-footer__list-item-link\" target=\"_blank\" id=\"privacy\" href=\"/candidate/privacy-policy\">Privacy policy</a>\n        </li>","target":[".nhsuk-footer__list-item:nth-child(1)"]},{"any":[{"id":"region","data":{"isIframe":false},"relatedNodes":[],"impact":"moderate","message":"All page content is contained by landmarks"}],"all":[],"none":[],"impact":null,"html":"<a class=\"nhsuk-footer__list-item-link\" target=\"_blank\" id=\"privacy\" href=\"/candidate/privacy-policy\">Privacy policy</a>","target":["#privacy"]},{"any":[{"id":"region","data":{"isIframe":false},"relatedNodes":[],"impact":"moderate","message":"All page content is contained by landmarks"}],"all":[],"none":[],"impact":null,"html":"<li class=\"nhsuk-footer__list-item\">\n          <a class=\"nhsuk-footer__list-item-link\" target=\"_blank\" id=\"acceptableUse\" href=\"/candidate/acceptable-use\">Terms and conditions</a>\n        </li>","target":[".nhsuk-footer__list-item:nth-child(2)"]},{"any":[{"id":"region","data":{"isIframe":false},"relatedNodes":[],"impact":"moderate","message":"All page content is contained by landmarks"}],"all":[],"none":[],"impact":null,"html":"<a class=\"nhsuk-footer__list-item-link\" target=\"_blank\" id=\"acceptableUse\" href=\"/candidate/acceptable-use\">Terms and conditions</a>","target":["#acceptableUse"]},{"any":[{"id":"region","data":{"isIframe":false},"relatedNodes":[],"impact":"moderate","message":"All page content is contained by landmarks"}],"all":[],"none":[],"impact":null,"html":"<li class=\"nhsuk-footer__list-item\">\n          <a class=\"nhsuk-footer__list-item-link\" target=\"_blank\" id=\"accessibility\" href=\"https://www.nhsbsa.nhs.uk/our-policies/accessibility/accessibility-statement-nhs-jobs-applicants\">Accessibility Statement</a>\n        </li>","target":[".nhsuk-footer__list-item:nth-child(3)"]},{"any":[{"id":"region","data":{"isIframe":false},"relatedNodes":[],"impact":"moderate","message":"All page content is contained by landmarks"}],"all":[],"none":[],"impact":null,"html":"<a class=\"nhsuk-footer__list-item-link\" target=\"_blank\" id=\"accessibility\" href=\"https://www.nhsbsa.nhs.uk/our-policies/accessibility/accessibility-statement-nhs-jobs-applicants\">Accessibility Statement</a>","target":["#accessibility"]},{"any":[{"id":"region","data":{"isIframe":false},"relatedNodes":[],"impact":"moderate","message":"All page content is contained by landmarks"}],"all":[],"none":[],"impact":null,"html":"<li class=\"nhsuk-footer__list-item\">\n          <a class=\"nhsuk-footer__list-item-link\" target=\"_blank\" id=\"cookies\" href=\"/candidate/cookies\">Cookies</a>\n        </li>","target":[".nhsuk-footer__list-item:nth-child(4)"]},{"any":[{"id":"region","data":{"isIframe":false},"relatedNodes":[],"impact":"moderate","message":"All page content is contained by landmarks"}],"all":[],"none":[],"impact":null,"html":"<a class=\"nhsuk-footer__list-item-link\" target=\"_blank\" id=\"cookies\" href=\"/candidate/cookies\">Cookies</a>","target":["#cookies"]},{"any":[{"id":"region","data":{"isIframe":false},"relatedNodes":[],"impact":"moderate","message":"All page content is contained by landmarks"}],"all":[],"none":[],"impact":null,"html":"<li class=\"nhsuk-footer__list-item\">\n          <a class=\"nhsuk-footer__list-item-link\" target=\"_blank\" id=\"helpText\" href=\"https://www.nhsbsa.nhs.uk/new-nhs-jobs-service/help-and-support-applicants\">How to apply for jobs</a>\n        </li>","target":[".nhsuk-footer__list-item:nth-child(5)"]},{"any":[{"id":"region","data":{"isIframe":false},"relatedNodes":[],"impact":"moderate","message":"All page content is contained by landmarks"}],"all":[],"none":[],"impact":null,"html":"<a class=\"nhsuk-footer__list-item-link\" target=\"_blank\" id=\"helpText\" href=\"https://www.nhsbsa.nhs.uk/new-nhs-jobs-service/help-and-support-applicants\">How to apply for jobs</a>","target":["#helpText"]},{"any":[{"id":"region","data":{"isIframe":false},"relatedNodes":[],"impact":"moderate","message":"All page content is contained by landmarks"}],"all":[],"none":[],"impact":null,"html":"<p class=\"nhsuk-footer__copyright\">© Crown copyright</p>","target":[".nhsuk-footer__copyright"]}]},{"id":"scrollable-region-focusable","impact":null,"tags":["cat.keyboard","wcag2a","wcag211","TTv5","TT4.a"],"description":"Ensure elements that have scrollable content are accessible by keyboard","help":"Scrollable region must have keyboard access","helpUrl":"https://dequeuniversity.com/rules/axe/4.7/scrollable-region-focusable?application=axeAPI","nodes":[{"any":[{"id":"focusable-content","data":null,"relatedNodes":[],"impact":"serious","message":"Element contains focusable elements"}],"all":[],"none":[],"impact":null,"html":"<html lang=\"en\" style=\"\">","target":["html"]}]},{"id":"select-name","impact":null,"tags":["cat.forms","wcag2a","wcag412","section508","section508.22.n","ACT","TTv5","TT5.c"],"description":"Ensures select element has an accessible name","help":"Select element must have an accessible name","helpUrl":"https://dequeuniversity.com/rules/axe/4.7/select-name?application=axeAPI","nodes":[{"any":[{"id":"explicit-label","data":{"explicitLabel":"Sort by"},"relatedNodes":[{"html":"<label class=\"nhsuk-label nhsuk-inline-label\" for=\"sort\">Sort by</label>","target":[".nhsuk-inline-label"]}],"impact":"critical","message":"Form element has an explicit <label>"}],"all":[],"none":[{"id":"hidden-explicit-label","data":null,"relatedNodes":[],"impact":"critical","message":"Form element has a visible explicit <label>"}],"impact":null,"html":"<select class=\"nhsuk-select nhsuk-inline-select\" id=\"sort\" name=\"sort\" data-test=\"sort-input\" value=\"\" onchange=\"sortform.submit()\">","target":["#sort"]}]},{"id":"skip-link","impact":null,"tags":["cat.keyboard","best-practice"],"description":"Ensure all skip links have a focusable target","help":"The skip-link target should exist and be focusable","helpUrl":"https://dequeuniversity.com/rules/axe/4.7/skip-link?application=axeAPI","nodes":[{"any":[{"id":"skip-link","data":null,"relatedNodes":[],"impact":"moderate","message":"Skip link target exists"}],"all":[],"none":[],"impact":null,"html":"<a class=\"nhsuk-skip-link\" href=\"#search-results-heading\" aria-label=\"932 jobs found for Nurse in London. Sorted by: Best Match . Skip to search filters\" id=\"skip_to_search_filters\">Skip to search filters</a>","target":["#skip_to_search_filters"]},{"any":[{"id":"skip-link","data":null,"relatedNodes":[],"impact":"moderate","message":"Skip link target exists"}],"all":[],"none":[],"impact":null,"html":"<a class=\"nhsuk-skip-link\" href=\"#first-result-title\" id=\"skipToSearchResults\" aria-label=\"Skip to search results\">Skip to search results</a>","target":["#skipToSearchResults"]}]},{"id":"valid-lang","impact":null,"tags":["cat.language","wcag2aa","wcag312","ACT","TTv5","TT11.b"],"description":"Ensures lang attributes have valid values","help":"lang attribute must have a valid value","helpUrl":"https://dequeuniversity.com/rules/axe/4.7/valid-lang?application=axeAPI","nodes":[{"any":[],"all":[],"none":[{"id":"valid-lang","data":null,"relatedNodes":[],"impact":"serious","message":"Value of lang attribute is included in the list of valid languages"}],"impact":null,"html":"<a lang=\"en\" href=\"/candidate/search/locale/en\" class=\"language-toggle-selected\" data-test=\"english-language-link\">English</a>","target":[".language-toggle-selected"]},{"any":[],"all":[],"none":[{"id":"valid-lang","data":null,"relatedNodes":[],"impact":"serious","message":"Value of lang attribute is included in the list of valid languages"}],"impact":null,"html":"<a lang=\"cy\" href=\"/candidate/search/locale/cy\" class=\"language-toggle\" data-test=\"welsh-language-link\">Cymraeg</a>","target":[".language-toggle"]}]}],"incomplete":[],"violations":[{"id":"duplicate-id","impact":"minor","tags":["cat.parsing","wcag2a","wcag411"],"description":"Ensures every id attribute value is unique","help":"id attribute value must be unique","helpUrl":"https://dequeuniversity.com/rules/axe/4.7/duplicate-id?application=axeAPI","nodes":[{"any":[{"id":"duplicate-id","data":"heading-body","relatedNodes":[{"html":"<header class=\"nhsuk-header\" role=\"banner\" id=\"heading-body\">","target":["header"]}],"impact":"minor","message":"Document has multiple static elements with the same id attribute: heading-body"}],"all":[],"none":[],"impact":"minor","html":"<div id=\"heading-body\">","target":["#main-body > div:nth-child(3)"],"failureSummary":"Fix any of the following:\n  Document has multiple static elements with the same id attribute: heading-body"}]}]}
  Then I should get a list of jobs that match my preferences                   # stepdefinitions.NHSJobSearchSteps.verifyResults()
  And I sort my search results with the sort option "Date Posted (newest)"     # stepdefinitions.NHSJobSearchSteps.sortResults(java.lang.String)
]]></system-out>
    <system-err><![CDATA[SLF4J: Failed to load class "org.slf4j.impl.StaticLoggerBinder".
SLF4J: Defaulting to no-operation (NOP) logger implementation
SLF4J: See http://www.slf4j.org/codes.html#StaticLoggerBinder for further details.
Jun 24, 2025 10:43:29 PM org.openqa.selenium.devtools.CdpVersionFinder findNearestMatch
WARNING: Unable to find CDP implementation matching 137
Jun 24, 2025 10:43:29 PM org.openqa.selenium.chromium.ChromiumDriver lambda$new$5
WARNING: Unable to find version of CDP to use for 137.0.7151.120. You may need to include a dependency on a specific version of the CDP using something similar to `org.seleniumhq.selenium:selenium-devtools-v86:4.11.0` where the version ("v86") matches the version of the chromium-based browser you're using and the version number of the artifact is the same as Selenium's.
Jun 24, 2025 10:43:38 PM org.openqa.selenium.remote.http.WebSocket$Listener onError
WARNING: Connection reset
java.net.SocketException: Connection reset
	at java.base/sun.nio.ch.SocketChannelImpl.throwConnectionReset(SocketChannelImpl.java:401)
	at java.base/sun.nio.ch.SocketChannelImpl.read(SocketChannelImpl.java:434)
	at io.netty.buffer.PooledByteBuf.setBytes(PooledByteBuf.java:256)
	at io.netty.buffer.AbstractByteBuf.writeBytes(AbstractByteBuf.java:1132)
	at io.netty.channel.socket.nio.NioSocketChannel.doReadBytes(NioSocketChannel.java:357)
	at io.netty.channel.nio.AbstractNioByteChannel$NioByteUnsafe.read(AbstractNioByteChannel.java:151)
	at io.netty.channel.nio.NioEventLoop.processSelectedKey(NioEventLoop.java:788)
	at io.netty.channel.nio.NioEventLoop.processSelectedKeysOptimized(NioEventLoop.java:724)
	at io.netty.channel.nio.NioEventLoop.processSelectedKeys(NioEventLoop.java:650)
	at io.netty.channel.nio.NioEventLoop.run(NioEventLoop.java:562)
	at io.netty.util.concurrent.SingleThreadEventExecutor$4.run(SingleThreadEventExecutor.java:997)
	at io.netty.util.internal.ThreadExecutorMap$2.run(ThreadExecutorMap.java:74)
	at io.netty.util.concurrent.FastThreadLocalRunnable.run(FastThreadLocalRunnable.java:30)
	at java.base/java.lang.Thread.run(Thread.java:1583)

]]></system-err>
  </testcase>
  <testcase name="runScenario[&quot;NHS job Search with preferences in multiple browsers&quot;, &quot;NHS Job Search functionality&quot;](2)" classname="runner.TestRunner" time="11.732">
    <system-out><![CDATA[
@crossbrowser
Scenario Outline: NHS job Search with preferences in multiple browsers             # src/test/resources/Features/jobsearch.feature:16
Accepted Cookies
  Given I open the NHS job search page on "firefox"                                # stepdefinitions.NHSJobSearchSteps.openNhsJobSearch(java.lang.String)
  When I put my preferences "Doctor" and "Sheffield" into the Search functionality # stepdefinitions.NHSJobSearchSteps.putPreferences(java.lang.String,java.lang.String)
Result title displayed: Doctor jobs within 5 miles of Sheffield - NHS Jobs
Search result: 29 jobs found for Doctor within 5 miles of Sheffield
Axe Results: {"testEngine":{"name":"axe-core","version":"4.7.2"},"testRunner":{"name":"axe"},"testEnvironment":{"userAgent":"Mozilla/5.0 (Windows NT 10.0; Win64; x64; rv:139.0) Gecko/20100101 Firefox/139.0","windowWidth":1536,"windowHeight":731,"orientationAngle":0,"orientationType":"landscape-primary"},"timestamp":"2025-06-24T17:13:48.522Z","url":"https://www.jobs.nhs.uk/candidate/search/results?keyword=Doctor&location=Sheffield&distance=5&language=en","toolOptions":{"reporter":"v1"},"inapplicable":[{"id":"accesskeys","impact":null,"tags":["cat.keyboard","best-practice"],"description":"Ensures every accesskey attribute value is unique","help":"accesskey attribute value should be unique","helpUrl":"https://dequeuniversity.com/rules/axe/4.7/accesskeys?application=axeAPI","nodes":[]},{"id":"area-alt","impact":null,"tags":["cat.text-alternatives","wcag2a","wcag244","wcag412","section508","section508.22.a","ACT","TTv5","TT6.a"],"description":"Ensures <area> elements of image maps have alternate text","help":"Active <area> elements must have alternate text","helpUrl":"https://dequeuniversity.com/rules/axe/4.7/area-alt?application=axeAPI","nodes":[]},{"id":"aria-command-name","impact":null,"tags":["cat.aria","wcag2a","wcag412","ACT","TTv5","TT6.a"],"description":"Ensures every ARIA button, link and menuitem has an accessible name","help":"ARIA commands must have an accessible name","helpUrl":"https://dequeuniversity.com/rules/axe/4.7/aria-command-name?application=axeAPI","nodes":[]},{"id":"aria-dialog-name","impact":null,"tags":["cat.aria","best-practice"],"description":"Ensures every ARIA dialog and alertdialog node has an accessible name","help":"ARIA dialog and alertdialog nodes should have an accessible name","helpUrl":"https://dequeuniversity.com/rules/axe/4.7/aria-dialog-name?application=axeAPI","nodes":[]},{"id":"aria-input-field-name","impact":null,"tags":["cat.aria","wcag2a","wcag412","ACT","TTv5","TT5.c"],"description":"Ensures every ARIA input field has an accessible name","help":"ARIA input fields must have an accessible name","helpUrl":"https://dequeuniversity.com/rules/axe/4.7/aria-input-field-name?application=axeAPI","nodes":[]},{"id":"aria-meter-name","impact":null,"tags":["cat.aria","wcag2a","wcag111"],"description":"Ensures every ARIA meter node has an accessible name","help":"ARIA meter nodes must have an accessible name","helpUrl":"https://dequeuniversity.com/rules/axe/4.7/aria-meter-name?application=axeAPI","nodes":[]},{"id":"aria-progressbar-name","impact":null,"tags":["cat.aria","wcag2a","wcag111"],"description":"Ensures every ARIA progressbar node has an accessible name","help":"ARIA progressbar nodes must have an accessible name","helpUrl":"https://dequeuniversity.com/rules/axe/4.7/aria-progressbar-name?application=axeAPI","nodes":[]},{"id":"aria-required-children","impact":null,"tags":["cat.aria","wcag2a","wcag131"],"description":"Ensures elements with an ARIA role that require child roles contain them","help":"Certain ARIA roles must contain particular children","helpUrl":"https://dequeuniversity.com/rules/axe/4.7/aria-required-children?application=axeAPI","nodes":[]},{"id":"aria-required-parent","impact":null,"tags":["cat.aria","wcag2a","wcag131"],"description":"Ensures elements with an ARIA role that require parent roles are contained by them","help":"Certain ARIA roles must be contained by particular parents","helpUrl":"https://dequeuniversity.com/rules/axe/4.7/aria-required-parent?application=axeAPI","nodes":[]},{"id":"aria-text","impact":null,"tags":["cat.aria","best-practice"],"description":"Ensures \"role=text\" is used on elements with no focusable descendants","help":"\"role=text\" should have no focusable descendants","helpUrl":"https://dequeuniversity.com/rules/axe/4.7/aria-text?application=axeAPI","nodes":[]},{"id":"aria-toggle-field-name","impact":null,"tags":["cat.aria","wcag2a","wcag412","ACT","TTv5","TT5.c"],"description":"Ensures every ARIA toggle field has an accessible name","help":"ARIA toggle fields must have an accessible name","helpUrl":"https://dequeuniversity.com/rules/axe/4.7/aria-toggle-field-name?application=axeAPI","nodes":[]},{"id":"aria-tooltip-name","impact":null,"tags":["cat.aria","wcag2a","wcag412"],"description":"Ensures every ARIA tooltip node has an accessible name","help":"ARIA tooltip nodes must have an accessible name","helpUrl":"https://dequeuniversity.com/rules/axe/4.7/aria-tooltip-name?application=axeAPI","nodes":[]},{"id":"aria-treeitem-name","impact":null,"tags":["cat.aria","best-practice"],"description":"Ensures every ARIA treeitem node has an accessible name","help":"ARIA treeitem nodes should have an accessible name","helpUrl":"https://dequeuniversity.com/rules/axe/4.7/aria-treeitem-name?application=axeAPI","nodes":[]},{"id":"blink","impact":null,"tags":["cat.time-and-media","wcag2a","wcag222","section508","section508.22.j","TTv5","TT2.b"],"description":"Ensures <blink> elements are not used","help":"<blink> elements are deprecated and must not be used","helpUrl":"https://dequeuniversity.com/rules/axe/4.7/blink?application=axeAPI","nodes":[]},{"id":"definition-list","impact":null,"tags":["cat.structure","wcag2a","wcag131"],"description":"Ensures <dl> elements are structured correctly","help":"<dl> elements must only directly contain properly-ordered <dt> and <dd> groups, <script>, <template> or <div> elements","helpUrl":"https://dequeuniversity.com/rules/axe/4.7/definition-list?application=axeAPI","nodes":[]},{"id":"dlitem","impact":null,"tags":["cat.structure","wcag2a","wcag131"],"description":"Ensures <dt> and <dd> elements are contained by a <dl>","help":"<dt> and <dd> elements must be contained by a <dl>","helpUrl":"https://dequeuniversity.com/rules/axe/4.7/dlitem?application=axeAPI","nodes":[]},{"id":"empty-table-header","impact":null,"tags":["cat.name-role-value","best-practice"],"description":"Ensures table headers have discernible text","help":"Table header text should not be empty","helpUrl":"https://dequeuniversity.com/rules/axe/4.7/empty-table-header?application=axeAPI","nodes":[]},{"id":"frame-focusable-content","impact":null,"tags":["cat.keyboard","wcag2a","wcag211","TTv5","TT4.a"],"description":"Ensures <frame> and <iframe> elements with focusable content do not have tabindex=-1","help":"Frames with focusable content must not have tabindex=-1","helpUrl":"https://dequeuniversity.com/rules/axe/4.7/frame-focusable-content?application=axeAPI","nodes":[]},{"id":"frame-tested","impact":null,"tags":["cat.structure","review-item","best-practice"],"description":"Ensures <iframe> and <frame> elements contain the axe-core script","help":"Frames should be tested with axe-core","helpUrl":"https://dequeuniversity.com/rules/axe/4.7/frame-tested?application=axeAPI","nodes":[]},{"id":"frame-title-unique","impact":null,"tags":["cat.text-alternatives","wcag412","wcag2a","TTv5","TT12.d"],"description":"Ensures <iframe> and <frame> elements contain a unique title attribute","help":"Frames must have a unique title attribute","helpUrl":"https://dequeuniversity.com/rules/axe/4.7/frame-title-unique?application=axeAPI","nodes":[]},{"id":"frame-title","impact":null,"tags":["cat.text-alternatives","wcag2a","wcag412","section508","section508.22.i","TTv5","TT12.d"],"description":"Ensures <iframe> and <frame> elements have an accessible name","help":"Frames must have an accessible name","helpUrl":"https://dequeuniversity.com/rules/axe/4.7/frame-title?application=axeAPI","nodes":[]},{"id":"html-xml-lang-mismatch","impact":null,"tags":["cat.language","wcag2a","wcag311","ACT"],"description":"Ensure that HTML elements with both valid lang and xml:lang attributes agree on the base language of the page","help":"HTML elements with lang and xml:lang must have the same base language","helpUrl":"https://dequeuniversity.com/rules/axe/4.7/html-xml-lang-mismatch?application=axeAPI","nodes":[]},{"id":"image-alt","impact":null,"tags":["cat.text-alternatives","wcag2a","wcag111","section508","section508.22.a","ACT","TTv5","TT7.a","TT7.b"],"description":"Ensures <img> elements have alternate text or a role of none or presentation","help":"Images must have alternate text","helpUrl":"https://dequeuniversity.com/rules/axe/4.7/image-alt?application=axeAPI","nodes":[]},{"id":"image-redundant-alt","impact":null,"tags":["cat.text-alternatives","best-practice"],"description":"Ensure image alternative is not repeated as text","help":"Alternative text of images should not be repeated as text","helpUrl":"https://dequeuniversity.com/rules/axe/4.7/image-redundant-alt?application=axeAPI","nodes":[]},{"id":"input-image-alt","impact":null,"tags":["cat.text-alternatives","wcag2a","wcag111","wcag412","section508","section508.22.a","ACT","TTv5","TT7.a"],"description":"Ensures <input type=\"image\"> elements have alternate text","help":"Image buttons must have alternate text","helpUrl":"https://dequeuniversity.com/rules/axe/4.7/input-image-alt?application=axeAPI","nodes":[]},{"id":"marquee","impact":null,"tags":["cat.parsing","wcag2a","wcag222","TTv5","TT2.b"],"description":"Ensures <marquee> elements are not used","help":"<marquee> elements are deprecated and must not be used","helpUrl":"https://dequeuniversity.com/rules/axe/4.7/marquee?application=axeAPI","nodes":[]},{"id":"meta-refresh","impact":null,"tags":["cat.time-and-media","wcag2a","wcag221","TTv5","TT8.a"],"description":"Ensures <meta http-equiv=\"refresh\"> is not used for delayed refresh","help":"Delayed refresh under 20 hours must not be used","helpUrl":"https://dequeuniversity.com/rules/axe/4.7/meta-refresh?application=axeAPI","nodes":[]},{"id":"object-alt","impact":null,"tags":["cat.text-alternatives","wcag2a","wcag111","section508","section508.22.a"],"description":"Ensures <object> elements have alternate text","help":"<object> elements must have alternate text","helpUrl":"https://dequeuniversity.com/rules/axe/4.7/object-alt?application=axeAPI","nodes":[]},{"id":"presentation-role-conflict","impact":null,"tags":["cat.aria","best-practice","ACT"],"description":"Elements marked as presentational should not have global ARIA or tabindex to ensure all screen readers ignore them","help":"Ensure elements marked as presentational are consistently ignored","helpUrl":"https://dequeuniversity.com/rules/axe/4.7/presentation-role-conflict?application=axeAPI","nodes":[]},{"id":"role-img-alt","impact":null,"tags":["cat.text-alternatives","wcag2a","wcag111","section508","section508.22.a","ACT","TTv5","TT7.a"],"description":"Ensures [role='img'] elements have alternate text","help":"[role='img'] elements must have an alternative text","helpUrl":"https://dequeuniversity.com/rules/axe/4.7/role-img-alt?application=axeAPI","nodes":[]},{"id":"scope-attr-valid","impact":null,"tags":["cat.tables","best-practice"],"description":"Ensures the scope attribute is used correctly on tables","help":"scope attribute should be used correctly","helpUrl":"https://dequeuniversity.com/rules/axe/4.7/scope-attr-valid?application=axeAPI","nodes":[]},{"id":"server-side-image-map","impact":null,"tags":["cat.text-alternatives","wcag2a","wcag211","section508","section508.22.f","TTv5","TT4.a"],"description":"Ensures that server-side image maps are not used","help":"Server-side image maps must not be used","helpUrl":"https://dequeuniversity.com/rules/axe/4.7/server-side-image-map?application=axeAPI","nodes":[]},{"id":"svg-img-alt","impact":null,"tags":["cat.text-alternatives","wcag2a","wcag111","section508","section508.22.a","ACT","TTv5","TT7.a"],"description":"Ensures <svg> elements with an img, graphics-document or graphics-symbol role have an accessible text","help":"<svg> elements with an img role must have an alternative text","helpUrl":"https://dequeuniversity.com/rules/axe/4.7/svg-img-alt?application=axeAPI","nodes":[]},{"id":"tabindex","impact":null,"tags":["cat.keyboard","best-practice"],"description":"Ensures tabindex attribute values are not greater than 0","help":"Elements should not have tabindex greater than zero","helpUrl":"https://dequeuniversity.com/rules/axe/4.7/tabindex?application=axeAPI","nodes":[]},{"id":"table-duplicate-name","impact":null,"tags":["cat.tables","best-practice"],"description":"Ensure the <caption> element does not contain the same text as the summary attribute","help":"tables should not have the same summary and caption","helpUrl":"https://dequeuniversity.com/rules/axe/4.7/table-duplicate-name?application=axeAPI","nodes":[]},{"id":"td-headers-attr","impact":null,"tags":["cat.tables","wcag2a","wcag131","section508","section508.22.g","TTv5","TT14.b"],"description":"Ensure that each cell in a table that uses the headers attribute refers only to other cells in that table","help":"Table cells that use the headers attribute must only refer to cells in the same table","helpUrl":"https://dequeuniversity.com/rules/axe/4.7/td-headers-attr?application=axeAPI","nodes":[]},{"id":"th-has-data-cells","impact":null,"tags":["cat.tables","wcag2a","wcag131","section508","section508.22.g","TTv5","14.b"],"description":"Ensure that <th> elements and elements with role=columnheader/rowheader have data cells they describe","help":"Table headers in a data table must refer to data cells","helpUrl":"https://dequeuniversity.com/rules/axe/4.7/th-has-data-cells?application=axeAPI","nodes":[]},{"id":"video-caption","impact":null,"tags":["cat.text-alternatives","wcag2a","wcag122","section508","section508.22.a","TTv5","TT17.a"],"description":"Ensures <video> elements have captions","help":"<video> elements must have captions","helpUrl":"https://dequeuniversity.com/rules/axe/4.7/video-caption?application=axeAPI","nodes":[]},{"id":"no-autoplay-audio","impact":null,"tags":["cat.time-and-media","wcag2a","wcag142","ACT","TTv5","TT2.a"],"description":"Ensures <video> or <audio> elements do not autoplay audio for more than 3 seconds without a control mechanism to stop or mute the audio","help":"<video> or <audio> elements must not play automatically","helpUrl":"https://dequeuniversity.com/rules/axe/4.7/no-autoplay-audio?application=axeAPI","nodes":[]}],"passes":[{"id":"aria-allowed-attr","impact":null,"tags":["cat.aria","wcag2a","wcag412"],"description":"Ensures ARIA attributes are allowed for an element's role","help":"Elements must only use allowed ARIA attributes","helpUrl":"https://dequeuniversity.com/rules/axe/4.7/aria-allowed-attr?application=axeAPI","nodes":[{"any":[],"all":[{"id":"aria-allowed-attr","data":null,"relatedNodes":[],"impact":"critical","message":"ARIA attributes are used correctly for the defined role"},{"id":"aria-conditional-attr","data":null,"relatedNodes":[],"impact":"serious","message":"ARIA attribute is allowed"}],"none":[{"id":"aria-unsupported-attr","data":null,"relatedNodes":[],"impact":"critical","message":"ARIA attribute is supported"},{"id":"aria-prohibited-attr","data":null,"relatedNodes":[],"impact":"serious","message":"ARIA attribute is allowed"}],"impact":null,"html":"<a class=\"nhsuk-skip-link\" href=\"#search-results-heading\" aria-label=\"29 jobs found for Doctor within 5 miles of Sheffield. Sorted by: Best Match . Skip to search filters\" id=\"skip_to_search_filters\">Skip to search filters</a>","target":["#skip_to_search_filters"]},{"any":[],"all":[{"id":"aria-allowed-attr","data":null,"relatedNodes":[],"impact":"critical","message":"ARIA attributes are used correctly for the defined role"},{"id":"aria-conditional-attr","data":null,"relatedNodes":[],"impact":"serious","message":"ARIA attribute is allowed"}],"none":[{"id":"aria-unsupported-attr","data":null,"relatedNodes":[],"impact":"critical","message":"ARIA attribute is supported"},{"id":"aria-prohibited-attr","data":null,"relatedNodes":[],"impact":"serious","message":"ARIA attribute is allowed"}],"impact":null,"html":"<a class=\"nhsuk-skip-link\" href=\"#first-result-title\" id=\"skipToSearchResults\" aria-label=\"Skip to search results\">Skip to search results</a>","target":["#skipToSearchResults"]},{"any":[],"all":[{"id":"aria-allowed-attr","data":null,"relatedNodes":[],"impact":"critical","message":"ARIA attributes are used correctly for the defined role"},{"id":"aria-conditional-attr","data":null,"relatedNodes":[],"impact":"serious","message":"ARIA attribute is allowed"}],"none":[{"id":"aria-unsupported-attr","data":null,"relatedNodes":[],"impact":"critical","message":"ARIA attribute is supported"},{"id":"aria-prohibited-attr","data":null,"relatedNodes":[],"impact":"serious","message":"ARIA attribute is allowed"}],"impact":null,"html":"<a href=\"/candidate/cookies\" id=\"change-cookies-settings\" aria-label=\"Go to the cookie information page\">change your cookie settings</a>","target":["#change-cookies-settings"]},{"any":[],"all":[{"id":"aria-allowed-attr","data":null,"relatedNodes":[],"impact":"critical","message":"ARIA attributes are used correctly for the defined role"},{"id":"aria-conditional-attr","data":null,"relatedNodes":[],"impact":"serious","message":"ARIA attribute is allowed"}],"none":[{"id":"aria-unsupported-attr","data":null,"relatedNodes":[],"impact":"critical","message":"ARIA attribute is supported"},{"id":"aria-prohibited-attr","data":null,"relatedNodes":[],"impact":"serious","message":"ARIA attribute is allowed"}],"impact":null,"html":"<a href=\"/candidate/dismiss-cookie-messages\" id=\"dismiss-cookie-messages\" aria-label=\"Dismiss information about cookie preferences\" style=\"float: right\">Hide</a>","target":["#dismiss-cookie-messages"]},{"any":[],"all":[{"id":"aria-allowed-attr","data":null,"relatedNodes":[],"impact":"critical","message":"ARIA attributes are used correctly for the defined role"},{"id":"aria-conditional-attr","data":null,"relatedNodes":[],"impact":"serious","message":"ARIA attribute is allowed"}],"none":[{"id":"aria-unsupported-attr","data":null,"relatedNodes":[],"impact":"critical","message":"ARIA attribute is supported"},{"id":"aria-prohibited-attr","data":null,"relatedNodes":[],"impact":"serious","message":"ARIA attribute is allowed"}],"impact":null,"html":"<a class=\"nhsuk-header__link nhsuk-header__link--service nhsuk-header__link--service-short-name\" href=\"/candidate\" aria-label=\"NHS jobs homepage\">","target":[".nhsuk-header__link"]},{"any":[],"all":[{"id":"aria-allowed-attr","data":null,"relatedNodes":[],"impact":"critical","message":"ARIA attributes are used correctly for the defined role"},{"id":"aria-conditional-attr","data":null,"relatedNodes":[],"impact":"serious","message":"ARIA attribute is allowed"}],"none":[{"id":"aria-unsupported-attr","data":null,"relatedNodes":[],"impact":"critical","message":"ARIA attribute is supported"},{"id":"aria-prohibited-attr","data":null,"relatedNodes":[],"impact":"serious","message":"ARIA attribute is allowed"}],"impact":null,"html":"<nav class=\"gem-c-translation-nav hide-mobile nhsuk-u-margin-0 nhsuk-u-padding-left-7\" aria-label=\"Translations\">","target":[".gem-c-translation-nav"]},{"any":[],"all":[{"id":"aria-allowed-attr","data":null,"relatedNodes":[],"impact":"critical","message":"ARIA attributes are used correctly for the defined role"},{"id":"aria-conditional-attr","data":null,"relatedNodes":[],"impact":"serious","message":"ARIA attribute is allowed"}],"none":[{"id":"aria-unsupported-attr","data":null,"relatedNodes":[],"impact":"critical","message":"ARIA attribute is supported"},{"id":"aria-prohibited-attr","data":null,"relatedNodes":[],"impact":"serious","message":"ARIA attribute is allowed"}],"impact":null,"html":"<nav class=\"nhsuk-header__navigation\" id=\"header-navigation\" role=\"navigation\" aria-label=\"Primary navigation\" aria-labelledby=\"label-navigation\">","target":["#header-navigation"]},{"any":[],"all":[{"id":"aria-allowed-attr","data":null,"relatedNodes":[],"impact":"critical","message":"ARIA attributes are used correctly for the defined role"},{"id":"aria-conditional-attr","data":null,"relatedNodes":[],"impact":"serious","message":"ARIA attribute is allowed"}],"none":[{"id":"aria-unsupported-attr","data":null,"relatedNodes":[],"impact":"critical","message":"ARIA attribute is supported"},{"id":"aria-prohibited-attr","data":null,"relatedNodes":[],"impact":"serious","message":"ARIA attribute is allowed"}],"impact":null,"html":"<div class=\"beta-banner\" aria-label=\"beta-banner\" role=\"complementary\">","target":[".beta-banner"]},{"any":[],"all":[{"id":"aria-allowed-attr","data":null,"relatedNodes":[],"impact":"critical","message":"ARIA attributes are used correctly for the defined role"},{"id":"aria-conditional-attr","data":null,"relatedNodes":[],"impact":"serious","message":"ARIA attribute is allowed"}],"none":[{"id":"aria-unsupported-attr","data":null,"relatedNodes":[],"impact":"critical","message":"ARIA attribute is supported"},{"id":"aria-prohibited-attr","data":null,"relatedNodes":[],"impact":"serious","message":"ARIA attribute is allowed"}],"impact":null,"html":"<h1 data-test=\"search-result-query\" id=\"search-results-heading\" class=\"nhsuk-heading-xl nhsuk-u-padding-left-4 nhsuk-u-margin-bottom-4\" aria-label=\"29 jobs found for Doctor within 5 miles of Sheffield. Sorted by: Best Match\">","target":["#search-results-heading"]},{"any":[],"all":[{"id":"aria-allowed-attr","data":null,"relatedNodes":[],"impact":"critical","message":"ARIA attributes are used correctly for the defined role"},{"id":"aria-conditional-attr","data":null,"relatedNodes":[],"impact":"serious","message":"ARIA attribute is allowed"}],"none":[{"id":"aria-unsupported-attr","data":null,"relatedNodes":[],"impact":"critical","message":"ARIA attribute is supported"},{"id":"aria-prohibited-attr","data":null,"relatedNodes":[],"impact":"serious","message":"ARIA attribute is allowed"}],"impact":null,"html":"<input name=\"keyword\" id=\"keyword\" value=\"Doctor\" class=\"nhsuk-input nhsuk-u--width-full\" type=\"search\" data-test=\"search-jobTitle-input\" aria-label=\"Search What? For example, job title or skills\">","target":["#keyword"]},{"any":[],"all":[{"id":"aria-allowed-attr","data":null,"relatedNodes":[],"impact":"critical","message":"ARIA attributes are used correctly for the defined role"},{"id":"aria-conditional-attr","data":null,"relatedNodes":[],"impact":"serious","message":"ARIA attribute is allowed"}],"none":[{"id":"aria-unsupported-attr","data":null,"relatedNodes":[],"impact":"critical","message":"ARIA attribute is supported"},{"id":"aria-prohibited-attr","data":null,"relatedNodes":[],"impact":"serious","message":"ARIA attribute is allowed"}],"impact":null,"html":"<div id=\"location__status--A\" role=\"status\" aria-atomic=\"true\" aria-live=\"polite\"></div>","target":["#location__status--A"]},{"any":[],"all":[{"id":"aria-allowed-attr","data":null,"relatedNodes":[],"impact":"critical","message":"ARIA attributes are used correctly for the defined role"},{"id":"aria-conditional-attr","data":null,"relatedNodes":[],"impact":"serious","message":"ARIA attribute is allowed"}],"none":[{"id":"aria-unsupported-attr","data":null,"relatedNodes":[],"impact":"critical","message":"ARIA attribute is supported"},{"id":"aria-prohibited-attr","data":null,"relatedNodes":[],"impact":"serious","message":"ARIA attribute is allowed"}],"impact":null,"html":"<div id=\"location__status--B\" role=\"status\" aria-atomic=\"true\" aria-live=\"polite\"></div>","target":["#location__status--B"]},{"any":[],"all":[{"id":"aria-allowed-attr","data":null,"relatedNodes":[],"impact":"critical","message":"ARIA attributes are used correctly for the defined role"},{"id":"aria-conditional-attr","data":null,"relatedNodes":[],"impact":"serious","message":"ARIA attribute is allowed"}],"none":[{"id":"aria-unsupported-attr","data":null,"relatedNodes":[],"impact":"critical","message":"ARIA attribute is supported"},{"id":"aria-prohibited-attr","data":null,"relatedNodes":[],"impact":"serious","message":"ARIA attribute is allowed"}],"impact":null,"html":"<input aria-describedby=\"location__assistiveHint\" aria-expanded=\"false\" aria-controls=\"location__listbox\" aria-autocomplete=\"list\" autocomplete=\"off\" class=\"nhsuk-input nhsuk-u--width-full\" id=\"location\" name=\"location\" placeholder=\"\" type=\"search\" role=\"combobox\" data-test=\"search-location-input\" aria-label=\"Search Where? For example, a postcode, town or city, search text field\">","target":["#location"]},{"any":[],"all":[{"id":"aria-allowed-attr","data":null,"relatedNodes":[],"impact":"critical","message":"ARIA attributes are used correctly for the defined role"},{"id":"aria-conditional-attr","data":null,"relatedNodes":[],"impact":"serious","message":"ARIA attribute is allowed"}],"none":[{"id":"aria-unsupported-attr","data":null,"relatedNodes":[],"impact":"critical","message":"ARIA attribute is supported"},{"id":"aria-prohibited-attr","data":null,"relatedNodes":[],"impact":"serious","message":"ARIA attribute is allowed"}],"impact":null,"html":"<summary class=\"nhsuk-details__summary\" role=\"button\" aria-controls=\"distance-details\" aria-expanded=\"false\" data-test=\"distance\">\n                <span class=\"nhsuk-details__summary-text\">\n                    Distance\n                </span>\n            </summary>","target":["summary[aria-controls=\"distance-details\"]"]},{"any":[],"all":[{"id":"aria-allowed-attr","data":null,"relatedNodes":[],"impact":"critical","message":"ARIA attributes are used correctly for the defined role"},{"id":"aria-conditional-attr","data":null,"relatedNodes":[],"impact":"serious","message":"ARIA attribute is allowed"}],"none":[{"id":"aria-unsupported-attr","data":null,"relatedNodes":[],"impact":"critical","message":"ARIA attribute is supported"},{"id":"aria-prohibited-attr","data":null,"relatedNodes":[],"impact":"serious","message":"ARIA attribute is allowed"}],"impact":null,"html":"<div class=\"nhsuk-details__text\" id=\"distance_wrapper\" aria-hidden=\"false\">","target":["#distance_wrapper"]},{"any":[],"all":[{"id":"aria-allowed-attr","data":null,"relatedNodes":[],"impact":"critical","message":"ARIA attributes are used correctly for the defined role"},{"id":"aria-conditional-attr","data":null,"relatedNodes":[],"impact":"serious","message":"ARIA attribute is allowed"}],"none":[{"id":"aria-unsupported-attr","data":null,"relatedNodes":[],"impact":"critical","message":"ARIA attribute is supported"},{"id":"aria-prohibited-attr","data":null,"relatedNodes":[],"impact":"serious","message":"ARIA attribute is allowed"}],"impact":null,"html":"<summary class=\"nhsuk-details__summary\" role=\"button\" aria-controls=\"covid-jobs-only\" aria-expanded=\"false\" data-test=\"filter-covid-only\">\n                <span class=\"nhsuk-details__summary-text\">\n                    COVID-19\n                </span>\n            </summary>","target":["summary[aria-controls=\"covid-jobs-only\"]"]},{"any":[],"all":[{"id":"aria-allowed-attr","data":null,"relatedNodes":[],"impact":"critical","message":"ARIA attributes are used correctly for the defined role"},{"id":"aria-conditional-attr","data":null,"relatedNodes":[],"impact":"serious","message":"ARIA attribute is allowed"}],"none":[{"id":"aria-unsupported-attr","data":null,"relatedNodes":[],"impact":"critical","message":"ARIA attribute is supported"},{"id":"aria-prohibited-attr","data":null,"relatedNodes":[],"impact":"serious","message":"ARIA attribute is allowed"}],"impact":null,"html":"<summary id=\"working-patterns-expander\" class=\"nhsuk-details__summary \" role=\"button\" aria-controls=\"working-pattern-details\" aria-expanded=\"false\" data-test=\"filter-working-pattern\">","target":["#working-patterns-expander"]},{"any":[],"all":[{"id":"aria-allowed-attr","data":null,"relatedNodes":[],"impact":"critical","message":"ARIA attributes are used correctly for the defined role"},{"id":"aria-conditional-attr","data":null,"relatedNodes":[],"impact":"serious","message":"ARIA attribute is allowed"}],"none":[{"id":"aria-unsupported-attr","data":null,"relatedNodes":[],"impact":"critical","message":"ARIA attribute is supported"},{"id":"aria-prohibited-attr","data":null,"relatedNodes":[],"impact":"serious","message":"ARIA attribute is allowed"}],"impact":null,"html":"<summary class=\"nhsuk-details__summary\" role=\"button\" aria-controls=\"contract-type-details\" aria-expanded=\"false\" data-test=\"filter-contract-type\">\n                <span class=\"nhsuk-details__summary-text\">Contract type</span>\n            </summary>","target":["summary[aria-controls=\"contract-type-details\"]"]},{"any":[],"all":[{"id":"aria-allowed-attr","data":null,"relatedNodes":[],"impact":"critical","message":"ARIA attributes are used correctly for the defined role"},{"id":"aria-conditional-attr","data":null,"relatedNodes":[],"impact":"serious","message":"ARIA attribute is allowed"}],"none":[{"id":"aria-unsupported-attr","data":null,"relatedNodes":[],"impact":"critical","message":"ARIA attribute is supported"},{"id":"aria-prohibited-attr","data":null,"relatedNodes":[],"impact":"serious","message":"ARIA attribute is allowed"}],"impact":null,"html":"<summary class=\"nhsuk-details__summary\" role=\"button\" aria-controls=\"staff-group-details\" aria-expanded=\"false\" data-test=\"filter-staff-group\">\n                <span class=\"nhsuk-details__summary-text\">\n                    Staff group\n                </span>\n            </summary>","target":["summary[aria-controls=\"staff-group-details\"]"]},{"any":[],"all":[{"id":"aria-allowed-attr","data":null,"relatedNodes":[],"impact":"critical","message":"ARIA attributes are used correctly for the defined role"},{"id":"aria-conditional-attr","data":null,"relatedNodes":[],"impact":"serious","message":"ARIA attribute is allowed"}],"none":[{"id":"aria-unsupported-attr","data":null,"relatedNodes":[],"impact":"critical","message":"ARIA attribute is supported"},{"id":"aria-prohibited-attr","data":null,"relatedNodes":[],"impact":"serious","message":"ARIA attribute is allowed"}],"impact":null,"html":"<summary class=\"nhsuk-details__summary\" role=\"button\" aria-controls=\"pay-range-details\" aria-expanded=\"false\" data-test=\"filter-pay-range\">\n                <span class=\"nhsuk-details__summary-text\">\n                    Pay range\n                </span>\n            </summary>","target":["summary[aria-controls=\"pay-range-details\"]"]},{"any":[],"all":[{"id":"aria-allowed-attr","data":null,"relatedNodes":[],"impact":"critical","message":"ARIA attributes are used correctly for the defined role"},{"id":"aria-conditional-attr","data":null,"relatedNodes":[],"impact":"serious","message":"ARIA attribute is allowed"}],"none":[{"id":"aria-unsupported-attr","data":null,"relatedNodes":[],"impact":"critical","message":"ARIA attribute is supported"},{"id":"aria-prohibited-attr","data":null,"relatedNodes":[],"impact":"serious","message":"ARIA attribute is allowed"}],"impact":null,"html":"<summary class=\"nhsuk-details__summary\" role=\"button\" aria-controls=\"pay-band-details\" aria-expanded=\"false\" data-test=\"filter-pay-band\">","target":["summary[aria-controls=\"pay-band-details\"]"]},{"any":[],"all":[{"id":"aria-allowed-attr","data":null,"relatedNodes":[],"impact":"critical","message":"ARIA attributes are used correctly for the defined role"},{"id":"aria-conditional-attr","data":null,"relatedNodes":[],"impact":"serious","message":"ARIA attribute is allowed"}],"none":[{"id":"aria-unsupported-attr","data":null,"relatedNodes":[],"impact":"critical","message":"ARIA attribute is supported"},{"id":"aria-prohibited-attr","data":null,"relatedNodes":[],"impact":"serious","message":"ARIA attribute is allowed"}],"impact":null,"html":"<a href=\"/candidate/search/save-job/E0123-25-0148\" data-test=\"search-result-save-job\" aria-label=\"Save this job: ENT Doctor (Reference number: E0123-25-0148)\">\n              Save this job\n            </a>","target":[".nhsuk-list-panel.search-result.nhsuk-u-padding-3:nth-child(1) > .nhsuk-grid-row:nth-child(1) > .save-job.nhsuk-u-margin-right-3 > a[data-test=\"search-result-save-job\"]"]},{"any":[],"all":[{"id":"aria-allowed-attr","data":null,"relatedNodes":[],"impact":"critical","message":"ARIA attributes are used correctly for the defined role"},{"id":"aria-conditional-attr","data":null,"relatedNodes":[],"impact":"serious","message":"ARIA attribute is allowed"}],"none":[{"id":"aria-unsupported-attr","data":null,"relatedNodes":[],"impact":"critical","message":"ARIA attribute is supported"},{"id":"aria-prohibited-attr","data":null,"relatedNodes":[],"impact":"serious","message":"ARIA attribute is allowed"}],"impact":null,"html":"<a href=\"/candidate/search/save-job/E0123-25-0149\" data-test=\"search-result-save-job\" aria-label=\"Save this job: Dermatology Doctor (Reference number: E0123-25-0149)\">\n              Save this job\n            </a>","target":[".nhsuk-list-panel.search-result.nhsuk-u-padding-3:nth-child(2) > .nhsuk-grid-row:nth-child(1) > .save-job.nhsuk-u-margin-right-3 > a[data-test=\"search-result-save-job\"]"]},{"any":[],"all":[{"id":"aria-allowed-attr","data":null,"relatedNodes":[],"impact":"critical","message":"ARIA attributes are used correctly for the defined role"},{"id":"aria-conditional-attr","data":null,"relatedNodes":[],"impact":"serious","message":"ARIA attribute is allowed"}],"none":[{"id":"aria-unsupported-attr","data":null,"relatedNodes":[],"impact":"critical","message":"ARIA attribute is supported"},{"id":"aria-prohibited-attr","data":null,"relatedNodes":[],"impact":"serious","message":"ARIA attribute is allowed"}],"impact":null,"html":"<a href=\"/candidate/search/save-job/C9165-25-02-014\" data-test=\"search-result-save-job\" aria-label=\"Save this job: Specialty Doctor in Anaesthetics (Reference number: C9165-25-02-014)\">\n              Save this job\n            </a>","target":[".nhsuk-list-panel.search-result.nhsuk-u-padding-3:nth-child(3) > .nhsuk-grid-row:nth-child(1) > .save-job.nhsuk-u-margin-right-3 > a[data-test=\"search-result-save-job\"]"]},{"any":[],"all":[{"id":"aria-allowed-attr","data":null,"relatedNodes":[],"impact":"critical","message":"ARIA attributes are used correctly for the defined role"},{"id":"aria-conditional-attr","data":null,"relatedNodes":[],"impact":"serious","message":"ARIA attribute is allowed"}],"none":[{"id":"aria-unsupported-attr","data":null,"relatedNodes":[],"impact":"critical","message":"ARIA attribute is supported"},{"id":"aria-prohibited-attr","data":null,"relatedNodes":[],"impact":"serious","message":"ARIA attribute is allowed"}],"impact":null,"html":"<a href=\"/candidate/search/save-job/N0013-25-0006-112307\" data-test=\"search-result-save-job\" aria-label=\"Save this job: Senior Lecturer in Adult Nursing (Reference number: N0013-25-0006-112307)\">\n              Save this job\n            </a>","target":[".nhsuk-list-panel.search-result.nhsuk-u-padding-3:nth-child(4) > .nhsuk-grid-row:nth-child(1) > .save-job.nhsuk-u-margin-right-3 > a[data-test=\"search-result-save-job\"]"]},{"any":[],"all":[{"id":"aria-allowed-attr","data":null,"relatedNodes":[],"impact":"critical","message":"ARIA attributes are used correctly for the defined role"},{"id":"aria-conditional-attr","data":null,"relatedNodes":[],"impact":"serious","message":"ARIA attribute is allowed"}],"none":[{"id":"aria-unsupported-attr","data":null,"relatedNodes":[],"impact":"critical","message":"ARIA attribute is supported"},{"id":"aria-prohibited-attr","data":null,"relatedNodes":[],"impact":"serious","message":"ARIA attribute is allowed"}],"impact":null,"html":"<a href=\"/candidate/search/save-job/C9190-25-0735\" data-test=\"search-result-save-job\" aria-label=\"Save this job: Nurse Consultant Critical Care (Reference number: C9190-25-0735)\">\n              Save this job\n            </a>","target":[".nhsuk-list-panel.search-result.nhsuk-u-padding-3:nth-child(5) > .nhsuk-grid-row:nth-child(1) > .save-job.nhsuk-u-margin-right-3 > a[data-test=\"search-result-save-job\"]"]},{"any":[],"all":[{"id":"aria-allowed-attr","data":null,"relatedNodes":[],"impact":"critical","message":"ARIA attributes are used correctly for the defined role"},{"id":"aria-conditional-attr","data":null,"relatedNodes":[],"impact":"serious","message":"ARIA attribute is allowed"}],"none":[{"id":"aria-unsupported-attr","data":null,"relatedNodes":[],"impact":"critical","message":"ARIA attribute is supported"},{"id":"aria-prohibited-attr","data":null,"relatedNodes":[],"impact":"serious","message":"ARIA attribute is allowed"}],"impact":null,"html":"<a href=\"/candidate/search/save-job/N0013-25-0006-112267\" data-test=\"search-result-save-job\" aria-label=\"Save this job: Lecturer in Social Work (Reference number: N0013-25-0006-112267)\">\n              Save this job\n            </a>","target":[".nhsuk-list-panel.search-result.nhsuk-u-padding-3:nth-child(6) > .nhsuk-grid-row:nth-child(1) > .save-job.nhsuk-u-margin-right-3 > a[data-test=\"search-result-save-job\"]"]},{"any":[],"all":[{"id":"aria-allowed-attr","data":null,"relatedNodes":[],"impact":"critical","message":"ARIA attributes are used correctly for the defined role"},{"id":"aria-conditional-attr","data":null,"relatedNodes":[],"impact":"serious","message":"ARIA attribute is allowed"}],"none":[{"id":"aria-unsupported-attr","data":null,"relatedNodes":[],"impact":"critical","message":"ARIA attribute is supported"},{"id":"aria-prohibited-attr","data":null,"relatedNodes":[],"impact":"serious","message":"ARIA attribute is allowed"}],"impact":null,"html":"<a href=\"/candidate/search/save-job/C9190-25-0682\" data-test=\"search-result-save-job\" aria-label=\"Save this job: Locum Consultant Haematologist interest in Haemostasis &amp; Thrombosis (Reference number: C9190-25-0682)\">\n              Save this job\n            </a>","target":[".nhsuk-list-panel.search-result.nhsuk-u-padding-3:nth-child(7) > .nhsuk-grid-row:nth-child(1) > .save-job.nhsuk-u-margin-right-3 > a[data-test=\"search-result-save-job\"]"]},{"any":[],"all":[{"id":"aria-allowed-attr","data":null,"relatedNodes":[],"impact":"critical","message":"ARIA attributes are used correctly for the defined role"},{"id":"aria-conditional-attr","data":null,"relatedNodes":[],"impact":"serious","message":"ARIA attribute is allowed"}],"none":[{"id":"aria-unsupported-attr","data":null,"relatedNodes":[],"impact":"critical","message":"ARIA attribute is supported"},{"id":"aria-prohibited-attr","data":null,"relatedNodes":[],"impact":"serious","message":"ARIA attribute is allowed"}],"impact":null,"html":"<a href=\"/candidate/search/save-job/C9190-25-0716\" data-test=\"search-result-save-job\" aria-label=\"Save this job: Locum Consultant in Spinal Injuries (Reference number: C9190-25-0716)\">\n              Save this job\n            </a>","target":[".nhsuk-list-panel.search-result.nhsuk-u-padding-3:nth-child(8) > .nhsuk-grid-row:nth-child(1) > .save-job.nhsuk-u-margin-right-3 > a[data-test=\"search-result-save-job\"]"]},{"any":[],"all":[{"id":"aria-allowed-attr","data":null,"relatedNodes":[],"impact":"critical","message":"ARIA attributes are used correctly for the defined role"},{"id":"aria-conditional-attr","data":null,"relatedNodes":[],"impact":"serious","message":"ARIA attribute is allowed"}],"none":[{"id":"aria-unsupported-attr","data":null,"relatedNodes":[],"impact":"critical","message":"ARIA attribute is supported"},{"id":"aria-prohibited-attr","data":null,"relatedNodes":[],"impact":"serious","message":"ARIA attribute is allowed"}],"impact":null,"html":"<a href=\"/candidate/search/save-job/C9190-25-0746\" data-test=\"search-result-save-job\" aria-label=\"Save this job: Specialist in Colorectal/General Surgery (Reference number: C9190-25-0746)\">\n              Save this job\n            </a>","target":[".nhsuk-list-panel.search-result.nhsuk-u-padding-3:nth-child(9) > .nhsuk-grid-row:nth-child(1) > .save-job.nhsuk-u-margin-right-3 > a[data-test=\"search-result-save-job\"]"]},{"any":[],"all":[{"id":"aria-allowed-attr","data":null,"relatedNodes":[],"impact":"critical","message":"ARIA attributes are used correctly for the defined role"},{"id":"aria-conditional-attr","data":null,"relatedNodes":[],"impact":"serious","message":"ARIA attribute is allowed"}],"none":[{"id":"aria-unsupported-attr","data":null,"relatedNodes":[],"impact":"critical","message":"ARIA attribute is supported"},{"id":"aria-prohibited-attr","data":null,"relatedNodes":[],"impact":"serious","message":"ARIA attribute is allowed"}],"impact":null,"html":"<a href=\"/candidate/search/save-job/C9190-25-0690\" data-test=\"search-result-save-job\" aria-label=\"Save this job: LAS ST3+ in Hepatology (Reference number: C9190-25-0690)\">\n              Save this job\n            </a>","target":[".nhsuk-list-panel.search-result.nhsuk-u-padding-3:nth-child(10) > .nhsuk-grid-row:nth-child(1) > .save-job.nhsuk-u-margin-right-3 > a[data-test=\"search-result-save-job\"]"]},{"any":[],"all":[{"id":"aria-allowed-attr","data":null,"relatedNodes":[],"impact":"critical","message":"ARIA attributes are used correctly for the defined role"},{"id":"aria-conditional-attr","data":null,"relatedNodes":[],"impact":"serious","message":"ARIA attribute is allowed"}],"none":[{"id":"aria-unsupported-attr","data":null,"relatedNodes":[],"impact":"critical","message":"ARIA attribute is supported"},{"id":"aria-prohibited-attr","data":null,"relatedNodes":[],"impact":"serious","message":"ARIA attribute is allowed"}],"impact":null,"html":"<nav class=\"nhsuk-pagination\" role=\"navigation\" aria-label=\"Pagination\">","target":[".nhsuk-pagination"]}]},{"id":"aria-allowed-role","impact":null,"tags":["cat.aria","best-practice"],"description":"Ensures role attribute has an appropriate value for the element","help":"ARIA role should be appropriate for the element","helpUrl":"https://dequeuniversity.com/rules/axe/4.7/aria-allowed-role?application=axeAPI","nodes":[{"any":[{"id":"aria-allowed-role","data":null,"relatedNodes":[],"impact":"minor","message":"ARIA role is allowed for given element"}],"all":[],"none":[],"impact":null,"html":"<header class=\"nhsuk-header\" role=\"banner\" id=\"heading-body\">","target":["header"]},{"any":[{"id":"aria-allowed-role","data":null,"relatedNodes":[],"impact":"minor","message":"ARIA role is allowed for given element"}],"all":[],"none":[],"impact":null,"html":"<nav class=\"nhsuk-header__navigation\" id=\"header-navigation\" role=\"navigation\" aria-label=\"Primary navigation\" aria-labelledby=\"label-navigation\">","target":["#header-navigation"]},{"any":[{"id":"aria-allowed-role","data":null,"relatedNodes":[],"impact":"minor","message":"ARIA role is allowed for given element"}],"all":[],"none":[],"impact":null,"html":"<div class=\"beta-banner\" aria-label=\"beta-banner\" role=\"complementary\">","target":[".beta-banner"]},{"any":[{"id":"aria-allowed-role","data":null,"relatedNodes":[],"impact":"minor","message":"ARIA role is allowed for given element"}],"all":[],"none":[],"impact":null,"html":"<section class=\"nhsuk-hero\" role=\"search\">","target":["section"]},{"any":[{"id":"aria-allowed-role","data":null,"relatedNodes":[],"impact":"minor","message":"ARIA role is allowed for given element"}],"all":[],"none":[],"impact":null,"html":"<div id=\"location__status--A\" role=\"status\" aria-atomic=\"true\" aria-live=\"polite\"></div>","target":["#location__status--A"]},{"any":[{"id":"aria-allowed-role","data":null,"relatedNodes":[],"impact":"minor","message":"ARIA role is allowed for given element"}],"all":[],"none":[],"impact":null,"html":"<div id=\"location__status--B\" role=\"status\" aria-atomic=\"true\" aria-live=\"polite\"></div>","target":["#location__status--B"]},{"any":[{"id":"aria-allowed-role","data":null,"relatedNodes":[],"impact":"minor","message":"ARIA role is allowed for given element"}],"all":[],"none":[],"impact":null,"html":"<input aria-describedby=\"location__assistiveHint\" aria-expanded=\"false\" aria-controls=\"location__listbox\" aria-autocomplete=\"list\" autocomplete=\"off\" class=\"nhsuk-input nhsuk-u--width-full\" id=\"location\" name=\"location\" placeholder=\"\" type=\"search\" role=\"combobox\" data-test=\"search-location-input\" aria-label=\"Search Where? For example, a postcode, town or city, search text field\">","target":["#location"]},{"any":[{"id":"aria-allowed-role","data":null,"relatedNodes":[],"impact":"minor","message":"ARIA role is allowed for given element"}],"all":[],"none":[],"impact":null,"html":"<ul aria-labelledby=\"location\" id=\"location__listbox\" role=\"listbox\" class=\"autocomplete__menu autocomplete__menu--inline autocomplete__menu--hidden\">","target":["#location__listbox"]},{"any":[{"id":"aria-allowed-role","data":null,"relatedNodes":[],"impact":"minor","message":"ARIA role is allowed for given element"}],"all":[],"none":[],"impact":null,"html":"<li aria-selected=\"false\" class=\"autocomplete__option\" id=\"location__option--0\" role=\"option\" tabindex=\"-1\" aria-posinset=\"1\" aria-setsize=\"1\">Sheffield</li>","target":["#location__option--0"]},{"any":[{"id":"aria-allowed-role","data":null,"relatedNodes":[],"impact":"minor","message":"ARIA role is allowed for given element"}],"all":[],"none":[],"impact":null,"html":"<main class=\"nhsuk-main-wrapper \" id=\"maincontent\" role=\"main\">","target":["#maincontent"]},{"any":[{"id":"aria-allowed-role","data":null,"relatedNodes":[],"impact":"minor","message":"ARIA role is allowed for given element"}],"all":[],"none":[],"impact":null,"html":"<summary class=\"nhsuk-details__summary\" role=\"button\" aria-controls=\"distance-details\" aria-expanded=\"false\" data-test=\"distance\">\n                <span class=\"nhsuk-details__summary-text\">\n                    Distance\n                </span>\n            </summary>","target":["summary[aria-controls=\"distance-details\"]"]},{"any":[{"id":"aria-allowed-role","data":null,"relatedNodes":[],"impact":"minor","message":"ARIA role is allowed for given element"}],"all":[],"none":[],"impact":null,"html":"<summary class=\"nhsuk-details__summary\" role=\"button\" aria-controls=\"covid-jobs-only\" aria-expanded=\"false\" data-test=\"filter-covid-only\">\n                <span class=\"nhsuk-details__summary-text\">\n                    COVID-19\n                </span>\n            </summary>","target":["summary[aria-controls=\"covid-jobs-only\"]"]},{"any":[{"id":"aria-allowed-role","data":null,"relatedNodes":[],"impact":"minor","message":"ARIA role is allowed for given element"}],"all":[],"none":[],"impact":null,"html":"<summary id=\"working-patterns-expander\" class=\"nhsuk-details__summary \" role=\"button\" aria-controls=\"working-pattern-details\" aria-expanded=\"false\" data-test=\"filter-working-pattern\">","target":["#working-patterns-expander"]},{"any":[{"id":"aria-allowed-role","data":null,"relatedNodes":[],"impact":"minor","message":"ARIA role is allowed for given element"}],"all":[],"none":[],"impact":null,"html":"<summary class=\"nhsuk-details__summary\" role=\"button\" aria-controls=\"contract-type-details\" aria-expanded=\"false\" data-test=\"filter-contract-type\">\n                <span class=\"nhsuk-details__summary-text\">Contract type</span>\n            </summary>","target":["summary[aria-controls=\"contract-type-details\"]"]},{"any":[{"id":"aria-allowed-role","data":null,"relatedNodes":[],"impact":"minor","message":"ARIA role is allowed for given element"}],"all":[],"none":[],"impact":null,"html":"<summary class=\"nhsuk-details__summary\" role=\"button\" aria-controls=\"staff-group-details\" aria-expanded=\"false\" data-test=\"filter-staff-group\">\n                <span class=\"nhsuk-details__summary-text\">\n                    Staff group\n                </span>\n            </summary>","target":["summary[aria-controls=\"staff-group-details\"]"]},{"any":[{"id":"aria-allowed-role","data":null,"relatedNodes":[],"impact":"minor","message":"ARIA role is allowed for given element"}],"all":[],"none":[],"impact":null,"html":"<summary class=\"nhsuk-details__summary\" role=\"button\" aria-controls=\"pay-range-details\" aria-expanded=\"false\" data-test=\"filter-pay-range\">\n                <span class=\"nhsuk-details__summary-text\">\n                    Pay range\n                </span>\n            </summary>","target":["summary[aria-controls=\"pay-range-details\"]"]},{"any":[{"id":"aria-allowed-role","data":null,"relatedNodes":[],"impact":"minor","message":"ARIA role is allowed for given element"}],"all":[],"none":[],"impact":null,"html":"<summary class=\"nhsuk-details__summary\" role=\"button\" aria-controls=\"pay-band-details\" aria-expanded=\"false\" data-test=\"filter-pay-band\">","target":["summary[aria-controls=\"pay-band-details\"]"]},{"any":[{"id":"aria-allowed-role","data":null,"relatedNodes":[],"impact":"minor","message":"ARIA role is allowed for given element"}],"all":[],"none":[],"impact":null,"html":"<svg style=\"height:25px; padding-right: 10px\" class=\"nhsuk-icon nhsuk-icon__search\" aria-hidden=\"true\" focusable=\"false\" data-prefix=\"far\" data-icon=\"bell\" role=\"img\" xmlns=\"http://www.w3.org/2000/svg\" viewBox=\"0 0 448 512\">","target":[".nhsuk-icon__search"]},{"any":[{"id":"aria-allowed-role","data":null,"relatedNodes":[],"impact":"minor","message":"ARIA role is allowed for given element"}],"all":[],"none":[],"impact":null,"html":"<nav class=\"nhsuk-pagination\" role=\"navigation\" aria-label=\"Pagination\">","target":[".nhsuk-pagination"]},{"any":[{"id":"aria-allowed-role","data":null,"relatedNodes":[],"impact":"minor","message":"ARIA role is allowed for given element"}],"all":[],"none":[],"impact":null,"html":"<footer role=\"contentinfo\">","target":["footer"]}]},{"id":"aria-hidden-body","impact":null,"tags":["cat.aria","wcag2a","wcag412"],"description":"Ensures aria-hidden='true' is not present on the document body.","help":"aria-hidden='true' must not be present on the document body","helpUrl":"https://dequeuniversity.com/rules/axe/4.7/aria-hidden-body?application=axeAPI","nodes":[{"any":[{"id":"aria-hidden-body","data":null,"relatedNodes":[],"impact":"critical","message":"No aria-hidden attribute is present on document body"}],"all":[],"none":[],"impact":null,"html":"<body class=\" govuk-frontend-supported js-enabled\" id=\"main-body\">","target":["#main-body"]}]},{"id":"aria-hidden-focus","impact":null,"tags":["cat.name-role-value","wcag2a","wcag412","TTv5","TT6.a"],"description":"Ensures aria-hidden elements are not focusable nor contain focusable elements","help":"ARIA hidden element must not be focusable or contain focusable elements","helpUrl":"https://dequeuniversity.com/rules/axe/4.7/aria-hidden-focus?application=axeAPI","nodes":[{"any":[],"all":[{"id":"focusable-modal-open","data":null,"relatedNodes":[],"impact":"serious","message":"No focusable elements while a modal is open"},{"id":"focusable-disabled","data":null,"relatedNodes":[],"impact":"serious","message":"No focusable elements contained within element"},{"id":"focusable-not-tabbable","data":null,"relatedNodes":[],"impact":"serious","message":"No focusable elements contained within element"}],"none":[],"impact":null,"html":"<svg class=\"nhsuk-icon nhsuk-icon__chevron-right\" xmlns=\"http://www.w3.org/2000/svg\" viewBox=\"0 0 24 24\" aria-hidden=\"true\" width=\"34\" height=\"34\">\n        <path d=\"M15.5 12a1 1 0 0 1-.29.71l-5 5a1 1 0 0 1-1.42-1.42l4.3-4.29-4.3-4.29a1 1 0 0 1 1.42-1.42l5 5a1 1 0 0 1 .29.71z\"></path>\n      </svg>","target":["a[href=\"/\"] > .nhsuk-icon__chevron-right[width=\"34\"][height=\"34\"]"]},{"any":[],"all":[{"id":"focusable-modal-open","data":null,"relatedNodes":[],"impact":"serious","message":"No focusable elements while a modal is open"},{"id":"focusable-disabled","data":null,"relatedNodes":[],"impact":"serious","message":"No focusable elements contained within element"},{"id":"focusable-not-tabbable","data":null,"relatedNodes":[],"impact":"serious","message":"No focusable elements contained within element"}],"none":[],"impact":null,"html":"<svg class=\"nhsuk-icon nhsuk-icon__chevron-right\" xmlns=\"http://www.w3.org/2000/svg\" viewBox=\"0 0 24 24\" aria-hidden=\"true\" width=\"34\" height=\"34\">\n        <path d=\"M15.5 12a1 1 0 0 1-.29.71l-5 5a1 1 0 0 1-1.42-1.42l4.3-4.29-4.3-4.29a1 1 0 0 1 1.42-1.42l5 5a1 1 0 0 1 .29.71z\"></path>\n      </svg>","target":["a[href$=\"search\"] > .nhsuk-icon__chevron-right[width=\"34\"][height=\"34\"]"]},{"any":[],"all":[{"id":"focusable-modal-open","data":null,"relatedNodes":[],"impact":"serious","message":"No focusable elements while a modal is open"},{"id":"focusable-disabled","data":null,"relatedNodes":[],"impact":"serious","message":"No focusable elements contained within element"},{"id":"focusable-not-tabbable","data":null,"relatedNodes":[],"impact":"serious","message":"No focusable elements contained within element"}],"none":[],"impact":null,"html":"<svg class=\"nhsuk-icon nhsuk-icon__chevron-right\" xmlns=\"http://www.w3.org/2000/svg\" viewBox=\"0 0 24 24\" aria-hidden=\"true\" width=\"34\" height=\"34\">\n        <path d=\"M15.5 12a1 1 0 0 1-.29.71l-5 5a1 1 0 0 1-1.42-1.42l4.3-4.29-4.3-4.29a1 1 0 0 1 1.42-1.42l5 5a1 1 0 0 1 .29.71z\"></path>\n      </svg>","target":["#candidate_sign_in_mobile > .nhsuk-icon__chevron-right[width=\"34\"][height=\"34\"]"]},{"any":[],"all":[{"id":"focusable-modal-open","data":null,"relatedNodes":[],"impact":"serious","message":"No focusable elements while a modal is open"},{"id":"focusable-disabled","data":null,"relatedNodes":[],"impact":"serious","message":"No focusable elements contained within element"},{"id":"focusable-not-tabbable","data":null,"relatedNodes":[],"impact":"serious","message":"No focusable elements contained within element"}],"none":[],"impact":null,"html":"<svg class=\"nhsuk-icon nhsuk-icon__chevron-right\" xmlns=\"http://www.w3.org/2000/svg\" viewBox=\"0 0 24 24\" aria-hidden=\"true\" width=\"34\" height=\"34\">\n        <path d=\"M15.5 12a1 1 0 0 1-.29.71l-5 5a1 1 0 0 1-1.42-1.42l4.3-4.29-4.3-4.29a1 1 0 0 1 1.42-1.42l5 5a1 1 0 0 1 .29.71z\"></path>\n      </svg>","target":[".nhsuk-header__navigation-link[data-test=\"header-create-account\"] > .nhsuk-icon__chevron-right[width=\"34\"][height=\"34\"]"]},{"any":[],"all":[{"id":"focusable-modal-open","data":null,"relatedNodes":[],"impact":"serious","message":"No focusable elements while a modal is open"},{"id":"focusable-disabled","data":null,"relatedNodes":[],"impact":"serious","message":"No focusable elements contained within element"},{"id":"focusable-not-tabbable","data":null,"relatedNodes":[],"impact":"serious","message":"No focusable elements contained within element"}],"none":[],"impact":null,"html":"<svg class=\"nhsuk-icon nhsuk-icon__chevron-right\" xmlns=\"http://www.w3.org/2000/svg\" viewBox=\"0 0 24 24\" aria-hidden=\"true\" width=\"34\" height=\"34\">\n        <path d=\"M15.5 12a1 1 0 0 1-.29.71l-5 5a1 1 0 0 1-1.42-1.42l4.3-4.29-4.3-4.29a1 1 0 0 1 1.42-1.42l5 5a1 1 0 0 1 .29.71z\"></path>\n      </svg>","target":[".nhsuk-header__navigation-link[href=\"/candidate/search/locale/en\"] > .nhsuk-icon__chevron-right[width=\"34\"][height=\"34\"]"]},{"any":[],"all":[{"id":"focusable-modal-open","data":null,"relatedNodes":[],"impact":"serious","message":"No focusable elements while a modal is open"},{"id":"focusable-disabled","data":null,"relatedNodes":[],"impact":"serious","message":"No focusable elements contained within element"},{"id":"focusable-not-tabbable","data":null,"relatedNodes":[],"impact":"serious","message":"No focusable elements contained within element"}],"none":[],"impact":null,"html":"<svg class=\"nhsuk-icon nhsuk-icon__chevron-right\" xmlns=\"http://www.w3.org/2000/svg\" viewBox=\"0 0 24 24\" aria-hidden=\"true\" width=\"34\" height=\"34\">\n        <path d=\"M15.5 12a1 1 0 0 1-.29.71l-5 5a1 1 0 0 1-1.42-1.42l4.3-4.29-4.3-4.29a1 1 0 0 1 1.42-1.42l5 5a1 1 0 0 1 .29.71z\"></path>\n      </svg>","target":[".nhsuk-header__navigation-link[href=\"/candidate/search/locale/cy\"] > .nhsuk-icon__chevron-right[width=\"34\"][height=\"34\"]"]},{"any":[],"all":[{"id":"focusable-modal-open","data":null,"relatedNodes":[],"impact":"serious","message":"No focusable elements while a modal is open"},{"id":"focusable-disabled","data":null,"relatedNodes":[],"impact":"serious","message":"No focusable elements contained within element"},{"id":"focusable-not-tabbable","data":null,"relatedNodes":[],"impact":"serious","message":"No focusable elements contained within element"}],"none":[],"impact":null,"html":"<legend class=\"nhsuk-heading-l nhsuk-u-visually-hidden\" id=\"additional-search-legend\" aria-hidden=\"true\">\n            Additional search options\n          </legend>","target":["#additional-search-legend"]},{"any":[],"all":[{"id":"focusable-modal-open","data":null,"relatedNodes":[],"impact":"serious","message":"No focusable elements while a modal is open"},{"id":"focusable-disabled","data":null,"relatedNodes":[],"impact":"serious","message":"No focusable elements contained within element"},{"id":"focusable-not-tabbable","data":null,"relatedNodes":[],"impact":"serious","message":"No focusable elements contained within element"}],"none":[],"impact":null,"html":"<legend class=\"nhsuk-heading-l nhsuk-u-visually-hidden\" id=\"search-controls-legend\" aria-hidden=\"true\">\n            Search controls\n          </legend>","target":["#search-controls-legend"]},{"any":[],"all":[{"id":"focusable-modal-open","data":null,"relatedNodes":[],"impact":"serious","message":"No focusable elements while a modal is open"},{"id":"focusable-disabled","data":null,"relatedNodes":[],"impact":"serious","message":"No focusable elements contained within element"},{"id":"focusable-not-tabbable","data":null,"relatedNodes":[],"impact":"serious","message":"No focusable elements contained within element"}],"none":[],"impact":null,"html":"<svg style=\"height:25px; padding-right: 10px\" class=\"nhsuk-icon nhsuk-icon__search\" aria-hidden=\"true\" focusable=\"false\" data-prefix=\"far\" data-icon=\"bell\" role=\"img\" xmlns=\"http://www.w3.org/2000/svg\" viewBox=\"0 0 448 512\">","target":[".nhsuk-icon__search"]},{"any":[],"all":[{"id":"focusable-modal-open","data":null,"relatedNodes":[],"impact":"serious","message":"No focusable elements while a modal is open"},{"id":"focusable-disabled","data":null,"relatedNodes":[],"impact":"serious","message":"No focusable elements contained within element"},{"id":"focusable-not-tabbable","data":null,"relatedNodes":[],"impact":"serious","message":"No focusable elements contained within element"}],"none":[],"impact":null,"html":"<svg class=\"nhsuk-icon nhsuk-icon__arrow-right\" xmlns=\"http://www.w3.org/2000/svg\" viewBox=\"0 0 24 24\" aria-hidden=\"true\">","target":[".nhsuk-icon__arrow-right"]}]},{"id":"aria-required-attr","impact":null,"tags":["cat.aria","wcag2a","wcag412"],"description":"Ensures elements with ARIA roles have all required ARIA attributes","help":"Required ARIA attributes must be provided","helpUrl":"https://dequeuniversity.com/rules/axe/4.7/aria-required-attr?application=axeAPI","nodes":[{"any":[{"id":"aria-required-attr","data":null,"relatedNodes":[],"impact":"critical","message":"All required ARIA attributes are present"}],"all":[],"none":[],"impact":null,"html":"<header class=\"nhsuk-header\" role=\"banner\" id=\"heading-body\">","target":["header"]},{"any":[{"id":"aria-required-attr","data":null,"relatedNodes":[],"impact":"critical","message":"All required ARIA attributes are present"}],"all":[],"none":[],"impact":null,"html":"<nav class=\"nhsuk-header__navigation\" id=\"header-navigation\" role=\"navigation\" aria-label=\"Primary navigation\" aria-labelledby=\"label-navigation\">","target":["#header-navigation"]},{"any":[{"id":"aria-required-attr","data":null,"relatedNodes":[],"impact":"critical","message":"All required ARIA attributes are present"}],"all":[],"none":[],"impact":null,"html":"<div class=\"beta-banner\" aria-label=\"beta-banner\" role=\"complementary\">","target":[".beta-banner"]},{"any":[{"id":"aria-required-attr","data":null,"relatedNodes":[],"impact":"critical","message":"All required ARIA attributes are present"}],"all":[],"none":[],"impact":null,"html":"<section class=\"nhsuk-hero\" role=\"search\">","target":["section"]},{"any":[{"id":"aria-required-attr","data":null,"relatedNodes":[],"impact":"critical","message":"All required ARIA attributes are present"}],"all":[],"none":[],"impact":null,"html":"<div id=\"location__status--A\" role=\"status\" aria-atomic=\"true\" aria-live=\"polite\"></div>","target":["#location__status--A"]},{"any":[{"id":"aria-required-attr","data":null,"relatedNodes":[],"impact":"critical","message":"All required ARIA attributes are present"}],"all":[],"none":[],"impact":null,"html":"<div id=\"location__status--B\" role=\"status\" aria-atomic=\"true\" aria-live=\"polite\"></div>","target":["#location__status--B"]},{"any":[{"id":"aria-required-attr","data":null,"relatedNodes":[],"impact":"critical","message":"All required ARIA attributes are present"}],"all":[],"none":[],"impact":null,"html":"<input aria-describedby=\"location__assistiveHint\" aria-expanded=\"false\" aria-controls=\"location__listbox\" aria-autocomplete=\"list\" autocomplete=\"off\" class=\"nhsuk-input nhsuk-u--width-full\" id=\"location\" name=\"location\" placeholder=\"\" type=\"search\" role=\"combobox\" data-test=\"search-location-input\" aria-label=\"Search Where? For example, a postcode, town or city, search text field\">","target":["#location"]},{"any":[{"id":"aria-required-attr","data":null,"relatedNodes":[],"impact":"critical","message":"All required ARIA attributes are present"}],"all":[],"none":[],"impact":null,"html":"<main class=\"nhsuk-main-wrapper \" id=\"maincontent\" role=\"main\">","target":["#maincontent"]},{"any":[{"id":"aria-required-attr","data":null,"relatedNodes":[],"impact":"critical","message":"All required ARIA attributes are present"}],"all":[],"none":[],"impact":null,"html":"<summary class=\"nhsuk-details__summary\" role=\"button\" aria-controls=\"distance-details\" aria-expanded=\"false\" data-test=\"distance\">\n                <span class=\"nhsuk-details__summary-text\">\n                    Distance\n                </span>\n            </summary>","target":["summary[aria-controls=\"distance-details\"]"]},{"any":[{"id":"aria-required-attr","data":null,"relatedNodes":[],"impact":"critical","message":"All required ARIA attributes are present"}],"all":[],"none":[],"impact":null,"html":"<summary class=\"nhsuk-details__summary\" role=\"button\" aria-controls=\"covid-jobs-only\" aria-expanded=\"false\" data-test=\"filter-covid-only\">\n                <span class=\"nhsuk-details__summary-text\">\n                    COVID-19\n                </span>\n            </summary>","target":["summary[aria-controls=\"covid-jobs-only\"]"]},{"any":[{"id":"aria-required-attr","data":null,"relatedNodes":[],"impact":"critical","message":"All required ARIA attributes are present"}],"all":[],"none":[],"impact":null,"html":"<summary id=\"working-patterns-expander\" class=\"nhsuk-details__summary \" role=\"button\" aria-controls=\"working-pattern-details\" aria-expanded=\"false\" data-test=\"filter-working-pattern\">","target":["#working-patterns-expander"]},{"any":[{"id":"aria-required-attr","data":null,"relatedNodes":[],"impact":"critical","message":"All required ARIA attributes are present"}],"all":[],"none":[],"impact":null,"html":"<summary class=\"nhsuk-details__summary\" role=\"button\" aria-controls=\"contract-type-details\" aria-expanded=\"false\" data-test=\"filter-contract-type\">\n                <span class=\"nhsuk-details__summary-text\">Contract type</span>\n            </summary>","target":["summary[aria-controls=\"contract-type-details\"]"]},{"any":[{"id":"aria-required-attr","data":null,"relatedNodes":[],"impact":"critical","message":"All required ARIA attributes are present"}],"all":[],"none":[],"impact":null,"html":"<summary class=\"nhsuk-details__summary\" role=\"button\" aria-controls=\"staff-group-details\" aria-expanded=\"false\" data-test=\"filter-staff-group\">\n                <span class=\"nhsuk-details__summary-text\">\n                    Staff group\n                </span>\n            </summary>","target":["summary[aria-controls=\"staff-group-details\"]"]},{"any":[{"id":"aria-required-attr","data":null,"relatedNodes":[],"impact":"critical","message":"All required ARIA attributes are present"}],"all":[],"none":[],"impact":null,"html":"<summary class=\"nhsuk-details__summary\" role=\"button\" aria-controls=\"pay-range-details\" aria-expanded=\"false\" data-test=\"filter-pay-range\">\n                <span class=\"nhsuk-details__summary-text\">\n                    Pay range\n                </span>\n            </summary>","target":["summary[aria-controls=\"pay-range-details\"]"]},{"any":[{"id":"aria-required-attr","data":null,"relatedNodes":[],"impact":"critical","message":"All required ARIA attributes are present"}],"all":[],"none":[],"impact":null,"html":"<summary class=\"nhsuk-details__summary\" role=\"button\" aria-controls=\"pay-band-details\" aria-expanded=\"false\" data-test=\"filter-pay-band\">","target":["summary[aria-controls=\"pay-band-details\"]"]},{"any":[{"id":"aria-required-attr","data":null,"relatedNodes":[],"impact":"critical","message":"All required ARIA attributes are present"}],"all":[],"none":[],"impact":null,"html":"<nav class=\"nhsuk-pagination\" role=\"navigation\" aria-label=\"Pagination\">","target":[".nhsuk-pagination"]},{"any":[{"id":"aria-required-attr","data":null,"relatedNodes":[],"impact":"critical","message":"All required ARIA attributes are present"}],"all":[],"none":[],"impact":null,"html":"<footer role=\"contentinfo\">","target":["footer"]}]},{"id":"aria-roles","impact":null,"tags":["cat.aria","wcag2a","wcag412"],"description":"Ensures all elements with a role attribute use a valid value","help":"ARIA roles used must conform to valid values","helpUrl":"https://dequeuniversity.com/rules/axe/4.7/aria-roles?application=axeAPI","nodes":[{"any":[],"all":[],"none":[{"id":"invalidrole","data":null,"relatedNodes":[],"impact":"critical","message":"ARIA role is valid"},{"id":"abstractrole","data":null,"relatedNodes":[],"impact":"serious","message":"Abstract roles are not used"},{"id":"unsupportedrole","data":null,"relatedNodes":[],"impact":"critical","message":"ARIA role is supported"},{"id":"deprecatedrole","data":null,"relatedNodes":[],"impact":"minor","message":"ARIA role is not deprecated"}],"impact":null,"html":"<header class=\"nhsuk-header\" role=\"banner\" id=\"heading-body\">","target":["header"]},{"any":[],"all":[],"none":[{"id":"invalidrole","data":null,"relatedNodes":[],"impact":"critical","message":"ARIA role is valid"},{"id":"abstractrole","data":null,"relatedNodes":[],"impact":"serious","message":"Abstract roles are not used"},{"id":"unsupportedrole","data":null,"relatedNodes":[],"impact":"critical","message":"ARIA role is supported"},{"id":"deprecatedrole","data":null,"relatedNodes":[],"impact":"minor","message":"ARIA role is not deprecated"}],"impact":null,"html":"<nav class=\"nhsuk-header__navigation\" id=\"header-navigation\" role=\"navigation\" aria-label=\"Primary navigation\" aria-labelledby=\"label-navigation\">","target":["#header-navigation"]},{"any":[],"all":[],"none":[{"id":"invalidrole","data":null,"relatedNodes":[],"impact":"critical","message":"ARIA role is valid"},{"id":"abstractrole","data":null,"relatedNodes":[],"impact":"serious","message":"Abstract roles are not used"},{"id":"unsupportedrole","data":null,"relatedNodes":[],"impact":"critical","message":"ARIA role is supported"},{"id":"deprecatedrole","data":null,"relatedNodes":[],"impact":"minor","message":"ARIA role is not deprecated"}],"impact":null,"html":"<div class=\"beta-banner\" aria-label=\"beta-banner\" role=\"complementary\">","target":[".beta-banner"]},{"any":[],"all":[],"none":[{"id":"invalidrole","data":null,"relatedNodes":[],"impact":"critical","message":"ARIA role is valid"},{"id":"abstractrole","data":null,"relatedNodes":[],"impact":"serious","message":"Abstract roles are not used"},{"id":"unsupportedrole","data":null,"relatedNodes":[],"impact":"critical","message":"ARIA role is supported"},{"id":"deprecatedrole","data":null,"relatedNodes":[],"impact":"minor","message":"ARIA role is not deprecated"}],"impact":null,"html":"<section class=\"nhsuk-hero\" role=\"search\">","target":["section"]},{"any":[],"all":[],"none":[{"id":"invalidrole","data":null,"relatedNodes":[],"impact":"critical","message":"ARIA role is valid"},{"id":"abstractrole","data":null,"relatedNodes":[],"impact":"serious","message":"Abstract roles are not used"},{"id":"unsupportedrole","data":null,"relatedNodes":[],"impact":"critical","message":"ARIA role is supported"},{"id":"deprecatedrole","data":null,"relatedNodes":[],"impact":"minor","message":"ARIA role is not deprecated"}],"impact":null,"html":"<div id=\"location__status--A\" role=\"status\" aria-atomic=\"true\" aria-live=\"polite\"></div>","target":["#location__status--A"]},{"any":[],"all":[],"none":[{"id":"invalidrole","data":null,"relatedNodes":[],"impact":"critical","message":"ARIA role is valid"},{"id":"abstractrole","data":null,"relatedNodes":[],"impact":"serious","message":"Abstract roles are not used"},{"id":"unsupportedrole","data":null,"relatedNodes":[],"impact":"critical","message":"ARIA role is supported"},{"id":"deprecatedrole","data":null,"relatedNodes":[],"impact":"minor","message":"ARIA role is not deprecated"}],"impact":null,"html":"<div id=\"location__status--B\" role=\"status\" aria-atomic=\"true\" aria-live=\"polite\"></div>","target":["#location__status--B"]},{"any":[],"all":[],"none":[{"id":"invalidrole","data":null,"relatedNodes":[],"impact":"critical","message":"ARIA role is valid"},{"id":"abstractrole","data":null,"relatedNodes":[],"impact":"serious","message":"Abstract roles are not used"},{"id":"unsupportedrole","data":null,"relatedNodes":[],"impact":"critical","message":"ARIA role is supported"},{"id":"deprecatedrole","data":null,"relatedNodes":[],"impact":"minor","message":"ARIA role is not deprecated"}],"impact":null,"html":"<input aria-describedby=\"location__assistiveHint\" aria-expanded=\"false\" aria-controls=\"location__listbox\" aria-autocomplete=\"list\" autocomplete=\"off\" class=\"nhsuk-input nhsuk-u--width-full\" id=\"location\" name=\"location\" placeholder=\"\" type=\"search\" role=\"combobox\" data-test=\"search-location-input\" aria-label=\"Search Where? For example, a postcode, town or city, search text field\">","target":["#location"]},{"any":[],"all":[],"none":[{"id":"invalidrole","data":null,"relatedNodes":[],"impact":"critical","message":"ARIA role is valid"},{"id":"abstractrole","data":null,"relatedNodes":[],"impact":"serious","message":"Abstract roles are not used"},{"id":"unsupportedrole","data":null,"relatedNodes":[],"impact":"critical","message":"ARIA role is supported"},{"id":"deprecatedrole","data":null,"relatedNodes":[],"impact":"minor","message":"ARIA role is not deprecated"}],"impact":null,"html":"<main class=\"nhsuk-main-wrapper \" id=\"maincontent\" role=\"main\">","target":["#maincontent"]},{"any":[],"all":[],"none":[{"id":"invalidrole","data":null,"relatedNodes":[],"impact":"critical","message":"ARIA role is valid"},{"id":"abstractrole","data":null,"relatedNodes":[],"impact":"serious","message":"Abstract roles are not used"},{"id":"unsupportedrole","data":null,"relatedNodes":[],"impact":"critical","message":"ARIA role is supported"},{"id":"deprecatedrole","data":null,"relatedNodes":[],"impact":"minor","message":"ARIA role is not deprecated"}],"impact":null,"html":"<summary class=\"nhsuk-details__summary\" role=\"button\" aria-controls=\"distance-details\" aria-expanded=\"false\" data-test=\"distance\">\n                <span class=\"nhsuk-details__summary-text\">\n                    Distance\n                </span>\n            </summary>","target":["summary[aria-controls=\"distance-details\"]"]},{"any":[],"all":[],"none":[{"id":"invalidrole","data":null,"relatedNodes":[],"impact":"critical","message":"ARIA role is valid"},{"id":"abstractrole","data":null,"relatedNodes":[],"impact":"serious","message":"Abstract roles are not used"},{"id":"unsupportedrole","data":null,"relatedNodes":[],"impact":"critical","message":"ARIA role is supported"},{"id":"deprecatedrole","data":null,"relatedNodes":[],"impact":"minor","message":"ARIA role is not deprecated"}],"impact":null,"html":"<summary class=\"nhsuk-details__summary\" role=\"button\" aria-controls=\"covid-jobs-only\" aria-expanded=\"false\" data-test=\"filter-covid-only\">\n                <span class=\"nhsuk-details__summary-text\">\n                    COVID-19\n                </span>\n            </summary>","target":["summary[aria-controls=\"covid-jobs-only\"]"]},{"any":[],"all":[],"none":[{"id":"invalidrole","data":null,"relatedNodes":[],"impact":"critical","message":"ARIA role is valid"},{"id":"abstractrole","data":null,"relatedNodes":[],"impact":"serious","message":"Abstract roles are not used"},{"id":"unsupportedrole","data":null,"relatedNodes":[],"impact":"critical","message":"ARIA role is supported"},{"id":"deprecatedrole","data":null,"relatedNodes":[],"impact":"minor","message":"ARIA role is not deprecated"}],"impact":null,"html":"<summary id=\"working-patterns-expander\" class=\"nhsuk-details__summary \" role=\"button\" aria-controls=\"working-pattern-details\" aria-expanded=\"false\" data-test=\"filter-working-pattern\">","target":["#working-patterns-expander"]},{"any":[],"all":[],"none":[{"id":"invalidrole","data":null,"relatedNodes":[],"impact":"critical","message":"ARIA role is valid"},{"id":"abstractrole","data":null,"relatedNodes":[],"impact":"serious","message":"Abstract roles are not used"},{"id":"unsupportedrole","data":null,"relatedNodes":[],"impact":"critical","message":"ARIA role is supported"},{"id":"deprecatedrole","data":null,"relatedNodes":[],"impact":"minor","message":"ARIA role is not deprecated"}],"impact":null,"html":"<summary class=\"nhsuk-details__summary\" role=\"button\" aria-controls=\"contract-type-details\" aria-expanded=\"false\" data-test=\"filter-contract-type\">\n                <span class=\"nhsuk-details__summary-text\">Contract type</span>\n            </summary>","target":["summary[aria-controls=\"contract-type-details\"]"]},{"any":[],"all":[],"none":[{"id":"invalidrole","data":null,"relatedNodes":[],"impact":"critical","message":"ARIA role is valid"},{"id":"abstractrole","data":null,"relatedNodes":[],"impact":"serious","message":"Abstract roles are not used"},{"id":"unsupportedrole","data":null,"relatedNodes":[],"impact":"critical","message":"ARIA role is supported"},{"id":"deprecatedrole","data":null,"relatedNodes":[],"impact":"minor","message":"ARIA role is not deprecated"}],"impact":null,"html":"<summary class=\"nhsuk-details__summary\" role=\"button\" aria-controls=\"staff-group-details\" aria-expanded=\"false\" data-test=\"filter-staff-group\">\n                <span class=\"nhsuk-details__summary-text\">\n                    Staff group\n                </span>\n            </summary>","target":["summary[aria-controls=\"staff-group-details\"]"]},{"any":[],"all":[],"none":[{"id":"invalidrole","data":null,"relatedNodes":[],"impact":"critical","message":"ARIA role is valid"},{"id":"abstractrole","data":null,"relatedNodes":[],"impact":"serious","message":"Abstract roles are not used"},{"id":"unsupportedrole","data":null,"relatedNodes":[],"impact":"critical","message":"ARIA role is supported"},{"id":"deprecatedrole","data":null,"relatedNodes":[],"impact":"minor","message":"ARIA role is not deprecated"}],"impact":null,"html":"<summary class=\"nhsuk-details__summary\" role=\"button\" aria-controls=\"pay-range-details\" aria-expanded=\"false\" data-test=\"filter-pay-range\">\n                <span class=\"nhsuk-details__summary-text\">\n                    Pay range\n                </span>\n            </summary>","target":["summary[aria-controls=\"pay-range-details\"]"]},{"any":[],"all":[],"none":[{"id":"invalidrole","data":null,"relatedNodes":[],"impact":"critical","message":"ARIA role is valid"},{"id":"abstractrole","data":null,"relatedNodes":[],"impact":"serious","message":"Abstract roles are not used"},{"id":"unsupportedrole","data":null,"relatedNodes":[],"impact":"critical","message":"ARIA role is supported"},{"id":"deprecatedrole","data":null,"relatedNodes":[],"impact":"minor","message":"ARIA role is not deprecated"}],"impact":null,"html":"<summary class=\"nhsuk-details__summary\" role=\"button\" aria-controls=\"pay-band-details\" aria-expanded=\"false\" data-test=\"filter-pay-band\">","target":["summary[aria-controls=\"pay-band-details\"]"]},{"any":[],"all":[],"none":[{"id":"invalidrole","data":null,"relatedNodes":[],"impact":"critical","message":"ARIA role is valid"},{"id":"abstractrole","data":null,"relatedNodes":[],"impact":"serious","message":"Abstract roles are not used"},{"id":"unsupportedrole","data":null,"relatedNodes":[],"impact":"critical","message":"ARIA role is supported"},{"id":"deprecatedrole","data":null,"relatedNodes":[],"impact":"minor","message":"ARIA role is not deprecated"}],"impact":null,"html":"<nav class=\"nhsuk-pagination\" role=\"navigation\" aria-label=\"Pagination\">","target":[".nhsuk-pagination"]},{"any":[],"all":[],"none":[{"id":"invalidrole","data":null,"relatedNodes":[],"impact":"critical","message":"ARIA role is valid"},{"id":"abstractrole","data":null,"relatedNodes":[],"impact":"serious","message":"Abstract roles are not used"},{"id":"unsupportedrole","data":null,"relatedNodes":[],"impact":"critical","message":"ARIA role is supported"},{"id":"deprecatedrole","data":null,"relatedNodes":[],"impact":"minor","message":"ARIA role is not deprecated"}],"impact":null,"html":"<footer role=\"contentinfo\">","target":["footer"]}]},{"id":"aria-valid-attr-value","impact":null,"tags":["cat.aria","wcag2a","wcag412"],"description":"Ensures all ARIA attributes have valid values","help":"ARIA attributes must conform to valid values","helpUrl":"https://dequeuniversity.com/rules/axe/4.7/aria-valid-attr-value?application=axeAPI","nodes":[{"any":[],"all":[{"id":"aria-valid-attr-value","data":null,"relatedNodes":[],"impact":"critical","message":"ARIA attribute values are valid"},{"id":"aria-errormessage","data":null,"relatedNodes":[],"impact":"critical","message":"aria-errormessage exists and references elements visible to screen readers that use a supported aria-errormessage technique"},{"id":"aria-level","data":null,"relatedNodes":[],"impact":"serious","message":"aria-level values are valid"}],"none":[],"impact":null,"html":"<a class=\"nhsuk-skip-link\" href=\"#search-results-heading\" aria-label=\"29 jobs found for Doctor within 5 miles of Sheffield. Sorted by: Best Match . Skip to search filters\" id=\"skip_to_search_filters\">Skip to search filters</a>","target":["#skip_to_search_filters"]},{"any":[],"all":[{"id":"aria-valid-attr-value","data":null,"relatedNodes":[],"impact":"critical","message":"ARIA attribute values are valid"},{"id":"aria-errormessage","data":null,"relatedNodes":[],"impact":"critical","message":"aria-errormessage exists and references elements visible to screen readers that use a supported aria-errormessage technique"},{"id":"aria-level","data":null,"relatedNodes":[],"impact":"serious","message":"aria-level values are valid"}],"none":[],"impact":null,"html":"<a class=\"nhsuk-skip-link\" href=\"#first-result-title\" id=\"skipToSearchResults\" aria-label=\"Skip to search results\">Skip to search results</a>","target":["#skipToSearchResults"]},{"any":[],"all":[{"id":"aria-valid-attr-value","data":null,"relatedNodes":[],"impact":"critical","message":"ARIA attribute values are valid"},{"id":"aria-errormessage","data":null,"relatedNodes":[],"impact":"critical","message":"aria-errormessage exists and references elements visible to screen readers that use a supported aria-errormessage technique"},{"id":"aria-level","data":null,"relatedNodes":[],"impact":"serious","message":"aria-level values are valid"}],"none":[],"impact":null,"html":"<a href=\"/candidate/cookies\" id=\"change-cookies-settings\" aria-label=\"Go to the cookie information page\">change your cookie settings</a>","target":["#change-cookies-settings"]},{"any":[],"all":[{"id":"aria-valid-attr-value","data":null,"relatedNodes":[],"impact":"critical","message":"ARIA attribute values are valid"},{"id":"aria-errormessage","data":null,"relatedNodes":[],"impact":"critical","message":"aria-errormessage exists and references elements visible to screen readers that use a supported aria-errormessage technique"},{"id":"aria-level","data":null,"relatedNodes":[],"impact":"serious","message":"aria-level values are valid"}],"none":[],"impact":null,"html":"<a href=\"/candidate/dismiss-cookie-messages\" id=\"dismiss-cookie-messages\" aria-label=\"Dismiss information about cookie preferences\" style=\"float: right\">Hide</a>","target":["#dismiss-cookie-messages"]},{"any":[],"all":[{"id":"aria-valid-attr-value","data":null,"relatedNodes":[],"impact":"critical","message":"ARIA attribute values are valid"},{"id":"aria-errormessage","data":null,"relatedNodes":[],"impact":"critical","message":"aria-errormessage exists and references elements visible to screen readers that use a supported aria-errormessage technique"},{"id":"aria-level","data":null,"relatedNodes":[],"impact":"serious","message":"aria-level values are valid"}],"none":[],"impact":null,"html":"<a class=\"nhsuk-header__link nhsuk-header__link--service nhsuk-header__link--service-short-name\" href=\"/candidate\" aria-label=\"NHS jobs homepage\">","target":[".nhsuk-header__link"]},{"any":[],"all":[{"id":"aria-valid-attr-value","data":null,"relatedNodes":[],"impact":"critical","message":"ARIA attribute values are valid"},{"id":"aria-errormessage","data":null,"relatedNodes":[],"impact":"critical","message":"aria-errormessage exists and references elements visible to screen readers that use a supported aria-errormessage technique"},{"id":"aria-level","data":null,"relatedNodes":[],"impact":"serious","message":"aria-level values are valid"}],"none":[],"impact":null,"html":"<nav class=\"gem-c-translation-nav hide-mobile nhsuk-u-margin-0 nhsuk-u-padding-left-7\" aria-label=\"Translations\">","target":[".gem-c-translation-nav"]},{"any":[],"all":[{"id":"aria-valid-attr-value","data":null,"relatedNodes":[],"impact":"critical","message":"ARIA attribute values are valid"},{"id":"aria-errormessage","data":null,"relatedNodes":[],"impact":"critical","message":"aria-errormessage exists and references elements visible to screen readers that use a supported aria-errormessage technique"},{"id":"aria-level","data":null,"relatedNodes":[],"impact":"serious","message":"aria-level values are valid"}],"none":[],"impact":null,"html":"<nav class=\"nhsuk-header__navigation\" id=\"header-navigation\" role=\"navigation\" aria-label=\"Primary navigation\" aria-labelledby=\"label-navigation\">","target":["#header-navigation"]},{"any":[],"all":[{"id":"aria-valid-attr-value","data":null,"relatedNodes":[],"impact":"critical","message":"ARIA attribute values are valid"},{"id":"aria-errormessage","data":null,"relatedNodes":[],"impact":"critical","message":"aria-errormessage exists and references elements visible to screen readers that use a supported aria-errormessage technique"},{"id":"aria-level","data":null,"relatedNodes":[],"impact":"serious","message":"aria-level values are valid"}],"none":[],"impact":null,"html":"<div class=\"beta-banner\" aria-label=\"beta-banner\" role=\"complementary\">","target":[".beta-banner"]},{"any":[],"all":[{"id":"aria-valid-attr-value","data":null,"relatedNodes":[],"impact":"critical","message":"ARIA attribute values are valid"},{"id":"aria-errormessage","data":null,"relatedNodes":[],"impact":"critical","message":"aria-errormessage exists and references elements visible to screen readers that use a supported aria-errormessage technique"},{"id":"aria-level","data":null,"relatedNodes":[],"impact":"serious","message":"aria-level values are valid"}],"none":[],"impact":null,"html":"<h1 data-test=\"search-result-query\" id=\"search-results-heading\" class=\"nhsuk-heading-xl nhsuk-u-padding-left-4 nhsuk-u-margin-bottom-4\" aria-label=\"29 jobs found for Doctor within 5 miles of Sheffield. Sorted by: Best Match\">","target":["#search-results-heading"]},{"any":[],"all":[{"id":"aria-valid-attr-value","data":null,"relatedNodes":[],"impact":"critical","message":"ARIA attribute values are valid"},{"id":"aria-errormessage","data":null,"relatedNodes":[],"impact":"critical","message":"aria-errormessage exists and references elements visible to screen readers that use a supported aria-errormessage technique"},{"id":"aria-level","data":null,"relatedNodes":[],"impact":"serious","message":"aria-level values are valid"}],"none":[],"impact":null,"html":"<input name=\"keyword\" id=\"keyword\" value=\"Doctor\" class=\"nhsuk-input nhsuk-u--width-full\" type=\"search\" data-test=\"search-jobTitle-input\" aria-label=\"Search What? For example, job title or skills\">","target":["#keyword"]},{"any":[],"all":[{"id":"aria-valid-attr-value","data":null,"relatedNodes":[],"impact":"critical","message":"ARIA attribute values are valid"},{"id":"aria-errormessage","data":null,"relatedNodes":[],"impact":"critical","message":"aria-errormessage exists and references elements visible to screen readers that use a supported aria-errormessage technique"},{"id":"aria-level","data":null,"relatedNodes":[],"impact":"serious","message":"aria-level values are valid"}],"none":[],"impact":null,"html":"<div id=\"location__status--A\" role=\"status\" aria-atomic=\"true\" aria-live=\"polite\"></div>","target":["#location__status--A"]},{"any":[],"all":[{"id":"aria-valid-attr-value","data":null,"relatedNodes":[],"impact":"critical","message":"ARIA attribute values are valid"},{"id":"aria-errormessage","data":null,"relatedNodes":[],"impact":"critical","message":"aria-errormessage exists and references elements visible to screen readers that use a supported aria-errormessage technique"},{"id":"aria-level","data":null,"relatedNodes":[],"impact":"serious","message":"aria-level values are valid"}],"none":[],"impact":null,"html":"<div id=\"location__status--B\" role=\"status\" aria-atomic=\"true\" aria-live=\"polite\"></div>","target":["#location__status--B"]},{"any":[],"all":[{"id":"aria-valid-attr-value","data":null,"relatedNodes":[],"impact":"critical","message":"ARIA attribute values are valid"},{"id":"aria-errormessage","data":null,"relatedNodes":[],"impact":"critical","message":"aria-errormessage exists and references elements visible to screen readers that use a supported aria-errormessage technique"},{"id":"aria-level","data":null,"relatedNodes":[],"impact":"serious","message":"aria-level values are valid"}],"none":[],"impact":null,"html":"<input aria-describedby=\"location__assistiveHint\" aria-expanded=\"false\" aria-controls=\"location__listbox\" aria-autocomplete=\"list\" autocomplete=\"off\" class=\"nhsuk-input nhsuk-u--width-full\" id=\"location\" name=\"location\" placeholder=\"\" type=\"search\" role=\"combobox\" data-test=\"search-location-input\" aria-label=\"Search Where? For example, a postcode, town or city, search text field\">","target":["#location"]},{"any":[],"all":[{"id":"aria-valid-attr-value","data":null,"relatedNodes":[],"impact":"critical","message":"ARIA attribute values are valid"},{"id":"aria-errormessage","data":null,"relatedNodes":[],"impact":"critical","message":"aria-errormessage exists and references elements visible to screen readers that use a supported aria-errormessage technique"},{"id":"aria-level","data":null,"relatedNodes":[],"impact":"serious","message":"aria-level values are valid"}],"none":[],"impact":null,"html":"<summary class=\"nhsuk-details__summary\" role=\"button\" aria-controls=\"distance-details\" aria-expanded=\"false\" data-test=\"distance\">\n                <span class=\"nhsuk-details__summary-text\">\n                    Distance\n                </span>\n            </summary>","target":["summary[aria-controls=\"distance-details\"]"]},{"any":[],"all":[{"id":"aria-valid-attr-value","data":null,"relatedNodes":[],"impact":"critical","message":"ARIA attribute values are valid"},{"id":"aria-errormessage","data":null,"relatedNodes":[],"impact":"critical","message":"aria-errormessage exists and references elements visible to screen readers that use a supported aria-errormessage technique"},{"id":"aria-level","data":null,"relatedNodes":[],"impact":"serious","message":"aria-level values are valid"}],"none":[],"impact":null,"html":"<div class=\"nhsuk-details__text\" id=\"distance_wrapper\" aria-hidden=\"false\">","target":["#distance_wrapper"]},{"any":[],"all":[{"id":"aria-valid-attr-value","data":null,"relatedNodes":[],"impact":"critical","message":"ARIA attribute values are valid"},{"id":"aria-errormessage","data":null,"relatedNodes":[],"impact":"critical","message":"aria-errormessage exists and references elements visible to screen readers that use a supported aria-errormessage technique"},{"id":"aria-level","data":null,"relatedNodes":[],"impact":"serious","message":"aria-level values are valid"}],"none":[],"impact":null,"html":"<summary class=\"nhsuk-details__summary\" role=\"button\" aria-controls=\"covid-jobs-only\" aria-expanded=\"false\" data-test=\"filter-covid-only\">\n                <span class=\"nhsuk-details__summary-text\">\n                    COVID-19\n                </span>\n            </summary>","target":["summary[aria-controls=\"covid-jobs-only\"]"]},{"any":[],"all":[{"id":"aria-valid-attr-value","data":null,"relatedNodes":[],"impact":"critical","message":"ARIA attribute values are valid"},{"id":"aria-errormessage","data":null,"relatedNodes":[],"impact":"critical","message":"aria-errormessage exists and references elements visible to screen readers that use a supported aria-errormessage technique"},{"id":"aria-level","data":null,"relatedNodes":[],"impact":"serious","message":"aria-level values are valid"}],"none":[],"impact":null,"html":"<summary id=\"working-patterns-expander\" class=\"nhsuk-details__summary \" role=\"button\" aria-controls=\"working-pattern-details\" aria-expanded=\"false\" data-test=\"filter-working-pattern\">","target":["#working-patterns-expander"]},{"any":[],"all":[{"id":"aria-valid-attr-value","data":null,"relatedNodes":[],"impact":"critical","message":"ARIA attribute values are valid"},{"id":"aria-errormessage","data":null,"relatedNodes":[],"impact":"critical","message":"aria-errormessage exists and references elements visible to screen readers that use a supported aria-errormessage technique"},{"id":"aria-level","data":null,"relatedNodes":[],"impact":"serious","message":"aria-level values are valid"}],"none":[],"impact":null,"html":"<summary class=\"nhsuk-details__summary\" role=\"button\" aria-controls=\"contract-type-details\" aria-expanded=\"false\" data-test=\"filter-contract-type\">\n                <span class=\"nhsuk-details__summary-text\">Contract type</span>\n            </summary>","target":["summary[aria-controls=\"contract-type-details\"]"]},{"any":[],"all":[{"id":"aria-valid-attr-value","data":null,"relatedNodes":[],"impact":"critical","message":"ARIA attribute values are valid"},{"id":"aria-errormessage","data":null,"relatedNodes":[],"impact":"critical","message":"aria-errormessage exists and references elements visible to screen readers that use a supported aria-errormessage technique"},{"id":"aria-level","data":null,"relatedNodes":[],"impact":"serious","message":"aria-level values are valid"}],"none":[],"impact":null,"html":"<summary class=\"nhsuk-details__summary\" role=\"button\" aria-controls=\"staff-group-details\" aria-expanded=\"false\" data-test=\"filter-staff-group\">\n                <span class=\"nhsuk-details__summary-text\">\n                    Staff group\n                </span>\n            </summary>","target":["summary[aria-controls=\"staff-group-details\"]"]},{"any":[],"all":[{"id":"aria-valid-attr-value","data":null,"relatedNodes":[],"impact":"critical","message":"ARIA attribute values are valid"},{"id":"aria-errormessage","data":null,"relatedNodes":[],"impact":"critical","message":"aria-errormessage exists and references elements visible to screen readers that use a supported aria-errormessage technique"},{"id":"aria-level","data":null,"relatedNodes":[],"impact":"serious","message":"aria-level values are valid"}],"none":[],"impact":null,"html":"<summary class=\"nhsuk-details__summary\" role=\"button\" aria-controls=\"pay-range-details\" aria-expanded=\"false\" data-test=\"filter-pay-range\">\n                <span class=\"nhsuk-details__summary-text\">\n                    Pay range\n                </span>\n            </summary>","target":["summary[aria-controls=\"pay-range-details\"]"]},{"any":[],"all":[{"id":"aria-valid-attr-value","data":null,"relatedNodes":[],"impact":"critical","message":"ARIA attribute values are valid"},{"id":"aria-errormessage","data":null,"relatedNodes":[],"impact":"critical","message":"aria-errormessage exists and references elements visible to screen readers that use a supported aria-errormessage technique"},{"id":"aria-level","data":null,"relatedNodes":[],"impact":"serious","message":"aria-level values are valid"}],"none":[],"impact":null,"html":"<summary class=\"nhsuk-details__summary\" role=\"button\" aria-controls=\"pay-band-details\" aria-expanded=\"false\" data-test=\"filter-pay-band\">","target":["summary[aria-controls=\"pay-band-details\"]"]},{"any":[],"all":[{"id":"aria-valid-attr-value","data":null,"relatedNodes":[],"impact":"critical","message":"ARIA attribute values are valid"},{"id":"aria-errormessage","data":null,"relatedNodes":[],"impact":"critical","message":"aria-errormessage exists and references elements visible to screen readers that use a supported aria-errormessage technique"},{"id":"aria-level","data":null,"relatedNodes":[],"impact":"serious","message":"aria-level values are valid"}],"none":[],"impact":null,"html":"<a href=\"/candidate/search/save-job/E0123-25-0148\" data-test=\"search-result-save-job\" aria-label=\"Save this job: ENT Doctor (Reference number: E0123-25-0148)\">\n              Save this job\n            </a>","target":[".nhsuk-list-panel.search-result.nhsuk-u-padding-3:nth-child(1) > .nhsuk-grid-row:nth-child(1) > .save-job.nhsuk-u-margin-right-3 > a[data-test=\"search-result-save-job\"]"]},{"any":[],"all":[{"id":"aria-valid-attr-value","data":null,"relatedNodes":[],"impact":"critical","message":"ARIA attribute values are valid"},{"id":"aria-errormessage","data":null,"relatedNodes":[],"impact":"critical","message":"aria-errormessage exists and references elements visible to screen readers that use a supported aria-errormessage technique"},{"id":"aria-level","data":null,"relatedNodes":[],"impact":"serious","message":"aria-level values are valid"}],"none":[],"impact":null,"html":"<a href=\"/candidate/search/save-job/E0123-25-0149\" data-test=\"search-result-save-job\" aria-label=\"Save this job: Dermatology Doctor (Reference number: E0123-25-0149)\">\n              Save this job\n            </a>","target":[".nhsuk-list-panel.search-result.nhsuk-u-padding-3:nth-child(2) > .nhsuk-grid-row:nth-child(1) > .save-job.nhsuk-u-margin-right-3 > a[data-test=\"search-result-save-job\"]"]},{"any":[],"all":[{"id":"aria-valid-attr-value","data":null,"relatedNodes":[],"impact":"critical","message":"ARIA attribute values are valid"},{"id":"aria-errormessage","data":null,"relatedNodes":[],"impact":"critical","message":"aria-errormessage exists and references elements visible to screen readers that use a supported aria-errormessage technique"},{"id":"aria-level","data":null,"relatedNodes":[],"impact":"serious","message":"aria-level values are valid"}],"none":[],"impact":null,"html":"<a href=\"/candidate/search/save-job/C9165-25-02-014\" data-test=\"search-result-save-job\" aria-label=\"Save this job: Specialty Doctor in Anaesthetics (Reference number: C9165-25-02-014)\">\n              Save this job\n            </a>","target":[".nhsuk-list-panel.search-result.nhsuk-u-padding-3:nth-child(3) > .nhsuk-grid-row:nth-child(1) > .save-job.nhsuk-u-margin-right-3 > a[data-test=\"search-result-save-job\"]"]},{"any":[],"all":[{"id":"aria-valid-attr-value","data":null,"relatedNodes":[],"impact":"critical","message":"ARIA attribute values are valid"},{"id":"aria-errormessage","data":null,"relatedNodes":[],"impact":"critical","message":"aria-errormessage exists and references elements visible to screen readers that use a supported aria-errormessage technique"},{"id":"aria-level","data":null,"relatedNodes":[],"impact":"serious","message":"aria-level values are valid"}],"none":[],"impact":null,"html":"<a href=\"/candidate/search/save-job/N0013-25-0006-112307\" data-test=\"search-result-save-job\" aria-label=\"Save this job: Senior Lecturer in Adult Nursing (Reference number: N0013-25-0006-112307)\">\n              Save this job\n            </a>","target":[".nhsuk-list-panel.search-result.nhsuk-u-padding-3:nth-child(4) > .nhsuk-grid-row:nth-child(1) > .save-job.nhsuk-u-margin-right-3 > a[data-test=\"search-result-save-job\"]"]},{"any":[],"all":[{"id":"aria-valid-attr-value","data":null,"relatedNodes":[],"impact":"critical","message":"ARIA attribute values are valid"},{"id":"aria-errormessage","data":null,"relatedNodes":[],"impact":"critical","message":"aria-errormessage exists and references elements visible to screen readers that use a supported aria-errormessage technique"},{"id":"aria-level","data":null,"relatedNodes":[],"impact":"serious","message":"aria-level values are valid"}],"none":[],"impact":null,"html":"<a href=\"/candidate/search/save-job/C9190-25-0735\" data-test=\"search-result-save-job\" aria-label=\"Save this job: Nurse Consultant Critical Care (Reference number: C9190-25-0735)\">\n              Save this job\n            </a>","target":[".nhsuk-list-panel.search-result.nhsuk-u-padding-3:nth-child(5) > .nhsuk-grid-row:nth-child(1) > .save-job.nhsuk-u-margin-right-3 > a[data-test=\"search-result-save-job\"]"]},{"any":[],"all":[{"id":"aria-valid-attr-value","data":null,"relatedNodes":[],"impact":"critical","message":"ARIA attribute values are valid"},{"id":"aria-errormessage","data":null,"relatedNodes":[],"impact":"critical","message":"aria-errormessage exists and references elements visible to screen readers that use a supported aria-errormessage technique"},{"id":"aria-level","data":null,"relatedNodes":[],"impact":"serious","message":"aria-level values are valid"}],"none":[],"impact":null,"html":"<a href=\"/candidate/search/save-job/N0013-25-0006-112267\" data-test=\"search-result-save-job\" aria-label=\"Save this job: Lecturer in Social Work (Reference number: N0013-25-0006-112267)\">\n              Save this job\n            </a>","target":[".nhsuk-list-panel.search-result.nhsuk-u-padding-3:nth-child(6) > .nhsuk-grid-row:nth-child(1) > .save-job.nhsuk-u-margin-right-3 > a[data-test=\"search-result-save-job\"]"]},{"any":[],"all":[{"id":"aria-valid-attr-value","data":null,"relatedNodes":[],"impact":"critical","message":"ARIA attribute values are valid"},{"id":"aria-errormessage","data":null,"relatedNodes":[],"impact":"critical","message":"aria-errormessage exists and references elements visible to screen readers that use a supported aria-errormessage technique"},{"id":"aria-level","data":null,"relatedNodes":[],"impact":"serious","message":"aria-level values are valid"}],"none":[],"impact":null,"html":"<a href=\"/candidate/search/save-job/C9190-25-0682\" data-test=\"search-result-save-job\" aria-label=\"Save this job: Locum Consultant Haematologist interest in Haemostasis &amp; Thrombosis (Reference number: C9190-25-0682)\">\n              Save this job\n            </a>","target":[".nhsuk-list-panel.search-result.nhsuk-u-padding-3:nth-child(7) > .nhsuk-grid-row:nth-child(1) > .save-job.nhsuk-u-margin-right-3 > a[data-test=\"search-result-save-job\"]"]},{"any":[],"all":[{"id":"aria-valid-attr-value","data":null,"relatedNodes":[],"impact":"critical","message":"ARIA attribute values are valid"},{"id":"aria-errormessage","data":null,"relatedNodes":[],"impact":"critical","message":"aria-errormessage exists and references elements visible to screen readers that use a supported aria-errormessage technique"},{"id":"aria-level","data":null,"relatedNodes":[],"impact":"serious","message":"aria-level values are valid"}],"none":[],"impact":null,"html":"<a href=\"/candidate/search/save-job/C9190-25-0716\" data-test=\"search-result-save-job\" aria-label=\"Save this job: Locum Consultant in Spinal Injuries (Reference number: C9190-25-0716)\">\n              Save this job\n            </a>","target":[".nhsuk-list-panel.search-result.nhsuk-u-padding-3:nth-child(8) > .nhsuk-grid-row:nth-child(1) > .save-job.nhsuk-u-margin-right-3 > a[data-test=\"search-result-save-job\"]"]},{"any":[],"all":[{"id":"aria-valid-attr-value","data":null,"relatedNodes":[],"impact":"critical","message":"ARIA attribute values are valid"},{"id":"aria-errormessage","data":null,"relatedNodes":[],"impact":"critical","message":"aria-errormessage exists and references elements visible to screen readers that use a supported aria-errormessage technique"},{"id":"aria-level","data":null,"relatedNodes":[],"impact":"serious","message":"aria-level values are valid"}],"none":[],"impact":null,"html":"<a href=\"/candidate/search/save-job/C9190-25-0746\" data-test=\"search-result-save-job\" aria-label=\"Save this job: Specialist in Colorectal/General Surgery (Reference number: C9190-25-0746)\">\n              Save this job\n            </a>","target":[".nhsuk-list-panel.search-result.nhsuk-u-padding-3:nth-child(9) > .nhsuk-grid-row:nth-child(1) > .save-job.nhsuk-u-margin-right-3 > a[data-test=\"search-result-save-job\"]"]},{"any":[],"all":[{"id":"aria-valid-attr-value","data":null,"relatedNodes":[],"impact":"critical","message":"ARIA attribute values are valid"},{"id":"aria-errormessage","data":null,"relatedNodes":[],"impact":"critical","message":"aria-errormessage exists and references elements visible to screen readers that use a supported aria-errormessage technique"},{"id":"aria-level","data":null,"relatedNodes":[],"impact":"serious","message":"aria-level values are valid"}],"none":[],"impact":null,"html":"<a href=\"/candidate/search/save-job/C9190-25-0690\" data-test=\"search-result-save-job\" aria-label=\"Save this job: LAS ST3+ in Hepatology (Reference number: C9190-25-0690)\">\n              Save this job\n            </a>","target":[".nhsuk-list-panel.search-result.nhsuk-u-padding-3:nth-child(10) > .nhsuk-grid-row:nth-child(1) > .save-job.nhsuk-u-margin-right-3 > a[data-test=\"search-result-save-job\"]"]},{"any":[],"all":[{"id":"aria-valid-attr-value","data":null,"relatedNodes":[],"impact":"critical","message":"ARIA attribute values are valid"},{"id":"aria-errormessage","data":null,"relatedNodes":[],"impact":"critical","message":"aria-errormessage exists and references elements visible to screen readers that use a supported aria-errormessage technique"},{"id":"aria-level","data":null,"relatedNodes":[],"impact":"serious","message":"aria-level values are valid"}],"none":[],"impact":null,"html":"<nav class=\"nhsuk-pagination\" role=\"navigation\" aria-label=\"Pagination\">","target":[".nhsuk-pagination"]}]},{"id":"aria-valid-attr","impact":null,"tags":["cat.aria","wcag2a","wcag412"],"description":"Ensures attributes that begin with aria- are valid ARIA attributes","help":"ARIA attributes must conform to valid names","helpUrl":"https://dequeuniversity.com/rules/axe/4.7/aria-valid-attr?application=axeAPI","nodes":[{"any":[{"id":"aria-valid-attr","data":null,"relatedNodes":[],"impact":"critical","message":"ARIA attribute name is valid"}],"all":[],"none":[],"impact":null,"html":"<a class=\"nhsuk-skip-link\" href=\"#search-results-heading\" aria-label=\"29 jobs found for Doctor within 5 miles of Sheffield. Sorted by: Best Match . Skip to search filters\" id=\"skip_to_search_filters\">Skip to search filters</a>","target":["#skip_to_search_filters"]},{"any":[{"id":"aria-valid-attr","data":null,"relatedNodes":[],"impact":"critical","message":"ARIA attribute name is valid"}],"all":[],"none":[],"impact":null,"html":"<a class=\"nhsuk-skip-link\" href=\"#first-result-title\" id=\"skipToSearchResults\" aria-label=\"Skip to search results\">Skip to search results</a>","target":["#skipToSearchResults"]},{"any":[{"id":"aria-valid-attr","data":null,"relatedNodes":[],"impact":"critical","message":"ARIA attribute name is valid"}],"all":[],"none":[],"impact":null,"html":"<a href=\"/candidate/cookies\" id=\"change-cookies-settings\" aria-label=\"Go to the cookie information page\">change your cookie settings</a>","target":["#change-cookies-settings"]},{"any":[{"id":"aria-valid-attr","data":null,"relatedNodes":[],"impact":"critical","message":"ARIA attribute name is valid"}],"all":[],"none":[],"impact":null,"html":"<a href=\"/candidate/dismiss-cookie-messages\" id=\"dismiss-cookie-messages\" aria-label=\"Dismiss information about cookie preferences\" style=\"float: right\">Hide</a>","target":["#dismiss-cookie-messages"]},{"any":[{"id":"aria-valid-attr","data":null,"relatedNodes":[],"impact":"critical","message":"ARIA attribute name is valid"}],"all":[],"none":[],"impact":null,"html":"<a class=\"nhsuk-header__link nhsuk-header__link--service nhsuk-header__link--service-short-name\" href=\"/candidate\" aria-label=\"NHS jobs homepage\">","target":[".nhsuk-header__link"]},{"any":[{"id":"aria-valid-attr","data":null,"relatedNodes":[],"impact":"critical","message":"ARIA attribute name is valid"}],"all":[],"none":[],"impact":null,"html":"<nav class=\"gem-c-translation-nav hide-mobile nhsuk-u-margin-0 nhsuk-u-padding-left-7\" aria-label=\"Translations\">","target":[".gem-c-translation-nav"]},{"any":[{"id":"aria-valid-attr","data":null,"relatedNodes":[],"impact":"critical","message":"ARIA attribute name is valid"}],"all":[],"none":[],"impact":null,"html":"<nav class=\"nhsuk-header__navigation\" id=\"header-navigation\" role=\"navigation\" aria-label=\"Primary navigation\" aria-labelledby=\"label-navigation\">","target":["#header-navigation"]},{"any":[{"id":"aria-valid-attr","data":null,"relatedNodes":[],"impact":"critical","message":"ARIA attribute name is valid"}],"all":[],"none":[],"impact":null,"html":"<div class=\"beta-banner\" aria-label=\"beta-banner\" role=\"complementary\">","target":[".beta-banner"]},{"any":[{"id":"aria-valid-attr","data":null,"relatedNodes":[],"impact":"critical","message":"ARIA attribute name is valid"}],"all":[],"none":[],"impact":null,"html":"<h1 data-test=\"search-result-query\" id=\"search-results-heading\" class=\"nhsuk-heading-xl nhsuk-u-padding-left-4 nhsuk-u-margin-bottom-4\" aria-label=\"29 jobs found for Doctor within 5 miles of Sheffield. Sorted by: Best Match\">","target":["#search-results-heading"]},{"any":[{"id":"aria-valid-attr","data":null,"relatedNodes":[],"impact":"critical","message":"ARIA attribute name is valid"}],"all":[],"none":[],"impact":null,"html":"<input name=\"keyword\" id=\"keyword\" value=\"Doctor\" class=\"nhsuk-input nhsuk-u--width-full\" type=\"search\" data-test=\"search-jobTitle-input\" aria-label=\"Search What? For example, job title or skills\">","target":["#keyword"]},{"any":[{"id":"aria-valid-attr","data":null,"relatedNodes":[],"impact":"critical","message":"ARIA attribute name is valid"}],"all":[],"none":[],"impact":null,"html":"<div id=\"location__status--A\" role=\"status\" aria-atomic=\"true\" aria-live=\"polite\"></div>","target":["#location__status--A"]},{"any":[{"id":"aria-valid-attr","data":null,"relatedNodes":[],"impact":"critical","message":"ARIA attribute name is valid"}],"all":[],"none":[],"impact":null,"html":"<div id=\"location__status--B\" role=\"status\" aria-atomic=\"true\" aria-live=\"polite\"></div>","target":["#location__status--B"]},{"any":[{"id":"aria-valid-attr","data":null,"relatedNodes":[],"impact":"critical","message":"ARIA attribute name is valid"}],"all":[],"none":[],"impact":null,"html":"<input aria-describedby=\"location__assistiveHint\" aria-expanded=\"false\" aria-controls=\"location__listbox\" aria-autocomplete=\"list\" autocomplete=\"off\" class=\"nhsuk-input nhsuk-u--width-full\" id=\"location\" name=\"location\" placeholder=\"\" type=\"search\" role=\"combobox\" data-test=\"search-location-input\" aria-label=\"Search Where? For example, a postcode, town or city, search text field\">","target":["#location"]},{"any":[{"id":"aria-valid-attr","data":null,"relatedNodes":[],"impact":"critical","message":"ARIA attribute name is valid"}],"all":[],"none":[],"impact":null,"html":"<summary class=\"nhsuk-details__summary\" role=\"button\" aria-controls=\"distance-details\" aria-expanded=\"false\" data-test=\"distance\">\n                <span class=\"nhsuk-details__summary-text\">\n                    Distance\n                </span>\n            </summary>","target":["summary[aria-controls=\"distance-details\"]"]},{"any":[{"id":"aria-valid-attr","data":null,"relatedNodes":[],"impact":"critical","message":"ARIA attribute name is valid"}],"all":[],"none":[],"impact":null,"html":"<div class=\"nhsuk-details__text\" id=\"distance_wrapper\" aria-hidden=\"false\">","target":["#distance_wrapper"]},{"any":[{"id":"aria-valid-attr","data":null,"relatedNodes":[],"impact":"critical","message":"ARIA attribute name is valid"}],"all":[],"none":[],"impact":null,"html":"<summary class=\"nhsuk-details__summary\" role=\"button\" aria-controls=\"covid-jobs-only\" aria-expanded=\"false\" data-test=\"filter-covid-only\">\n                <span class=\"nhsuk-details__summary-text\">\n                    COVID-19\n                </span>\n            </summary>","target":["summary[aria-controls=\"covid-jobs-only\"]"]},{"any":[{"id":"aria-valid-attr","data":null,"relatedNodes":[],"impact":"critical","message":"ARIA attribute name is valid"}],"all":[],"none":[],"impact":null,"html":"<summary id=\"working-patterns-expander\" class=\"nhsuk-details__summary \" role=\"button\" aria-controls=\"working-pattern-details\" aria-expanded=\"false\" data-test=\"filter-working-pattern\">","target":["#working-patterns-expander"]},{"any":[{"id":"aria-valid-attr","data":null,"relatedNodes":[],"impact":"critical","message":"ARIA attribute name is valid"}],"all":[],"none":[],"impact":null,"html":"<summary class=\"nhsuk-details__summary\" role=\"button\" aria-controls=\"contract-type-details\" aria-expanded=\"false\" data-test=\"filter-contract-type\">\n                <span class=\"nhsuk-details__summary-text\">Contract type</span>\n            </summary>","target":["summary[aria-controls=\"contract-type-details\"]"]},{"any":[{"id":"aria-valid-attr","data":null,"relatedNodes":[],"impact":"critical","message":"ARIA attribute name is valid"}],"all":[],"none":[],"impact":null,"html":"<summary class=\"nhsuk-details__summary\" role=\"button\" aria-controls=\"staff-group-details\" aria-expanded=\"false\" data-test=\"filter-staff-group\">\n                <span class=\"nhsuk-details__summary-text\">\n                    Staff group\n                </span>\n            </summary>","target":["summary[aria-controls=\"staff-group-details\"]"]},{"any":[{"id":"aria-valid-attr","data":null,"relatedNodes":[],"impact":"critical","message":"ARIA attribute name is valid"}],"all":[],"none":[],"impact":null,"html":"<summary class=\"nhsuk-details__summary\" role=\"button\" aria-controls=\"pay-range-details\" aria-expanded=\"false\" data-test=\"filter-pay-range\">\n                <span class=\"nhsuk-details__summary-text\">\n                    Pay range\n                </span>\n            </summary>","target":["summary[aria-controls=\"pay-range-details\"]"]},{"any":[{"id":"aria-valid-attr","data":null,"relatedNodes":[],"impact":"critical","message":"ARIA attribute name is valid"}],"all":[],"none":[],"impact":null,"html":"<summary class=\"nhsuk-details__summary\" role=\"button\" aria-controls=\"pay-band-details\" aria-expanded=\"false\" data-test=\"filter-pay-band\">","target":["summary[aria-controls=\"pay-band-details\"]"]},{"any":[{"id":"aria-valid-attr","data":null,"relatedNodes":[],"impact":"critical","message":"ARIA attribute name is valid"}],"all":[],"none":[],"impact":null,"html":"<a href=\"/candidate/search/save-job/E0123-25-0148\" data-test=\"search-result-save-job\" aria-label=\"Save this job: ENT Doctor (Reference number: E0123-25-0148)\">\n              Save this job\n            </a>","target":[".nhsuk-list-panel.search-result.nhsuk-u-padding-3:nth-child(1) > .nhsuk-grid-row:nth-child(1) > .save-job.nhsuk-u-margin-right-3 > a[data-test=\"search-result-save-job\"]"]},{"any":[{"id":"aria-valid-attr","data":null,"relatedNodes":[],"impact":"critical","message":"ARIA attribute name is valid"}],"all":[],"none":[],"impact":null,"html":"<a href=\"/candidate/search/save-job/E0123-25-0149\" data-test=\"search-result-save-job\" aria-label=\"Save this job: Dermatology Doctor (Reference number: E0123-25-0149)\">\n              Save this job\n            </a>","target":[".nhsuk-list-panel.search-result.nhsuk-u-padding-3:nth-child(2) > .nhsuk-grid-row:nth-child(1) > .save-job.nhsuk-u-margin-right-3 > a[data-test=\"search-result-save-job\"]"]},{"any":[{"id":"aria-valid-attr","data":null,"relatedNodes":[],"impact":"critical","message":"ARIA attribute name is valid"}],"all":[],"none":[],"impact":null,"html":"<a href=\"/candidate/search/save-job/C9165-25-02-014\" data-test=\"search-result-save-job\" aria-label=\"Save this job: Specialty Doctor in Anaesthetics (Reference number: C9165-25-02-014)\">\n              Save this job\n            </a>","target":[".nhsuk-list-panel.search-result.nhsuk-u-padding-3:nth-child(3) > .nhsuk-grid-row:nth-child(1) > .save-job.nhsuk-u-margin-right-3 > a[data-test=\"search-result-save-job\"]"]},{"any":[{"id":"aria-valid-attr","data":null,"relatedNodes":[],"impact":"critical","message":"ARIA attribute name is valid"}],"all":[],"none":[],"impact":null,"html":"<a href=\"/candidate/search/save-job/N0013-25-0006-112307\" data-test=\"search-result-save-job\" aria-label=\"Save this job: Senior Lecturer in Adult Nursing (Reference number: N0013-25-0006-112307)\">\n              Save this job\n            </a>","target":[".nhsuk-list-panel.search-result.nhsuk-u-padding-3:nth-child(4) > .nhsuk-grid-row:nth-child(1) > .save-job.nhsuk-u-margin-right-3 > a[data-test=\"search-result-save-job\"]"]},{"any":[{"id":"aria-valid-attr","data":null,"relatedNodes":[],"impact":"critical","message":"ARIA attribute name is valid"}],"all":[],"none":[],"impact":null,"html":"<a href=\"/candidate/search/save-job/C9190-25-0735\" data-test=\"search-result-save-job\" aria-label=\"Save this job: Nurse Consultant Critical Care (Reference number: C9190-25-0735)\">\n              Save this job\n            </a>","target":[".nhsuk-list-panel.search-result.nhsuk-u-padding-3:nth-child(5) > .nhsuk-grid-row:nth-child(1) > .save-job.nhsuk-u-margin-right-3 > a[data-test=\"search-result-save-job\"]"]},{"any":[{"id":"aria-valid-attr","data":null,"relatedNodes":[],"impact":"critical","message":"ARIA attribute name is valid"}],"all":[],"none":[],"impact":null,"html":"<a href=\"/candidate/search/save-job/N0013-25-0006-112267\" data-test=\"search-result-save-job\" aria-label=\"Save this job: Lecturer in Social Work (Reference number: N0013-25-0006-112267)\">\n              Save this job\n            </a>","target":[".nhsuk-list-panel.search-result.nhsuk-u-padding-3:nth-child(6) > .nhsuk-grid-row:nth-child(1) > .save-job.nhsuk-u-margin-right-3 > a[data-test=\"search-result-save-job\"]"]},{"any":[{"id":"aria-valid-attr","data":null,"relatedNodes":[],"impact":"critical","message":"ARIA attribute name is valid"}],"all":[],"none":[],"impact":null,"html":"<a href=\"/candidate/search/save-job/C9190-25-0682\" data-test=\"search-result-save-job\" aria-label=\"Save this job: Locum Consultant Haematologist interest in Haemostasis &amp; Thrombosis (Reference number: C9190-25-0682)\">\n              Save this job\n            </a>","target":[".nhsuk-list-panel.search-result.nhsuk-u-padding-3:nth-child(7) > .nhsuk-grid-row:nth-child(1) > .save-job.nhsuk-u-margin-right-3 > a[data-test=\"search-result-save-job\"]"]},{"any":[{"id":"aria-valid-attr","data":null,"relatedNodes":[],"impact":"critical","message":"ARIA attribute name is valid"}],"all":[],"none":[],"impact":null,"html":"<a href=\"/candidate/search/save-job/C9190-25-0716\" data-test=\"search-result-save-job\" aria-label=\"Save this job: Locum Consultant in Spinal Injuries (Reference number: C9190-25-0716)\">\n              Save this job\n            </a>","target":[".nhsuk-list-panel.search-result.nhsuk-u-padding-3:nth-child(8) > .nhsuk-grid-row:nth-child(1) > .save-job.nhsuk-u-margin-right-3 > a[data-test=\"search-result-save-job\"]"]},{"any":[{"id":"aria-valid-attr","data":null,"relatedNodes":[],"impact":"critical","message":"ARIA attribute name is valid"}],"all":[],"none":[],"impact":null,"html":"<a href=\"/candidate/search/save-job/C9190-25-0746\" data-test=\"search-result-save-job\" aria-label=\"Save this job: Specialist in Colorectal/General Surgery (Reference number: C9190-25-0746)\">\n              Save this job\n            </a>","target":[".nhsuk-list-panel.search-result.nhsuk-u-padding-3:nth-child(9) > .nhsuk-grid-row:nth-child(1) > .save-job.nhsuk-u-margin-right-3 > a[data-test=\"search-result-save-job\"]"]},{"any":[{"id":"aria-valid-attr","data":null,"relatedNodes":[],"impact":"critical","message":"ARIA attribute name is valid"}],"all":[],"none":[],"impact":null,"html":"<a href=\"/candidate/search/save-job/C9190-25-0690\" data-test=\"search-result-save-job\" aria-label=\"Save this job: LAS ST3+ in Hepatology (Reference number: C9190-25-0690)\">\n              Save this job\n            </a>","target":[".nhsuk-list-panel.search-result.nhsuk-u-padding-3:nth-child(10) > .nhsuk-grid-row:nth-child(1) > .save-job.nhsuk-u-margin-right-3 > a[data-test=\"search-result-save-job\"]"]},{"any":[{"id":"aria-valid-attr","data":null,"relatedNodes":[],"impact":"critical","message":"ARIA attribute name is valid"}],"all":[],"none":[],"impact":null,"html":"<nav class=\"nhsuk-pagination\" role=\"navigation\" aria-label=\"Pagination\">","target":[".nhsuk-pagination"]}]},{"id":"autocomplete-valid","impact":null,"tags":["cat.forms","wcag21aa","wcag135","ACT"],"description":"Ensure the autocomplete attribute is correct and suitable for the form field","help":"autocomplete attribute must be used correctly","helpUrl":"https://dequeuniversity.com/rules/axe/4.7/autocomplete-valid?application=axeAPI","nodes":[{"any":[],"all":[{"id":"autocomplete-valid","data":null,"relatedNodes":[],"impact":"serious","message":"the autocomplete attribute is correctly formatted"}],"none":[],"impact":null,"html":"<input aria-describedby=\"location__assistiveHint\" aria-expanded=\"false\" aria-controls=\"location__listbox\" aria-autocomplete=\"list\" autocomplete=\"off\" class=\"nhsuk-input nhsuk-u--width-full\" id=\"location\" name=\"location\" placeholder=\"\" type=\"search\" role=\"combobox\" data-test=\"search-location-input\" aria-label=\"Search Where? For example, a postcode, town or city, search text field\">","target":["#location"]}]},{"id":"avoid-inline-spacing","impact":null,"tags":["cat.structure","wcag21aa","wcag1412","ACT"],"description":"Ensure that text spacing set through style attributes can be adjusted with custom stylesheets","help":"Inline text spacing must be adjustable with custom stylesheets","helpUrl":"https://dequeuniversity.com/rules/axe/4.7/avoid-inline-spacing?application=axeAPI","nodes":[{"any":[],"all":[{"id":"important-letter-spacing","data":null,"relatedNodes":[],"impact":"serious","message":"Letter-spacing in the style attribute is not set to !important, or meets the minimum"},{"id":"important-word-spacing","data":null,"relatedNodes":[],"impact":"serious","message":"word-spacing in the style attribute is not set to !important, or meets the minimum"},{"id":"important-line-height","data":null,"relatedNodes":[],"impact":"serious","message":"line-height in the style attribute is not set to !important, or meets the minimum"}],"none":[],"impact":null,"html":"<html lang=\"en\" style=\"\">","target":["html"]},{"any":[],"all":[{"id":"important-letter-spacing","data":null,"relatedNodes":[],"impact":"serious","message":"Letter-spacing in the style attribute is not set to !important, or meets the minimum"},{"id":"important-word-spacing","data":null,"relatedNodes":[],"impact":"serious","message":"word-spacing in the style attribute is not set to !important, or meets the minimum"},{"id":"important-line-height","data":null,"relatedNodes":[],"impact":"serious","message":"line-height in the style attribute is not set to !important, or meets the minimum"}],"none":[],"impact":null,"html":"<a href=\"/candidate/dismiss-cookie-messages\" id=\"dismiss-cookie-messages\" aria-label=\"Dismiss information about cookie preferences\" style=\"float: right\">Hide</a>","target":["#dismiss-cookie-messages"]},{"any":[],"all":[{"id":"important-letter-spacing","data":null,"relatedNodes":[],"impact":"serious","message":"Letter-spacing in the style attribute is not set to !important, or meets the minimum"},{"id":"important-word-spacing","data":null,"relatedNodes":[],"impact":"serious","message":"word-spacing in the style attribute is not set to !important, or meets the minimum"},{"id":"important-line-height","data":null,"relatedNodes":[],"impact":"serious","message":"line-height in the style attribute is not set to !important, or meets the minimum"}],"none":[],"impact":null,"html":"<div class=\"nhsuk-grid-row\" style=\"padding-left: 1em;\">","target":["#searchFilterRibbon > .nhsuk-grid-row"]},{"any":[],"all":[{"id":"important-letter-spacing","data":null,"relatedNodes":[],"impact":"serious","message":"Letter-spacing in the style attribute is not set to !important, or meets the minimum"},{"id":"important-word-spacing","data":null,"relatedNodes":[],"impact":"serious","message":"word-spacing in the style attribute is not set to !important, or meets the minimum"},{"id":"important-line-height","data":null,"relatedNodes":[],"impact":"serious","message":"line-height in the style attribute is not set to !important, or meets the minimum"}],"none":[],"impact":null,"html":"<div class=\"nhsuk-grid-column-two-quarters\" style=\"padding-top: 30px;\">","target":[".nhsuk-grid-column-two-quarters"]},{"any":[],"all":[{"id":"important-letter-spacing","data":null,"relatedNodes":[],"impact":"serious","message":"Letter-spacing in the style attribute is not set to !important, or meets the minimum"},{"id":"important-word-spacing","data":null,"relatedNodes":[],"impact":"serious","message":"word-spacing in the style attribute is not set to !important, or meets the minimum"},{"id":"important-line-height","data":null,"relatedNodes":[],"impact":"serious","message":"line-height in the style attribute is not set to !important, or meets the minimum"}],"none":[],"impact":null,"html":"<div class=\"hide-label nhsuk-u-margin-bottom-3 search-sort-wrapper results-found\" style=\"display: flex; align-items: center;\">","target":[".hide-label"]},{"any":[],"all":[{"id":"important-letter-spacing","data":null,"relatedNodes":[],"impact":"serious","message":"Letter-spacing in the style attribute is not set to !important, or meets the minimum"},{"id":"important-word-spacing","data":null,"relatedNodes":[],"impact":"serious","message":"word-spacing in the style attribute is not set to !important, or meets the minimum"},{"id":"important-line-height","data":null,"relatedNodes":[],"impact":"serious","message":"line-height in the style attribute is not set to !important, or meets the minimum"}],"none":[],"impact":null,"html":"<div class=\"nhsuk-form-group nhsuk-grid-column-auto\" style=\"margin-left: auto;\">","target":[".nhsuk-grid-column-auto"]}]},{"id":"button-name","impact":null,"tags":["cat.name-role-value","wcag2a","wcag412","section508","section508.22.a","ACT","TTv5","TT6.a"],"description":"Ensures buttons have discernible text","help":"Buttons must have discernible text","helpUrl":"https://dequeuniversity.com/rules/axe/4.7/button-name?application=axeAPI","nodes":[{"any":[{"id":"button-has-visible-text","data":null,"relatedNodes":[],"impact":"critical","message":"Element has inner text that is visible to screen readers"}],"all":[],"none":[],"impact":null,"html":"<button class=\"nhsuk-button  nhsuk-u-padding-top-2 nhsuk-u-padding-bottom-2\" type=\"submit\" id=\"search\" data-test=\"search-button\">Search</button>","target":["#search"]}]},{"id":"bypass","impact":null,"tags":["cat.keyboard","wcag2a","wcag241","section508","section508.22.o","TTv5","TT9.a"],"description":"Ensures each page has at least one mechanism for a user to bypass navigation and jump straight to the content","help":"Page must have means to bypass repeated blocks","helpUrl":"https://dequeuniversity.com/rules/axe/4.7/bypass?application=axeAPI","nodes":[{"any":[{"id":"internal-link-present","data":null,"relatedNodes":[],"impact":"serious","message":"Valid skip link found"},{"id":"header-present","data":null,"relatedNodes":[{"html":"<h1 data-test=\"search-result-query\" id=\"search-results-heading\" class=\"nhsuk-heading-xl nhsuk-u-padding-left-4 nhsuk-u-margin-bottom-4\" aria-label=\"29 jobs found for Doctor within 5 miles of Sheffield. Sorted by: Best Match\">","target":["#search-results-heading"]},{"html":"<h2 class=\"nhsuk-heading-s\">Refine your search</h2>","target":[".nhsuk-heading-s"]},{"html":"<h3 class=\"nhsuk-heading-m\">\n    <a href=\"/candidate/search/save/alerts\" data-test=\"save-search\">Save this search</a>\n</h3>","target":[".hide-mobile > h3"]},{"html":"<h2 class=\"nhsuk-heading-m nhsuk-u-margin-bottom-2\" id=\"job-title-1\">","target":["#job-title-1"]},{"html":"<h3 class=\"nhsuk-u-font-weight-bold\">\n          CHEC\n          <div class=\"location-font-size\">\n            \n              Sheffield S9 1XH\n            \n          </div>\n        </h3>","target":[".nhsuk-list-panel.search-result.nhsuk-u-padding-3:nth-child(1) > .nhsuk-u-margin-bottom-4[data-test=\"search-result-location\"] > h3"]},{"html":"<h2 class=\"nhsuk-heading-m nhsuk-u-margin-bottom-2\" id=\"job-title-2\">","target":["#job-title-2"]},{"html":"<h3 class=\"nhsuk-u-font-weight-bold\">\n          CHEC\n          <div class=\"location-font-size\">\n            \n              Sheffield S9 1XH\n            \n          </div>\n        </h3>","target":[".nhsuk-list-panel.search-result.nhsuk-u-padding-3:nth-child(2) > .nhsuk-u-margin-bottom-4[data-test=\"search-result-location\"] > h3"]},{"html":"<h2 class=\"nhsuk-heading-m nhsuk-u-margin-bottom-2\" id=\"job-title-3\">","target":["#job-title-3"]},{"html":"<h3 class=\"nhsuk-u-font-weight-bold\">\n          The Rotherham NHS Foundation Trust\n          <div class=\"location-font-size\">\n            \n              Rotherham S60 2UD\n            \n          </div>\n        </h3>","target":[".nhsuk-list-panel.search-result.nhsuk-u-padding-3:nth-child(3) > .nhsuk-u-margin-bottom-4[data-test=\"search-result-location\"] > h3"]},{"html":"<h2 class=\"nhsuk-heading-m nhsuk-u-margin-bottom-2\" id=\"job-title-4\">","target":["#job-title-4"]},{"html":"<h3 class=\"nhsuk-u-font-weight-bold\">\n          Sheffield Hallam University\n          <div class=\"location-font-size\">\n            \n              Sheffield S10 2BP\n            \n          </div>\n        </h3>","target":[".nhsuk-list-panel.search-result.nhsuk-u-padding-3:nth-child(4) > .nhsuk-u-margin-bottom-4[data-test=\"search-result-location\"] > h3"]},{"html":"<h2 class=\"nhsuk-heading-m nhsuk-u-margin-bottom-2\" id=\"job-title-5\">","target":["#job-title-5"]},{"html":"<h3 class=\"nhsuk-u-font-weight-bold\">\n          Sheffield Teaching Hospitals NHS Foundation Trust\n          <div class=\"location-font-size\">\n            \n              Sheffield S5 7AU\n            \n          </div>\n        </h3>","target":[".nhsuk-list-panel.search-result.nhsuk-u-padding-3:nth-child(5) > .nhsuk-u-margin-bottom-4[data-test=\"search-result-location\"] > h3"]},{"html":"<h2 class=\"nhsuk-heading-m nhsuk-u-margin-bottom-2\" id=\"job-title-6\">","target":["#job-title-6"]},{"html":"<h3 class=\"nhsuk-u-font-weight-bold\">\n          Sheffield Hallam University\n          <div class=\"location-font-size\">\n            \n              Sheffield S10 2BP\n            \n          </div>\n        </h3>","target":[".nhsuk-list-panel.search-result.nhsuk-u-padding-3:nth-child(6) > .nhsuk-u-margin-bottom-4[data-test=\"search-result-location\"] > h3"]},{"html":"<h2 class=\"nhsuk-heading-m nhsuk-u-margin-bottom-2\" id=\"job-title-7\">","target":["#job-title-7"]},{"html":"<h3 class=\"nhsuk-u-font-weight-bold\">\n          Sheffield Teaching Hospitals NHS Foundation Trust\n          <div class=\"location-font-size\">\n            \n              Sheffield S10 2JF\n            \n          </div>\n        </h3>","target":[".nhsuk-list-panel.search-result.nhsuk-u-padding-3:nth-child(7) > .nhsuk-u-margin-bottom-4[data-test=\"search-result-location\"] > h3"]},{"html":"<h2 class=\"nhsuk-heading-m nhsuk-u-margin-bottom-2\" id=\"job-title-8\">","target":["#job-title-8"]},{"html":"<h3 class=\"nhsuk-u-font-weight-bold\">\n          Sheffield Teaching Hospitals NHS Foundation Trust\n          <div class=\"location-font-size\">\n            \n              Sheffield S5 7AU\n            \n          </div>\n        </h3>","target":[".nhsuk-list-panel.search-result.nhsuk-u-padding-3:nth-child(8) > .nhsuk-u-margin-bottom-4[data-test=\"search-result-location\"] > h3"]},{"html":"<h2 class=\"nhsuk-heading-m nhsuk-u-margin-bottom-2\" id=\"job-title-9\">","target":["#job-title-9"]},{"html":"<h3 class=\"nhsuk-u-font-weight-bold\">\n          Sheffield Teaching Hospitals NHS Foundation Trust\n          <div class=\"location-font-size\">\n            \n              Sheffield S10 2JF\n            \n          </div>\n        </h3>","target":[".nhsuk-list-panel.search-result.nhsuk-u-padding-3:nth-child(9) > .nhsuk-u-margin-bottom-4[data-test=\"search-result-location\"] > h3"]},{"html":"<h2 class=\"nhsuk-heading-m nhsuk-u-margin-bottom-2\" id=\"job-title-10\">","target":["#job-title-10"]},{"html":"<h3 class=\"nhsuk-u-font-weight-bold\">\n          Sheffield Teaching Hospitals NHS Foundation Trust\n          <div class=\"location-font-size\">\n            \n              Sheffield S5 7AU\n            \n          </div>\n        </h3>","target":[".nhsuk-list-panel.search-result.nhsuk-u-padding-3:nth-child(10) > .nhsuk-u-margin-bottom-4[data-test=\"search-result-location\"] > h3"]},{"html":"<h2 class=\"nhsuk-u-visually-hidden\">Support links</h2>","target":[".nhsuk-width-container > .nhsuk-u-visually-hidden"]}],"impact":"serious","message":"Page has a heading"},{"id":"landmark","data":null,"relatedNodes":[{"html":"<main class=\"nhsuk-main-wrapper \" id=\"maincontent\" role=\"main\">","target":["#maincontent"]}],"impact":"serious","message":"Page has a landmark region"}],"all":[],"none":[],"impact":null,"html":"<html lang=\"en\" style=\"\">","target":["html"]}]},{"id":"color-contrast","impact":null,"tags":["cat.color","wcag2aa","wcag143","ACT","TTv5","TT13.c"],"description":"Ensures the contrast between foreground and background colors meets WCAG 2 AA minimum contrast ratio thresholds","help":"Elements must meet minimum color contrast ratio thresholds","helpUrl":"https://dequeuniversity.com/rules/axe/4.7/color-contrast?application=axeAPI","nodes":[{"any":[{"id":"color-contrast","data":{"fgColor":"#212b32","bgColor":"#ffffff","contrastRatio":14.42,"fontSize":"12.0pt (16px)","fontWeight":"normal","expectedContrastRatio":"4.5:1"},"relatedNodes":[],"impact":"serious","message":"Element has sufficient color contrast of 14.42"}],"all":[],"none":[],"impact":null,"html":"<span id=\"accepted-cookies-message\">You’ve accepted analytics cookies. You can \n      <a href=\"/candidate/cookies\" id=\"change-cookies-settings\" aria-label=\"Go to the cookie information page\">change your cookie settings</a> at any time.</span>","target":["#accepted-cookies-message"]},{"any":[{"id":"color-contrast","data":{"fgColor":"#005eb8","bgColor":"#ffffff","contrastRatio":6.37,"fontSize":"12.0pt (16px)","fontWeight":"normal","expectedContrastRatio":"4.5:1"},"relatedNodes":[],"impact":"serious","message":"Element has sufficient color contrast of 6.37"}],"all":[],"none":[],"impact":null,"html":"<a href=\"/candidate/cookies\" id=\"change-cookies-settings\" aria-label=\"Go to the cookie information page\">change your cookie settings</a>","target":["#change-cookies-settings"]},{"any":[{"id":"color-contrast","data":{"fgColor":"#005eb8","bgColor":"#ffffff","contrastRatio":6.37,"fontSize":"12.0pt (16px)","fontWeight":"normal","expectedContrastRatio":"4.5:1"},"relatedNodes":[],"impact":"serious","message":"Element has sufficient color contrast of 6.37"}],"all":[],"none":[],"impact":null,"html":"<a href=\"/candidate/dismiss-cookie-messages\" id=\"dismiss-cookie-messages\" aria-label=\"Dismiss information about cookie preferences\" style=\"float: right\">Hide</a>","target":["#dismiss-cookie-messages"]},{"any":[{"id":"color-contrast","data":{"fgColor":"#ffffff","bgColor":"#005eb8","contrastRatio":6.37,"fontSize":"14.3pt (19px)","fontWeight":"normal","expectedContrastRatio":"4.5:1"},"relatedNodes":[],"impact":"serious","message":"Element has sufficient color contrast of 6.37"}],"all":[],"none":[],"impact":null,"html":"<div class=\"nhsuk-header__service-name\">Jobs</div>","target":[".nhsuk-header__service-name"]},{"any":[{"id":"color-contrast","data":{"fgColor":"#ffffff","bgColor":"#005eb8","contrastRatio":6.37,"fontSize":"14.3pt (19px)","fontWeight":"normal","expectedContrastRatio":"4.5:1"},"relatedNodes":[],"impact":"serious","message":"Element has sufficient color contrast of 6.37"}],"all":[],"none":[],"impact":null,"html":"<a class=\"sign-in-link\" id=\"candidate_sign_in\" href=\"/candidate/auth/login\">\n        Sign in\n      </a>","target":["#candidate_sign_in"]},{"any":[{"id":"color-contrast","data":{"fgColor":"#ffffff","bgColor":"#005eb8","contrastRatio":6.37,"fontSize":"14.3pt (19px)","fontWeight":"normal","expectedContrastRatio":"4.5:1"},"relatedNodes":[],"impact":"serious","message":"Element has sufficient color contrast of 6.37"}],"all":[],"none":[],"impact":null,"html":"<a href=\"/candidate/auth/register/first-last-name\" class=\"sign-in-link\" data-test=\"header-create-account\">Create an account</a>","target":[".sign-in-link[data-test=\"header-create-account\"]"]},{"any":[{"id":"color-contrast","data":{"fgColor":"#ffffff","bgColor":"#005eb8","contrastRatio":6.37,"fontSize":"14.3pt (19px)","fontWeight":"normal","expectedContrastRatio":"4.5:1"},"relatedNodes":[],"impact":"serious","message":"Element has sufficient color contrast of 6.37"}],"all":[],"none":[],"impact":null,"html":"<a lang=\"en\" href=\"/candidate/search/locale/en\" class=\"language-toggle-selected\" data-test=\"english-language-link\">English</a>","target":[".language-toggle-selected"]},{"any":[{"id":"color-contrast","data":{"fgColor":"#ffffff","bgColor":"#005eb8","contrastRatio":6.37,"fontSize":"14.3pt (19px)","fontWeight":"normal","expectedContrastRatio":"4.5:1"},"relatedNodes":[],"impact":"serious","message":"Element has sufficient color contrast of 6.37"}],"all":[],"none":[],"impact":null,"html":"<a lang=\"cy\" href=\"/candidate/search/locale/cy\" class=\"language-toggle\" data-test=\"welsh-language-link\">Cymraeg</a>","target":[".language-toggle"]},{"any":[{"id":"color-contrast","data":{"fgColor":"#ffffff","bgColor":"#005eb8","contrastRatio":6.37,"fontSize":"12.0pt (16px)","fontWeight":"normal","expectedContrastRatio":"4.5:1"},"relatedNodes":[],"impact":"serious","message":"Element has sufficient color contrast of 6.37"}],"all":[],"none":[],"impact":null,"html":"<a class=\"nhsuk-header__navigation-link\" href=\"/candidate/search\">","target":["a[href$=\"search\"]"]},{"any":[{"id":"color-contrast","data":{"fgColor":"#ffffff","bgColor":"#005eb8","contrastRatio":6.37,"fontSize":"15.0pt (20px)","fontWeight":"bold","expectedContrastRatio":"3:1"},"relatedNodes":[],"impact":"serious","message":"Element has sufficient color contrast of 6.37"}],"all":[],"none":[],"impact":null,"html":"<strong class=\"status-box status-box-blue\">BETA</strong>","target":[".status-box"]},{"any":[{"id":"color-contrast","data":{"fgColor":"#212b32","bgColor":"#ffffff","contrastRatio":14.42,"fontSize":"12.0pt (16px)","fontWeight":"normal","expectedContrastRatio":"4.5:1"},"relatedNodes":[],"impact":"serious","message":"Element has sufficient color contrast of 14.42"}],"all":[],"none":[],"impact":null,"html":"<span>Your\n            <a href=\"mailto:nhsbsa.nhsjobs@nhsbsa.nhs.uk?subject=How could we improve NHS Jobs service?\">feedback</a>\n            will help us to improve this service.</span>","target":[".beta-banner > .nhsuk-width-container > span"]},{"any":[{"id":"color-contrast","data":{"fgColor":"#005eb8","bgColor":"#ffffff","contrastRatio":6.37,"fontSize":"12.0pt (16px)","fontWeight":"normal","expectedContrastRatio":"4.5:1"},"relatedNodes":[],"impact":"serious","message":"Element has sufficient color contrast of 6.37"}],"all":[],"none":[],"impact":null,"html":"<a href=\"mailto:nhsbsa.nhsjobs@nhsbsa.nhs.uk?subject=How could we improve NHS Jobs service?\">feedback</a>","target":[".beta-banner > .nhsuk-width-container > span > a"]},{"any":[{"id":"color-contrast","data":{"fgColor":"#ffffff","bgColor":"#005eb8","contrastRatio":6.37,"fontSize":"36.0pt (48px)","fontWeight":"normal","expectedContrastRatio":"3:1"},"relatedNodes":[],"impact":"serious","message":"Element has sufficient color contrast of 6.37"}],"all":[],"none":[],"impact":null,"html":"<h1 data-test=\"search-result-query\" id=\"search-results-heading\" class=\"nhsuk-heading-xl nhsuk-u-padding-left-4 nhsuk-u-margin-bottom-4\" aria-label=\"29 jobs found for Doctor within 5 miles of Sheffield. Sorted by: Best Match\">","target":["#search-results-heading"]},{"any":[{"id":"color-contrast","data":{"fgColor":"#ffffff","bgColor":"#005eb8","contrastRatio":6.37,"fontSize":"14.3pt (19px)","fontWeight":"normal","expectedContrastRatio":"4.5:1"},"relatedNodes":[],"impact":"serious","message":"Element has sufficient color contrast of 6.37"}],"all":[],"none":[],"impact":null,"html":"<label class=\"nhsuk-label nhsuk-u-font-weight-bold white-text\" for=\"keyword\">What?</label>","target":["label[for=\"keyword\"]"]},{"any":[{"id":"color-contrast","data":{"fgColor":"#ffffff","bgColor":"#005eb8","contrastRatio":6.37,"fontSize":"12.0pt (16px)","fontWeight":"normal","expectedContrastRatio":"4.5:1"},"relatedNodes":[],"impact":"serious","message":"Element has sufficient color contrast of 6.37"}],"all":[],"none":[],"impact":null,"html":"<div class=\"nhsuk-u-font-size-16 nhsuk-hint-white\">For example, job title or skills</div>","target":["fieldset:nth-child(4) > .nhsuk-grid-column-one-half:nth-child(2) > .nhsuk-hero.nhsuk-form-group > .nhsuk-u-font-size-16.nhsuk-hint-white"]},{"any":[{"id":"color-contrast","data":{"fgColor":"#000000","bgColor":"#ffffff","contrastRatio":21,"fontSize":"14.3pt (19px)","fontWeight":"normal","expectedContrastRatio":"4.5:1"},"relatedNodes":[],"impact":"serious","message":"Element has sufficient color contrast of 21"}],"all":[],"none":[],"impact":null,"html":"<input name=\"keyword\" id=\"keyword\" value=\"Doctor\" class=\"nhsuk-input nhsuk-u--width-full\" type=\"search\" data-test=\"search-jobTitle-input\" aria-label=\"Search What? For example, job title or skills\">","target":["#keyword"]},{"any":[{"id":"color-contrast","data":{"fgColor":"#ffffff","bgColor":"#005eb8","contrastRatio":6.37,"fontSize":"14.3pt (19px)","fontWeight":"normal","expectedContrastRatio":"4.5:1"},"relatedNodes":[],"impact":"serious","message":"Element has sufficient color contrast of 6.37"}],"all":[],"none":[],"impact":null,"html":"<label class=\"nhsuk-label nhsuk-u-font-weight-bold white-text\" for=\"location\">Where?</label>","target":["label[for=\"location\"]"]},{"any":[{"id":"color-contrast","data":{"fgColor":"#ffffff","bgColor":"#005eb8","contrastRatio":6.37,"fontSize":"12.0pt (16px)","fontWeight":"normal","expectedContrastRatio":"4.5:1"},"relatedNodes":[],"impact":"serious","message":"Element has sufficient color contrast of 6.37"}],"all":[],"none":[],"impact":null,"html":"<div class=\"nhsuk-u-font-size-16 nhsuk-hint-white\">For example, a postcode, town or city</div>","target":["fieldset:nth-child(4) > .nhsuk-grid-column-one-half:nth-child(3) > .nhsuk-hero.nhsuk-form-group > .nhsuk-u-font-size-16.nhsuk-hint-white"]},{"any":[{"id":"color-contrast","data":{"fgColor":"#000000","bgColor":"#ffffff","contrastRatio":21,"fontSize":"14.3pt (19px)","fontWeight":"normal","expectedContrastRatio":"4.5:1"},"relatedNodes":[],"impact":"serious","message":"Element has sufficient color contrast of 21"}],"all":[],"none":[],"impact":null,"html":"<input aria-describedby=\"location__assistiveHint\" aria-expanded=\"false\" aria-controls=\"location__listbox\" aria-autocomplete=\"list\" autocomplete=\"off\" class=\"nhsuk-input nhsuk-u--width-full\" id=\"location\" name=\"location\" placeholder=\"\" type=\"search\" role=\"combobox\" data-test=\"search-location-input\" aria-label=\"Search Where? For example, a postcode, town or city, search text field\">","target":["#location"]},{"any":[{"id":"color-contrast","data":{"messageKey":"hidden"},"relatedNodes":[],"impact":"serious","message":"Element is hidden"}],"all":[],"none":[],"impact":null,"html":"<input name=\"jobReference\" id=\"jobReference\" value=\"\" class=\"nhsuk-input nhsuk-u--width-full\" type=\"search\" data-test=\"search-jobReference-input\" aria-label=\"Search Job reference, e.g. C0987-23-1234 / 914-JOBREF-a\">","target":["#jobReference"]},{"any":[{"id":"color-contrast","data":{"messageKey":"hidden"},"relatedNodes":[],"impact":"serious","message":"Element is hidden"}],"all":[],"none":[],"impact":null,"html":"<input name=\"employer\" id=\"employer\" value=\"\" class=\"nhsuk-input nhsuk-u--width-full\" type=\"search\" data-test=\"search-employer-input\" aria-label=\"Search Employer, e.g. NHS Business Services Authority\">","target":["#employer"]},{"any":[{"id":"color-contrast","data":{"fgColor":"#ffffff","bgColor":"#005eb8","contrastRatio":6.37,"fontSize":"12.0pt (16px)","fontWeight":"normal","expectedContrastRatio":"4.5:1"},"relatedNodes":[],"impact":"serious","message":"Element has sufficient color contrast of 6.37"}],"all":[],"none":[],"impact":null,"html":"<a href=\"javascript:void(0)\" id=\"searchOptionsBtn\" class=\"nhsuk-u-font-weight-bold white-text\">\n                  \n                  More search options\n                  \n                  </a>","target":["#searchOptionsBtn"]},{"any":[{"id":"color-contrast","data":{"fgColor":"#ffffff","bgColor":"#007f3b","contrastRatio":5.12,"fontSize":"14.3pt (19px)","fontWeight":"normal","expectedContrastRatio":"4.5:1"},"relatedNodes":[],"impact":"serious","message":"Element has sufficient color contrast of 5.12"}],"all":[],"none":[],"impact":null,"html":"<button class=\"nhsuk-button  nhsuk-u-padding-top-2 nhsuk-u-padding-bottom-2\" type=\"submit\" id=\"search\" data-test=\"search-button\">Search</button>","target":["#search"]},{"any":[{"id":"color-contrast","data":{"fgColor":"#212b32","bgColor":"#f0f4f5","contrastRatio":13.02,"fontSize":"16.5pt (22px)","fontWeight":"normal","expectedContrastRatio":"4.5:1"},"relatedNodes":[],"impact":"serious","message":"Element has sufficient color contrast of 13.02"}],"all":[],"none":[],"impact":null,"html":"<h2 class=\"nhsuk-heading-s\">Refine your search</h2>","target":[".nhsuk-heading-s"]},{"any":[{"id":"color-contrast","data":{"fgColor":"#005eb8","bgColor":"#ffffff","contrastRatio":6.37,"fontSize":"14.3pt (19px)","fontWeight":"normal","expectedContrastRatio":"4.5:1"},"relatedNodes":[],"impact":"serious","message":"Element has sufficient color contrast of 6.37"}],"all":[],"none":[],"impact":null,"html":"<span class=\"nhsuk-details__summary-text\">\n                    Distance\n                </span>","target":["summary[aria-controls=\"distance-details\"] > .nhsuk-details__summary-text"]},{"any":[{"id":"color-contrast","data":{"fgColor":"#000000","bgColor":"#e9e9ed","contrastRatio":17.34,"fontSize":"14.3pt (19px)","fontWeight":"normal","expectedContrastRatio":"4.5:1"},"relatedNodes":[],"impact":"serious","message":"Element has sufficient color contrast of 17.34"}],"all":[],"none":[],"impact":null,"html":"<select class=\"nhsuk-select\" id=\"distance\" name=\"distance\" data-test=\"search-distance-input\">","target":["#distance"]},{"any":[{"id":"color-contrast","data":{"fgColor":"#005eb8","bgColor":"#ffffff","contrastRatio":6.37,"fontSize":"14.3pt (19px)","fontWeight":"normal","expectedContrastRatio":"4.5:1"},"relatedNodes":[],"impact":"serious","message":"Element has sufficient color contrast of 6.37"}],"all":[],"none":[],"impact":null,"html":"<span class=\"nhsuk-details__summary-text\">\n                    COVID-19\n                </span>","target":["summary[aria-controls=\"covid-jobs-only\"] > .nhsuk-details__summary-text"]},{"any":[{"id":"color-contrast","data":{"fgColor":"#005eb8","bgColor":"#ffffff","contrastRatio":6.37,"fontSize":"14.3pt (19px)","fontWeight":"normal","expectedContrastRatio":"4.5:1"},"relatedNodes":[],"impact":"serious","message":"Element has sufficient color contrast of 6.37"}],"all":[],"none":[],"impact":null,"html":"<span class=\"nhsuk-details__summary-text\">\n                    Working pattern\n                </span>","target":["#working-patterns-expander > .nhsuk-details__summary-text"]},{"any":[{"id":"color-contrast","data":{"fgColor":"#005eb8","bgColor":"#ffffff","contrastRatio":6.37,"fontSize":"14.3pt (19px)","fontWeight":"normal","expectedContrastRatio":"4.5:1"},"relatedNodes":[],"impact":"serious","message":"Element has sufficient color contrast of 6.37"}],"all":[],"none":[],"impact":null,"html":"<span class=\"nhsuk-details__summary-text\">Contract type</span>","target":["summary[aria-controls=\"contract-type-details\"] > .nhsuk-details__summary-text"]},{"any":[{"id":"color-contrast","data":{"fgColor":"#005eb8","bgColor":"#ffffff","contrastRatio":6.37,"fontSize":"14.3pt (19px)","fontWeight":"normal","expectedContrastRatio":"4.5:1"},"relatedNodes":[],"impact":"serious","message":"Element has sufficient color contrast of 6.37"}],"all":[],"none":[],"impact":null,"html":"<span class=\"nhsuk-details__summary-text\">\n                    Staff group\n                </span>","target":["summary[aria-controls=\"staff-group-details\"] > .nhsuk-details__summary-text"]},{"any":[{"id":"color-contrast","data":{"fgColor":"#005eb8","bgColor":"#ffffff","contrastRatio":6.37,"fontSize":"14.3pt (19px)","fontWeight":"normal","expectedContrastRatio":"4.5:1"},"relatedNodes":[],"impact":"serious","message":"Element has sufficient color contrast of 6.37"}],"all":[],"none":[],"impact":null,"html":"<span class=\"nhsuk-details__summary-text\">\n                    Pay range\n                </span>","target":["summary[aria-controls=\"pay-range-details\"] > .nhsuk-details__summary-text"]},{"any":[{"id":"color-contrast","data":{"fgColor":"#005eb8","bgColor":"#ffffff","contrastRatio":6.37,"fontSize":"14.3pt (19px)","fontWeight":"normal","expectedContrastRatio":"4.5:1"},"relatedNodes":[],"impact":"serious","message":"Element has sufficient color contrast of 6.37"}],"all":[],"none":[],"impact":null,"html":"<span class=\"vsm-payband nhsuk-details__summary-text\">\n                    NHS pay grades and schemes\n                </span>","target":[".vsm-payband"]},{"any":[{"id":"color-contrast","data":{"fgColor":"#ffffff","bgColor":"#007f3b","contrastRatio":5.12,"fontSize":"14.3pt (19px)","fontWeight":"normal","expectedContrastRatio":"4.5:1"},"relatedNodes":[],"impact":"serious","message":"Element has sufficient color contrast of 5.12"}],"all":[],"none":[],"impact":null,"html":"<input class=\"nhsuk-button nhsuk-button--primary\" type=\"submit\" id=\"refine-search\" value=\"Apply filters\" data-test=\"refine-search-button\">","target":["#refine-search"]},{"any":[{"id":"color-contrast","data":{"fgColor":"#005eb8","bgColor":"#f0f4f5","contrastRatio":5.75,"fontSize":"14.3pt (19px)","fontWeight":"normal","expectedContrastRatio":"4.5:1"},"relatedNodes":[],"impact":"serious","message":"Element has sufficient color contrast of 5.75"}],"all":[],"none":[],"impact":null,"html":"<a href=\"/candidate/search/results?keyword=Doctor&amp;location=Sheffield\" data-test=\"filter-clear\">Clear filters\n        </a>","target":["a[data-test=\"filter-clear\"]"]},{"any":[{"id":"color-contrast","data":{"fgColor":"#005eb8","bgColor":"#f0f4f5","contrastRatio":5.75,"fontSize":"18.0pt (24px)","fontWeight":"normal","expectedContrastRatio":"3:1"},"relatedNodes":[],"impact":"serious","message":"Element has sufficient color contrast of 5.75"}],"all":[],"none":[],"impact":null,"html":"<a href=\"/candidate/search/save/alerts\" data-test=\"save-search\">Save this search</a>","target":[".hide-mobile > h3 > a[data-test=\"save-search\"][href$=\"alerts\"]"]},{"any":[{"id":"color-contrast","data":{"fgColor":"#212b32","bgColor":"#f0f4f5","contrastRatio":13.02,"fontSize":"14.3pt (19px)","fontWeight":"normal","expectedContrastRatio":"4.5:1"},"relatedNodes":[],"impact":"serious","message":"Element has sufficient color contrast of 13.02"}],"all":[],"none":[],"impact":null,"html":"<p class=\"nhsuk-body\">You’ll also be able to set up job alert emails for your saved search.</p>","target":[".hide-mobile > .nhsuk-body"]},{"any":[{"id":"color-contrast","data":{"fgColor":"#212b32","bgColor":"#f0f4f5","contrastRatio":13.02,"fontSize":"14.3pt (19px)","fontWeight":"normal","expectedContrastRatio":"4.5:1"},"relatedNodes":[],"impact":"serious","message":"Element has sufficient color contrast of 13.02"}],"all":[],"none":[],"impact":null,"html":"<label class=\"nhsuk-label nhsuk-inline-label\" for=\"sort\">Sort by</label>","target":[".nhsuk-inline-label"]},{"any":[{"id":"color-contrast","data":{"fgColor":"#000000","bgColor":"#e9e9ed","contrastRatio":17.34,"fontSize":"14.3pt (19px)","fontWeight":"normal","expectedContrastRatio":"4.5:1"},"relatedNodes":[],"impact":"serious","message":"Element has sufficient color contrast of 17.34"}],"all":[],"none":[],"impact":null,"html":"<select class=\"nhsuk-select nhsuk-inline-select\" id=\"sort\" name=\"sort\" data-test=\"sort-input\" value=\"\" onchange=\"sortform.submit()\">","target":["#sort"]},{"any":[{"id":"color-contrast","data":{"fgColor":"#005eb8","bgColor":"#f0f4f5","contrastRatio":5.75,"fontSize":"14.3pt (19px)","fontWeight":"normal","expectedContrastRatio":"4.5:1"},"relatedNodes":[],"impact":"serious","message":"Element has sufficient color contrast of 5.75"}],"all":[],"none":[],"impact":null,"html":"<span>Create job alert</span>","target":["#create-job-alert > span"]},{"any":[{"id":"color-contrast","data":{"fgColor":"#005eb8","bgColor":"#f0f4f5","contrastRatio":5.75,"fontSize":"18.0pt (24px)","fontWeight":"normal","expectedContrastRatio":"3:1"},"relatedNodes":[],"impact":"serious","message":"Element has sufficient color contrast of 5.75"}],"all":[],"none":[],"impact":null,"html":"<a href=\"/candidate/jobadvert/E0123-25-0148?keyword=Doctor&amp;location=Sheffield&amp;distance=5&amp;language=en\" id=\"first-result-title\" data-test=\"search-result-job-title\">\n              ENT Doctor\n            </a>","target":["#first-result-title"]},{"any":[{"id":"color-contrast","data":{"fgColor":"#005eb8","bgColor":"#f0f4f5","contrastRatio":5.75,"fontSize":"14.3pt (19px)","fontWeight":"normal","expectedContrastRatio":"4.5:1"},"relatedNodes":[],"impact":"serious","message":"Element has sufficient color contrast of 5.75"}],"all":[],"none":[],"impact":null,"html":"<a href=\"/candidate/search/save-job/E0123-25-0148\" data-test=\"search-result-save-job\" aria-label=\"Save this job: ENT Doctor (Reference number: E0123-25-0148)\">\n              Save this job\n            </a>","target":[".nhsuk-list-panel.search-result.nhsuk-u-padding-3:nth-child(1) > .nhsuk-grid-row:nth-child(1) > .save-job.nhsuk-u-margin-right-3 > a[data-test=\"search-result-save-job\"]"]},{"any":[{"id":"color-contrast","data":{"fgColor":"#212b32","bgColor":"#f0f4f5","contrastRatio":13.02,"fontSize":"18.0pt (24px)","fontWeight":"normal","expectedContrastRatio":"3:1"},"relatedNodes":[],"impact":"serious","message":"Element has sufficient color contrast of 13.02"}],"all":[],"none":[],"impact":null,"html":"<h3 class=\"nhsuk-u-font-weight-bold\">\n          CHEC\n          <div class=\"location-font-size\">\n            \n              Sheffield S9 1XH\n            \n          </div>\n        </h3>","target":[".nhsuk-list-panel.search-result.nhsuk-u-padding-3:nth-child(1) > .nhsuk-u-margin-bottom-4[data-test=\"search-result-location\"] > h3"]},{"any":[{"id":"color-contrast","data":{"fgColor":"#212b32","bgColor":"#f0f4f5","contrastRatio":13.02,"fontSize":"12.0pt (16px)","fontWeight":"normal","expectedContrastRatio":"4.5:1"},"relatedNodes":[],"impact":"serious","message":"Element has sufficient color contrast of 13.02"}],"all":[],"none":[],"impact":null,"html":"<div class=\"location-font-size\">\n            \n              Sheffield S9 1XH\n            \n          </div>","target":[".nhsuk-list-panel.search-result.nhsuk-u-padding-3:nth-child(1) > .nhsuk-u-margin-bottom-4[data-test=\"search-result-location\"] > h3 > .location-font-size"]},{"any":[{"id":"color-contrast","data":{"fgColor":"#212b32","bgColor":"#f0f4f5","contrastRatio":13.02,"fontSize":"14.3pt (19px)","fontWeight":"normal","expectedContrastRatio":"4.5:1"},"relatedNodes":[],"impact":"serious","message":"Element has sufficient color contrast of 13.02"}],"all":[],"none":[],"impact":null,"html":"<li data-test=\"search-result-salary\" class=\"marginBt\">\n                Salary: \n                <strong class=\"nhsuk-u-font-weight-bold\">\n                  £550\n                  \n                    a session\n                  \n                </strong>\n              </li>","target":[".nhsuk-list-panel.search-result.nhsuk-u-padding-3:nth-child(1) > .nhsuk-grid-row:nth-child(3) > .nhsuk-grid-column-one-half:nth-child(1) > .first-ad-job-info.ad-job-info.nhsuk-list > .marginBt[data-test=\"search-result-salary\"]"]},{"any":[{"id":"color-contrast","data":{"fgColor":"#212b32","bgColor":"#f0f4f5","contrastRatio":13.02,"fontSize":"14.3pt (19px)","fontWeight":"normal","expectedContrastRatio":"4.5:1"},"relatedNodes":[],"impact":"serious","message":"Element has sufficient color contrast of 13.02"}],"all":[],"none":[],"impact":null,"html":"<strong class=\"nhsuk-u-font-weight-bold\">\n                  £550\n                  \n                    a session\n                  \n                </strong>","target":[".nhsuk-list-panel.search-result.nhsuk-u-padding-3:nth-child(1) > .nhsuk-grid-row:nth-child(3) > .nhsuk-grid-column-one-half:nth-child(1) > .first-ad-job-info.ad-job-info.nhsuk-list > .marginBt[data-test=\"search-result-salary\"] > strong"]},{"any":[{"id":"color-contrast","data":{"fgColor":"#212b32","bgColor":"#f0f4f5","contrastRatio":13.02,"fontSize":"14.3pt (19px)","fontWeight":"normal","expectedContrastRatio":"4.5:1"},"relatedNodes":[],"impact":"serious","message":"Element has sufficient color contrast of 13.02"}],"all":[],"none":[],"impact":null,"html":"<li data-test=\"search-result-distance\" class=\"marginBt\">\n                Distance: \n                <strong class=\"nhsuk-u-font-weight-bold\">\n                  2.9 miles\n                </strong>\n              </li>","target":[".nhsuk-list-panel.search-result.nhsuk-u-padding-3:nth-child(1) > .nhsuk-grid-row:nth-child(3) > .nhsuk-grid-column-one-half:nth-child(1) > .first-ad-job-info.ad-job-info.nhsuk-list > .marginBt[data-test=\"search-result-distance\"]"]},{"any":[{"id":"color-contrast","data":{"fgColor":"#212b32","bgColor":"#f0f4f5","contrastRatio":13.02,"fontSize":"14.3pt (19px)","fontWeight":"normal","expectedContrastRatio":"4.5:1"},"relatedNodes":[],"impact":"serious","message":"Element has sufficient color contrast of 13.02"}],"all":[],"none":[],"impact":null,"html":"<strong class=\"nhsuk-u-font-weight-bold\">\n                  2.9 miles\n                </strong>","target":[".nhsuk-list-panel.search-result.nhsuk-u-padding-3:nth-child(1) > .nhsuk-grid-row:nth-child(3) > .nhsuk-grid-column-one-half:nth-child(1) > .first-ad-job-info.ad-job-info.nhsuk-list > .marginBt[data-test=\"search-result-distance\"] > strong"]},{"any":[{"id":"color-contrast","data":{"fgColor":"#212b32","bgColor":"#f0f4f5","contrastRatio":13.02,"fontSize":"14.3pt (19px)","fontWeight":"normal","expectedContrastRatio":"4.5:1"},"relatedNodes":[],"impact":"serious","message":"Element has sufficient color contrast of 13.02"}],"all":[],"none":[],"impact":null,"html":"<li data-test=\"search-result-publicationDate\">\n                Date posted: \n                <strong class=\"nhsuk-u-font-weight-bold\">\n                  30 April 2025\n                </strong>\n              </li>","target":[".nhsuk-list-panel.search-result.nhsuk-u-padding-3:nth-child(1) > .nhsuk-grid-row:nth-child(3) > .nhsuk-grid-column-one-half:nth-child(1) > .first-ad-job-info.ad-job-info.nhsuk-list > li[data-test=\"search-result-publicationDate\"]"]},{"any":[{"id":"color-contrast","data":{"fgColor":"#212b32","bgColor":"#f0f4f5","contrastRatio":13.02,"fontSize":"14.3pt (19px)","fontWeight":"normal","expectedContrastRatio":"4.5:1"},"relatedNodes":[],"impact":"serious","message":"Element has sufficient color contrast of 13.02"}],"all":[],"none":[],"impact":null,"html":"<strong class=\"nhsuk-u-font-weight-bold\">\n                  30 April 2025\n                </strong>","target":[".nhsuk-list-panel.search-result.nhsuk-u-padding-3:nth-child(1) > .nhsuk-grid-row:nth-child(3) > .nhsuk-grid-column-one-half:nth-child(1) > .first-ad-job-info.ad-job-info.nhsuk-list > li[data-test=\"search-result-publicationDate\"] > strong"]},{"any":[{"id":"color-contrast","data":{"fgColor":"#212b32","bgColor":"#f0f4f5","contrastRatio":13.02,"fontSize":"14.3pt (19px)","fontWeight":"normal","expectedContrastRatio":"4.5:1"},"relatedNodes":[],"impact":"serious","message":"Element has sufficient color contrast of 13.02"}],"all":[],"none":[],"impact":null,"html":"<li data-test=\"search-result-jobType\" class=\"marginBt\">\n              Contract type: \n              <strong class=\"nhsuk-u-font-weight-bold\">\n                Permanent\n              </strong>\n            </li>","target":[".nhsuk-list-panel.search-result.nhsuk-u-padding-3:nth-child(1) > .nhsuk-grid-row:nth-child(3) > .nhsuk-grid-column-one-half:nth-child(2) > .ad-job-info.nhsuk-list > .marginBt[data-test=\"search-result-jobType\"]"]},{"any":[{"id":"color-contrast","data":{"fgColor":"#212b32","bgColor":"#f0f4f5","contrastRatio":13.02,"fontSize":"14.3pt (19px)","fontWeight":"normal","expectedContrastRatio":"4.5:1"},"relatedNodes":[],"impact":"serious","message":"Element has sufficient color contrast of 13.02"}],"all":[],"none":[],"impact":null,"html":"<strong class=\"nhsuk-u-font-weight-bold\">\n                Permanent\n              </strong>","target":[".nhsuk-list-panel.search-result.nhsuk-u-padding-3:nth-child(1) > .nhsuk-grid-row:nth-child(3) > .nhsuk-grid-column-one-half:nth-child(2) > .ad-job-info.nhsuk-list > .marginBt[data-test=\"search-result-jobType\"] > strong"]},{"any":[{"id":"color-contrast","data":{"fgColor":"#212b32","bgColor":"#f0f4f5","contrastRatio":13.02,"fontSize":"14.3pt (19px)","fontWeight":"normal","expectedContrastRatio":"4.5:1"},"relatedNodes":[],"impact":"serious","message":"Element has sufficient color contrast of 13.02"}],"all":[],"none":[],"impact":null,"html":"<li data-test=\"search-result-workingPattern\" class=\"marginBt\">\n              Working pattern: \n              <strong class=\"nhsuk-u-font-weight-bold\">\n                Flexible working\n              </strong>\n            </li>","target":[".nhsuk-list-panel.search-result.nhsuk-u-padding-3:nth-child(1) > .nhsuk-grid-row:nth-child(3) > .nhsuk-grid-column-one-half:nth-child(2) > .ad-job-info.nhsuk-list > .marginBt[data-test=\"search-result-workingPattern\"]"]},{"any":[{"id":"color-contrast","data":{"fgColor":"#212b32","bgColor":"#f0f4f5","contrastRatio":13.02,"fontSize":"14.3pt (19px)","fontWeight":"normal","expectedContrastRatio":"4.5:1"},"relatedNodes":[],"impact":"serious","message":"Element has sufficient color contrast of 13.02"}],"all":[],"none":[],"impact":null,"html":"<strong class=\"nhsuk-u-font-weight-bold\">\n                Flexible working\n              </strong>","target":[".nhsuk-list-panel.search-result.nhsuk-u-padding-3:nth-child(1) > .nhsuk-grid-row:nth-child(3) > .nhsuk-grid-column-one-half:nth-child(2) > .ad-job-info.nhsuk-list > .marginBt[data-test=\"search-result-workingPattern\"] > strong"]},{"any":[{"id":"color-contrast","data":{"fgColor":"#212b32","bgColor":"#f0f4f5","contrastRatio":13.02,"fontSize":"14.3pt (19px)","fontWeight":"normal","expectedContrastRatio":"4.5:1"},"relatedNodes":[],"impact":"serious","message":"Element has sufficient color contrast of 13.02"}],"all":[],"none":[],"impact":null,"html":"<li data-test=\"search-result-closingDate\">\n                Closing date: \n                <strong class=\"nhsuk-u-font-weight-bold\">\n                  30 June 2025\n                </strong>\n              </li>","target":[".nhsuk-list-panel.search-result.nhsuk-u-padding-3:nth-child(1) > .nhsuk-grid-row:nth-child(3) > .nhsuk-grid-column-one-half:nth-child(2) > .ad-job-info.nhsuk-list > li[data-test=\"search-result-closingDate\"]"]},{"any":[{"id":"color-contrast","data":{"fgColor":"#212b32","bgColor":"#f0f4f5","contrastRatio":13.02,"fontSize":"14.3pt (19px)","fontWeight":"normal","expectedContrastRatio":"4.5:1"},"relatedNodes":[],"impact":"serious","message":"Element has sufficient color contrast of 13.02"}],"all":[],"none":[],"impact":null,"html":"<strong class=\"nhsuk-u-font-weight-bold\">\n                  30 June 2025\n                </strong>","target":[".nhsuk-list-panel.search-result.nhsuk-u-padding-3:nth-child(1) > .nhsuk-grid-row:nth-child(3) > .nhsuk-grid-column-one-half:nth-child(2) > .ad-job-info.nhsuk-list > li[data-test=\"search-result-closingDate\"] > strong"]},{"any":[{"id":"color-contrast","data":{"fgColor":"#005eb8","bgColor":"#f0f4f5","contrastRatio":5.75,"fontSize":"18.0pt (24px)","fontWeight":"normal","expectedContrastRatio":"3:1"},"relatedNodes":[],"impact":"serious","message":"Element has sufficient color contrast of 5.75"}],"all":[],"none":[],"impact":null,"html":"<a href=\"/candidate/jobadvert/E0123-25-0149?keyword=Doctor&amp;location=Sheffield&amp;distance=5&amp;language=en\" data-test=\"search-result-job-title\">\n              Dermatology Doctor\n            </a>","target":["#job-title-2 > a[data-test=\"search-result-job-title\"]"]},{"any":[{"id":"color-contrast","data":{"fgColor":"#005eb8","bgColor":"#f0f4f5","contrastRatio":5.75,"fontSize":"14.3pt (19px)","fontWeight":"normal","expectedContrastRatio":"4.5:1"},"relatedNodes":[],"impact":"serious","message":"Element has sufficient color contrast of 5.75"}],"all":[],"none":[],"impact":null,"html":"<a href=\"/candidate/search/save-job/E0123-25-0149\" data-test=\"search-result-save-job\" aria-label=\"Save this job: Dermatology Doctor (Reference number: E0123-25-0149)\">\n              Save this job\n            </a>","target":[".nhsuk-list-panel.search-result.nhsuk-u-padding-3:nth-child(2) > .nhsuk-grid-row:nth-child(1) > .save-job.nhsuk-u-margin-right-3 > a[data-test=\"search-result-save-job\"]"]},{"any":[{"id":"color-contrast","data":{"fgColor":"#212b32","bgColor":"#f0f4f5","contrastRatio":13.02,"fontSize":"18.0pt (24px)","fontWeight":"normal","expectedContrastRatio":"3:1"},"relatedNodes":[],"impact":"serious","message":"Element has sufficient color contrast of 13.02"}],"all":[],"none":[],"impact":null,"html":"<h3 class=\"nhsuk-u-font-weight-bold\">\n          CHEC\n          <div class=\"location-font-size\">\n            \n              Sheffield S9 1XH\n            \n          </div>\n        </h3>","target":[".nhsuk-list-panel.search-result.nhsuk-u-padding-3:nth-child(2) > .nhsuk-u-margin-bottom-4[data-test=\"search-result-location\"] > h3"]},{"any":[{"id":"color-contrast","data":{"fgColor":"#212b32","bgColor":"#f0f4f5","contrastRatio":13.02,"fontSize":"12.0pt (16px)","fontWeight":"normal","expectedContrastRatio":"4.5:1"},"relatedNodes":[],"impact":"serious","message":"Element has sufficient color contrast of 13.02"}],"all":[],"none":[],"impact":null,"html":"<div class=\"location-font-size\">\n            \n              Sheffield S9 1XH\n            \n          </div>","target":[".nhsuk-list-panel.search-result.nhsuk-u-padding-3:nth-child(2) > .nhsuk-u-margin-bottom-4[data-test=\"search-result-location\"] > h3 > .location-font-size"]},{"any":[{"id":"color-contrast","data":{"fgColor":"#212b32","bgColor":"#f0f4f5","contrastRatio":13.02,"fontSize":"14.3pt (19px)","fontWeight":"normal","expectedContrastRatio":"4.5:1"},"relatedNodes":[],"impact":"serious","message":"Element has sufficient color contrast of 13.02"}],"all":[],"none":[],"impact":null,"html":"<li data-test=\"search-result-salary\" class=\"marginBt\">\n                Salary: \n                <strong class=\"nhsuk-u-font-weight-bold\">\n                  £550\n                  \n                    a session\n                  \n                </strong>\n              </li>","target":[".nhsuk-list-panel.search-result.nhsuk-u-padding-3:nth-child(2) > .nhsuk-grid-row:nth-child(3) > .nhsuk-grid-column-one-half:nth-child(1) > .first-ad-job-info.ad-job-info.nhsuk-list > .marginBt[data-test=\"search-result-salary\"]"]},{"any":[{"id":"color-contrast","data":{"fgColor":"#212b32","bgColor":"#f0f4f5","contrastRatio":13.02,"fontSize":"14.3pt (19px)","fontWeight":"normal","expectedContrastRatio":"4.5:1"},"relatedNodes":[],"impact":"serious","message":"Element has sufficient color contrast of 13.02"}],"all":[],"none":[],"impact":null,"html":"<strong class=\"nhsuk-u-font-weight-bold\">\n                  £550\n                  \n                    a session\n                  \n                </strong>","target":[".nhsuk-list-panel.search-result.nhsuk-u-padding-3:nth-child(2) > .nhsuk-grid-row:nth-child(3) > .nhsuk-grid-column-one-half:nth-child(1) > .first-ad-job-info.ad-job-info.nhsuk-list > .marginBt[data-test=\"search-result-salary\"] > strong"]},{"any":[{"id":"color-contrast","data":{"fgColor":"#212b32","bgColor":"#f0f4f5","contrastRatio":13.02,"fontSize":"14.3pt (19px)","fontWeight":"normal","expectedContrastRatio":"4.5:1"},"relatedNodes":[],"impact":"serious","message":"Element has sufficient color contrast of 13.02"}],"all":[],"none":[],"impact":null,"html":"<li data-test=\"search-result-distance\" class=\"marginBt\">\n                Distance: \n                <strong class=\"nhsuk-u-font-weight-bold\">\n                  2.9 miles\n                </strong>\n              </li>","target":[".nhsuk-list-panel.search-result.nhsuk-u-padding-3:nth-child(2) > .nhsuk-grid-row:nth-child(3) > .nhsuk-grid-column-one-half:nth-child(1) > .first-ad-job-info.ad-job-info.nhsuk-list > .marginBt[data-test=\"search-result-distance\"]"]},{"any":[{"id":"color-contrast","data":{"fgColor":"#212b32","bgColor":"#f0f4f5","contrastRatio":13.02,"fontSize":"14.3pt (19px)","fontWeight":"normal","expectedContrastRatio":"4.5:1"},"relatedNodes":[],"impact":"serious","message":"Element has sufficient color contrast of 13.02"}],"all":[],"none":[],"impact":null,"html":"<strong class=\"nhsuk-u-font-weight-bold\">\n                  2.9 miles\n                </strong>","target":[".nhsuk-list-panel.search-result.nhsuk-u-padding-3:nth-child(2) > .nhsuk-grid-row:nth-child(3) > .nhsuk-grid-column-one-half:nth-child(1) > .first-ad-job-info.ad-job-info.nhsuk-list > .marginBt[data-test=\"search-result-distance\"] > strong"]},{"any":[{"id":"color-contrast","data":{"fgColor":"#212b32","bgColor":"#f0f4f5","contrastRatio":13.02,"fontSize":"14.3pt (19px)","fontWeight":"normal","expectedContrastRatio":"4.5:1"},"relatedNodes":[],"impact":"serious","message":"Element has sufficient color contrast of 13.02"}],"all":[],"none":[],"impact":null,"html":"<li data-test=\"search-result-publicationDate\">\n                Date posted: \n                <strong class=\"nhsuk-u-font-weight-bold\">\n                  30 April 2025\n                </strong>\n              </li>","target":[".nhsuk-list-panel.search-result.nhsuk-u-padding-3:nth-child(2) > .nhsuk-grid-row:nth-child(3) > .nhsuk-grid-column-one-half:nth-child(1) > .first-ad-job-info.ad-job-info.nhsuk-list > li[data-test=\"search-result-publicationDate\"]"]},{"any":[{"id":"color-contrast","data":{"fgColor":"#212b32","bgColor":"#f0f4f5","contrastRatio":13.02,"fontSize":"14.3pt (19px)","fontWeight":"normal","expectedContrastRatio":"4.5:1"},"relatedNodes":[],"impact":"serious","message":"Element has sufficient color contrast of 13.02"}],"all":[],"none":[],"impact":null,"html":"<strong class=\"nhsuk-u-font-weight-bold\">\n                  30 April 2025\n                </strong>","target":[".nhsuk-list-panel.search-result.nhsuk-u-padding-3:nth-child(2) > .nhsuk-grid-row:nth-child(3) > .nhsuk-grid-column-one-half:nth-child(1) > .first-ad-job-info.ad-job-info.nhsuk-list > li[data-test=\"search-result-publicationDate\"] > strong"]},{"any":[{"id":"color-contrast","data":{"fgColor":"#212b32","bgColor":"#f0f4f5","contrastRatio":13.02,"fontSize":"14.3pt (19px)","fontWeight":"normal","expectedContrastRatio":"4.5:1"},"relatedNodes":[],"impact":"serious","message":"Element has sufficient color contrast of 13.02"}],"all":[],"none":[],"impact":null,"html":"<li data-test=\"search-result-jobType\" class=\"marginBt\">\n              Contract type: \n              <strong class=\"nhsuk-u-font-weight-bold\">\n                Permanent\n              </strong>\n            </li>","target":[".nhsuk-list-panel.search-result.nhsuk-u-padding-3:nth-child(2) > .nhsuk-grid-row:nth-child(3) > .nhsuk-grid-column-one-half:nth-child(2) > .ad-job-info.nhsuk-list > .marginBt[data-test=\"search-result-jobType\"]"]},{"any":[{"id":"color-contrast","data":{"fgColor":"#212b32","bgColor":"#f0f4f5","contrastRatio":13.02,"fontSize":"14.3pt (19px)","fontWeight":"normal","expectedContrastRatio":"4.5:1"},"relatedNodes":[],"impact":"serious","message":"Element has sufficient color contrast of 13.02"}],"all":[],"none":[],"impact":null,"html":"<strong class=\"nhsuk-u-font-weight-bold\">\n                Permanent\n              </strong>","target":[".nhsuk-list-panel.search-result.nhsuk-u-padding-3:nth-child(2) > .nhsuk-grid-row:nth-child(3) > .nhsuk-grid-column-one-half:nth-child(2) > .ad-job-info.nhsuk-list > .marginBt[data-test=\"search-result-jobType\"] > strong"]},{"any":[{"id":"color-contrast","data":{"fgColor":"#212b32","bgColor":"#f0f4f5","contrastRatio":13.02,"fontSize":"14.3pt (19px)","fontWeight":"normal","expectedContrastRatio":"4.5:1"},"relatedNodes":[],"impact":"serious","message":"Element has sufficient color contrast of 13.02"}],"all":[],"none":[],"impact":null,"html":"<li data-test=\"search-result-workingPattern\" class=\"marginBt\">\n              Working pattern: \n              <strong class=\"nhsuk-u-font-weight-bold\">\n                Flexible working\n              </strong>\n            </li>","target":[".nhsuk-list-panel.search-result.nhsuk-u-padding-3:nth-child(2) > .nhsuk-grid-row:nth-child(3) > .nhsuk-grid-column-one-half:nth-child(2) > .ad-job-info.nhsuk-list > .marginBt[data-test=\"search-result-workingPattern\"]"]},{"any":[{"id":"color-contrast","data":{"fgColor":"#212b32","bgColor":"#f0f4f5","contrastRatio":13.02,"fontSize":"14.3pt (19px)","fontWeight":"normal","expectedContrastRatio":"4.5:1"},"relatedNodes":[],"impact":"serious","message":"Element has sufficient color contrast of 13.02"}],"all":[],"none":[],"impact":null,"html":"<strong class=\"nhsuk-u-font-weight-bold\">\n                Flexible working\n              </strong>","target":[".nhsuk-list-panel.search-result.nhsuk-u-padding-3:nth-child(2) > .nhsuk-grid-row:nth-child(3) > .nhsuk-grid-column-one-half:nth-child(2) > .ad-job-info.nhsuk-list > .marginBt[data-test=\"search-result-workingPattern\"] > strong"]},{"any":[{"id":"color-contrast","data":{"fgColor":"#212b32","bgColor":"#f0f4f5","contrastRatio":13.02,"fontSize":"14.3pt (19px)","fontWeight":"normal","expectedContrastRatio":"4.5:1"},"relatedNodes":[],"impact":"serious","message":"Element has sufficient color contrast of 13.02"}],"all":[],"none":[],"impact":null,"html":"<li data-test=\"search-result-closingDate\">\n                Closing date: \n                <strong class=\"nhsuk-u-font-weight-bold\">\n                  30 June 2025\n                </strong>\n              </li>","target":[".nhsuk-list-panel.search-result.nhsuk-u-padding-3:nth-child(2) > .nhsuk-grid-row:nth-child(3) > .nhsuk-grid-column-one-half:nth-child(2) > .ad-job-info.nhsuk-list > li[data-test=\"search-result-closingDate\"]"]},{"any":[{"id":"color-contrast","data":{"fgColor":"#212b32","bgColor":"#f0f4f5","contrastRatio":13.02,"fontSize":"14.3pt (19px)","fontWeight":"normal","expectedContrastRatio":"4.5:1"},"relatedNodes":[],"impact":"serious","message":"Element has sufficient color contrast of 13.02"}],"all":[],"none":[],"impact":null,"html":"<strong class=\"nhsuk-u-font-weight-bold\">\n                  30 June 2025\n                </strong>","target":[".nhsuk-list-panel.search-result.nhsuk-u-padding-3:nth-child(2) > .nhsuk-grid-row:nth-child(3) > .nhsuk-grid-column-one-half:nth-child(2) > .ad-job-info.nhsuk-list > li[data-test=\"search-result-closingDate\"] > strong"]},{"any":[{"id":"color-contrast","data":{"fgColor":"#005eb8","bgColor":"#f0f4f5","contrastRatio":5.75,"fontSize":"18.0pt (24px)","fontWeight":"normal","expectedContrastRatio":"3:1"},"relatedNodes":[],"impact":"serious","message":"Element has sufficient color contrast of 5.75"}],"all":[],"none":[],"impact":null,"html":"<a href=\"/candidate/jobadvert/C9165-25-02-014?keyword=Doctor&amp;location=Sheffield&amp;distance=5&amp;language=en\" data-test=\"search-result-job-title\">\n              Specialty Doctor in Anaesthetics\n            </a>","target":["#job-title-3 > a[data-test=\"search-result-job-title\"]"]},{"any":[{"id":"color-contrast","data":{"fgColor":"#005eb8","bgColor":"#f0f4f5","contrastRatio":5.75,"fontSize":"14.3pt (19px)","fontWeight":"normal","expectedContrastRatio":"4.5:1"},"relatedNodes":[],"impact":"serious","message":"Element has sufficient color contrast of 5.75"}],"all":[],"none":[],"impact":null,"html":"<a href=\"/candidate/search/save-job/C9165-25-02-014\" data-test=\"search-result-save-job\" aria-label=\"Save this job: Specialty Doctor in Anaesthetics (Reference number: C9165-25-02-014)\">\n              Save this job\n            </a>","target":[".nhsuk-list-panel.search-result.nhsuk-u-padding-3:nth-child(3) > .nhsuk-grid-row:nth-child(1) > .save-job.nhsuk-u-margin-right-3 > a[data-test=\"search-result-save-job\"]"]},{"any":[{"id":"color-contrast","data":{"fgColor":"#212b32","bgColor":"#f0f4f5","contrastRatio":13.02,"fontSize":"18.0pt (24px)","fontWeight":"normal","expectedContrastRatio":"3:1"},"relatedNodes":[],"impact":"serious","message":"Element has sufficient color contrast of 13.02"}],"all":[],"none":[],"impact":null,"html":"<h3 class=\"nhsuk-u-font-weight-bold\">\n          The Rotherham NHS Foundation Trust\n          <div class=\"location-font-size\">\n            \n              Rotherham S60 2UD\n            \n          </div>\n        </h3>","target":[".nhsuk-list-panel.search-result.nhsuk-u-padding-3:nth-child(3) > .nhsuk-u-margin-bottom-4[data-test=\"search-result-location\"] > h3"]},{"any":[{"id":"color-contrast","data":{"fgColor":"#212b32","bgColor":"#f0f4f5","contrastRatio":13.02,"fontSize":"12.0pt (16px)","fontWeight":"normal","expectedContrastRatio":"4.5:1"},"relatedNodes":[],"impact":"serious","message":"Element has sufficient color contrast of 13.02"}],"all":[],"none":[],"impact":null,"html":"<div class=\"location-font-size\">\n            \n              Rotherham S60 2UD\n            \n          </div>","target":[".nhsuk-list-panel.search-result.nhsuk-u-padding-3:nth-child(3) > .nhsuk-u-margin-bottom-4[data-test=\"search-result-location\"] > h3 > .location-font-size"]},{"any":[{"id":"color-contrast","data":{"fgColor":"#212b32","bgColor":"#f0f4f5","contrastRatio":13.02,"fontSize":"14.3pt (19px)","fontWeight":"normal","expectedContrastRatio":"4.5:1"},"relatedNodes":[],"impact":"serious","message":"Element has sufficient color contrast of 13.02"}],"all":[],"none":[],"impact":null,"html":"<li data-test=\"search-result-salary\" class=\"marginBt\">\n                Salary: \n                <strong class=\"nhsuk-u-font-weight-bold\">\n                  £59,175 to £95,400\n                  \n                    a year\n                  \n                </strong>\n              </li>","target":[".nhsuk-list-panel.search-result.nhsuk-u-padding-3:nth-child(3) > .nhsuk-grid-row:nth-child(3) > .nhsuk-grid-column-one-half:nth-child(1) > .first-ad-job-info.ad-job-info.nhsuk-list > .marginBt[data-test=\"search-result-salary\"]"]},{"any":[{"id":"color-contrast","data":{"fgColor":"#212b32","bgColor":"#f0f4f5","contrastRatio":13.02,"fontSize":"14.3pt (19px)","fontWeight":"normal","expectedContrastRatio":"4.5:1"},"relatedNodes":[],"impact":"serious","message":"Element has sufficient color contrast of 13.02"}],"all":[],"none":[],"impact":null,"html":"<strong class=\"nhsuk-u-font-weight-bold\">\n                  £59,175 to £95,400\n                  \n                    a year\n                  \n                </strong>","target":[".nhsuk-list-panel.search-result.nhsuk-u-padding-3:nth-child(3) > .nhsuk-grid-row:nth-child(3) > .nhsuk-grid-column-one-half:nth-child(1) > .first-ad-job-info.ad-job-info.nhsuk-list > .marginBt[data-test=\"search-result-salary\"] > strong"]},{"any":[{"id":"color-contrast","data":{"fgColor":"#212b32","bgColor":"#f0f4f5","contrastRatio":13.02,"fontSize":"14.3pt (19px)","fontWeight":"normal","expectedContrastRatio":"4.5:1"},"relatedNodes":[],"impact":"serious","message":"Element has sufficient color contrast of 13.02"}],"all":[],"none":[],"impact":null,"html":"<li data-test=\"search-result-distance\" class=\"marginBt\">\n                Distance: \n                <strong class=\"nhsuk-u-font-weight-bold\">\n                  5 miles\n                </strong>\n              </li>","target":[".nhsuk-list-panel.search-result.nhsuk-u-padding-3:nth-child(3) > .nhsuk-grid-row:nth-child(3) > .nhsuk-grid-column-one-half:nth-child(1) > .first-ad-job-info.ad-job-info.nhsuk-list > .marginBt[data-test=\"search-result-distance\"]"]},{"any":[{"id":"color-contrast","data":{"fgColor":"#212b32","bgColor":"#f0f4f5","contrastRatio":13.02,"fontSize":"14.3pt (19px)","fontWeight":"normal","expectedContrastRatio":"4.5:1"},"relatedNodes":[],"impact":"serious","message":"Element has sufficient color contrast of 13.02"}],"all":[],"none":[],"impact":null,"html":"<strong class=\"nhsuk-u-font-weight-bold\">\n                  5 miles\n                </strong>","target":[".nhsuk-list-panel.search-result.nhsuk-u-padding-3:nth-child(3) > .nhsuk-grid-row:nth-child(3) > .nhsuk-grid-column-one-half:nth-child(1) > .first-ad-job-info.ad-job-info.nhsuk-list > .marginBt[data-test=\"search-result-distance\"] > strong"]},{"any":[{"id":"color-contrast","data":{"fgColor":"#212b32","bgColor":"#f0f4f5","contrastRatio":13.02,"fontSize":"14.3pt (19px)","fontWeight":"normal","expectedContrastRatio":"4.5:1"},"relatedNodes":[],"impact":"serious","message":"Element has sufficient color contrast of 13.02"}],"all":[],"none":[],"impact":null,"html":"<li data-test=\"search-result-publicationDate\">\n                Date posted: \n                <strong class=\"nhsuk-u-font-weight-bold\">\n                  20 June 2025\n                </strong>\n              </li>","target":[".nhsuk-list-panel.search-result.nhsuk-u-padding-3:nth-child(3) > .nhsuk-grid-row:nth-child(3) > .nhsuk-grid-column-one-half:nth-child(1) > .first-ad-job-info.ad-job-info.nhsuk-list > li[data-test=\"search-result-publicationDate\"]"]},{"any":[{"id":"color-contrast","data":{"fgColor":"#212b32","bgColor":"#f0f4f5","contrastRatio":13.02,"fontSize":"14.3pt (19px)","fontWeight":"normal","expectedContrastRatio":"4.5:1"},"relatedNodes":[],"impact":"serious","message":"Element has sufficient color contrast of 13.02"}],"all":[],"none":[],"impact":null,"html":"<strong class=\"nhsuk-u-font-weight-bold\">\n                  20 June 2025\n                </strong>","target":[".nhsuk-list-panel.search-result.nhsuk-u-padding-3:nth-child(3) > .nhsuk-grid-row:nth-child(3) > .nhsuk-grid-column-one-half:nth-child(1) > .first-ad-job-info.ad-job-info.nhsuk-list > li[data-test=\"search-result-publicationDate\"] > strong"]},{"any":[{"id":"color-contrast","data":{"fgColor":"#212b32","bgColor":"#f0f4f5","contrastRatio":13.02,"fontSize":"14.3pt (19px)","fontWeight":"normal","expectedContrastRatio":"4.5:1"},"relatedNodes":[],"impact":"serious","message":"Element has sufficient color contrast of 13.02"}],"all":[],"none":[],"impact":null,"html":"<li data-test=\"search-result-jobType\" class=\"marginBt\">\n              Contract type: \n              <strong class=\"nhsuk-u-font-weight-bold\">\n                Permanent\n              </strong>\n            </li>","target":[".nhsuk-list-panel.search-result.nhsuk-u-padding-3:nth-child(3) > .nhsuk-grid-row:nth-child(3) > .nhsuk-grid-column-one-half:nth-child(2) > .ad-job-info.nhsuk-list > .marginBt[data-test=\"search-result-jobType\"]"]},{"any":[{"id":"color-contrast","data":{"fgColor":"#212b32","bgColor":"#f0f4f5","contrastRatio":13.02,"fontSize":"14.3pt (19px)","fontWeight":"normal","expectedContrastRatio":"4.5:1"},"relatedNodes":[],"impact":"serious","message":"Element has sufficient color contrast of 13.02"}],"all":[],"none":[],"impact":null,"html":"<strong class=\"nhsuk-u-font-weight-bold\">\n                Permanent\n              </strong>","target":[".nhsuk-list-panel.search-result.nhsuk-u-padding-3:nth-child(3) > .nhsuk-grid-row:nth-child(3) > .nhsuk-grid-column-one-half:nth-child(2) > .ad-job-info.nhsuk-list > .marginBt[data-test=\"search-result-jobType\"] > strong"]},{"any":[{"id":"color-contrast","data":{"fgColor":"#212b32","bgColor":"#f0f4f5","contrastRatio":13.02,"fontSize":"14.3pt (19px)","fontWeight":"normal","expectedContrastRatio":"4.5:1"},"relatedNodes":[],"impact":"serious","message":"Element has sufficient color contrast of 13.02"}],"all":[],"none":[],"impact":null,"html":"<li data-test=\"search-result-workingPattern\" class=\"marginBt\">\n              Working pattern: \n              <strong class=\"nhsuk-u-font-weight-bold\">\n                Flexible working, Full time\n              </strong>\n            </li>","target":[".nhsuk-list-panel.search-result.nhsuk-u-padding-3:nth-child(3) > .nhsuk-grid-row:nth-child(3) > .nhsuk-grid-column-one-half:nth-child(2) > .ad-job-info.nhsuk-list > .marginBt[data-test=\"search-result-workingPattern\"]"]},{"any":[{"id":"color-contrast","data":{"fgColor":"#212b32","bgColor":"#f0f4f5","contrastRatio":13.02,"fontSize":"14.3pt (19px)","fontWeight":"normal","expectedContrastRatio":"4.5:1"},"relatedNodes":[],"impact":"serious","message":"Element has sufficient color contrast of 13.02"}],"all":[],"none":[],"impact":null,"html":"<strong class=\"nhsuk-u-font-weight-bold\">\n                Flexible working, Full time\n              </strong>","target":[".nhsuk-list-panel.search-result.nhsuk-u-padding-3:nth-child(3) > .nhsuk-grid-row:nth-child(3) > .nhsuk-grid-column-one-half:nth-child(2) > .ad-job-info.nhsuk-list > .marginBt[data-test=\"search-result-workingPattern\"] > strong"]},{"any":[{"id":"color-contrast","data":{"fgColor":"#212b32","bgColor":"#f0f4f5","contrastRatio":13.02,"fontSize":"14.3pt (19px)","fontWeight":"normal","expectedContrastRatio":"4.5:1"},"relatedNodes":[],"impact":"serious","message":"Element has sufficient color contrast of 13.02"}],"all":[],"none":[],"impact":null,"html":"<li data-test=\"search-result-closingDate\">\n                Closing date: \n                <strong class=\"nhsuk-u-font-weight-bold\">\n                  6 July 2025\n                </strong>\n              </li>","target":[".nhsuk-list-panel.search-result.nhsuk-u-padding-3:nth-child(3) > .nhsuk-grid-row:nth-child(3) > .nhsuk-grid-column-one-half:nth-child(2) > .ad-job-info.nhsuk-list > li[data-test=\"search-result-closingDate\"]"]},{"any":[{"id":"color-contrast","data":{"fgColor":"#212b32","bgColor":"#f0f4f5","contrastRatio":13.02,"fontSize":"14.3pt (19px)","fontWeight":"normal","expectedContrastRatio":"4.5:1"},"relatedNodes":[],"impact":"serious","message":"Element has sufficient color contrast of 13.02"}],"all":[],"none":[],"impact":null,"html":"<strong class=\"nhsuk-u-font-weight-bold\">\n                  6 July 2025\n                </strong>","target":[".nhsuk-list-panel.search-result.nhsuk-u-padding-3:nth-child(3) > .nhsuk-grid-row:nth-child(3) > .nhsuk-grid-column-one-half:nth-child(2) > .ad-job-info.nhsuk-list > li[data-test=\"search-result-closingDate\"] > strong"]},{"any":[{"id":"color-contrast","data":{"fgColor":"#005eb8","bgColor":"#f0f4f5","contrastRatio":5.75,"fontSize":"18.0pt (24px)","fontWeight":"normal","expectedContrastRatio":"3:1"},"relatedNodes":[],"impact":"serious","message":"Element has sufficient color contrast of 5.75"}],"all":[],"none":[],"impact":null,"html":"<a href=\"/candidate/jobadvert/N0013-25-0006-112307?keyword=Doctor&amp;location=Sheffield&amp;distance=5&amp;language=en\" data-test=\"search-result-job-title\">\n              Senior Lecturer in Adult Nursing\n            </a>","target":["#job-title-4 > a[data-test=\"search-result-job-title\"]"]},{"any":[{"id":"color-contrast","data":{"fgColor":"#005eb8","bgColor":"#f0f4f5","contrastRatio":5.75,"fontSize":"14.3pt (19px)","fontWeight":"normal","expectedContrastRatio":"4.5:1"},"relatedNodes":[],"impact":"serious","message":"Element has sufficient color contrast of 5.75"}],"all":[],"none":[],"impact":null,"html":"<a href=\"/candidate/search/save-job/N0013-25-0006-112307\" data-test=\"search-result-save-job\" aria-label=\"Save this job: Senior Lecturer in Adult Nursing (Reference number: N0013-25-0006-112307)\">\n              Save this job\n            </a>","target":[".nhsuk-list-panel.search-result.nhsuk-u-padding-3:nth-child(4) > .nhsuk-grid-row:nth-child(1) > .save-job.nhsuk-u-margin-right-3 > a[data-test=\"search-result-save-job\"]"]},{"any":[{"id":"color-contrast","data":{"fgColor":"#212b32","bgColor":"#f0f4f5","contrastRatio":13.02,"fontSize":"18.0pt (24px)","fontWeight":"normal","expectedContrastRatio":"3:1"},"relatedNodes":[],"impact":"serious","message":"Element has sufficient color contrast of 13.02"}],"all":[],"none":[],"impact":null,"html":"<h3 class=\"nhsuk-u-font-weight-bold\">\n          Sheffield Hallam University\n          <div class=\"location-font-size\">\n            \n              Sheffield S10 2BP\n            \n          </div>\n        </h3>","target":[".nhsuk-list-panel.search-result.nhsuk-u-padding-3:nth-child(4) > .nhsuk-u-margin-bottom-4[data-test=\"search-result-location\"] > h3"]},{"any":[{"id":"color-contrast","data":{"fgColor":"#212b32","bgColor":"#f0f4f5","contrastRatio":13.02,"fontSize":"12.0pt (16px)","fontWeight":"normal","expectedContrastRatio":"4.5:1"},"relatedNodes":[],"impact":"serious","message":"Element has sufficient color contrast of 13.02"}],"all":[],"none":[],"impact":null,"html":"<div class=\"location-font-size\">\n            \n              Sheffield S10 2BP\n            \n          </div>","target":[".nhsuk-list-panel.search-result.nhsuk-u-padding-3:nth-child(4) > .nhsuk-u-margin-bottom-4[data-test=\"search-result-location\"] > h3 > .location-font-size"]},{"any":[{"id":"color-contrast","data":{"fgColor":"#212b32","bgColor":"#f0f4f5","contrastRatio":13.02,"fontSize":"14.3pt (19px)","fontWeight":"normal","expectedContrastRatio":"4.5:1"},"relatedNodes":[],"impact":"serious","message":"Element has sufficient color contrast of 13.02"}],"all":[],"none":[],"impact":null,"html":"<li data-test=\"search-result-salary\" class=\"marginBt\">\n                Salary: \n                <strong class=\"nhsuk-u-font-weight-bold\">\n                  £45,413 to £57,422\n                  \n                    a year\n                  \n                </strong>\n              </li>","target":[".nhsuk-list-panel.search-result.nhsuk-u-padding-3:nth-child(4) > .nhsuk-grid-row:nth-child(3) > .nhsuk-grid-column-one-half:nth-child(1) > .first-ad-job-info.ad-job-info.nhsuk-list > .marginBt[data-test=\"search-result-salary\"]"]},{"any":[{"id":"color-contrast","data":{"fgColor":"#212b32","bgColor":"#f0f4f5","contrastRatio":13.02,"fontSize":"14.3pt (19px)","fontWeight":"normal","expectedContrastRatio":"4.5:1"},"relatedNodes":[],"impact":"serious","message":"Element has sufficient color contrast of 13.02"}],"all":[],"none":[],"impact":null,"html":"<strong class=\"nhsuk-u-font-weight-bold\">\n                  £45,413 to £57,422\n                  \n                    a year\n                  \n                </strong>","target":[".nhsuk-list-panel.search-result.nhsuk-u-padding-3:nth-child(4) > .nhsuk-grid-row:nth-child(3) > .nhsuk-grid-column-one-half:nth-child(1) > .first-ad-job-info.ad-job-info.nhsuk-list > .marginBt[data-test=\"search-result-salary\"] > strong"]},{"any":[{"id":"color-contrast","data":{"fgColor":"#212b32","bgColor":"#f0f4f5","contrastRatio":13.02,"fontSize":"14.3pt (19px)","fontWeight":"normal","expectedContrastRatio":"4.5:1"},"relatedNodes":[],"impact":"serious","message":"Element has sufficient color contrast of 13.02"}],"all":[],"none":[],"impact":null,"html":"<li data-test=\"search-result-distance\" class=\"marginBt\">\n                Distance: \n                <strong class=\"nhsuk-u-font-weight-bold\">\n                  1.8 miles\n                </strong>\n              </li>","target":[".nhsuk-list-panel.search-result.nhsuk-u-padding-3:nth-child(4) > .nhsuk-grid-row:nth-child(3) > .nhsuk-grid-column-one-half:nth-child(1) > .first-ad-job-info.ad-job-info.nhsuk-list > .marginBt[data-test=\"search-result-distance\"]"]},{"any":[{"id":"color-contrast","data":{"fgColor":"#212b32","bgColor":"#f0f4f5","contrastRatio":13.02,"fontSize":"14.3pt (19px)","fontWeight":"normal","expectedContrastRatio":"4.5:1"},"relatedNodes":[],"impact":"serious","message":"Element has sufficient color contrast of 13.02"}],"all":[],"none":[],"impact":null,"html":"<strong class=\"nhsuk-u-font-weight-bold\">\n                  1.8 miles\n                </strong>","target":[".nhsuk-list-panel.search-result.nhsuk-u-padding-3:nth-child(4) > .nhsuk-grid-row:nth-child(3) > .nhsuk-grid-column-one-half:nth-child(1) > .first-ad-job-info.ad-job-info.nhsuk-list > .marginBt[data-test=\"search-result-distance\"] > strong"]},{"any":[{"id":"color-contrast","data":{"fgColor":"#212b32","bgColor":"#f0f4f5","contrastRatio":13.02,"fontSize":"14.3pt (19px)","fontWeight":"normal","expectedContrastRatio":"4.5:1"},"relatedNodes":[],"impact":"serious","message":"Element has sufficient color contrast of 13.02"}],"all":[],"none":[],"impact":null,"html":"<li data-test=\"search-result-publicationDate\">\n                Date posted: \n                <strong class=\"nhsuk-u-font-weight-bold\">\n                  13 June 2025\n                </strong>\n              </li>","target":[".nhsuk-list-panel.search-result.nhsuk-u-padding-3:nth-child(4) > .nhsuk-grid-row:nth-child(3) > .nhsuk-grid-column-one-half:nth-child(1) > .first-ad-job-info.ad-job-info.nhsuk-list > li[data-test=\"search-result-publicationDate\"]"]},{"any":[{"id":"color-contrast","data":{"fgColor":"#212b32","bgColor":"#f0f4f5","contrastRatio":13.02,"fontSize":"14.3pt (19px)","fontWeight":"normal","expectedContrastRatio":"4.5:1"},"relatedNodes":[],"impact":"serious","message":"Element has sufficient color contrast of 13.02"}],"all":[],"none":[],"impact":null,"html":"<strong class=\"nhsuk-u-font-weight-bold\">\n                  13 June 2025\n                </strong>","target":[".nhsuk-list-panel.search-result.nhsuk-u-padding-3:nth-child(4) > .nhsuk-grid-row:nth-child(3) > .nhsuk-grid-column-one-half:nth-child(1) > .first-ad-job-info.ad-job-info.nhsuk-list > li[data-test=\"search-result-publicationDate\"] > strong"]},{"any":[{"id":"color-contrast","data":{"fgColor":"#212b32","bgColor":"#f0f4f5","contrastRatio":13.02,"fontSize":"14.3pt (19px)","fontWeight":"normal","expectedContrastRatio":"4.5:1"},"relatedNodes":[],"impact":"serious","message":"Element has sufficient color contrast of 13.02"}],"all":[],"none":[],"impact":null,"html":"<li data-test=\"search-result-jobType\" class=\"marginBt\">\n              Contract type: \n              <strong class=\"nhsuk-u-font-weight-bold\">\n                Permanent\n              </strong>\n            </li>","target":[".nhsuk-list-panel.search-result.nhsuk-u-padding-3:nth-child(4) > .nhsuk-grid-row:nth-child(3) > .nhsuk-grid-column-one-half:nth-child(2) > .ad-job-info.nhsuk-list > .marginBt[data-test=\"search-result-jobType\"]"]},{"any":[{"id":"color-contrast","data":{"fgColor":"#212b32","bgColor":"#f0f4f5","contrastRatio":13.02,"fontSize":"14.3pt (19px)","fontWeight":"normal","expectedContrastRatio":"4.5:1"},"relatedNodes":[],"impact":"serious","message":"Element has sufficient color contrast of 13.02"}],"all":[],"none":[],"impact":null,"html":"<strong class=\"nhsuk-u-font-weight-bold\">\n                Permanent\n              </strong>","target":[".nhsuk-list-panel.search-result.nhsuk-u-padding-3:nth-child(4) > .nhsuk-grid-row:nth-child(3) > .nhsuk-grid-column-one-half:nth-child(2) > .ad-job-info.nhsuk-list > .marginBt[data-test=\"search-result-jobType\"] > strong"]},{"any":[{"id":"color-contrast","data":{"fgColor":"#212b32","bgColor":"#f0f4f5","contrastRatio":13.02,"fontSize":"14.3pt (19px)","fontWeight":"normal","expectedContrastRatio":"4.5:1"},"relatedNodes":[],"impact":"serious","message":"Element has sufficient color contrast of 13.02"}],"all":[],"none":[],"impact":null,"html":"<li data-test=\"search-result-workingPattern\" class=\"marginBt\">\n              Working pattern: \n              <strong class=\"nhsuk-u-font-weight-bold\">\n                Flexible working, Full time, Job-share, Part time, Home or remote working\n              </strong>\n            </li>","target":[".nhsuk-list-panel.search-result.nhsuk-u-padding-3:nth-child(4) > .nhsuk-grid-row:nth-child(3) > .nhsuk-grid-column-one-half:nth-child(2) > .ad-job-info.nhsuk-list > .marginBt[data-test=\"search-result-workingPattern\"]"]},{"any":[{"id":"color-contrast","data":{"fgColor":"#212b32","bgColor":"#f0f4f5","contrastRatio":13.02,"fontSize":"14.3pt (19px)","fontWeight":"normal","expectedContrastRatio":"4.5:1"},"relatedNodes":[],"impact":"serious","message":"Element has sufficient color contrast of 13.02"}],"all":[],"none":[],"impact":null,"html":"<strong class=\"nhsuk-u-font-weight-bold\">\n                Flexible working, Full time, Job-share, Part time, Home or remote working\n              </strong>","target":[".nhsuk-list-panel.search-result.nhsuk-u-padding-3:nth-child(4) > .nhsuk-grid-row:nth-child(3) > .nhsuk-grid-column-one-half:nth-child(2) > .ad-job-info.nhsuk-list > .marginBt[data-test=\"search-result-workingPattern\"] > strong"]},{"any":[{"id":"color-contrast","data":{"fgColor":"#212b32","bgColor":"#f0f4f5","contrastRatio":13.02,"fontSize":"14.3pt (19px)","fontWeight":"normal","expectedContrastRatio":"4.5:1"},"relatedNodes":[],"impact":"serious","message":"Element has sufficient color contrast of 13.02"}],"all":[],"none":[],"impact":null,"html":"<li data-test=\"search-result-closingDate\">\n                Closing date: \n                <strong class=\"nhsuk-u-font-weight-bold\">\n                  5 July 2025\n                </strong>\n              </li>","target":[".nhsuk-list-panel.search-result.nhsuk-u-padding-3:nth-child(4) > .nhsuk-grid-row:nth-child(3) > .nhsuk-grid-column-one-half:nth-child(2) > .ad-job-info.nhsuk-list > li[data-test=\"search-result-closingDate\"]"]},{"any":[{"id":"color-contrast","data":{"fgColor":"#212b32","bgColor":"#f0f4f5","contrastRatio":13.02,"fontSize":"14.3pt (19px)","fontWeight":"normal","expectedContrastRatio":"4.5:1"},"relatedNodes":[],"impact":"serious","message":"Element has sufficient color contrast of 13.02"}],"all":[],"none":[],"impact":null,"html":"<strong class=\"nhsuk-u-font-weight-bold\">\n                  5 July 2025\n                </strong>","target":[".nhsuk-list-panel.search-result.nhsuk-u-padding-3:nth-child(4) > .nhsuk-grid-row:nth-child(3) > .nhsuk-grid-column-one-half:nth-child(2) > .ad-job-info.nhsuk-list > li[data-test=\"search-result-closingDate\"] > strong"]},{"any":[{"id":"color-contrast","data":{"fgColor":"#005eb8","bgColor":"#f0f4f5","contrastRatio":5.75,"fontSize":"18.0pt (24px)","fontWeight":"normal","expectedContrastRatio":"3:1"},"relatedNodes":[],"impact":"serious","message":"Element has sufficient color contrast of 5.75"}],"all":[],"none":[],"impact":null,"html":"<a href=\"/candidate/jobadvert/C9190-25-0735?keyword=Doctor&amp;location=Sheffield&amp;distance=5&amp;language=en\" data-test=\"search-result-job-title\">\n              Nurse Consultant Critical Care\n            </a>","target":["#job-title-5 > a[data-test=\"search-result-job-title\"]"]},{"any":[{"id":"color-contrast","data":{"fgColor":"#005eb8","bgColor":"#f0f4f5","contrastRatio":5.75,"fontSize":"14.3pt (19px)","fontWeight":"normal","expectedContrastRatio":"4.5:1"},"relatedNodes":[],"impact":"serious","message":"Element has sufficient color contrast of 5.75"}],"all":[],"none":[],"impact":null,"html":"<a href=\"/candidate/search/save-job/C9190-25-0735\" data-test=\"search-result-save-job\" aria-label=\"Save this job: Nurse Consultant Critical Care (Reference number: C9190-25-0735)\">\n              Save this job\n            </a>","target":[".nhsuk-list-panel.search-result.nhsuk-u-padding-3:nth-child(5) > .nhsuk-grid-row:nth-child(1) > .save-job.nhsuk-u-margin-right-3 > a[data-test=\"search-result-save-job\"]"]},{"any":[{"id":"color-contrast","data":{"fgColor":"#212b32","bgColor":"#f0f4f5","contrastRatio":13.02,"fontSize":"18.0pt (24px)","fontWeight":"normal","expectedContrastRatio":"3:1"},"relatedNodes":[],"impact":"serious","message":"Element has sufficient color contrast of 13.02"}],"all":[],"none":[],"impact":null,"html":"<h3 class=\"nhsuk-u-font-weight-bold\">\n          Sheffield Teaching Hospitals NHS Foundation Trust\n          <div class=\"location-font-size\">\n            \n              Sheffield S5 7AU\n            \n          </div>\n        </h3>","target":[".nhsuk-list-panel.search-result.nhsuk-u-padding-3:nth-child(5) > .nhsuk-u-margin-bottom-4[data-test=\"search-result-location\"] > h3"]},{"any":[{"id":"color-contrast","data":{"fgColor":"#212b32","bgColor":"#f0f4f5","contrastRatio":13.02,"fontSize":"12.0pt (16px)","fontWeight":"normal","expectedContrastRatio":"4.5:1"},"relatedNodes":[],"impact":"serious","message":"Element has sufficient color contrast of 13.02"}],"all":[],"none":[],"impact":null,"html":"<div class=\"location-font-size\">\n            \n              Sheffield S5 7AU\n            \n          </div>","target":[".nhsuk-list-panel.search-result.nhsuk-u-padding-3:nth-child(5) > .nhsuk-u-margin-bottom-4[data-test=\"search-result-location\"] > h3 > .location-font-size"]},{"any":[{"id":"color-contrast","data":{"fgColor":"#212b32","bgColor":"#f0f4f5","contrastRatio":13.02,"fontSize":"14.3pt (19px)","fontWeight":"normal","expectedContrastRatio":"4.5:1"},"relatedNodes":[],"impact":"serious","message":"Element has sufficient color contrast of 13.02"}],"all":[],"none":[],"impact":null,"html":"<li data-test=\"search-result-salary\" class=\"marginBt\">\n                Salary: \n                <strong class=\"nhsuk-u-font-weight-bold\">\n                  £62,215 to £72,293\n                  \n                    a year\n                  \n                </strong>\n              </li>","target":[".nhsuk-list-panel.search-result.nhsuk-u-padding-3:nth-child(5) > .nhsuk-grid-row:nth-child(3) > .nhsuk-grid-column-one-half:nth-child(1) > .first-ad-job-info.ad-job-info.nhsuk-list > .marginBt[data-test=\"search-result-salary\"]"]},{"any":[{"id":"color-contrast","data":{"fgColor":"#212b32","bgColor":"#f0f4f5","contrastRatio":13.02,"fontSize":"14.3pt (19px)","fontWeight":"normal","expectedContrastRatio":"4.5:1"},"relatedNodes":[],"impact":"serious","message":"Element has sufficient color contrast of 13.02"}],"all":[],"none":[],"impact":null,"html":"<strong class=\"nhsuk-u-font-weight-bold\">\n                  £62,215 to £72,293\n                  \n                    a year\n                  \n                </strong>","target":[".nhsuk-list-panel.search-result.nhsuk-u-padding-3:nth-child(5) > .nhsuk-grid-row:nth-child(3) > .nhsuk-grid-column-one-half:nth-child(1) > .first-ad-job-info.ad-job-info.nhsuk-list > .marginBt[data-test=\"search-result-salary\"] > strong"]},{"any":[{"id":"color-contrast","data":{"fgColor":"#212b32","bgColor":"#f0f4f5","contrastRatio":13.02,"fontSize":"14.3pt (19px)","fontWeight":"normal","expectedContrastRatio":"4.5:1"},"relatedNodes":[],"impact":"serious","message":"Element has sufficient color contrast of 13.02"}],"all":[],"none":[],"impact":null,"html":"<li data-test=\"search-result-distance\" class=\"marginBt\">\n                Distance: \n                <strong class=\"nhsuk-u-font-weight-bold\">\n                  2 miles\n                </strong>\n              </li>","target":[".nhsuk-list-panel.search-result.nhsuk-u-padding-3:nth-child(5) > .nhsuk-grid-row:nth-child(3) > .nhsuk-grid-column-one-half:nth-child(1) > .first-ad-job-info.ad-job-info.nhsuk-list > .marginBt[data-test=\"search-result-distance\"]"]},{"any":[{"id":"color-contrast","data":{"fgColor":"#212b32","bgColor":"#f0f4f5","contrastRatio":13.02,"fontSize":"14.3pt (19px)","fontWeight":"normal","expectedContrastRatio":"4.5:1"},"relatedNodes":[],"impact":"serious","message":"Element has sufficient color contrast of 13.02"}],"all":[],"none":[],"impact":null,"html":"<strong class=\"nhsuk-u-font-weight-bold\">\n                  2 miles\n                </strong>","target":[".nhsuk-list-panel.search-result.nhsuk-u-padding-3:nth-child(5) > .nhsuk-grid-row:nth-child(3) > .nhsuk-grid-column-one-half:nth-child(1) > .first-ad-job-info.ad-job-info.nhsuk-list > .marginBt[data-test=\"search-result-distance\"] > strong"]},{"any":[{"id":"color-contrast","data":{"fgColor":"#212b32","bgColor":"#f0f4f5","contrastRatio":13.02,"fontSize":"14.3pt (19px)","fontWeight":"normal","expectedContrastRatio":"4.5:1"},"relatedNodes":[],"impact":"serious","message":"Element has sufficient color contrast of 13.02"}],"all":[],"none":[],"impact":null,"html":"<li data-test=\"search-result-publicationDate\">\n                Date posted: \n                <strong class=\"nhsuk-u-font-weight-bold\">\n                  23 June 2025\n                </strong>\n              </li>","target":[".nhsuk-list-panel.search-result.nhsuk-u-padding-3:nth-child(5) > .nhsuk-grid-row:nth-child(3) > .nhsuk-grid-column-one-half:nth-child(1) > .first-ad-job-info.ad-job-info.nhsuk-list > li[data-test=\"search-result-publicationDate\"]"]},{"any":[{"id":"color-contrast","data":{"fgColor":"#212b32","bgColor":"#f0f4f5","contrastRatio":13.02,"fontSize":"14.3pt (19px)","fontWeight":"normal","expectedContrastRatio":"4.5:1"},"relatedNodes":[],"impact":"serious","message":"Element has sufficient color contrast of 13.02"}],"all":[],"none":[],"impact":null,"html":"<strong class=\"nhsuk-u-font-weight-bold\">\n                  23 June 2025\n                </strong>","target":[".nhsuk-list-panel.search-result.nhsuk-u-padding-3:nth-child(5) > .nhsuk-grid-row:nth-child(3) > .nhsuk-grid-column-one-half:nth-child(1) > .first-ad-job-info.ad-job-info.nhsuk-list > li[data-test=\"search-result-publicationDate\"] > strong"]},{"any":[{"id":"color-contrast","data":{"fgColor":"#212b32","bgColor":"#f0f4f5","contrastRatio":13.02,"fontSize":"14.3pt (19px)","fontWeight":"normal","expectedContrastRatio":"4.5:1"},"relatedNodes":[],"impact":"serious","message":"Element has sufficient color contrast of 13.02"}],"all":[],"none":[],"impact":null,"html":"<li data-test=\"search-result-jobType\" class=\"marginBt\">\n              Contract type: \n              <strong class=\"nhsuk-u-font-weight-bold\">\n                Permanent\n              </strong>\n            </li>","target":[".nhsuk-list-panel.search-result.nhsuk-u-padding-3:nth-child(5) > .nhsuk-grid-row:nth-child(3) > .nhsuk-grid-column-one-half:nth-child(2) > .ad-job-info.nhsuk-list > .marginBt[data-test=\"search-result-jobType\"]"]},{"any":[{"id":"color-contrast","data":{"fgColor":"#212b32","bgColor":"#f0f4f5","contrastRatio":13.02,"fontSize":"14.3pt (19px)","fontWeight":"normal","expectedContrastRatio":"4.5:1"},"relatedNodes":[],"impact":"serious","message":"Element has sufficient color contrast of 13.02"}],"all":[],"none":[],"impact":null,"html":"<strong class=\"nhsuk-u-font-weight-bold\">\n                Permanent\n              </strong>","target":[".nhsuk-list-panel.search-result.nhsuk-u-padding-3:nth-child(5) > .nhsuk-grid-row:nth-child(3) > .nhsuk-grid-column-one-half:nth-child(2) > .ad-job-info.nhsuk-list > .marginBt[data-test=\"search-result-jobType\"] > strong"]},{"any":[{"id":"color-contrast","data":{"fgColor":"#212b32","bgColor":"#f0f4f5","contrastRatio":13.02,"fontSize":"14.3pt (19px)","fontWeight":"normal","expectedContrastRatio":"4.5:1"},"relatedNodes":[],"impact":"serious","message":"Element has sufficient color contrast of 13.02"}],"all":[],"none":[],"impact":null,"html":"<li data-test=\"search-result-workingPattern\" class=\"marginBt\">\n              Working pattern: \n              <strong class=\"nhsuk-u-font-weight-bold\">\n                Full time\n              </strong>\n            </li>","target":[".nhsuk-list-panel.search-result.nhsuk-u-padding-3:nth-child(5) > .nhsuk-grid-row:nth-child(3) > .nhsuk-grid-column-one-half:nth-child(2) > .ad-job-info.nhsuk-list > .marginBt[data-test=\"search-result-workingPattern\"]"]},{"any":[{"id":"color-contrast","data":{"fgColor":"#212b32","bgColor":"#f0f4f5","contrastRatio":13.02,"fontSize":"14.3pt (19px)","fontWeight":"normal","expectedContrastRatio":"4.5:1"},"relatedNodes":[],"impact":"serious","message":"Element has sufficient color contrast of 13.02"}],"all":[],"none":[],"impact":null,"html":"<strong class=\"nhsuk-u-font-weight-bold\">\n                Full time\n              </strong>","target":[".nhsuk-list-panel.search-result.nhsuk-u-padding-3:nth-child(5) > .nhsuk-grid-row:nth-child(3) > .nhsuk-grid-column-one-half:nth-child(2) > .ad-job-info.nhsuk-list > .marginBt[data-test=\"search-result-workingPattern\"] > strong"]},{"any":[{"id":"color-contrast","data":{"fgColor":"#212b32","bgColor":"#f0f4f5","contrastRatio":13.02,"fontSize":"14.3pt (19px)","fontWeight":"normal","expectedContrastRatio":"4.5:1"},"relatedNodes":[],"impact":"serious","message":"Element has sufficient color contrast of 13.02"}],"all":[],"none":[],"impact":null,"html":"<li data-test=\"search-result-closingDate\">\n                Closing date: \n                <strong class=\"nhsuk-u-font-weight-bold\">\n                  6 July 2025\n                </strong>\n              </li>","target":[".nhsuk-list-panel.search-result.nhsuk-u-padding-3:nth-child(5) > .nhsuk-grid-row:nth-child(3) > .nhsuk-grid-column-one-half:nth-child(2) > .ad-job-info.nhsuk-list > li[data-test=\"search-result-closingDate\"]"]},{"any":[{"id":"color-contrast","data":{"fgColor":"#212b32","bgColor":"#f0f4f5","contrastRatio":13.02,"fontSize":"14.3pt (19px)","fontWeight":"normal","expectedContrastRatio":"4.5:1"},"relatedNodes":[],"impact":"serious","message":"Element has sufficient color contrast of 13.02"}],"all":[],"none":[],"impact":null,"html":"<strong class=\"nhsuk-u-font-weight-bold\">\n                  6 July 2025\n                </strong>","target":[".nhsuk-list-panel.search-result.nhsuk-u-padding-3:nth-child(5) > .nhsuk-grid-row:nth-child(3) > .nhsuk-grid-column-one-half:nth-child(2) > .ad-job-info.nhsuk-list > li[data-test=\"search-result-closingDate\"] > strong"]},{"any":[{"id":"color-contrast","data":{"fgColor":"#005eb8","bgColor":"#f0f4f5","contrastRatio":5.75,"fontSize":"18.0pt (24px)","fontWeight":"normal","expectedContrastRatio":"3:1"},"relatedNodes":[],"impact":"serious","message":"Element has sufficient color contrast of 5.75"}],"all":[],"none":[],"impact":null,"html":"<a href=\"/candidate/jobadvert/N0013-25-0006-112267?keyword=Doctor&amp;location=Sheffield&amp;distance=5&amp;language=en\" data-test=\"search-result-job-title\">\n              Lecturer in Social Work\n            </a>","target":["#job-title-6 > a[data-test=\"search-result-job-title\"]"]},{"any":[{"id":"color-contrast","data":{"fgColor":"#005eb8","bgColor":"#f0f4f5","contrastRatio":5.75,"fontSize":"14.3pt (19px)","fontWeight":"normal","expectedContrastRatio":"4.5:1"},"relatedNodes":[],"impact":"serious","message":"Element has sufficient color contrast of 5.75"}],"all":[],"none":[],"impact":null,"html":"<a href=\"/candidate/search/save-job/N0013-25-0006-112267\" data-test=\"search-result-save-job\" aria-label=\"Save this job: Lecturer in Social Work (Reference number: N0013-25-0006-112267)\">\n              Save this job\n            </a>","target":[".nhsuk-list-panel.search-result.nhsuk-u-padding-3:nth-child(6) > .nhsuk-grid-row:nth-child(1) > .save-job.nhsuk-u-margin-right-3 > a[data-test=\"search-result-save-job\"]"]},{"any":[{"id":"color-contrast","data":{"fgColor":"#212b32","bgColor":"#f0f4f5","contrastRatio":13.02,"fontSize":"18.0pt (24px)","fontWeight":"normal","expectedContrastRatio":"3:1"},"relatedNodes":[],"impact":"serious","message":"Element has sufficient color contrast of 13.02"}],"all":[],"none":[],"impact":null,"html":"<h3 class=\"nhsuk-u-font-weight-bold\">\n          Sheffield Hallam University\n          <div class=\"location-font-size\">\n            \n              Sheffield S10 2BP\n            \n          </div>\n        </h3>","target":[".nhsuk-list-panel.search-result.nhsuk-u-padding-3:nth-child(6) > .nhsuk-u-margin-bottom-4[data-test=\"search-result-location\"] > h3"]},{"any":[{"id":"color-contrast","data":{"fgColor":"#212b32","bgColor":"#f0f4f5","contrastRatio":13.02,"fontSize":"12.0pt (16px)","fontWeight":"normal","expectedContrastRatio":"4.5:1"},"relatedNodes":[],"impact":"serious","message":"Element has sufficient color contrast of 13.02"}],"all":[],"none":[],"impact":null,"html":"<div class=\"location-font-size\">\n            \n              Sheffield S10 2BP\n            \n          </div>","target":[".nhsuk-list-panel.search-result.nhsuk-u-padding-3:nth-child(6) > .nhsuk-u-margin-bottom-4[data-test=\"search-result-location\"] > h3 > .location-font-size"]},{"any":[{"id":"color-contrast","data":{"fgColor":"#212b32","bgColor":"#f0f4f5","contrastRatio":13.02,"fontSize":"14.3pt (19px)","fontWeight":"normal","expectedContrastRatio":"4.5:1"},"relatedNodes":[],"impact":"serious","message":"Element has sufficient color contrast of 13.02"}],"all":[],"none":[],"impact":null,"html":"<li data-test=\"search-result-salary\" class=\"marginBt\">\n                Salary: \n                <strong class=\"nhsuk-u-font-weight-bold\">\n                  £39,355 to £44,128\n                  \n                    a year\n                  \n                </strong>\n              </li>","target":[".nhsuk-list-panel.search-result.nhsuk-u-padding-3:nth-child(6) > .nhsuk-grid-row:nth-child(3) > .nhsuk-grid-column-one-half:nth-child(1) > .first-ad-job-info.ad-job-info.nhsuk-list > .marginBt[data-test=\"search-result-salary\"]"]},{"any":[{"id":"color-contrast","data":{"fgColor":"#212b32","bgColor":"#f0f4f5","contrastRatio":13.02,"fontSize":"14.3pt (19px)","fontWeight":"normal","expectedContrastRatio":"4.5:1"},"relatedNodes":[],"impact":"serious","message":"Element has sufficient color contrast of 13.02"}],"all":[],"none":[],"impact":null,"html":"<strong class=\"nhsuk-u-font-weight-bold\">\n                  £39,355 to £44,128\n                  \n                    a year\n                  \n                </strong>","target":[".nhsuk-list-panel.search-result.nhsuk-u-padding-3:nth-child(6) > .nhsuk-grid-row:nth-child(3) > .nhsuk-grid-column-one-half:nth-child(1) > .first-ad-job-info.ad-job-info.nhsuk-list > .marginBt[data-test=\"search-result-salary\"] > strong"]},{"any":[{"id":"color-contrast","data":{"fgColor":"#212b32","bgColor":"#f0f4f5","contrastRatio":13.02,"fontSize":"14.3pt (19px)","fontWeight":"normal","expectedContrastRatio":"4.5:1"},"relatedNodes":[],"impact":"serious","message":"Element has sufficient color contrast of 13.02"}],"all":[],"none":[],"impact":null,"html":"<li data-test=\"search-result-distance\" class=\"marginBt\">\n                Distance: \n                <strong class=\"nhsuk-u-font-weight-bold\">\n                  1.8 miles\n                </strong>\n              </li>","target":[".nhsuk-list-panel.search-result.nhsuk-u-padding-3:nth-child(6) > .nhsuk-grid-row:nth-child(3) > .nhsuk-grid-column-one-half:nth-child(1) > .first-ad-job-info.ad-job-info.nhsuk-list > .marginBt[data-test=\"search-result-distance\"]"]},{"any":[{"id":"color-contrast","data":{"fgColor":"#212b32","bgColor":"#f0f4f5","contrastRatio":13.02,"fontSize":"14.3pt (19px)","fontWeight":"normal","expectedContrastRatio":"4.5:1"},"relatedNodes":[],"impact":"serious","message":"Element has sufficient color contrast of 13.02"}],"all":[],"none":[],"impact":null,"html":"<strong class=\"nhsuk-u-font-weight-bold\">\n                  1.8 miles\n                </strong>","target":[".nhsuk-list-panel.search-result.nhsuk-u-padding-3:nth-child(6) > .nhsuk-grid-row:nth-child(3) > .nhsuk-grid-column-one-half:nth-child(1) > .first-ad-job-info.ad-job-info.nhsuk-list > .marginBt[data-test=\"search-result-distance\"] > strong"]},{"any":[{"id":"color-contrast","data":{"fgColor":"#212b32","bgColor":"#f0f4f5","contrastRatio":13.02,"fontSize":"14.3pt (19px)","fontWeight":"normal","expectedContrastRatio":"4.5:1"},"relatedNodes":[],"impact":"serious","message":"Element has sufficient color contrast of 13.02"}],"all":[],"none":[],"impact":null,"html":"<li data-test=\"search-result-publicationDate\">\n                Date posted: \n                <strong class=\"nhsuk-u-font-weight-bold\">\n                  18 June 2025\n                </strong>\n              </li>","target":[".nhsuk-list-panel.search-result.nhsuk-u-padding-3:nth-child(6) > .nhsuk-grid-row:nth-child(3) > .nhsuk-grid-column-one-half:nth-child(1) > .first-ad-job-info.ad-job-info.nhsuk-list > li[data-test=\"search-result-publicationDate\"]"]},{"any":[{"id":"color-contrast","data":{"fgColor":"#212b32","bgColor":"#f0f4f5","contrastRatio":13.02,"fontSize":"14.3pt (19px)","fontWeight":"normal","expectedContrastRatio":"4.5:1"},"relatedNodes":[],"impact":"serious","message":"Element has sufficient color contrast of 13.02"}],"all":[],"none":[],"impact":null,"html":"<strong class=\"nhsuk-u-font-weight-bold\">\n                  18 June 2025\n                </strong>","target":[".nhsuk-list-panel.search-result.nhsuk-u-padding-3:nth-child(6) > .nhsuk-grid-row:nth-child(3) > .nhsuk-grid-column-one-half:nth-child(1) > .first-ad-job-info.ad-job-info.nhsuk-list > li[data-test=\"search-result-publicationDate\"] > strong"]},{"any":[{"id":"color-contrast","data":{"fgColor":"#212b32","bgColor":"#f0f4f5","contrastRatio":13.02,"fontSize":"14.3pt (19px)","fontWeight":"normal","expectedContrastRatio":"4.5:1"},"relatedNodes":[],"impact":"serious","message":"Element has sufficient color contrast of 13.02"}],"all":[],"none":[],"impact":null,"html":"<li data-test=\"search-result-jobType\" class=\"marginBt\">\n              Contract type: \n              <strong class=\"nhsuk-u-font-weight-bold\">\n                Permanent\n              </strong>\n            </li>","target":[".nhsuk-list-panel.search-result.nhsuk-u-padding-3:nth-child(6) > .nhsuk-grid-row:nth-child(3) > .nhsuk-grid-column-one-half:nth-child(2) > .ad-job-info.nhsuk-list > .marginBt[data-test=\"search-result-jobType\"]"]},{"any":[{"id":"color-contrast","data":{"fgColor":"#212b32","bgColor":"#f0f4f5","contrastRatio":13.02,"fontSize":"14.3pt (19px)","fontWeight":"normal","expectedContrastRatio":"4.5:1"},"relatedNodes":[],"impact":"serious","message":"Element has sufficient color contrast of 13.02"}],"all":[],"none":[],"impact":null,"html":"<strong class=\"nhsuk-u-font-weight-bold\">\n                Permanent\n              </strong>","target":[".nhsuk-list-panel.search-result.nhsuk-u-padding-3:nth-child(6) > .nhsuk-grid-row:nth-child(3) > .nhsuk-grid-column-one-half:nth-child(2) > .ad-job-info.nhsuk-list > .marginBt[data-test=\"search-result-jobType\"] > strong"]},{"any":[{"id":"color-contrast","data":{"fgColor":"#212b32","bgColor":"#f0f4f5","contrastRatio":13.02,"fontSize":"14.3pt (19px)","fontWeight":"normal","expectedContrastRatio":"4.5:1"},"relatedNodes":[],"impact":"serious","message":"Element has sufficient color contrast of 13.02"}],"all":[],"none":[],"impact":null,"html":"<li data-test=\"search-result-workingPattern\" class=\"marginBt\">\n              Working pattern: \n              <strong class=\"nhsuk-u-font-weight-bold\">\n                Flexible working, Full time, Job-share, Part time, Home or remote working\n              </strong>\n            </li>","target":[".nhsuk-list-panel.search-result.nhsuk-u-padding-3:nth-child(6) > .nhsuk-grid-row:nth-child(3) > .nhsuk-grid-column-one-half:nth-child(2) > .ad-job-info.nhsuk-list > .marginBt[data-test=\"search-result-workingPattern\"]"]},{"any":[{"id":"color-contrast","data":{"fgColor":"#212b32","bgColor":"#f0f4f5","contrastRatio":13.02,"fontSize":"14.3pt (19px)","fontWeight":"normal","expectedContrastRatio":"4.5:1"},"relatedNodes":[],"impact":"serious","message":"Element has sufficient color contrast of 13.02"}],"all":[],"none":[],"impact":null,"html":"<strong class=\"nhsuk-u-font-weight-bold\">\n                Flexible working, Full time, Job-share, Part time, Home or remote working\n              </strong>","target":[".nhsuk-list-panel.search-result.nhsuk-u-padding-3:nth-child(6) > .nhsuk-grid-row:nth-child(3) > .nhsuk-grid-column-one-half:nth-child(2) > .ad-job-info.nhsuk-list > .marginBt[data-test=\"search-result-workingPattern\"] > strong"]},{"any":[{"id":"color-contrast","data":{"fgColor":"#212b32","bgColor":"#f0f4f5","contrastRatio":13.02,"fontSize":"14.3pt (19px)","fontWeight":"normal","expectedContrastRatio":"4.5:1"},"relatedNodes":[],"impact":"serious","message":"Element has sufficient color contrast of 13.02"}],"all":[],"none":[],"impact":null,"html":"<li data-test=\"search-result-closingDate\">\n                Closing date: \n                <strong class=\"nhsuk-u-font-weight-bold\">\n                  12 July 2025\n                </strong>\n              </li>","target":[".nhsuk-list-panel.search-result.nhsuk-u-padding-3:nth-child(6) > .nhsuk-grid-row:nth-child(3) > .nhsuk-grid-column-one-half:nth-child(2) > .ad-job-info.nhsuk-list > li[data-test=\"search-result-closingDate\"]"]},{"any":[{"id":"color-contrast","data":{"fgColor":"#212b32","bgColor":"#f0f4f5","contrastRatio":13.02,"fontSize":"14.3pt (19px)","fontWeight":"normal","expectedContrastRatio":"4.5:1"},"relatedNodes":[],"impact":"serious","message":"Element has sufficient color contrast of 13.02"}],"all":[],"none":[],"impact":null,"html":"<strong class=\"nhsuk-u-font-weight-bold\">\n                  12 July 2025\n                </strong>","target":[".nhsuk-list-panel.search-result.nhsuk-u-padding-3:nth-child(6) > .nhsuk-grid-row:nth-child(3) > .nhsuk-grid-column-one-half:nth-child(2) > .ad-job-info.nhsuk-list > li[data-test=\"search-result-closingDate\"] > strong"]},{"any":[{"id":"color-contrast","data":{"fgColor":"#005eb8","bgColor":"#f0f4f5","contrastRatio":5.75,"fontSize":"18.0pt (24px)","fontWeight":"normal","expectedContrastRatio":"3:1"},"relatedNodes":[],"impact":"serious","message":"Element has sufficient color contrast of 5.75"}],"all":[],"none":[],"impact":null,"html":"<a href=\"/candidate/jobadvert/C9190-25-0682?keyword=Doctor&amp;location=Sheffield&amp;distance=5&amp;language=en\" data-test=\"search-result-job-title\">\n              Locum Consultant Haematologist interest in Haemostasis &amp; Thrombosis\n            </a>","target":["#job-title-7 > a[data-test=\"search-result-job-title\"]"]},{"any":[{"id":"color-contrast","data":{"fgColor":"#005eb8","bgColor":"#f0f4f5","contrastRatio":5.75,"fontSize":"14.3pt (19px)","fontWeight":"normal","expectedContrastRatio":"4.5:1"},"relatedNodes":[],"impact":"serious","message":"Element has sufficient color contrast of 5.75"}],"all":[],"none":[],"impact":null,"html":"<a href=\"/candidate/search/save-job/C9190-25-0682\" data-test=\"search-result-save-job\" aria-label=\"Save this job: Locum Consultant Haematologist interest in Haemostasis &amp; Thrombosis (Reference number: C9190-25-0682)\">\n              Save this job\n            </a>","target":[".nhsuk-list-panel.search-result.nhsuk-u-padding-3:nth-child(7) > .nhsuk-grid-row:nth-child(1) > .save-job.nhsuk-u-margin-right-3 > a[data-test=\"search-result-save-job\"]"]},{"any":[{"id":"color-contrast","data":{"fgColor":"#212b32","bgColor":"#f0f4f5","contrastRatio":13.02,"fontSize":"18.0pt (24px)","fontWeight":"normal","expectedContrastRatio":"3:1"},"relatedNodes":[],"impact":"serious","message":"Element has sufficient color contrast of 13.02"}],"all":[],"none":[],"impact":null,"html":"<h3 class=\"nhsuk-u-font-weight-bold\">\n          Sheffield Teaching Hospitals NHS Foundation Trust\n          <div class=\"location-font-size\">\n            \n              Sheffield S10 2JF\n            \n          </div>\n        </h3>","target":[".nhsuk-list-panel.search-result.nhsuk-u-padding-3:nth-child(7) > .nhsuk-u-margin-bottom-4[data-test=\"search-result-location\"] > h3"]},{"any":[{"id":"color-contrast","data":{"fgColor":"#212b32","bgColor":"#f0f4f5","contrastRatio":13.02,"fontSize":"12.0pt (16px)","fontWeight":"normal","expectedContrastRatio":"4.5:1"},"relatedNodes":[],"impact":"serious","message":"Element has sufficient color contrast of 13.02"}],"all":[],"none":[],"impact":null,"html":"<div class=\"location-font-size\">\n            \n              Sheffield S10 2JF\n            \n          </div>","target":[".nhsuk-list-panel.search-result.nhsuk-u-padding-3:nth-child(7) > .nhsuk-u-margin-bottom-4[data-test=\"search-result-location\"] > h3 > .location-font-size"]},{"any":[{"id":"color-contrast","data":{"fgColor":"#212b32","bgColor":"#f0f4f5","contrastRatio":13.02,"fontSize":"14.3pt (19px)","fontWeight":"normal","expectedContrastRatio":"4.5:1"},"relatedNodes":[],"impact":"serious","message":"Element has sufficient color contrast of 13.02"}],"all":[],"none":[],"impact":null,"html":"<li data-test=\"search-result-salary\" class=\"marginBt\">\n                Salary: \n                <strong class=\"nhsuk-u-font-weight-bold\">\n                  £105,504 to £139,882\n                  \n                    a year\n                  \n                </strong>\n              </li>","target":[".nhsuk-list-panel.search-result.nhsuk-u-padding-3:nth-child(7) > .nhsuk-grid-row:nth-child(3) > .nhsuk-grid-column-one-half:nth-child(1) > .first-ad-job-info.ad-job-info.nhsuk-list > .marginBt[data-test=\"search-result-salary\"]"]},{"any":[{"id":"color-contrast","data":{"fgColor":"#212b32","bgColor":"#f0f4f5","contrastRatio":13.02,"fontSize":"14.3pt (19px)","fontWeight":"normal","expectedContrastRatio":"4.5:1"},"relatedNodes":[],"impact":"serious","message":"Element has sufficient color contrast of 13.02"}],"all":[],"none":[],"impact":null,"html":"<strong class=\"nhsuk-u-font-weight-bold\">\n                  £105,504 to £139,882\n                  \n                    a year\n                  \n                </strong>","target":[".nhsuk-list-panel.search-result.nhsuk-u-padding-3:nth-child(7) > .nhsuk-grid-row:nth-child(3) > .nhsuk-grid-column-one-half:nth-child(1) > .first-ad-job-info.ad-job-info.nhsuk-list > .marginBt[data-test=\"search-result-salary\"] > strong"]},{"any":[{"id":"color-contrast","data":{"fgColor":"#212b32","bgColor":"#f0f4f5","contrastRatio":13.02,"fontSize":"14.3pt (19px)","fontWeight":"normal","expectedContrastRatio":"4.5:1"},"relatedNodes":[],"impact":"serious","message":"Element has sufficient color contrast of 13.02"}],"all":[],"none":[],"impact":null,"html":"<li data-test=\"search-result-distance\" class=\"marginBt\">\n                Distance: \n                <strong class=\"nhsuk-u-font-weight-bold\">\n                  1.8 miles\n                </strong>\n              </li>","target":[".nhsuk-list-panel.search-result.nhsuk-u-padding-3:nth-child(7) > .nhsuk-grid-row:nth-child(3) > .nhsuk-grid-column-one-half:nth-child(1) > .first-ad-job-info.ad-job-info.nhsuk-list > .marginBt[data-test=\"search-result-distance\"]"]},{"any":[{"id":"color-contrast","data":{"fgColor":"#212b32","bgColor":"#f0f4f5","contrastRatio":13.02,"fontSize":"14.3pt (19px)","fontWeight":"normal","expectedContrastRatio":"4.5:1"},"relatedNodes":[],"impact":"serious","message":"Element has sufficient color contrast of 13.02"}],"all":[],"none":[],"impact":null,"html":"<strong class=\"nhsuk-u-font-weight-bold\">\n                  1.8 miles\n                </strong>","target":[".nhsuk-list-panel.search-result.nhsuk-u-padding-3:nth-child(7) > .nhsuk-grid-row:nth-child(3) > .nhsuk-grid-column-one-half:nth-child(1) > .first-ad-job-info.ad-job-info.nhsuk-list > .marginBt[data-test=\"search-result-distance\"] > strong"]},{"any":[{"id":"color-contrast","data":{"fgColor":"#212b32","bgColor":"#f0f4f5","contrastRatio":13.02,"fontSize":"14.3pt (19px)","fontWeight":"normal","expectedContrastRatio":"4.5:1"},"relatedNodes":[],"impact":"serious","message":"Element has sufficient color contrast of 13.02"}],"all":[],"none":[],"impact":null,"html":"<li data-test=\"search-result-publicationDate\">\n                Date posted: \n                <strong class=\"nhsuk-u-font-weight-bold\">\n                  10 June 2025\n                </strong>\n              </li>","target":[".nhsuk-list-panel.search-result.nhsuk-u-padding-3:nth-child(7) > .nhsuk-grid-row:nth-child(3) > .nhsuk-grid-column-one-half:nth-child(1) > .first-ad-job-info.ad-job-info.nhsuk-list > li[data-test=\"search-result-publicationDate\"]"]},{"any":[{"id":"color-contrast","data":{"fgColor":"#212b32","bgColor":"#f0f4f5","contrastRatio":13.02,"fontSize":"14.3pt (19px)","fontWeight":"normal","expectedContrastRatio":"4.5:1"},"relatedNodes":[],"impact":"serious","message":"Element has sufficient color contrast of 13.02"}],"all":[],"none":[],"impact":null,"html":"<strong class=\"nhsuk-u-font-weight-bold\">\n                  10 June 2025\n                </strong>","target":[".nhsuk-list-panel.search-result.nhsuk-u-padding-3:nth-child(7) > .nhsuk-grid-row:nth-child(3) > .nhsuk-grid-column-one-half:nth-child(1) > .first-ad-job-info.ad-job-info.nhsuk-list > li[data-test=\"search-result-publicationDate\"] > strong"]},{"any":[{"id":"color-contrast","data":{"fgColor":"#212b32","bgColor":"#f0f4f5","contrastRatio":13.02,"fontSize":"14.3pt (19px)","fontWeight":"normal","expectedContrastRatio":"4.5:1"},"relatedNodes":[],"impact":"serious","message":"Element has sufficient color contrast of 13.02"}],"all":[],"none":[],"impact":null,"html":"<li data-test=\"search-result-jobType\" class=\"marginBt\">\n              Contract type: \n              <strong class=\"nhsuk-u-font-weight-bold\">\n                Fixed-Term\n              </strong>\n            </li>","target":[".nhsuk-list-panel.search-result.nhsuk-u-padding-3:nth-child(7) > .nhsuk-grid-row:nth-child(3) > .nhsuk-grid-column-one-half:nth-child(2) > .ad-job-info.nhsuk-list > .marginBt[data-test=\"search-result-jobType\"]"]},{"any":[{"id":"color-contrast","data":{"fgColor":"#212b32","bgColor":"#f0f4f5","contrastRatio":13.02,"fontSize":"14.3pt (19px)","fontWeight":"normal","expectedContrastRatio":"4.5:1"},"relatedNodes":[],"impact":"serious","message":"Element has sufficient color contrast of 13.02"}],"all":[],"none":[],"impact":null,"html":"<strong class=\"nhsuk-u-font-weight-bold\">\n                Fixed-Term\n              </strong>","target":[".nhsuk-list-panel.search-result.nhsuk-u-padding-3:nth-child(7) > .nhsuk-grid-row:nth-child(3) > .nhsuk-grid-column-one-half:nth-child(2) > .ad-job-info.nhsuk-list > .marginBt[data-test=\"search-result-jobType\"] > strong"]},{"any":[{"id":"color-contrast","data":{"fgColor":"#212b32","bgColor":"#f0f4f5","contrastRatio":13.02,"fontSize":"14.3pt (19px)","fontWeight":"normal","expectedContrastRatio":"4.5:1"},"relatedNodes":[],"impact":"serious","message":"Element has sufficient color contrast of 13.02"}],"all":[],"none":[],"impact":null,"html":"<li data-test=\"search-result-workingPattern\" class=\"marginBt\">\n              Working pattern: \n              <strong class=\"nhsuk-u-font-weight-bold\">\n                Full time\n              </strong>\n            </li>","target":[".nhsuk-list-panel.search-result.nhsuk-u-padding-3:nth-child(7) > .nhsuk-grid-row:nth-child(3) > .nhsuk-grid-column-one-half:nth-child(2) > .ad-job-info.nhsuk-list > .marginBt[data-test=\"search-result-workingPattern\"]"]},{"any":[{"id":"color-contrast","data":{"fgColor":"#212b32","bgColor":"#f0f4f5","contrastRatio":13.02,"fontSize":"14.3pt (19px)","fontWeight":"normal","expectedContrastRatio":"4.5:1"},"relatedNodes":[],"impact":"serious","message":"Element has sufficient color contrast of 13.02"}],"all":[],"none":[],"impact":null,"html":"<strong class=\"nhsuk-u-font-weight-bold\">\n                Full time\n              </strong>","target":[".nhsuk-list-panel.search-result.nhsuk-u-padding-3:nth-child(7) > .nhsuk-grid-row:nth-child(3) > .nhsuk-grid-column-one-half:nth-child(2) > .ad-job-info.nhsuk-list > .marginBt[data-test=\"search-result-workingPattern\"] > strong"]},{"any":[{"id":"color-contrast","data":{"fgColor":"#212b32","bgColor":"#f0f4f5","contrastRatio":13.02,"fontSize":"14.3pt (19px)","fontWeight":"normal","expectedContrastRatio":"4.5:1"},"relatedNodes":[],"impact":"serious","message":"Element has sufficient color contrast of 13.02"}],"all":[],"none":[],"impact":null,"html":"<li data-test=\"search-result-closingDate\">\n                Closing date: \n                <strong class=\"nhsuk-u-font-weight-bold\">\n                  24 June 2025\n                </strong>\n              </li>","target":[".nhsuk-list-panel.search-result.nhsuk-u-padding-3:nth-child(7) > .nhsuk-grid-row:nth-child(3) > .nhsuk-grid-column-one-half:nth-child(2) > .ad-job-info.nhsuk-list > li[data-test=\"search-result-closingDate\"]"]},{"any":[{"id":"color-contrast","data":{"fgColor":"#212b32","bgColor":"#f0f4f5","contrastRatio":13.02,"fontSize":"14.3pt (19px)","fontWeight":"normal","expectedContrastRatio":"4.5:1"},"relatedNodes":[],"impact":"serious","message":"Element has sufficient color contrast of 13.02"}],"all":[],"none":[],"impact":null,"html":"<strong class=\"nhsuk-u-font-weight-bold\">\n                  24 June 2025\n                </strong>","target":[".nhsuk-list-panel.search-result.nhsuk-u-padding-3:nth-child(7) > .nhsuk-grid-row:nth-child(3) > .nhsuk-grid-column-one-half:nth-child(2) > .ad-job-info.nhsuk-list > li[data-test=\"search-result-closingDate\"] > strong"]},{"any":[{"id":"color-contrast","data":{"fgColor":"#005eb8","bgColor":"#f0f4f5","contrastRatio":5.75,"fontSize":"18.0pt (24px)","fontWeight":"normal","expectedContrastRatio":"3:1"},"relatedNodes":[],"impact":"serious","message":"Element has sufficient color contrast of 5.75"}],"all":[],"none":[],"impact":null,"html":"<a href=\"/candidate/jobadvert/C9190-25-0716?keyword=Doctor&amp;location=Sheffield&amp;distance=5&amp;language=en\" data-test=\"search-result-job-title\">\n              Locum Consultant in Spinal Injuries\n            </a>","target":["#job-title-8 > a[data-test=\"search-result-job-title\"]"]},{"any":[{"id":"color-contrast","data":{"fgColor":"#005eb8","bgColor":"#f0f4f5","contrastRatio":5.75,"fontSize":"14.3pt (19px)","fontWeight":"normal","expectedContrastRatio":"4.5:1"},"relatedNodes":[],"impact":"serious","message":"Element has sufficient color contrast of 5.75"}],"all":[],"none":[],"impact":null,"html":"<a href=\"/candidate/search/save-job/C9190-25-0716\" data-test=\"search-result-save-job\" aria-label=\"Save this job: Locum Consultant in Spinal Injuries (Reference number: C9190-25-0716)\">\n              Save this job\n            </a>","target":[".nhsuk-list-panel.search-result.nhsuk-u-padding-3:nth-child(8) > .nhsuk-grid-row:nth-child(1) > .save-job.nhsuk-u-margin-right-3 > a[data-test=\"search-result-save-job\"]"]},{"any":[{"id":"color-contrast","data":{"fgColor":"#212b32","bgColor":"#f0f4f5","contrastRatio":13.02,"fontSize":"18.0pt (24px)","fontWeight":"normal","expectedContrastRatio":"3:1"},"relatedNodes":[],"impact":"serious","message":"Element has sufficient color contrast of 13.02"}],"all":[],"none":[],"impact":null,"html":"<h3 class=\"nhsuk-u-font-weight-bold\">\n          Sheffield Teaching Hospitals NHS Foundation Trust\n          <div class=\"location-font-size\">\n            \n              Sheffield S5 7AU\n            \n          </div>\n        </h3>","target":[".nhsuk-list-panel.search-result.nhsuk-u-padding-3:nth-child(8) > .nhsuk-u-margin-bottom-4[data-test=\"search-result-location\"] > h3"]},{"any":[{"id":"color-contrast","data":{"fgColor":"#212b32","bgColor":"#f0f4f5","contrastRatio":13.02,"fontSize":"12.0pt (16px)","fontWeight":"normal","expectedContrastRatio":"4.5:1"},"relatedNodes":[],"impact":"serious","message":"Element has sufficient color contrast of 13.02"}],"all":[],"none":[],"impact":null,"html":"<div class=\"location-font-size\">\n            \n              Sheffield S5 7AU\n            \n          </div>","target":[".nhsuk-list-panel.search-result.nhsuk-u-padding-3:nth-child(8) > .nhsuk-u-margin-bottom-4[data-test=\"search-result-location\"] > h3 > .location-font-size"]},{"any":[{"id":"color-contrast","data":{"fgColor":"#212b32","bgColor":"#f0f4f5","contrastRatio":13.02,"fontSize":"14.3pt (19px)","fontWeight":"normal","expectedContrastRatio":"4.5:1"},"relatedNodes":[],"impact":"serious","message":"Element has sufficient color contrast of 13.02"}],"all":[],"none":[],"impact":null,"html":"<li data-test=\"search-result-salary\" class=\"marginBt\">\n                Salary: \n                <strong class=\"nhsuk-u-font-weight-bold\">\n                  £105,504 to £139,882\n                  \n                    a year\n                  \n                </strong>\n              </li>","target":[".nhsuk-list-panel.search-result.nhsuk-u-padding-3:nth-child(8) > .nhsuk-grid-row:nth-child(3) > .nhsuk-grid-column-one-half:nth-child(1) > .first-ad-job-info.ad-job-info.nhsuk-list > .marginBt[data-test=\"search-result-salary\"]"]},{"any":[{"id":"color-contrast","data":{"fgColor":"#212b32","bgColor":"#f0f4f5","contrastRatio":13.02,"fontSize":"14.3pt (19px)","fontWeight":"normal","expectedContrastRatio":"4.5:1"},"relatedNodes":[],"impact":"serious","message":"Element has sufficient color contrast of 13.02"}],"all":[],"none":[],"impact":null,"html":"<strong class=\"nhsuk-u-font-weight-bold\">\n                  £105,504 to £139,882\n                  \n                    a year\n                  \n                </strong>","target":[".nhsuk-list-panel.search-result.nhsuk-u-padding-3:nth-child(8) > .nhsuk-grid-row:nth-child(3) > .nhsuk-grid-column-one-half:nth-child(1) > .first-ad-job-info.ad-job-info.nhsuk-list > .marginBt[data-test=\"search-result-salary\"] > strong"]},{"any":[{"id":"color-contrast","data":{"fgColor":"#212b32","bgColor":"#f0f4f5","contrastRatio":13.02,"fontSize":"14.3pt (19px)","fontWeight":"normal","expectedContrastRatio":"4.5:1"},"relatedNodes":[],"impact":"serious","message":"Element has sufficient color contrast of 13.02"}],"all":[],"none":[],"impact":null,"html":"<li data-test=\"search-result-distance\" class=\"marginBt\">\n                Distance: \n                <strong class=\"nhsuk-u-font-weight-bold\">\n                  2 miles\n                </strong>\n              </li>","target":[".nhsuk-list-panel.search-result.nhsuk-u-padding-3:nth-child(8) > .nhsuk-grid-row:nth-child(3) > .nhsuk-grid-column-one-half:nth-child(1) > .first-ad-job-info.ad-job-info.nhsuk-list > .marginBt[data-test=\"search-result-distance\"]"]},{"any":[{"id":"color-contrast","data":{"fgColor":"#212b32","bgColor":"#f0f4f5","contrastRatio":13.02,"fontSize":"14.3pt (19px)","fontWeight":"normal","expectedContrastRatio":"4.5:1"},"relatedNodes":[],"impact":"serious","message":"Element has sufficient color contrast of 13.02"}],"all":[],"none":[],"impact":null,"html":"<strong class=\"nhsuk-u-font-weight-bold\">\n                  2 miles\n                </strong>","target":[".nhsuk-list-panel.search-result.nhsuk-u-padding-3:nth-child(8) > .nhsuk-grid-row:nth-child(3) > .nhsuk-grid-column-one-half:nth-child(1) > .first-ad-job-info.ad-job-info.nhsuk-list > .marginBt[data-test=\"search-result-distance\"] > strong"]},{"any":[{"id":"color-contrast","data":{"fgColor":"#212b32","bgColor":"#f0f4f5","contrastRatio":13.02,"fontSize":"14.3pt (19px)","fontWeight":"normal","expectedContrastRatio":"4.5:1"},"relatedNodes":[],"impact":"serious","message":"Element has sufficient color contrast of 13.02"}],"all":[],"none":[],"impact":null,"html":"<li data-test=\"search-result-publicationDate\">\n                Date posted: \n                <strong class=\"nhsuk-u-font-weight-bold\">\n                  17 June 2025\n                </strong>\n              </li>","target":[".nhsuk-list-panel.search-result.nhsuk-u-padding-3:nth-child(8) > .nhsuk-grid-row:nth-child(3) > .nhsuk-grid-column-one-half:nth-child(1) > .first-ad-job-info.ad-job-info.nhsuk-list > li[data-test=\"search-result-publicationDate\"]"]},{"any":[{"id":"color-contrast","data":{"fgColor":"#212b32","bgColor":"#f0f4f5","contrastRatio":13.02,"fontSize":"14.3pt (19px)","fontWeight":"normal","expectedContrastRatio":"4.5:1"},"relatedNodes":[],"impact":"serious","message":"Element has sufficient color contrast of 13.02"}],"all":[],"none":[],"impact":null,"html":"<strong class=\"nhsuk-u-font-weight-bold\">\n                  17 June 2025\n                </strong>","target":[".nhsuk-list-panel.search-result.nhsuk-u-padding-3:nth-child(8) > .nhsuk-grid-row:nth-child(3) > .nhsuk-grid-column-one-half:nth-child(1) > .first-ad-job-info.ad-job-info.nhsuk-list > li[data-test=\"search-result-publicationDate\"] > strong"]},{"any":[{"id":"color-contrast","data":{"fgColor":"#212b32","bgColor":"#f0f4f5","contrastRatio":13.02,"fontSize":"14.3pt (19px)","fontWeight":"normal","expectedContrastRatio":"4.5:1"},"relatedNodes":[],"impact":"serious","message":"Element has sufficient color contrast of 13.02"}],"all":[],"none":[],"impact":null,"html":"<li data-test=\"search-result-jobType\" class=\"marginBt\">\n              Contract type: \n              <strong class=\"nhsuk-u-font-weight-bold\">\n                Fixed-Term\n              </strong>\n            </li>","target":[".nhsuk-list-panel.search-result.nhsuk-u-padding-3:nth-child(8) > .nhsuk-grid-row:nth-child(3) > .nhsuk-grid-column-one-half:nth-child(2) > .ad-job-info.nhsuk-list > .marginBt[data-test=\"search-result-jobType\"]"]},{"any":[{"id":"color-contrast","data":{"fgColor":"#212b32","bgColor":"#f0f4f5","contrastRatio":13.02,"fontSize":"14.3pt (19px)","fontWeight":"normal","expectedContrastRatio":"4.5:1"},"relatedNodes":[],"impact":"serious","message":"Element has sufficient color contrast of 13.02"}],"all":[],"none":[],"impact":null,"html":"<strong class=\"nhsuk-u-font-weight-bold\">\n                Fixed-Term\n              </strong>","target":[".nhsuk-list-panel.search-result.nhsuk-u-padding-3:nth-child(8) > .nhsuk-grid-row:nth-child(3) > .nhsuk-grid-column-one-half:nth-child(2) > .ad-job-info.nhsuk-list > .marginBt[data-test=\"search-result-jobType\"] > strong"]},{"any":[{"id":"color-contrast","data":{"fgColor":"#212b32","bgColor":"#f0f4f5","contrastRatio":13.02,"fontSize":"14.3pt (19px)","fontWeight":"normal","expectedContrastRatio":"4.5:1"},"relatedNodes":[],"impact":"serious","message":"Element has sufficient color contrast of 13.02"}],"all":[],"none":[],"impact":null,"html":"<li data-test=\"search-result-workingPattern\" class=\"marginBt\">\n              Working pattern: \n              <strong class=\"nhsuk-u-font-weight-bold\">\n                Full time\n              </strong>\n            </li>","target":[".nhsuk-list-panel.search-result.nhsuk-u-padding-3:nth-child(8) > .nhsuk-grid-row:nth-child(3) > .nhsuk-grid-column-one-half:nth-child(2) > .ad-job-info.nhsuk-list > .marginBt[data-test=\"search-result-workingPattern\"]"]},{"any":[{"id":"color-contrast","data":{"fgColor":"#212b32","bgColor":"#f0f4f5","contrastRatio":13.02,"fontSize":"14.3pt (19px)","fontWeight":"normal","expectedContrastRatio":"4.5:1"},"relatedNodes":[],"impact":"serious","message":"Element has sufficient color contrast of 13.02"}],"all":[],"none":[],"impact":null,"html":"<strong class=\"nhsuk-u-font-weight-bold\">\n                Full time\n              </strong>","target":[".nhsuk-list-panel.search-result.nhsuk-u-padding-3:nth-child(8) > .nhsuk-grid-row:nth-child(3) > .nhsuk-grid-column-one-half:nth-child(2) > .ad-job-info.nhsuk-list > .marginBt[data-test=\"search-result-workingPattern\"] > strong"]},{"any":[{"id":"color-contrast","data":{"fgColor":"#212b32","bgColor":"#f0f4f5","contrastRatio":13.02,"fontSize":"14.3pt (19px)","fontWeight":"normal","expectedContrastRatio":"4.5:1"},"relatedNodes":[],"impact":"serious","message":"Element has sufficient color contrast of 13.02"}],"all":[],"none":[],"impact":null,"html":"<li data-test=\"search-result-closingDate\">\n                Closing date: \n                <strong class=\"nhsuk-u-font-weight-bold\">\n                  6 July 2025\n                </strong>\n              </li>","target":[".nhsuk-list-panel.search-result.nhsuk-u-padding-3:nth-child(8) > .nhsuk-grid-row:nth-child(3) > .nhsuk-grid-column-one-half:nth-child(2) > .ad-job-info.nhsuk-list > li[data-test=\"search-result-closingDate\"]"]},{"any":[{"id":"color-contrast","data":{"fgColor":"#212b32","bgColor":"#f0f4f5","contrastRatio":13.02,"fontSize":"14.3pt (19px)","fontWeight":"normal","expectedContrastRatio":"4.5:1"},"relatedNodes":[],"impact":"serious","message":"Element has sufficient color contrast of 13.02"}],"all":[],"none":[],"impact":null,"html":"<strong class=\"nhsuk-u-font-weight-bold\">\n                  6 July 2025\n                </strong>","target":[".nhsuk-list-panel.search-result.nhsuk-u-padding-3:nth-child(8) > .nhsuk-grid-row:nth-child(3) > .nhsuk-grid-column-one-half:nth-child(2) > .ad-job-info.nhsuk-list > li[data-test=\"search-result-closingDate\"] > strong"]},{"any":[{"id":"color-contrast","data":{"fgColor":"#005eb8","bgColor":"#f0f4f5","contrastRatio":5.75,"fontSize":"18.0pt (24px)","fontWeight":"normal","expectedContrastRatio":"3:1"},"relatedNodes":[],"impact":"serious","message":"Element has sufficient color contrast of 5.75"}],"all":[],"none":[],"impact":null,"html":"<a href=\"/candidate/jobadvert/C9190-25-0746?keyword=Doctor&amp;location=Sheffield&amp;distance=5&amp;language=en\" data-test=\"search-result-job-title\">\n              Specialist in Colorectal/General Surgery\n            </a>","target":["#job-title-9 > a[data-test=\"search-result-job-title\"]"]},{"any":[{"id":"color-contrast","data":{"fgColor":"#005eb8","bgColor":"#f0f4f5","contrastRatio":5.75,"fontSize":"14.3pt (19px)","fontWeight":"normal","expectedContrastRatio":"4.5:1"},"relatedNodes":[],"impact":"serious","message":"Element has sufficient color contrast of 5.75"}],"all":[],"none":[],"impact":null,"html":"<a href=\"/candidate/search/save-job/C9190-25-0746\" data-test=\"search-result-save-job\" aria-label=\"Save this job: Specialist in Colorectal/General Surgery (Reference number: C9190-25-0746)\">\n              Save this job\n            </a>","target":[".nhsuk-list-panel.search-result.nhsuk-u-padding-3:nth-child(9) > .nhsuk-grid-row:nth-child(1) > .save-job.nhsuk-u-margin-right-3 > a[data-test=\"search-result-save-job\"]"]},{"any":[{"id":"color-contrast","data":{"fgColor":"#212b32","bgColor":"#f0f4f5","contrastRatio":13.02,"fontSize":"18.0pt (24px)","fontWeight":"normal","expectedContrastRatio":"3:1"},"relatedNodes":[],"impact":"serious","message":"Element has sufficient color contrast of 13.02"}],"all":[],"none":[],"impact":null,"html":"<h3 class=\"nhsuk-u-font-weight-bold\">\n          Sheffield Teaching Hospitals NHS Foundation Trust\n          <div class=\"location-font-size\">\n            \n              Sheffield S10 2JF\n            \n          </div>\n        </h3>","target":[".nhsuk-list-panel.search-result.nhsuk-u-padding-3:nth-child(9) > .nhsuk-u-margin-bottom-4[data-test=\"search-result-location\"] > h3"]},{"any":[{"id":"color-contrast","data":{"fgColor":"#212b32","bgColor":"#f0f4f5","contrastRatio":13.02,"fontSize":"12.0pt (16px)","fontWeight":"normal","expectedContrastRatio":"4.5:1"},"relatedNodes":[],"impact":"serious","message":"Element has sufficient color contrast of 13.02"}],"all":[],"none":[],"impact":null,"html":"<div class=\"location-font-size\">\n            \n              Sheffield S10 2JF\n            \n          </div>","target":[".nhsuk-list-panel.search-result.nhsuk-u-padding-3:nth-child(9) > .nhsuk-u-margin-bottom-4[data-test=\"search-result-location\"] > h3 > .location-font-size"]},{"any":[{"id":"color-contrast","data":{"fgColor":"#212b32","bgColor":"#f0f4f5","contrastRatio":13.02,"fontSize":"14.3pt (19px)","fontWeight":"normal","expectedContrastRatio":"4.5:1"},"relatedNodes":[],"impact":"serious","message":"Element has sufficient color contrast of 13.02"}],"all":[],"none":[],"impact":null,"html":"<li data-test=\"search-result-salary\" class=\"marginBt\">\n                Salary: \n                <strong class=\"nhsuk-u-font-weight-bold\">\n                  £96,990 to £107,155\n                  \n                    a year\n                  \n                </strong>\n              </li>","target":[".nhsuk-list-panel.search-result.nhsuk-u-padding-3:nth-child(9) > .nhsuk-grid-row:nth-child(3) > .nhsuk-grid-column-one-half:nth-child(1) > .first-ad-job-info.ad-job-info.nhsuk-list > .marginBt[data-test=\"search-result-salary\"]"]},{"any":[{"id":"color-contrast","data":{"fgColor":"#212b32","bgColor":"#f0f4f5","contrastRatio":13.02,"fontSize":"14.3pt (19px)","fontWeight":"normal","expectedContrastRatio":"4.5:1"},"relatedNodes":[],"impact":"serious","message":"Element has sufficient color contrast of 13.02"}],"all":[],"none":[],"impact":null,"html":"<strong class=\"nhsuk-u-font-weight-bold\">\n                  £96,990 to £107,155\n                  \n                    a year\n                  \n                </strong>","target":[".nhsuk-list-panel.search-result.nhsuk-u-padding-3:nth-child(9) > .nhsuk-grid-row:nth-child(3) > .nhsuk-grid-column-one-half:nth-child(1) > .first-ad-job-info.ad-job-info.nhsuk-list > .marginBt[data-test=\"search-result-salary\"] > strong"]},{"any":[{"id":"color-contrast","data":{"fgColor":"#212b32","bgColor":"#f0f4f5","contrastRatio":13.02,"fontSize":"14.3pt (19px)","fontWeight":"normal","expectedContrastRatio":"4.5:1"},"relatedNodes":[],"impact":"serious","message":"Element has sufficient color contrast of 13.02"}],"all":[],"none":[],"impact":null,"html":"<li data-test=\"search-result-distance\" class=\"marginBt\">\n                Distance: \n                <strong class=\"nhsuk-u-font-weight-bold\">\n                  1.8 miles\n                </strong>\n              </li>","target":[".nhsuk-list-panel.search-result.nhsuk-u-padding-3:nth-child(9) > .nhsuk-grid-row:nth-child(3) > .nhsuk-grid-column-one-half:nth-child(1) > .first-ad-job-info.ad-job-info.nhsuk-list > .marginBt[data-test=\"search-result-distance\"]"]},{"any":[{"id":"color-contrast","data":{"fgColor":"#212b32","bgColor":"#f0f4f5","contrastRatio":13.02,"fontSize":"14.3pt (19px)","fontWeight":"normal","expectedContrastRatio":"4.5:1"},"relatedNodes":[],"impact":"serious","message":"Element has sufficient color contrast of 13.02"}],"all":[],"none":[],"impact":null,"html":"<strong class=\"nhsuk-u-font-weight-bold\">\n                  1.8 miles\n                </strong>","target":[".nhsuk-list-panel.search-result.nhsuk-u-padding-3:nth-child(9) > .nhsuk-grid-row:nth-child(3) > .nhsuk-grid-column-one-half:nth-child(1) > .first-ad-job-info.ad-job-info.nhsuk-list > .marginBt[data-test=\"search-result-distance\"] > strong"]},{"any":[{"id":"color-contrast","data":{"fgColor":"#212b32","bgColor":"#f0f4f5","contrastRatio":13.02,"fontSize":"14.3pt (19px)","fontWeight":"normal","expectedContrastRatio":"4.5:1"},"relatedNodes":[],"impact":"serious","message":"Element has sufficient color contrast of 13.02"}],"all":[],"none":[],"impact":null,"html":"<li data-test=\"search-result-publicationDate\">\n                Date posted: \n                <strong class=\"nhsuk-u-font-weight-bold\">\n                  23 June 2025\n                </strong>\n              </li>","target":[".nhsuk-list-panel.search-result.nhsuk-u-padding-3:nth-child(9) > .nhsuk-grid-row:nth-child(3) > .nhsuk-grid-column-one-half:nth-child(1) > .first-ad-job-info.ad-job-info.nhsuk-list > li[data-test=\"search-result-publicationDate\"]"]},{"any":[{"id":"color-contrast","data":{"fgColor":"#212b32","bgColor":"#f0f4f5","contrastRatio":13.02,"fontSize":"14.3pt (19px)","fontWeight":"normal","expectedContrastRatio":"4.5:1"},"relatedNodes":[],"impact":"serious","message":"Element has sufficient color contrast of 13.02"}],"all":[],"none":[],"impact":null,"html":"<strong class=\"nhsuk-u-font-weight-bold\">\n                  23 June 2025\n                </strong>","target":[".nhsuk-list-panel.search-result.nhsuk-u-padding-3:nth-child(9) > .nhsuk-grid-row:nth-child(3) > .nhsuk-grid-column-one-half:nth-child(1) > .first-ad-job-info.ad-job-info.nhsuk-list > li[data-test=\"search-result-publicationDate\"] > strong"]},{"any":[{"id":"color-contrast","data":{"fgColor":"#212b32","bgColor":"#f0f4f5","contrastRatio":13.02,"fontSize":"14.3pt (19px)","fontWeight":"normal","expectedContrastRatio":"4.5:1"},"relatedNodes":[],"impact":"serious","message":"Element has sufficient color contrast of 13.02"}],"all":[],"none":[],"impact":null,"html":"<li data-test=\"search-result-jobType\" class=\"marginBt\">\n              Contract type: \n              <strong class=\"nhsuk-u-font-weight-bold\">\n                Permanent\n              </strong>\n            </li>","target":[".nhsuk-list-panel.search-result.nhsuk-u-padding-3:nth-child(9) > .nhsuk-grid-row:nth-child(3) > .nhsuk-grid-column-one-half:nth-child(2) > .ad-job-info.nhsuk-list > .marginBt[data-test=\"search-result-jobType\"]"]},{"any":[{"id":"color-contrast","data":{"fgColor":"#212b32","bgColor":"#f0f4f5","contrastRatio":13.02,"fontSize":"14.3pt (19px)","fontWeight":"normal","expectedContrastRatio":"4.5:1"},"relatedNodes":[],"impact":"serious","message":"Element has sufficient color contrast of 13.02"}],"all":[],"none":[],"impact":null,"html":"<strong class=\"nhsuk-u-font-weight-bold\">\n                Permanent\n              </strong>","target":[".nhsuk-list-panel.search-result.nhsuk-u-padding-3:nth-child(9) > .nhsuk-grid-row:nth-child(3) > .nhsuk-grid-column-one-half:nth-child(2) > .ad-job-info.nhsuk-list > .marginBt[data-test=\"search-result-jobType\"] > strong"]},{"any":[{"id":"color-contrast","data":{"fgColor":"#212b32","bgColor":"#f0f4f5","contrastRatio":13.02,"fontSize":"14.3pt (19px)","fontWeight":"normal","expectedContrastRatio":"4.5:1"},"relatedNodes":[],"impact":"serious","message":"Element has sufficient color contrast of 13.02"}],"all":[],"none":[],"impact":null,"html":"<li data-test=\"search-result-workingPattern\" class=\"marginBt\">\n              Working pattern: \n              <strong class=\"nhsuk-u-font-weight-bold\">\n                Full time\n              </strong>\n            </li>","target":[".nhsuk-list-panel.search-result.nhsuk-u-padding-3:nth-child(9) > .nhsuk-grid-row:nth-child(3) > .nhsuk-grid-column-one-half:nth-child(2) > .ad-job-info.nhsuk-list > .marginBt[data-test=\"search-result-workingPattern\"]"]},{"any":[{"id":"color-contrast","data":{"fgColor":"#212b32","bgColor":"#f0f4f5","contrastRatio":13.02,"fontSize":"14.3pt (19px)","fontWeight":"normal","expectedContrastRatio":"4.5:1"},"relatedNodes":[],"impact":"serious","message":"Element has sufficient color contrast of 13.02"}],"all":[],"none":[],"impact":null,"html":"<strong class=\"nhsuk-u-font-weight-bold\">\n                Full time\n              </strong>","target":[".nhsuk-list-panel.search-result.nhsuk-u-padding-3:nth-child(9) > .nhsuk-grid-row:nth-child(3) > .nhsuk-grid-column-one-half:nth-child(2) > .ad-job-info.nhsuk-list > .marginBt[data-test=\"search-result-workingPattern\"] > strong"]},{"any":[{"id":"color-contrast","data":{"fgColor":"#212b32","bgColor":"#f0f4f5","contrastRatio":13.02,"fontSize":"14.3pt (19px)","fontWeight":"normal","expectedContrastRatio":"4.5:1"},"relatedNodes":[],"impact":"serious","message":"Element has sufficient color contrast of 13.02"}],"all":[],"none":[],"impact":null,"html":"<li data-test=\"search-result-closingDate\">\n                Closing date: \n                <strong class=\"nhsuk-u-font-weight-bold\">\n                  29 June 2025\n                </strong>\n              </li>","target":[".nhsuk-list-panel.search-result.nhsuk-u-padding-3:nth-child(9) > .nhsuk-grid-row:nth-child(3) > .nhsuk-grid-column-one-half:nth-child(2) > .ad-job-info.nhsuk-list > li[data-test=\"search-result-closingDate\"]"]},{"any":[{"id":"color-contrast","data":{"fgColor":"#212b32","bgColor":"#f0f4f5","contrastRatio":13.02,"fontSize":"14.3pt (19px)","fontWeight":"normal","expectedContrastRatio":"4.5:1"},"relatedNodes":[],"impact":"serious","message":"Element has sufficient color contrast of 13.02"}],"all":[],"none":[],"impact":null,"html":"<strong class=\"nhsuk-u-font-weight-bold\">\n                  29 June 2025\n                </strong>","target":[".nhsuk-list-panel.search-result.nhsuk-u-padding-3:nth-child(9) > .nhsuk-grid-row:nth-child(3) > .nhsuk-grid-column-one-half:nth-child(2) > .ad-job-info.nhsuk-list > li[data-test=\"search-result-closingDate\"] > strong"]},{"any":[{"id":"color-contrast","data":{"fgColor":"#005eb8","bgColor":"#f0f4f5","contrastRatio":5.75,"fontSize":"18.0pt (24px)","fontWeight":"normal","expectedContrastRatio":"3:1"},"relatedNodes":[],"impact":"serious","message":"Element has sufficient color contrast of 5.75"}],"all":[],"none":[],"impact":null,"html":"<a href=\"/candidate/jobadvert/C9190-25-0690?keyword=Doctor&amp;location=Sheffield&amp;distance=5&amp;language=en\" data-test=\"search-result-job-title\">\n              LAS ST3+ in Hepatology\n            </a>","target":["#job-title-10 > a[data-test=\"search-result-job-title\"]"]},{"any":[{"id":"color-contrast","data":{"fgColor":"#005eb8","bgColor":"#f0f4f5","contrastRatio":5.75,"fontSize":"14.3pt (19px)","fontWeight":"normal","expectedContrastRatio":"4.5:1"},"relatedNodes":[],"impact":"serious","message":"Element has sufficient color contrast of 5.75"}],"all":[],"none":[],"impact":null,"html":"<a href=\"/candidate/search/save-job/C9190-25-0690\" data-test=\"search-result-save-job\" aria-label=\"Save this job: LAS ST3+ in Hepatology (Reference number: C9190-25-0690)\">\n              Save this job\n            </a>","target":[".nhsuk-list-panel.search-result.nhsuk-u-padding-3:nth-child(10) > .nhsuk-grid-row:nth-child(1) > .save-job.nhsuk-u-margin-right-3 > a[data-test=\"search-result-save-job\"]"]},{"any":[{"id":"color-contrast","data":{"fgColor":"#212b32","bgColor":"#f0f4f5","contrastRatio":13.02,"fontSize":"18.0pt (24px)","fontWeight":"normal","expectedContrastRatio":"3:1"},"relatedNodes":[],"impact":"serious","message":"Element has sufficient color contrast of 13.02"}],"all":[],"none":[],"impact":null,"html":"<h3 class=\"nhsuk-u-font-weight-bold\">\n          Sheffield Teaching Hospitals NHS Foundation Trust\n          <div class=\"location-font-size\">\n            \n              Sheffield S5 7AU\n            \n          </div>\n        </h3>","target":[".nhsuk-list-panel.search-result.nhsuk-u-padding-3:nth-child(10) > .nhsuk-u-margin-bottom-4[data-test=\"search-result-location\"] > h3"]},{"any":[{"id":"color-contrast","data":{"fgColor":"#212b32","bgColor":"#f0f4f5","contrastRatio":13.02,"fontSize":"12.0pt (16px)","fontWeight":"normal","expectedContrastRatio":"4.5:1"},"relatedNodes":[],"impact":"serious","message":"Element has sufficient color contrast of 13.02"}],"all":[],"none":[],"impact":null,"html":"<div class=\"location-font-size\">\n            \n              Sheffield S5 7AU\n            \n          </div>","target":[".nhsuk-list-panel.search-result.nhsuk-u-padding-3:nth-child(10) > .nhsuk-u-margin-bottom-4[data-test=\"search-result-location\"] > h3 > .location-font-size"]},{"any":[{"id":"color-contrast","data":{"fgColor":"#212b32","bgColor":"#f0f4f5","contrastRatio":13.02,"fontSize":"14.3pt (19px)","fontWeight":"normal","expectedContrastRatio":"4.5:1"},"relatedNodes":[],"impact":"serious","message":"Element has sufficient color contrast of 13.02"}],"all":[],"none":[],"impact":null,"html":"<li data-test=\"search-result-salary\" class=\"marginBt\">\n                Salary: \n                <strong class=\"nhsuk-u-font-weight-bold\">\n                  £61,825\n                  \n                    a year\n                  \n                </strong>\n              </li>","target":[".nhsuk-list-panel.search-result.nhsuk-u-padding-3:nth-child(10) > .nhsuk-grid-row:nth-child(3) > .nhsuk-grid-column-one-half:nth-child(1) > .first-ad-job-info.ad-job-info.nhsuk-list > .marginBt[data-test=\"search-result-salary\"]"]},{"any":[{"id":"color-contrast","data":{"fgColor":"#212b32","bgColor":"#f0f4f5","contrastRatio":13.02,"fontSize":"14.3pt (19px)","fontWeight":"normal","expectedContrastRatio":"4.5:1"},"relatedNodes":[],"impact":"serious","message":"Element has sufficient color contrast of 13.02"}],"all":[],"none":[],"impact":null,"html":"<strong class=\"nhsuk-u-font-weight-bold\">\n                  £61,825\n                  \n                    a year\n                  \n                </strong>","target":[".nhsuk-list-panel.search-result.nhsuk-u-padding-3:nth-child(10) > .nhsuk-grid-row:nth-child(3) > .nhsuk-grid-column-one-half:nth-child(1) > .first-ad-job-info.ad-job-info.nhsuk-list > .marginBt[data-test=\"search-result-salary\"] > strong"]},{"any":[{"id":"color-contrast","data":{"fgColor":"#212b32","bgColor":"#f0f4f5","contrastRatio":13.02,"fontSize":"14.3pt (19px)","fontWeight":"normal","expectedContrastRatio":"4.5:1"},"relatedNodes":[],"impact":"serious","message":"Element has sufficient color contrast of 13.02"}],"all":[],"none":[],"impact":null,"html":"<li data-test=\"search-result-distance\" class=\"marginBt\">\n                Distance: \n                <strong class=\"nhsuk-u-font-weight-bold\">\n                  2 miles\n                </strong>\n              </li>","target":[".nhsuk-list-panel.search-result.nhsuk-u-padding-3:nth-child(10) > .nhsuk-grid-row:nth-child(3) > .nhsuk-grid-column-one-half:nth-child(1) > .first-ad-job-info.ad-job-info.nhsuk-list > .marginBt[data-test=\"search-result-distance\"]"]},{"any":[{"id":"color-contrast","data":{"fgColor":"#212b32","bgColor":"#f0f4f5","contrastRatio":13.02,"fontSize":"14.3pt (19px)","fontWeight":"normal","expectedContrastRatio":"4.5:1"},"relatedNodes":[],"impact":"serious","message":"Element has sufficient color contrast of 13.02"}],"all":[],"none":[],"impact":null,"html":"<strong class=\"nhsuk-u-font-weight-bold\">\n                  2 miles\n                </strong>","target":[".nhsuk-list-panel.search-result.nhsuk-u-padding-3:nth-child(10) > .nhsuk-grid-row:nth-child(3) > .nhsuk-grid-column-one-half:nth-child(1) > .first-ad-job-info.ad-job-info.nhsuk-list > .marginBt[data-test=\"search-result-distance\"] > strong"]},{"any":[{"id":"color-contrast","data":{"fgColor":"#212b32","bgColor":"#f0f4f5","contrastRatio":13.02,"fontSize":"14.3pt (19px)","fontWeight":"normal","expectedContrastRatio":"4.5:1"},"relatedNodes":[],"impact":"serious","message":"Element has sufficient color contrast of 13.02"}],"all":[],"none":[],"impact":null,"html":"<li data-test=\"search-result-publicationDate\">\n                Date posted: \n                <strong class=\"nhsuk-u-font-weight-bold\">\n                  12 June 2025\n                </strong>\n              </li>","target":[".nhsuk-list-panel.search-result.nhsuk-u-padding-3:nth-child(10) > .nhsuk-grid-row:nth-child(3) > .nhsuk-grid-column-one-half:nth-child(1) > .first-ad-job-info.ad-job-info.nhsuk-list > li[data-test=\"search-result-publicationDate\"]"]},{"any":[{"id":"color-contrast","data":{"fgColor":"#212b32","bgColor":"#f0f4f5","contrastRatio":13.02,"fontSize":"14.3pt (19px)","fontWeight":"normal","expectedContrastRatio":"4.5:1"},"relatedNodes":[],"impact":"serious","message":"Element has sufficient color contrast of 13.02"}],"all":[],"none":[],"impact":null,"html":"<strong class=\"nhsuk-u-font-weight-bold\">\n                  12 June 2025\n                </strong>","target":[".nhsuk-list-panel.search-result.nhsuk-u-padding-3:nth-child(10) > .nhsuk-grid-row:nth-child(3) > .nhsuk-grid-column-one-half:nth-child(1) > .first-ad-job-info.ad-job-info.nhsuk-list > li[data-test=\"search-result-publicationDate\"] > strong"]},{"any":[{"id":"color-contrast","data":{"fgColor":"#212b32","bgColor":"#f0f4f5","contrastRatio":13.02,"fontSize":"14.3pt (19px)","fontWeight":"normal","expectedContrastRatio":"4.5:1"},"relatedNodes":[],"impact":"serious","message":"Element has sufficient color contrast of 13.02"}],"all":[],"none":[],"impact":null,"html":"<li data-test=\"search-result-jobType\" class=\"marginBt\">\n              Contract type: \n              <strong class=\"nhsuk-u-font-weight-bold\">\n                Fixed-Term\n              </strong>\n            </li>","target":[".nhsuk-list-panel.search-result.nhsuk-u-padding-3:nth-child(10) > .nhsuk-grid-row:nth-child(3) > .nhsuk-grid-column-one-half:nth-child(2) > .ad-job-info.nhsuk-list > .marginBt[data-test=\"search-result-jobType\"]"]},{"any":[{"id":"color-contrast","data":{"fgColor":"#212b32","bgColor":"#f0f4f5","contrastRatio":13.02,"fontSize":"14.3pt (19px)","fontWeight":"normal","expectedContrastRatio":"4.5:1"},"relatedNodes":[],"impact":"serious","message":"Element has sufficient color contrast of 13.02"}],"all":[],"none":[],"impact":null,"html":"<strong class=\"nhsuk-u-font-weight-bold\">\n                Fixed-Term\n              </strong>","target":[".nhsuk-list-panel.search-result.nhsuk-u-padding-3:nth-child(10) > .nhsuk-grid-row:nth-child(3) > .nhsuk-grid-column-one-half:nth-child(2) > .ad-job-info.nhsuk-list > .marginBt[data-test=\"search-result-jobType\"] > strong"]},{"any":[{"id":"color-contrast","data":{"fgColor":"#212b32","bgColor":"#f0f4f5","contrastRatio":13.02,"fontSize":"14.3pt (19px)","fontWeight":"normal","expectedContrastRatio":"4.5:1"},"relatedNodes":[],"impact":"serious","message":"Element has sufficient color contrast of 13.02"}],"all":[],"none":[],"impact":null,"html":"<li data-test=\"search-result-workingPattern\" class=\"marginBt\">\n              Working pattern: \n              <strong class=\"nhsuk-u-font-weight-bold\">\n                Full time\n              </strong>\n            </li>","target":[".nhsuk-list-panel.search-result.nhsuk-u-padding-3:nth-child(10) > .nhsuk-grid-row:nth-child(3) > .nhsuk-grid-column-one-half:nth-child(2) > .ad-job-info.nhsuk-list > .marginBt[data-test=\"search-result-workingPattern\"]"]},{"any":[{"id":"color-contrast","data":{"fgColor":"#212b32","bgColor":"#f0f4f5","contrastRatio":13.02,"fontSize":"14.3pt (19px)","fontWeight":"normal","expectedContrastRatio":"4.5:1"},"relatedNodes":[],"impact":"serious","message":"Element has sufficient color contrast of 13.02"}],"all":[],"none":[],"impact":null,"html":"<strong class=\"nhsuk-u-font-weight-bold\">\n                Full time\n              </strong>","target":[".nhsuk-list-panel.search-result.nhsuk-u-padding-3:nth-child(10) > .nhsuk-grid-row:nth-child(3) > .nhsuk-grid-column-one-half:nth-child(2) > .ad-job-info.nhsuk-list > .marginBt[data-test=\"search-result-workingPattern\"] > strong"]},{"any":[{"id":"color-contrast","data":{"fgColor":"#212b32","bgColor":"#f0f4f5","contrastRatio":13.02,"fontSize":"14.3pt (19px)","fontWeight":"normal","expectedContrastRatio":"4.5:1"},"relatedNodes":[],"impact":"serious","message":"Element has sufficient color contrast of 13.02"}],"all":[],"none":[],"impact":null,"html":"<li data-test=\"search-result-closingDate\">\n                Closing date: \n                <strong class=\"nhsuk-u-font-weight-bold\">\n                  25 June 2025\n                </strong>\n              </li>","target":[".nhsuk-list-panel.search-result.nhsuk-u-padding-3:nth-child(10) > .nhsuk-grid-row:nth-child(3) > .nhsuk-grid-column-one-half:nth-child(2) > .ad-job-info.nhsuk-list > li[data-test=\"search-result-closingDate\"]"]},{"any":[{"id":"color-contrast","data":{"fgColor":"#212b32","bgColor":"#f0f4f5","contrastRatio":13.02,"fontSize":"14.3pt (19px)","fontWeight":"normal","expectedContrastRatio":"4.5:1"},"relatedNodes":[],"impact":"serious","message":"Element has sufficient color contrast of 13.02"}],"all":[],"none":[],"impact":null,"html":"<strong class=\"nhsuk-u-font-weight-bold\">\n                  25 June 2025\n                </strong>","target":[".nhsuk-list-panel.search-result.nhsuk-u-padding-3:nth-child(10) > .nhsuk-grid-row:nth-child(3) > .nhsuk-grid-column-one-half:nth-child(2) > .ad-job-info.nhsuk-list > li[data-test=\"search-result-closingDate\"] > strong"]},{"any":[{"id":"color-contrast","data":{"fgColor":"#005eb8","bgColor":"#f0f4f5","contrastRatio":5.75,"fontSize":"18.0pt (24px)","fontWeight":"normal","expectedContrastRatio":"3:1"},"relatedNodes":[],"impact":"serious","message":"Element has sufficient color contrast of 5.75"}],"all":[],"none":[],"impact":null,"html":"<span class=\"nhsuk-pagination__title\">Next</span>","target":[".nhsuk-pagination__title"]},{"any":[{"id":"color-contrast","data":{"fgColor":"#005eb8","bgColor":"#f0f4f5","contrastRatio":5.75,"fontSize":"12.0pt (16px)","fontWeight":"normal","expectedContrastRatio":"4.5:1"},"relatedNodes":[],"impact":"serious","message":"Element has sufficient color contrast of 5.75"}],"all":[],"none":[],"impact":null,"html":"<span class=\"nhsuk-pagination__page\">Page 2 of 3</span>","target":[".nhsuk-pagination__page"]},{"any":[{"id":"color-contrast","data":{"fgColor":"#4c6272","bgColor":"#d8dde0","contrastRatio":4.65,"fontSize":"12.0pt (16px)","fontWeight":"normal","expectedContrastRatio":"4.5:1"},"relatedNodes":[],"impact":"serious","message":"Element has sufficient color contrast of 4.65"}],"all":[],"none":[],"impact":null,"html":"<a class=\"nhsuk-footer__list-item-link\" target=\"_blank\" id=\"privacy\" href=\"/candidate/privacy-policy\">Privacy policy</a>","target":["#privacy"]},{"any":[{"id":"color-contrast","data":{"fgColor":"#4c6272","bgColor":"#d8dde0","contrastRatio":4.65,"fontSize":"12.0pt (16px)","fontWeight":"normal","expectedContrastRatio":"4.5:1"},"relatedNodes":[],"impact":"serious","message":"Element has sufficient color contrast of 4.65"}],"all":[],"none":[],"impact":null,"html":"<a class=\"nhsuk-footer__list-item-link\" target=\"_blank\" id=\"acceptableUse\" href=\"/candidate/acceptable-use\">Terms and conditions</a>","target":["#acceptableUse"]},{"any":[{"id":"color-contrast","data":{"fgColor":"#4c6272","bgColor":"#d8dde0","contrastRatio":4.65,"fontSize":"12.0pt (16px)","fontWeight":"normal","expectedContrastRatio":"4.5:1"},"relatedNodes":[],"impact":"serious","message":"Element has sufficient color contrast of 4.65"}],"all":[],"none":[],"impact":null,"html":"<a class=\"nhsuk-footer__list-item-link\" target=\"_blank\" id=\"accessibility\" href=\"https://www.nhsbsa.nhs.uk/our-policies/accessibility/accessibility-statement-nhs-jobs-applicants\">Accessibility Statement</a>","target":["#accessibility"]},{"any":[{"id":"color-contrast","data":{"fgColor":"#4c6272","bgColor":"#d8dde0","contrastRatio":4.65,"fontSize":"12.0pt (16px)","fontWeight":"normal","expectedContrastRatio":"4.5:1"},"relatedNodes":[],"impact":"serious","message":"Element has sufficient color contrast of 4.65"}],"all":[],"none":[],"impact":null,"html":"<a class=\"nhsuk-footer__list-item-link\" target=\"_blank\" id=\"cookies\" href=\"/candidate/cookies\">Cookies</a>","target":["#cookies"]},{"any":[{"id":"color-contrast","data":{"fgColor":"#4c6272","bgColor":"#d8dde0","contrastRatio":4.65,"fontSize":"12.0pt (16px)","fontWeight":"normal","expectedContrastRatio":"4.5:1"},"relatedNodes":[],"impact":"serious","message":"Element has sufficient color contrast of 4.65"}],"all":[],"none":[],"impact":null,"html":"<a class=\"nhsuk-footer__list-item-link\" target=\"_blank\" id=\"helpText\" href=\"https://www.nhsbsa.nhs.uk/new-nhs-jobs-service/help-and-support-applicants\">How to apply for jobs</a>","target":["#helpText"]},{"any":[{"id":"color-contrast","data":{"fgColor":"#4c6272","bgColor":"#d8dde0","contrastRatio":4.65,"fontSize":"12.0pt (16px)","fontWeight":"normal","expectedContrastRatio":"4.5:1"},"relatedNodes":[],"impact":"serious","message":"Element has sufficient color contrast of 4.65"}],"all":[],"none":[],"impact":null,"html":"<p class=\"nhsuk-footer__copyright\">© Crown copyright</p>","target":[".nhsuk-footer__copyright"]}]},{"id":"document-title","impact":null,"tags":["cat.text-alternatives","wcag2a","wcag242","ACT","TTv5","TT12.a"],"description":"Ensures each HTML document contains a non-empty <title> element","help":"Documents must have <title> element to aid in navigation","helpUrl":"https://dequeuniversity.com/rules/axe/4.7/document-title?application=axeAPI","nodes":[{"any":[{"id":"doc-has-title","data":null,"relatedNodes":[],"impact":"serious","message":"Document has a non-empty <title> element"}],"all":[],"none":[],"impact":null,"html":"<html lang=\"en\" style=\"\">","target":["html"]}]},{"id":"duplicate-id-active","impact":null,"tags":["cat.parsing","wcag2a","wcag411"],"description":"Ensures every id attribute value of active elements is unique","help":"IDs of active elements must be unique","helpUrl":"https://dequeuniversity.com/rules/axe/4.7/duplicate-id-active?application=axeAPI","nodes":[{"any":[{"id":"duplicate-id-active","data":"skip_to_search_filters","relatedNodes":[],"impact":"serious","message":"Document has no active elements that share the same id attribute"}],"all":[],"none":[],"impact":null,"html":"<a class=\"nhsuk-skip-link\" href=\"#search-results-heading\" aria-label=\"29 jobs found for Doctor within 5 miles of Sheffield. Sorted by: Best Match . Skip to search filters\" id=\"skip_to_search_filters\">Skip to search filters</a>","target":["#skip_to_search_filters"]},{"any":[{"id":"duplicate-id-active","data":"skipToSearchResults","relatedNodes":[],"impact":"serious","message":"Document has no active elements that share the same id attribute"}],"all":[],"none":[],"impact":null,"html":"<a class=\"nhsuk-skip-link\" href=\"#first-result-title\" id=\"skipToSearchResults\" aria-label=\"Skip to search results\">Skip to search results</a>","target":["#skipToSearchResults"]},{"any":[{"id":"duplicate-id-active","data":"change-cookies-settings","relatedNodes":[],"impact":"serious","message":"Document has no active elements that share the same id attribute"}],"all":[],"none":[],"impact":null,"html":"<a href=\"/candidate/cookies\" id=\"change-cookies-settings\" aria-label=\"Go to the cookie information page\">change your cookie settings</a>","target":["#change-cookies-settings"]},{"any":[{"id":"duplicate-id-active","data":"dismiss-cookie-messages","relatedNodes":[],"impact":"serious","message":"Document has no active elements that share the same id attribute"}],"all":[],"none":[],"impact":null,"html":"<a href=\"/candidate/dismiss-cookie-messages\" id=\"dismiss-cookie-messages\" aria-label=\"Dismiss information about cookie preferences\" style=\"float: right\">Hide</a>","target":["#dismiss-cookie-messages"]},{"any":[{"id":"duplicate-id-active","data":"candidate_sign_in","relatedNodes":[],"impact":"serious","message":"Document has no active elements that share the same id attribute"}],"all":[],"none":[],"impact":null,"html":"<a class=\"sign-in-link\" id=\"candidate_sign_in\" href=\"/candidate/auth/login\">\n        Sign in\n      </a>","target":["#candidate_sign_in"]},{"any":[{"id":"duplicate-id-active","data":"searchOptionsBtn","relatedNodes":[],"impact":"serious","message":"Document has no active elements that share the same id attribute"}],"all":[],"none":[],"impact":null,"html":"<a href=\"javascript:void(0)\" id=\"searchOptionsBtn\" class=\"nhsuk-u-font-weight-bold white-text\">\n                  \n                  More search options\n                  \n                  </a>","target":["#searchOptionsBtn"]},{"any":[{"id":"duplicate-id-active","data":"search","relatedNodes":[],"impact":"serious","message":"Document has no active elements that share the same id attribute"}],"all":[],"none":[],"impact":null,"html":"<button class=\"nhsuk-button  nhsuk-u-padding-top-2 nhsuk-u-padding-bottom-2\" type=\"submit\" id=\"search\" data-test=\"search-button\">Search</button>","target":["#search"]},{"any":[{"id":"duplicate-id-active","data":"working-patterns-expander","relatedNodes":[],"impact":"serious","message":"Document has no active elements that share the same id attribute"}],"all":[],"none":[],"impact":null,"html":"<summary id=\"working-patterns-expander\" class=\"nhsuk-details__summary \" role=\"button\" aria-controls=\"working-pattern-details\" aria-expanded=\"false\" data-test=\"filter-working-pattern\">","target":["#working-patterns-expander"]},{"any":[{"id":"duplicate-id-active","data":"refine-search","relatedNodes":[],"impact":"serious","message":"Document has no active elements that share the same id attribute"}],"all":[],"none":[],"impact":null,"html":"<input class=\"nhsuk-button nhsuk-button--primary\" type=\"submit\" id=\"refine-search\" value=\"Apply filters\" data-test=\"refine-search-button\">","target":["#refine-search"]},{"any":[{"id":"duplicate-id-active","data":"create-job-alert","relatedNodes":[],"impact":"serious","message":"Document has no active elements that share the same id attribute"}],"all":[],"none":[],"impact":null,"html":"<a href=\"/candidate/search/save/alerts\" class=\"save-job-3\" id=\"create-job-alert\">","target":["#create-job-alert"]},{"any":[{"id":"duplicate-id-active","data":"first-result-title","relatedNodes":[],"impact":"serious","message":"Document has no active elements that share the same id attribute"}],"all":[],"none":[],"impact":null,"html":"<a href=\"/candidate/jobadvert/E0123-25-0148?keyword=Doctor&amp;location=Sheffield&amp;distance=5&amp;language=en\" id=\"first-result-title\" data-test=\"search-result-job-title\">\n              ENT Doctor\n            </a>","target":["#first-result-title"]},{"any":[{"id":"duplicate-id-active","data":"privacy","relatedNodes":[],"impact":"serious","message":"Document has no active elements that share the same id attribute"}],"all":[],"none":[],"impact":null,"html":"<a class=\"nhsuk-footer__list-item-link\" target=\"_blank\" id=\"privacy\" href=\"/candidate/privacy-policy\">Privacy policy</a>","target":["#privacy"]},{"any":[{"id":"duplicate-id-active","data":"acceptableUse","relatedNodes":[],"impact":"serious","message":"Document has no active elements that share the same id attribute"}],"all":[],"none":[],"impact":null,"html":"<a class=\"nhsuk-footer__list-item-link\" target=\"_blank\" id=\"acceptableUse\" href=\"/candidate/acceptable-use\">Terms and conditions</a>","target":["#acceptableUse"]},{"any":[{"id":"duplicate-id-active","data":"accessibility","relatedNodes":[],"impact":"serious","message":"Document has no active elements that share the same id attribute"}],"all":[],"none":[],"impact":null,"html":"<a class=\"nhsuk-footer__list-item-link\" target=\"_blank\" id=\"accessibility\" href=\"https://www.nhsbsa.nhs.uk/our-policies/accessibility/accessibility-statement-nhs-jobs-applicants\">Accessibility Statement</a>","target":["#accessibility"]},{"any":[{"id":"duplicate-id-active","data":"cookies","relatedNodes":[],"impact":"serious","message":"Document has no active elements that share the same id attribute"}],"all":[],"none":[],"impact":null,"html":"<a class=\"nhsuk-footer__list-item-link\" target=\"_blank\" id=\"cookies\" href=\"/candidate/cookies\">Cookies</a>","target":["#cookies"]},{"any":[{"id":"duplicate-id-active","data":"helpText","relatedNodes":[],"impact":"serious","message":"Document has no active elements that share the same id attribute"}],"all":[],"none":[],"impact":null,"html":"<a class=\"nhsuk-footer__list-item-link\" target=\"_blank\" id=\"helpText\" href=\"https://www.nhsbsa.nhs.uk/new-nhs-jobs-service/help-and-support-applicants\">How to apply for jobs</a>","target":["#helpText"]}]},{"id":"duplicate-id-aria","impact":null,"tags":["cat.parsing","wcag2a","wcag411"],"description":"Ensures every id attribute value used in ARIA and in labels is unique","help":"IDs used in ARIA and labels must be unique","helpUrl":"https://dequeuniversity.com/rules/axe/4.7/duplicate-id-aria?application=axeAPI","nodes":[{"any":[{"id":"duplicate-id-aria","data":"header-navigation","relatedNodes":[],"impact":"critical","message":"Document has no elements referenced with ARIA or labels that share the same id attribute"}],"all":[],"none":[],"impact":null,"html":"<nav class=\"nhsuk-header__navigation\" id=\"header-navigation\" role=\"navigation\" aria-label=\"Primary navigation\" aria-labelledby=\"label-navigation\">","target":["#header-navigation"]},{"any":[{"id":"duplicate-id-aria","data":"label-navigation","relatedNodes":[],"impact":"critical","message":"Document has no elements referenced with ARIA or labels that share the same id attribute"}],"all":[],"none":[],"impact":null,"html":"<span id=\"label-navigation\">Menu</span>","target":["#label-navigation"]},{"any":[{"id":"duplicate-id-aria","data":"keyword","relatedNodes":[],"impact":"critical","message":"Document has no elements referenced with ARIA or labels that share the same id attribute"}],"all":[],"none":[],"impact":null,"html":"<input name=\"keyword\" id=\"keyword\" value=\"Doctor\" class=\"nhsuk-input nhsuk-u--width-full\" type=\"search\" data-test=\"search-jobTitle-input\" aria-label=\"Search What? For example, job title or skills\">","target":["#keyword"]},{"any":[{"id":"duplicate-id-aria","data":"location","relatedNodes":[],"impact":"critical","message":"Document has no elements referenced with ARIA or labels that share the same id attribute"}],"all":[],"none":[],"impact":null,"html":"<input aria-describedby=\"location__assistiveHint\" aria-expanded=\"false\" aria-controls=\"location__listbox\" aria-autocomplete=\"list\" autocomplete=\"off\" class=\"nhsuk-input nhsuk-u--width-full\" id=\"location\" name=\"location\" placeholder=\"\" type=\"search\" role=\"combobox\" data-test=\"search-location-input\" aria-label=\"Search Where? For example, a postcode, town or city, search text field\">","target":["#location"]},{"any":[{"id":"duplicate-id-aria","data":"location__listbox","relatedNodes":[],"impact":"critical","message":"Document has no elements referenced with ARIA or labels that share the same id attribute"}],"all":[],"none":[],"impact":null,"html":"<ul aria-labelledby=\"location\" id=\"location__listbox\" role=\"listbox\" class=\"autocomplete__menu autocomplete__menu--inline autocomplete__menu--hidden\">","target":["#location__listbox"]},{"any":[{"id":"duplicate-id-aria","data":"location__assistiveHint","relatedNodes":[],"impact":"critical","message":"Document has no elements referenced with ARIA or labels that share the same id attribute"}],"all":[],"none":[],"impact":null,"html":"<span id=\"location__assistiveHint\" style=\"display: none;\">When autocomplete results are available use up and down arrows to review and enter to select.  Touch device users, explore by touch or with swipe gestures.</span>","target":["#location__assistiveHint"]},{"any":[{"id":"duplicate-id-aria","data":"jobReference","relatedNodes":[],"impact":"critical","message":"Document has no elements referenced with ARIA or labels that share the same id attribute"}],"all":[],"none":[],"impact":null,"html":"<input name=\"jobReference\" id=\"jobReference\" value=\"\" class=\"nhsuk-input nhsuk-u--width-full\" type=\"search\" data-test=\"search-jobReference-input\" aria-label=\"Search Job reference, e.g. C0987-23-1234 / 914-JOBREF-a\">","target":["#jobReference"]},{"any":[{"id":"duplicate-id-aria","data":"employer","relatedNodes":[],"impact":"critical","message":"Document has no elements referenced with ARIA or labels that share the same id attribute"}],"all":[],"none":[],"impact":null,"html":"<input name=\"employer\" id=\"employer\" value=\"\" class=\"nhsuk-input nhsuk-u--width-full\" type=\"search\" data-test=\"search-employer-input\" aria-label=\"Search Employer, e.g. NHS Business Services Authority\">","target":["#employer"]},{"any":[{"id":"duplicate-id-aria","data":"distance","relatedNodes":[],"impact":"critical","message":"Document has no elements referenced with ARIA or labels that share the same id attribute"}],"all":[],"none":[],"impact":null,"html":"<select class=\"nhsuk-select\" id=\"distance\" name=\"distance\" data-test=\"search-distance-input\">","target":["#distance"]},{"any":[{"id":"duplicate-id-aria","data":"covidJobsOnly","relatedNodes":[],"impact":"critical","message":"Document has no elements referenced with ARIA or labels that share the same id attribute"}],"all":[],"none":[],"impact":null,"html":"<input class=\"nhsuk-checkboxes__input\" id=\"covidJobsOnly\" name=\"covidJobsOnly\" type=\"checkbox\" value=\"true\" data-test=\"covidJobsOnly\">","target":["#covidJobsOnly"]},{"any":[{"id":"duplicate-id-aria","data":"working-pattern-details","relatedNodes":[],"impact":"critical","message":"Document has no elements referenced with ARIA or labels that share the same id attribute"}],"all":[],"none":[],"impact":null,"html":"<div class=\"nhsuk-details__text\" id=\"working-pattern-details\" aria-hidden=\"false\">","target":["#working-pattern-details"]},{"any":[{"id":"duplicate-id-aria","data":"working-pattern-full-time","relatedNodes":[],"impact":"critical","message":"Document has no elements referenced with ARIA or labels that share the same id attribute"}],"all":[],"none":[],"impact":null,"html":"<input class=\"nhsuk-checkboxes__input\" id=\"working-pattern-full-time\" name=\"workingPattern\" type=\"checkbox\" value=\"full-time\" data-test=\"working-pattern-full-time\">","target":["#working-pattern-full-time"]},{"any":[{"id":"duplicate-id-aria","data":"working-pattern-part-time","relatedNodes":[],"impact":"critical","message":"Document has no elements referenced with ARIA or labels that share the same id attribute"}],"all":[],"none":[],"impact":null,"html":"<input class=\"nhsuk-checkboxes__input\" id=\"working-pattern-part-time\" name=\"workingPattern\" type=\"checkbox\" value=\"part-time\" data-test=\"working-pattern-part-time\">","target":["#working-pattern-part-time"]},{"any":[{"id":"duplicate-id-aria","data":"working-pattern-job-share","relatedNodes":[],"impact":"critical","message":"Document has no elements referenced with ARIA or labels that share the same id attribute"}],"all":[],"none":[],"impact":null,"html":"<input class=\"nhsuk-checkboxes__input\" id=\"working-pattern-job-share\" name=\"workingPattern\" type=\"checkbox\" value=\"job-share\" data-test=\"working-pattern-job-share\">","target":["#working-pattern-job-share"]},{"any":[{"id":"duplicate-id-aria","data":"working-pattern-flexible","relatedNodes":[],"impact":"critical","message":"Document has no elements referenced with ARIA or labels that share the same id attribute"}],"all":[],"none":[],"impact":null,"html":"<input class=\"nhsuk-checkboxes__input\" id=\"working-pattern-flexible\" name=\"workingPattern\" type=\"checkbox\" value=\"flexible-working\" data-test=\"working-pattern-flexible\">","target":["#working-pattern-flexible"]},{"any":[{"id":"duplicate-id-aria","data":"working-pattern-remote","relatedNodes":[],"impact":"critical","message":"Document has no elements referenced with ARIA or labels that share the same id attribute"}],"all":[],"none":[],"impact":null,"html":"<input class=\"nhsuk-checkboxes__input\" id=\"working-pattern-remote\" name=\"workingPattern\" type=\"checkbox\" value=\"remote-working\" data-test=\"working-pattern-remote\">","target":["#working-pattern-remote"]},{"any":[{"id":"duplicate-id-aria","data":"working-pattern-compressed","relatedNodes":[],"impact":"critical","message":"Document has no elements referenced with ARIA or labels that share the same id attribute"}],"all":[],"none":[],"impact":null,"html":"<input class=\"nhsuk-checkboxes__input\" id=\"working-pattern-compressed\" name=\"workingPattern\" type=\"checkbox\" value=\"compressed-hours\" data-test=\"working-pattern-compressed\">","target":["#working-pattern-compressed"]},{"any":[{"id":"duplicate-id-aria","data":"working-pattern-term-time","relatedNodes":[],"impact":"critical","message":"Document has no elements referenced with ARIA or labels that share the same id attribute"}],"all":[],"none":[],"impact":null,"html":"<input class=\"nhsuk-checkboxes__input\" id=\"working-pattern-term-time\" name=\"workingPattern\" type=\"checkbox\" value=\"term-time-hours\" data-test=\"working-pattern-term-time\">","target":["#working-pattern-term-time"]},{"any":[{"id":"duplicate-id-aria","data":"working-pattern-annualised","relatedNodes":[],"impact":"critical","message":"Document has no elements referenced with ARIA or labels that share the same id attribute"}],"all":[],"none":[],"impact":null,"html":"<input class=\"nhsuk-checkboxes__input\" id=\"working-pattern-annualised\" name=\"workingPattern\" type=\"checkbox\" value=\"annualised-hours\" data-test=\"working-pattern-annualised\">","target":["#working-pattern-annualised"]},{"any":[{"id":"duplicate-id-aria","data":"contract-type-details","relatedNodes":[],"impact":"critical","message":"Document has no elements referenced with ARIA or labels that share the same id attribute"}],"all":[],"none":[],"impact":null,"html":"<div class=\"nhsuk-details__text\" id=\"contract-type-details\" aria-hidden=\"false\">","target":["#contract-type-details"]},{"any":[{"id":"duplicate-id-aria","data":"contract-type-permanent","relatedNodes":[],"impact":"critical","message":"Document has no elements referenced with ARIA or labels that share the same id attribute"}],"all":[],"none":[],"impact":null,"html":"<input class=\"nhsuk-checkboxes__input\" id=\"contract-type-permanent\" name=\"contractType\" type=\"checkbox\" value=\"Permanent\" data-test=\"contract-type-permanent\">","target":["#contract-type-permanent"]},{"any":[{"id":"duplicate-id-aria","data":"contract-type-fixed-term","relatedNodes":[],"impact":"critical","message":"Document has no elements referenced with ARIA or labels that share the same id attribute"}],"all":[],"none":[],"impact":null,"html":"<input class=\"nhsuk-checkboxes__input\" id=\"contract-type-fixed-term\" name=\"contractType\" type=\"checkbox\" value=\"Fixed-Term\" data-test=\"contract-type-fixed-term\">","target":["#contract-type-fixed-term"]},{"any":[{"id":"duplicate-id-aria","data":"contract-type-apprenticeship","relatedNodes":[],"impact":"critical","message":"Document has no elements referenced with ARIA or labels that share the same id attribute"}],"all":[],"none":[],"impact":null,"html":"<input class=\"nhsuk-checkboxes__input\" id=\"contract-type-apprenticeship\" name=\"contractType\" type=\"checkbox\" value=\"Apprenticeship\" data-test=\"contract-type-apprenticeship\">","target":["#contract-type-apprenticeship"]},{"any":[{"id":"duplicate-id-aria","data":"contract-type-voluntary","relatedNodes":[],"impact":"critical","message":"Document has no elements referenced with ARIA or labels that share the same id attribute"}],"all":[],"none":[],"impact":null,"html":"<input class=\"nhsuk-checkboxes__input\" id=\"contract-type-voluntary\" name=\"contractType\" type=\"checkbox\" value=\"Voluntary\" data-test=\"contract-type-voluntary\">","target":["#contract-type-voluntary"]},{"any":[{"id":"duplicate-id-aria","data":"contract-type-locum","relatedNodes":[],"impact":"critical","message":"Document has no elements referenced with ARIA or labels that share the same id attribute"}],"all":[],"none":[],"impact":null,"html":"<input class=\"nhsuk-checkboxes__input\" id=\"contract-type-locum\" name=\"contractType\" type=\"checkbox\" value=\"Locum\" data-test=\"contract-type-locum\">","target":["#contract-type-locum"]},{"any":[{"id":"duplicate-id-aria","data":"contract-type-training","relatedNodes":[],"impact":"critical","message":"Document has no elements referenced with ARIA or labels that share the same id attribute"}],"all":[],"none":[],"impact":null,"html":"<input class=\"nhsuk-checkboxes__input\" id=\"contract-type-training\" name=\"contractType\" type=\"checkbox\" value=\"Training\" data-test=\"contract-type-training\">","target":["#contract-type-training"]},{"any":[{"id":"duplicate-id-aria","data":"contract-type-secondment","relatedNodes":[],"impact":"critical","message":"Document has no elements referenced with ARIA or labels that share the same id attribute"}],"all":[],"none":[],"impact":null,"html":"<input class=\"nhsuk-checkboxes__input\" id=\"contract-type-secondment\" name=\"contractType\" type=\"checkbox\" value=\"Secondment\" data-test=\"contract-type-secondment\">","target":["#contract-type-secondment"]},{"any":[{"id":"duplicate-id-aria","data":"contract-type-honorary","relatedNodes":[],"impact":"critical","message":"Document has no elements referenced with ARIA or labels that share the same id attribute"}],"all":[],"none":[],"impact":null,"html":"<input class=\"nhsuk-checkboxes__input\" id=\"contract-type-honorary\" name=\"contractType\" type=\"checkbox\" value=\"Honorary\" data-test=\"contract-type-honorary\">","target":["#contract-type-honorary"]},{"any":[{"id":"duplicate-id-aria","data":"contract-type-bank","relatedNodes":[],"impact":"critical","message":"Document has no elements referenced with ARIA or labels that share the same id attribute"}],"all":[],"none":[],"impact":null,"html":"<input class=\"nhsuk-checkboxes__input\" id=\"contract-type-bank\" name=\"contractType\" type=\"checkbox\" value=\"Bank\" data-test=\"contract-type-bank\">","target":["#contract-type-bank"]},{"any":[{"id":"duplicate-id-aria","data":"contract-type-nhs-reservist","relatedNodes":[],"impact":"critical","message":"Document has no elements referenced with ARIA or labels that share the same id attribute"}],"all":[],"none":[],"impact":null,"html":"<input class=\"nhsuk-checkboxes__input\" id=\"contract-type-nhs-reservist\" name=\"contractType\" type=\"checkbox\" value=\"NHS Reservist\" data-test=\"contract-type-nhs-reservist\">","target":["#contract-type-nhs-reservist"]},{"any":[{"id":"duplicate-id-aria","data":"staff-group-details","relatedNodes":[],"impact":"critical","message":"Document has no elements referenced with ARIA or labels that share the same id attribute"}],"all":[],"none":[],"impact":null,"html":"<div class=\"nhsuk-details__text\" id=\"staff-group-details\" aria-hidden=\"false\">","target":["#staff-group-details"]},{"any":[{"id":"duplicate-id-aria","data":"staff-group-additional-clincial","relatedNodes":[],"impact":"critical","message":"Document has no elements referenced with ARIA or labels that share the same id attribute"}],"all":[],"none":[],"impact":null,"html":"<input class=\"nhsuk-checkboxes__input\" id=\"staff-group-additional-clincial\" name=\"staffGroup\" type=\"checkbox\" value=\"CLINICAL_SERVICES\" data-test=\"staff-group-additional-clincial\">","target":["#staff-group-additional-clincial"]},{"any":[{"id":"duplicate-id-aria","data":"staff-group--professional-scientific-and-technical","relatedNodes":[],"impact":"critical","message":"Document has no elements referenced with ARIA or labels that share the same id attribute"}],"all":[],"none":[],"impact":null,"html":"<input class=\"nhsuk-checkboxes__input\" id=\"staff-group--professional-scientific-and-technical\" name=\"staffGroup\" type=\"checkbox\" value=\"PROF_SCIENTIFIC_AND_TECHNICAL\" data-test=\"staff-group--professional-scientific-and-technical\">","target":["#staff-group--professional-scientific-and-technical"]},{"any":[{"id":"duplicate-id-aria","data":"staff-group-administrative-clerical","relatedNodes":[],"impact":"critical","message":"Document has no elements referenced with ARIA or labels that share the same id attribute"}],"all":[],"none":[],"impact":null,"html":"<input class=\"nhsuk-checkboxes__input\" id=\"staff-group-administrative-clerical\" name=\"staffGroup\" type=\"checkbox\" value=\"ADMINISTRATIVE_AND_CLERICAL\" data-test=\"staff-group-administrative-clerical\">","target":["#staff-group-administrative-clerical"]},{"any":[{"id":"duplicate-id-aria","data":"staff-group-allied-health-professionals","relatedNodes":[],"impact":"critical","message":"Document has no elements referenced with ARIA or labels that share the same id attribute"}],"all":[],"none":[],"impact":null,"html":"<input class=\"nhsuk-checkboxes__input\" id=\"staff-group-allied-health-professionals\" name=\"staffGroup\" type=\"checkbox\" value=\"ALLIED_HEALTH_PROF\" data-test=\"staff-group-allied-health-professionals\">","target":["#staff-group-allied-health-professionals"]},{"any":[{"id":"duplicate-id-aria","data":"staff-group-estates-and-ancillary","relatedNodes":[],"impact":"critical","message":"Document has no elements referenced with ARIA or labels that share the same id attribute"}],"all":[],"none":[],"impact":null,"html":"<input class=\"nhsuk-checkboxes__input\" id=\"staff-group-estates-and-ancillary\" name=\"staffGroup\" type=\"checkbox\" value=\"ESTATES_AND_ANCILLARY\" data-test=\"staff-group-estates-and-ancillary\">","target":["#staff-group-estates-and-ancillary"]},{"any":[{"id":"duplicate-id-aria","data":"staff-group-healthcare-scientists","relatedNodes":[],"impact":"critical","message":"Document has no elements referenced with ARIA or labels that share the same id attribute"}],"all":[],"none":[],"impact":null,"html":"<input class=\"nhsuk-checkboxes__input\" id=\"staff-group-healthcare-scientists\" name=\"staffGroup\" type=\"checkbox\" value=\"HEALTHCARE_SCIENTISTS\" data-test=\"staff-group-healthcare-scientists\">","target":["#staff-group-healthcare-scientists"]},{"any":[{"id":"duplicate-id-aria","data":"staff-group-medical-and-dental","relatedNodes":[],"impact":"critical","message":"Document has no elements referenced with ARIA or labels that share the same id attribute"}],"all":[],"none":[],"impact":null,"html":"<input class=\"nhsuk-checkboxes__input\" id=\"staff-group-medical-and-dental\" name=\"staffGroup\" type=\"checkbox\" value=\"MEDICAL_AND_DENTAL\" data-test=\"staff-group-medical-and-dental\">","target":["#staff-group-medical-and-dental"]},{"any":[{"id":"duplicate-id-aria","data":"staff-group-nursing-and-midwifery-registered","relatedNodes":[],"impact":"critical","message":"Document has no elements referenced with ARIA or labels that share the same id attribute"}],"all":[],"none":[],"impact":null,"html":"<input class=\"nhsuk-checkboxes__input\" id=\"staff-group-nursing-and-midwifery-registered\" name=\"staffGroup\" type=\"checkbox\" value=\"NURSING_AND_MIDWIFERY_REGD\" data-test=\"staff-group-nursing-and-midwifery-registered\">","target":["#staff-group-nursing-and-midwifery-registered"]},{"any":[{"id":"duplicate-id-aria","data":"staff-group-students","relatedNodes":[],"impact":"critical","message":"Document has no elements referenced with ARIA or labels that share the same id attribute"}],"all":[],"none":[],"impact":null,"html":"<input class=\"nhsuk-checkboxes__input\" id=\"staff-group-students\" name=\"staffGroup\" type=\"checkbox\" value=\"STUDENTS\" data-test=\"staff-group-students\">","target":["#staff-group-students"]},{"any":[{"id":"duplicate-id-aria","data":"pay-range-details","relatedNodes":[],"impact":"critical","message":"Document has no elements referenced with ARIA or labels that share the same id attribute"}],"all":[],"none":[],"impact":null,"html":"<div class=\"nhsuk-details__text\" id=\"pay-range-details\" aria-hidden=\"false\">","target":["#pay-range-details"]},{"any":[{"id":"duplicate-id-aria","data":"pay-range-0-10","relatedNodes":[],"impact":"critical","message":"Document has no elements referenced with ARIA or labels that share the same id attribute"}],"all":[],"none":[],"impact":null,"html":"<input class=\"nhsuk-checkboxes__input\" id=\"pay-range-0-10\" name=\"payRange\" type=\"checkbox\" value=\"0-10\" data-test=\"pay-range-0-10\">","target":["#pay-range-0-10"]},{"any":[{"id":"duplicate-id-aria","data":"pay-range-10-20","relatedNodes":[],"impact":"critical","message":"Document has no elements referenced with ARIA or labels that share the same id attribute"}],"all":[],"none":[],"impact":null,"html":"<input class=\"nhsuk-checkboxes__input\" id=\"pay-range-10-20\" name=\"payRange\" type=\"checkbox\" value=\"10-20\" data-test=\"pay-range-10-20\">","target":["#pay-range-10-20"]},{"any":[{"id":"duplicate-id-aria","data":"pay-range-20-30","relatedNodes":[],"impact":"critical","message":"Document has no elements referenced with ARIA or labels that share the same id attribute"}],"all":[],"none":[],"impact":null,"html":"<input class=\"nhsuk-checkboxes__input\" id=\"pay-range-20-30\" name=\"payRange\" type=\"checkbox\" value=\"20-30\" data-test=\"pay-range-20-30\">","target":["#pay-range-20-30"]},{"any":[{"id":"duplicate-id-aria","data":"pay-range-30-40","relatedNodes":[],"impact":"critical","message":"Document has no elements referenced with ARIA or labels that share the same id attribute"}],"all":[],"none":[],"impact":null,"html":"<input class=\"nhsuk-checkboxes__input\" id=\"pay-range-30-40\" name=\"payRange\" type=\"checkbox\" value=\"30-40\" data-test=\"pay-range-30-40\">","target":["#pay-range-30-40"]},{"any":[{"id":"duplicate-id-aria","data":"pay-range-40-50","relatedNodes":[],"impact":"critical","message":"Document has no elements referenced with ARIA or labels that share the same id attribute"}],"all":[],"none":[],"impact":null,"html":"<input class=\"nhsuk-checkboxes__input\" id=\"pay-range-40-50\" name=\"payRange\" type=\"checkbox\" value=\"40-50\" data-test=\"pay-range-40-50\">","target":["#pay-range-40-50"]},{"any":[{"id":"duplicate-id-aria","data":"pay-range-50-60","relatedNodes":[],"impact":"critical","message":"Document has no elements referenced with ARIA or labels that share the same id attribute"}],"all":[],"none":[],"impact":null,"html":"<input class=\"nhsuk-checkboxes__input\" id=\"pay-range-50-60\" name=\"payRange\" type=\"checkbox\" value=\"50-60\" data-test=\"pay-range-50-60\">","target":["#pay-range-50-60"]},{"any":[{"id":"duplicate-id-aria","data":"pay-range-60-70","relatedNodes":[],"impact":"critical","message":"Document has no elements referenced with ARIA or labels that share the same id attribute"}],"all":[],"none":[],"impact":null,"html":"<input class=\"nhsuk-checkboxes__input\" id=\"pay-range-60-70\" name=\"payRange\" type=\"checkbox\" value=\"60-70\" data-test=\"pay-range-60-70\">","target":["#pay-range-60-70"]},{"any":[{"id":"duplicate-id-aria","data":"pay-range-70-80","relatedNodes":[],"impact":"critical","message":"Document has no elements referenced with ARIA or labels that share the same id attribute"}],"all":[],"none":[],"impact":null,"html":"<input class=\"nhsuk-checkboxes__input\" id=\"pay-range-70-80\" name=\"payRange\" type=\"checkbox\" value=\"70-80\" data-test=\"pay-range-70-80\">","target":["#pay-range-70-80"]},{"any":[{"id":"duplicate-id-aria","data":"pay-range-80-90","relatedNodes":[],"impact":"critical","message":"Document has no elements referenced with ARIA or labels that share the same id attribute"}],"all":[],"none":[],"impact":null,"html":"<input class=\"nhsuk-checkboxes__input\" id=\"pay-range-80-90\" name=\"payRange\" type=\"checkbox\" value=\"80-90\" data-test=\"pay-range-80-90\">","target":["#pay-range-80-90"]},{"any":[{"id":"duplicate-id-aria","data":"pay-range-90-100","relatedNodes":[],"impact":"critical","message":"Document has no elements referenced with ARIA or labels that share the same id attribute"}],"all":[],"none":[],"impact":null,"html":"<input class=\"nhsuk-checkboxes__input\" id=\"pay-range-90-100\" name=\"payRange\" type=\"checkbox\" value=\"90-100\" data-test=\"pay-range-90-100\">","target":["#pay-range-90-100"]},{"any":[{"id":"duplicate-id-aria","data":"pay-range-100","relatedNodes":[],"impact":"critical","message":"Document has no elements referenced with ARIA or labels that share the same id attribute"}],"all":[],"none":[],"impact":null,"html":"<input class=\"nhsuk-checkboxes__input\" id=\"pay-range-100\" name=\"payRange\" type=\"checkbox\" value=\"100\" data-test=\"pay-range-100\">","target":["#pay-range-100"]},{"any":[{"id":"duplicate-id-aria","data":"pay-band-details","relatedNodes":[],"impact":"critical","message":"Document has no elements referenced with ARIA or labels that share the same id attribute"}],"all":[],"none":[],"impact":null,"html":"<div class=\"nhsuk-details__text\" id=\"pay-band-details\" aria-hidden=\"false\">","target":["#pay-band-details"]},{"any":[{"id":"duplicate-id-aria","data":"pay-band-2","relatedNodes":[],"impact":"critical","message":"Document has no elements referenced with ARIA or labels that share the same id attribute"}],"all":[],"none":[],"impact":null,"html":"<input class=\"nhsuk-checkboxes__input\" id=\"pay-band-2\" name=\"payBand\" type=\"checkbox\" value=\"BAND_2\" data-test=\"pay-band-2\">","target":["#pay-band-2"]},{"any":[{"id":"duplicate-id-aria","data":"pay-band-3","relatedNodes":[],"impact":"critical","message":"Document has no elements referenced with ARIA or labels that share the same id attribute"}],"all":[],"none":[],"impact":null,"html":"<input class=\"nhsuk-checkboxes__input\" id=\"pay-band-3\" name=\"payBand\" type=\"checkbox\" value=\"BAND_3\" data-test=\"pay-band-3\">","target":["#pay-band-3"]},{"any":[{"id":"duplicate-id-aria","data":"pay-band-4","relatedNodes":[],"impact":"critical","message":"Document has no elements referenced with ARIA or labels that share the same id attribute"}],"all":[],"none":[],"impact":null,"html":"<input class=\"nhsuk-checkboxes__input\" id=\"pay-band-4\" name=\"payBand\" type=\"checkbox\" value=\"BAND_4\" data-test=\"pay-band-4\">","target":["#pay-band-4"]},{"any":[{"id":"duplicate-id-aria","data":"pay-band-5","relatedNodes":[],"impact":"critical","message":"Document has no elements referenced with ARIA or labels that share the same id attribute"}],"all":[],"none":[],"impact":null,"html":"<input class=\"nhsuk-checkboxes__input\" id=\"pay-band-5\" name=\"payBand\" type=\"checkbox\" value=\"BAND_5\" data-test=\"pay-band-5\">","target":["#pay-band-5"]},{"any":[{"id":"duplicate-id-aria","data":"pay-band-6","relatedNodes":[],"impact":"critical","message":"Document has no elements referenced with ARIA or labels that share the same id attribute"}],"all":[],"none":[],"impact":null,"html":"<input class=\"nhsuk-checkboxes__input\" id=\"pay-band-6\" name=\"payBand\" type=\"checkbox\" value=\"BAND_6\" data-test=\"pay-band-6\">","target":["#pay-band-6"]},{"any":[{"id":"duplicate-id-aria","data":"pay-band-7","relatedNodes":[],"impact":"critical","message":"Document has no elements referenced with ARIA or labels that share the same id attribute"}],"all":[],"none":[],"impact":null,"html":"<input class=\"nhsuk-checkboxes__input\" id=\"pay-band-7\" name=\"payBand\" type=\"checkbox\" value=\"BAND_7\" data-test=\"pay-band-7\">","target":["#pay-band-7"]},{"any":[{"id":"duplicate-id-aria","data":"pay-band-8a","relatedNodes":[],"impact":"critical","message":"Document has no elements referenced with ARIA or labels that share the same id attribute"}],"all":[],"none":[],"impact":null,"html":"<input class=\"nhsuk-checkboxes__input\" id=\"pay-band-8a\" name=\"payBand\" type=\"checkbox\" value=\"BAND_8A\" data-test=\"pay-band-8a\">","target":["#pay-band-8a"]},{"any":[{"id":"duplicate-id-aria","data":"pay-band-8b","relatedNodes":[],"impact":"critical","message":"Document has no elements referenced with ARIA or labels that share the same id attribute"}],"all":[],"none":[],"impact":null,"html":"<input class=\"nhsuk-checkboxes__input\" id=\"pay-band-8b\" name=\"payBand\" type=\"checkbox\" value=\"BAND_8B\" data-test=\"pay-band-8b\">","target":["#pay-band-8b"]},{"any":[{"id":"duplicate-id-aria","data":"pay-band-8c","relatedNodes":[],"impact":"critical","message":"Document has no elements referenced with ARIA or labels that share the same id attribute"}],"all":[],"none":[],"impact":null,"html":"<input class=\"nhsuk-checkboxes__input\" id=\"pay-band-8c\" name=\"payBand\" type=\"checkbox\" value=\"BAND_8C\" data-test=\"pay-band-8c\">","target":["#pay-band-8c"]},{"any":[{"id":"duplicate-id-aria","data":"pay-band-8d","relatedNodes":[],"impact":"critical","message":"Document has no elements referenced with ARIA or labels that share the same id attribute"}],"all":[],"none":[],"impact":null,"html":"<input class=\"nhsuk-checkboxes__input\" id=\"pay-band-8d\" name=\"payBand\" type=\"checkbox\" value=\"BAND_8D\" data-test=\"pay-band-8d\">","target":["#pay-band-8d"]},{"any":[{"id":"duplicate-id-aria","data":"pay-band-9","relatedNodes":[],"impact":"critical","message":"Document has no elements referenced with ARIA or labels that share the same id attribute"}],"all":[],"none":[],"impact":null,"html":"<input class=\"nhsuk-checkboxes__input\" id=\"pay-band-9\" name=\"payBand\" type=\"checkbox\" value=\"BAND_9\" data-test=\"pay-band-9\">","target":["#pay-band-9"]},{"any":[{"id":"duplicate-id-aria","data":"specialty-doctor","relatedNodes":[],"impact":"critical","message":"Document has no elements referenced with ARIA or labels that share the same id attribute"}],"all":[],"none":[],"impact":null,"html":"<input class=\"nhsuk-checkboxes__input\" id=\"specialty-doctor\" name=\"payBand\" type=\"checkbox\" value=\"SPECIALTY_DOCTOR\" data-test=\"specialty-doctor\">","target":["#specialty-doctor"]},{"any":[{"id":"duplicate-id-aria","data":"foundation-doctor","relatedNodes":[],"impact":"critical","message":"Document has no elements referenced with ARIA or labels that share the same id attribute"}],"all":[],"none":[],"impact":null,"html":"<input class=\"nhsuk-checkboxes__input\" id=\"foundation-doctor\" name=\"payBand\" type=\"checkbox\" value=\"FOUNDATION_DOCTOR\" data-test=\"foundation-doctor\">","target":["#foundation-doctor"]},{"any":[{"id":"duplicate-id-aria","data":"consultant","relatedNodes":[],"impact":"critical","message":"Document has no elements referenced with ARIA or labels that share the same id attribute"}],"all":[],"none":[],"impact":null,"html":"<input class=\"nhsuk-checkboxes__input\" id=\"consultant\" name=\"payBand\" type=\"checkbox\" value=\"CONSULTANT\" data-test=\"consultant\">","target":["#consultant"]},{"any":[{"id":"duplicate-id-aria","data":"specialty-registrar","relatedNodes":[],"impact":"critical","message":"Document has no elements referenced with ARIA or labels that share the same id attribute"}],"all":[],"none":[],"impact":null,"html":"<input class=\"nhsuk-checkboxes__input\" id=\"specialty-registrar\" name=\"payBand\" type=\"checkbox\" value=\"SPECIALTY_REGISTRAR\" data-test=\"specialty-registrar\">","target":["#specialty-registrar"]},{"any":[{"id":"duplicate-id-aria","data":"doctor-other","relatedNodes":[],"impact":"critical","message":"Document has no elements referenced with ARIA or labels that share the same id attribute"}],"all":[],"none":[],"impact":null,"html":"<input class=\"nhsuk-checkboxes__input\" id=\"doctor-other\" name=\"payBand\" type=\"checkbox\" value=\"DOCTOR_OTHER\" data-test=\"doctor-other\">","target":["#doctor-other"]},{"any":[{"id":"duplicate-id-aria","data":"specialist","relatedNodes":[],"impact":"critical","message":"Document has no elements referenced with ARIA or labels that share the same id attribute"}],"all":[],"none":[],"impact":null,"html":"<input class=\"nhsuk-checkboxes__input\" id=\"specialist\" name=\"payBand\" type=\"checkbox\" value=\"SPECIALIST\" data-test=\"specialist\">","target":["#specialist"]},{"any":[{"id":"duplicate-id-aria","data":"very-senior-manager","relatedNodes":[],"impact":"critical","message":"Document has no elements referenced with ARIA or labels that share the same id attribute"}],"all":[],"none":[],"impact":null,"html":"<input class=\"nhsuk-checkboxes__input\" id=\"very-senior-manager\" name=\"payBand\" type=\"checkbox\" value=\"VERY_SENIOR_MANAGER\" data-test=\"very-senior-manager\">","target":["#very-senior-manager"]},{"any":[{"id":"duplicate-id-aria","data":"sort","relatedNodes":[],"impact":"critical","message":"Document has no elements referenced with ARIA or labels that share the same id attribute"}],"all":[],"none":[],"impact":null,"html":"<select class=\"nhsuk-select nhsuk-inline-select\" id=\"sort\" name=\"sort\" data-test=\"sort-input\" value=\"\" onchange=\"sortform.submit()\">","target":["#sort"]}]},{"id":"duplicate-id","impact":"minor","tags":["cat.parsing","wcag2a","wcag411"],"description":"Ensures every id attribute value is unique","help":"id attribute value must be unique","helpUrl":"https://dequeuniversity.com/rules/axe/4.7/duplicate-id?application=axeAPI","nodes":[{"any":[{"id":"duplicate-id","data":"main-body","relatedNodes":[],"impact":"minor","message":"Document has no static elements that share the same id attribute"}],"all":[],"none":[],"impact":null,"html":"<body class=\" govuk-frontend-supported js-enabled\" id=\"main-body\">","target":["#main-body"]},{"any":[{"id":"duplicate-id","data":"accepted-cookies-message","relatedNodes":[],"impact":"minor","message":"Document has no static elements that share the same id attribute"}],"all":[],"none":[],"impact":null,"html":"<span id=\"accepted-cookies-message\">You’ve accepted analytics cookies. You can \n      <a href=\"/candidate/cookies\" id=\"change-cookies-settings\" aria-label=\"Go to the cookie information page\">change your cookie settings</a> at any time.</span>","target":["#accepted-cookies-message"]},{"any":[{"id":"duplicate-id","data":"content-header","relatedNodes":[],"impact":"minor","message":"Document has no static elements that share the same id attribute"}],"all":[],"none":[],"impact":null,"html":"<div class=\"nhsuk-header__content\" id=\"content-header\">","target":["#content-header"]},{"any":[{"id":"duplicate-id","data":"toggle-menu","relatedNodes":[],"impact":"minor","message":"Document has no static elements that share the same id attribute"}],"all":[],"none":[],"impact":null,"html":"<button class=\"nhsuk-header__menu-toggle\" id=\"toggle-menu\" aria-controls=\"header-navigation\" aria-label=\"Open menu\">\n          Menu\n        </button>","target":["#toggle-menu"]},{"any":[{"id":"duplicate-id","data":"close-menu","relatedNodes":[],"impact":"minor","message":"Document has no static elements that share the same id attribute"}],"all":[],"none":[],"impact":null,"html":"<button class=\"nhsuk-header__navigation-close\" id=\"close-menu\">\n          <img src=\"/candidate/search/public/images/icons-close.svg\" alt=\"Close\">\n          <span class=\"nhsuk-u-visually-hidden\">Close menu</span>\n        </button>","target":["#close-menu"]},{"any":[{"id":"duplicate-id","data":"candidate_sign_in_mobile","relatedNodes":[],"impact":"minor","message":"Document has no static elements that share the same id attribute"}],"all":[],"none":[],"impact":null,"html":"<a class=\"nhsuk-header__navigation-link\" href=\"/candidate/auth/login\" id=\"candidate_sign_in_mobile\">","target":["#candidate_sign_in_mobile"]},{"any":[{"id":"duplicate-id","data":"searchFilterRibbon","relatedNodes":[],"impact":"minor","message":"Document has no static elements that share the same id attribute"}],"all":[],"none":[],"impact":null,"html":"<div class=\"nhsuk-width-container nhsuk-hero--border  nhsuk-u-padding-top-3 searchRibbon\" id=\"searchFilterRibbon\">","target":["#searchFilterRibbon"]},{"any":[{"id":"duplicate-id","data":"search-results-heading","relatedNodes":[],"impact":"minor","message":"Document has no static elements that share the same id attribute"}],"all":[],"none":[],"impact":null,"html":"<h1 data-test=\"search-result-query\" id=\"search-results-heading\" class=\"nhsuk-heading-xl nhsuk-u-padding-left-4 nhsuk-u-margin-bottom-4\" aria-label=\"29 jobs found for Doctor within 5 miles of Sheffield. Sorted by: Best Match\">","target":["#search-results-heading"]},{"any":[{"id":"duplicate-id","data":"search_form","relatedNodes":[],"impact":"minor","message":"Document has no static elements that share the same id attribute"}],"all":[],"none":[],"impact":null,"html":"<form method=\"post\" id=\"search_form\">","target":["#search_form"]},{"any":[{"id":"duplicate-id","data":"search-group-label","relatedNodes":[],"impact":"minor","message":"Document has no static elements that share the same id attribute"}],"all":[],"none":[],"impact":null,"html":"<legend class=\"js-hidden\" id=\"search-group-label\">Search for jobs in the NHS</legend>","target":["#search-group-label"]},{"any":[{"id":"duplicate-id","data":"autocomplete-container","relatedNodes":[],"impact":"minor","message":"Document has no static elements that share the same id attribute"}],"all":[],"none":[],"impact":null,"html":"<div id=\"autocomplete-container\">","target":["#autocomplete-container"]},{"any":[{"id":"duplicate-id","data":"location__status--A","relatedNodes":[],"impact":"minor","message":"Document has no static elements that share the same id attribute"}],"all":[],"none":[],"impact":null,"html":"<div id=\"location__status--A\" role=\"status\" aria-atomic=\"true\" aria-live=\"polite\"></div>","target":["#location__status--A"]},{"any":[{"id":"duplicate-id","data":"location__status--B","relatedNodes":[],"impact":"minor","message":"Document has no static elements that share the same id attribute"}],"all":[],"none":[],"impact":null,"html":"<div id=\"location__status--B\" role=\"status\" aria-atomic=\"true\" aria-live=\"polite\"></div>","target":["#location__status--B"]},{"any":[{"id":"duplicate-id","data":"location__option--0","relatedNodes":[],"impact":"minor","message":"Document has no static elements that share the same id attribute"}],"all":[],"none":[],"impact":null,"html":"<li aria-selected=\"false\" class=\"autocomplete__option\" id=\"location__option--0\" role=\"option\" tabindex=\"-1\" aria-posinset=\"1\" aria-setsize=\"1\">Sheffield</li>","target":["#location__option--0"]},{"any":[{"id":"duplicate-id","data":"additionalSearchPanel","relatedNodes":[],"impact":"minor","message":"Document has no static elements that share the same id attribute"}],"all":[],"none":[],"impact":null,"html":"<fieldset class=\"nhsuk-fieldset searchOptionStateHide\" id=\"additionalSearchPanel\">","target":["#additionalSearchPanel"]},{"any":[{"id":"duplicate-id","data":"additional-search-legend","relatedNodes":[],"impact":"minor","message":"Document has no static elements that share the same id attribute"}],"all":[],"none":[],"impact":null,"html":"<legend class=\"nhsuk-heading-l nhsuk-u-visually-hidden\" id=\"additional-search-legend\" aria-hidden=\"true\">\n            Additional search options\n          </legend>","target":["#additional-search-legend"]},{"any":[{"id":"duplicate-id","data":"search-controls-legend","relatedNodes":[],"impact":"minor","message":"Document has no static elements that share the same id attribute"}],"all":[],"none":[],"impact":null,"html":"<legend class=\"nhsuk-heading-l nhsuk-u-visually-hidden\" id=\"search-controls-legend\" aria-hidden=\"true\">\n            Search controls\n          </legend>","target":["#search-controls-legend"]},{"any":[{"id":"duplicate-id","data":"maincontent","relatedNodes":[],"impact":"minor","message":"Document has no static elements that share the same id attribute"}],"all":[],"none":[],"impact":null,"html":"<main class=\"nhsuk-main-wrapper \" id=\"maincontent\" role=\"main\">","target":["#maincontent"]},{"any":[{"id":"duplicate-id","data":"refineFilterHideShow","relatedNodes":[],"impact":"minor","message":"Document has no static elements that share the same id attribute"}],"all":[],"none":[],"impact":null,"html":"<h2 class=\"nhsuk-heading-m  show-mobile show-tab\" id=\"refineFilterHideShow\">\n        <a data-test=\"refine-search\">Refine your search (1)</a>\n      </h2>","target":["#refineFilterHideShow"]},{"any":[{"id":"duplicate-id","data":"refineFilter","relatedNodes":[],"impact":"minor","message":"Document has no static elements that share the same id attribute"}],"all":[],"none":[],"impact":null,"html":"<div id=\"refineFilter\">","target":["#refineFilter"]},{"any":[{"id":"duplicate-id","data":"distance_wrapper","relatedNodes":[],"impact":"minor","message":"Document has no static elements that share the same id attribute"}],"all":[],"none":[],"impact":null,"html":"<div class=\"nhsuk-details__text\" id=\"distance_wrapper\" aria-hidden=\"false\">","target":["#distance_wrapper"]},{"any":[{"id":"duplicate-id","data":"covid-only-details","relatedNodes":[],"impact":"minor","message":"Document has no static elements that share the same id attribute"}],"all":[],"none":[],"impact":null,"html":"<div class=\"nhsuk-details__text\" id=\"covid-only-details\" aria-hidden=\"false\">","target":["#covid-only-details"]},{"any":[{"id":"duplicate-id","data":"job-title-1","relatedNodes":[],"impact":"minor","message":"Document has no static elements that share the same id attribute"}],"all":[],"none":[],"impact":null,"html":"<h2 class=\"nhsuk-heading-m nhsuk-u-margin-bottom-2\" id=\"job-title-1\">","target":["#job-title-1"]},{"any":[{"id":"duplicate-id","data":"job-title-2","relatedNodes":[],"impact":"minor","message":"Document has no static elements that share the same id attribute"}],"all":[],"none":[],"impact":null,"html":"<h2 class=\"nhsuk-heading-m nhsuk-u-margin-bottom-2\" id=\"job-title-2\">","target":["#job-title-2"]},{"any":[{"id":"duplicate-id","data":"job-title-3","relatedNodes":[],"impact":"minor","message":"Document has no static elements that share the same id attribute"}],"all":[],"none":[],"impact":null,"html":"<h2 class=\"nhsuk-heading-m nhsuk-u-margin-bottom-2\" id=\"job-title-3\">","target":["#job-title-3"]},{"any":[{"id":"duplicate-id","data":"job-title-4","relatedNodes":[],"impact":"minor","message":"Document has no static elements that share the same id attribute"}],"all":[],"none":[],"impact":null,"html":"<h2 class=\"nhsuk-heading-m nhsuk-u-margin-bottom-2\" id=\"job-title-4\">","target":["#job-title-4"]},{"any":[{"id":"duplicate-id","data":"job-title-5","relatedNodes":[],"impact":"minor","message":"Document has no static elements that share the same id attribute"}],"all":[],"none":[],"impact":null,"html":"<h2 class=\"nhsuk-heading-m nhsuk-u-margin-bottom-2\" id=\"job-title-5\">","target":["#job-title-5"]},{"any":[{"id":"duplicate-id","data":"job-title-6","relatedNodes":[],"impact":"minor","message":"Document has no static elements that share the same id attribute"}],"all":[],"none":[],"impact":null,"html":"<h2 class=\"nhsuk-heading-m nhsuk-u-margin-bottom-2\" id=\"job-title-6\">","target":["#job-title-6"]},{"any":[{"id":"duplicate-id","data":"job-title-7","relatedNodes":[],"impact":"minor","message":"Document has no static elements that share the same id attribute"}],"all":[],"none":[],"impact":null,"html":"<h2 class=\"nhsuk-heading-m nhsuk-u-margin-bottom-2\" id=\"job-title-7\">","target":["#job-title-7"]},{"any":[{"id":"duplicate-id","data":"job-title-8","relatedNodes":[],"impact":"minor","message":"Document has no static elements that share the same id attribute"}],"all":[],"none":[],"impact":null,"html":"<h2 class=\"nhsuk-heading-m nhsuk-u-margin-bottom-2\" id=\"job-title-8\">","target":["#job-title-8"]},{"any":[{"id":"duplicate-id","data":"job-title-9","relatedNodes":[],"impact":"minor","message":"Document has no static elements that share the same id attribute"}],"all":[],"none":[],"impact":null,"html":"<h2 class=\"nhsuk-heading-m nhsuk-u-margin-bottom-2\" id=\"job-title-9\">","target":["#job-title-9"]},{"any":[{"id":"duplicate-id","data":"job-title-10","relatedNodes":[],"impact":"minor","message":"Document has no static elements that share the same id attribute"}],"all":[],"none":[],"impact":null,"html":"<h2 class=\"nhsuk-heading-m nhsuk-u-margin-bottom-2\" id=\"job-title-10\">","target":["#job-title-10"]},{"any":[{"id":"duplicate-id","data":"nhsuk-footer","relatedNodes":[],"impact":"minor","message":"Document has no static elements that share the same id attribute"}],"all":[],"none":[],"impact":null,"html":"<div class=\"nhsuk-footer\" id=\"nhsuk-footer\">","target":["#nhsuk-footer"]}]},{"id":"empty-heading","impact":null,"tags":["cat.name-role-value","best-practice"],"description":"Ensures headings have discernible text","help":"Headings should not be empty","helpUrl":"https://dequeuniversity.com/rules/axe/4.7/empty-heading?application=axeAPI","nodes":[{"any":[{"id":"has-visible-text","data":null,"relatedNodes":[],"impact":"minor","message":"Element has text that is visible to screen readers"},{"id":"aria-label","data":null,"relatedNodes":[],"impact":"minor","message":"aria-label attribute exists and is not empty"}],"all":[],"none":[],"impact":null,"html":"<h1 data-test=\"search-result-query\" id=\"search-results-heading\" class=\"nhsuk-heading-xl nhsuk-u-padding-left-4 nhsuk-u-margin-bottom-4\" aria-label=\"29 jobs found for Doctor within 5 miles of Sheffield. Sorted by: Best Match\">","target":["#search-results-heading"]},{"any":[{"id":"has-visible-text","data":null,"relatedNodes":[],"impact":"minor","message":"Element has text that is visible to screen readers"}],"all":[],"none":[],"impact":null,"html":"<h2 class=\"nhsuk-heading-s\">Refine your search</h2>","target":[".nhsuk-heading-s"]},{"any":[{"id":"has-visible-text","data":null,"relatedNodes":[],"impact":"minor","message":"Element has text that is visible to screen readers"}],"all":[],"none":[],"impact":null,"html":"<h3 class=\"nhsuk-heading-m\">\n    <a href=\"/candidate/search/save/alerts\" data-test=\"save-search\">Save this search</a>\n</h3>","target":[".hide-mobile > h3"]},{"any":[{"id":"has-visible-text","data":null,"relatedNodes":[],"impact":"minor","message":"Element has text that is visible to screen readers"}],"all":[],"none":[],"impact":null,"html":"<h2 class=\"nhsuk-heading-m nhsuk-u-margin-bottom-2\" id=\"job-title-1\">","target":["#job-title-1"]},{"any":[{"id":"has-visible-text","data":null,"relatedNodes":[],"impact":"minor","message":"Element has text that is visible to screen readers"}],"all":[],"none":[],"impact":null,"html":"<h3 class=\"nhsuk-u-font-weight-bold\">\n          CHEC\n          <div class=\"location-font-size\">\n            \n              Sheffield S9 1XH\n            \n          </div>\n        </h3>","target":[".nhsuk-list-panel.search-result.nhsuk-u-padding-3:nth-child(1) > .nhsuk-u-margin-bottom-4[data-test=\"search-result-location\"] > h3"]},{"any":[{"id":"has-visible-text","data":null,"relatedNodes":[],"impact":"minor","message":"Element has text that is visible to screen readers"}],"all":[],"none":[],"impact":null,"html":"<h2 class=\"nhsuk-heading-m nhsuk-u-margin-bottom-2\" id=\"job-title-2\">","target":["#job-title-2"]},{"any":[{"id":"has-visible-text","data":null,"relatedNodes":[],"impact":"minor","message":"Element has text that is visible to screen readers"}],"all":[],"none":[],"impact":null,"html":"<h3 class=\"nhsuk-u-font-weight-bold\">\n          CHEC\n          <div class=\"location-font-size\">\n            \n              Sheffield S9 1XH\n            \n          </div>\n        </h3>","target":[".nhsuk-list-panel.search-result.nhsuk-u-padding-3:nth-child(2) > .nhsuk-u-margin-bottom-4[data-test=\"search-result-location\"] > h3"]},{"any":[{"id":"has-visible-text","data":null,"relatedNodes":[],"impact":"minor","message":"Element has text that is visible to screen readers"}],"all":[],"none":[],"impact":null,"html":"<h2 class=\"nhsuk-heading-m nhsuk-u-margin-bottom-2\" id=\"job-title-3\">","target":["#job-title-3"]},{"any":[{"id":"has-visible-text","data":null,"relatedNodes":[],"impact":"minor","message":"Element has text that is visible to screen readers"}],"all":[],"none":[],"impact":null,"html":"<h3 class=\"nhsuk-u-font-weight-bold\">\n          The Rotherham NHS Foundation Trust\n          <div class=\"location-font-size\">\n            \n              Rotherham S60 2UD\n            \n          </div>\n        </h3>","target":[".nhsuk-list-panel.search-result.nhsuk-u-padding-3:nth-child(3) > .nhsuk-u-margin-bottom-4[data-test=\"search-result-location\"] > h3"]},{"any":[{"id":"has-visible-text","data":null,"relatedNodes":[],"impact":"minor","message":"Element has text that is visible to screen readers"}],"all":[],"none":[],"impact":null,"html":"<h2 class=\"nhsuk-heading-m nhsuk-u-margin-bottom-2\" id=\"job-title-4\">","target":["#job-title-4"]},{"any":[{"id":"has-visible-text","data":null,"relatedNodes":[],"impact":"minor","message":"Element has text that is visible to screen readers"}],"all":[],"none":[],"impact":null,"html":"<h3 class=\"nhsuk-u-font-weight-bold\">\n          Sheffield Hallam University\n          <div class=\"location-font-size\">\n            \n              Sheffield S10 2BP\n            \n          </div>\n        </h3>","target":[".nhsuk-list-panel.search-result.nhsuk-u-padding-3:nth-child(4) > .nhsuk-u-margin-bottom-4[data-test=\"search-result-location\"] > h3"]},{"any":[{"id":"has-visible-text","data":null,"relatedNodes":[],"impact":"minor","message":"Element has text that is visible to screen readers"}],"all":[],"none":[],"impact":null,"html":"<h2 class=\"nhsuk-heading-m nhsuk-u-margin-bottom-2\" id=\"job-title-5\">","target":["#job-title-5"]},{"any":[{"id":"has-visible-text","data":null,"relatedNodes":[],"impact":"minor","message":"Element has text that is visible to screen readers"}],"all":[],"none":[],"impact":null,"html":"<h3 class=\"nhsuk-u-font-weight-bold\">\n          Sheffield Teaching Hospitals NHS Foundation Trust\n          <div class=\"location-font-size\">\n            \n              Sheffield S5 7AU\n            \n          </div>\n        </h3>","target":[".nhsuk-list-panel.search-result.nhsuk-u-padding-3:nth-child(5) > .nhsuk-u-margin-bottom-4[data-test=\"search-result-location\"] > h3"]},{"any":[{"id":"has-visible-text","data":null,"relatedNodes":[],"impact":"minor","message":"Element has text that is visible to screen readers"}],"all":[],"none":[],"impact":null,"html":"<h2 class=\"nhsuk-heading-m nhsuk-u-margin-bottom-2\" id=\"job-title-6\">","target":["#job-title-6"]},{"any":[{"id":"has-visible-text","data":null,"relatedNodes":[],"impact":"minor","message":"Element has text that is visible to screen readers"}],"all":[],"none":[],"impact":null,"html":"<h3 class=\"nhsuk-u-font-weight-bold\">\n          Sheffield Hallam University\n          <div class=\"location-font-size\">\n            \n              Sheffield S10 2BP\n            \n          </div>\n        </h3>","target":[".nhsuk-list-panel.search-result.nhsuk-u-padding-3:nth-child(6) > .nhsuk-u-margin-bottom-4[data-test=\"search-result-location\"] > h3"]},{"any":[{"id":"has-visible-text","data":null,"relatedNodes":[],"impact":"minor","message":"Element has text that is visible to screen readers"}],"all":[],"none":[],"impact":null,"html":"<h2 class=\"nhsuk-heading-m nhsuk-u-margin-bottom-2\" id=\"job-title-7\">","target":["#job-title-7"]},{"any":[{"id":"has-visible-text","data":null,"relatedNodes":[],"impact":"minor","message":"Element has text that is visible to screen readers"}],"all":[],"none":[],"impact":null,"html":"<h3 class=\"nhsuk-u-font-weight-bold\">\n          Sheffield Teaching Hospitals NHS Foundation Trust\n          <div class=\"location-font-size\">\n            \n              Sheffield S10 2JF\n            \n          </div>\n        </h3>","target":[".nhsuk-list-panel.search-result.nhsuk-u-padding-3:nth-child(7) > .nhsuk-u-margin-bottom-4[data-test=\"search-result-location\"] > h3"]},{"any":[{"id":"has-visible-text","data":null,"relatedNodes":[],"impact":"minor","message":"Element has text that is visible to screen readers"}],"all":[],"none":[],"impact":null,"html":"<h2 class=\"nhsuk-heading-m nhsuk-u-margin-bottom-2\" id=\"job-title-8\">","target":["#job-title-8"]},{"any":[{"id":"has-visible-text","data":null,"relatedNodes":[],"impact":"minor","message":"Element has text that is visible to screen readers"}],"all":[],"none":[],"impact":null,"html":"<h3 class=\"nhsuk-u-font-weight-bold\">\n          Sheffield Teaching Hospitals NHS Foundation Trust\n          <div class=\"location-font-size\">\n            \n              Sheffield S5 7AU\n            \n          </div>\n        </h3>","target":[".nhsuk-list-panel.search-result.nhsuk-u-padding-3:nth-child(8) > .nhsuk-u-margin-bottom-4[data-test=\"search-result-location\"] > h3"]},{"any":[{"id":"has-visible-text","data":null,"relatedNodes":[],"impact":"minor","message":"Element has text that is visible to screen readers"}],"all":[],"none":[],"impact":null,"html":"<h2 class=\"nhsuk-heading-m nhsuk-u-margin-bottom-2\" id=\"job-title-9\">","target":["#job-title-9"]},{"any":[{"id":"has-visible-text","data":null,"relatedNodes":[],"impact":"minor","message":"Element has text that is visible to screen readers"}],"all":[],"none":[],"impact":null,"html":"<h3 class=\"nhsuk-u-font-weight-bold\">\n          Sheffield Teaching Hospitals NHS Foundation Trust\n          <div class=\"location-font-size\">\n            \n              Sheffield S10 2JF\n            \n          </div>\n        </h3>","target":[".nhsuk-list-panel.search-result.nhsuk-u-padding-3:nth-child(9) > .nhsuk-u-margin-bottom-4[data-test=\"search-result-location\"] > h3"]},{"any":[{"id":"has-visible-text","data":null,"relatedNodes":[],"impact":"minor","message":"Element has text that is visible to screen readers"}],"all":[],"none":[],"impact":null,"html":"<h2 class=\"nhsuk-heading-m nhsuk-u-margin-bottom-2\" id=\"job-title-10\">","target":["#job-title-10"]},{"any":[{"id":"has-visible-text","data":null,"relatedNodes":[],"impact":"minor","message":"Element has text that is visible to screen readers"}],"all":[],"none":[],"impact":null,"html":"<h3 class=\"nhsuk-u-font-weight-bold\">\n          Sheffield Teaching Hospitals NHS Foundation Trust\n          <div class=\"location-font-size\">\n            \n              Sheffield S5 7AU\n            \n          </div>\n        </h3>","target":[".nhsuk-list-panel.search-result.nhsuk-u-padding-3:nth-child(10) > .nhsuk-u-margin-bottom-4[data-test=\"search-result-location\"] > h3"]},{"any":[{"id":"has-visible-text","data":null,"relatedNodes":[],"impact":"minor","message":"Element has text that is visible to screen readers"}],"all":[],"none":[],"impact":null,"html":"<h2 class=\"nhsuk-u-visually-hidden\">Support links</h2>","target":[".nhsuk-width-container > .nhsuk-u-visually-hidden"]}]},{"id":"form-field-multiple-labels","impact":null,"tags":["cat.forms","wcag2a","wcag332","TTv5","TT5.c"],"description":"Ensures form field does not have multiple label elements","help":"Form field must not have multiple label elements","helpUrl":"https://dequeuniversity.com/rules/axe/4.7/form-field-multiple-labels?application=axeAPI","nodes":[{"any":[],"all":[],"none":[{"id":"multiple-label","data":null,"relatedNodes":[{"html":"<label class=\"nhsuk-label nhsuk-u-font-weight-bold white-text\" for=\"keyword\">What?</label>","target":["label[for=\"keyword\"]"]}],"impact":"moderate","message":"Form field does not have multiple label elements"}],"impact":null,"html":"<input name=\"keyword\" id=\"keyword\" value=\"Doctor\" class=\"nhsuk-input nhsuk-u--width-full\" type=\"search\" data-test=\"search-jobTitle-input\" aria-label=\"Search What? For example, job title or skills\">","target":["#keyword"]},{"any":[],"all":[],"none":[{"id":"multiple-label","data":null,"relatedNodes":[{"html":"<label class=\"nhsuk-label nhsuk-u-font-weight-bold white-text\" for=\"location\">Where?</label>","target":["label[for=\"location\"]"]}],"impact":"moderate","message":"Form field does not have multiple label elements"}],"impact":null,"html":"<input aria-describedby=\"location__assistiveHint\" aria-expanded=\"false\" aria-controls=\"location__listbox\" aria-autocomplete=\"list\" autocomplete=\"off\" class=\"nhsuk-input nhsuk-u--width-full\" id=\"location\" name=\"location\" placeholder=\"\" type=\"search\" role=\"combobox\" data-test=\"search-location-input\" aria-label=\"Search Where? For example, a postcode, town or city, search text field\">","target":["#location"]},{"any":[],"all":[],"none":[{"id":"multiple-label","data":null,"relatedNodes":[{"html":"<label class=\"nhsuk-u-visually-hidden\" for=\"distance\"> Distance </label>","target":["label[for=\"distance\"]"]}],"impact":"moderate","message":"Form field does not have multiple label elements"}],"impact":null,"html":"<select class=\"nhsuk-select\" id=\"distance\" name=\"distance\" data-test=\"search-distance-input\">","target":["#distance"]},{"any":[],"all":[],"none":[{"id":"multiple-label","data":null,"relatedNodes":[{"html":"<label class=\"nhsuk-label nhsuk-inline-label\" for=\"sort\">Sort by</label>","target":[".nhsuk-inline-label"]}],"impact":"moderate","message":"Form field does not have multiple label elements"}],"impact":null,"html":"<select class=\"nhsuk-select nhsuk-inline-select\" id=\"sort\" name=\"sort\" data-test=\"sort-input\" value=\"\" onchange=\"sortform.submit()\">","target":["#sort"]}]},{"id":"heading-order","impact":null,"tags":["cat.semantics","best-practice"],"description":"Ensures the order of headings is semantically correct","help":"Heading levels should only increase by one","helpUrl":"https://dequeuniversity.com/rules/axe/4.7/heading-order?application=axeAPI","nodes":[{"any":[{"id":"heading-order","data":{"headingOrder":[{"ancestry":["html > body > section:nth-child(4) > div > div > div:nth-child(1) > h1"],"level":1},{"ancestry":["html > body > div:nth-child(5) > main > div:nth-child(2) > div:nth-child(1) > div:nth-child(1) > form > fieldset:nth-child(1) > legend:nth-child(1) > h2"],"level":2},{"ancestry":["html > body > div:nth-child(5) > main > div:nth-child(2) > div:nth-child(1) > div:nth-child(2) > h3:nth-child(1)"],"level":3},{"ancestry":["html > body > div:nth-child(5) > main > div:nth-child(2) > div:nth-child(2) > ul:nth-child(2) > li:nth-child(1) > div:nth-child(1) > div:nth-child(1) > h2"],"level":2},{"ancestry":["html > body > div:nth-child(5) > main > div:nth-child(2) > div:nth-child(2) > ul:nth-child(2) > li:nth-child(1) > div:nth-child(2) > h3"],"level":3},{"ancestry":["html > body > div:nth-child(5) > main > div:nth-child(2) > div:nth-child(2) > ul:nth-child(2) > li:nth-child(2) > div:nth-child(1) > div:nth-child(1) > h2"],"level":2},{"ancestry":["html > body > div:nth-child(5) > main > div:nth-child(2) > div:nth-child(2) > ul:nth-child(2) > li:nth-child(2) > div:nth-child(2) > h3"],"level":3},{"ancestry":["html > body > div:nth-child(5) > main > div:nth-child(2) > div:nth-child(2) > ul:nth-child(2) > li:nth-child(3) > div:nth-child(1) > div:nth-child(1) > h2"],"level":2},{"ancestry":["html > body > div:nth-child(5) > main > div:nth-child(2) > div:nth-child(2) > ul:nth-child(2) > li:nth-child(3) > div:nth-child(2) > h3"],"level":3},{"ancestry":["html > body > div:nth-child(5) > main > div:nth-child(2) > div:nth-child(2) > ul:nth-child(2) > li:nth-child(4) > div:nth-child(1) > div:nth-child(1) > h2"],"level":2},{"ancestry":["html > body > div:nth-child(5) > main > div:nth-child(2) > div:nth-child(2) > ul:nth-child(2) > li:nth-child(4) > div:nth-child(2) > h3"],"level":3},{"ancestry":["html > body > div:nth-child(5) > main > div:nth-child(2) > div:nth-child(2) > ul:nth-child(2) > li:nth-child(5) > div:nth-child(1) > div:nth-child(1) > h2"],"level":2},{"ancestry":["html > body > div:nth-child(5) > main > div:nth-child(2) > div:nth-child(2) > ul:nth-child(2) > li:nth-child(5) > div:nth-child(2) > h3"],"level":3},{"ancestry":["html > body > div:nth-child(5) > main > div:nth-child(2) > div:nth-child(2) > ul:nth-child(2) > li:nth-child(6) > div:nth-child(1) > div:nth-child(1) > h2"],"level":2},{"ancestry":["html > body > div:nth-child(5) > main > div:nth-child(2) > div:nth-child(2) > ul:nth-child(2) > li:nth-child(6) > div:nth-child(2) > h3"],"level":3},{"ancestry":["html > body > div:nth-child(5) > main > div:nth-child(2) > div:nth-child(2) > ul:nth-child(2) > li:nth-child(7) > div:nth-child(1) > div:nth-child(1) > h2"],"level":2},{"ancestry":["html > body > div:nth-child(5) > main > div:nth-child(2) > div:nth-child(2) > ul:nth-child(2) > li:nth-child(7) > div:nth-child(2) > h3"],"level":3},{"ancestry":["html > body > div:nth-child(5) > main > div:nth-child(2) > div:nth-child(2) > ul:nth-child(2) > li:nth-child(8) > div:nth-child(1) > div:nth-child(1) > h2"],"level":2},{"ancestry":["html > body > div:nth-child(5) > main > div:nth-child(2) > div:nth-child(2) > ul:nth-child(2) > li:nth-child(8) > div:nth-child(2) > h3"],"level":3},{"ancestry":["html > body > div:nth-child(5) > main > div:nth-child(2) > div:nth-child(2) > ul:nth-child(2) > li:nth-child(9) > div:nth-child(1) > div:nth-child(1) > h2"],"level":2},{"ancestry":["html > body > div:nth-child(5) > main > div:nth-child(2) > div:nth-child(2) > ul:nth-child(2) > li:nth-child(9) > div:nth-child(2) > h3"],"level":3},{"ancestry":["html > body > div:nth-child(5) > main > div:nth-child(2) > div:nth-child(2) > ul:nth-child(2) > li:nth-child(10) > div:nth-child(1) > div:nth-child(1) > h2"],"level":2},{"ancestry":["html > body > div:nth-child(5) > main > div:nth-child(2) > div:nth-child(2) > ul:nth-child(2) > li:nth-child(10) > div:nth-child(2) > h3"],"level":3},{"ancestry":["html > body > footer:nth-child(6) > div > div > h2:nth-child(1)"],"level":2}]},"relatedNodes":[],"impact":"moderate","message":"Heading order valid"}],"all":[],"none":[],"impact":null,"html":"<h1 data-test=\"search-result-query\" id=\"search-results-heading\" class=\"nhsuk-heading-xl nhsuk-u-padding-left-4 nhsuk-u-margin-bottom-4\" aria-label=\"29 jobs found for Doctor within 5 miles of Sheffield. Sorted by: Best Match\">","target":["#search-results-heading"]},{"any":[{"id":"heading-order","data":null,"relatedNodes":[],"impact":"moderate","message":"Heading order valid"}],"all":[],"none":[],"impact":null,"html":"<h2 class=\"nhsuk-heading-s\">Refine your search</h2>","target":[".nhsuk-heading-s"]},{"any":[{"id":"heading-order","data":null,"relatedNodes":[],"impact":"moderate","message":"Heading order valid"}],"all":[],"none":[],"impact":null,"html":"<h3 class=\"nhsuk-heading-m\">\n    <a href=\"/candidate/search/save/alerts\" data-test=\"save-search\">Save this search</a>\n</h3>","target":[".hide-mobile > h3"]},{"any":[{"id":"heading-order","data":null,"relatedNodes":[],"impact":"moderate","message":"Heading order valid"}],"all":[],"none":[],"impact":null,"html":"<h2 class=\"nhsuk-heading-m nhsuk-u-margin-bottom-2\" id=\"job-title-1\">","target":["#job-title-1"]},{"any":[{"id":"heading-order","data":null,"relatedNodes":[],"impact":"moderate","message":"Heading order valid"}],"all":[],"none":[],"impact":null,"html":"<h3 class=\"nhsuk-u-font-weight-bold\">\n          CHEC\n          <div class=\"location-font-size\">\n            \n              Sheffield S9 1XH\n            \n          </div>\n        </h3>","target":[".nhsuk-list-panel.search-result.nhsuk-u-padding-3:nth-child(1) > .nhsuk-u-margin-bottom-4[data-test=\"search-result-location\"] > h3"]},{"any":[{"id":"heading-order","data":null,"relatedNodes":[],"impact":"moderate","message":"Heading order valid"}],"all":[],"none":[],"impact":null,"html":"<h2 class=\"nhsuk-heading-m nhsuk-u-margin-bottom-2\" id=\"job-title-2\">","target":["#job-title-2"]},{"any":[{"id":"heading-order","data":null,"relatedNodes":[],"impact":"moderate","message":"Heading order valid"}],"all":[],"none":[],"impact":null,"html":"<h3 class=\"nhsuk-u-font-weight-bold\">\n          CHEC\n          <div class=\"location-font-size\">\n            \n              Sheffield S9 1XH\n            \n          </div>\n        </h3>","target":[".nhsuk-list-panel.search-result.nhsuk-u-padding-3:nth-child(2) > .nhsuk-u-margin-bottom-4[data-test=\"search-result-location\"] > h3"]},{"any":[{"id":"heading-order","data":null,"relatedNodes":[],"impact":"moderate","message":"Heading order valid"}],"all":[],"none":[],"impact":null,"html":"<h2 class=\"nhsuk-heading-m nhsuk-u-margin-bottom-2\" id=\"job-title-3\">","target":["#job-title-3"]},{"any":[{"id":"heading-order","data":null,"relatedNodes":[],"impact":"moderate","message":"Heading order valid"}],"all":[],"none":[],"impact":null,"html":"<h3 class=\"nhsuk-u-font-weight-bold\">\n          The Rotherham NHS Foundation Trust\n          <div class=\"location-font-size\">\n            \n              Rotherham S60 2UD\n            \n          </div>\n        </h3>","target":[".nhsuk-list-panel.search-result.nhsuk-u-padding-3:nth-child(3) > .nhsuk-u-margin-bottom-4[data-test=\"search-result-location\"] > h3"]},{"any":[{"id":"heading-order","data":null,"relatedNodes":[],"impact":"moderate","message":"Heading order valid"}],"all":[],"none":[],"impact":null,"html":"<h2 class=\"nhsuk-heading-m nhsuk-u-margin-bottom-2\" id=\"job-title-4\">","target":["#job-title-4"]},{"any":[{"id":"heading-order","data":null,"relatedNodes":[],"impact":"moderate","message":"Heading order valid"}],"all":[],"none":[],"impact":null,"html":"<h3 class=\"nhsuk-u-font-weight-bold\">\n          Sheffield Hallam University\n          <div class=\"location-font-size\">\n            \n              Sheffield S10 2BP\n            \n          </div>\n        </h3>","target":[".nhsuk-list-panel.search-result.nhsuk-u-padding-3:nth-child(4) > .nhsuk-u-margin-bottom-4[data-test=\"search-result-location\"] > h3"]},{"any":[{"id":"heading-order","data":null,"relatedNodes":[],"impact":"moderate","message":"Heading order valid"}],"all":[],"none":[],"impact":null,"html":"<h2 class=\"nhsuk-heading-m nhsuk-u-margin-bottom-2\" id=\"job-title-5\">","target":["#job-title-5"]},{"any":[{"id":"heading-order","data":null,"relatedNodes":[],"impact":"moderate","message":"Heading order valid"}],"all":[],"none":[],"impact":null,"html":"<h3 class=\"nhsuk-u-font-weight-bold\">\n          Sheffield Teaching Hospitals NHS Foundation Trust\n          <div class=\"location-font-size\">\n            \n              Sheffield S5 7AU\n            \n          </div>\n        </h3>","target":[".nhsuk-list-panel.search-result.nhsuk-u-padding-3:nth-child(5) > .nhsuk-u-margin-bottom-4[data-test=\"search-result-location\"] > h3"]},{"any":[{"id":"heading-order","data":null,"relatedNodes":[],"impact":"moderate","message":"Heading order valid"}],"all":[],"none":[],"impact":null,"html":"<h2 class=\"nhsuk-heading-m nhsuk-u-margin-bottom-2\" id=\"job-title-6\">","target":["#job-title-6"]},{"any":[{"id":"heading-order","data":null,"relatedNodes":[],"impact":"moderate","message":"Heading order valid"}],"all":[],"none":[],"impact":null,"html":"<h3 class=\"nhsuk-u-font-weight-bold\">\n          Sheffield Hallam University\n          <div class=\"location-font-size\">\n            \n              Sheffield S10 2BP\n            \n          </div>\n        </h3>","target":[".nhsuk-list-panel.search-result.nhsuk-u-padding-3:nth-child(6) > .nhsuk-u-margin-bottom-4[data-test=\"search-result-location\"] > h3"]},{"any":[{"id":"heading-order","data":null,"relatedNodes":[],"impact":"moderate","message":"Heading order valid"}],"all":[],"none":[],"impact":null,"html":"<h2 class=\"nhsuk-heading-m nhsuk-u-margin-bottom-2\" id=\"job-title-7\">","target":["#job-title-7"]},{"any":[{"id":"heading-order","data":null,"relatedNodes":[],"impact":"moderate","message":"Heading order valid"}],"all":[],"none":[],"impact":null,"html":"<h3 class=\"nhsuk-u-font-weight-bold\">\n          Sheffield Teaching Hospitals NHS Foundation Trust\n          <div class=\"location-font-size\">\n            \n              Sheffield S10 2JF\n            \n          </div>\n        </h3>","target":[".nhsuk-list-panel.search-result.nhsuk-u-padding-3:nth-child(7) > .nhsuk-u-margin-bottom-4[data-test=\"search-result-location\"] > h3"]},{"any":[{"id":"heading-order","data":null,"relatedNodes":[],"impact":"moderate","message":"Heading order valid"}],"all":[],"none":[],"impact":null,"html":"<h2 class=\"nhsuk-heading-m nhsuk-u-margin-bottom-2\" id=\"job-title-8\">","target":["#job-title-8"]},{"any":[{"id":"heading-order","data":null,"relatedNodes":[],"impact":"moderate","message":"Heading order valid"}],"all":[],"none":[],"impact":null,"html":"<h3 class=\"nhsuk-u-font-weight-bold\">\n          Sheffield Teaching Hospitals NHS Foundation Trust\n          <div class=\"location-font-size\">\n            \n              Sheffield S5 7AU\n            \n          </div>\n        </h3>","target":[".nhsuk-list-panel.search-result.nhsuk-u-padding-3:nth-child(8) > .nhsuk-u-margin-bottom-4[data-test=\"search-result-location\"] > h3"]},{"any":[{"id":"heading-order","data":null,"relatedNodes":[],"impact":"moderate","message":"Heading order valid"}],"all":[],"none":[],"impact":null,"html":"<h2 class=\"nhsuk-heading-m nhsuk-u-margin-bottom-2\" id=\"job-title-9\">","target":["#job-title-9"]},{"any":[{"id":"heading-order","data":null,"relatedNodes":[],"impact":"moderate","message":"Heading order valid"}],"all":[],"none":[],"impact":null,"html":"<h3 class=\"nhsuk-u-font-weight-bold\">\n          Sheffield Teaching Hospitals NHS Foundation Trust\n          <div class=\"location-font-size\">\n            \n              Sheffield S10 2JF\n            \n          </div>\n        </h3>","target":[".nhsuk-list-panel.search-result.nhsuk-u-padding-3:nth-child(9) > .nhsuk-u-margin-bottom-4[data-test=\"search-result-location\"] > h3"]},{"any":[{"id":"heading-order","data":null,"relatedNodes":[],"impact":"moderate","message":"Heading order valid"}],"all":[],"none":[],"impact":null,"html":"<h2 class=\"nhsuk-heading-m nhsuk-u-margin-bottom-2\" id=\"job-title-10\">","target":["#job-title-10"]},{"any":[{"id":"heading-order","data":null,"relatedNodes":[],"impact":"moderate","message":"Heading order valid"}],"all":[],"none":[],"impact":null,"html":"<h3 class=\"nhsuk-u-font-weight-bold\">\n          Sheffield Teaching Hospitals NHS Foundation Trust\n          <div class=\"location-font-size\">\n            \n              Sheffield S5 7AU\n            \n          </div>\n        </h3>","target":[".nhsuk-list-panel.search-result.nhsuk-u-padding-3:nth-child(10) > .nhsuk-u-margin-bottom-4[data-test=\"search-result-location\"] > h3"]},{"any":[{"id":"heading-order","data":null,"relatedNodes":[],"impact":"moderate","message":"Heading order valid"}],"all":[],"none":[],"impact":null,"html":"<h2 class=\"nhsuk-u-visually-hidden\">Support links</h2>","target":[".nhsuk-width-container > .nhsuk-u-visually-hidden"]}]},{"id":"html-has-lang","impact":null,"tags":["cat.language","wcag2a","wcag311","ACT","TTv5","TT11.a"],"description":"Ensures every HTML document has a lang attribute","help":"<html> element must have a lang attribute","helpUrl":"https://dequeuniversity.com/rules/axe/4.7/html-has-lang?application=axeAPI","nodes":[{"any":[{"id":"has-lang","data":null,"relatedNodes":[],"impact":"serious","message":"The <html> element has a lang attribute"}],"all":[],"none":[],"impact":null,"html":"<html lang=\"en\" style=\"\">","target":["html"]}]},{"id":"html-lang-valid","impact":null,"tags":["cat.language","wcag2a","wcag311","ACT","TTv5","TT11.a"],"description":"Ensures the lang attribute of the <html> element has a valid value","help":"<html> element must have a valid value for the lang attribute","helpUrl":"https://dequeuniversity.com/rules/axe/4.7/html-lang-valid?application=axeAPI","nodes":[{"any":[],"all":[],"none":[{"id":"valid-lang","data":null,"relatedNodes":[],"impact":"serious","message":"Value of lang attribute is included in the list of valid languages"}],"impact":null,"html":"<html lang=\"en\" style=\"\">","target":["html"]}]},{"id":"input-button-name","impact":null,"tags":["cat.name-role-value","wcag2a","wcag412","section508","section508.22.a","ACT","TTv5","TT5.c"],"description":"Ensures input buttons have discernible text","help":"Input buttons must have discernible text","helpUrl":"https://dequeuniversity.com/rules/axe/4.7/input-button-name?application=axeAPI","nodes":[{"any":[{"id":"non-empty-value","data":null,"relatedNodes":[],"impact":"critical","message":"Element has a non-empty value attribute"}],"all":[],"none":[],"impact":null,"html":"<input class=\"nhsuk-button nhsuk-button--primary\" type=\"submit\" id=\"refine-search\" value=\"Apply filters\" data-test=\"refine-search-button\">","target":["#refine-search"]}]},{"id":"label-title-only","impact":null,"tags":["cat.forms","best-practice"],"description":"Ensures that every form element has a visible label and is not solely labeled using hidden labels, or the title or aria-describedby attributes","help":"Form elements should have a visible label","helpUrl":"https://dequeuniversity.com/rules/axe/4.7/label-title-only?application=axeAPI","nodes":[{"any":[],"all":[],"none":[{"id":"title-only","data":null,"relatedNodes":[],"impact":"serious","message":"Form element does not solely use title attribute for its label"}],"impact":null,"html":"<input name=\"keyword\" id=\"keyword\" value=\"Doctor\" class=\"nhsuk-input nhsuk-u--width-full\" type=\"search\" data-test=\"search-jobTitle-input\" aria-label=\"Search What? For example, job title or skills\">","target":["#keyword"]},{"any":[],"all":[],"none":[{"id":"title-only","data":null,"relatedNodes":[],"impact":"serious","message":"Form element does not solely use title attribute for its label"}],"impact":null,"html":"<input aria-describedby=\"location__assistiveHint\" aria-expanded=\"false\" aria-controls=\"location__listbox\" aria-autocomplete=\"list\" autocomplete=\"off\" class=\"nhsuk-input nhsuk-u--width-full\" id=\"location\" name=\"location\" placeholder=\"\" type=\"search\" role=\"combobox\" data-test=\"search-location-input\" aria-label=\"Search Where? For example, a postcode, town or city, search text field\">","target":["#location"]},{"any":[],"all":[],"none":[{"id":"title-only","data":null,"relatedNodes":[],"impact":"serious","message":"Form element does not solely use title attribute for its label"}],"impact":null,"html":"<select class=\"nhsuk-select\" id=\"distance\" name=\"distance\" data-test=\"search-distance-input\">","target":["#distance"]},{"any":[],"all":[],"none":[{"id":"title-only","data":null,"relatedNodes":[],"impact":"serious","message":"Form element does not solely use title attribute for its label"}],"impact":null,"html":"<select class=\"nhsuk-select nhsuk-inline-select\" id=\"sort\" name=\"sort\" data-test=\"sort-input\" value=\"\" onchange=\"sortform.submit()\">","target":["#sort"]}]},{"id":"label","impact":null,"tags":["cat.forms","wcag2a","wcag412","section508","section508.22.n","ACT","TTv5","TT5.c"],"description":"Ensures every form element has a label","help":"Form elements must have labels","helpUrl":"https://dequeuniversity.com/rules/axe/4.7/label?application=axeAPI","nodes":[{"any":[{"id":"explicit-label","data":{"explicitLabel":"What?"},"relatedNodes":[{"html":"<label class=\"nhsuk-label nhsuk-u-font-weight-bold white-text\" for=\"keyword\">What?</label>","target":["label[for=\"keyword\"]"]}],"impact":"critical","message":"Form element has an explicit <label>"},{"id":"aria-label","data":null,"relatedNodes":[],"impact":"serious","message":"aria-label attribute exists and is not empty"}],"all":[],"none":[{"id":"hidden-explicit-label","data":null,"relatedNodes":[],"impact":"critical","message":"Form element has a visible explicit <label>"}],"impact":null,"html":"<input name=\"keyword\" id=\"keyword\" value=\"Doctor\" class=\"nhsuk-input nhsuk-u--width-full\" type=\"search\" data-test=\"search-jobTitle-input\" aria-label=\"Search What? For example, job title or skills\">","target":["#keyword"]},{"any":[{"id":"explicit-label","data":{"explicitLabel":"Where?"},"relatedNodes":[{"html":"<label class=\"nhsuk-label nhsuk-u-font-weight-bold white-text\" for=\"location\">Where?</label>","target":["label[for=\"location\"]"]}],"impact":"critical","message":"Form element has an explicit <label>"},{"id":"aria-label","data":null,"relatedNodes":[],"impact":"serious","message":"aria-label attribute exists and is not empty"}],"all":[],"none":[{"id":"hidden-explicit-label","data":null,"relatedNodes":[],"impact":"critical","message":"Form element has a visible explicit <label>"}],"impact":null,"html":"<input aria-describedby=\"location__assistiveHint\" aria-expanded=\"false\" aria-controls=\"location__listbox\" aria-autocomplete=\"list\" autocomplete=\"off\" class=\"nhsuk-input nhsuk-u--width-full\" id=\"location\" name=\"location\" placeholder=\"\" type=\"search\" role=\"combobox\" data-test=\"search-location-input\" aria-label=\"Search Where? For example, a postcode, town or city, search text field\">","target":["#location"]}]},{"id":"landmark-banner-is-top-level","impact":null,"tags":["cat.semantics","best-practice"],"description":"Ensures the banner landmark is at top level","help":"Banner landmark should not be contained in another landmark","helpUrl":"https://dequeuniversity.com/rules/axe/4.7/landmark-banner-is-top-level?application=axeAPI","nodes":[{"any":[{"id":"landmark-is-top-level","data":{"role":"banner"},"relatedNodes":[],"impact":"moderate","message":"The banner landmark is at the top level."}],"all":[],"none":[],"impact":null,"html":"<header class=\"nhsuk-header\" role=\"banner\" id=\"heading-body\">","target":["header"]}]},{"id":"landmark-complementary-is-top-level","impact":null,"tags":["cat.semantics","best-practice"],"description":"Ensures the complementary landmark or aside is at top level","help":"Aside should not be contained in another landmark","helpUrl":"https://dequeuniversity.com/rules/axe/4.7/landmark-complementary-is-top-level?application=axeAPI","nodes":[{"any":[{"id":"landmark-is-top-level","data":{"role":"complementary"},"relatedNodes":[],"impact":"moderate","message":"The complementary landmark is at the top level."}],"all":[],"none":[],"impact":null,"html":"<div class=\"beta-banner\" aria-label=\"beta-banner\" role=\"complementary\">","target":[".beta-banner"]}]},{"id":"landmark-contentinfo-is-top-level","impact":null,"tags":["cat.semantics","best-practice"],"description":"Ensures the contentinfo landmark is at top level","help":"Contentinfo landmark should not be contained in another landmark","helpUrl":"https://dequeuniversity.com/rules/axe/4.7/landmark-contentinfo-is-top-level?application=axeAPI","nodes":[{"any":[{"id":"landmark-is-top-level","data":{"role":"contentinfo"},"relatedNodes":[],"impact":"moderate","message":"The contentinfo landmark is at the top level."}],"all":[],"none":[],"impact":null,"html":"<footer role=\"contentinfo\">","target":["footer"]}]},{"id":"landmark-main-is-top-level","impact":null,"tags":["cat.semantics","best-practice"],"description":"Ensures the main landmark is at top level","help":"Main landmark should not be contained in another landmark","helpUrl":"https://dequeuniversity.com/rules/axe/4.7/landmark-main-is-top-level?application=axeAPI","nodes":[{"any":[{"id":"landmark-is-top-level","data":{"role":"main"},"relatedNodes":[],"impact":"moderate","message":"The main landmark is at the top level."}],"all":[],"none":[],"impact":null,"html":"<main class=\"nhsuk-main-wrapper \" id=\"maincontent\" role=\"main\">","target":["#maincontent"]}]},{"id":"landmark-no-duplicate-banner","impact":null,"tags":["cat.semantics","best-practice"],"description":"Ensures the document has at most one banner landmark","help":"Document should not have more than one banner landmark","helpUrl":"https://dequeuniversity.com/rules/axe/4.7/landmark-no-duplicate-banner?application=axeAPI","nodes":[{"any":[{"id":"page-no-duplicate-banner","data":null,"relatedNodes":[],"impact":"moderate","message":"Document does not have more than one banner landmark"}],"all":[],"none":[],"impact":null,"html":"<header class=\"nhsuk-header\" role=\"banner\" id=\"heading-body\">","target":["header"]}]},{"id":"landmark-no-duplicate-contentinfo","impact":null,"tags":["cat.semantics","best-practice"],"description":"Ensures the document has at most one contentinfo landmark","help":"Document should not have more than one contentinfo landmark","helpUrl":"https://dequeuniversity.com/rules/axe/4.7/landmark-no-duplicate-contentinfo?application=axeAPI","nodes":[{"any":[{"id":"page-no-duplicate-contentinfo","data":null,"relatedNodes":[],"impact":"moderate","message":"Document does not have more than one contentinfo landmark"}],"all":[],"none":[],"impact":null,"html":"<footer role=\"contentinfo\">","target":["footer"]}]},{"id":"landmark-no-duplicate-main","impact":null,"tags":["cat.semantics","best-practice"],"description":"Ensures the document has at most one main landmark","help":"Document should not have more than one main landmark","helpUrl":"https://dequeuniversity.com/rules/axe/4.7/landmark-no-duplicate-main?application=axeAPI","nodes":[{"any":[{"id":"page-no-duplicate-main","data":null,"relatedNodes":[],"impact":"moderate","message":"Document does not have more than one main landmark"}],"all":[],"none":[],"impact":null,"html":"<main class=\"nhsuk-main-wrapper \" id=\"maincontent\" role=\"main\">","target":["#maincontent"]}]},{"id":"landmark-one-main","impact":null,"tags":["cat.semantics","best-practice"],"description":"Ensures the document has a main landmark","help":"Document should have one main landmark","helpUrl":"https://dequeuniversity.com/rules/axe/4.7/landmark-one-main?application=axeAPI","nodes":[{"any":[],"all":[{"id":"page-has-main","data":null,"relatedNodes":[{"html":"<main class=\"nhsuk-main-wrapper \" id=\"maincontent\" role=\"main\">","target":["#maincontent"]}],"impact":"moderate","message":"Document has at least one main landmark"}],"none":[],"impact":null,"html":"<html lang=\"en\" style=\"\">","target":["html"]}]},{"id":"landmark-unique","impact":null,"tags":["cat.semantics","best-practice"],"help":"Ensures landmarks are unique","description":"Landmarks should have a unique role or role/label/title (i.e. accessible name) combination","helpUrl":"https://dequeuniversity.com/rules/axe/4.7/landmark-unique?application=axeAPI","nodes":[{"any":[{"id":"landmark-is-unique","data":{"role":"banner","accessibleText":null},"relatedNodes":[],"impact":"moderate","message":"Landmarks must have a unique role or role/label/title (i.e. accessible name) combination"}],"all":[],"none":[],"impact":null,"html":"<header class=\"nhsuk-header\" role=\"banner\" id=\"heading-body\">","target":["header"]},{"any":[{"id":"landmark-is-unique","data":{"role":"navigation","accessibleText":"translations"},"relatedNodes":[],"impact":"moderate","message":"Landmarks must have a unique role or role/label/title (i.e. accessible name) combination"}],"all":[],"none":[],"impact":null,"html":"<nav class=\"gem-c-translation-nav hide-mobile nhsuk-u-margin-0 nhsuk-u-padding-left-7\" aria-label=\"Translations\">","target":[".gem-c-translation-nav"]},{"any":[{"id":"landmark-is-unique","data":{"role":"navigation","accessibleText":"menu"},"relatedNodes":[],"impact":"moderate","message":"Landmarks must have a unique role or role/label/title (i.e. accessible name) combination"}],"all":[],"none":[],"impact":null,"html":"<nav class=\"nhsuk-header__navigation\" id=\"header-navigation\" role=\"navigation\" aria-label=\"Primary navigation\" aria-labelledby=\"label-navigation\">","target":["#header-navigation"]},{"any":[{"id":"landmark-is-unique","data":{"role":"complementary","accessibleText":"beta-banner"},"relatedNodes":[],"impact":"moderate","message":"Landmarks must have a unique role or role/label/title (i.e. accessible name) combination"}],"all":[],"none":[],"impact":null,"html":"<div class=\"beta-banner\" aria-label=\"beta-banner\" role=\"complementary\">","target":[".beta-banner"]},{"any":[{"id":"landmark-is-unique","data":{"role":"main","accessibleText":null},"relatedNodes":[],"impact":"moderate","message":"Landmarks must have a unique role or role/label/title (i.e. accessible name) combination"}],"all":[],"none":[],"impact":null,"html":"<main class=\"nhsuk-main-wrapper \" id=\"maincontent\" role=\"main\">","target":["#maincontent"]},{"any":[{"id":"landmark-is-unique","data":{"role":"navigation","accessibleText":"pagination"},"relatedNodes":[],"impact":"moderate","message":"Landmarks must have a unique role or role/label/title (i.e. accessible name) combination"}],"all":[],"none":[],"impact":null,"html":"<nav class=\"nhsuk-pagination\" role=\"navigation\" aria-label=\"Pagination\">","target":[".nhsuk-pagination"]},{"any":[{"id":"landmark-is-unique","data":{"role":"contentinfo","accessibleText":null},"relatedNodes":[],"impact":"moderate","message":"Landmarks must have a unique role or role/label/title (i.e. accessible name) combination"}],"all":[],"none":[],"impact":null,"html":"<footer role=\"contentinfo\">","target":["footer"]}]},{"id":"link-in-text-block","impact":null,"tags":["cat.color","wcag2a","wcag141","TTv5","TT13.a"],"description":"Ensure links are distinguished from surrounding text in a way that does not rely on color","help":"Links must be distinguishable without relying on color","helpUrl":"https://dequeuniversity.com/rules/axe/4.7/link-in-text-block?application=axeAPI","nodes":[{"any":[{"id":"link-in-text-block-style","data":null,"relatedNodes":[{"html":"<div class=\"nhsuk-width-container\">","target":[".top-banner > .nhsuk-width-container"]}],"impact":"serious","message":"Links can be distinguished from surrounding text by visual styling"}],"all":[],"none":[],"impact":null,"html":"<a href=\"/candidate/cookies\" id=\"change-cookies-settings\" aria-label=\"Go to the cookie information page\">change your cookie settings</a>","target":["#change-cookies-settings"]},{"any":[{"id":"link-in-text-block-style","data":null,"relatedNodes":[{"html":"<div class=\"nhsuk-width-container \">","target":[".beta-banner > .nhsuk-width-container"]}],"impact":"serious","message":"Links can be distinguished from surrounding text by visual styling"}],"all":[],"none":[],"impact":null,"html":"<a href=\"mailto:nhsbsa.nhsjobs@nhsbsa.nhs.uk?subject=How could we improve NHS Jobs service?\">feedback</a>","target":[".beta-banner > .nhsuk-width-container > span > a"]}]},{"id":"link-name","impact":null,"tags":["cat.name-role-value","wcag2a","wcag412","wcag244","section508","section508.22.a","ACT","TTv5","TT6.a"],"description":"Ensures links have discernible text","help":"Links must have discernible text","helpUrl":"https://dequeuniversity.com/rules/axe/4.7/link-name?application=axeAPI","nodes":[{"any":[{"id":"has-visible-text","data":null,"relatedNodes":[],"impact":"minor","message":"Element has text that is visible to screen readers"},{"id":"aria-label","data":null,"relatedNodes":[],"impact":"serious","message":"aria-label attribute exists and is not empty"}],"all":[],"none":[{"id":"focusable-no-name","data":null,"relatedNodes":[],"impact":"serious","message":"Element is not in tab order or has accessible text"}],"impact":null,"html":"<a class=\"nhsuk-skip-link\" href=\"#search-results-heading\" aria-label=\"29 jobs found for Doctor within 5 miles of Sheffield. Sorted by: Best Match . Skip to search filters\" id=\"skip_to_search_filters\">Skip to search filters</a>","target":["#skip_to_search_filters"]},{"any":[{"id":"has-visible-text","data":null,"relatedNodes":[],"impact":"minor","message":"Element has text that is visible to screen readers"},{"id":"aria-label","data":null,"relatedNodes":[],"impact":"serious","message":"aria-label attribute exists and is not empty"}],"all":[],"none":[{"id":"focusable-no-name","data":null,"relatedNodes":[],"impact":"serious","message":"Element is not in tab order or has accessible text"}],"impact":null,"html":"<a class=\"nhsuk-skip-link\" href=\"#first-result-title\" id=\"skipToSearchResults\" aria-label=\"Skip to search results\">Skip to search results</a>","target":["#skipToSearchResults"]},{"any":[{"id":"has-visible-text","data":null,"relatedNodes":[],"impact":"minor","message":"Element has text that is visible to screen readers"},{"id":"aria-label","data":null,"relatedNodes":[],"impact":"serious","message":"aria-label attribute exists and is not empty"}],"all":[],"none":[{"id":"focusable-no-name","data":null,"relatedNodes":[],"impact":"serious","message":"Element is not in tab order or has accessible text"}],"impact":null,"html":"<a href=\"/candidate/cookies\" id=\"change-cookies-settings\" aria-label=\"Go to the cookie information page\">change your cookie settings</a>","target":["#change-cookies-settings"]},{"any":[{"id":"has-visible-text","data":null,"relatedNodes":[],"impact":"minor","message":"Element has text that is visible to screen readers"},{"id":"aria-label","data":null,"relatedNodes":[],"impact":"serious","message":"aria-label attribute exists and is not empty"}],"all":[],"none":[{"id":"focusable-no-name","data":null,"relatedNodes":[],"impact":"serious","message":"Element is not in tab order or has accessible text"}],"impact":null,"html":"<a href=\"/candidate/dismiss-cookie-messages\" id=\"dismiss-cookie-messages\" aria-label=\"Dismiss information about cookie preferences\" style=\"float: right\">Hide</a>","target":["#dismiss-cookie-messages"]},{"any":[{"id":"has-visible-text","data":null,"relatedNodes":[],"impact":"minor","message":"Element has text that is visible to screen readers"},{"id":"aria-label","data":null,"relatedNodes":[],"impact":"serious","message":"aria-label attribute exists and is not empty"}],"all":[],"none":[{"id":"focusable-no-name","data":null,"relatedNodes":[],"impact":"serious","message":"Element is not in tab order or has accessible text"}],"impact":null,"html":"<a class=\"nhsuk-header__link nhsuk-header__link--service nhsuk-header__link--service-short-name\" href=\"/candidate\" aria-label=\"NHS jobs homepage\">","target":[".nhsuk-header__link"]},{"any":[{"id":"has-visible-text","data":null,"relatedNodes":[],"impact":"minor","message":"Element has text that is visible to screen readers"}],"all":[],"none":[{"id":"focusable-no-name","data":null,"relatedNodes":[],"impact":"serious","message":"Element is not in tab order or has accessible text"}],"impact":null,"html":"<a class=\"sign-in-link\" id=\"candidate_sign_in\" href=\"/candidate/auth/login\">\n        Sign in\n      </a>","target":["#candidate_sign_in"]},{"any":[{"id":"has-visible-text","data":null,"relatedNodes":[],"impact":"minor","message":"Element has text that is visible to screen readers"}],"all":[],"none":[{"id":"focusable-no-name","data":null,"relatedNodes":[],"impact":"serious","message":"Element is not in tab order or has accessible text"}],"impact":null,"html":"<a href=\"/candidate/auth/register/first-last-name\" class=\"sign-in-link\" data-test=\"header-create-account\">Create an account</a>","target":[".sign-in-link[data-test=\"header-create-account\"]"]},{"any":[{"id":"has-visible-text","data":null,"relatedNodes":[],"impact":"minor","message":"Element has text that is visible to screen readers"}],"all":[],"none":[{"id":"focusable-no-name","data":null,"relatedNodes":[],"impact":"serious","message":"Element is not in tab order or has accessible text"}],"impact":null,"html":"<a lang=\"en\" href=\"/candidate/search/locale/en\" class=\"language-toggle-selected\" data-test=\"english-language-link\">English</a>","target":[".language-toggle-selected"]},{"any":[{"id":"has-visible-text","data":null,"relatedNodes":[],"impact":"minor","message":"Element has text that is visible to screen readers"}],"all":[],"none":[{"id":"focusable-no-name","data":null,"relatedNodes":[],"impact":"serious","message":"Element is not in tab order or has accessible text"}],"impact":null,"html":"<a lang=\"cy\" href=\"/candidate/search/locale/cy\" class=\"language-toggle\" data-test=\"welsh-language-link\">Cymraeg</a>","target":[".language-toggle"]},{"any":[{"id":"has-visible-text","data":null,"relatedNodes":[],"impact":"minor","message":"Element has text that is visible to screen readers"}],"all":[],"none":[{"id":"focusable-no-name","data":null,"relatedNodes":[],"impact":"serious","message":"Element is not in tab order or has accessible text"}],"impact":null,"html":"<a class=\"nhsuk-header__navigation-link\" href=\"/candidate/search\">","target":["a[href$=\"search\"]"]},{"any":[{"id":"has-visible-text","data":null,"relatedNodes":[],"impact":"minor","message":"Element has text that is visible to screen readers"}],"all":[],"none":[{"id":"focusable-no-name","data":null,"relatedNodes":[],"impact":"serious","message":"Element is not in tab order or has accessible text"}],"impact":null,"html":"<a href=\"mailto:nhsbsa.nhsjobs@nhsbsa.nhs.uk?subject=How could we improve NHS Jobs service?\">feedback</a>","target":[".beta-banner > .nhsuk-width-container > span > a"]},{"any":[{"id":"has-visible-text","data":null,"relatedNodes":[],"impact":"minor","message":"Element has text that is visible to screen readers"}],"all":[],"none":[{"id":"focusable-no-name","data":null,"relatedNodes":[],"impact":"serious","message":"Element is not in tab order or has accessible text"}],"impact":null,"html":"<a href=\"javascript:void(0)\" id=\"searchOptionsBtn\" class=\"nhsuk-u-font-weight-bold white-text\">\n                  \n                  More search options\n                  \n                  </a>","target":["#searchOptionsBtn"]},{"any":[{"id":"has-visible-text","data":null,"relatedNodes":[],"impact":"minor","message":"Element has text that is visible to screen readers"}],"all":[],"none":[{"id":"focusable-no-name","data":null,"relatedNodes":[],"impact":"serious","message":"Element is not in tab order or has accessible text"}],"impact":null,"html":"<a href=\"/candidate/search/results?keyword=Doctor&amp;location=Sheffield\" data-test=\"filter-clear\">Clear filters\n        </a>","target":["a[data-test=\"filter-clear\"]"]},{"any":[{"id":"has-visible-text","data":null,"relatedNodes":[],"impact":"minor","message":"Element has text that is visible to screen readers"}],"all":[],"none":[{"id":"focusable-no-name","data":null,"relatedNodes":[],"impact":"serious","message":"Element is not in tab order or has accessible text"}],"impact":null,"html":"<a href=\"/candidate/search/save/alerts\" data-test=\"save-search\">Save this search</a>","target":[".hide-mobile > h3 > a[data-test=\"save-search\"][href$=\"alerts\"]"]},{"any":[{"id":"has-visible-text","data":null,"relatedNodes":[],"impact":"minor","message":"Element has text that is visible to screen readers"}],"all":[],"none":[{"id":"focusable-no-name","data":null,"relatedNodes":[],"impact":"serious","message":"Element is not in tab order or has accessible text"}],"impact":null,"html":"<a href=\"/candidate/search/save/alerts\" class=\"save-job-3\" id=\"create-job-alert\">","target":["#create-job-alert"]},{"any":[{"id":"has-visible-text","data":null,"relatedNodes":[],"impact":"minor","message":"Element has text that is visible to screen readers"}],"all":[],"none":[{"id":"focusable-no-name","data":null,"relatedNodes":[],"impact":"serious","message":"Element is not in tab order or has accessible text"}],"impact":null,"html":"<a href=\"/candidate/jobadvert/E0123-25-0148?keyword=Doctor&amp;location=Sheffield&amp;distance=5&amp;language=en\" id=\"first-result-title\" data-test=\"search-result-job-title\">\n              ENT Doctor\n            </a>","target":["#first-result-title"]},{"any":[{"id":"has-visible-text","data":null,"relatedNodes":[],"impact":"minor","message":"Element has text that is visible to screen readers"},{"id":"aria-label","data":null,"relatedNodes":[],"impact":"serious","message":"aria-label attribute exists and is not empty"}],"all":[],"none":[{"id":"focusable-no-name","data":null,"relatedNodes":[],"impact":"serious","message":"Element is not in tab order or has accessible text"}],"impact":null,"html":"<a href=\"/candidate/search/save-job/E0123-25-0148\" data-test=\"search-result-save-job\" aria-label=\"Save this job: ENT Doctor (Reference number: E0123-25-0148)\">\n              Save this job\n            </a>","target":[".nhsuk-list-panel.search-result.nhsuk-u-padding-3:nth-child(1) > .nhsuk-grid-row:nth-child(1) > .save-job.nhsuk-u-margin-right-3 > a[data-test=\"search-result-save-job\"]"]},{"any":[{"id":"has-visible-text","data":null,"relatedNodes":[],"impact":"minor","message":"Element has text that is visible to screen readers"}],"all":[],"none":[{"id":"focusable-no-name","data":null,"relatedNodes":[],"impact":"serious","message":"Element is not in tab order or has accessible text"}],"impact":null,"html":"<a href=\"/candidate/jobadvert/E0123-25-0149?keyword=Doctor&amp;location=Sheffield&amp;distance=5&amp;language=en\" data-test=\"search-result-job-title\">\n              Dermatology Doctor\n            </a>","target":["#job-title-2 > a[data-test=\"search-result-job-title\"]"]},{"any":[{"id":"has-visible-text","data":null,"relatedNodes":[],"impact":"minor","message":"Element has text that is visible to screen readers"},{"id":"aria-label","data":null,"relatedNodes":[],"impact":"serious","message":"aria-label attribute exists and is not empty"}],"all":[],"none":[{"id":"focusable-no-name","data":null,"relatedNodes":[],"impact":"serious","message":"Element is not in tab order or has accessible text"}],"impact":null,"html":"<a href=\"/candidate/search/save-job/E0123-25-0149\" data-test=\"search-result-save-job\" aria-label=\"Save this job: Dermatology Doctor (Reference number: E0123-25-0149)\">\n              Save this job\n            </a>","target":[".nhsuk-list-panel.search-result.nhsuk-u-padding-3:nth-child(2) > .nhsuk-grid-row:nth-child(1) > .save-job.nhsuk-u-margin-right-3 > a[data-test=\"search-result-save-job\"]"]},{"any":[{"id":"has-visible-text","data":null,"relatedNodes":[],"impact":"minor","message":"Element has text that is visible to screen readers"}],"all":[],"none":[{"id":"focusable-no-name","data":null,"relatedNodes":[],"impact":"serious","message":"Element is not in tab order or has accessible text"}],"impact":null,"html":"<a href=\"/candidate/jobadvert/C9165-25-02-014?keyword=Doctor&amp;location=Sheffield&amp;distance=5&amp;language=en\" data-test=\"search-result-job-title\">\n              Specialty Doctor in Anaesthetics\n            </a>","target":["#job-title-3 > a[data-test=\"search-result-job-title\"]"]},{"any":[{"id":"has-visible-text","data":null,"relatedNodes":[],"impact":"minor","message":"Element has text that is visible to screen readers"},{"id":"aria-label","data":null,"relatedNodes":[],"impact":"serious","message":"aria-label attribute exists and is not empty"}],"all":[],"none":[{"id":"focusable-no-name","data":null,"relatedNodes":[],"impact":"serious","message":"Element is not in tab order or has accessible text"}],"impact":null,"html":"<a href=\"/candidate/search/save-job/C9165-25-02-014\" data-test=\"search-result-save-job\" aria-label=\"Save this job: Specialty Doctor in Anaesthetics (Reference number: C9165-25-02-014)\">\n              Save this job\n            </a>","target":[".nhsuk-list-panel.search-result.nhsuk-u-padding-3:nth-child(3) > .nhsuk-grid-row:nth-child(1) > .save-job.nhsuk-u-margin-right-3 > a[data-test=\"search-result-save-job\"]"]},{"any":[{"id":"has-visible-text","data":null,"relatedNodes":[],"impact":"minor","message":"Element has text that is visible to screen readers"}],"all":[],"none":[{"id":"focusable-no-name","data":null,"relatedNodes":[],"impact":"serious","message":"Element is not in tab order or has accessible text"}],"impact":null,"html":"<a href=\"/candidate/jobadvert/N0013-25-0006-112307?keyword=Doctor&amp;location=Sheffield&amp;distance=5&amp;language=en\" data-test=\"search-result-job-title\">\n              Senior Lecturer in Adult Nursing\n            </a>","target":["#job-title-4 > a[data-test=\"search-result-job-title\"]"]},{"any":[{"id":"has-visible-text","data":null,"relatedNodes":[],"impact":"minor","message":"Element has text that is visible to screen readers"},{"id":"aria-label","data":null,"relatedNodes":[],"impact":"serious","message":"aria-label attribute exists and is not empty"}],"all":[],"none":[{"id":"focusable-no-name","data":null,"relatedNodes":[],"impact":"serious","message":"Element is not in tab order or has accessible text"}],"impact":null,"html":"<a href=\"/candidate/search/save-job/N0013-25-0006-112307\" data-test=\"search-result-save-job\" aria-label=\"Save this job: Senior Lecturer in Adult Nursing (Reference number: N0013-25-0006-112307)\">\n              Save this job\n            </a>","target":[".nhsuk-list-panel.search-result.nhsuk-u-padding-3:nth-child(4) > .nhsuk-grid-row:nth-child(1) > .save-job.nhsuk-u-margin-right-3 > a[data-test=\"search-result-save-job\"]"]},{"any":[{"id":"has-visible-text","data":null,"relatedNodes":[],"impact":"minor","message":"Element has text that is visible to screen readers"}],"all":[],"none":[{"id":"focusable-no-name","data":null,"relatedNodes":[],"impact":"serious","message":"Element is not in tab order or has accessible text"}],"impact":null,"html":"<a href=\"/candidate/jobadvert/C9190-25-0735?keyword=Doctor&amp;location=Sheffield&amp;distance=5&amp;language=en\" data-test=\"search-result-job-title\">\n              Nurse Consultant Critical Care\n            </a>","target":["#job-title-5 > a[data-test=\"search-result-job-title\"]"]},{"any":[{"id":"has-visible-text","data":null,"relatedNodes":[],"impact":"minor","message":"Element has text that is visible to screen readers"},{"id":"aria-label","data":null,"relatedNodes":[],"impact":"serious","message":"aria-label attribute exists and is not empty"}],"all":[],"none":[{"id":"focusable-no-name","data":null,"relatedNodes":[],"impact":"serious","message":"Element is not in tab order or has accessible text"}],"impact":null,"html":"<a href=\"/candidate/search/save-job/C9190-25-0735\" data-test=\"search-result-save-job\" aria-label=\"Save this job: Nurse Consultant Critical Care (Reference number: C9190-25-0735)\">\n              Save this job\n            </a>","target":[".nhsuk-list-panel.search-result.nhsuk-u-padding-3:nth-child(5) > .nhsuk-grid-row:nth-child(1) > .save-job.nhsuk-u-margin-right-3 > a[data-test=\"search-result-save-job\"]"]},{"any":[{"id":"has-visible-text","data":null,"relatedNodes":[],"impact":"minor","message":"Element has text that is visible to screen readers"}],"all":[],"none":[{"id":"focusable-no-name","data":null,"relatedNodes":[],"impact":"serious","message":"Element is not in tab order or has accessible text"}],"impact":null,"html":"<a href=\"/candidate/jobadvert/N0013-25-0006-112267?keyword=Doctor&amp;location=Sheffield&amp;distance=5&amp;language=en\" data-test=\"search-result-job-title\">\n              Lecturer in Social Work\n            </a>","target":["#job-title-6 > a[data-test=\"search-result-job-title\"]"]},{"any":[{"id":"has-visible-text","data":null,"relatedNodes":[],"impact":"minor","message":"Element has text that is visible to screen readers"},{"id":"aria-label","data":null,"relatedNodes":[],"impact":"serious","message":"aria-label attribute exists and is not empty"}],"all":[],"none":[{"id":"focusable-no-name","data":null,"relatedNodes":[],"impact":"serious","message":"Element is not in tab order or has accessible text"}],"impact":null,"html":"<a href=\"/candidate/search/save-job/N0013-25-0006-112267\" data-test=\"search-result-save-job\" aria-label=\"Save this job: Lecturer in Social Work (Reference number: N0013-25-0006-112267)\">\n              Save this job\n            </a>","target":[".nhsuk-list-panel.search-result.nhsuk-u-padding-3:nth-child(6) > .nhsuk-grid-row:nth-child(1) > .save-job.nhsuk-u-margin-right-3 > a[data-test=\"search-result-save-job\"]"]},{"any":[{"id":"has-visible-text","data":null,"relatedNodes":[],"impact":"minor","message":"Element has text that is visible to screen readers"}],"all":[],"none":[{"id":"focusable-no-name","data":null,"relatedNodes":[],"impact":"serious","message":"Element is not in tab order or has accessible text"}],"impact":null,"html":"<a href=\"/candidate/jobadvert/C9190-25-0682?keyword=Doctor&amp;location=Sheffield&amp;distance=5&amp;language=en\" data-test=\"search-result-job-title\">\n              Locum Consultant Haematologist interest in Haemostasis &amp; Thrombosis\n            </a>","target":["#job-title-7 > a[data-test=\"search-result-job-title\"]"]},{"any":[{"id":"has-visible-text","data":null,"relatedNodes":[],"impact":"minor","message":"Element has text that is visible to screen readers"},{"id":"aria-label","data":null,"relatedNodes":[],"impact":"serious","message":"aria-label attribute exists and is not empty"}],"all":[],"none":[{"id":"focusable-no-name","data":null,"relatedNodes":[],"impact":"serious","message":"Element is not in tab order or has accessible text"}],"impact":null,"html":"<a href=\"/candidate/search/save-job/C9190-25-0682\" data-test=\"search-result-save-job\" aria-label=\"Save this job: Locum Consultant Haematologist interest in Haemostasis &amp; Thrombosis (Reference number: C9190-25-0682)\">\n              Save this job\n            </a>","target":[".nhsuk-list-panel.search-result.nhsuk-u-padding-3:nth-child(7) > .nhsuk-grid-row:nth-child(1) > .save-job.nhsuk-u-margin-right-3 > a[data-test=\"search-result-save-job\"]"]},{"any":[{"id":"has-visible-text","data":null,"relatedNodes":[],"impact":"minor","message":"Element has text that is visible to screen readers"}],"all":[],"none":[{"id":"focusable-no-name","data":null,"relatedNodes":[],"impact":"serious","message":"Element is not in tab order or has accessible text"}],"impact":null,"html":"<a href=\"/candidate/jobadvert/C9190-25-0716?keyword=Doctor&amp;location=Sheffield&amp;distance=5&amp;language=en\" data-test=\"search-result-job-title\">\n              Locum Consultant in Spinal Injuries\n            </a>","target":["#job-title-8 > a[data-test=\"search-result-job-title\"]"]},{"any":[{"id":"has-visible-text","data":null,"relatedNodes":[],"impact":"minor","message":"Element has text that is visible to screen readers"},{"id":"aria-label","data":null,"relatedNodes":[],"impact":"serious","message":"aria-label attribute exists and is not empty"}],"all":[],"none":[{"id":"focusable-no-name","data":null,"relatedNodes":[],"impact":"serious","message":"Element is not in tab order or has accessible text"}],"impact":null,"html":"<a href=\"/candidate/search/save-job/C9190-25-0716\" data-test=\"search-result-save-job\" aria-label=\"Save this job: Locum Consultant in Spinal Injuries (Reference number: C9190-25-0716)\">\n              Save this job\n            </a>","target":[".nhsuk-list-panel.search-result.nhsuk-u-padding-3:nth-child(8) > .nhsuk-grid-row:nth-child(1) > .save-job.nhsuk-u-margin-right-3 > a[data-test=\"search-result-save-job\"]"]},{"any":[{"id":"has-visible-text","data":null,"relatedNodes":[],"impact":"minor","message":"Element has text that is visible to screen readers"}],"all":[],"none":[{"id":"focusable-no-name","data":null,"relatedNodes":[],"impact":"serious","message":"Element is not in tab order or has accessible text"}],"impact":null,"html":"<a href=\"/candidate/jobadvert/C9190-25-0746?keyword=Doctor&amp;location=Sheffield&amp;distance=5&amp;language=en\" data-test=\"search-result-job-title\">\n              Specialist in Colorectal/General Surgery\n            </a>","target":["#job-title-9 > a[data-test=\"search-result-job-title\"]"]},{"any":[{"id":"has-visible-text","data":null,"relatedNodes":[],"impact":"minor","message":"Element has text that is visible to screen readers"},{"id":"aria-label","data":null,"relatedNodes":[],"impact":"serious","message":"aria-label attribute exists and is not empty"}],"all":[],"none":[{"id":"focusable-no-name","data":null,"relatedNodes":[],"impact":"serious","message":"Element is not in tab order or has accessible text"}],"impact":null,"html":"<a href=\"/candidate/search/save-job/C9190-25-0746\" data-test=\"search-result-save-job\" aria-label=\"Save this job: Specialist in Colorectal/General Surgery (Reference number: C9190-25-0746)\">\n              Save this job\n            </a>","target":[".nhsuk-list-panel.search-result.nhsuk-u-padding-3:nth-child(9) > .nhsuk-grid-row:nth-child(1) > .save-job.nhsuk-u-margin-right-3 > a[data-test=\"search-result-save-job\"]"]},{"any":[{"id":"has-visible-text","data":null,"relatedNodes":[],"impact":"minor","message":"Element has text that is visible to screen readers"}],"all":[],"none":[{"id":"focusable-no-name","data":null,"relatedNodes":[],"impact":"serious","message":"Element is not in tab order or has accessible text"}],"impact":null,"html":"<a href=\"/candidate/jobadvert/C9190-25-0690?keyword=Doctor&amp;location=Sheffield&amp;distance=5&amp;language=en\" data-test=\"search-result-job-title\">\n              LAS ST3+ in Hepatology\n            </a>","target":["#job-title-10 > a[data-test=\"search-result-job-title\"]"]},{"any":[{"id":"has-visible-text","data":null,"relatedNodes":[],"impact":"minor","message":"Element has text that is visible to screen readers"},{"id":"aria-label","data":null,"relatedNodes":[],"impact":"serious","message":"aria-label attribute exists and is not empty"}],"all":[],"none":[{"id":"focusable-no-name","data":null,"relatedNodes":[],"impact":"serious","message":"Element is not in tab order or has accessible text"}],"impact":null,"html":"<a href=\"/candidate/search/save-job/C9190-25-0690\" data-test=\"search-result-save-job\" aria-label=\"Save this job: LAS ST3+ in Hepatology (Reference number: C9190-25-0690)\">\n              Save this job\n            </a>","target":[".nhsuk-list-panel.search-result.nhsuk-u-padding-3:nth-child(10) > .nhsuk-grid-row:nth-child(1) > .save-job.nhsuk-u-margin-right-3 > a[data-test=\"search-result-save-job\"]"]},{"any":[{"id":"has-visible-text","data":null,"relatedNodes":[],"impact":"minor","message":"Element has text that is visible to screen readers"}],"all":[],"none":[{"id":"focusable-no-name","data":null,"relatedNodes":[],"impact":"serious","message":"Element is not in tab order or has accessible text"}],"impact":null,"html":"<a class=\"nhsuk-pagination__link nhsuk-pagination__link--next\" href=\"/candidate/search/results?keyword=Doctor&amp;location=Sheffield&amp;distance=5&amp;language=en&amp;page=2\" data-test=\"search-next-page\">","target":[".nhsuk-pagination__link"]},{"any":[{"id":"has-visible-text","data":null,"relatedNodes":[],"impact":"minor","message":"Element has text that is visible to screen readers"}],"all":[],"none":[{"id":"focusable-no-name","data":null,"relatedNodes":[],"impact":"serious","message":"Element is not in tab order or has accessible text"}],"impact":null,"html":"<a class=\"nhsuk-footer__list-item-link\" target=\"_blank\" id=\"privacy\" href=\"/candidate/privacy-policy\">Privacy policy</a>","target":["#privacy"]},{"any":[{"id":"has-visible-text","data":null,"relatedNodes":[],"impact":"minor","message":"Element has text that is visible to screen readers"}],"all":[],"none":[{"id":"focusable-no-name","data":null,"relatedNodes":[],"impact":"serious","message":"Element is not in tab order or has accessible text"}],"impact":null,"html":"<a class=\"nhsuk-footer__list-item-link\" target=\"_blank\" id=\"acceptableUse\" href=\"/candidate/acceptable-use\">Terms and conditions</a>","target":["#acceptableUse"]},{"any":[{"id":"has-visible-text","data":null,"relatedNodes":[],"impact":"minor","message":"Element has text that is visible to screen readers"}],"all":[],"none":[{"id":"focusable-no-name","data":null,"relatedNodes":[],"impact":"serious","message":"Element is not in tab order or has accessible text"}],"impact":null,"html":"<a class=\"nhsuk-footer__list-item-link\" target=\"_blank\" id=\"accessibility\" href=\"https://www.nhsbsa.nhs.uk/our-policies/accessibility/accessibility-statement-nhs-jobs-applicants\">Accessibility Statement</a>","target":["#accessibility"]},{"any":[{"id":"has-visible-text","data":null,"relatedNodes":[],"impact":"minor","message":"Element has text that is visible to screen readers"}],"all":[],"none":[{"id":"focusable-no-name","data":null,"relatedNodes":[],"impact":"serious","message":"Element is not in tab order or has accessible text"}],"impact":null,"html":"<a class=\"nhsuk-footer__list-item-link\" target=\"_blank\" id=\"cookies\" href=\"/candidate/cookies\">Cookies</a>","target":["#cookies"]},{"any":[{"id":"has-visible-text","data":null,"relatedNodes":[],"impact":"minor","message":"Element has text that is visible to screen readers"}],"all":[],"none":[{"id":"focusable-no-name","data":null,"relatedNodes":[],"impact":"serious","message":"Element is not in tab order or has accessible text"}],"impact":null,"html":"<a class=\"nhsuk-footer__list-item-link\" target=\"_blank\" id=\"helpText\" href=\"https://www.nhsbsa.nhs.uk/new-nhs-jobs-service/help-and-support-applicants\">How to apply for jobs</a>","target":["#helpText"]}]},{"id":"list","impact":null,"tags":["cat.structure","wcag2a","wcag131"],"description":"Ensures that lists are structured correctly","help":"<ul> and <ol> must only directly contain <li>, <script> or <template> elements","helpUrl":"https://dequeuniversity.com/rules/axe/4.7/list?application=axeAPI","nodes":[{"any":[],"all":[],"none":[{"id":"only-listitems","data":null,"relatedNodes":[],"impact":"serious","message":"List element only has direct children that are allowed inside <li> elements"}],"impact":null,"html":"<ul class=\"nhsuk-header__navigation-list-right\">","target":[".nhsuk-header__navigation-list-right:nth-child(1)"]},{"any":[],"all":[],"none":[{"id":"only-listitems","data":null,"relatedNodes":[],"impact":"serious","message":"List element only has direct children that are allowed inside <li> elements"}],"impact":null,"html":"<ul class=\"nhsuk-header__navigation-list-right\">","target":[".nhsuk-header__navigation-list-right:nth-child(2)"]},{"any":[],"all":[],"none":[{"id":"only-listitems","data":null,"relatedNodes":[],"impact":"serious","message":"List element only has direct children that are allowed inside <li> elements"}],"impact":null,"html":"<ul class=\"nhsuk-header__navigation-list\">","target":[".nhsuk-header__navigation-list"]},{"any":[],"all":[],"none":[{"id":"only-listitems","data":null,"relatedNodes":[],"impact":"serious","message":"List element only has direct children that are allowed inside <li> elements"}],"impact":null,"html":"<ul class=\"nhsuk-list search-results\">","target":[".search-results"]},{"any":[],"all":[],"none":[{"id":"only-listitems","data":null,"relatedNodes":[],"impact":"serious","message":"List element only has direct children that are allowed inside <li> elements"}],"impact":null,"html":"<ul class=\"ad-job-info nhsuk-list first-ad-job-info\">","target":[".nhsuk-list-panel.search-result.nhsuk-u-padding-3:nth-child(1) > .nhsuk-grid-row:nth-child(3) > .nhsuk-grid-column-one-half:nth-child(1) > .first-ad-job-info.ad-job-info.nhsuk-list"]},{"any":[],"all":[],"none":[{"id":"only-listitems","data":null,"relatedNodes":[],"impact":"serious","message":"List element only has direct children that are allowed inside <li> elements"}],"impact":null,"html":"<ul class=\"ad-job-info nhsuk-list\">","target":[".nhsuk-list-panel.search-result.nhsuk-u-padding-3:nth-child(1) > .nhsuk-grid-row:nth-child(3) > .nhsuk-grid-column-one-half:nth-child(2) > .ad-job-info.nhsuk-list"]},{"any":[],"all":[],"none":[{"id":"only-listitems","data":null,"relatedNodes":[],"impact":"serious","message":"List element only has direct children that are allowed inside <li> elements"}],"impact":null,"html":"<ul class=\"ad-job-info nhsuk-list first-ad-job-info\">","target":[".nhsuk-list-panel.search-result.nhsuk-u-padding-3:nth-child(2) > .nhsuk-grid-row:nth-child(3) > .nhsuk-grid-column-one-half:nth-child(1) > .first-ad-job-info.ad-job-info.nhsuk-list"]},{"any":[],"all":[],"none":[{"id":"only-listitems","data":null,"relatedNodes":[],"impact":"serious","message":"List element only has direct children that are allowed inside <li> elements"}],"impact":null,"html":"<ul class=\"ad-job-info nhsuk-list\">","target":[".nhsuk-list-panel.search-result.nhsuk-u-padding-3:nth-child(2) > .nhsuk-grid-row:nth-child(3) > .nhsuk-grid-column-one-half:nth-child(2) > .ad-job-info.nhsuk-list"]},{"any":[],"all":[],"none":[{"id":"only-listitems","data":null,"relatedNodes":[],"impact":"serious","message":"List element only has direct children that are allowed inside <li> elements"}],"impact":null,"html":"<ul class=\"ad-job-info nhsuk-list first-ad-job-info\">","target":[".nhsuk-list-panel.search-result.nhsuk-u-padding-3:nth-child(3) > .nhsuk-grid-row:nth-child(3) > .nhsuk-grid-column-one-half:nth-child(1) > .first-ad-job-info.ad-job-info.nhsuk-list"]},{"any":[],"all":[],"none":[{"id":"only-listitems","data":null,"relatedNodes":[],"impact":"serious","message":"List element only has direct children that are allowed inside <li> elements"}],"impact":null,"html":"<ul class=\"ad-job-info nhsuk-list\">","target":[".nhsuk-list-panel.search-result.nhsuk-u-padding-3:nth-child(3) > .nhsuk-grid-row:nth-child(3) > .nhsuk-grid-column-one-half:nth-child(2) > .ad-job-info.nhsuk-list"]},{"any":[],"all":[],"none":[{"id":"only-listitems","data":null,"relatedNodes":[],"impact":"serious","message":"List element only has direct children that are allowed inside <li> elements"}],"impact":null,"html":"<ul class=\"ad-job-info nhsuk-list first-ad-job-info\">","target":[".nhsuk-list-panel.search-result.nhsuk-u-padding-3:nth-child(4) > .nhsuk-grid-row:nth-child(3) > .nhsuk-grid-column-one-half:nth-child(1) > .first-ad-job-info.ad-job-info.nhsuk-list"]},{"any":[],"all":[],"none":[{"id":"only-listitems","data":null,"relatedNodes":[],"impact":"serious","message":"List element only has direct children that are allowed inside <li> elements"}],"impact":null,"html":"<ul class=\"ad-job-info nhsuk-list\">","target":[".nhsuk-list-panel.search-result.nhsuk-u-padding-3:nth-child(4) > .nhsuk-grid-row:nth-child(3) > .nhsuk-grid-column-one-half:nth-child(2) > .ad-job-info.nhsuk-list"]},{"any":[],"all":[],"none":[{"id":"only-listitems","data":null,"relatedNodes":[],"impact":"serious","message":"List element only has direct children that are allowed inside <li> elements"}],"impact":null,"html":"<ul class=\"ad-job-info nhsuk-list first-ad-job-info\">","target":[".nhsuk-list-panel.search-result.nhsuk-u-padding-3:nth-child(5) > .nhsuk-grid-row:nth-child(3) > .nhsuk-grid-column-one-half:nth-child(1) > .first-ad-job-info.ad-job-info.nhsuk-list"]},{"any":[],"all":[],"none":[{"id":"only-listitems","data":null,"relatedNodes":[],"impact":"serious","message":"List element only has direct children that are allowed inside <li> elements"}],"impact":null,"html":"<ul class=\"ad-job-info nhsuk-list\">","target":[".nhsuk-list-panel.search-result.nhsuk-u-padding-3:nth-child(5) > .nhsuk-grid-row:nth-child(3) > .nhsuk-grid-column-one-half:nth-child(2) > .ad-job-info.nhsuk-list"]},{"any":[],"all":[],"none":[{"id":"only-listitems","data":null,"relatedNodes":[],"impact":"serious","message":"List element only has direct children that are allowed inside <li> elements"}],"impact":null,"html":"<ul class=\"ad-job-info nhsuk-list first-ad-job-info\">","target":[".nhsuk-list-panel.search-result.nhsuk-u-padding-3:nth-child(6) > .nhsuk-grid-row:nth-child(3) > .nhsuk-grid-column-one-half:nth-child(1) > .first-ad-job-info.ad-job-info.nhsuk-list"]},{"any":[],"all":[],"none":[{"id":"only-listitems","data":null,"relatedNodes":[],"impact":"serious","message":"List element only has direct children that are allowed inside <li> elements"}],"impact":null,"html":"<ul class=\"ad-job-info nhsuk-list\">","target":[".nhsuk-list-panel.search-result.nhsuk-u-padding-3:nth-child(6) > .nhsuk-grid-row:nth-child(3) > .nhsuk-grid-column-one-half:nth-child(2) > .ad-job-info.nhsuk-list"]},{"any":[],"all":[],"none":[{"id":"only-listitems","data":null,"relatedNodes":[],"impact":"serious","message":"List element only has direct children that are allowed inside <li> elements"}],"impact":null,"html":"<ul class=\"ad-job-info nhsuk-list first-ad-job-info\">","target":[".nhsuk-list-panel.search-result.nhsuk-u-padding-3:nth-child(7) > .nhsuk-grid-row:nth-child(3) > .nhsuk-grid-column-one-half:nth-child(1) > .first-ad-job-info.ad-job-info.nhsuk-list"]},{"any":[],"all":[],"none":[{"id":"only-listitems","data":null,"relatedNodes":[],"impact":"serious","message":"List element only has direct children that are allowed inside <li> elements"}],"impact":null,"html":"<ul class=\"ad-job-info nhsuk-list\">","target":[".nhsuk-list-panel.search-result.nhsuk-u-padding-3:nth-child(7) > .nhsuk-grid-row:nth-child(3) > .nhsuk-grid-column-one-half:nth-child(2) > .ad-job-info.nhsuk-list"]},{"any":[],"all":[],"none":[{"id":"only-listitems","data":null,"relatedNodes":[],"impact":"serious","message":"List element only has direct children that are allowed inside <li> elements"}],"impact":null,"html":"<ul class=\"ad-job-info nhsuk-list first-ad-job-info\">","target":[".nhsuk-list-panel.search-result.nhsuk-u-padding-3:nth-child(8) > .nhsuk-grid-row:nth-child(3) > .nhsuk-grid-column-one-half:nth-child(1) > .first-ad-job-info.ad-job-info.nhsuk-list"]},{"any":[],"all":[],"none":[{"id":"only-listitems","data":null,"relatedNodes":[],"impact":"serious","message":"List element only has direct children that are allowed inside <li> elements"}],"impact":null,"html":"<ul class=\"ad-job-info nhsuk-list\">","target":[".nhsuk-list-panel.search-result.nhsuk-u-padding-3:nth-child(8) > .nhsuk-grid-row:nth-child(3) > .nhsuk-grid-column-one-half:nth-child(2) > .ad-job-info.nhsuk-list"]},{"any":[],"all":[],"none":[{"id":"only-listitems","data":null,"relatedNodes":[],"impact":"serious","message":"List element only has direct children that are allowed inside <li> elements"}],"impact":null,"html":"<ul class=\"ad-job-info nhsuk-list first-ad-job-info\">","target":[".nhsuk-list-panel.search-result.nhsuk-u-padding-3:nth-child(9) > .nhsuk-grid-row:nth-child(3) > .nhsuk-grid-column-one-half:nth-child(1) > .first-ad-job-info.ad-job-info.nhsuk-list"]},{"any":[],"all":[],"none":[{"id":"only-listitems","data":null,"relatedNodes":[],"impact":"serious","message":"List element only has direct children that are allowed inside <li> elements"}],"impact":null,"html":"<ul class=\"ad-job-info nhsuk-list\">","target":[".nhsuk-list-panel.search-result.nhsuk-u-padding-3:nth-child(9) > .nhsuk-grid-row:nth-child(3) > .nhsuk-grid-column-one-half:nth-child(2) > .ad-job-info.nhsuk-list"]},{"any":[],"all":[],"none":[{"id":"only-listitems","data":null,"relatedNodes":[],"impact":"serious","message":"List element only has direct children that are allowed inside <li> elements"}],"impact":null,"html":"<ul class=\"ad-job-info nhsuk-list first-ad-job-info\">","target":[".nhsuk-list-panel.search-result.nhsuk-u-padding-3:nth-child(10) > .nhsuk-grid-row:nth-child(3) > .nhsuk-grid-column-one-half:nth-child(1) > .first-ad-job-info.ad-job-info.nhsuk-list"]},{"any":[],"all":[],"none":[{"id":"only-listitems","data":null,"relatedNodes":[],"impact":"serious","message":"List element only has direct children that are allowed inside <li> elements"}],"impact":null,"html":"<ul class=\"ad-job-info nhsuk-list\">","target":[".nhsuk-list-panel.search-result.nhsuk-u-padding-3:nth-child(10) > .nhsuk-grid-row:nth-child(3) > .nhsuk-grid-column-one-half:nth-child(2) > .ad-job-info.nhsuk-list"]},{"any":[],"all":[],"none":[{"id":"only-listitems","data":null,"relatedNodes":[],"impact":"serious","message":"List element only has direct children that are allowed inside <li> elements"}],"impact":null,"html":"<ul class=\"nhsuk-list nhsuk-pagination__list\">","target":[".nhsuk-pagination__list"]},{"any":[],"all":[],"none":[{"id":"only-listitems","data":null,"relatedNodes":[],"impact":"serious","message":"List element only has direct children that are allowed inside <li> elements"}],"impact":null,"html":"<ul class=\"nhsuk-footer__list adjust-width\">","target":[".nhsuk-footer__list"]}]},{"id":"listitem","impact":null,"tags":["cat.structure","wcag2a","wcag131"],"description":"Ensures <li> elements are used semantically","help":"<li> elements must be contained in a <ul> or <ol>","helpUrl":"https://dequeuniversity.com/rules/axe/4.7/listitem?application=axeAPI","nodes":[{"any":[{"id":"listitem","data":null,"relatedNodes":[],"impact":"serious","message":"List item has a <ul>, <ol> or role=\"list\" parent element"}],"all":[],"none":[],"impact":null,"html":"<li class=\"gem-c-translation-nav__list-item\">\n      <a class=\"sign-in-link\" id=\"candidate_sign_in\" href=\"/candidate/auth/login\">\n        Sign in\n      </a>\n    </li>","target":[".nhsuk-header__navigation-list-right:nth-child(1) > .gem-c-translation-nav__list-item"]},{"any":[{"id":"listitem","data":null,"relatedNodes":[],"impact":"serious","message":"List item has a <ul>, <ol> or role=\"list\" parent element"}],"all":[],"none":[],"impact":null,"html":"<li class=\"gem-c-translation-nav__list-item-none-border\">\n      <a href=\"/candidate/auth/register/first-last-name\" class=\"sign-in-link\" data-test=\"header-create-account\">Create an account</a>\n    </li>","target":[".nhsuk-header__navigation-list-right:nth-child(1) > .gem-c-translation-nav__list-item-none-border"]},{"any":[{"id":"listitem","data":null,"relatedNodes":[],"impact":"serious","message":"List item has a <ul>, <ol> or role=\"list\" parent element"}],"all":[],"none":[],"impact":null,"html":"<li class=\"gem-c-translation-nav__list-item\">\n      <a lang=\"en\" href=\"/candidate/search/locale/en\" class=\"language-toggle-selected\" data-test=\"english-language-link\">English</a>\n    </li>","target":[".nhsuk-header__navigation-list-right:nth-child(2) > .gem-c-translation-nav__list-item"]},{"any":[{"id":"listitem","data":null,"relatedNodes":[],"impact":"serious","message":"List item has a <ul>, <ol> or role=\"list\" parent element"}],"all":[],"none":[],"impact":null,"html":"<li class=\"gem-c-translation-nav__list-item-none-border\">\n      <a lang=\"cy\" href=\"/candidate/search/locale/cy\" class=\"language-toggle\" data-test=\"welsh-language-link\">Cymraeg</a>\n    </li>","target":[".nhsuk-header__navigation-list-right:nth-child(2) > .gem-c-translation-nav__list-item-none-border"]},{"any":[{"id":"listitem","data":null,"relatedNodes":[],"impact":"serious","message":"List item has a <ul>, <ol> or role=\"list\" parent element"}],"all":[],"none":[],"impact":null,"html":"<li class=\"nhsuk-header__navigation-item\">","target":[".nhsuk-header__navigation-item:nth-child(2)"]},{"any":[{"id":"listitem","data":null,"relatedNodes":[],"impact":"serious","message":"List item has a <ul>, <ol> or role=\"list\" parent element"}],"all":[],"none":[],"impact":null,"html":"<li class=\"nhsuk-list-panel search-result nhsuk-u-padding-3\" data-test=\"search-result\">","target":[".nhsuk-list-panel.search-result.nhsuk-u-padding-3:nth-child(1)"]},{"any":[{"id":"listitem","data":null,"relatedNodes":[],"impact":"serious","message":"List item has a <ul>, <ol> or role=\"list\" parent element"}],"all":[],"none":[],"impact":null,"html":"<li data-test=\"search-result-salary\" class=\"marginBt\">\n                Salary: \n                <strong class=\"nhsuk-u-font-weight-bold\">\n                  £550\n                  \n                    a session\n                  \n                </strong>\n              </li>","target":[".nhsuk-list-panel.search-result.nhsuk-u-padding-3:nth-child(1) > .nhsuk-grid-row:nth-child(3) > .nhsuk-grid-column-one-half:nth-child(1) > .first-ad-job-info.ad-job-info.nhsuk-list > .marginBt[data-test=\"search-result-salary\"]"]},{"any":[{"id":"listitem","data":null,"relatedNodes":[],"impact":"serious","message":"List item has a <ul>, <ol> or role=\"list\" parent element"}],"all":[],"none":[],"impact":null,"html":"<li data-test=\"search-result-distance\" class=\"marginBt\">\n                Distance: \n                <strong class=\"nhsuk-u-font-weight-bold\">\n                  2.9 miles\n                </strong>\n              </li>","target":[".nhsuk-list-panel.search-result.nhsuk-u-padding-3:nth-child(1) > .nhsuk-grid-row:nth-child(3) > .nhsuk-grid-column-one-half:nth-child(1) > .first-ad-job-info.ad-job-info.nhsuk-list > .marginBt[data-test=\"search-result-distance\"]"]},{"any":[{"id":"listitem","data":null,"relatedNodes":[],"impact":"serious","message":"List item has a <ul>, <ol> or role=\"list\" parent element"}],"all":[],"none":[],"impact":null,"html":"<li data-test=\"search-result-publicationDate\">\n                Date posted: \n                <strong class=\"nhsuk-u-font-weight-bold\">\n                  30 April 2025\n                </strong>\n              </li>","target":[".nhsuk-list-panel.search-result.nhsuk-u-padding-3:nth-child(1) > .nhsuk-grid-row:nth-child(3) > .nhsuk-grid-column-one-half:nth-child(1) > .first-ad-job-info.ad-job-info.nhsuk-list > li[data-test=\"search-result-publicationDate\"]"]},{"any":[{"id":"listitem","data":null,"relatedNodes":[],"impact":"serious","message":"List item has a <ul>, <ol> or role=\"list\" parent element"}],"all":[],"none":[],"impact":null,"html":"<li data-test=\"search-result-jobType\" class=\"marginBt\">\n              Contract type: \n              <strong class=\"nhsuk-u-font-weight-bold\">\n                Permanent\n              </strong>\n            </li>","target":[".nhsuk-list-panel.search-result.nhsuk-u-padding-3:nth-child(1) > .nhsuk-grid-row:nth-child(3) > .nhsuk-grid-column-one-half:nth-child(2) > .ad-job-info.nhsuk-list > .marginBt[data-test=\"search-result-jobType\"]"]},{"any":[{"id":"listitem","data":null,"relatedNodes":[],"impact":"serious","message":"List item has a <ul>, <ol> or role=\"list\" parent element"}],"all":[],"none":[],"impact":null,"html":"<li data-test=\"search-result-workingPattern\" class=\"marginBt\">\n              Working pattern: \n              <strong class=\"nhsuk-u-font-weight-bold\">\n                Flexible working\n              </strong>\n            </li>","target":[".nhsuk-list-panel.search-result.nhsuk-u-padding-3:nth-child(1) > .nhsuk-grid-row:nth-child(3) > .nhsuk-grid-column-one-half:nth-child(2) > .ad-job-info.nhsuk-list > .marginBt[data-test=\"search-result-workingPattern\"]"]},{"any":[{"id":"listitem","data":null,"relatedNodes":[],"impact":"serious","message":"List item has a <ul>, <ol> or role=\"list\" parent element"}],"all":[],"none":[],"impact":null,"html":"<li data-test=\"search-result-closingDate\">\n                Closing date: \n                <strong class=\"nhsuk-u-font-weight-bold\">\n                  30 June 2025\n                </strong>\n              </li>","target":[".nhsuk-list-panel.search-result.nhsuk-u-padding-3:nth-child(1) > .nhsuk-grid-row:nth-child(3) > .nhsuk-grid-column-one-half:nth-child(2) > .ad-job-info.nhsuk-list > li[data-test=\"search-result-closingDate\"]"]},{"any":[{"id":"listitem","data":null,"relatedNodes":[],"impact":"serious","message":"List item has a <ul>, <ol> or role=\"list\" parent element"}],"all":[],"none":[],"impact":null,"html":"<li class=\"nhsuk-list-panel search-result nhsuk-u-padding-3\" data-test=\"search-result\">","target":[".nhsuk-list-panel.search-result.nhsuk-u-padding-3:nth-child(2)"]},{"any":[{"id":"listitem","data":null,"relatedNodes":[],"impact":"serious","message":"List item has a <ul>, <ol> or role=\"list\" parent element"}],"all":[],"none":[],"impact":null,"html":"<li data-test=\"search-result-salary\" class=\"marginBt\">\n                Salary: \n                <strong class=\"nhsuk-u-font-weight-bold\">\n                  £550\n                  \n                    a session\n                  \n                </strong>\n              </li>","target":[".nhsuk-list-panel.search-result.nhsuk-u-padding-3:nth-child(2) > .nhsuk-grid-row:nth-child(3) > .nhsuk-grid-column-one-half:nth-child(1) > .first-ad-job-info.ad-job-info.nhsuk-list > .marginBt[data-test=\"search-result-salary\"]"]},{"any":[{"id":"listitem","data":null,"relatedNodes":[],"impact":"serious","message":"List item has a <ul>, <ol> or role=\"list\" parent element"}],"all":[],"none":[],"impact":null,"html":"<li data-test=\"search-result-distance\" class=\"marginBt\">\n                Distance: \n                <strong class=\"nhsuk-u-font-weight-bold\">\n                  2.9 miles\n                </strong>\n              </li>","target":[".nhsuk-list-panel.search-result.nhsuk-u-padding-3:nth-child(2) > .nhsuk-grid-row:nth-child(3) > .nhsuk-grid-column-one-half:nth-child(1) > .first-ad-job-info.ad-job-info.nhsuk-list > .marginBt[data-test=\"search-result-distance\"]"]},{"any":[{"id":"listitem","data":null,"relatedNodes":[],"impact":"serious","message":"List item has a <ul>, <ol> or role=\"list\" parent element"}],"all":[],"none":[],"impact":null,"html":"<li data-test=\"search-result-publicationDate\">\n                Date posted: \n                <strong class=\"nhsuk-u-font-weight-bold\">\n                  30 April 2025\n                </strong>\n              </li>","target":[".nhsuk-list-panel.search-result.nhsuk-u-padding-3:nth-child(2) > .nhsuk-grid-row:nth-child(3) > .nhsuk-grid-column-one-half:nth-child(1) > .first-ad-job-info.ad-job-info.nhsuk-list > li[data-test=\"search-result-publicationDate\"]"]},{"any":[{"id":"listitem","data":null,"relatedNodes":[],"impact":"serious","message":"List item has a <ul>, <ol> or role=\"list\" parent element"}],"all":[],"none":[],"impact":null,"html":"<li data-test=\"search-result-jobType\" class=\"marginBt\">\n              Contract type: \n              <strong class=\"nhsuk-u-font-weight-bold\">\n                Permanent\n              </strong>\n            </li>","target":[".nhsuk-list-panel.search-result.nhsuk-u-padding-3:nth-child(2) > .nhsuk-grid-row:nth-child(3) > .nhsuk-grid-column-one-half:nth-child(2) > .ad-job-info.nhsuk-list > .marginBt[data-test=\"search-result-jobType\"]"]},{"any":[{"id":"listitem","data":null,"relatedNodes":[],"impact":"serious","message":"List item has a <ul>, <ol> or role=\"list\" parent element"}],"all":[],"none":[],"impact":null,"html":"<li data-test=\"search-result-workingPattern\" class=\"marginBt\">\n              Working pattern: \n              <strong class=\"nhsuk-u-font-weight-bold\">\n                Flexible working\n              </strong>\n            </li>","target":[".nhsuk-list-panel.search-result.nhsuk-u-padding-3:nth-child(2) > .nhsuk-grid-row:nth-child(3) > .nhsuk-grid-column-one-half:nth-child(2) > .ad-job-info.nhsuk-list > .marginBt[data-test=\"search-result-workingPattern\"]"]},{"any":[{"id":"listitem","data":null,"relatedNodes":[],"impact":"serious","message":"List item has a <ul>, <ol> or role=\"list\" parent element"}],"all":[],"none":[],"impact":null,"html":"<li data-test=\"search-result-closingDate\">\n                Closing date: \n                <strong class=\"nhsuk-u-font-weight-bold\">\n                  30 June 2025\n                </strong>\n              </li>","target":[".nhsuk-list-panel.search-result.nhsuk-u-padding-3:nth-child(2) > .nhsuk-grid-row:nth-child(3) > .nhsuk-grid-column-one-half:nth-child(2) > .ad-job-info.nhsuk-list > li[data-test=\"search-result-closingDate\"]"]},{"any":[{"id":"listitem","data":null,"relatedNodes":[],"impact":"serious","message":"List item has a <ul>, <ol> or role=\"list\" parent element"}],"all":[],"none":[],"impact":null,"html":"<li class=\"nhsuk-list-panel search-result nhsuk-u-padding-3\" data-test=\"search-result\">","target":[".nhsuk-list-panel.search-result.nhsuk-u-padding-3:nth-child(3)"]},{"any":[{"id":"listitem","data":null,"relatedNodes":[],"impact":"serious","message":"List item has a <ul>, <ol> or role=\"list\" parent element"}],"all":[],"none":[],"impact":null,"html":"<li data-test=\"search-result-salary\" class=\"marginBt\">\n                Salary: \n                <strong class=\"nhsuk-u-font-weight-bold\">\n                  £59,175 to £95,400\n                  \n                    a year\n                  \n                </strong>\n              </li>","target":[".nhsuk-list-panel.search-result.nhsuk-u-padding-3:nth-child(3) > .nhsuk-grid-row:nth-child(3) > .nhsuk-grid-column-one-half:nth-child(1) > .first-ad-job-info.ad-job-info.nhsuk-list > .marginBt[data-test=\"search-result-salary\"]"]},{"any":[{"id":"listitem","data":null,"relatedNodes":[],"impact":"serious","message":"List item has a <ul>, <ol> or role=\"list\" parent element"}],"all":[],"none":[],"impact":null,"html":"<li data-test=\"search-result-distance\" class=\"marginBt\">\n                Distance: \n                <strong class=\"nhsuk-u-font-weight-bold\">\n                  5 miles\n                </strong>\n              </li>","target":[".nhsuk-list-panel.search-result.nhsuk-u-padding-3:nth-child(3) > .nhsuk-grid-row:nth-child(3) > .nhsuk-grid-column-one-half:nth-child(1) > .first-ad-job-info.ad-job-info.nhsuk-list > .marginBt[data-test=\"search-result-distance\"]"]},{"any":[{"id":"listitem","data":null,"relatedNodes":[],"impact":"serious","message":"List item has a <ul>, <ol> or role=\"list\" parent element"}],"all":[],"none":[],"impact":null,"html":"<li data-test=\"search-result-publicationDate\">\n                Date posted: \n                <strong class=\"nhsuk-u-font-weight-bold\">\n                  20 June 2025\n                </strong>\n              </li>","target":[".nhsuk-list-panel.search-result.nhsuk-u-padding-3:nth-child(3) > .nhsuk-grid-row:nth-child(3) > .nhsuk-grid-column-one-half:nth-child(1) > .first-ad-job-info.ad-job-info.nhsuk-list > li[data-test=\"search-result-publicationDate\"]"]},{"any":[{"id":"listitem","data":null,"relatedNodes":[],"impact":"serious","message":"List item has a <ul>, <ol> or role=\"list\" parent element"}],"all":[],"none":[],"impact":null,"html":"<li data-test=\"search-result-jobType\" class=\"marginBt\">\n              Contract type: \n              <strong class=\"nhsuk-u-font-weight-bold\">\n                Permanent\n              </strong>\n            </li>","target":[".nhsuk-list-panel.search-result.nhsuk-u-padding-3:nth-child(3) > .nhsuk-grid-row:nth-child(3) > .nhsuk-grid-column-one-half:nth-child(2) > .ad-job-info.nhsuk-list > .marginBt[data-test=\"search-result-jobType\"]"]},{"any":[{"id":"listitem","data":null,"relatedNodes":[],"impact":"serious","message":"List item has a <ul>, <ol> or role=\"list\" parent element"}],"all":[],"none":[],"impact":null,"html":"<li data-test=\"search-result-workingPattern\" class=\"marginBt\">\n              Working pattern: \n              <strong class=\"nhsuk-u-font-weight-bold\">\n                Flexible working, Full time\n              </strong>\n            </li>","target":[".nhsuk-list-panel.search-result.nhsuk-u-padding-3:nth-child(3) > .nhsuk-grid-row:nth-child(3) > .nhsuk-grid-column-one-half:nth-child(2) > .ad-job-info.nhsuk-list > .marginBt[data-test=\"search-result-workingPattern\"]"]},{"any":[{"id":"listitem","data":null,"relatedNodes":[],"impact":"serious","message":"List item has a <ul>, <ol> or role=\"list\" parent element"}],"all":[],"none":[],"impact":null,"html":"<li data-test=\"search-result-closingDate\">\n                Closing date: \n                <strong class=\"nhsuk-u-font-weight-bold\">\n                  6 July 2025\n                </strong>\n              </li>","target":[".nhsuk-list-panel.search-result.nhsuk-u-padding-3:nth-child(3) > .nhsuk-grid-row:nth-child(3) > .nhsuk-grid-column-one-half:nth-child(2) > .ad-job-info.nhsuk-list > li[data-test=\"search-result-closingDate\"]"]},{"any":[{"id":"listitem","data":null,"relatedNodes":[],"impact":"serious","message":"List item has a <ul>, <ol> or role=\"list\" parent element"}],"all":[],"none":[],"impact":null,"html":"<li class=\"nhsuk-list-panel search-result nhsuk-u-padding-3\" data-test=\"search-result\">","target":[".nhsuk-list-panel.search-result.nhsuk-u-padding-3:nth-child(4)"]},{"any":[{"id":"listitem","data":null,"relatedNodes":[],"impact":"serious","message":"List item has a <ul>, <ol> or role=\"list\" parent element"}],"all":[],"none":[],"impact":null,"html":"<li data-test=\"search-result-salary\" class=\"marginBt\">\n                Salary: \n                <strong class=\"nhsuk-u-font-weight-bold\">\n                  £45,413 to £57,422\n                  \n                    a year\n                  \n                </strong>\n              </li>","target":[".nhsuk-list-panel.search-result.nhsuk-u-padding-3:nth-child(4) > .nhsuk-grid-row:nth-child(3) > .nhsuk-grid-column-one-half:nth-child(1) > .first-ad-job-info.ad-job-info.nhsuk-list > .marginBt[data-test=\"search-result-salary\"]"]},{"any":[{"id":"listitem","data":null,"relatedNodes":[],"impact":"serious","message":"List item has a <ul>, <ol> or role=\"list\" parent element"}],"all":[],"none":[],"impact":null,"html":"<li data-test=\"search-result-distance\" class=\"marginBt\">\n                Distance: \n                <strong class=\"nhsuk-u-font-weight-bold\">\n                  1.8 miles\n                </strong>\n              </li>","target":[".nhsuk-list-panel.search-result.nhsuk-u-padding-3:nth-child(4) > .nhsuk-grid-row:nth-child(3) > .nhsuk-grid-column-one-half:nth-child(1) > .first-ad-job-info.ad-job-info.nhsuk-list > .marginBt[data-test=\"search-result-distance\"]"]},{"any":[{"id":"listitem","data":null,"relatedNodes":[],"impact":"serious","message":"List item has a <ul>, <ol> or role=\"list\" parent element"}],"all":[],"none":[],"impact":null,"html":"<li data-test=\"search-result-publicationDate\">\n                Date posted: \n                <strong class=\"nhsuk-u-font-weight-bold\">\n                  13 June 2025\n                </strong>\n              </li>","target":[".nhsuk-list-panel.search-result.nhsuk-u-padding-3:nth-child(4) > .nhsuk-grid-row:nth-child(3) > .nhsuk-grid-column-one-half:nth-child(1) > .first-ad-job-info.ad-job-info.nhsuk-list > li[data-test=\"search-result-publicationDate\"]"]},{"any":[{"id":"listitem","data":null,"relatedNodes":[],"impact":"serious","message":"List item has a <ul>, <ol> or role=\"list\" parent element"}],"all":[],"none":[],"impact":null,"html":"<li data-test=\"search-result-jobType\" class=\"marginBt\">\n              Contract type: \n              <strong class=\"nhsuk-u-font-weight-bold\">\n                Permanent\n              </strong>\n            </li>","target":[".nhsuk-list-panel.search-result.nhsuk-u-padding-3:nth-child(4) > .nhsuk-grid-row:nth-child(3) > .nhsuk-grid-column-one-half:nth-child(2) > .ad-job-info.nhsuk-list > .marginBt[data-test=\"search-result-jobType\"]"]},{"any":[{"id":"listitem","data":null,"relatedNodes":[],"impact":"serious","message":"List item has a <ul>, <ol> or role=\"list\" parent element"}],"all":[],"none":[],"impact":null,"html":"<li data-test=\"search-result-workingPattern\" class=\"marginBt\">\n              Working pattern: \n              <strong class=\"nhsuk-u-font-weight-bold\">\n                Flexible working, Full time, Job-share, Part time, Home or remote working\n              </strong>\n            </li>","target":[".nhsuk-list-panel.search-result.nhsuk-u-padding-3:nth-child(4) > .nhsuk-grid-row:nth-child(3) > .nhsuk-grid-column-one-half:nth-child(2) > .ad-job-info.nhsuk-list > .marginBt[data-test=\"search-result-workingPattern\"]"]},{"any":[{"id":"listitem","data":null,"relatedNodes":[],"impact":"serious","message":"List item has a <ul>, <ol> or role=\"list\" parent element"}],"all":[],"none":[],"impact":null,"html":"<li data-test=\"search-result-closingDate\">\n                Closing date: \n                <strong class=\"nhsuk-u-font-weight-bold\">\n                  5 July 2025\n                </strong>\n              </li>","target":[".nhsuk-list-panel.search-result.nhsuk-u-padding-3:nth-child(4) > .nhsuk-grid-row:nth-child(3) > .nhsuk-grid-column-one-half:nth-child(2) > .ad-job-info.nhsuk-list > li[data-test=\"search-result-closingDate\"]"]},{"any":[{"id":"listitem","data":null,"relatedNodes":[],"impact":"serious","message":"List item has a <ul>, <ol> or role=\"list\" parent element"}],"all":[],"none":[],"impact":null,"html":"<li class=\"nhsuk-list-panel search-result nhsuk-u-padding-3\" data-test=\"search-result\">","target":[".nhsuk-list-panel.search-result.nhsuk-u-padding-3:nth-child(5)"]},{"any":[{"id":"listitem","data":null,"relatedNodes":[],"impact":"serious","message":"List item has a <ul>, <ol> or role=\"list\" parent element"}],"all":[],"none":[],"impact":null,"html":"<li data-test=\"search-result-salary\" class=\"marginBt\">\n                Salary: \n                <strong class=\"nhsuk-u-font-weight-bold\">\n                  £62,215 to £72,293\n                  \n                    a year\n                  \n                </strong>\n              </li>","target":[".nhsuk-list-panel.search-result.nhsuk-u-padding-3:nth-child(5) > .nhsuk-grid-row:nth-child(3) > .nhsuk-grid-column-one-half:nth-child(1) > .first-ad-job-info.ad-job-info.nhsuk-list > .marginBt[data-test=\"search-result-salary\"]"]},{"any":[{"id":"listitem","data":null,"relatedNodes":[],"impact":"serious","message":"List item has a <ul>, <ol> or role=\"list\" parent element"}],"all":[],"none":[],"impact":null,"html":"<li data-test=\"search-result-distance\" class=\"marginBt\">\n                Distance: \n                <strong class=\"nhsuk-u-font-weight-bold\">\n                  2 miles\n                </strong>\n              </li>","target":[".nhsuk-list-panel.search-result.nhsuk-u-padding-3:nth-child(5) > .nhsuk-grid-row:nth-child(3) > .nhsuk-grid-column-one-half:nth-child(1) > .first-ad-job-info.ad-job-info.nhsuk-list > .marginBt[data-test=\"search-result-distance\"]"]},{"any":[{"id":"listitem","data":null,"relatedNodes":[],"impact":"serious","message":"List item has a <ul>, <ol> or role=\"list\" parent element"}],"all":[],"none":[],"impact":null,"html":"<li data-test=\"search-result-publicationDate\">\n                Date posted: \n                <strong class=\"nhsuk-u-font-weight-bold\">\n                  23 June 2025\n                </strong>\n              </li>","target":[".nhsuk-list-panel.search-result.nhsuk-u-padding-3:nth-child(5) > .nhsuk-grid-row:nth-child(3) > .nhsuk-grid-column-one-half:nth-child(1) > .first-ad-job-info.ad-job-info.nhsuk-list > li[data-test=\"search-result-publicationDate\"]"]},{"any":[{"id":"listitem","data":null,"relatedNodes":[],"impact":"serious","message":"List item has a <ul>, <ol> or role=\"list\" parent element"}],"all":[],"none":[],"impact":null,"html":"<li data-test=\"search-result-jobType\" class=\"marginBt\">\n              Contract type: \n              <strong class=\"nhsuk-u-font-weight-bold\">\n                Permanent\n              </strong>\n            </li>","target":[".nhsuk-list-panel.search-result.nhsuk-u-padding-3:nth-child(5) > .nhsuk-grid-row:nth-child(3) > .nhsuk-grid-column-one-half:nth-child(2) > .ad-job-info.nhsuk-list > .marginBt[data-test=\"search-result-jobType\"]"]},{"any":[{"id":"listitem","data":null,"relatedNodes":[],"impact":"serious","message":"List item has a <ul>, <ol> or role=\"list\" parent element"}],"all":[],"none":[],"impact":null,"html":"<li data-test=\"search-result-workingPattern\" class=\"marginBt\">\n              Working pattern: \n              <strong class=\"nhsuk-u-font-weight-bold\">\n                Full time\n              </strong>\n            </li>","target":[".nhsuk-list-panel.search-result.nhsuk-u-padding-3:nth-child(5) > .nhsuk-grid-row:nth-child(3) > .nhsuk-grid-column-one-half:nth-child(2) > .ad-job-info.nhsuk-list > .marginBt[data-test=\"search-result-workingPattern\"]"]},{"any":[{"id":"listitem","data":null,"relatedNodes":[],"impact":"serious","message":"List item has a <ul>, <ol> or role=\"list\" parent element"}],"all":[],"none":[],"impact":null,"html":"<li data-test=\"search-result-closingDate\">\n                Closing date: \n                <strong class=\"nhsuk-u-font-weight-bold\">\n                  6 July 2025\n                </strong>\n              </li>","target":[".nhsuk-list-panel.search-result.nhsuk-u-padding-3:nth-child(5) > .nhsuk-grid-row:nth-child(3) > .nhsuk-grid-column-one-half:nth-child(2) > .ad-job-info.nhsuk-list > li[data-test=\"search-result-closingDate\"]"]},{"any":[{"id":"listitem","data":null,"relatedNodes":[],"impact":"serious","message":"List item has a <ul>, <ol> or role=\"list\" parent element"}],"all":[],"none":[],"impact":null,"html":"<li class=\"nhsuk-list-panel search-result nhsuk-u-padding-3\" data-test=\"search-result\">","target":[".nhsuk-list-panel.search-result.nhsuk-u-padding-3:nth-child(6)"]},{"any":[{"id":"listitem","data":null,"relatedNodes":[],"impact":"serious","message":"List item has a <ul>, <ol> or role=\"list\" parent element"}],"all":[],"none":[],"impact":null,"html":"<li data-test=\"search-result-salary\" class=\"marginBt\">\n                Salary: \n                <strong class=\"nhsuk-u-font-weight-bold\">\n                  £39,355 to £44,128\n                  \n                    a year\n                  \n                </strong>\n              </li>","target":[".nhsuk-list-panel.search-result.nhsuk-u-padding-3:nth-child(6) > .nhsuk-grid-row:nth-child(3) > .nhsuk-grid-column-one-half:nth-child(1) > .first-ad-job-info.ad-job-info.nhsuk-list > .marginBt[data-test=\"search-result-salary\"]"]},{"any":[{"id":"listitem","data":null,"relatedNodes":[],"impact":"serious","message":"List item has a <ul>, <ol> or role=\"list\" parent element"}],"all":[],"none":[],"impact":null,"html":"<li data-test=\"search-result-distance\" class=\"marginBt\">\n                Distance: \n                <strong class=\"nhsuk-u-font-weight-bold\">\n                  1.8 miles\n                </strong>\n              </li>","target":[".nhsuk-list-panel.search-result.nhsuk-u-padding-3:nth-child(6) > .nhsuk-grid-row:nth-child(3) > .nhsuk-grid-column-one-half:nth-child(1) > .first-ad-job-info.ad-job-info.nhsuk-list > .marginBt[data-test=\"search-result-distance\"]"]},{"any":[{"id":"listitem","data":null,"relatedNodes":[],"impact":"serious","message":"List item has a <ul>, <ol> or role=\"list\" parent element"}],"all":[],"none":[],"impact":null,"html":"<li data-test=\"search-result-publicationDate\">\n                Date posted: \n                <strong class=\"nhsuk-u-font-weight-bold\">\n                  18 June 2025\n                </strong>\n              </li>","target":[".nhsuk-list-panel.search-result.nhsuk-u-padding-3:nth-child(6) > .nhsuk-grid-row:nth-child(3) > .nhsuk-grid-column-one-half:nth-child(1) > .first-ad-job-info.ad-job-info.nhsuk-list > li[data-test=\"search-result-publicationDate\"]"]},{"any":[{"id":"listitem","data":null,"relatedNodes":[],"impact":"serious","message":"List item has a <ul>, <ol> or role=\"list\" parent element"}],"all":[],"none":[],"impact":null,"html":"<li data-test=\"search-result-jobType\" class=\"marginBt\">\n              Contract type: \n              <strong class=\"nhsuk-u-font-weight-bold\">\n                Permanent\n              </strong>\n            </li>","target":[".nhsuk-list-panel.search-result.nhsuk-u-padding-3:nth-child(6) > .nhsuk-grid-row:nth-child(3) > .nhsuk-grid-column-one-half:nth-child(2) > .ad-job-info.nhsuk-list > .marginBt[data-test=\"search-result-jobType\"]"]},{"any":[{"id":"listitem","data":null,"relatedNodes":[],"impact":"serious","message":"List item has a <ul>, <ol> or role=\"list\" parent element"}],"all":[],"none":[],"impact":null,"html":"<li data-test=\"search-result-workingPattern\" class=\"marginBt\">\n              Working pattern: \n              <strong class=\"nhsuk-u-font-weight-bold\">\n                Flexible working, Full time, Job-share, Part time, Home or remote working\n              </strong>\n            </li>","target":[".nhsuk-list-panel.search-result.nhsuk-u-padding-3:nth-child(6) > .nhsuk-grid-row:nth-child(3) > .nhsuk-grid-column-one-half:nth-child(2) > .ad-job-info.nhsuk-list > .marginBt[data-test=\"search-result-workingPattern\"]"]},{"any":[{"id":"listitem","data":null,"relatedNodes":[],"impact":"serious","message":"List item has a <ul>, <ol> or role=\"list\" parent element"}],"all":[],"none":[],"impact":null,"html":"<li data-test=\"search-result-closingDate\">\n                Closing date: \n                <strong class=\"nhsuk-u-font-weight-bold\">\n                  12 July 2025\n                </strong>\n              </li>","target":[".nhsuk-list-panel.search-result.nhsuk-u-padding-3:nth-child(6) > .nhsuk-grid-row:nth-child(3) > .nhsuk-grid-column-one-half:nth-child(2) > .ad-job-info.nhsuk-list > li[data-test=\"search-result-closingDate\"]"]},{"any":[{"id":"listitem","data":null,"relatedNodes":[],"impact":"serious","message":"List item has a <ul>, <ol> or role=\"list\" parent element"}],"all":[],"none":[],"impact":null,"html":"<li class=\"nhsuk-list-panel search-result nhsuk-u-padding-3\" data-test=\"search-result\">","target":[".nhsuk-list-panel.search-result.nhsuk-u-padding-3:nth-child(7)"]},{"any":[{"id":"listitem","data":null,"relatedNodes":[],"impact":"serious","message":"List item has a <ul>, <ol> or role=\"list\" parent element"}],"all":[],"none":[],"impact":null,"html":"<li data-test=\"search-result-salary\" class=\"marginBt\">\n                Salary: \n                <strong class=\"nhsuk-u-font-weight-bold\">\n                  £105,504 to £139,882\n                  \n                    a year\n                  \n                </strong>\n              </li>","target":[".nhsuk-list-panel.search-result.nhsuk-u-padding-3:nth-child(7) > .nhsuk-grid-row:nth-child(3) > .nhsuk-grid-column-one-half:nth-child(1) > .first-ad-job-info.ad-job-info.nhsuk-list > .marginBt[data-test=\"search-result-salary\"]"]},{"any":[{"id":"listitem","data":null,"relatedNodes":[],"impact":"serious","message":"List item has a <ul>, <ol> or role=\"list\" parent element"}],"all":[],"none":[],"impact":null,"html":"<li data-test=\"search-result-distance\" class=\"marginBt\">\n                Distance: \n                <strong class=\"nhsuk-u-font-weight-bold\">\n                  1.8 miles\n                </strong>\n              </li>","target":[".nhsuk-list-panel.search-result.nhsuk-u-padding-3:nth-child(7) > .nhsuk-grid-row:nth-child(3) > .nhsuk-grid-column-one-half:nth-child(1) > .first-ad-job-info.ad-job-info.nhsuk-list > .marginBt[data-test=\"search-result-distance\"]"]},{"any":[{"id":"listitem","data":null,"relatedNodes":[],"impact":"serious","message":"List item has a <ul>, <ol> or role=\"list\" parent element"}],"all":[],"none":[],"impact":null,"html":"<li data-test=\"search-result-publicationDate\">\n                Date posted: \n                <strong class=\"nhsuk-u-font-weight-bold\">\n                  10 June 2025\n                </strong>\n              </li>","target":[".nhsuk-list-panel.search-result.nhsuk-u-padding-3:nth-child(7) > .nhsuk-grid-row:nth-child(3) > .nhsuk-grid-column-one-half:nth-child(1) > .first-ad-job-info.ad-job-info.nhsuk-list > li[data-test=\"search-result-publicationDate\"]"]},{"any":[{"id":"listitem","data":null,"relatedNodes":[],"impact":"serious","message":"List item has a <ul>, <ol> or role=\"list\" parent element"}],"all":[],"none":[],"impact":null,"html":"<li data-test=\"search-result-jobType\" class=\"marginBt\">\n              Contract type: \n              <strong class=\"nhsuk-u-font-weight-bold\">\n                Fixed-Term\n              </strong>\n            </li>","target":[".nhsuk-list-panel.search-result.nhsuk-u-padding-3:nth-child(7) > .nhsuk-grid-row:nth-child(3) > .nhsuk-grid-column-one-half:nth-child(2) > .ad-job-info.nhsuk-list > .marginBt[data-test=\"search-result-jobType\"]"]},{"any":[{"id":"listitem","data":null,"relatedNodes":[],"impact":"serious","message":"List item has a <ul>, <ol> or role=\"list\" parent element"}],"all":[],"none":[],"impact":null,"html":"<li data-test=\"search-result-workingPattern\" class=\"marginBt\">\n              Working pattern: \n              <strong class=\"nhsuk-u-font-weight-bold\">\n                Full time\n              </strong>\n            </li>","target":[".nhsuk-list-panel.search-result.nhsuk-u-padding-3:nth-child(7) > .nhsuk-grid-row:nth-child(3) > .nhsuk-grid-column-one-half:nth-child(2) > .ad-job-info.nhsuk-list > .marginBt[data-test=\"search-result-workingPattern\"]"]},{"any":[{"id":"listitem","data":null,"relatedNodes":[],"impact":"serious","message":"List item has a <ul>, <ol> or role=\"list\" parent element"}],"all":[],"none":[],"impact":null,"html":"<li data-test=\"search-result-closingDate\">\n                Closing date: \n                <strong class=\"nhsuk-u-font-weight-bold\">\n                  24 June 2025\n                </strong>\n              </li>","target":[".nhsuk-list-panel.search-result.nhsuk-u-padding-3:nth-child(7) > .nhsuk-grid-row:nth-child(3) > .nhsuk-grid-column-one-half:nth-child(2) > .ad-job-info.nhsuk-list > li[data-test=\"search-result-closingDate\"]"]},{"any":[{"id":"listitem","data":null,"relatedNodes":[],"impact":"serious","message":"List item has a <ul>, <ol> or role=\"list\" parent element"}],"all":[],"none":[],"impact":null,"html":"<li class=\"nhsuk-list-panel search-result nhsuk-u-padding-3\" data-test=\"search-result\">","target":[".nhsuk-list-panel.search-result.nhsuk-u-padding-3:nth-child(8)"]},{"any":[{"id":"listitem","data":null,"relatedNodes":[],"impact":"serious","message":"List item has a <ul>, <ol> or role=\"list\" parent element"}],"all":[],"none":[],"impact":null,"html":"<li data-test=\"search-result-salary\" class=\"marginBt\">\n                Salary: \n                <strong class=\"nhsuk-u-font-weight-bold\">\n                  £105,504 to £139,882\n                  \n                    a year\n                  \n                </strong>\n              </li>","target":[".nhsuk-list-panel.search-result.nhsuk-u-padding-3:nth-child(8) > .nhsuk-grid-row:nth-child(3) > .nhsuk-grid-column-one-half:nth-child(1) > .first-ad-job-info.ad-job-info.nhsuk-list > .marginBt[data-test=\"search-result-salary\"]"]},{"any":[{"id":"listitem","data":null,"relatedNodes":[],"impact":"serious","message":"List item has a <ul>, <ol> or role=\"list\" parent element"}],"all":[],"none":[],"impact":null,"html":"<li data-test=\"search-result-distance\" class=\"marginBt\">\n                Distance: \n                <strong class=\"nhsuk-u-font-weight-bold\">\n                  2 miles\n                </strong>\n              </li>","target":[".nhsuk-list-panel.search-result.nhsuk-u-padding-3:nth-child(8) > .nhsuk-grid-row:nth-child(3) > .nhsuk-grid-column-one-half:nth-child(1) > .first-ad-job-info.ad-job-info.nhsuk-list > .marginBt[data-test=\"search-result-distance\"]"]},{"any":[{"id":"listitem","data":null,"relatedNodes":[],"impact":"serious","message":"List item has a <ul>, <ol> or role=\"list\" parent element"}],"all":[],"none":[],"impact":null,"html":"<li data-test=\"search-result-publicationDate\">\n                Date posted: \n                <strong class=\"nhsuk-u-font-weight-bold\">\n                  17 June 2025\n                </strong>\n              </li>","target":[".nhsuk-list-panel.search-result.nhsuk-u-padding-3:nth-child(8) > .nhsuk-grid-row:nth-child(3) > .nhsuk-grid-column-one-half:nth-child(1) > .first-ad-job-info.ad-job-info.nhsuk-list > li[data-test=\"search-result-publicationDate\"]"]},{"any":[{"id":"listitem","data":null,"relatedNodes":[],"impact":"serious","message":"List item has a <ul>, <ol> or role=\"list\" parent element"}],"all":[],"none":[],"impact":null,"html":"<li data-test=\"search-result-jobType\" class=\"marginBt\">\n              Contract type: \n              <strong class=\"nhsuk-u-font-weight-bold\">\n                Fixed-Term\n              </strong>\n            </li>","target":[".nhsuk-list-panel.search-result.nhsuk-u-padding-3:nth-child(8) > .nhsuk-grid-row:nth-child(3) > .nhsuk-grid-column-one-half:nth-child(2) > .ad-job-info.nhsuk-list > .marginBt[data-test=\"search-result-jobType\"]"]},{"any":[{"id":"listitem","data":null,"relatedNodes":[],"impact":"serious","message":"List item has a <ul>, <ol> or role=\"list\" parent element"}],"all":[],"none":[],"impact":null,"html":"<li data-test=\"search-result-workingPattern\" class=\"marginBt\">\n              Working pattern: \n              <strong class=\"nhsuk-u-font-weight-bold\">\n                Full time\n              </strong>\n            </li>","target":[".nhsuk-list-panel.search-result.nhsuk-u-padding-3:nth-child(8) > .nhsuk-grid-row:nth-child(3) > .nhsuk-grid-column-one-half:nth-child(2) > .ad-job-info.nhsuk-list > .marginBt[data-test=\"search-result-workingPattern\"]"]},{"any":[{"id":"listitem","data":null,"relatedNodes":[],"impact":"serious","message":"List item has a <ul>, <ol> or role=\"list\" parent element"}],"all":[],"none":[],"impact":null,"html":"<li data-test=\"search-result-closingDate\">\n                Closing date: \n                <strong class=\"nhsuk-u-font-weight-bold\">\n                  6 July 2025\n                </strong>\n              </li>","target":[".nhsuk-list-panel.search-result.nhsuk-u-padding-3:nth-child(8) > .nhsuk-grid-row:nth-child(3) > .nhsuk-grid-column-one-half:nth-child(2) > .ad-job-info.nhsuk-list > li[data-test=\"search-result-closingDate\"]"]},{"any":[{"id":"listitem","data":null,"relatedNodes":[],"impact":"serious","message":"List item has a <ul>, <ol> or role=\"list\" parent element"}],"all":[],"none":[],"impact":null,"html":"<li class=\"nhsuk-list-panel search-result nhsuk-u-padding-3\" data-test=\"search-result\">","target":[".nhsuk-list-panel.search-result.nhsuk-u-padding-3:nth-child(9)"]},{"any":[{"id":"listitem","data":null,"relatedNodes":[],"impact":"serious","message":"List item has a <ul>, <ol> or role=\"list\" parent element"}],"all":[],"none":[],"impact":null,"html":"<li data-test=\"search-result-salary\" class=\"marginBt\">\n                Salary: \n                <strong class=\"nhsuk-u-font-weight-bold\">\n                  £96,990 to £107,155\n                  \n                    a year\n                  \n                </strong>\n              </li>","target":[".nhsuk-list-panel.search-result.nhsuk-u-padding-3:nth-child(9) > .nhsuk-grid-row:nth-child(3) > .nhsuk-grid-column-one-half:nth-child(1) > .first-ad-job-info.ad-job-info.nhsuk-list > .marginBt[data-test=\"search-result-salary\"]"]},{"any":[{"id":"listitem","data":null,"relatedNodes":[],"impact":"serious","message":"List item has a <ul>, <ol> or role=\"list\" parent element"}],"all":[],"none":[],"impact":null,"html":"<li data-test=\"search-result-distance\" class=\"marginBt\">\n                Distance: \n                <strong class=\"nhsuk-u-font-weight-bold\">\n                  1.8 miles\n                </strong>\n              </li>","target":[".nhsuk-list-panel.search-result.nhsuk-u-padding-3:nth-child(9) > .nhsuk-grid-row:nth-child(3) > .nhsuk-grid-column-one-half:nth-child(1) > .first-ad-job-info.ad-job-info.nhsuk-list > .marginBt[data-test=\"search-result-distance\"]"]},{"any":[{"id":"listitem","data":null,"relatedNodes":[],"impact":"serious","message":"List item has a <ul>, <ol> or role=\"list\" parent element"}],"all":[],"none":[],"impact":null,"html":"<li data-test=\"search-result-publicationDate\">\n                Date posted: \n                <strong class=\"nhsuk-u-font-weight-bold\">\n                  23 June 2025\n                </strong>\n              </li>","target":[".nhsuk-list-panel.search-result.nhsuk-u-padding-3:nth-child(9) > .nhsuk-grid-row:nth-child(3) > .nhsuk-grid-column-one-half:nth-child(1) > .first-ad-job-info.ad-job-info.nhsuk-list > li[data-test=\"search-result-publicationDate\"]"]},{"any":[{"id":"listitem","data":null,"relatedNodes":[],"impact":"serious","message":"List item has a <ul>, <ol> or role=\"list\" parent element"}],"all":[],"none":[],"impact":null,"html":"<li data-test=\"search-result-jobType\" class=\"marginBt\">\n              Contract type: \n              <strong class=\"nhsuk-u-font-weight-bold\">\n                Permanent\n              </strong>\n            </li>","target":[".nhsuk-list-panel.search-result.nhsuk-u-padding-3:nth-child(9) > .nhsuk-grid-row:nth-child(3) > .nhsuk-grid-column-one-half:nth-child(2) > .ad-job-info.nhsuk-list > .marginBt[data-test=\"search-result-jobType\"]"]},{"any":[{"id":"listitem","data":null,"relatedNodes":[],"impact":"serious","message":"List item has a <ul>, <ol> or role=\"list\" parent element"}],"all":[],"none":[],"impact":null,"html":"<li data-test=\"search-result-workingPattern\" class=\"marginBt\">\n              Working pattern: \n              <strong class=\"nhsuk-u-font-weight-bold\">\n                Full time\n              </strong>\n            </li>","target":[".nhsuk-list-panel.search-result.nhsuk-u-padding-3:nth-child(9) > .nhsuk-grid-row:nth-child(3) > .nhsuk-grid-column-one-half:nth-child(2) > .ad-job-info.nhsuk-list > .marginBt[data-test=\"search-result-workingPattern\"]"]},{"any":[{"id":"listitem","data":null,"relatedNodes":[],"impact":"serious","message":"List item has a <ul>, <ol> or role=\"list\" parent element"}],"all":[],"none":[],"impact":null,"html":"<li data-test=\"search-result-closingDate\">\n                Closing date: \n                <strong class=\"nhsuk-u-font-weight-bold\">\n                  29 June 2025\n                </strong>\n              </li>","target":[".nhsuk-list-panel.search-result.nhsuk-u-padding-3:nth-child(9) > .nhsuk-grid-row:nth-child(3) > .nhsuk-grid-column-one-half:nth-child(2) > .ad-job-info.nhsuk-list > li[data-test=\"search-result-closingDate\"]"]},{"any":[{"id":"listitem","data":null,"relatedNodes":[],"impact":"serious","message":"List item has a <ul>, <ol> or role=\"list\" parent element"}],"all":[],"none":[],"impact":null,"html":"<li class=\"nhsuk-list-panel search-result nhsuk-u-padding-3\" data-test=\"search-result\">","target":[".nhsuk-list-panel.search-result.nhsuk-u-padding-3:nth-child(10)"]},{"any":[{"id":"listitem","data":null,"relatedNodes":[],"impact":"serious","message":"List item has a <ul>, <ol> or role=\"list\" parent element"}],"all":[],"none":[],"impact":null,"html":"<li data-test=\"search-result-salary\" class=\"marginBt\">\n                Salary: \n                <strong class=\"nhsuk-u-font-weight-bold\">\n                  £61,825\n                  \n                    a year\n                  \n                </strong>\n              </li>","target":[".nhsuk-list-panel.search-result.nhsuk-u-padding-3:nth-child(10) > .nhsuk-grid-row:nth-child(3) > .nhsuk-grid-column-one-half:nth-child(1) > .first-ad-job-info.ad-job-info.nhsuk-list > .marginBt[data-test=\"search-result-salary\"]"]},{"any":[{"id":"listitem","data":null,"relatedNodes":[],"impact":"serious","message":"List item has a <ul>, <ol> or role=\"list\" parent element"}],"all":[],"none":[],"impact":null,"html":"<li data-test=\"search-result-distance\" class=\"marginBt\">\n                Distance: \n                <strong class=\"nhsuk-u-font-weight-bold\">\n                  2 miles\n                </strong>\n              </li>","target":[".nhsuk-list-panel.search-result.nhsuk-u-padding-3:nth-child(10) > .nhsuk-grid-row:nth-child(3) > .nhsuk-grid-column-one-half:nth-child(1) > .first-ad-job-info.ad-job-info.nhsuk-list > .marginBt[data-test=\"search-result-distance\"]"]},{"any":[{"id":"listitem","data":null,"relatedNodes":[],"impact":"serious","message":"List item has a <ul>, <ol> or role=\"list\" parent element"}],"all":[],"none":[],"impact":null,"html":"<li data-test=\"search-result-publicationDate\">\n                Date posted: \n                <strong class=\"nhsuk-u-font-weight-bold\">\n                  12 June 2025\n                </strong>\n              </li>","target":[".nhsuk-list-panel.search-result.nhsuk-u-padding-3:nth-child(10) > .nhsuk-grid-row:nth-child(3) > .nhsuk-grid-column-one-half:nth-child(1) > .first-ad-job-info.ad-job-info.nhsuk-list > li[data-test=\"search-result-publicationDate\"]"]},{"any":[{"id":"listitem","data":null,"relatedNodes":[],"impact":"serious","message":"List item has a <ul>, <ol> or role=\"list\" parent element"}],"all":[],"none":[],"impact":null,"html":"<li data-test=\"search-result-jobType\" class=\"marginBt\">\n              Contract type: \n              <strong class=\"nhsuk-u-font-weight-bold\">\n                Fixed-Term\n              </strong>\n            </li>","target":[".nhsuk-list-panel.search-result.nhsuk-u-padding-3:nth-child(10) > .nhsuk-grid-row:nth-child(3) > .nhsuk-grid-column-one-half:nth-child(2) > .ad-job-info.nhsuk-list > .marginBt[data-test=\"search-result-jobType\"]"]},{"any":[{"id":"listitem","data":null,"relatedNodes":[],"impact":"serious","message":"List item has a <ul>, <ol> or role=\"list\" parent element"}],"all":[],"none":[],"impact":null,"html":"<li data-test=\"search-result-workingPattern\" class=\"marginBt\">\n              Working pattern: \n              <strong class=\"nhsuk-u-font-weight-bold\">\n                Full time\n              </strong>\n            </li>","target":[".nhsuk-list-panel.search-result.nhsuk-u-padding-3:nth-child(10) > .nhsuk-grid-row:nth-child(3) > .nhsuk-grid-column-one-half:nth-child(2) > .ad-job-info.nhsuk-list > .marginBt[data-test=\"search-result-workingPattern\"]"]},{"any":[{"id":"listitem","data":null,"relatedNodes":[],"impact":"serious","message":"List item has a <ul>, <ol> or role=\"list\" parent element"}],"all":[],"none":[],"impact":null,"html":"<li data-test=\"search-result-closingDate\">\n                Closing date: \n                <strong class=\"nhsuk-u-font-weight-bold\">\n                  25 June 2025\n                </strong>\n              </li>","target":[".nhsuk-list-panel.search-result.nhsuk-u-padding-3:nth-child(10) > .nhsuk-grid-row:nth-child(3) > .nhsuk-grid-column-one-half:nth-child(2) > .ad-job-info.nhsuk-list > li[data-test=\"search-result-closingDate\"]"]},{"any":[{"id":"listitem","data":null,"relatedNodes":[],"impact":"serious","message":"List item has a <ul>, <ol> or role=\"list\" parent element"}],"all":[],"none":[],"impact":null,"html":"<li class=\"nhsuk-pagination-item--previous\">\n      \n    </li>","target":[".nhsuk-pagination-item--previous"]},{"any":[{"id":"listitem","data":null,"relatedNodes":[],"impact":"serious","message":"List item has a <ul>, <ol> or role=\"list\" parent element"}],"all":[],"none":[],"impact":null,"html":"<li class=\"nhsuk-pagination-item--next\">","target":[".nhsuk-pagination-item--next"]},{"any":[{"id":"listitem","data":null,"relatedNodes":[],"impact":"serious","message":"List item has a <ul>, <ol> or role=\"list\" parent element"}],"all":[],"none":[],"impact":null,"html":"<li class=\"nhsuk-footer__list-item\">\n          <a class=\"nhsuk-footer__list-item-link\" target=\"_blank\" id=\"privacy\" href=\"/candidate/privacy-policy\">Privacy policy</a>\n        </li>","target":[".nhsuk-footer__list-item:nth-child(1)"]},{"any":[{"id":"listitem","data":null,"relatedNodes":[],"impact":"serious","message":"List item has a <ul>, <ol> or role=\"list\" parent element"}],"all":[],"none":[],"impact":null,"html":"<li class=\"nhsuk-footer__list-item\">\n          <a class=\"nhsuk-footer__list-item-link\" target=\"_blank\" id=\"acceptableUse\" href=\"/candidate/acceptable-use\">Terms and conditions</a>\n        </li>","target":[".nhsuk-footer__list-item:nth-child(2)"]},{"any":[{"id":"listitem","data":null,"relatedNodes":[],"impact":"serious","message":"List item has a <ul>, <ol> or role=\"list\" parent element"}],"all":[],"none":[],"impact":null,"html":"<li class=\"nhsuk-footer__list-item\">\n          <a class=\"nhsuk-footer__list-item-link\" target=\"_blank\" id=\"accessibility\" href=\"https://www.nhsbsa.nhs.uk/our-policies/accessibility/accessibility-statement-nhs-jobs-applicants\">Accessibility Statement</a>\n        </li>","target":[".nhsuk-footer__list-item:nth-child(3)"]},{"any":[{"id":"listitem","data":null,"relatedNodes":[],"impact":"serious","message":"List item has a <ul>, <ol> or role=\"list\" parent element"}],"all":[],"none":[],"impact":null,"html":"<li class=\"nhsuk-footer__list-item\">\n          <a class=\"nhsuk-footer__list-item-link\" target=\"_blank\" id=\"cookies\" href=\"/candidate/cookies\">Cookies</a>\n        </li>","target":[".nhsuk-footer__list-item:nth-child(4)"]},{"any":[{"id":"listitem","data":null,"relatedNodes":[],"impact":"serious","message":"List item has a <ul>, <ol> or role=\"list\" parent element"}],"all":[],"none":[],"impact":null,"html":"<li class=\"nhsuk-footer__list-item\">\n          <a class=\"nhsuk-footer__list-item-link\" target=\"_blank\" id=\"helpText\" href=\"https://www.nhsbsa.nhs.uk/new-nhs-jobs-service/help-and-support-applicants\">How to apply for jobs</a>\n        </li>","target":[".nhsuk-footer__list-item:nth-child(5)"]}]},{"id":"meta-viewport-large","impact":null,"tags":["cat.sensory-and-visual-cues","best-practice"],"description":"Ensures <meta name=\"viewport\"> can scale a significant amount","help":"Users should be able to zoom and scale the text up to 500%","helpUrl":"https://dequeuniversity.com/rules/axe/4.7/meta-viewport-large?application=axeAPI","nodes":[{"any":[{"id":"meta-viewport-large","data":null,"relatedNodes":[],"impact":"minor","message":"<meta> tag does not prevent significant zooming on mobile devices"}],"all":[],"none":[],"impact":null,"html":"<meta name=\"viewport\" content=\"width=device-width, initial-scale=1, shrink-to-fit=no\">","target":["meta[name=\"viewport\"]"]}]},{"id":"meta-viewport","impact":null,"tags":["cat.sensory-and-visual-cues","wcag2aa","wcag144","ACT"],"description":"Ensures <meta name=\"viewport\"> does not disable text scaling and zooming","help":"Zooming and scaling must not be disabled","helpUrl":"https://dequeuniversity.com/rules/axe/4.7/meta-viewport?application=axeAPI","nodes":[{"any":[{"id":"meta-viewport","data":null,"relatedNodes":[],"impact":"critical","message":"<meta> tag does not disable zooming on mobile devices"}],"all":[],"none":[],"impact":null,"html":"<meta name=\"viewport\" content=\"width=device-width, initial-scale=1, shrink-to-fit=no\">","target":["meta[name=\"viewport\"]"]}]},{"id":"nested-interactive","impact":null,"tags":["cat.keyboard","wcag2a","wcag412","TTv5","TT6.a"],"description":"Ensures interactive controls are not nested as they are not always announced by screen readers or can cause focus problems for assistive technologies","help":"Interactive controls must not be nested","helpUrl":"https://dequeuniversity.com/rules/axe/4.7/nested-interactive?application=axeAPI","nodes":[{"any":[{"id":"no-focusable-content","data":null,"relatedNodes":[],"impact":"serious","message":"Element does not have focusable descendants"}],"all":[],"none":[],"impact":null,"html":"<button class=\"nhsuk-button  nhsuk-u-padding-top-2 nhsuk-u-padding-bottom-2\" type=\"submit\" id=\"search\" data-test=\"search-button\">Search</button>","target":["#search"]},{"any":[{"id":"no-focusable-content","data":null,"relatedNodes":[],"impact":"serious","message":"Element does not have focusable descendants"}],"all":[],"none":[],"impact":null,"html":"<summary class=\"nhsuk-details__summary\" role=\"button\" aria-controls=\"distance-details\" aria-expanded=\"false\" data-test=\"distance\">\n                <span class=\"nhsuk-details__summary-text\">\n                    Distance\n                </span>\n            </summary>","target":["summary[aria-controls=\"distance-details\"]"]},{"any":[{"id":"no-focusable-content","data":null,"relatedNodes":[],"impact":"serious","message":"Element does not have focusable descendants"}],"all":[],"none":[],"impact":null,"html":"<option selected=\"\" value=\"5\">+5 Miles</option>","target":["option[value=\"5\"]"]},{"any":[{"id":"no-focusable-content","data":null,"relatedNodes":[],"impact":"serious","message":"Element does not have focusable descendants"}],"all":[],"none":[],"impact":null,"html":"<option value=\"10\">+10 Miles</option>","target":["option[value=\"10\"]"]},{"any":[{"id":"no-focusable-content","data":null,"relatedNodes":[],"impact":"serious","message":"Element does not have focusable descendants"}],"all":[],"none":[],"impact":null,"html":"<option value=\"20\">+20 Miles</option>","target":["option[value=\"20\"]"]},{"any":[{"id":"no-focusable-content","data":null,"relatedNodes":[],"impact":"serious","message":"Element does not have focusable descendants"}],"all":[],"none":[],"impact":null,"html":"<option value=\"30\">+30 Miles</option>","target":["option[value=\"30\"]"]},{"any":[{"id":"no-focusable-content","data":null,"relatedNodes":[],"impact":"serious","message":"Element does not have focusable descendants"}],"all":[],"none":[],"impact":null,"html":"<option value=\"50\">+50 Miles</option>","target":["option[value=\"50\"]"]},{"any":[{"id":"no-focusable-content","data":null,"relatedNodes":[],"impact":"serious","message":"Element does not have focusable descendants"}],"all":[],"none":[],"impact":null,"html":"<option value=\"100\">+100 Miles</option>","target":["option[value=\"100\"]"]},{"any":[{"id":"no-focusable-content","data":null,"relatedNodes":[],"impact":"serious","message":"Element does not have focusable descendants"}],"all":[],"none":[],"impact":null,"html":"<option disabled=\"\" value=\"\">All locations</option>","target":["option:nth-child(7)"]},{"any":[{"id":"no-focusable-content","data":null,"relatedNodes":[],"impact":"serious","message":"Element does not have focusable descendants"}],"all":[],"none":[],"impact":null,"html":"<summary class=\"nhsuk-details__summary\" role=\"button\" aria-controls=\"covid-jobs-only\" aria-expanded=\"false\" data-test=\"filter-covid-only\">\n                <span class=\"nhsuk-details__summary-text\">\n                    COVID-19\n                </span>\n            </summary>","target":["summary[aria-controls=\"covid-jobs-only\"]"]},{"any":[{"id":"no-focusable-content","data":null,"relatedNodes":[],"impact":"serious","message":"Element does not have focusable descendants"}],"all":[],"none":[],"impact":null,"html":"<summary id=\"working-patterns-expander\" class=\"nhsuk-details__summary \" role=\"button\" aria-controls=\"working-pattern-details\" aria-expanded=\"false\" data-test=\"filter-working-pattern\">","target":["#working-patterns-expander"]},{"any":[{"id":"no-focusable-content","data":null,"relatedNodes":[],"impact":"serious","message":"Element does not have focusable descendants"}],"all":[],"none":[],"impact":null,"html":"<summary class=\"nhsuk-details__summary\" role=\"button\" aria-controls=\"contract-type-details\" aria-expanded=\"false\" data-test=\"filter-contract-type\">\n                <span class=\"nhsuk-details__summary-text\">Contract type</span>\n            </summary>","target":["summary[aria-controls=\"contract-type-details\"]"]},{"any":[{"id":"no-focusable-content","data":null,"relatedNodes":[],"impact":"serious","message":"Element does not have focusable descendants"}],"all":[],"none":[],"impact":null,"html":"<summary class=\"nhsuk-details__summary\" role=\"button\" aria-controls=\"staff-group-details\" aria-expanded=\"false\" data-test=\"filter-staff-group\">\n                <span class=\"nhsuk-details__summary-text\">\n                    Staff group\n                </span>\n            </summary>","target":["summary[aria-controls=\"staff-group-details\"]"]},{"any":[{"id":"no-focusable-content","data":null,"relatedNodes":[],"impact":"serious","message":"Element does not have focusable descendants"}],"all":[],"none":[],"impact":null,"html":"<summary class=\"nhsuk-details__summary\" role=\"button\" aria-controls=\"pay-range-details\" aria-expanded=\"false\" data-test=\"filter-pay-range\">\n                <span class=\"nhsuk-details__summary-text\">\n                    Pay range\n                </span>\n            </summary>","target":["summary[aria-controls=\"pay-range-details\"]"]},{"any":[{"id":"no-focusable-content","data":null,"relatedNodes":[],"impact":"serious","message":"Element does not have focusable descendants"}],"all":[],"none":[],"impact":null,"html":"<summary class=\"nhsuk-details__summary\" role=\"button\" aria-controls=\"pay-band-details\" aria-expanded=\"false\" data-test=\"filter-pay-band\">","target":["summary[aria-controls=\"pay-band-details\"]"]},{"any":[{"id":"no-focusable-content","data":null,"relatedNodes":[],"impact":"serious","message":"Element does not have focusable descendants"}],"all":[],"none":[],"impact":null,"html":"<input class=\"nhsuk-button nhsuk-button--primary\" type=\"submit\" id=\"refine-search\" value=\"Apply filters\" data-test=\"refine-search-button\">","target":["#refine-search"]},{"any":[{"id":"no-focusable-content","data":null,"relatedNodes":[],"impact":"serious","message":"Element does not have focusable descendants"}],"all":[],"none":[],"impact":null,"html":"<option selected=\"\" value=\"\">Best Match</option>","target":["#sort > option:nth-child(1)"]},{"any":[{"id":"no-focusable-content","data":null,"relatedNodes":[],"impact":"serious","message":"Element does not have focusable descendants"}],"all":[],"none":[],"impact":null,"html":"<option value=\"closingDate\">Closing Date</option>","target":["option[value=\"closingDate\"]"]},{"any":[{"id":"no-focusable-content","data":null,"relatedNodes":[],"impact":"serious","message":"Element does not have focusable descendants"}],"all":[],"none":[],"impact":null,"html":"<option value=\"publicationDateDesc\">Date Posted (newest)</option>","target":["option[value=\"publicationDateDesc\"]"]},{"any":[{"id":"no-focusable-content","data":null,"relatedNodes":[],"impact":"serious","message":"Element does not have focusable descendants"}],"all":[],"none":[],"impact":null,"html":"<option value=\"salaryAsc\">Salary lowest to highest</option>","target":["option[value=\"salaryAsc\"]"]},{"any":[{"id":"no-focusable-content","data":null,"relatedNodes":[],"impact":"serious","message":"Element does not have focusable descendants"}],"all":[],"none":[],"impact":null,"html":"<option value=\"salaryDesc\">Salary highest to lowest</option>","target":["option[value=\"salaryDesc\"]"]},{"any":[{"id":"no-focusable-content","data":null,"relatedNodes":[],"impact":"serious","message":"Element does not have focusable descendants"}],"all":[],"none":[],"impact":null,"html":"<option value=\"distance\">Distance</option>","target":["option[value=\"distance\"]"]}]},{"id":"page-has-heading-one","impact":null,"tags":["cat.semantics","best-practice"],"description":"Ensure that the page, or at least one of its frames contains a level-one heading","help":"Page should contain a level-one heading","helpUrl":"https://dequeuniversity.com/rules/axe/4.7/page-has-heading-one?application=axeAPI","nodes":[{"any":[],"all":[{"id":"page-has-heading-one","data":null,"relatedNodes":[{"html":"<h1 data-test=\"search-result-query\" id=\"search-results-heading\" class=\"nhsuk-heading-xl nhsuk-u-padding-left-4 nhsuk-u-margin-bottom-4\" aria-label=\"29 jobs found for Doctor within 5 miles of Sheffield. Sorted by: Best Match\">","target":["#search-results-heading"]}],"impact":"moderate","message":"Page has at least one level-one heading"}],"none":[],"impact":null,"html":"<html lang=\"en\" style=\"\">","target":["html"]}]},{"id":"region","impact":null,"tags":["cat.keyboard","best-practice"],"description":"Ensures all page content is contained by landmarks","help":"All page content should be contained by landmarks","helpUrl":"https://dequeuniversity.com/rules/axe/4.7/region?application=axeAPI","nodes":[{"any":[{"id":"region","data":{"isIframe":false},"relatedNodes":[],"impact":"moderate","message":"All page content is contained by landmarks"}],"all":[],"none":[],"impact":null,"html":"<a class=\"nhsuk-skip-link\" href=\"#search-results-heading\" aria-label=\"29 jobs found for Doctor within 5 miles of Sheffield. Sorted by: Best Match . Skip to search filters\" id=\"skip_to_search_filters\">Skip to search filters</a>","target":["#skip_to_search_filters"]},{"any":[{"id":"region","data":{"isIframe":false},"relatedNodes":[],"impact":"moderate","message":"All page content is contained by landmarks"}],"all":[],"none":[],"impact":null,"html":"<a class=\"nhsuk-skip-link\" href=\"#first-result-title\" id=\"skipToSearchResults\" aria-label=\"Skip to search results\">Skip to search results</a>","target":["#skipToSearchResults"]},{"any":[{"id":"region","data":{"isIframe":false},"relatedNodes":[],"impact":"moderate","message":"All page content is contained by landmarks"}],"all":[],"none":[],"impact":null,"html":"<div id=\"heading-body\">","target":["#main-body > div:nth-child(3)"]},{"any":[{"id":"region","data":{"isIframe":false},"relatedNodes":[],"impact":"moderate","message":"All page content is contained by landmarks"}],"all":[],"none":[],"impact":null,"html":"<header class=\"nhsuk-header\" role=\"banner\" id=\"heading-body\">","target":["header"]},{"any":[{"id":"region","data":{"isIframe":false},"relatedNodes":[],"impact":"moderate","message":"All page content is contained by landmarks"}],"all":[],"none":[],"impact":null,"html":"<div class=\"top-banner info\">","target":[".top-banner"]},{"any":[{"id":"region","data":{"isIframe":false},"relatedNodes":[],"impact":"moderate","message":"All page content is contained by landmarks"}],"all":[],"none":[],"impact":null,"html":"<div class=\"nhsuk-width-container\">","target":[".top-banner > .nhsuk-width-container"]},{"any":[{"id":"region","data":{"isIframe":false},"relatedNodes":[],"impact":"moderate","message":"All page content is contained by landmarks"}],"all":[],"none":[],"impact":null,"html":"<span id=\"accepted-cookies-message\">You’ve accepted analytics cookies. You can \n      <a href=\"/candidate/cookies\" id=\"change-cookies-settings\" aria-label=\"Go to the cookie information page\">change your cookie settings</a> at any time.</span>","target":["#accepted-cookies-message"]},{"any":[{"id":"region","data":{"isIframe":false},"relatedNodes":[],"impact":"moderate","message":"All page content is contained by landmarks"}],"all":[],"none":[],"impact":null,"html":"<a href=\"/candidate/cookies\" id=\"change-cookies-settings\" aria-label=\"Go to the cookie information page\">change your cookie settings</a>","target":["#change-cookies-settings"]},{"any":[{"id":"region","data":{"isIframe":false},"relatedNodes":[],"impact":"moderate","message":"All page content is contained by landmarks"}],"all":[],"none":[],"impact":null,"html":"<a href=\"/candidate/dismiss-cookie-messages\" id=\"dismiss-cookie-messages\" aria-label=\"Dismiss information about cookie preferences\" style=\"float: right\">Hide</a>","target":["#dismiss-cookie-messages"]},{"any":[{"id":"region","data":{"isIframe":false},"relatedNodes":[],"impact":"moderate","message":"All page content is contained by landmarks"}],"all":[],"none":[],"impact":null,"html":"<div class=\"nhsuk-width-container nhsuk-header__container\">","target":[".nhsuk-header__container"]},{"any":[{"id":"region","data":{"isIframe":false},"relatedNodes":[],"impact":"moderate","message":"All page content is contained by landmarks"}],"all":[],"none":[],"impact":null,"html":"<div class=\"nhsuk-header__logo\">","target":[".nhsuk-header__logo"]},{"any":[{"id":"region","data":{"isIframe":false},"relatedNodes":[],"impact":"moderate","message":"All page content is contained by landmarks"}],"all":[],"none":[],"impact":null,"html":"<a class=\"nhsuk-header__link nhsuk-header__link--service nhsuk-header__link--service-short-name\" href=\"/candidate\" aria-label=\"NHS jobs homepage\">","target":[".nhsuk-header__link"]},{"any":[{"id":"region","data":{"isIframe":false},"relatedNodes":[],"impact":"moderate","message":"All page content is contained by landmarks"}],"all":[],"none":[],"impact":null,"html":"<svg class=\"nhsuk-logo\" xmlns=\"http://www.w3.org/2000/svg\" viewBox=\"0 0 40 16\" height=\"40\" width=\"100\">","target":[".nhsuk-logo"]},{"any":[{"id":"region","data":{"isIframe":false},"relatedNodes":[],"impact":"moderate","message":"All page content is contained by landmarks"}],"all":[],"none":[],"impact":null,"html":"<path class=\"nhsuk-logo__background\" fill=\"#005eb8\" d=\"M0 0h40v16H0z\"></path>","target":[".nhsuk-logo__background"]},{"any":[{"id":"region","data":{"isIframe":false},"relatedNodes":[],"impact":"moderate","message":"All page content is contained by landmarks"}],"all":[],"none":[],"impact":null,"html":"<path class=\"nhsuk-logo__text\" fill=\"#fff\" d=\"M3.9 1.5h4.4l2.6 9h.1l1.8-9h3.3l-2.8 13H9l-2.7-9h-.1l-1.8 9H1.1M17.3 1.5h3.6l-1 4.9h4L25 1.5h3.5l-2.7 13h-3.5l1.1-5.6h-4.1l-1.2 5.6h-3.4M37.7 4.4c-.7-.3-1.6-.6-2.9-.6-1.4 0-2.5.2-2.5 1.3 0 1.8 5.1 1.2 5.1 5.1 0 3.6-3.3 4.5-6.4 4.5-1.3 0-2.9-.3-4-.7l.8-2.7c.7.4 2.1.7 3.2.7s2.8-.2 2.8-1.5c0-2.1-5.1-1.3-5.1-5 0-3.4 2.9-4.4 5.8-4.4 1.6 0 3.1.2 4 .6\">","target":[".nhsuk-logo__text"]},{"any":[{"id":"region","data":{"isIframe":false},"relatedNodes":[],"impact":"moderate","message":"All page content is contained by landmarks"}],"all":[],"none":[],"impact":null,"html":"<div class=\"nhsuk-header__service-name\">Jobs</div>","target":[".nhsuk-header__service-name"]},{"any":[{"id":"region","data":{"isIframe":false},"relatedNodes":[],"impact":"moderate","message":"All page content is contained by landmarks"}],"all":[],"none":[],"impact":null,"html":"<div class=\"nhsuk-header__content\" id=\"content-header\">","target":["#content-header"]},{"any":[{"id":"region","data":{"isIframe":false},"relatedNodes":[],"impact":"moderate","message":"All page content is contained by landmarks"}],"all":[],"none":[],"impact":null,"html":"<nav class=\"gem-c-translation-nav hide-mobile nhsuk-u-margin-0 nhsuk-u-padding-left-7\" aria-label=\"Translations\">","target":[".gem-c-translation-nav"]},{"any":[{"id":"region","data":{"isIframe":false},"relatedNodes":[],"impact":"moderate","message":"All page content is contained by landmarks"}],"all":[],"none":[],"impact":null,"html":"<ul class=\"nhsuk-header__navigation-list-right\">","target":[".nhsuk-header__navigation-list-right:nth-child(1)"]},{"any":[{"id":"region","data":{"isIframe":false},"relatedNodes":[],"impact":"moderate","message":"All page content is contained by landmarks"}],"all":[],"none":[],"impact":null,"html":"<li class=\"gem-c-translation-nav__list-item\">\n      <a class=\"sign-in-link\" id=\"candidate_sign_in\" href=\"/candidate/auth/login\">\n        Sign in\n      </a>\n    </li>","target":[".nhsuk-header__navigation-list-right:nth-child(1) > .gem-c-translation-nav__list-item"]},{"any":[{"id":"region","data":{"isIframe":false},"relatedNodes":[],"impact":"moderate","message":"All page content is contained by landmarks"}],"all":[],"none":[],"impact":null,"html":"<a class=\"sign-in-link\" id=\"candidate_sign_in\" href=\"/candidate/auth/login\">\n        Sign in\n      </a>","target":["#candidate_sign_in"]},{"any":[{"id":"region","data":{"isIframe":false},"relatedNodes":[],"impact":"moderate","message":"All page content is contained by landmarks"}],"all":[],"none":[],"impact":null,"html":"<li class=\"gem-c-translation-nav__list-item-none-border\">\n      <a href=\"/candidate/auth/register/first-last-name\" class=\"sign-in-link\" data-test=\"header-create-account\">Create an account</a>\n    </li>","target":[".nhsuk-header__navigation-list-right:nth-child(1) > .gem-c-translation-nav__list-item-none-border"]},{"any":[{"id":"region","data":{"isIframe":false},"relatedNodes":[],"impact":"moderate","message":"All page content is contained by landmarks"}],"all":[],"none":[],"impact":null,"html":"<a href=\"/candidate/auth/register/first-last-name\" class=\"sign-in-link\" data-test=\"header-create-account\">Create an account</a>","target":[".sign-in-link[data-test=\"header-create-account\"]"]},{"any":[{"id":"region","data":{"isIframe":false},"relatedNodes":[],"impact":"moderate","message":"All page content is contained by landmarks"}],"all":[],"none":[],"impact":null,"html":"<ul class=\"nhsuk-header__navigation-list-right\">","target":[".nhsuk-header__navigation-list-right:nth-child(2)"]},{"any":[{"id":"region","data":{"isIframe":false},"relatedNodes":[],"impact":"moderate","message":"All page content is contained by landmarks"}],"all":[],"none":[],"impact":null,"html":"<li class=\"gem-c-translation-nav__list-item\">\n      <a lang=\"en\" href=\"/candidate/search/locale/en\" class=\"language-toggle-selected\" data-test=\"english-language-link\">English</a>\n    </li>","target":[".nhsuk-header__navigation-list-right:nth-child(2) > .gem-c-translation-nav__list-item"]},{"any":[{"id":"region","data":{"isIframe":false},"relatedNodes":[],"impact":"moderate","message":"All page content is contained by landmarks"}],"all":[],"none":[],"impact":null,"html":"<a lang=\"en\" href=\"/candidate/search/locale/en\" class=\"language-toggle-selected\" data-test=\"english-language-link\">English</a>","target":[".language-toggle-selected"]},{"any":[{"id":"region","data":{"isIframe":false},"relatedNodes":[],"impact":"moderate","message":"All page content is contained by landmarks"}],"all":[],"none":[],"impact":null,"html":"<li class=\"gem-c-translation-nav__list-item-none-border\">\n      <a lang=\"cy\" href=\"/candidate/search/locale/cy\" class=\"language-toggle\" data-test=\"welsh-language-link\">Cymraeg</a>\n    </li>","target":[".nhsuk-header__navigation-list-right:nth-child(2) > .gem-c-translation-nav__list-item-none-border"]},{"any":[{"id":"region","data":{"isIframe":false},"relatedNodes":[],"impact":"moderate","message":"All page content is contained by landmarks"}],"all":[],"none":[],"impact":null,"html":"<a lang=\"cy\" href=\"/candidate/search/locale/cy\" class=\"language-toggle\" data-test=\"welsh-language-link\">Cymraeg</a>","target":[".language-toggle"]},{"any":[{"id":"region","data":{"isIframe":false},"relatedNodes":[],"impact":"moderate","message":"All page content is contained by landmarks"}],"all":[],"none":[],"impact":null,"html":"<nav class=\"nhsuk-header__navigation\" id=\"header-navigation\" role=\"navigation\" aria-label=\"Primary navigation\" aria-labelledby=\"label-navigation\">","target":["#header-navigation"]},{"any":[{"id":"region","data":{"isIframe":false},"relatedNodes":[],"impact":"moderate","message":"All page content is contained by landmarks"}],"all":[],"none":[],"impact":null,"html":"<div class=\"nhsuk-width-container nhsuk-width-ipad-container\">","target":[".nhsuk-width-ipad-container"]},{"any":[{"id":"region","data":{"isIframe":false},"relatedNodes":[],"impact":"moderate","message":"All page content is contained by landmarks"}],"all":[],"none":[],"impact":null,"html":"<ul class=\"nhsuk-header__navigation-list\">","target":[".nhsuk-header__navigation-list"]},{"any":[{"id":"region","data":{"isIframe":false},"relatedNodes":[],"impact":"moderate","message":"All page content is contained by landmarks"}],"all":[],"none":[],"impact":null,"html":"<li class=\"nhsuk-header__navigation-item\">","target":[".nhsuk-header__navigation-item:nth-child(2)"]},{"any":[{"id":"region","data":{"isIframe":false},"relatedNodes":[],"impact":"moderate","message":"All page content is contained by landmarks"}],"all":[],"none":[],"impact":null,"html":"<a class=\"nhsuk-header__navigation-link\" href=\"/candidate/search\">","target":["a[href$=\"search\"]"]},{"any":[{"id":"region","data":{"isIframe":false},"relatedNodes":[],"impact":"moderate","message":"All page content is contained by landmarks"}],"all":[],"none":[],"impact":null,"html":"<div class=\"beta-banner\" aria-label=\"beta-banner\" role=\"complementary\">","target":[".beta-banner"]},{"any":[{"id":"region","data":{"isIframe":false},"relatedNodes":[],"impact":"moderate","message":"All page content is contained by landmarks"}],"all":[],"none":[],"impact":null,"html":"<div class=\"nhsuk-width-container \">","target":[".beta-banner > .nhsuk-width-container"]},{"any":[{"id":"region","data":{"isIframe":false},"relatedNodes":[],"impact":"moderate","message":"All page content is contained by landmarks"}],"all":[],"none":[],"impact":null,"html":"<strong class=\"status-box status-box-blue\">BETA</strong>","target":[".status-box"]},{"any":[{"id":"region","data":{"isIframe":false},"relatedNodes":[],"impact":"moderate","message":"All page content is contained by landmarks"}],"all":[],"none":[],"impact":null,"html":"<span>Your\n            <a href=\"mailto:nhsbsa.nhsjobs@nhsbsa.nhs.uk?subject=How could we improve NHS Jobs service?\">feedback</a>\n            will help us to improve this service.</span>","target":[".beta-banner > .nhsuk-width-container > span"]},{"any":[{"id":"region","data":{"isIframe":false},"relatedNodes":[],"impact":"moderate","message":"All page content is contained by landmarks"}],"all":[],"none":[],"impact":null,"html":"<a href=\"mailto:nhsbsa.nhsjobs@nhsbsa.nhs.uk?subject=How could we improve NHS Jobs service?\">feedback</a>","target":[".beta-banner > .nhsuk-width-container > span > a"]},{"any":[{"id":"region","data":{"isIframe":false},"relatedNodes":[],"impact":"moderate","message":"All page content is contained by landmarks"}],"all":[],"none":[],"impact":null,"html":"<section class=\"nhsuk-hero\" role=\"search\">","target":["section"]},{"any":[{"id":"region","data":{"isIframe":false},"relatedNodes":[],"impact":"moderate","message":"All page content is contained by landmarks"}],"all":[],"none":[],"impact":null,"html":"<div class=\"nhsuk-width-container nhsuk-hero--border  nhsuk-u-padding-top-3 searchRibbon\" id=\"searchFilterRibbon\">","target":["#searchFilterRibbon"]},{"any":[{"id":"region","data":{"isIframe":false},"relatedNodes":[],"impact":"moderate","message":"All page content is contained by landmarks"}],"all":[],"none":[],"impact":null,"html":"<div class=\"nhsuk-grid-row\" style=\"padding-left: 1em;\">","target":["#searchFilterRibbon > .nhsuk-grid-row"]},{"any":[{"id":"region","data":{"isIframe":false},"relatedNodes":[],"impact":"moderate","message":"All page content is contained by landmarks"}],"all":[],"none":[],"impact":null,"html":"<div class=\"nhsuk-grid-column-two-quarters\" style=\"padding-top: 30px;\">","target":[".nhsuk-grid-column-two-quarters"]},{"any":[{"id":"region","data":{"isIframe":false},"relatedNodes":[],"impact":"moderate","message":"All page content is contained by landmarks"}],"all":[],"none":[],"impact":null,"html":"<h1 data-test=\"search-result-query\" id=\"search-results-heading\" class=\"nhsuk-heading-xl nhsuk-u-padding-left-4 nhsuk-u-margin-bottom-4\" aria-label=\"29 jobs found for Doctor within 5 miles of Sheffield. Sorted by: Best Match\">","target":["#search-results-heading"]},{"any":[{"id":"region","data":{"isIframe":false},"relatedNodes":[],"impact":"moderate","message":"All page content is contained by landmarks"}],"all":[],"none":[],"impact":null,"html":"<form method=\"post\" id=\"search_form\">","target":["#search_form"]},{"any":[{"id":"region","data":{"isIframe":false},"relatedNodes":[],"impact":"moderate","message":"All page content is contained by landmarks"}],"all":[],"none":[],"impact":null,"html":"<fieldset class=\"nhsuk-fieldset\">","target":["fieldset:nth-child(4)"]},{"any":[{"id":"region","data":{"isIframe":false},"relatedNodes":[],"impact":"moderate","message":"All page content is contained by landmarks"}],"all":[],"none":[],"impact":null,"html":"<div class=\"nhsuk-grid-column-full\">\n            <legend class=\"js-hidden\" id=\"search-group-label\">Search for jobs in the NHS</legend>\n          </div>","target":["fieldset:nth-child(4) > .nhsuk-grid-column-full"]},{"any":[{"id":"region","data":{"isIframe":false},"relatedNodes":[],"impact":"moderate","message":"All page content is contained by landmarks"}],"all":[],"none":[],"impact":null,"html":"<div class=\"nhsuk-grid-column-one-half\">","target":["fieldset:nth-child(4) > .nhsuk-grid-column-one-half:nth-child(2)"]},{"any":[{"id":"region","data":{"isIframe":false},"relatedNodes":[],"impact":"moderate","message":"All page content is contained by landmarks"}],"all":[],"none":[],"impact":null,"html":"<div class=\"nhsuk-form-group nhsuk-hero\">","target":["fieldset:nth-child(4) > .nhsuk-grid-column-one-half:nth-child(2) > .nhsuk-hero.nhsuk-form-group"]},{"any":[{"id":"region","data":{"isIframe":false},"relatedNodes":[],"impact":"moderate","message":"All page content is contained by landmarks"}],"all":[],"none":[],"impact":null,"html":"<label class=\"nhsuk-label nhsuk-u-font-weight-bold white-text\" for=\"keyword\">What?</label>","target":["label[for=\"keyword\"]"]},{"any":[{"id":"region","data":{"isIframe":false},"relatedNodes":[],"impact":"moderate","message":"All page content is contained by landmarks"}],"all":[],"none":[],"impact":null,"html":"<div class=\"nhsuk-u-font-size-16 nhsuk-hint-white\">For example, job title or skills</div>","target":["fieldset:nth-child(4) > .nhsuk-grid-column-one-half:nth-child(2) > .nhsuk-hero.nhsuk-form-group > .nhsuk-u-font-size-16.nhsuk-hint-white"]},{"any":[{"id":"region","data":{"isIframe":false},"relatedNodes":[],"impact":"moderate","message":"All page content is contained by landmarks"}],"all":[],"none":[],"impact":null,"html":"<input name=\"keyword\" id=\"keyword\" value=\"Doctor\" class=\"nhsuk-input nhsuk-u--width-full\" type=\"search\" data-test=\"search-jobTitle-input\" aria-label=\"Search What? For example, job title or skills\">","target":["#keyword"]},{"any":[{"id":"region","data":{"isIframe":false},"relatedNodes":[],"impact":"moderate","message":"All page content is contained by landmarks"}],"all":[],"none":[],"impact":null,"html":"<div class=\"nhsuk-grid-column-one-half\">","target":["fieldset:nth-child(4) > .nhsuk-grid-column-one-half:nth-child(3)"]},{"any":[{"id":"region","data":{"isIframe":false},"relatedNodes":[],"impact":"moderate","message":"All page content is contained by landmarks"}],"all":[],"none":[],"impact":null,"html":"<div class=\"nhsuk-form-group nhsuk-hero\">","target":["fieldset:nth-child(4) > .nhsuk-grid-column-one-half:nth-child(3) > .nhsuk-hero.nhsuk-form-group"]},{"any":[{"id":"region","data":{"isIframe":false},"relatedNodes":[],"impact":"moderate","message":"All page content is contained by landmarks"}],"all":[],"none":[],"impact":null,"html":"<label class=\"nhsuk-label nhsuk-u-font-weight-bold white-text\" for=\"location\">Where?</label>","target":["label[for=\"location\"]"]},{"any":[{"id":"region","data":{"isIframe":false},"relatedNodes":[],"impact":"moderate","message":"All page content is contained by landmarks"}],"all":[],"none":[],"impact":null,"html":"<div class=\"nhsuk-u-font-size-16 nhsuk-hint-white\">For example, a postcode, town or city</div>","target":["fieldset:nth-child(4) > .nhsuk-grid-column-one-half:nth-child(3) > .nhsuk-hero.nhsuk-form-group > .nhsuk-u-font-size-16.nhsuk-hint-white"]},{"any":[{"id":"region","data":{"isIframe":false},"relatedNodes":[],"impact":"moderate","message":"All page content is contained by landmarks"}],"all":[],"none":[],"impact":null,"html":"<div id=\"autocomplete-container\">","target":["#autocomplete-container"]},{"any":[{"id":"region","data":{"isIframe":false},"relatedNodes":[],"impact":"moderate","message":"All page content is contained by landmarks"}],"all":[],"none":[],"impact":null,"html":"<div class=\"autocomplete__wrapper\">","target":[".autocomplete__wrapper"]},{"any":[{"id":"region","data":{"isIframe":false},"relatedNodes":[],"impact":"moderate","message":"All page content is contained by landmarks"}],"all":[],"none":[],"impact":null,"html":"<div class=\"autocomplete__status\" style=\"border: 0px; clip: rect(0px, 0px, 0px, 0px); height: 1px; margin-bottom: -1px; margin-right: -1px; overflow: hidden; padding: 0px; position: absolute; white-space: nowrap; width: 1px;\">","target":[".autocomplete__status"]},{"any":[{"id":"region","data":{"isIframe":false},"relatedNodes":[],"impact":"moderate","message":"All page content is contained by landmarks"}],"all":[],"none":[],"impact":null,"html":"<div id=\"location__status--A\" role=\"status\" aria-atomic=\"true\" aria-live=\"polite\"></div>","target":["#location__status--A"]},{"any":[{"id":"region","data":{"isIframe":false},"relatedNodes":[],"impact":"moderate","message":"All page content is contained by landmarks"}],"all":[],"none":[],"impact":null,"html":"<div id=\"location__status--B\" role=\"status\" aria-atomic=\"true\" aria-live=\"polite\"></div>","target":["#location__status--B"]},{"any":[{"id":"region","data":{"isIframe":false},"relatedNodes":[],"impact":"moderate","message":"All page content is contained by landmarks"}],"all":[],"none":[],"impact":null,"html":"<input aria-describedby=\"location__assistiveHint\" aria-expanded=\"false\" aria-controls=\"location__listbox\" aria-autocomplete=\"list\" autocomplete=\"off\" class=\"nhsuk-input nhsuk-u--width-full\" id=\"location\" name=\"location\" placeholder=\"\" type=\"search\" role=\"combobox\" data-test=\"search-location-input\" aria-label=\"Search Where? For example, a postcode, town or city, search text field\">","target":["#location"]},{"any":[{"id":"region","data":{"isIframe":false},"relatedNodes":[],"impact":"moderate","message":"All page content is contained by landmarks"}],"all":[],"none":[],"impact":null,"html":"<fieldset class=\"nhsuk-fieldset\">","target":["fieldset:nth-child(6)"]},{"any":[{"id":"region","data":{"isIframe":false},"relatedNodes":[],"impact":"moderate","message":"All page content is contained by landmarks"}],"all":[],"none":[],"impact":null,"html":"<div class=\"nhsuk-grid-column-full\">","target":["fieldset:nth-child(6) > .nhsuk-grid-column-full"]},{"any":[{"id":"region","data":{"isIframe":false},"relatedNodes":[],"impact":"moderate","message":"All page content is contained by landmarks"}],"all":[],"none":[],"impact":null,"html":"<div class=\"nhsuk-grid-column-one-half paddingLT0\">\n                <a href=\"javascript:void(0)\" id=\"searchOptionsBtn\" class=\"nhsuk-u-font-weight-bold white-text\">\n                  \n                  More search options\n                  \n                  </a>\n            </div>","target":[".paddingLT0"]},{"any":[{"id":"region","data":{"isIframe":false},"relatedNodes":[],"impact":"moderate","message":"All page content is contained by landmarks"}],"all":[],"none":[],"impact":null,"html":"<a href=\"javascript:void(0)\" id=\"searchOptionsBtn\" class=\"nhsuk-u-font-weight-bold white-text\">\n                  \n                  More search options\n                  \n                  </a>","target":["#searchOptionsBtn"]},{"any":[{"id":"region","data":{"isIframe":false},"relatedNodes":[],"impact":"moderate","message":"All page content is contained by landmarks"}],"all":[],"none":[],"impact":null,"html":"<div class=\"nhsuk-grid-column-one-half nhsuk-u-margin-bottom-1 paddingRT0 textAlignRT\">\n              <button class=\"nhsuk-button  nhsuk-u-padding-top-2 nhsuk-u-padding-bottom-2\" type=\"submit\" id=\"search\" data-test=\"search-button\">Search</button>\n            </div>","target":[".nhsuk-u-margin-bottom-1"]},{"any":[{"id":"region","data":{"isIframe":false},"relatedNodes":[],"impact":"moderate","message":"All page content is contained by landmarks"}],"all":[],"none":[],"impact":null,"html":"<button class=\"nhsuk-button  nhsuk-u-padding-top-2 nhsuk-u-padding-bottom-2\" type=\"submit\" id=\"search\" data-test=\"search-button\">Search</button>","target":["#search"]},{"any":[{"id":"region","data":{"isIframe":false},"relatedNodes":[],"impact":"moderate","message":"All page content is contained by landmarks"}],"all":[],"none":[],"impact":null,"html":"<div class=\"nhsuk-width-container \">","target":["#main-body > .nhsuk-width-container"]},{"any":[{"id":"region","data":{"isIframe":false},"relatedNodes":[],"impact":"moderate","message":"All page content is contained by landmarks"}],"all":[],"none":[],"impact":null,"html":"<main class=\"nhsuk-main-wrapper \" id=\"maincontent\" role=\"main\">","target":["#maincontent"]},{"any":[{"id":"region","data":{"isIframe":false},"relatedNodes":[],"impact":"moderate","message":"All page content is contained by landmarks"}],"all":[],"none":[],"impact":null,"html":"<div class=\"nhsuk-grid-row\">\n  <div class=\"nhsuk-grid-column-two-thirds\">\n    \n      <h2 class=\"nhsuk-heading-m  show-mobile show-tab\" id=\"refineFilterHideShow\">\n        <a data-test=\"refine-search\">Refine your search (1)</a>\n      </h2>\n  </div>\n</div>","target":["#maincontent > .nhsuk-grid-row:nth-child(1)"]},{"any":[{"id":"region","data":{"isIframe":false},"relatedNodes":[],"impact":"moderate","message":"All page content is contained by landmarks"}],"all":[],"none":[],"impact":null,"html":"<div class=\"nhsuk-grid-column-two-thirds\">\n    \n      <h2 class=\"nhsuk-heading-m  show-mobile show-tab\" id=\"refineFilterHideShow\">\n        <a data-test=\"refine-search\">Refine your search (1)</a>\n      </h2>\n  </div>","target":["#maincontent > .nhsuk-grid-row:nth-child(1) > .nhsuk-grid-column-two-thirds"]},{"any":[{"id":"region","data":{"isIframe":false},"relatedNodes":[],"impact":"moderate","message":"All page content is contained by landmarks"}],"all":[],"none":[],"impact":null,"html":"<div class=\"nhsuk-grid-row\">","target":[".nhsuk-grid-row:nth-child(2)"]},{"any":[{"id":"region","data":{"isIframe":false},"relatedNodes":[],"impact":"moderate","message":"All page content is contained by landmarks"}],"all":[],"none":[],"impact":null,"html":"<div class=\"nhsuk-grid-column-one-third no-top-padding-small-screen\">","target":[".no-top-padding-small-screen"]},{"any":[{"id":"region","data":{"isIframe":false},"relatedNodes":[],"impact":"moderate","message":"All page content is contained by landmarks"}],"all":[],"none":[],"impact":null,"html":"<div id=\"refineFilter\">","target":["#refineFilter"]},{"any":[{"id":"region","data":{"isIframe":false},"relatedNodes":[],"impact":"moderate","message":"All page content is contained by landmarks"}],"all":[],"none":[],"impact":null,"html":"<form method=\"post\">","target":["#refineFilter > form"]},{"any":[{"id":"region","data":{"isIframe":false},"relatedNodes":[],"impact":"moderate","message":"All page content is contained by landmarks"}],"all":[],"none":[],"impact":null,"html":"<fieldset class=\"nhsuk-fieldset\">","target":["#refineFilter > form > fieldset"]},{"any":[{"id":"region","data":{"isIframe":false},"relatedNodes":[],"impact":"moderate","message":"All page content is contained by landmarks"}],"all":[],"none":[],"impact":null,"html":"<legend class=\"nhsuk-heading-l hide-mobile hide-tab\">\n            <h2 class=\"nhsuk-heading-s\">Refine your search</h2>\n        </legend>","target":[".hide-tab"]},{"any":[{"id":"region","data":{"isIframe":false},"relatedNodes":[],"impact":"moderate","message":"All page content is contained by landmarks"}],"all":[],"none":[],"impact":null,"html":"<h2 class=\"nhsuk-heading-s\">Refine your search</h2>","target":[".nhsuk-heading-s"]},{"any":[{"id":"region","data":{"isIframe":false},"relatedNodes":[],"impact":"moderate","message":"All page content is contained by landmarks"}],"all":[],"none":[],"impact":null,"html":"<details class=\"nhsuk-details nhsuk-expander\" open=\"\">","target":["details[open=\"\"]"]},{"any":[{"id":"region","data":{"isIframe":false},"relatedNodes":[],"impact":"moderate","message":"All page content is contained by landmarks"}],"all":[],"none":[],"impact":null,"html":"<summary class=\"nhsuk-details__summary\" role=\"button\" aria-controls=\"distance-details\" aria-expanded=\"false\" data-test=\"distance\">\n                <span class=\"nhsuk-details__summary-text\">\n                    Distance\n                </span>\n            </summary>","target":["summary[aria-controls=\"distance-details\"]"]},{"any":[{"id":"region","data":{"isIframe":false},"relatedNodes":[],"impact":"moderate","message":"All page content is contained by landmarks"}],"all":[],"none":[],"impact":null,"html":"<span class=\"nhsuk-details__summary-text\">\n                    Distance\n                </span>","target":["summary[aria-controls=\"distance-details\"] > .nhsuk-details__summary-text"]},{"any":[{"id":"region","data":{"isIframe":false},"relatedNodes":[],"impact":"moderate","message":"All page content is contained by landmarks"}],"all":[],"none":[],"impact":null,"html":"<div class=\"nhsuk-details__text\" id=\"distance_wrapper\" aria-hidden=\"false\">","target":["#distance_wrapper"]},{"any":[{"id":"region","data":{"isIframe":false},"relatedNodes":[],"impact":"moderate","message":"All page content is contained by landmarks"}],"all":[],"none":[],"impact":null,"html":"<div class=\"nhsuk-form-group\">","target":["#distance_wrapper > .nhsuk-form-group"]},{"any":[{"id":"region","data":{"isIframe":false},"relatedNodes":[],"impact":"moderate","message":"All page content is contained by landmarks"}],"all":[],"none":[],"impact":null,"html":"<label class=\"nhsuk-u-visually-hidden\" for=\"distance\"> Distance </label>","target":["label[for=\"distance\"]"]},{"any":[{"id":"region","data":{"isIframe":false},"relatedNodes":[],"impact":"moderate","message":"All page content is contained by landmarks"}],"all":[],"none":[],"impact":null,"html":"<select class=\"nhsuk-select\" id=\"distance\" name=\"distance\" data-test=\"search-distance-input\">","target":["#distance"]},{"any":[{"id":"region","data":{"isIframe":false},"relatedNodes":[],"impact":"moderate","message":"All page content is contained by landmarks"}],"all":[],"none":[],"impact":null,"html":"<option selected=\"\" value=\"5\">+5 Miles</option>","target":["option[value=\"5\"]"]},{"any":[{"id":"region","data":{"isIframe":false},"relatedNodes":[],"impact":"moderate","message":"All page content is contained by landmarks"}],"all":[],"none":[],"impact":null,"html":"<option value=\"10\">+10 Miles</option>","target":["option[value=\"10\"]"]},{"any":[{"id":"region","data":{"isIframe":false},"relatedNodes":[],"impact":"moderate","message":"All page content is contained by landmarks"}],"all":[],"none":[],"impact":null,"html":"<option value=\"20\">+20 Miles</option>","target":["option[value=\"20\"]"]},{"any":[{"id":"region","data":{"isIframe":false},"relatedNodes":[],"impact":"moderate","message":"All page content is contained by landmarks"}],"all":[],"none":[],"impact":null,"html":"<option value=\"30\">+30 Miles</option>","target":["option[value=\"30\"]"]},{"any":[{"id":"region","data":{"isIframe":false},"relatedNodes":[],"impact":"moderate","message":"All page content is contained by landmarks"}],"all":[],"none":[],"impact":null,"html":"<option value=\"50\">+50 Miles</option>","target":["option[value=\"50\"]"]},{"any":[{"id":"region","data":{"isIframe":false},"relatedNodes":[],"impact":"moderate","message":"All page content is contained by landmarks"}],"all":[],"none":[],"impact":null,"html":"<option value=\"100\">+100 Miles</option>","target":["option[value=\"100\"]"]},{"any":[{"id":"region","data":{"isIframe":false},"relatedNodes":[],"impact":"moderate","message":"All page content is contained by landmarks"}],"all":[],"none":[],"impact":null,"html":"<option disabled=\"\" value=\"\">All locations</option>","target":["option:nth-child(7)"]},{"any":[{"id":"region","data":{"isIframe":false},"relatedNodes":[],"impact":"moderate","message":"All page content is contained by landmarks"}],"all":[],"none":[],"impact":null,"html":"<details class=\"nhsuk-details nhsuk-expander\">","target":["details:nth-child(14)"]},{"any":[{"id":"region","data":{"isIframe":false},"relatedNodes":[],"impact":"moderate","message":"All page content is contained by landmarks"}],"all":[],"none":[],"impact":null,"html":"<summary class=\"nhsuk-details__summary\" role=\"button\" aria-controls=\"covid-jobs-only\" aria-expanded=\"false\" data-test=\"filter-covid-only\">\n                <span class=\"nhsuk-details__summary-text\">\n                    COVID-19\n                </span>\n            </summary>","target":["summary[aria-controls=\"covid-jobs-only\"]"]},{"any":[{"id":"region","data":{"isIframe":false},"relatedNodes":[],"impact":"moderate","message":"All page content is contained by landmarks"}],"all":[],"none":[],"impact":null,"html":"<span class=\"nhsuk-details__summary-text\">\n                    COVID-19\n                </span>","target":["summary[aria-controls=\"covid-jobs-only\"] > .nhsuk-details__summary-text"]},{"any":[{"id":"region","data":{"isIframe":false},"relatedNodes":[],"impact":"moderate","message":"All page content is contained by landmarks"}],"all":[],"none":[],"impact":null,"html":"<details class=\"nhsuk-details nhsuk-expander\">","target":["details:nth-child(15)"]},{"any":[{"id":"region","data":{"isIframe":false},"relatedNodes":[],"impact":"moderate","message":"All page content is contained by landmarks"}],"all":[],"none":[],"impact":null,"html":"<summary id=\"working-patterns-expander\" class=\"nhsuk-details__summary \" role=\"button\" aria-controls=\"working-pattern-details\" aria-expanded=\"false\" data-test=\"filter-working-pattern\">","target":["#working-patterns-expander"]},{"any":[{"id":"region","data":{"isIframe":false},"relatedNodes":[],"impact":"moderate","message":"All page content is contained by landmarks"}],"all":[],"none":[],"impact":null,"html":"<span class=\"nhsuk-details__summary-text\">\n                    Working pattern\n                </span>","target":["#working-patterns-expander > .nhsuk-details__summary-text"]},{"any":[{"id":"region","data":{"isIframe":false},"relatedNodes":[],"impact":"moderate","message":"All page content is contained by landmarks"}],"all":[],"none":[],"impact":null,"html":"<details class=\"nhsuk-details nhsuk-expander\">","target":["details:nth-child(16)"]},{"any":[{"id":"region","data":{"isIframe":false},"relatedNodes":[],"impact":"moderate","message":"All page content is contained by landmarks"}],"all":[],"none":[],"impact":null,"html":"<summary class=\"nhsuk-details__summary\" role=\"button\" aria-controls=\"contract-type-details\" aria-expanded=\"false\" data-test=\"filter-contract-type\">\n                <span class=\"nhsuk-details__summary-text\">Contract type</span>\n            </summary>","target":["summary[aria-controls=\"contract-type-details\"]"]},{"any":[{"id":"region","data":{"isIframe":false},"relatedNodes":[],"impact":"moderate","message":"All page content is contained by landmarks"}],"all":[],"none":[],"impact":null,"html":"<span class=\"nhsuk-details__summary-text\">Contract type</span>","target":["summary[aria-controls=\"contract-type-details\"] > .nhsuk-details__summary-text"]},{"any":[{"id":"region","data":{"isIframe":false},"relatedNodes":[],"impact":"moderate","message":"All page content is contained by landmarks"}],"all":[],"none":[],"impact":null,"html":"<details class=\"nhsuk-details nhsuk-expander\">","target":["details:nth-child(17)"]},{"any":[{"id":"region","data":{"isIframe":false},"relatedNodes":[],"impact":"moderate","message":"All page content is contained by landmarks"}],"all":[],"none":[],"impact":null,"html":"<summary class=\"nhsuk-details__summary\" role=\"button\" aria-controls=\"staff-group-details\" aria-expanded=\"false\" data-test=\"filter-staff-group\">\n                <span class=\"nhsuk-details__summary-text\">\n                    Staff group\n                </span>\n            </summary>","target":["summary[aria-controls=\"staff-group-details\"]"]},{"any":[{"id":"region","data":{"isIframe":false},"relatedNodes":[],"impact":"moderate","message":"All page content is contained by landmarks"}],"all":[],"none":[],"impact":null,"html":"<span class=\"nhsuk-details__summary-text\">\n                    Staff group\n                </span>","target":["summary[aria-controls=\"staff-group-details\"] > .nhsuk-details__summary-text"]},{"any":[{"id":"region","data":{"isIframe":false},"relatedNodes":[],"impact":"moderate","message":"All page content is contained by landmarks"}],"all":[],"none":[],"impact":null,"html":"<details class=\"nhsuk-details nhsuk-expander\">","target":["details:nth-child(18)"]},{"any":[{"id":"region","data":{"isIframe":false},"relatedNodes":[],"impact":"moderate","message":"All page content is contained by landmarks"}],"all":[],"none":[],"impact":null,"html":"<summary class=\"nhsuk-details__summary\" role=\"button\" aria-controls=\"pay-range-details\" aria-expanded=\"false\" data-test=\"filter-pay-range\">\n                <span class=\"nhsuk-details__summary-text\">\n                    Pay range\n                </span>\n            </summary>","target":["summary[aria-controls=\"pay-range-details\"]"]},{"any":[{"id":"region","data":{"isIframe":false},"relatedNodes":[],"impact":"moderate","message":"All page content is contained by landmarks"}],"all":[],"none":[],"impact":null,"html":"<span class=\"nhsuk-details__summary-text\">\n                    Pay range\n                </span>","target":["summary[aria-controls=\"pay-range-details\"] > .nhsuk-details__summary-text"]},{"any":[{"id":"region","data":{"isIframe":false},"relatedNodes":[],"impact":"moderate","message":"All page content is contained by landmarks"}],"all":[],"none":[],"impact":null,"html":"<details class=\"nhsuk-details nhsuk-expander\">","target":["details:nth-child(19)"]},{"any":[{"id":"region","data":{"isIframe":false},"relatedNodes":[],"impact":"moderate","message":"All page content is contained by landmarks"}],"all":[],"none":[],"impact":null,"html":"<summary class=\"nhsuk-details__summary\" role=\"button\" aria-controls=\"pay-band-details\" aria-expanded=\"false\" data-test=\"filter-pay-band\">","target":["summary[aria-controls=\"pay-band-details\"]"]},{"any":[{"id":"region","data":{"isIframe":false},"relatedNodes":[],"impact":"moderate","message":"All page content is contained by landmarks"}],"all":[],"none":[],"impact":null,"html":"<span class=\"vsm-payband nhsuk-details__summary-text\">\n                    NHS pay grades and schemes\n                </span>","target":[".vsm-payband"]},{"any":[{"id":"region","data":{"isIframe":false},"relatedNodes":[],"impact":"moderate","message":"All page content is contained by landmarks"}],"all":[],"none":[],"impact":null,"html":"<input class=\"nhsuk-button nhsuk-button--primary\" type=\"submit\" id=\"refine-search\" value=\"Apply filters\" data-test=\"refine-search-button\">","target":["#refine-search"]},{"any":[{"id":"region","data":{"isIframe":false},"relatedNodes":[],"impact":"moderate","message":"All page content is contained by landmarks"}],"all":[],"none":[],"impact":null,"html":"<p>\n        <a href=\"/candidate/search/results?keyword=Doctor&amp;location=Sheffield\" data-test=\"filter-clear\">Clear filters\n        </a>\n    </p>","target":["form > p"]},{"any":[{"id":"region","data":{"isIframe":false},"relatedNodes":[],"impact":"moderate","message":"All page content is contained by landmarks"}],"all":[],"none":[],"impact":null,"html":"<a href=\"/candidate/search/results?keyword=Doctor&amp;location=Sheffield\" data-test=\"filter-clear\">Clear filters\n        </a>","target":["a[data-test=\"filter-clear\"]"]},{"any":[{"id":"region","data":{"isIframe":false},"relatedNodes":[],"impact":"moderate","message":"All page content is contained by landmarks"}],"all":[],"none":[],"impact":null,"html":"<div class=\"hide-mobile\">\n      \n        <h3 class=\"nhsuk-heading-m\">\n    <a href=\"/candidate/search/save/alerts\" data-test=\"save-search\">Save this search</a>\n</h3>\n<p class=\"nhsuk-body\">You’ll also be able to set up job alert emails for your saved search.</p>   \n      \n    </div>","target":[".no-top-padding-small-screen > .hide-mobile"]},{"any":[{"id":"region","data":{"isIframe":false},"relatedNodes":[],"impact":"moderate","message":"All page content is contained by landmarks"}],"all":[],"none":[],"impact":null,"html":"<h3 class=\"nhsuk-heading-m\">\n    <a href=\"/candidate/search/save/alerts\" data-test=\"save-search\">Save this search</a>\n</h3>","target":[".hide-mobile > h3"]},{"any":[{"id":"region","data":{"isIframe":false},"relatedNodes":[],"impact":"moderate","message":"All page content is contained by landmarks"}],"all":[],"none":[],"impact":null,"html":"<a href=\"/candidate/search/save/alerts\" data-test=\"save-search\">Save this search</a>","target":[".hide-mobile > h3 > a[data-test=\"save-search\"][href$=\"alerts\"]"]},{"any":[{"id":"region","data":{"isIframe":false},"relatedNodes":[],"impact":"moderate","message":"All page content is contained by landmarks"}],"all":[],"none":[],"impact":null,"html":"<p class=\"nhsuk-body\">You’ll also be able to set up job alert emails for your saved search.</p>","target":[".hide-mobile > .nhsuk-body"]},{"any":[{"id":"region","data":{"isIframe":false},"relatedNodes":[],"impact":"moderate","message":"All page content is contained by landmarks"}],"all":[],"none":[],"impact":null,"html":"<div class=\"nhsuk-grid-column-two-thirds \">","target":[".nhsuk-grid-row:nth-child(2) > .nhsuk-grid-column-two-thirds"]},{"any":[{"id":"region","data":{"isIframe":false},"relatedNodes":[],"impact":"moderate","message":"All page content is contained by landmarks"}],"all":[],"none":[],"impact":null,"html":"<form method=\"post\" name=\"sortform\">","target":["form[name=\"sortform\"]"]},{"any":[{"id":"region","data":{"isIframe":false},"relatedNodes":[],"impact":"moderate","message":"All page content is contained by landmarks"}],"all":[],"none":[],"impact":null,"html":"<div class=\"hide-label nhsuk-u-margin-bottom-3 search-sort-wrapper results-found\" style=\"display: flex; align-items: center;\">","target":[".hide-label"]},{"any":[{"id":"region","data":{"isIframe":false},"relatedNodes":[],"impact":"moderate","message":"All page content is contained by landmarks"}],"all":[],"none":[],"impact":null,"html":"<div class=\"nhsuk-form-group\">","target":[".hide-label > .nhsuk-form-group:nth-child(1)"]},{"any":[{"id":"region","data":{"isIframe":false},"relatedNodes":[],"impact":"moderate","message":"All page content is contained by landmarks"}],"all":[],"none":[],"impact":null,"html":"<label class=\"nhsuk-label nhsuk-inline-label\" for=\"sort\">Sort by</label>","target":[".nhsuk-inline-label"]},{"any":[{"id":"region","data":{"isIframe":false},"relatedNodes":[],"impact":"moderate","message":"All page content is contained by landmarks"}],"all":[],"none":[],"impact":null,"html":"<select class=\"nhsuk-select nhsuk-inline-select\" id=\"sort\" name=\"sort\" data-test=\"sort-input\" value=\"\" onchange=\"sortform.submit()\">","target":["#sort"]},{"any":[{"id":"region","data":{"isIframe":false},"relatedNodes":[],"impact":"moderate","message":"All page content is contained by landmarks"}],"all":[],"none":[],"impact":null,"html":"<option selected=\"\" value=\"\">Best Match</option>","target":["#sort > option:nth-child(1)"]},{"any":[{"id":"region","data":{"isIframe":false},"relatedNodes":[],"impact":"moderate","message":"All page content is contained by landmarks"}],"all":[],"none":[],"impact":null,"html":"<option value=\"closingDate\">Closing Date</option>","target":["option[value=\"closingDate\"]"]},{"any":[{"id":"region","data":{"isIframe":false},"relatedNodes":[],"impact":"moderate","message":"All page content is contained by landmarks"}],"all":[],"none":[],"impact":null,"html":"<option value=\"publicationDateDesc\">Date Posted (newest)</option>","target":["option[value=\"publicationDateDesc\"]"]},{"any":[{"id":"region","data":{"isIframe":false},"relatedNodes":[],"impact":"moderate","message":"All page content is contained by landmarks"}],"all":[],"none":[],"impact":null,"html":"<option value=\"salaryAsc\">Salary lowest to highest</option>","target":["option[value=\"salaryAsc\"]"]},{"any":[{"id":"region","data":{"isIframe":false},"relatedNodes":[],"impact":"moderate","message":"All page content is contained by landmarks"}],"all":[],"none":[],"impact":null,"html":"<option value=\"salaryDesc\">Salary highest to lowest</option>","target":["option[value=\"salaryDesc\"]"]},{"any":[{"id":"region","data":{"isIframe":false},"relatedNodes":[],"impact":"moderate","message":"All page content is contained by landmarks"}],"all":[],"none":[],"impact":null,"html":"<option value=\"distance\">Distance</option>","target":["option[value=\"distance\"]"]},{"any":[{"id":"region","data":{"isIframe":false},"relatedNodes":[],"impact":"moderate","message":"All page content is contained by landmarks"}],"all":[],"none":[],"impact":null,"html":"<div class=\"nhsuk-form-group nhsuk-grid-column-auto\" style=\"margin-left: auto;\">","target":[".nhsuk-grid-column-auto"]},{"any":[{"id":"region","data":{"isIframe":false},"relatedNodes":[],"impact":"moderate","message":"All page content is contained by landmarks"}],"all":[],"none":[],"impact":null,"html":"<a href=\"/candidate/search/save/alerts\" class=\"save-job-3\" id=\"create-job-alert\">","target":["#create-job-alert"]},{"any":[{"id":"region","data":{"isIframe":false},"relatedNodes":[],"impact":"moderate","message":"All page content is contained by landmarks"}],"all":[],"none":[],"impact":null,"html":"<span>Create job alert</span>","target":["#create-job-alert > span"]},{"any":[{"id":"region","data":{"isIframe":false},"relatedNodes":[],"impact":"moderate","message":"All page content is contained by landmarks"}],"all":[],"none":[],"impact":null,"html":"<ul class=\"nhsuk-list search-results\">","target":[".search-results"]},{"any":[{"id":"region","data":{"isIframe":false},"relatedNodes":[],"impact":"moderate","message":"All page content is contained by landmarks"}],"all":[],"none":[],"impact":null,"html":"<li class=\"nhsuk-list-panel search-result nhsuk-u-padding-3\" data-test=\"search-result\">","target":[".nhsuk-list-panel.search-result.nhsuk-u-padding-3:nth-child(1)"]},{"any":[{"id":"region","data":{"isIframe":false},"relatedNodes":[],"impact":"moderate","message":"All page content is contained by landmarks"}],"all":[],"none":[],"impact":null,"html":"<div class=\"nhsuk-grid-row\">","target":[".nhsuk-list-panel.search-result.nhsuk-u-padding-3:nth-child(1) > .nhsuk-grid-row:nth-child(1)"]},{"any":[{"id":"region","data":{"isIframe":false},"relatedNodes":[],"impact":"moderate","message":"All page content is contained by landmarks"}],"all":[],"none":[],"impact":null,"html":"<div class=\"nhsuk-grid-column-two-thirds\">","target":[".nhsuk-list-panel.search-result.nhsuk-u-padding-3:nth-child(1) > .nhsuk-grid-row:nth-child(1) > .nhsuk-grid-column-two-thirds"]},{"any":[{"id":"region","data":{"isIframe":false},"relatedNodes":[],"impact":"moderate","message":"All page content is contained by landmarks"}],"all":[],"none":[],"impact":null,"html":"<h2 class=\"nhsuk-heading-m nhsuk-u-margin-bottom-2\" id=\"job-title-1\">","target":["#job-title-1"]},{"any":[{"id":"region","data":{"isIframe":false},"relatedNodes":[],"impact":"moderate","message":"All page content is contained by landmarks"}],"all":[],"none":[],"impact":null,"html":"<a href=\"/candidate/jobadvert/E0123-25-0148?keyword=Doctor&amp;location=Sheffield&amp;distance=5&amp;language=en\" id=\"first-result-title\" data-test=\"search-result-job-title\">\n              ENT Doctor\n            </a>","target":["#first-result-title"]},{"any":[{"id":"region","data":{"isIframe":false},"relatedNodes":[],"impact":"moderate","message":"All page content is contained by landmarks"}],"all":[],"none":[],"impact":null,"html":"<div class=\"save-job nhsuk-u-margin-right-3\">","target":[".nhsuk-list-panel.search-result.nhsuk-u-padding-3:nth-child(1) > .nhsuk-grid-row:nth-child(1) > .save-job.nhsuk-u-margin-right-3"]},{"any":[{"id":"region","data":{"isIframe":false},"relatedNodes":[],"impact":"moderate","message":"All page content is contained by landmarks"}],"all":[],"none":[],"impact":null,"html":"<a href=\"/candidate/search/save-job/E0123-25-0148\" data-test=\"search-result-save-job\" aria-label=\"Save this job: ENT Doctor (Reference number: E0123-25-0148)\">\n              Save this job\n            </a>","target":[".nhsuk-list-panel.search-result.nhsuk-u-padding-3:nth-child(1) > .nhsuk-grid-row:nth-child(1) > .save-job.nhsuk-u-margin-right-3 > a[data-test=\"search-result-save-job\"]"]},{"any":[{"id":"region","data":{"isIframe":false},"relatedNodes":[],"impact":"moderate","message":"All page content is contained by landmarks"}],"all":[],"none":[],"impact":null,"html":"<div class=\"nhsuk-u-margin-bottom-4\" data-test=\"search-result-location\">\n        <h3 class=\"nhsuk-u-font-weight-bold\">\n          CHEC\n          <div class=\"location-font-size\">\n            \n              Sheffield S9 1XH\n            \n          </div>\n        </h3>\n      </div>","target":[".nhsuk-list-panel.search-result.nhsuk-u-padding-3:nth-child(1) > .nhsuk-u-margin-bottom-4[data-test=\"search-result-location\"]"]},{"any":[{"id":"region","data":{"isIframe":false},"relatedNodes":[],"impact":"moderate","message":"All page content is contained by landmarks"}],"all":[],"none":[],"impact":null,"html":"<h3 class=\"nhsuk-u-font-weight-bold\">\n          CHEC\n          <div class=\"location-font-size\">\n            \n              Sheffield S9 1XH\n            \n          </div>\n        </h3>","target":[".nhsuk-list-panel.search-result.nhsuk-u-padding-3:nth-child(1) > .nhsuk-u-margin-bottom-4[data-test=\"search-result-location\"] > h3"]},{"any":[{"id":"region","data":{"isIframe":false},"relatedNodes":[],"impact":"moderate","message":"All page content is contained by landmarks"}],"all":[],"none":[],"impact":null,"html":"<div class=\"location-font-size\">\n            \n              Sheffield S9 1XH\n            \n          </div>","target":[".nhsuk-list-panel.search-result.nhsuk-u-padding-3:nth-child(1) > .nhsuk-u-margin-bottom-4[data-test=\"search-result-location\"] > h3 > .location-font-size"]},{"any":[{"id":"region","data":{"isIframe":false},"relatedNodes":[],"impact":"moderate","message":"All page content is contained by landmarks"}],"all":[],"none":[],"impact":null,"html":"<div class=\"nhsuk-grid-row\">","target":[".nhsuk-list-panel.search-result.nhsuk-u-padding-3:nth-child(1) > .nhsuk-grid-row:nth-child(3)"]},{"any":[{"id":"region","data":{"isIframe":false},"relatedNodes":[],"impact":"moderate","message":"All page content is contained by landmarks"}],"all":[],"none":[],"impact":null,"html":"<div class=\"nhsuk-grid-column-one-half\">","target":[".nhsuk-list-panel.search-result.nhsuk-u-padding-3:nth-child(1) > .nhsuk-grid-row:nth-child(3) > .nhsuk-grid-column-one-half:nth-child(1)"]},{"any":[{"id":"region","data":{"isIframe":false},"relatedNodes":[],"impact":"moderate","message":"All page content is contained by landmarks"}],"all":[],"none":[],"impact":null,"html":"<ul class=\"ad-job-info nhsuk-list first-ad-job-info\">","target":[".nhsuk-list-panel.search-result.nhsuk-u-padding-3:nth-child(1) > .nhsuk-grid-row:nth-child(3) > .nhsuk-grid-column-one-half:nth-child(1) > .first-ad-job-info.ad-job-info.nhsuk-list"]},{"any":[{"id":"region","data":{"isIframe":false},"relatedNodes":[],"impact":"moderate","message":"All page content is contained by landmarks"}],"all":[],"none":[],"impact":null,"html":"<li data-test=\"search-result-salary\" class=\"marginBt\">\n                Salary: \n                <strong class=\"nhsuk-u-font-weight-bold\">\n                  £550\n                  \n                    a session\n                  \n                </strong>\n              </li>","target":[".nhsuk-list-panel.search-result.nhsuk-u-padding-3:nth-child(1) > .nhsuk-grid-row:nth-child(3) > .nhsuk-grid-column-one-half:nth-child(1) > .first-ad-job-info.ad-job-info.nhsuk-list > .marginBt[data-test=\"search-result-salary\"]"]},{"any":[{"id":"region","data":{"isIframe":false},"relatedNodes":[],"impact":"moderate","message":"All page content is contained by landmarks"}],"all":[],"none":[],"impact":null,"html":"<strong class=\"nhsuk-u-font-weight-bold\">\n                  £550\n                  \n                    a session\n                  \n                </strong>","target":[".nhsuk-list-panel.search-result.nhsuk-u-padding-3:nth-child(1) > .nhsuk-grid-row:nth-child(3) > .nhsuk-grid-column-one-half:nth-child(1) > .first-ad-job-info.ad-job-info.nhsuk-list > .marginBt[data-test=\"search-result-salary\"] > strong"]},{"any":[{"id":"region","data":{"isIframe":false},"relatedNodes":[],"impact":"moderate","message":"All page content is contained by landmarks"}],"all":[],"none":[],"impact":null,"html":"<li data-test=\"search-result-distance\" class=\"marginBt\">\n                Distance: \n                <strong class=\"nhsuk-u-font-weight-bold\">\n                  2.9 miles\n                </strong>\n              </li>","target":[".nhsuk-list-panel.search-result.nhsuk-u-padding-3:nth-child(1) > .nhsuk-grid-row:nth-child(3) > .nhsuk-grid-column-one-half:nth-child(1) > .first-ad-job-info.ad-job-info.nhsuk-list > .marginBt[data-test=\"search-result-distance\"]"]},{"any":[{"id":"region","data":{"isIframe":false},"relatedNodes":[],"impact":"moderate","message":"All page content is contained by landmarks"}],"all":[],"none":[],"impact":null,"html":"<strong class=\"nhsuk-u-font-weight-bold\">\n                  2.9 miles\n                </strong>","target":[".nhsuk-list-panel.search-result.nhsuk-u-padding-3:nth-child(1) > .nhsuk-grid-row:nth-child(3) > .nhsuk-grid-column-one-half:nth-child(1) > .first-ad-job-info.ad-job-info.nhsuk-list > .marginBt[data-test=\"search-result-distance\"] > strong"]},{"any":[{"id":"region","data":{"isIframe":false},"relatedNodes":[],"impact":"moderate","message":"All page content is contained by landmarks"}],"all":[],"none":[],"impact":null,"html":"<li data-test=\"search-result-publicationDate\">\n                Date posted: \n                <strong class=\"nhsuk-u-font-weight-bold\">\n                  30 April 2025\n                </strong>\n              </li>","target":[".nhsuk-list-panel.search-result.nhsuk-u-padding-3:nth-child(1) > .nhsuk-grid-row:nth-child(3) > .nhsuk-grid-column-one-half:nth-child(1) > .first-ad-job-info.ad-job-info.nhsuk-list > li[data-test=\"search-result-publicationDate\"]"]},{"any":[{"id":"region","data":{"isIframe":false},"relatedNodes":[],"impact":"moderate","message":"All page content is contained by landmarks"}],"all":[],"none":[],"impact":null,"html":"<strong class=\"nhsuk-u-font-weight-bold\">\n                  30 April 2025\n                </strong>","target":[".nhsuk-list-panel.search-result.nhsuk-u-padding-3:nth-child(1) > .nhsuk-grid-row:nth-child(3) > .nhsuk-grid-column-one-half:nth-child(1) > .first-ad-job-info.ad-job-info.nhsuk-list > li[data-test=\"search-result-publicationDate\"] > strong"]},{"any":[{"id":"region","data":{"isIframe":false},"relatedNodes":[],"impact":"moderate","message":"All page content is contained by landmarks"}],"all":[],"none":[],"impact":null,"html":"<div class=\"nhsuk-grid-column-one-half\">","target":[".nhsuk-list-panel.search-result.nhsuk-u-padding-3:nth-child(1) > .nhsuk-grid-row:nth-child(3) > .nhsuk-grid-column-one-half:nth-child(2)"]},{"any":[{"id":"region","data":{"isIframe":false},"relatedNodes":[],"impact":"moderate","message":"All page content is contained by landmarks"}],"all":[],"none":[],"impact":null,"html":"<ul class=\"ad-job-info nhsuk-list\">","target":[".nhsuk-list-panel.search-result.nhsuk-u-padding-3:nth-child(1) > .nhsuk-grid-row:nth-child(3) > .nhsuk-grid-column-one-half:nth-child(2) > .ad-job-info.nhsuk-list"]},{"any":[{"id":"region","data":{"isIframe":false},"relatedNodes":[],"impact":"moderate","message":"All page content is contained by landmarks"}],"all":[],"none":[],"impact":null,"html":"<li data-test=\"search-result-jobType\" class=\"marginBt\">\n              Contract type: \n              <strong class=\"nhsuk-u-font-weight-bold\">\n                Permanent\n              </strong>\n            </li>","target":[".nhsuk-list-panel.search-result.nhsuk-u-padding-3:nth-child(1) > .nhsuk-grid-row:nth-child(3) > .nhsuk-grid-column-one-half:nth-child(2) > .ad-job-info.nhsuk-list > .marginBt[data-test=\"search-result-jobType\"]"]},{"any":[{"id":"region","data":{"isIframe":false},"relatedNodes":[],"impact":"moderate","message":"All page content is contained by landmarks"}],"all":[],"none":[],"impact":null,"html":"<strong class=\"nhsuk-u-font-weight-bold\">\n                Permanent\n              </strong>","target":[".nhsuk-list-panel.search-result.nhsuk-u-padding-3:nth-child(1) > .nhsuk-grid-row:nth-child(3) > .nhsuk-grid-column-one-half:nth-child(2) > .ad-job-info.nhsuk-list > .marginBt[data-test=\"search-result-jobType\"] > strong"]},{"any":[{"id":"region","data":{"isIframe":false},"relatedNodes":[],"impact":"moderate","message":"All page content is contained by landmarks"}],"all":[],"none":[],"impact":null,"html":"<li data-test=\"search-result-workingPattern\" class=\"marginBt\">\n              Working pattern: \n              <strong class=\"nhsuk-u-font-weight-bold\">\n                Flexible working\n              </strong>\n            </li>","target":[".nhsuk-list-panel.search-result.nhsuk-u-padding-3:nth-child(1) > .nhsuk-grid-row:nth-child(3) > .nhsuk-grid-column-one-half:nth-child(2) > .ad-job-info.nhsuk-list > .marginBt[data-test=\"search-result-workingPattern\"]"]},{"any":[{"id":"region","data":{"isIframe":false},"relatedNodes":[],"impact":"moderate","message":"All page content is contained by landmarks"}],"all":[],"none":[],"impact":null,"html":"<strong class=\"nhsuk-u-font-weight-bold\">\n                Flexible working\n              </strong>","target":[".nhsuk-list-panel.search-result.nhsuk-u-padding-3:nth-child(1) > .nhsuk-grid-row:nth-child(3) > .nhsuk-grid-column-one-half:nth-child(2) > .ad-job-info.nhsuk-list > .marginBt[data-test=\"search-result-workingPattern\"] > strong"]},{"any":[{"id":"region","data":{"isIframe":false},"relatedNodes":[],"impact":"moderate","message":"All page content is contained by landmarks"}],"all":[],"none":[],"impact":null,"html":"<li data-test=\"search-result-closingDate\">\n                Closing date: \n                <strong class=\"nhsuk-u-font-weight-bold\">\n                  30 June 2025\n                </strong>\n              </li>","target":[".nhsuk-list-panel.search-result.nhsuk-u-padding-3:nth-child(1) > .nhsuk-grid-row:nth-child(3) > .nhsuk-grid-column-one-half:nth-child(2) > .ad-job-info.nhsuk-list > li[data-test=\"search-result-closingDate\"]"]},{"any":[{"id":"region","data":{"isIframe":false},"relatedNodes":[],"impact":"moderate","message":"All page content is contained by landmarks"}],"all":[],"none":[],"impact":null,"html":"<strong class=\"nhsuk-u-font-weight-bold\">\n                  30 June 2025\n                </strong>","target":[".nhsuk-list-panel.search-result.nhsuk-u-padding-3:nth-child(1) > .nhsuk-grid-row:nth-child(3) > .nhsuk-grid-column-one-half:nth-child(2) > .ad-job-info.nhsuk-list > li[data-test=\"search-result-closingDate\"] > strong"]},{"any":[{"id":"region","data":{"isIframe":false},"relatedNodes":[],"impact":"moderate","message":"All page content is contained by landmarks"}],"all":[],"none":[],"impact":null,"html":"<li class=\"nhsuk-list-panel search-result nhsuk-u-padding-3\" data-test=\"search-result\">","target":[".nhsuk-list-panel.search-result.nhsuk-u-padding-3:nth-child(2)"]},{"any":[{"id":"region","data":{"isIframe":false},"relatedNodes":[],"impact":"moderate","message":"All page content is contained by landmarks"}],"all":[],"none":[],"impact":null,"html":"<div class=\"nhsuk-grid-row\">","target":[".nhsuk-list-panel.search-result.nhsuk-u-padding-3:nth-child(2) > .nhsuk-grid-row:nth-child(1)"]},{"any":[{"id":"region","data":{"isIframe":false},"relatedNodes":[],"impact":"moderate","message":"All page content is contained by landmarks"}],"all":[],"none":[],"impact":null,"html":"<div class=\"nhsuk-grid-column-two-thirds\">","target":[".nhsuk-list-panel.search-result.nhsuk-u-padding-3:nth-child(2) > .nhsuk-grid-row:nth-child(1) > .nhsuk-grid-column-two-thirds"]},{"any":[{"id":"region","data":{"isIframe":false},"relatedNodes":[],"impact":"moderate","message":"All page content is contained by landmarks"}],"all":[],"none":[],"impact":null,"html":"<h2 class=\"nhsuk-heading-m nhsuk-u-margin-bottom-2\" id=\"job-title-2\">","target":["#job-title-2"]},{"any":[{"id":"region","data":{"isIframe":false},"relatedNodes":[],"impact":"moderate","message":"All page content is contained by landmarks"}],"all":[],"none":[],"impact":null,"html":"<a href=\"/candidate/jobadvert/E0123-25-0149?keyword=Doctor&amp;location=Sheffield&amp;distance=5&amp;language=en\" data-test=\"search-result-job-title\">\n              Dermatology Doctor\n            </a>","target":["#job-title-2 > a[data-test=\"search-result-job-title\"]"]},{"any":[{"id":"region","data":{"isIframe":false},"relatedNodes":[],"impact":"moderate","message":"All page content is contained by landmarks"}],"all":[],"none":[],"impact":null,"html":"<div class=\"save-job nhsuk-u-margin-right-3\">","target":[".nhsuk-list-panel.search-result.nhsuk-u-padding-3:nth-child(2) > .nhsuk-grid-row:nth-child(1) > .save-job.nhsuk-u-margin-right-3"]},{"any":[{"id":"region","data":{"isIframe":false},"relatedNodes":[],"impact":"moderate","message":"All page content is contained by landmarks"}],"all":[],"none":[],"impact":null,"html":"<a href=\"/candidate/search/save-job/E0123-25-0149\" data-test=\"search-result-save-job\" aria-label=\"Save this job: Dermatology Doctor (Reference number: E0123-25-0149)\">\n              Save this job\n            </a>","target":[".nhsuk-list-panel.search-result.nhsuk-u-padding-3:nth-child(2) > .nhsuk-grid-row:nth-child(1) > .save-job.nhsuk-u-margin-right-3 > a[data-test=\"search-result-save-job\"]"]},{"any":[{"id":"region","data":{"isIframe":false},"relatedNodes":[],"impact":"moderate","message":"All page content is contained by landmarks"}],"all":[],"none":[],"impact":null,"html":"<div class=\"nhsuk-u-margin-bottom-4\" data-test=\"search-result-location\">\n        <h3 class=\"nhsuk-u-font-weight-bold\">\n          CHEC\n          <div class=\"location-font-size\">\n            \n              Sheffield S9 1XH\n            \n          </div>\n        </h3>\n      </div>","target":[".nhsuk-list-panel.search-result.nhsuk-u-padding-3:nth-child(2) > .nhsuk-u-margin-bottom-4[data-test=\"search-result-location\"]"]},{"any":[{"id":"region","data":{"isIframe":false},"relatedNodes":[],"impact":"moderate","message":"All page content is contained by landmarks"}],"all":[],"none":[],"impact":null,"html":"<h3 class=\"nhsuk-u-font-weight-bold\">\n          CHEC\n          <div class=\"location-font-size\">\n            \n              Sheffield S9 1XH\n            \n          </div>\n        </h3>","target":[".nhsuk-list-panel.search-result.nhsuk-u-padding-3:nth-child(2) > .nhsuk-u-margin-bottom-4[data-test=\"search-result-location\"] > h3"]},{"any":[{"id":"region","data":{"isIframe":false},"relatedNodes":[],"impact":"moderate","message":"All page content is contained by landmarks"}],"all":[],"none":[],"impact":null,"html":"<div class=\"location-font-size\">\n            \n              Sheffield S9 1XH\n            \n          </div>","target":[".nhsuk-list-panel.search-result.nhsuk-u-padding-3:nth-child(2) > .nhsuk-u-margin-bottom-4[data-test=\"search-result-location\"] > h3 > .location-font-size"]},{"any":[{"id":"region","data":{"isIframe":false},"relatedNodes":[],"impact":"moderate","message":"All page content is contained by landmarks"}],"all":[],"none":[],"impact":null,"html":"<div class=\"nhsuk-grid-row\">","target":[".nhsuk-list-panel.search-result.nhsuk-u-padding-3:nth-child(2) > .nhsuk-grid-row:nth-child(3)"]},{"any":[{"id":"region","data":{"isIframe":false},"relatedNodes":[],"impact":"moderate","message":"All page content is contained by landmarks"}],"all":[],"none":[],"impact":null,"html":"<div class=\"nhsuk-grid-column-one-half\">","target":[".nhsuk-list-panel.search-result.nhsuk-u-padding-3:nth-child(2) > .nhsuk-grid-row:nth-child(3) > .nhsuk-grid-column-one-half:nth-child(1)"]},{"any":[{"id":"region","data":{"isIframe":false},"relatedNodes":[],"impact":"moderate","message":"All page content is contained by landmarks"}],"all":[],"none":[],"impact":null,"html":"<ul class=\"ad-job-info nhsuk-list first-ad-job-info\">","target":[".nhsuk-list-panel.search-result.nhsuk-u-padding-3:nth-child(2) > .nhsuk-grid-row:nth-child(3) > .nhsuk-grid-column-one-half:nth-child(1) > .first-ad-job-info.ad-job-info.nhsuk-list"]},{"any":[{"id":"region","data":{"isIframe":false},"relatedNodes":[],"impact":"moderate","message":"All page content is contained by landmarks"}],"all":[],"none":[],"impact":null,"html":"<li data-test=\"search-result-salary\" class=\"marginBt\">\n                Salary: \n                <strong class=\"nhsuk-u-font-weight-bold\">\n                  £550\n                  \n                    a session\n                  \n                </strong>\n              </li>","target":[".nhsuk-list-panel.search-result.nhsuk-u-padding-3:nth-child(2) > .nhsuk-grid-row:nth-child(3) > .nhsuk-grid-column-one-half:nth-child(1) > .first-ad-job-info.ad-job-info.nhsuk-list > .marginBt[data-test=\"search-result-salary\"]"]},{"any":[{"id":"region","data":{"isIframe":false},"relatedNodes":[],"impact":"moderate","message":"All page content is contained by landmarks"}],"all":[],"none":[],"impact":null,"html":"<strong class=\"nhsuk-u-font-weight-bold\">\n                  £550\n                  \n                    a session\n                  \n                </strong>","target":[".nhsuk-list-panel.search-result.nhsuk-u-padding-3:nth-child(2) > .nhsuk-grid-row:nth-child(3) > .nhsuk-grid-column-one-half:nth-child(1) > .first-ad-job-info.ad-job-info.nhsuk-list > .marginBt[data-test=\"search-result-salary\"] > strong"]},{"any":[{"id":"region","data":{"isIframe":false},"relatedNodes":[],"impact":"moderate","message":"All page content is contained by landmarks"}],"all":[],"none":[],"impact":null,"html":"<li data-test=\"search-result-distance\" class=\"marginBt\">\n                Distance: \n                <strong class=\"nhsuk-u-font-weight-bold\">\n                  2.9 miles\n                </strong>\n              </li>","target":[".nhsuk-list-panel.search-result.nhsuk-u-padding-3:nth-child(2) > .nhsuk-grid-row:nth-child(3) > .nhsuk-grid-column-one-half:nth-child(1) > .first-ad-job-info.ad-job-info.nhsuk-list > .marginBt[data-test=\"search-result-distance\"]"]},{"any":[{"id":"region","data":{"isIframe":false},"relatedNodes":[],"impact":"moderate","message":"All page content is contained by landmarks"}],"all":[],"none":[],"impact":null,"html":"<strong class=\"nhsuk-u-font-weight-bold\">\n                  2.9 miles\n                </strong>","target":[".nhsuk-list-panel.search-result.nhsuk-u-padding-3:nth-child(2) > .nhsuk-grid-row:nth-child(3) > .nhsuk-grid-column-one-half:nth-child(1) > .first-ad-job-info.ad-job-info.nhsuk-list > .marginBt[data-test=\"search-result-distance\"] > strong"]},{"any":[{"id":"region","data":{"isIframe":false},"relatedNodes":[],"impact":"moderate","message":"All page content is contained by landmarks"}],"all":[],"none":[],"impact":null,"html":"<li data-test=\"search-result-publicationDate\">\n                Date posted: \n                <strong class=\"nhsuk-u-font-weight-bold\">\n                  30 April 2025\n                </strong>\n              </li>","target":[".nhsuk-list-panel.search-result.nhsuk-u-padding-3:nth-child(2) > .nhsuk-grid-row:nth-child(3) > .nhsuk-grid-column-one-half:nth-child(1) > .first-ad-job-info.ad-job-info.nhsuk-list > li[data-test=\"search-result-publicationDate\"]"]},{"any":[{"id":"region","data":{"isIframe":false},"relatedNodes":[],"impact":"moderate","message":"All page content is contained by landmarks"}],"all":[],"none":[],"impact":null,"html":"<strong class=\"nhsuk-u-font-weight-bold\">\n                  30 April 2025\n                </strong>","target":[".nhsuk-list-panel.search-result.nhsuk-u-padding-3:nth-child(2) > .nhsuk-grid-row:nth-child(3) > .nhsuk-grid-column-one-half:nth-child(1) > .first-ad-job-info.ad-job-info.nhsuk-list > li[data-test=\"search-result-publicationDate\"] > strong"]},{"any":[{"id":"region","data":{"isIframe":false},"relatedNodes":[],"impact":"moderate","message":"All page content is contained by landmarks"}],"all":[],"none":[],"impact":null,"html":"<div class=\"nhsuk-grid-column-one-half\">","target":[".nhsuk-list-panel.search-result.nhsuk-u-padding-3:nth-child(2) > .nhsuk-grid-row:nth-child(3) > .nhsuk-grid-column-one-half:nth-child(2)"]},{"any":[{"id":"region","data":{"isIframe":false},"relatedNodes":[],"impact":"moderate","message":"All page content is contained by landmarks"}],"all":[],"none":[],"impact":null,"html":"<ul class=\"ad-job-info nhsuk-list\">","target":[".nhsuk-list-panel.search-result.nhsuk-u-padding-3:nth-child(2) > .nhsuk-grid-row:nth-child(3) > .nhsuk-grid-column-one-half:nth-child(2) > .ad-job-info.nhsuk-list"]},{"any":[{"id":"region","data":{"isIframe":false},"relatedNodes":[],"impact":"moderate","message":"All page content is contained by landmarks"}],"all":[],"none":[],"impact":null,"html":"<li data-test=\"search-result-jobType\" class=\"marginBt\">\n              Contract type: \n              <strong class=\"nhsuk-u-font-weight-bold\">\n                Permanent\n              </strong>\n            </li>","target":[".nhsuk-list-panel.search-result.nhsuk-u-padding-3:nth-child(2) > .nhsuk-grid-row:nth-child(3) > .nhsuk-grid-column-one-half:nth-child(2) > .ad-job-info.nhsuk-list > .marginBt[data-test=\"search-result-jobType\"]"]},{"any":[{"id":"region","data":{"isIframe":false},"relatedNodes":[],"impact":"moderate","message":"All page content is contained by landmarks"}],"all":[],"none":[],"impact":null,"html":"<strong class=\"nhsuk-u-font-weight-bold\">\n                Permanent\n              </strong>","target":[".nhsuk-list-panel.search-result.nhsuk-u-padding-3:nth-child(2) > .nhsuk-grid-row:nth-child(3) > .nhsuk-grid-column-one-half:nth-child(2) > .ad-job-info.nhsuk-list > .marginBt[data-test=\"search-result-jobType\"] > strong"]},{"any":[{"id":"region","data":{"isIframe":false},"relatedNodes":[],"impact":"moderate","message":"All page content is contained by landmarks"}],"all":[],"none":[],"impact":null,"html":"<li data-test=\"search-result-workingPattern\" class=\"marginBt\">\n              Working pattern: \n              <strong class=\"nhsuk-u-font-weight-bold\">\n                Flexible working\n              </strong>\n            </li>","target":[".nhsuk-list-panel.search-result.nhsuk-u-padding-3:nth-child(2) > .nhsuk-grid-row:nth-child(3) > .nhsuk-grid-column-one-half:nth-child(2) > .ad-job-info.nhsuk-list > .marginBt[data-test=\"search-result-workingPattern\"]"]},{"any":[{"id":"region","data":{"isIframe":false},"relatedNodes":[],"impact":"moderate","message":"All page content is contained by landmarks"}],"all":[],"none":[],"impact":null,"html":"<strong class=\"nhsuk-u-font-weight-bold\">\n                Flexible working\n              </strong>","target":[".nhsuk-list-panel.search-result.nhsuk-u-padding-3:nth-child(2) > .nhsuk-grid-row:nth-child(3) > .nhsuk-grid-column-one-half:nth-child(2) > .ad-job-info.nhsuk-list > .marginBt[data-test=\"search-result-workingPattern\"] > strong"]},{"any":[{"id":"region","data":{"isIframe":false},"relatedNodes":[],"impact":"moderate","message":"All page content is contained by landmarks"}],"all":[],"none":[],"impact":null,"html":"<li data-test=\"search-result-closingDate\">\n                Closing date: \n                <strong class=\"nhsuk-u-font-weight-bold\">\n                  30 June 2025\n                </strong>\n              </li>","target":[".nhsuk-list-panel.search-result.nhsuk-u-padding-3:nth-child(2) > .nhsuk-grid-row:nth-child(3) > .nhsuk-grid-column-one-half:nth-child(2) > .ad-job-info.nhsuk-list > li[data-test=\"search-result-closingDate\"]"]},{"any":[{"id":"region","data":{"isIframe":false},"relatedNodes":[],"impact":"moderate","message":"All page content is contained by landmarks"}],"all":[],"none":[],"impact":null,"html":"<strong class=\"nhsuk-u-font-weight-bold\">\n                  30 June 2025\n                </strong>","target":[".nhsuk-list-panel.search-result.nhsuk-u-padding-3:nth-child(2) > .nhsuk-grid-row:nth-child(3) > .nhsuk-grid-column-one-half:nth-child(2) > .ad-job-info.nhsuk-list > li[data-test=\"search-result-closingDate\"] > strong"]},{"any":[{"id":"region","data":{"isIframe":false},"relatedNodes":[],"impact":"moderate","message":"All page content is contained by landmarks"}],"all":[],"none":[],"impact":null,"html":"<li class=\"nhsuk-list-panel search-result nhsuk-u-padding-3\" data-test=\"search-result\">","target":[".nhsuk-list-panel.search-result.nhsuk-u-padding-3:nth-child(3)"]},{"any":[{"id":"region","data":{"isIframe":false},"relatedNodes":[],"impact":"moderate","message":"All page content is contained by landmarks"}],"all":[],"none":[],"impact":null,"html":"<div class=\"nhsuk-grid-row\">","target":[".nhsuk-list-panel.search-result.nhsuk-u-padding-3:nth-child(3) > .nhsuk-grid-row:nth-child(1)"]},{"any":[{"id":"region","data":{"isIframe":false},"relatedNodes":[],"impact":"moderate","message":"All page content is contained by landmarks"}],"all":[],"none":[],"impact":null,"html":"<div class=\"nhsuk-grid-column-two-thirds\">","target":[".nhsuk-list-panel.search-result.nhsuk-u-padding-3:nth-child(3) > .nhsuk-grid-row:nth-child(1) > .nhsuk-grid-column-two-thirds"]},{"any":[{"id":"region","data":{"isIframe":false},"relatedNodes":[],"impact":"moderate","message":"All page content is contained by landmarks"}],"all":[],"none":[],"impact":null,"html":"<h2 class=\"nhsuk-heading-m nhsuk-u-margin-bottom-2\" id=\"job-title-3\">","target":["#job-title-3"]},{"any":[{"id":"region","data":{"isIframe":false},"relatedNodes":[],"impact":"moderate","message":"All page content is contained by landmarks"}],"all":[],"none":[],"impact":null,"html":"<a href=\"/candidate/jobadvert/C9165-25-02-014?keyword=Doctor&amp;location=Sheffield&amp;distance=5&amp;language=en\" data-test=\"search-result-job-title\">\n              Specialty Doctor in Anaesthetics\n            </a>","target":["#job-title-3 > a[data-test=\"search-result-job-title\"]"]},{"any":[{"id":"region","data":{"isIframe":false},"relatedNodes":[],"impact":"moderate","message":"All page content is contained by landmarks"}],"all":[],"none":[],"impact":null,"html":"<div class=\"save-job nhsuk-u-margin-right-3\">","target":[".nhsuk-list-panel.search-result.nhsuk-u-padding-3:nth-child(3) > .nhsuk-grid-row:nth-child(1) > .save-job.nhsuk-u-margin-right-3"]},{"any":[{"id":"region","data":{"isIframe":false},"relatedNodes":[],"impact":"moderate","message":"All page content is contained by landmarks"}],"all":[],"none":[],"impact":null,"html":"<a href=\"/candidate/search/save-job/C9165-25-02-014\" data-test=\"search-result-save-job\" aria-label=\"Save this job: Specialty Doctor in Anaesthetics (Reference number: C9165-25-02-014)\">\n              Save this job\n            </a>","target":[".nhsuk-list-panel.search-result.nhsuk-u-padding-3:nth-child(3) > .nhsuk-grid-row:nth-child(1) > .save-job.nhsuk-u-margin-right-3 > a[data-test=\"search-result-save-job\"]"]},{"any":[{"id":"region","data":{"isIframe":false},"relatedNodes":[],"impact":"moderate","message":"All page content is contained by landmarks"}],"all":[],"none":[],"impact":null,"html":"<div class=\"nhsuk-u-margin-bottom-4\" data-test=\"search-result-location\">","target":[".nhsuk-list-panel.search-result.nhsuk-u-padding-3:nth-child(3) > .nhsuk-u-margin-bottom-4[data-test=\"search-result-location\"]"]},{"any":[{"id":"region","data":{"isIframe":false},"relatedNodes":[],"impact":"moderate","message":"All page content is contained by landmarks"}],"all":[],"none":[],"impact":null,"html":"<h3 class=\"nhsuk-u-font-weight-bold\">\n          The Rotherham NHS Foundation Trust\n          <div class=\"location-font-size\">\n            \n              Rotherham S60 2UD\n            \n          </div>\n        </h3>","target":[".nhsuk-list-panel.search-result.nhsuk-u-padding-3:nth-child(3) > .nhsuk-u-margin-bottom-4[data-test=\"search-result-location\"] > h3"]},{"any":[{"id":"region","data":{"isIframe":false},"relatedNodes":[],"impact":"moderate","message":"All page content is contained by landmarks"}],"all":[],"none":[],"impact":null,"html":"<div class=\"location-font-size\">\n            \n              Rotherham S60 2UD\n            \n          </div>","target":[".nhsuk-list-panel.search-result.nhsuk-u-padding-3:nth-child(3) > .nhsuk-u-margin-bottom-4[data-test=\"search-result-location\"] > h3 > .location-font-size"]},{"any":[{"id":"region","data":{"isIframe":false},"relatedNodes":[],"impact":"moderate","message":"All page content is contained by landmarks"}],"all":[],"none":[],"impact":null,"html":"<div class=\"nhsuk-grid-row\">","target":[".nhsuk-list-panel.search-result.nhsuk-u-padding-3:nth-child(3) > .nhsuk-grid-row:nth-child(3)"]},{"any":[{"id":"region","data":{"isIframe":false},"relatedNodes":[],"impact":"moderate","message":"All page content is contained by landmarks"}],"all":[],"none":[],"impact":null,"html":"<div class=\"nhsuk-grid-column-one-half\">","target":[".nhsuk-list-panel.search-result.nhsuk-u-padding-3:nth-child(3) > .nhsuk-grid-row:nth-child(3) > .nhsuk-grid-column-one-half:nth-child(1)"]},{"any":[{"id":"region","data":{"isIframe":false},"relatedNodes":[],"impact":"moderate","message":"All page content is contained by landmarks"}],"all":[],"none":[],"impact":null,"html":"<ul class=\"ad-job-info nhsuk-list first-ad-job-info\">","target":[".nhsuk-list-panel.search-result.nhsuk-u-padding-3:nth-child(3) > .nhsuk-grid-row:nth-child(3) > .nhsuk-grid-column-one-half:nth-child(1) > .first-ad-job-info.ad-job-info.nhsuk-list"]},{"any":[{"id":"region","data":{"isIframe":false},"relatedNodes":[],"impact":"moderate","message":"All page content is contained by landmarks"}],"all":[],"none":[],"impact":null,"html":"<li data-test=\"search-result-salary\" class=\"marginBt\">\n                Salary: \n                <strong class=\"nhsuk-u-font-weight-bold\">\n                  £59,175 to £95,400\n                  \n                    a year\n                  \n                </strong>\n              </li>","target":[".nhsuk-list-panel.search-result.nhsuk-u-padding-3:nth-child(3) > .nhsuk-grid-row:nth-child(3) > .nhsuk-grid-column-one-half:nth-child(1) > .first-ad-job-info.ad-job-info.nhsuk-list > .marginBt[data-test=\"search-result-salary\"]"]},{"any":[{"id":"region","data":{"isIframe":false},"relatedNodes":[],"impact":"moderate","message":"All page content is contained by landmarks"}],"all":[],"none":[],"impact":null,"html":"<strong class=\"nhsuk-u-font-weight-bold\">\n                  £59,175 to £95,400\n                  \n                    a year\n                  \n                </strong>","target":[".nhsuk-list-panel.search-result.nhsuk-u-padding-3:nth-child(3) > .nhsuk-grid-row:nth-child(3) > .nhsuk-grid-column-one-half:nth-child(1) > .first-ad-job-info.ad-job-info.nhsuk-list > .marginBt[data-test=\"search-result-salary\"] > strong"]},{"any":[{"id":"region","data":{"isIframe":false},"relatedNodes":[],"impact":"moderate","message":"All page content is contained by landmarks"}],"all":[],"none":[],"impact":null,"html":"<li data-test=\"search-result-distance\" class=\"marginBt\">\n                Distance: \n                <strong class=\"nhsuk-u-font-weight-bold\">\n                  5 miles\n                </strong>\n              </li>","target":[".nhsuk-list-panel.search-result.nhsuk-u-padding-3:nth-child(3) > .nhsuk-grid-row:nth-child(3) > .nhsuk-grid-column-one-half:nth-child(1) > .first-ad-job-info.ad-job-info.nhsuk-list > .marginBt[data-test=\"search-result-distance\"]"]},{"any":[{"id":"region","data":{"isIframe":false},"relatedNodes":[],"impact":"moderate","message":"All page content is contained by landmarks"}],"all":[],"none":[],"impact":null,"html":"<strong class=\"nhsuk-u-font-weight-bold\">\n                  5 miles\n                </strong>","target":[".nhsuk-list-panel.search-result.nhsuk-u-padding-3:nth-child(3) > .nhsuk-grid-row:nth-child(3) > .nhsuk-grid-column-one-half:nth-child(1) > .first-ad-job-info.ad-job-info.nhsuk-list > .marginBt[data-test=\"search-result-distance\"] > strong"]},{"any":[{"id":"region","data":{"isIframe":false},"relatedNodes":[],"impact":"moderate","message":"All page content is contained by landmarks"}],"all":[],"none":[],"impact":null,"html":"<li data-test=\"search-result-publicationDate\">\n                Date posted: \n                <strong class=\"nhsuk-u-font-weight-bold\">\n                  20 June 2025\n                </strong>\n              </li>","target":[".nhsuk-list-panel.search-result.nhsuk-u-padding-3:nth-child(3) > .nhsuk-grid-row:nth-child(3) > .nhsuk-grid-column-one-half:nth-child(1) > .first-ad-job-info.ad-job-info.nhsuk-list > li[data-test=\"search-result-publicationDate\"]"]},{"any":[{"id":"region","data":{"isIframe":false},"relatedNodes":[],"impact":"moderate","message":"All page content is contained by landmarks"}],"all":[],"none":[],"impact":null,"html":"<strong class=\"nhsuk-u-font-weight-bold\">\n                  20 June 2025\n                </strong>","target":[".nhsuk-list-panel.search-result.nhsuk-u-padding-3:nth-child(3) > .nhsuk-grid-row:nth-child(3) > .nhsuk-grid-column-one-half:nth-child(1) > .first-ad-job-info.ad-job-info.nhsuk-list > li[data-test=\"search-result-publicationDate\"] > strong"]},{"any":[{"id":"region","data":{"isIframe":false},"relatedNodes":[],"impact":"moderate","message":"All page content is contained by landmarks"}],"all":[],"none":[],"impact":null,"html":"<div class=\"nhsuk-grid-column-one-half\">","target":[".nhsuk-list-panel.search-result.nhsuk-u-padding-3:nth-child(3) > .nhsuk-grid-row:nth-child(3) > .nhsuk-grid-column-one-half:nth-child(2)"]},{"any":[{"id":"region","data":{"isIframe":false},"relatedNodes":[],"impact":"moderate","message":"All page content is contained by landmarks"}],"all":[],"none":[],"impact":null,"html":"<ul class=\"ad-job-info nhsuk-list\">","target":[".nhsuk-list-panel.search-result.nhsuk-u-padding-3:nth-child(3) > .nhsuk-grid-row:nth-child(3) > .nhsuk-grid-column-one-half:nth-child(2) > .ad-job-info.nhsuk-list"]},{"any":[{"id":"region","data":{"isIframe":false},"relatedNodes":[],"impact":"moderate","message":"All page content is contained by landmarks"}],"all":[],"none":[],"impact":null,"html":"<li data-test=\"search-result-jobType\" class=\"marginBt\">\n              Contract type: \n              <strong class=\"nhsuk-u-font-weight-bold\">\n                Permanent\n              </strong>\n            </li>","target":[".nhsuk-list-panel.search-result.nhsuk-u-padding-3:nth-child(3) > .nhsuk-grid-row:nth-child(3) > .nhsuk-grid-column-one-half:nth-child(2) > .ad-job-info.nhsuk-list > .marginBt[data-test=\"search-result-jobType\"]"]},{"any":[{"id":"region","data":{"isIframe":false},"relatedNodes":[],"impact":"moderate","message":"All page content is contained by landmarks"}],"all":[],"none":[],"impact":null,"html":"<strong class=\"nhsuk-u-font-weight-bold\">\n                Permanent\n              </strong>","target":[".nhsuk-list-panel.search-result.nhsuk-u-padding-3:nth-child(3) > .nhsuk-grid-row:nth-child(3) > .nhsuk-grid-column-one-half:nth-child(2) > .ad-job-info.nhsuk-list > .marginBt[data-test=\"search-result-jobType\"] > strong"]},{"any":[{"id":"region","data":{"isIframe":false},"relatedNodes":[],"impact":"moderate","message":"All page content is contained by landmarks"}],"all":[],"none":[],"impact":null,"html":"<li data-test=\"search-result-workingPattern\" class=\"marginBt\">\n              Working pattern: \n              <strong class=\"nhsuk-u-font-weight-bold\">\n                Flexible working, Full time\n              </strong>\n            </li>","target":[".nhsuk-list-panel.search-result.nhsuk-u-padding-3:nth-child(3) > .nhsuk-grid-row:nth-child(3) > .nhsuk-grid-column-one-half:nth-child(2) > .ad-job-info.nhsuk-list > .marginBt[data-test=\"search-result-workingPattern\"]"]},{"any":[{"id":"region","data":{"isIframe":false},"relatedNodes":[],"impact":"moderate","message":"All page content is contained by landmarks"}],"all":[],"none":[],"impact":null,"html":"<strong class=\"nhsuk-u-font-weight-bold\">\n                Flexible working, Full time\n              </strong>","target":[".nhsuk-list-panel.search-result.nhsuk-u-padding-3:nth-child(3) > .nhsuk-grid-row:nth-child(3) > .nhsuk-grid-column-one-half:nth-child(2) > .ad-job-info.nhsuk-list > .marginBt[data-test=\"search-result-workingPattern\"] > strong"]},{"any":[{"id":"region","data":{"isIframe":false},"relatedNodes":[],"impact":"moderate","message":"All page content is contained by landmarks"}],"all":[],"none":[],"impact":null,"html":"<li data-test=\"search-result-closingDate\">\n                Closing date: \n                <strong class=\"nhsuk-u-font-weight-bold\">\n                  6 July 2025\n                </strong>\n              </li>","target":[".nhsuk-list-panel.search-result.nhsuk-u-padding-3:nth-child(3) > .nhsuk-grid-row:nth-child(3) > .nhsuk-grid-column-one-half:nth-child(2) > .ad-job-info.nhsuk-list > li[data-test=\"search-result-closingDate\"]"]},{"any":[{"id":"region","data":{"isIframe":false},"relatedNodes":[],"impact":"moderate","message":"All page content is contained by landmarks"}],"all":[],"none":[],"impact":null,"html":"<strong class=\"nhsuk-u-font-weight-bold\">\n                  6 July 2025\n                </strong>","target":[".nhsuk-list-panel.search-result.nhsuk-u-padding-3:nth-child(3) > .nhsuk-grid-row:nth-child(3) > .nhsuk-grid-column-one-half:nth-child(2) > .ad-job-info.nhsuk-list > li[data-test=\"search-result-closingDate\"] > strong"]},{"any":[{"id":"region","data":{"isIframe":false},"relatedNodes":[],"impact":"moderate","message":"All page content is contained by landmarks"}],"all":[],"none":[],"impact":null,"html":"<li class=\"nhsuk-list-panel search-result nhsuk-u-padding-3\" data-test=\"search-result\">","target":[".nhsuk-list-panel.search-result.nhsuk-u-padding-3:nth-child(4)"]},{"any":[{"id":"region","data":{"isIframe":false},"relatedNodes":[],"impact":"moderate","message":"All page content is contained by landmarks"}],"all":[],"none":[],"impact":null,"html":"<div class=\"nhsuk-grid-row\">","target":[".nhsuk-list-panel.search-result.nhsuk-u-padding-3:nth-child(4) > .nhsuk-grid-row:nth-child(1)"]},{"any":[{"id":"region","data":{"isIframe":false},"relatedNodes":[],"impact":"moderate","message":"All page content is contained by landmarks"}],"all":[],"none":[],"impact":null,"html":"<div class=\"nhsuk-grid-column-two-thirds\">","target":[".nhsuk-list-panel.search-result.nhsuk-u-padding-3:nth-child(4) > .nhsuk-grid-row:nth-child(1) > .nhsuk-grid-column-two-thirds"]},{"any":[{"id":"region","data":{"isIframe":false},"relatedNodes":[],"impact":"moderate","message":"All page content is contained by landmarks"}],"all":[],"none":[],"impact":null,"html":"<h2 class=\"nhsuk-heading-m nhsuk-u-margin-bottom-2\" id=\"job-title-4\">","target":["#job-title-4"]},{"any":[{"id":"region","data":{"isIframe":false},"relatedNodes":[],"impact":"moderate","message":"All page content is contained by landmarks"}],"all":[],"none":[],"impact":null,"html":"<a href=\"/candidate/jobadvert/N0013-25-0006-112307?keyword=Doctor&amp;location=Sheffield&amp;distance=5&amp;language=en\" data-test=\"search-result-job-title\">\n              Senior Lecturer in Adult Nursing\n            </a>","target":["#job-title-4 > a[data-test=\"search-result-job-title\"]"]},{"any":[{"id":"region","data":{"isIframe":false},"relatedNodes":[],"impact":"moderate","message":"All page content is contained by landmarks"}],"all":[],"none":[],"impact":null,"html":"<div class=\"save-job nhsuk-u-margin-right-3\">","target":[".nhsuk-list-panel.search-result.nhsuk-u-padding-3:nth-child(4) > .nhsuk-grid-row:nth-child(1) > .save-job.nhsuk-u-margin-right-3"]},{"any":[{"id":"region","data":{"isIframe":false},"relatedNodes":[],"impact":"moderate","message":"All page content is contained by landmarks"}],"all":[],"none":[],"impact":null,"html":"<a href=\"/candidate/search/save-job/N0013-25-0006-112307\" data-test=\"search-result-save-job\" aria-label=\"Save this job: Senior Lecturer in Adult Nursing (Reference number: N0013-25-0006-112307)\">\n              Save this job\n            </a>","target":[".nhsuk-list-panel.search-result.nhsuk-u-padding-3:nth-child(4) > .nhsuk-grid-row:nth-child(1) > .save-job.nhsuk-u-margin-right-3 > a[data-test=\"search-result-save-job\"]"]},{"any":[{"id":"region","data":{"isIframe":false},"relatedNodes":[],"impact":"moderate","message":"All page content is contained by landmarks"}],"all":[],"none":[],"impact":null,"html":"<div class=\"nhsuk-u-margin-bottom-4\" data-test=\"search-result-location\">","target":[".nhsuk-list-panel.search-result.nhsuk-u-padding-3:nth-child(4) > .nhsuk-u-margin-bottom-4[data-test=\"search-result-location\"]"]},{"any":[{"id":"region","data":{"isIframe":false},"relatedNodes":[],"impact":"moderate","message":"All page content is contained by landmarks"}],"all":[],"none":[],"impact":null,"html":"<h3 class=\"nhsuk-u-font-weight-bold\">\n          Sheffield Hallam University\n          <div class=\"location-font-size\">\n            \n              Sheffield S10 2BP\n            \n          </div>\n        </h3>","target":[".nhsuk-list-panel.search-result.nhsuk-u-padding-3:nth-child(4) > .nhsuk-u-margin-bottom-4[data-test=\"search-result-location\"] > h3"]},{"any":[{"id":"region","data":{"isIframe":false},"relatedNodes":[],"impact":"moderate","message":"All page content is contained by landmarks"}],"all":[],"none":[],"impact":null,"html":"<div class=\"location-font-size\">\n            \n              Sheffield S10 2BP\n            \n          </div>","target":[".nhsuk-list-panel.search-result.nhsuk-u-padding-3:nth-child(4) > .nhsuk-u-margin-bottom-4[data-test=\"search-result-location\"] > h3 > .location-font-size"]},{"any":[{"id":"region","data":{"isIframe":false},"relatedNodes":[],"impact":"moderate","message":"All page content is contained by landmarks"}],"all":[],"none":[],"impact":null,"html":"<div class=\"nhsuk-grid-row\">","target":[".nhsuk-list-panel.search-result.nhsuk-u-padding-3:nth-child(4) > .nhsuk-grid-row:nth-child(3)"]},{"any":[{"id":"region","data":{"isIframe":false},"relatedNodes":[],"impact":"moderate","message":"All page content is contained by landmarks"}],"all":[],"none":[],"impact":null,"html":"<div class=\"nhsuk-grid-column-one-half\">","target":[".nhsuk-list-panel.search-result.nhsuk-u-padding-3:nth-child(4) > .nhsuk-grid-row:nth-child(3) > .nhsuk-grid-column-one-half:nth-child(1)"]},{"any":[{"id":"region","data":{"isIframe":false},"relatedNodes":[],"impact":"moderate","message":"All page content is contained by landmarks"}],"all":[],"none":[],"impact":null,"html":"<ul class=\"ad-job-info nhsuk-list first-ad-job-info\">","target":[".nhsuk-list-panel.search-result.nhsuk-u-padding-3:nth-child(4) > .nhsuk-grid-row:nth-child(3) > .nhsuk-grid-column-one-half:nth-child(1) > .first-ad-job-info.ad-job-info.nhsuk-list"]},{"any":[{"id":"region","data":{"isIframe":false},"relatedNodes":[],"impact":"moderate","message":"All page content is contained by landmarks"}],"all":[],"none":[],"impact":null,"html":"<li data-test=\"search-result-salary\" class=\"marginBt\">\n                Salary: \n                <strong class=\"nhsuk-u-font-weight-bold\">\n                  £45,413 to £57,422\n                  \n                    a year\n                  \n                </strong>\n              </li>","target":[".nhsuk-list-panel.search-result.nhsuk-u-padding-3:nth-child(4) > .nhsuk-grid-row:nth-child(3) > .nhsuk-grid-column-one-half:nth-child(1) > .first-ad-job-info.ad-job-info.nhsuk-list > .marginBt[data-test=\"search-result-salary\"]"]},{"any":[{"id":"region","data":{"isIframe":false},"relatedNodes":[],"impact":"moderate","message":"All page content is contained by landmarks"}],"all":[],"none":[],"impact":null,"html":"<strong class=\"nhsuk-u-font-weight-bold\">\n                  £45,413 to £57,422\n                  \n                    a year\n                  \n                </strong>","target":[".nhsuk-list-panel.search-result.nhsuk-u-padding-3:nth-child(4) > .nhsuk-grid-row:nth-child(3) > .nhsuk-grid-column-one-half:nth-child(1) > .first-ad-job-info.ad-job-info.nhsuk-list > .marginBt[data-test=\"search-result-salary\"] > strong"]},{"any":[{"id":"region","data":{"isIframe":false},"relatedNodes":[],"impact":"moderate","message":"All page content is contained by landmarks"}],"all":[],"none":[],"impact":null,"html":"<li data-test=\"search-result-distance\" class=\"marginBt\">\n                Distance: \n                <strong class=\"nhsuk-u-font-weight-bold\">\n                  1.8 miles\n                </strong>\n              </li>","target":[".nhsuk-list-panel.search-result.nhsuk-u-padding-3:nth-child(4) > .nhsuk-grid-row:nth-child(3) > .nhsuk-grid-column-one-half:nth-child(1) > .first-ad-job-info.ad-job-info.nhsuk-list > .marginBt[data-test=\"search-result-distance\"]"]},{"any":[{"id":"region","data":{"isIframe":false},"relatedNodes":[],"impact":"moderate","message":"All page content is contained by landmarks"}],"all":[],"none":[],"impact":null,"html":"<strong class=\"nhsuk-u-font-weight-bold\">\n                  1.8 miles\n                </strong>","target":[".nhsuk-list-panel.search-result.nhsuk-u-padding-3:nth-child(4) > .nhsuk-grid-row:nth-child(3) > .nhsuk-grid-column-one-half:nth-child(1) > .first-ad-job-info.ad-job-info.nhsuk-list > .marginBt[data-test=\"search-result-distance\"] > strong"]},{"any":[{"id":"region","data":{"isIframe":false},"relatedNodes":[],"impact":"moderate","message":"All page content is contained by landmarks"}],"all":[],"none":[],"impact":null,"html":"<li data-test=\"search-result-publicationDate\">\n                Date posted: \n                <strong class=\"nhsuk-u-font-weight-bold\">\n                  13 June 2025\n                </strong>\n              </li>","target":[".nhsuk-list-panel.search-result.nhsuk-u-padding-3:nth-child(4) > .nhsuk-grid-row:nth-child(3) > .nhsuk-grid-column-one-half:nth-child(1) > .first-ad-job-info.ad-job-info.nhsuk-list > li[data-test=\"search-result-publicationDate\"]"]},{"any":[{"id":"region","data":{"isIframe":false},"relatedNodes":[],"impact":"moderate","message":"All page content is contained by landmarks"}],"all":[],"none":[],"impact":null,"html":"<strong class=\"nhsuk-u-font-weight-bold\">\n                  13 June 2025\n                </strong>","target":[".nhsuk-list-panel.search-result.nhsuk-u-padding-3:nth-child(4) > .nhsuk-grid-row:nth-child(3) > .nhsuk-grid-column-one-half:nth-child(1) > .first-ad-job-info.ad-job-info.nhsuk-list > li[data-test=\"search-result-publicationDate\"] > strong"]},{"any":[{"id":"region","data":{"isIframe":false},"relatedNodes":[],"impact":"moderate","message":"All page content is contained by landmarks"}],"all":[],"none":[],"impact":null,"html":"<div class=\"nhsuk-grid-column-one-half\">","target":[".nhsuk-list-panel.search-result.nhsuk-u-padding-3:nth-child(4) > .nhsuk-grid-row:nth-child(3) > .nhsuk-grid-column-one-half:nth-child(2)"]},{"any":[{"id":"region","data":{"isIframe":false},"relatedNodes":[],"impact":"moderate","message":"All page content is contained by landmarks"}],"all":[],"none":[],"impact":null,"html":"<ul class=\"ad-job-info nhsuk-list\">","target":[".nhsuk-list-panel.search-result.nhsuk-u-padding-3:nth-child(4) > .nhsuk-grid-row:nth-child(3) > .nhsuk-grid-column-one-half:nth-child(2) > .ad-job-info.nhsuk-list"]},{"any":[{"id":"region","data":{"isIframe":false},"relatedNodes":[],"impact":"moderate","message":"All page content is contained by landmarks"}],"all":[],"none":[],"impact":null,"html":"<li data-test=\"search-result-jobType\" class=\"marginBt\">\n              Contract type: \n              <strong class=\"nhsuk-u-font-weight-bold\">\n                Permanent\n              </strong>\n            </li>","target":[".nhsuk-list-panel.search-result.nhsuk-u-padding-3:nth-child(4) > .nhsuk-grid-row:nth-child(3) > .nhsuk-grid-column-one-half:nth-child(2) > .ad-job-info.nhsuk-list > .marginBt[data-test=\"search-result-jobType\"]"]},{"any":[{"id":"region","data":{"isIframe":false},"relatedNodes":[],"impact":"moderate","message":"All page content is contained by landmarks"}],"all":[],"none":[],"impact":null,"html":"<strong class=\"nhsuk-u-font-weight-bold\">\n                Permanent\n              </strong>","target":[".nhsuk-list-panel.search-result.nhsuk-u-padding-3:nth-child(4) > .nhsuk-grid-row:nth-child(3) > .nhsuk-grid-column-one-half:nth-child(2) > .ad-job-info.nhsuk-list > .marginBt[data-test=\"search-result-jobType\"] > strong"]},{"any":[{"id":"region","data":{"isIframe":false},"relatedNodes":[],"impact":"moderate","message":"All page content is contained by landmarks"}],"all":[],"none":[],"impact":null,"html":"<li data-test=\"search-result-workingPattern\" class=\"marginBt\">\n              Working pattern: \n              <strong class=\"nhsuk-u-font-weight-bold\">\n                Flexible working, Full time, Job-share, Part time, Home or remote working\n              </strong>\n            </li>","target":[".nhsuk-list-panel.search-result.nhsuk-u-padding-3:nth-child(4) > .nhsuk-grid-row:nth-child(3) > .nhsuk-grid-column-one-half:nth-child(2) > .ad-job-info.nhsuk-list > .marginBt[data-test=\"search-result-workingPattern\"]"]},{"any":[{"id":"region","data":{"isIframe":false},"relatedNodes":[],"impact":"moderate","message":"All page content is contained by landmarks"}],"all":[],"none":[],"impact":null,"html":"<strong class=\"nhsuk-u-font-weight-bold\">\n                Flexible working, Full time, Job-share, Part time, Home or remote working\n              </strong>","target":[".nhsuk-list-panel.search-result.nhsuk-u-padding-3:nth-child(4) > .nhsuk-grid-row:nth-child(3) > .nhsuk-grid-column-one-half:nth-child(2) > .ad-job-info.nhsuk-list > .marginBt[data-test=\"search-result-workingPattern\"] > strong"]},{"any":[{"id":"region","data":{"isIframe":false},"relatedNodes":[],"impact":"moderate","message":"All page content is contained by landmarks"}],"all":[],"none":[],"impact":null,"html":"<li data-test=\"search-result-closingDate\">\n                Closing date: \n                <strong class=\"nhsuk-u-font-weight-bold\">\n                  5 July 2025\n                </strong>\n              </li>","target":[".nhsuk-list-panel.search-result.nhsuk-u-padding-3:nth-child(4) > .nhsuk-grid-row:nth-child(3) > .nhsuk-grid-column-one-half:nth-child(2) > .ad-job-info.nhsuk-list > li[data-test=\"search-result-closingDate\"]"]},{"any":[{"id":"region","data":{"isIframe":false},"relatedNodes":[],"impact":"moderate","message":"All page content is contained by landmarks"}],"all":[],"none":[],"impact":null,"html":"<strong class=\"nhsuk-u-font-weight-bold\">\n                  5 July 2025\n                </strong>","target":[".nhsuk-list-panel.search-result.nhsuk-u-padding-3:nth-child(4) > .nhsuk-grid-row:nth-child(3) > .nhsuk-grid-column-one-half:nth-child(2) > .ad-job-info.nhsuk-list > li[data-test=\"search-result-closingDate\"] > strong"]},{"any":[{"id":"region","data":{"isIframe":false},"relatedNodes":[],"impact":"moderate","message":"All page content is contained by landmarks"}],"all":[],"none":[],"impact":null,"html":"<li class=\"nhsuk-list-panel search-result nhsuk-u-padding-3\" data-test=\"search-result\">","target":[".nhsuk-list-panel.search-result.nhsuk-u-padding-3:nth-child(5)"]},{"any":[{"id":"region","data":{"isIframe":false},"relatedNodes":[],"impact":"moderate","message":"All page content is contained by landmarks"}],"all":[],"none":[],"impact":null,"html":"<div class=\"nhsuk-grid-row\">","target":[".nhsuk-list-panel.search-result.nhsuk-u-padding-3:nth-child(5) > .nhsuk-grid-row:nth-child(1)"]},{"any":[{"id":"region","data":{"isIframe":false},"relatedNodes":[],"impact":"moderate","message":"All page content is contained by landmarks"}],"all":[],"none":[],"impact":null,"html":"<div class=\"nhsuk-grid-column-two-thirds\">","target":[".nhsuk-list-panel.search-result.nhsuk-u-padding-3:nth-child(5) > .nhsuk-grid-row:nth-child(1) > .nhsuk-grid-column-two-thirds"]},{"any":[{"id":"region","data":{"isIframe":false},"relatedNodes":[],"impact":"moderate","message":"All page content is contained by landmarks"}],"all":[],"none":[],"impact":null,"html":"<h2 class=\"nhsuk-heading-m nhsuk-u-margin-bottom-2\" id=\"job-title-5\">","target":["#job-title-5"]},{"any":[{"id":"region","data":{"isIframe":false},"relatedNodes":[],"impact":"moderate","message":"All page content is contained by landmarks"}],"all":[],"none":[],"impact":null,"html":"<a href=\"/candidate/jobadvert/C9190-25-0735?keyword=Doctor&amp;location=Sheffield&amp;distance=5&amp;language=en\" data-test=\"search-result-job-title\">\n              Nurse Consultant Critical Care\n            </a>","target":["#job-title-5 > a[data-test=\"search-result-job-title\"]"]},{"any":[{"id":"region","data":{"isIframe":false},"relatedNodes":[],"impact":"moderate","message":"All page content is contained by landmarks"}],"all":[],"none":[],"impact":null,"html":"<div class=\"save-job nhsuk-u-margin-right-3\">","target":[".nhsuk-list-panel.search-result.nhsuk-u-padding-3:nth-child(5) > .nhsuk-grid-row:nth-child(1) > .save-job.nhsuk-u-margin-right-3"]},{"any":[{"id":"region","data":{"isIframe":false},"relatedNodes":[],"impact":"moderate","message":"All page content is contained by landmarks"}],"all":[],"none":[],"impact":null,"html":"<a href=\"/candidate/search/save-job/C9190-25-0735\" data-test=\"search-result-save-job\" aria-label=\"Save this job: Nurse Consultant Critical Care (Reference number: C9190-25-0735)\">\n              Save this job\n            </a>","target":[".nhsuk-list-panel.search-result.nhsuk-u-padding-3:nth-child(5) > .nhsuk-grid-row:nth-child(1) > .save-job.nhsuk-u-margin-right-3 > a[data-test=\"search-result-save-job\"]"]},{"any":[{"id":"region","data":{"isIframe":false},"relatedNodes":[],"impact":"moderate","message":"All page content is contained by landmarks"}],"all":[],"none":[],"impact":null,"html":"<div class=\"nhsuk-u-margin-bottom-4\" data-test=\"search-result-location\">","target":[".nhsuk-list-panel.search-result.nhsuk-u-padding-3:nth-child(5) > .nhsuk-u-margin-bottom-4[data-test=\"search-result-location\"]"]},{"any":[{"id":"region","data":{"isIframe":false},"relatedNodes":[],"impact":"moderate","message":"All page content is contained by landmarks"}],"all":[],"none":[],"impact":null,"html":"<h3 class=\"nhsuk-u-font-weight-bold\">\n          Sheffield Teaching Hospitals NHS Foundation Trust\n          <div class=\"location-font-size\">\n            \n              Sheffield S5 7AU\n            \n          </div>\n        </h3>","target":[".nhsuk-list-panel.search-result.nhsuk-u-padding-3:nth-child(5) > .nhsuk-u-margin-bottom-4[data-test=\"search-result-location\"] > h3"]},{"any":[{"id":"region","data":{"isIframe":false},"relatedNodes":[],"impact":"moderate","message":"All page content is contained by landmarks"}],"all":[],"none":[],"impact":null,"html":"<div class=\"location-font-size\">\n            \n              Sheffield S5 7AU\n            \n          </div>","target":[".nhsuk-list-panel.search-result.nhsuk-u-padding-3:nth-child(5) > .nhsuk-u-margin-bottom-4[data-test=\"search-result-location\"] > h3 > .location-font-size"]},{"any":[{"id":"region","data":{"isIframe":false},"relatedNodes":[],"impact":"moderate","message":"All page content is contained by landmarks"}],"all":[],"none":[],"impact":null,"html":"<div class=\"nhsuk-grid-row\">","target":[".nhsuk-list-panel.search-result.nhsuk-u-padding-3:nth-child(5) > .nhsuk-grid-row:nth-child(3)"]},{"any":[{"id":"region","data":{"isIframe":false},"relatedNodes":[],"impact":"moderate","message":"All page content is contained by landmarks"}],"all":[],"none":[],"impact":null,"html":"<div class=\"nhsuk-grid-column-one-half\">","target":[".nhsuk-list-panel.search-result.nhsuk-u-padding-3:nth-child(5) > .nhsuk-grid-row:nth-child(3) > .nhsuk-grid-column-one-half:nth-child(1)"]},{"any":[{"id":"region","data":{"isIframe":false},"relatedNodes":[],"impact":"moderate","message":"All page content is contained by landmarks"}],"all":[],"none":[],"impact":null,"html":"<ul class=\"ad-job-info nhsuk-list first-ad-job-info\">","target":[".nhsuk-list-panel.search-result.nhsuk-u-padding-3:nth-child(5) > .nhsuk-grid-row:nth-child(3) > .nhsuk-grid-column-one-half:nth-child(1) > .first-ad-job-info.ad-job-info.nhsuk-list"]},{"any":[{"id":"region","data":{"isIframe":false},"relatedNodes":[],"impact":"moderate","message":"All page content is contained by landmarks"}],"all":[],"none":[],"impact":null,"html":"<li data-test=\"search-result-salary\" class=\"marginBt\">\n                Salary: \n                <strong class=\"nhsuk-u-font-weight-bold\">\n                  £62,215 to £72,293\n                  \n                    a year\n                  \n                </strong>\n              </li>","target":[".nhsuk-list-panel.search-result.nhsuk-u-padding-3:nth-child(5) > .nhsuk-grid-row:nth-child(3) > .nhsuk-grid-column-one-half:nth-child(1) > .first-ad-job-info.ad-job-info.nhsuk-list > .marginBt[data-test=\"search-result-salary\"]"]},{"any":[{"id":"region","data":{"isIframe":false},"relatedNodes":[],"impact":"moderate","message":"All page content is contained by landmarks"}],"all":[],"none":[],"impact":null,"html":"<strong class=\"nhsuk-u-font-weight-bold\">\n                  £62,215 to £72,293\n                  \n                    a year\n                  \n                </strong>","target":[".nhsuk-list-panel.search-result.nhsuk-u-padding-3:nth-child(5) > .nhsuk-grid-row:nth-child(3) > .nhsuk-grid-column-one-half:nth-child(1) > .first-ad-job-info.ad-job-info.nhsuk-list > .marginBt[data-test=\"search-result-salary\"] > strong"]},{"any":[{"id":"region","data":{"isIframe":false},"relatedNodes":[],"impact":"moderate","message":"All page content is contained by landmarks"}],"all":[],"none":[],"impact":null,"html":"<li data-test=\"search-result-distance\" class=\"marginBt\">\n                Distance: \n                <strong class=\"nhsuk-u-font-weight-bold\">\n                  2 miles\n                </strong>\n              </li>","target":[".nhsuk-list-panel.search-result.nhsuk-u-padding-3:nth-child(5) > .nhsuk-grid-row:nth-child(3) > .nhsuk-grid-column-one-half:nth-child(1) > .first-ad-job-info.ad-job-info.nhsuk-list > .marginBt[data-test=\"search-result-distance\"]"]},{"any":[{"id":"region","data":{"isIframe":false},"relatedNodes":[],"impact":"moderate","message":"All page content is contained by landmarks"}],"all":[],"none":[],"impact":null,"html":"<strong class=\"nhsuk-u-font-weight-bold\">\n                  2 miles\n                </strong>","target":[".nhsuk-list-panel.search-result.nhsuk-u-padding-3:nth-child(5) > .nhsuk-grid-row:nth-child(3) > .nhsuk-grid-column-one-half:nth-child(1) > .first-ad-job-info.ad-job-info.nhsuk-list > .marginBt[data-test=\"search-result-distance\"] > strong"]},{"any":[{"id":"region","data":{"isIframe":false},"relatedNodes":[],"impact":"moderate","message":"All page content is contained by landmarks"}],"all":[],"none":[],"impact":null,"html":"<li data-test=\"search-result-publicationDate\">\n                Date posted: \n                <strong class=\"nhsuk-u-font-weight-bold\">\n                  23 June 2025\n                </strong>\n              </li>","target":[".nhsuk-list-panel.search-result.nhsuk-u-padding-3:nth-child(5) > .nhsuk-grid-row:nth-child(3) > .nhsuk-grid-column-one-half:nth-child(1) > .first-ad-job-info.ad-job-info.nhsuk-list > li[data-test=\"search-result-publicationDate\"]"]},{"any":[{"id":"region","data":{"isIframe":false},"relatedNodes":[],"impact":"moderate","message":"All page content is contained by landmarks"}],"all":[],"none":[],"impact":null,"html":"<strong class=\"nhsuk-u-font-weight-bold\">\n                  23 June 2025\n                </strong>","target":[".nhsuk-list-panel.search-result.nhsuk-u-padding-3:nth-child(5) > .nhsuk-grid-row:nth-child(3) > .nhsuk-grid-column-one-half:nth-child(1) > .first-ad-job-info.ad-job-info.nhsuk-list > li[data-test=\"search-result-publicationDate\"] > strong"]},{"any":[{"id":"region","data":{"isIframe":false},"relatedNodes":[],"impact":"moderate","message":"All page content is contained by landmarks"}],"all":[],"none":[],"impact":null,"html":"<div class=\"nhsuk-grid-column-one-half\">","target":[".nhsuk-list-panel.search-result.nhsuk-u-padding-3:nth-child(5) > .nhsuk-grid-row:nth-child(3) > .nhsuk-grid-column-one-half:nth-child(2)"]},{"any":[{"id":"region","data":{"isIframe":false},"relatedNodes":[],"impact":"moderate","message":"All page content is contained by landmarks"}],"all":[],"none":[],"impact":null,"html":"<ul class=\"ad-job-info nhsuk-list\">","target":[".nhsuk-list-panel.search-result.nhsuk-u-padding-3:nth-child(5) > .nhsuk-grid-row:nth-child(3) > .nhsuk-grid-column-one-half:nth-child(2) > .ad-job-info.nhsuk-list"]},{"any":[{"id":"region","data":{"isIframe":false},"relatedNodes":[],"impact":"moderate","message":"All page content is contained by landmarks"}],"all":[],"none":[],"impact":null,"html":"<li data-test=\"search-result-jobType\" class=\"marginBt\">\n              Contract type: \n              <strong class=\"nhsuk-u-font-weight-bold\">\n                Permanent\n              </strong>\n            </li>","target":[".nhsuk-list-panel.search-result.nhsuk-u-padding-3:nth-child(5) > .nhsuk-grid-row:nth-child(3) > .nhsuk-grid-column-one-half:nth-child(2) > .ad-job-info.nhsuk-list > .marginBt[data-test=\"search-result-jobType\"]"]},{"any":[{"id":"region","data":{"isIframe":false},"relatedNodes":[],"impact":"moderate","message":"All page content is contained by landmarks"}],"all":[],"none":[],"impact":null,"html":"<strong class=\"nhsuk-u-font-weight-bold\">\n                Permanent\n              </strong>","target":[".nhsuk-list-panel.search-result.nhsuk-u-padding-3:nth-child(5) > .nhsuk-grid-row:nth-child(3) > .nhsuk-grid-column-one-half:nth-child(2) > .ad-job-info.nhsuk-list > .marginBt[data-test=\"search-result-jobType\"] > strong"]},{"any":[{"id":"region","data":{"isIframe":false},"relatedNodes":[],"impact":"moderate","message":"All page content is contained by landmarks"}],"all":[],"none":[],"impact":null,"html":"<li data-test=\"search-result-workingPattern\" class=\"marginBt\">\n              Working pattern: \n              <strong class=\"nhsuk-u-font-weight-bold\">\n                Full time\n              </strong>\n            </li>","target":[".nhsuk-list-panel.search-result.nhsuk-u-padding-3:nth-child(5) > .nhsuk-grid-row:nth-child(3) > .nhsuk-grid-column-one-half:nth-child(2) > .ad-job-info.nhsuk-list > .marginBt[data-test=\"search-result-workingPattern\"]"]},{"any":[{"id":"region","data":{"isIframe":false},"relatedNodes":[],"impact":"moderate","message":"All page content is contained by landmarks"}],"all":[],"none":[],"impact":null,"html":"<strong class=\"nhsuk-u-font-weight-bold\">\n                Full time\n              </strong>","target":[".nhsuk-list-panel.search-result.nhsuk-u-padding-3:nth-child(5) > .nhsuk-grid-row:nth-child(3) > .nhsuk-grid-column-one-half:nth-child(2) > .ad-job-info.nhsuk-list > .marginBt[data-test=\"search-result-workingPattern\"] > strong"]},{"any":[{"id":"region","data":{"isIframe":false},"relatedNodes":[],"impact":"moderate","message":"All page content is contained by landmarks"}],"all":[],"none":[],"impact":null,"html":"<li data-test=\"search-result-closingDate\">\n                Closing date: \n                <strong class=\"nhsuk-u-font-weight-bold\">\n                  6 July 2025\n                </strong>\n              </li>","target":[".nhsuk-list-panel.search-result.nhsuk-u-padding-3:nth-child(5) > .nhsuk-grid-row:nth-child(3) > .nhsuk-grid-column-one-half:nth-child(2) > .ad-job-info.nhsuk-list > li[data-test=\"search-result-closingDate\"]"]},{"any":[{"id":"region","data":{"isIframe":false},"relatedNodes":[],"impact":"moderate","message":"All page content is contained by landmarks"}],"all":[],"none":[],"impact":null,"html":"<strong class=\"nhsuk-u-font-weight-bold\">\n                  6 July 2025\n                </strong>","target":[".nhsuk-list-panel.search-result.nhsuk-u-padding-3:nth-child(5) > .nhsuk-grid-row:nth-child(3) > .nhsuk-grid-column-one-half:nth-child(2) > .ad-job-info.nhsuk-list > li[data-test=\"search-result-closingDate\"] > strong"]},{"any":[{"id":"region","data":{"isIframe":false},"relatedNodes":[],"impact":"moderate","message":"All page content is contained by landmarks"}],"all":[],"none":[],"impact":null,"html":"<li class=\"nhsuk-list-panel search-result nhsuk-u-padding-3\" data-test=\"search-result\">","target":[".nhsuk-list-panel.search-result.nhsuk-u-padding-3:nth-child(6)"]},{"any":[{"id":"region","data":{"isIframe":false},"relatedNodes":[],"impact":"moderate","message":"All page content is contained by landmarks"}],"all":[],"none":[],"impact":null,"html":"<div class=\"nhsuk-grid-row\">","target":[".nhsuk-list-panel.search-result.nhsuk-u-padding-3:nth-child(6) > .nhsuk-grid-row:nth-child(1)"]},{"any":[{"id":"region","data":{"isIframe":false},"relatedNodes":[],"impact":"moderate","message":"All page content is contained by landmarks"}],"all":[],"none":[],"impact":null,"html":"<div class=\"nhsuk-grid-column-two-thirds\">","target":[".nhsuk-list-panel.search-result.nhsuk-u-padding-3:nth-child(6) > .nhsuk-grid-row:nth-child(1) > .nhsuk-grid-column-two-thirds"]},{"any":[{"id":"region","data":{"isIframe":false},"relatedNodes":[],"impact":"moderate","message":"All page content is contained by landmarks"}],"all":[],"none":[],"impact":null,"html":"<h2 class=\"nhsuk-heading-m nhsuk-u-margin-bottom-2\" id=\"job-title-6\">","target":["#job-title-6"]},{"any":[{"id":"region","data":{"isIframe":false},"relatedNodes":[],"impact":"moderate","message":"All page content is contained by landmarks"}],"all":[],"none":[],"impact":null,"html":"<a href=\"/candidate/jobadvert/N0013-25-0006-112267?keyword=Doctor&amp;location=Sheffield&amp;distance=5&amp;language=en\" data-test=\"search-result-job-title\">\n              Lecturer in Social Work\n            </a>","target":["#job-title-6 > a[data-test=\"search-result-job-title\"]"]},{"any":[{"id":"region","data":{"isIframe":false},"relatedNodes":[],"impact":"moderate","message":"All page content is contained by landmarks"}],"all":[],"none":[],"impact":null,"html":"<div class=\"save-job nhsuk-u-margin-right-3\">","target":[".nhsuk-list-panel.search-result.nhsuk-u-padding-3:nth-child(6) > .nhsuk-grid-row:nth-child(1) > .save-job.nhsuk-u-margin-right-3"]},{"any":[{"id":"region","data":{"isIframe":false},"relatedNodes":[],"impact":"moderate","message":"All page content is contained by landmarks"}],"all":[],"none":[],"impact":null,"html":"<a href=\"/candidate/search/save-job/N0013-25-0006-112267\" data-test=\"search-result-save-job\" aria-label=\"Save this job: Lecturer in Social Work (Reference number: N0013-25-0006-112267)\">\n              Save this job\n            </a>","target":[".nhsuk-list-panel.search-result.nhsuk-u-padding-3:nth-child(6) > .nhsuk-grid-row:nth-child(1) > .save-job.nhsuk-u-margin-right-3 > a[data-test=\"search-result-save-job\"]"]},{"any":[{"id":"region","data":{"isIframe":false},"relatedNodes":[],"impact":"moderate","message":"All page content is contained by landmarks"}],"all":[],"none":[],"impact":null,"html":"<div class=\"nhsuk-u-margin-bottom-4\" data-test=\"search-result-location\">","target":[".nhsuk-list-panel.search-result.nhsuk-u-padding-3:nth-child(6) > .nhsuk-u-margin-bottom-4[data-test=\"search-result-location\"]"]},{"any":[{"id":"region","data":{"isIframe":false},"relatedNodes":[],"impact":"moderate","message":"All page content is contained by landmarks"}],"all":[],"none":[],"impact":null,"html":"<h3 class=\"nhsuk-u-font-weight-bold\">\n          Sheffield Hallam University\n          <div class=\"location-font-size\">\n            \n              Sheffield S10 2BP\n            \n          </div>\n        </h3>","target":[".nhsuk-list-panel.search-result.nhsuk-u-padding-3:nth-child(6) > .nhsuk-u-margin-bottom-4[data-test=\"search-result-location\"] > h3"]},{"any":[{"id":"region","data":{"isIframe":false},"relatedNodes":[],"impact":"moderate","message":"All page content is contained by landmarks"}],"all":[],"none":[],"impact":null,"html":"<div class=\"location-font-size\">\n            \n              Sheffield S10 2BP\n            \n          </div>","target":[".nhsuk-list-panel.search-result.nhsuk-u-padding-3:nth-child(6) > .nhsuk-u-margin-bottom-4[data-test=\"search-result-location\"] > h3 > .location-font-size"]},{"any":[{"id":"region","data":{"isIframe":false},"relatedNodes":[],"impact":"moderate","message":"All page content is contained by landmarks"}],"all":[],"none":[],"impact":null,"html":"<div class=\"nhsuk-grid-row\">","target":[".nhsuk-list-panel.search-result.nhsuk-u-padding-3:nth-child(6) > .nhsuk-grid-row:nth-child(3)"]},{"any":[{"id":"region","data":{"isIframe":false},"relatedNodes":[],"impact":"moderate","message":"All page content is contained by landmarks"}],"all":[],"none":[],"impact":null,"html":"<div class=\"nhsuk-grid-column-one-half\">","target":[".nhsuk-list-panel.search-result.nhsuk-u-padding-3:nth-child(6) > .nhsuk-grid-row:nth-child(3) > .nhsuk-grid-column-one-half:nth-child(1)"]},{"any":[{"id":"region","data":{"isIframe":false},"relatedNodes":[],"impact":"moderate","message":"All page content is contained by landmarks"}],"all":[],"none":[],"impact":null,"html":"<ul class=\"ad-job-info nhsuk-list first-ad-job-info\">","target":[".nhsuk-list-panel.search-result.nhsuk-u-padding-3:nth-child(6) > .nhsuk-grid-row:nth-child(3) > .nhsuk-grid-column-one-half:nth-child(1) > .first-ad-job-info.ad-job-info.nhsuk-list"]},{"any":[{"id":"region","data":{"isIframe":false},"relatedNodes":[],"impact":"moderate","message":"All page content is contained by landmarks"}],"all":[],"none":[],"impact":null,"html":"<li data-test=\"search-result-salary\" class=\"marginBt\">\n                Salary: \n                <strong class=\"nhsuk-u-font-weight-bold\">\n                  £39,355 to £44,128\n                  \n                    a year\n                  \n                </strong>\n              </li>","target":[".nhsuk-list-panel.search-result.nhsuk-u-padding-3:nth-child(6) > .nhsuk-grid-row:nth-child(3) > .nhsuk-grid-column-one-half:nth-child(1) > .first-ad-job-info.ad-job-info.nhsuk-list > .marginBt[data-test=\"search-result-salary\"]"]},{"any":[{"id":"region","data":{"isIframe":false},"relatedNodes":[],"impact":"moderate","message":"All page content is contained by landmarks"}],"all":[],"none":[],"impact":null,"html":"<strong class=\"nhsuk-u-font-weight-bold\">\n                  £39,355 to £44,128\n                  \n                    a year\n                  \n                </strong>","target":[".nhsuk-list-panel.search-result.nhsuk-u-padding-3:nth-child(6) > .nhsuk-grid-row:nth-child(3) > .nhsuk-grid-column-one-half:nth-child(1) > .first-ad-job-info.ad-job-info.nhsuk-list > .marginBt[data-test=\"search-result-salary\"] > strong"]},{"any":[{"id":"region","data":{"isIframe":false},"relatedNodes":[],"impact":"moderate","message":"All page content is contained by landmarks"}],"all":[],"none":[],"impact":null,"html":"<li data-test=\"search-result-distance\" class=\"marginBt\">\n                Distance: \n                <strong class=\"nhsuk-u-font-weight-bold\">\n                  1.8 miles\n                </strong>\n              </li>","target":[".nhsuk-list-panel.search-result.nhsuk-u-padding-3:nth-child(6) > .nhsuk-grid-row:nth-child(3) > .nhsuk-grid-column-one-half:nth-child(1) > .first-ad-job-info.ad-job-info.nhsuk-list > .marginBt[data-test=\"search-result-distance\"]"]},{"any":[{"id":"region","data":{"isIframe":false},"relatedNodes":[],"impact":"moderate","message":"All page content is contained by landmarks"}],"all":[],"none":[],"impact":null,"html":"<strong class=\"nhsuk-u-font-weight-bold\">\n                  1.8 miles\n                </strong>","target":[".nhsuk-list-panel.search-result.nhsuk-u-padding-3:nth-child(6) > .nhsuk-grid-row:nth-child(3) > .nhsuk-grid-column-one-half:nth-child(1) > .first-ad-job-info.ad-job-info.nhsuk-list > .marginBt[data-test=\"search-result-distance\"] > strong"]},{"any":[{"id":"region","data":{"isIframe":false},"relatedNodes":[],"impact":"moderate","message":"All page content is contained by landmarks"}],"all":[],"none":[],"impact":null,"html":"<li data-test=\"search-result-publicationDate\">\n                Date posted: \n                <strong class=\"nhsuk-u-font-weight-bold\">\n                  18 June 2025\n                </strong>\n              </li>","target":[".nhsuk-list-panel.search-result.nhsuk-u-padding-3:nth-child(6) > .nhsuk-grid-row:nth-child(3) > .nhsuk-grid-column-one-half:nth-child(1) > .first-ad-job-info.ad-job-info.nhsuk-list > li[data-test=\"search-result-publicationDate\"]"]},{"any":[{"id":"region","data":{"isIframe":false},"relatedNodes":[],"impact":"moderate","message":"All page content is contained by landmarks"}],"all":[],"none":[],"impact":null,"html":"<strong class=\"nhsuk-u-font-weight-bold\">\n                  18 June 2025\n                </strong>","target":[".nhsuk-list-panel.search-result.nhsuk-u-padding-3:nth-child(6) > .nhsuk-grid-row:nth-child(3) > .nhsuk-grid-column-one-half:nth-child(1) > .first-ad-job-info.ad-job-info.nhsuk-list > li[data-test=\"search-result-publicationDate\"] > strong"]},{"any":[{"id":"region","data":{"isIframe":false},"relatedNodes":[],"impact":"moderate","message":"All page content is contained by landmarks"}],"all":[],"none":[],"impact":null,"html":"<div class=\"nhsuk-grid-column-one-half\">","target":[".nhsuk-list-panel.search-result.nhsuk-u-padding-3:nth-child(6) > .nhsuk-grid-row:nth-child(3) > .nhsuk-grid-column-one-half:nth-child(2)"]},{"any":[{"id":"region","data":{"isIframe":false},"relatedNodes":[],"impact":"moderate","message":"All page content is contained by landmarks"}],"all":[],"none":[],"impact":null,"html":"<ul class=\"ad-job-info nhsuk-list\">","target":[".nhsuk-list-panel.search-result.nhsuk-u-padding-3:nth-child(6) > .nhsuk-grid-row:nth-child(3) > .nhsuk-grid-column-one-half:nth-child(2) > .ad-job-info.nhsuk-list"]},{"any":[{"id":"region","data":{"isIframe":false},"relatedNodes":[],"impact":"moderate","message":"All page content is contained by landmarks"}],"all":[],"none":[],"impact":null,"html":"<li data-test=\"search-result-jobType\" class=\"marginBt\">\n              Contract type: \n              <strong class=\"nhsuk-u-font-weight-bold\">\n                Permanent\n              </strong>\n            </li>","target":[".nhsuk-list-panel.search-result.nhsuk-u-padding-3:nth-child(6) > .nhsuk-grid-row:nth-child(3) > .nhsuk-grid-column-one-half:nth-child(2) > .ad-job-info.nhsuk-list > .marginBt[data-test=\"search-result-jobType\"]"]},{"any":[{"id":"region","data":{"isIframe":false},"relatedNodes":[],"impact":"moderate","message":"All page content is contained by landmarks"}],"all":[],"none":[],"impact":null,"html":"<strong class=\"nhsuk-u-font-weight-bold\">\n                Permanent\n              </strong>","target":[".nhsuk-list-panel.search-result.nhsuk-u-padding-3:nth-child(6) > .nhsuk-grid-row:nth-child(3) > .nhsuk-grid-column-one-half:nth-child(2) > .ad-job-info.nhsuk-list > .marginBt[data-test=\"search-result-jobType\"] > strong"]},{"any":[{"id":"region","data":{"isIframe":false},"relatedNodes":[],"impact":"moderate","message":"All page content is contained by landmarks"}],"all":[],"none":[],"impact":null,"html":"<li data-test=\"search-result-workingPattern\" class=\"marginBt\">\n              Working pattern: \n              <strong class=\"nhsuk-u-font-weight-bold\">\n                Flexible working, Full time, Job-share, Part time, Home or remote working\n              </strong>\n            </li>","target":[".nhsuk-list-panel.search-result.nhsuk-u-padding-3:nth-child(6) > .nhsuk-grid-row:nth-child(3) > .nhsuk-grid-column-one-half:nth-child(2) > .ad-job-info.nhsuk-list > .marginBt[data-test=\"search-result-workingPattern\"]"]},{"any":[{"id":"region","data":{"isIframe":false},"relatedNodes":[],"impact":"moderate","message":"All page content is contained by landmarks"}],"all":[],"none":[],"impact":null,"html":"<strong class=\"nhsuk-u-font-weight-bold\">\n                Flexible working, Full time, Job-share, Part time, Home or remote working\n              </strong>","target":[".nhsuk-list-panel.search-result.nhsuk-u-padding-3:nth-child(6) > .nhsuk-grid-row:nth-child(3) > .nhsuk-grid-column-one-half:nth-child(2) > .ad-job-info.nhsuk-list > .marginBt[data-test=\"search-result-workingPattern\"] > strong"]},{"any":[{"id":"region","data":{"isIframe":false},"relatedNodes":[],"impact":"moderate","message":"All page content is contained by landmarks"}],"all":[],"none":[],"impact":null,"html":"<li data-test=\"search-result-closingDate\">\n                Closing date: \n                <strong class=\"nhsuk-u-font-weight-bold\">\n                  12 July 2025\n                </strong>\n              </li>","target":[".nhsuk-list-panel.search-result.nhsuk-u-padding-3:nth-child(6) > .nhsuk-grid-row:nth-child(3) > .nhsuk-grid-column-one-half:nth-child(2) > .ad-job-info.nhsuk-list > li[data-test=\"search-result-closingDate\"]"]},{"any":[{"id":"region","data":{"isIframe":false},"relatedNodes":[],"impact":"moderate","message":"All page content is contained by landmarks"}],"all":[],"none":[],"impact":null,"html":"<strong class=\"nhsuk-u-font-weight-bold\">\n                  12 July 2025\n                </strong>","target":[".nhsuk-list-panel.search-result.nhsuk-u-padding-3:nth-child(6) > .nhsuk-grid-row:nth-child(3) > .nhsuk-grid-column-one-half:nth-child(2) > .ad-job-info.nhsuk-list > li[data-test=\"search-result-closingDate\"] > strong"]},{"any":[{"id":"region","data":{"isIframe":false},"relatedNodes":[],"impact":"moderate","message":"All page content is contained by landmarks"}],"all":[],"none":[],"impact":null,"html":"<li class=\"nhsuk-list-panel search-result nhsuk-u-padding-3\" data-test=\"search-result\">","target":[".nhsuk-list-panel.search-result.nhsuk-u-padding-3:nth-child(7)"]},{"any":[{"id":"region","data":{"isIframe":false},"relatedNodes":[],"impact":"moderate","message":"All page content is contained by landmarks"}],"all":[],"none":[],"impact":null,"html":"<div class=\"nhsuk-grid-row\">","target":[".nhsuk-list-panel.search-result.nhsuk-u-padding-3:nth-child(7) > .nhsuk-grid-row:nth-child(1)"]},{"any":[{"id":"region","data":{"isIframe":false},"relatedNodes":[],"impact":"moderate","message":"All page content is contained by landmarks"}],"all":[],"none":[],"impact":null,"html":"<div class=\"nhsuk-grid-column-two-thirds\">","target":[".nhsuk-list-panel.search-result.nhsuk-u-padding-3:nth-child(7) > .nhsuk-grid-row:nth-child(1) > .nhsuk-grid-column-two-thirds"]},{"any":[{"id":"region","data":{"isIframe":false},"relatedNodes":[],"impact":"moderate","message":"All page content is contained by landmarks"}],"all":[],"none":[],"impact":null,"html":"<h2 class=\"nhsuk-heading-m nhsuk-u-margin-bottom-2\" id=\"job-title-7\">","target":["#job-title-7"]},{"any":[{"id":"region","data":{"isIframe":false},"relatedNodes":[],"impact":"moderate","message":"All page content is contained by landmarks"}],"all":[],"none":[],"impact":null,"html":"<a href=\"/candidate/jobadvert/C9190-25-0682?keyword=Doctor&amp;location=Sheffield&amp;distance=5&amp;language=en\" data-test=\"search-result-job-title\">\n              Locum Consultant Haematologist interest in Haemostasis &amp; Thrombosis\n            </a>","target":["#job-title-7 > a[data-test=\"search-result-job-title\"]"]},{"any":[{"id":"region","data":{"isIframe":false},"relatedNodes":[],"impact":"moderate","message":"All page content is contained by landmarks"}],"all":[],"none":[],"impact":null,"html":"<div class=\"save-job nhsuk-u-margin-right-3\">","target":[".nhsuk-list-panel.search-result.nhsuk-u-padding-3:nth-child(7) > .nhsuk-grid-row:nth-child(1) > .save-job.nhsuk-u-margin-right-3"]},{"any":[{"id":"region","data":{"isIframe":false},"relatedNodes":[],"impact":"moderate","message":"All page content is contained by landmarks"}],"all":[],"none":[],"impact":null,"html":"<a href=\"/candidate/search/save-job/C9190-25-0682\" data-test=\"search-result-save-job\" aria-label=\"Save this job: Locum Consultant Haematologist interest in Haemostasis &amp; Thrombosis (Reference number: C9190-25-0682)\">\n              Save this job\n            </a>","target":[".nhsuk-list-panel.search-result.nhsuk-u-padding-3:nth-child(7) > .nhsuk-grid-row:nth-child(1) > .save-job.nhsuk-u-margin-right-3 > a[data-test=\"search-result-save-job\"]"]},{"any":[{"id":"region","data":{"isIframe":false},"relatedNodes":[],"impact":"moderate","message":"All page content is contained by landmarks"}],"all":[],"none":[],"impact":null,"html":"<div class=\"nhsuk-u-margin-bottom-4\" data-test=\"search-result-location\">","target":[".nhsuk-list-panel.search-result.nhsuk-u-padding-3:nth-child(7) > .nhsuk-u-margin-bottom-4[data-test=\"search-result-location\"]"]},{"any":[{"id":"region","data":{"isIframe":false},"relatedNodes":[],"impact":"moderate","message":"All page content is contained by landmarks"}],"all":[],"none":[],"impact":null,"html":"<h3 class=\"nhsuk-u-font-weight-bold\">\n          Sheffield Teaching Hospitals NHS Foundation Trust\n          <div class=\"location-font-size\">\n            \n              Sheffield S10 2JF\n            \n          </div>\n        </h3>","target":[".nhsuk-list-panel.search-result.nhsuk-u-padding-3:nth-child(7) > .nhsuk-u-margin-bottom-4[data-test=\"search-result-location\"] > h3"]},{"any":[{"id":"region","data":{"isIframe":false},"relatedNodes":[],"impact":"moderate","message":"All page content is contained by landmarks"}],"all":[],"none":[],"impact":null,"html":"<div class=\"location-font-size\">\n            \n              Sheffield S10 2JF\n            \n          </div>","target":[".nhsuk-list-panel.search-result.nhsuk-u-padding-3:nth-child(7) > .nhsuk-u-margin-bottom-4[data-test=\"search-result-location\"] > h3 > .location-font-size"]},{"any":[{"id":"region","data":{"isIframe":false},"relatedNodes":[],"impact":"moderate","message":"All page content is contained by landmarks"}],"all":[],"none":[],"impact":null,"html":"<div class=\"nhsuk-grid-row\">","target":[".nhsuk-list-panel.search-result.nhsuk-u-padding-3:nth-child(7) > .nhsuk-grid-row:nth-child(3)"]},{"any":[{"id":"region","data":{"isIframe":false},"relatedNodes":[],"impact":"moderate","message":"All page content is contained by landmarks"}],"all":[],"none":[],"impact":null,"html":"<div class=\"nhsuk-grid-column-one-half\">","target":[".nhsuk-list-panel.search-result.nhsuk-u-padding-3:nth-child(7) > .nhsuk-grid-row:nth-child(3) > .nhsuk-grid-column-one-half:nth-child(1)"]},{"any":[{"id":"region","data":{"isIframe":false},"relatedNodes":[],"impact":"moderate","message":"All page content is contained by landmarks"}],"all":[],"none":[],"impact":null,"html":"<ul class=\"ad-job-info nhsuk-list first-ad-job-info\">","target":[".nhsuk-list-panel.search-result.nhsuk-u-padding-3:nth-child(7) > .nhsuk-grid-row:nth-child(3) > .nhsuk-grid-column-one-half:nth-child(1) > .first-ad-job-info.ad-job-info.nhsuk-list"]},{"any":[{"id":"region","data":{"isIframe":false},"relatedNodes":[],"impact":"moderate","message":"All page content is contained by landmarks"}],"all":[],"none":[],"impact":null,"html":"<li data-test=\"search-result-salary\" class=\"marginBt\">\n                Salary: \n                <strong class=\"nhsuk-u-font-weight-bold\">\n                  £105,504 to £139,882\n                  \n                    a year\n                  \n                </strong>\n              </li>","target":[".nhsuk-list-panel.search-result.nhsuk-u-padding-3:nth-child(7) > .nhsuk-grid-row:nth-child(3) > .nhsuk-grid-column-one-half:nth-child(1) > .first-ad-job-info.ad-job-info.nhsuk-list > .marginBt[data-test=\"search-result-salary\"]"]},{"any":[{"id":"region","data":{"isIframe":false},"relatedNodes":[],"impact":"moderate","message":"All page content is contained by landmarks"}],"all":[],"none":[],"impact":null,"html":"<strong class=\"nhsuk-u-font-weight-bold\">\n                  £105,504 to £139,882\n                  \n                    a year\n                  \n                </strong>","target":[".nhsuk-list-panel.search-result.nhsuk-u-padding-3:nth-child(7) > .nhsuk-grid-row:nth-child(3) > .nhsuk-grid-column-one-half:nth-child(1) > .first-ad-job-info.ad-job-info.nhsuk-list > .marginBt[data-test=\"search-result-salary\"] > strong"]},{"any":[{"id":"region","data":{"isIframe":false},"relatedNodes":[],"impact":"moderate","message":"All page content is contained by landmarks"}],"all":[],"none":[],"impact":null,"html":"<li data-test=\"search-result-distance\" class=\"marginBt\">\n                Distance: \n                <strong class=\"nhsuk-u-font-weight-bold\">\n                  1.8 miles\n                </strong>\n              </li>","target":[".nhsuk-list-panel.search-result.nhsuk-u-padding-3:nth-child(7) > .nhsuk-grid-row:nth-child(3) > .nhsuk-grid-column-one-half:nth-child(1) > .first-ad-job-info.ad-job-info.nhsuk-list > .marginBt[data-test=\"search-result-distance\"]"]},{"any":[{"id":"region","data":{"isIframe":false},"relatedNodes":[],"impact":"moderate","message":"All page content is contained by landmarks"}],"all":[],"none":[],"impact":null,"html":"<strong class=\"nhsuk-u-font-weight-bold\">\n                  1.8 miles\n                </strong>","target":[".nhsuk-list-panel.search-result.nhsuk-u-padding-3:nth-child(7) > .nhsuk-grid-row:nth-child(3) > .nhsuk-grid-column-one-half:nth-child(1) > .first-ad-job-info.ad-job-info.nhsuk-list > .marginBt[data-test=\"search-result-distance\"] > strong"]},{"any":[{"id":"region","data":{"isIframe":false},"relatedNodes":[],"impact":"moderate","message":"All page content is contained by landmarks"}],"all":[],"none":[],"impact":null,"html":"<li data-test=\"search-result-publicationDate\">\n                Date posted: \n                <strong class=\"nhsuk-u-font-weight-bold\">\n                  10 June 2025\n                </strong>\n              </li>","target":[".nhsuk-list-panel.search-result.nhsuk-u-padding-3:nth-child(7) > .nhsuk-grid-row:nth-child(3) > .nhsuk-grid-column-one-half:nth-child(1) > .first-ad-job-info.ad-job-info.nhsuk-list > li[data-test=\"search-result-publicationDate\"]"]},{"any":[{"id":"region","data":{"isIframe":false},"relatedNodes":[],"impact":"moderate","message":"All page content is contained by landmarks"}],"all":[],"none":[],"impact":null,"html":"<strong class=\"nhsuk-u-font-weight-bold\">\n                  10 June 2025\n                </strong>","target":[".nhsuk-list-panel.search-result.nhsuk-u-padding-3:nth-child(7) > .nhsuk-grid-row:nth-child(3) > .nhsuk-grid-column-one-half:nth-child(1) > .first-ad-job-info.ad-job-info.nhsuk-list > li[data-test=\"search-result-publicationDate\"] > strong"]},{"any":[{"id":"region","data":{"isIframe":false},"relatedNodes":[],"impact":"moderate","message":"All page content is contained by landmarks"}],"all":[],"none":[],"impact":null,"html":"<div class=\"nhsuk-grid-column-one-half\">","target":[".nhsuk-list-panel.search-result.nhsuk-u-padding-3:nth-child(7) > .nhsuk-grid-row:nth-child(3) > .nhsuk-grid-column-one-half:nth-child(2)"]},{"any":[{"id":"region","data":{"isIframe":false},"relatedNodes":[],"impact":"moderate","message":"All page content is contained by landmarks"}],"all":[],"none":[],"impact":null,"html":"<ul class=\"ad-job-info nhsuk-list\">","target":[".nhsuk-list-panel.search-result.nhsuk-u-padding-3:nth-child(7) > .nhsuk-grid-row:nth-child(3) > .nhsuk-grid-column-one-half:nth-child(2) > .ad-job-info.nhsuk-list"]},{"any":[{"id":"region","data":{"isIframe":false},"relatedNodes":[],"impact":"moderate","message":"All page content is contained by landmarks"}],"all":[],"none":[],"impact":null,"html":"<li data-test=\"search-result-jobType\" class=\"marginBt\">\n              Contract type: \n              <strong class=\"nhsuk-u-font-weight-bold\">\n                Fixed-Term\n              </strong>\n            </li>","target":[".nhsuk-list-panel.search-result.nhsuk-u-padding-3:nth-child(7) > .nhsuk-grid-row:nth-child(3) > .nhsuk-grid-column-one-half:nth-child(2) > .ad-job-info.nhsuk-list > .marginBt[data-test=\"search-result-jobType\"]"]},{"any":[{"id":"region","data":{"isIframe":false},"relatedNodes":[],"impact":"moderate","message":"All page content is contained by landmarks"}],"all":[],"none":[],"impact":null,"html":"<strong class=\"nhsuk-u-font-weight-bold\">\n                Fixed-Term\n              </strong>","target":[".nhsuk-list-panel.search-result.nhsuk-u-padding-3:nth-child(7) > .nhsuk-grid-row:nth-child(3) > .nhsuk-grid-column-one-half:nth-child(2) > .ad-job-info.nhsuk-list > .marginBt[data-test=\"search-result-jobType\"] > strong"]},{"any":[{"id":"region","data":{"isIframe":false},"relatedNodes":[],"impact":"moderate","message":"All page content is contained by landmarks"}],"all":[],"none":[],"impact":null,"html":"<li data-test=\"search-result-workingPattern\" class=\"marginBt\">\n              Working pattern: \n              <strong class=\"nhsuk-u-font-weight-bold\">\n                Full time\n              </strong>\n            </li>","target":[".nhsuk-list-panel.search-result.nhsuk-u-padding-3:nth-child(7) > .nhsuk-grid-row:nth-child(3) > .nhsuk-grid-column-one-half:nth-child(2) > .ad-job-info.nhsuk-list > .marginBt[data-test=\"search-result-workingPattern\"]"]},{"any":[{"id":"region","data":{"isIframe":false},"relatedNodes":[],"impact":"moderate","message":"All page content is contained by landmarks"}],"all":[],"none":[],"impact":null,"html":"<strong class=\"nhsuk-u-font-weight-bold\">\n                Full time\n              </strong>","target":[".nhsuk-list-panel.search-result.nhsuk-u-padding-3:nth-child(7) > .nhsuk-grid-row:nth-child(3) > .nhsuk-grid-column-one-half:nth-child(2) > .ad-job-info.nhsuk-list > .marginBt[data-test=\"search-result-workingPattern\"] > strong"]},{"any":[{"id":"region","data":{"isIframe":false},"relatedNodes":[],"impact":"moderate","message":"All page content is contained by landmarks"}],"all":[],"none":[],"impact":null,"html":"<li data-test=\"search-result-closingDate\">\n                Closing date: \n                <strong class=\"nhsuk-u-font-weight-bold\">\n                  24 June 2025\n                </strong>\n              </li>","target":[".nhsuk-list-panel.search-result.nhsuk-u-padding-3:nth-child(7) > .nhsuk-grid-row:nth-child(3) > .nhsuk-grid-column-one-half:nth-child(2) > .ad-job-info.nhsuk-list > li[data-test=\"search-result-closingDate\"]"]},{"any":[{"id":"region","data":{"isIframe":false},"relatedNodes":[],"impact":"moderate","message":"All page content is contained by landmarks"}],"all":[],"none":[],"impact":null,"html":"<strong class=\"nhsuk-u-font-weight-bold\">\n                  24 June 2025\n                </strong>","target":[".nhsuk-list-panel.search-result.nhsuk-u-padding-3:nth-child(7) > .nhsuk-grid-row:nth-child(3) > .nhsuk-grid-column-one-half:nth-child(2) > .ad-job-info.nhsuk-list > li[data-test=\"search-result-closingDate\"] > strong"]},{"any":[{"id":"region","data":{"isIframe":false},"relatedNodes":[],"impact":"moderate","message":"All page content is contained by landmarks"}],"all":[],"none":[],"impact":null,"html":"<li class=\"nhsuk-list-panel search-result nhsuk-u-padding-3\" data-test=\"search-result\">","target":[".nhsuk-list-panel.search-result.nhsuk-u-padding-3:nth-child(8)"]},{"any":[{"id":"region","data":{"isIframe":false},"relatedNodes":[],"impact":"moderate","message":"All page content is contained by landmarks"}],"all":[],"none":[],"impact":null,"html":"<div class=\"nhsuk-grid-row\">","target":[".nhsuk-list-panel.search-result.nhsuk-u-padding-3:nth-child(8) > .nhsuk-grid-row:nth-child(1)"]},{"any":[{"id":"region","data":{"isIframe":false},"relatedNodes":[],"impact":"moderate","message":"All page content is contained by landmarks"}],"all":[],"none":[],"impact":null,"html":"<div class=\"nhsuk-grid-column-two-thirds\">","target":[".nhsuk-list-panel.search-result.nhsuk-u-padding-3:nth-child(8) > .nhsuk-grid-row:nth-child(1) > .nhsuk-grid-column-two-thirds"]},{"any":[{"id":"region","data":{"isIframe":false},"relatedNodes":[],"impact":"moderate","message":"All page content is contained by landmarks"}],"all":[],"none":[],"impact":null,"html":"<h2 class=\"nhsuk-heading-m nhsuk-u-margin-bottom-2\" id=\"job-title-8\">","target":["#job-title-8"]},{"any":[{"id":"region","data":{"isIframe":false},"relatedNodes":[],"impact":"moderate","message":"All page content is contained by landmarks"}],"all":[],"none":[],"impact":null,"html":"<a href=\"/candidate/jobadvert/C9190-25-0716?keyword=Doctor&amp;location=Sheffield&amp;distance=5&amp;language=en\" data-test=\"search-result-job-title\">\n              Locum Consultant in Spinal Injuries\n            </a>","target":["#job-title-8 > a[data-test=\"search-result-job-title\"]"]},{"any":[{"id":"region","data":{"isIframe":false},"relatedNodes":[],"impact":"moderate","message":"All page content is contained by landmarks"}],"all":[],"none":[],"impact":null,"html":"<div class=\"save-job nhsuk-u-margin-right-3\">","target":[".nhsuk-list-panel.search-result.nhsuk-u-padding-3:nth-child(8) > .nhsuk-grid-row:nth-child(1) > .save-job.nhsuk-u-margin-right-3"]},{"any":[{"id":"region","data":{"isIframe":false},"relatedNodes":[],"impact":"moderate","message":"All page content is contained by landmarks"}],"all":[],"none":[],"impact":null,"html":"<a href=\"/candidate/search/save-job/C9190-25-0716\" data-test=\"search-result-save-job\" aria-label=\"Save this job: Locum Consultant in Spinal Injuries (Reference number: C9190-25-0716)\">\n              Save this job\n            </a>","target":[".nhsuk-list-panel.search-result.nhsuk-u-padding-3:nth-child(8) > .nhsuk-grid-row:nth-child(1) > .save-job.nhsuk-u-margin-right-3 > a[data-test=\"search-result-save-job\"]"]},{"any":[{"id":"region","data":{"isIframe":false},"relatedNodes":[],"impact":"moderate","message":"All page content is contained by landmarks"}],"all":[],"none":[],"impact":null,"html":"<div class=\"nhsuk-u-margin-bottom-4\" data-test=\"search-result-location\">","target":[".nhsuk-list-panel.search-result.nhsuk-u-padding-3:nth-child(8) > .nhsuk-u-margin-bottom-4[data-test=\"search-result-location\"]"]},{"any":[{"id":"region","data":{"isIframe":false},"relatedNodes":[],"impact":"moderate","message":"All page content is contained by landmarks"}],"all":[],"none":[],"impact":null,"html":"<h3 class=\"nhsuk-u-font-weight-bold\">\n          Sheffield Teaching Hospitals NHS Foundation Trust\n          <div class=\"location-font-size\">\n            \n              Sheffield S5 7AU\n            \n          </div>\n        </h3>","target":[".nhsuk-list-panel.search-result.nhsuk-u-padding-3:nth-child(8) > .nhsuk-u-margin-bottom-4[data-test=\"search-result-location\"] > h3"]},{"any":[{"id":"region","data":{"isIframe":false},"relatedNodes":[],"impact":"moderate","message":"All page content is contained by landmarks"}],"all":[],"none":[],"impact":null,"html":"<div class=\"location-font-size\">\n            \n              Sheffield S5 7AU\n            \n          </div>","target":[".nhsuk-list-panel.search-result.nhsuk-u-padding-3:nth-child(8) > .nhsuk-u-margin-bottom-4[data-test=\"search-result-location\"] > h3 > .location-font-size"]},{"any":[{"id":"region","data":{"isIframe":false},"relatedNodes":[],"impact":"moderate","message":"All page content is contained by landmarks"}],"all":[],"none":[],"impact":null,"html":"<div class=\"nhsuk-grid-row\">","target":[".nhsuk-list-panel.search-result.nhsuk-u-padding-3:nth-child(8) > .nhsuk-grid-row:nth-child(3)"]},{"any":[{"id":"region","data":{"isIframe":false},"relatedNodes":[],"impact":"moderate","message":"All page content is contained by landmarks"}],"all":[],"none":[],"impact":null,"html":"<div class=\"nhsuk-grid-column-one-half\">","target":[".nhsuk-list-panel.search-result.nhsuk-u-padding-3:nth-child(8) > .nhsuk-grid-row:nth-child(3) > .nhsuk-grid-column-one-half:nth-child(1)"]},{"any":[{"id":"region","data":{"isIframe":false},"relatedNodes":[],"impact":"moderate","message":"All page content is contained by landmarks"}],"all":[],"none":[],"impact":null,"html":"<ul class=\"ad-job-info nhsuk-list first-ad-job-info\">","target":[".nhsuk-list-panel.search-result.nhsuk-u-padding-3:nth-child(8) > .nhsuk-grid-row:nth-child(3) > .nhsuk-grid-column-one-half:nth-child(1) > .first-ad-job-info.ad-job-info.nhsuk-list"]},{"any":[{"id":"region","data":{"isIframe":false},"relatedNodes":[],"impact":"moderate","message":"All page content is contained by landmarks"}],"all":[],"none":[],"impact":null,"html":"<li data-test=\"search-result-salary\" class=\"marginBt\">\n                Salary: \n                <strong class=\"nhsuk-u-font-weight-bold\">\n                  £105,504 to £139,882\n                  \n                    a year\n                  \n                </strong>\n              </li>","target":[".nhsuk-list-panel.search-result.nhsuk-u-padding-3:nth-child(8) > .nhsuk-grid-row:nth-child(3) > .nhsuk-grid-column-one-half:nth-child(1) > .first-ad-job-info.ad-job-info.nhsuk-list > .marginBt[data-test=\"search-result-salary\"]"]},{"any":[{"id":"region","data":{"isIframe":false},"relatedNodes":[],"impact":"moderate","message":"All page content is contained by landmarks"}],"all":[],"none":[],"impact":null,"html":"<strong class=\"nhsuk-u-font-weight-bold\">\n                  £105,504 to £139,882\n                  \n                    a year\n                  \n                </strong>","target":[".nhsuk-list-panel.search-result.nhsuk-u-padding-3:nth-child(8) > .nhsuk-grid-row:nth-child(3) > .nhsuk-grid-column-one-half:nth-child(1) > .first-ad-job-info.ad-job-info.nhsuk-list > .marginBt[data-test=\"search-result-salary\"] > strong"]},{"any":[{"id":"region","data":{"isIframe":false},"relatedNodes":[],"impact":"moderate","message":"All page content is contained by landmarks"}],"all":[],"none":[],"impact":null,"html":"<li data-test=\"search-result-distance\" class=\"marginBt\">\n                Distance: \n                <strong class=\"nhsuk-u-font-weight-bold\">\n                  2 miles\n                </strong>\n              </li>","target":[".nhsuk-list-panel.search-result.nhsuk-u-padding-3:nth-child(8) > .nhsuk-grid-row:nth-child(3) > .nhsuk-grid-column-one-half:nth-child(1) > .first-ad-job-info.ad-job-info.nhsuk-list > .marginBt[data-test=\"search-result-distance\"]"]},{"any":[{"id":"region","data":{"isIframe":false},"relatedNodes":[],"impact":"moderate","message":"All page content is contained by landmarks"}],"all":[],"none":[],"impact":null,"html":"<strong class=\"nhsuk-u-font-weight-bold\">\n                  2 miles\n                </strong>","target":[".nhsuk-list-panel.search-result.nhsuk-u-padding-3:nth-child(8) > .nhsuk-grid-row:nth-child(3) > .nhsuk-grid-column-one-half:nth-child(1) > .first-ad-job-info.ad-job-info.nhsuk-list > .marginBt[data-test=\"search-result-distance\"] > strong"]},{"any":[{"id":"region","data":{"isIframe":false},"relatedNodes":[],"impact":"moderate","message":"All page content is contained by landmarks"}],"all":[],"none":[],"impact":null,"html":"<li data-test=\"search-result-publicationDate\">\n                Date posted: \n                <strong class=\"nhsuk-u-font-weight-bold\">\n                  17 June 2025\n                </strong>\n              </li>","target":[".nhsuk-list-panel.search-result.nhsuk-u-padding-3:nth-child(8) > .nhsuk-grid-row:nth-child(3) > .nhsuk-grid-column-one-half:nth-child(1) > .first-ad-job-info.ad-job-info.nhsuk-list > li[data-test=\"search-result-publicationDate\"]"]},{"any":[{"id":"region","data":{"isIframe":false},"relatedNodes":[],"impact":"moderate","message":"All page content is contained by landmarks"}],"all":[],"none":[],"impact":null,"html":"<strong class=\"nhsuk-u-font-weight-bold\">\n                  17 June 2025\n                </strong>","target":[".nhsuk-list-panel.search-result.nhsuk-u-padding-3:nth-child(8) > .nhsuk-grid-row:nth-child(3) > .nhsuk-grid-column-one-half:nth-child(1) > .first-ad-job-info.ad-job-info.nhsuk-list > li[data-test=\"search-result-publicationDate\"] > strong"]},{"any":[{"id":"region","data":{"isIframe":false},"relatedNodes":[],"impact":"moderate","message":"All page content is contained by landmarks"}],"all":[],"none":[],"impact":null,"html":"<div class=\"nhsuk-grid-column-one-half\">","target":[".nhsuk-list-panel.search-result.nhsuk-u-padding-3:nth-child(8) > .nhsuk-grid-row:nth-child(3) > .nhsuk-grid-column-one-half:nth-child(2)"]},{"any":[{"id":"region","data":{"isIframe":false},"relatedNodes":[],"impact":"moderate","message":"All page content is contained by landmarks"}],"all":[],"none":[],"impact":null,"html":"<ul class=\"ad-job-info nhsuk-list\">","target":[".nhsuk-list-panel.search-result.nhsuk-u-padding-3:nth-child(8) > .nhsuk-grid-row:nth-child(3) > .nhsuk-grid-column-one-half:nth-child(2) > .ad-job-info.nhsuk-list"]},{"any":[{"id":"region","data":{"isIframe":false},"relatedNodes":[],"impact":"moderate","message":"All page content is contained by landmarks"}],"all":[],"none":[],"impact":null,"html":"<li data-test=\"search-result-jobType\" class=\"marginBt\">\n              Contract type: \n              <strong class=\"nhsuk-u-font-weight-bold\">\n                Fixed-Term\n              </strong>\n            </li>","target":[".nhsuk-list-panel.search-result.nhsuk-u-padding-3:nth-child(8) > .nhsuk-grid-row:nth-child(3) > .nhsuk-grid-column-one-half:nth-child(2) > .ad-job-info.nhsuk-list > .marginBt[data-test=\"search-result-jobType\"]"]},{"any":[{"id":"region","data":{"isIframe":false},"relatedNodes":[],"impact":"moderate","message":"All page content is contained by landmarks"}],"all":[],"none":[],"impact":null,"html":"<strong class=\"nhsuk-u-font-weight-bold\">\n                Fixed-Term\n              </strong>","target":[".nhsuk-list-panel.search-result.nhsuk-u-padding-3:nth-child(8) > .nhsuk-grid-row:nth-child(3) > .nhsuk-grid-column-one-half:nth-child(2) > .ad-job-info.nhsuk-list > .marginBt[data-test=\"search-result-jobType\"] > strong"]},{"any":[{"id":"region","data":{"isIframe":false},"relatedNodes":[],"impact":"moderate","message":"All page content is contained by landmarks"}],"all":[],"none":[],"impact":null,"html":"<li data-test=\"search-result-workingPattern\" class=\"marginBt\">\n              Working pattern: \n              <strong class=\"nhsuk-u-font-weight-bold\">\n                Full time\n              </strong>\n            </li>","target":[".nhsuk-list-panel.search-result.nhsuk-u-padding-3:nth-child(8) > .nhsuk-grid-row:nth-child(3) > .nhsuk-grid-column-one-half:nth-child(2) > .ad-job-info.nhsuk-list > .marginBt[data-test=\"search-result-workingPattern\"]"]},{"any":[{"id":"region","data":{"isIframe":false},"relatedNodes":[],"impact":"moderate","message":"All page content is contained by landmarks"}],"all":[],"none":[],"impact":null,"html":"<strong class=\"nhsuk-u-font-weight-bold\">\n                Full time\n              </strong>","target":[".nhsuk-list-panel.search-result.nhsuk-u-padding-3:nth-child(8) > .nhsuk-grid-row:nth-child(3) > .nhsuk-grid-column-one-half:nth-child(2) > .ad-job-info.nhsuk-list > .marginBt[data-test=\"search-result-workingPattern\"] > strong"]},{"any":[{"id":"region","data":{"isIframe":false},"relatedNodes":[],"impact":"moderate","message":"All page content is contained by landmarks"}],"all":[],"none":[],"impact":null,"html":"<li data-test=\"search-result-closingDate\">\n                Closing date: \n                <strong class=\"nhsuk-u-font-weight-bold\">\n                  6 July 2025\n                </strong>\n              </li>","target":[".nhsuk-list-panel.search-result.nhsuk-u-padding-3:nth-child(8) > .nhsuk-grid-row:nth-child(3) > .nhsuk-grid-column-one-half:nth-child(2) > .ad-job-info.nhsuk-list > li[data-test=\"search-result-closingDate\"]"]},{"any":[{"id":"region","data":{"isIframe":false},"relatedNodes":[],"impact":"moderate","message":"All page content is contained by landmarks"}],"all":[],"none":[],"impact":null,"html":"<strong class=\"nhsuk-u-font-weight-bold\">\n                  6 July 2025\n                </strong>","target":[".nhsuk-list-panel.search-result.nhsuk-u-padding-3:nth-child(8) > .nhsuk-grid-row:nth-child(3) > .nhsuk-grid-column-one-half:nth-child(2) > .ad-job-info.nhsuk-list > li[data-test=\"search-result-closingDate\"] > strong"]},{"any":[{"id":"region","data":{"isIframe":false},"relatedNodes":[],"impact":"moderate","message":"All page content is contained by landmarks"}],"all":[],"none":[],"impact":null,"html":"<li class=\"nhsuk-list-panel search-result nhsuk-u-padding-3\" data-test=\"search-result\">","target":[".nhsuk-list-panel.search-result.nhsuk-u-padding-3:nth-child(9)"]},{"any":[{"id":"region","data":{"isIframe":false},"relatedNodes":[],"impact":"moderate","message":"All page content is contained by landmarks"}],"all":[],"none":[],"impact":null,"html":"<div class=\"nhsuk-grid-row\">","target":[".nhsuk-list-panel.search-result.nhsuk-u-padding-3:nth-child(9) > .nhsuk-grid-row:nth-child(1)"]},{"any":[{"id":"region","data":{"isIframe":false},"relatedNodes":[],"impact":"moderate","message":"All page content is contained by landmarks"}],"all":[],"none":[],"impact":null,"html":"<div class=\"nhsuk-grid-column-two-thirds\">","target":[".nhsuk-list-panel.search-result.nhsuk-u-padding-3:nth-child(9) > .nhsuk-grid-row:nth-child(1) > .nhsuk-grid-column-two-thirds"]},{"any":[{"id":"region","data":{"isIframe":false},"relatedNodes":[],"impact":"moderate","message":"All page content is contained by landmarks"}],"all":[],"none":[],"impact":null,"html":"<h2 class=\"nhsuk-heading-m nhsuk-u-margin-bottom-2\" id=\"job-title-9\">","target":["#job-title-9"]},{"any":[{"id":"region","data":{"isIframe":false},"relatedNodes":[],"impact":"moderate","message":"All page content is contained by landmarks"}],"all":[],"none":[],"impact":null,"html":"<a href=\"/candidate/jobadvert/C9190-25-0746?keyword=Doctor&amp;location=Sheffield&amp;distance=5&amp;language=en\" data-test=\"search-result-job-title\">\n              Specialist in Colorectal/General Surgery\n            </a>","target":["#job-title-9 > a[data-test=\"search-result-job-title\"]"]},{"any":[{"id":"region","data":{"isIframe":false},"relatedNodes":[],"impact":"moderate","message":"All page content is contained by landmarks"}],"all":[],"none":[],"impact":null,"html":"<div class=\"save-job nhsuk-u-margin-right-3\">","target":[".nhsuk-list-panel.search-result.nhsuk-u-padding-3:nth-child(9) > .nhsuk-grid-row:nth-child(1) > .save-job.nhsuk-u-margin-right-3"]},{"any":[{"id":"region","data":{"isIframe":false},"relatedNodes":[],"impact":"moderate","message":"All page content is contained by landmarks"}],"all":[],"none":[],"impact":null,"html":"<a href=\"/candidate/search/save-job/C9190-25-0746\" data-test=\"search-result-save-job\" aria-label=\"Save this job: Specialist in Colorectal/General Surgery (Reference number: C9190-25-0746)\">\n              Save this job\n            </a>","target":[".nhsuk-list-panel.search-result.nhsuk-u-padding-3:nth-child(9) > .nhsuk-grid-row:nth-child(1) > .save-job.nhsuk-u-margin-right-3 > a[data-test=\"search-result-save-job\"]"]},{"any":[{"id":"region","data":{"isIframe":false},"relatedNodes":[],"impact":"moderate","message":"All page content is contained by landmarks"}],"all":[],"none":[],"impact":null,"html":"<div class=\"nhsuk-u-margin-bottom-4\" data-test=\"search-result-location\">","target":[".nhsuk-list-panel.search-result.nhsuk-u-padding-3:nth-child(9) > .nhsuk-u-margin-bottom-4[data-test=\"search-result-location\"]"]},{"any":[{"id":"region","data":{"isIframe":false},"relatedNodes":[],"impact":"moderate","message":"All page content is contained by landmarks"}],"all":[],"none":[],"impact":null,"html":"<h3 class=\"nhsuk-u-font-weight-bold\">\n          Sheffield Teaching Hospitals NHS Foundation Trust\n          <div class=\"location-font-size\">\n            \n              Sheffield S10 2JF\n            \n          </div>\n        </h3>","target":[".nhsuk-list-panel.search-result.nhsuk-u-padding-3:nth-child(9) > .nhsuk-u-margin-bottom-4[data-test=\"search-result-location\"] > h3"]},{"any":[{"id":"region","data":{"isIframe":false},"relatedNodes":[],"impact":"moderate","message":"All page content is contained by landmarks"}],"all":[],"none":[],"impact":null,"html":"<div class=\"location-font-size\">\n            \n              Sheffield S10 2JF\n            \n          </div>","target":[".nhsuk-list-panel.search-result.nhsuk-u-padding-3:nth-child(9) > .nhsuk-u-margin-bottom-4[data-test=\"search-result-location\"] > h3 > .location-font-size"]},{"any":[{"id":"region","data":{"isIframe":false},"relatedNodes":[],"impact":"moderate","message":"All page content is contained by landmarks"}],"all":[],"none":[],"impact":null,"html":"<div class=\"nhsuk-grid-row\">","target":[".nhsuk-list-panel.search-result.nhsuk-u-padding-3:nth-child(9) > .nhsuk-grid-row:nth-child(3)"]},{"any":[{"id":"region","data":{"isIframe":false},"relatedNodes":[],"impact":"moderate","message":"All page content is contained by landmarks"}],"all":[],"none":[],"impact":null,"html":"<div class=\"nhsuk-grid-column-one-half\">","target":[".nhsuk-list-panel.search-result.nhsuk-u-padding-3:nth-child(9) > .nhsuk-grid-row:nth-child(3) > .nhsuk-grid-column-one-half:nth-child(1)"]},{"any":[{"id":"region","data":{"isIframe":false},"relatedNodes":[],"impact":"moderate","message":"All page content is contained by landmarks"}],"all":[],"none":[],"impact":null,"html":"<ul class=\"ad-job-info nhsuk-list first-ad-job-info\">","target":[".nhsuk-list-panel.search-result.nhsuk-u-padding-3:nth-child(9) > .nhsuk-grid-row:nth-child(3) > .nhsuk-grid-column-one-half:nth-child(1) > .first-ad-job-info.ad-job-info.nhsuk-list"]},{"any":[{"id":"region","data":{"isIframe":false},"relatedNodes":[],"impact":"moderate","message":"All page content is contained by landmarks"}],"all":[],"none":[],"impact":null,"html":"<li data-test=\"search-result-salary\" class=\"marginBt\">\n                Salary: \n                <strong class=\"nhsuk-u-font-weight-bold\">\n                  £96,990 to £107,155\n                  \n                    a year\n                  \n                </strong>\n              </li>","target":[".nhsuk-list-panel.search-result.nhsuk-u-padding-3:nth-child(9) > .nhsuk-grid-row:nth-child(3) > .nhsuk-grid-column-one-half:nth-child(1) > .first-ad-job-info.ad-job-info.nhsuk-list > .marginBt[data-test=\"search-result-salary\"]"]},{"any":[{"id":"region","data":{"isIframe":false},"relatedNodes":[],"impact":"moderate","message":"All page content is contained by landmarks"}],"all":[],"none":[],"impact":null,"html":"<strong class=\"nhsuk-u-font-weight-bold\">\n                  £96,990 to £107,155\n                  \n                    a year\n                  \n                </strong>","target":[".nhsuk-list-panel.search-result.nhsuk-u-padding-3:nth-child(9) > .nhsuk-grid-row:nth-child(3) > .nhsuk-grid-column-one-half:nth-child(1) > .first-ad-job-info.ad-job-info.nhsuk-list > .marginBt[data-test=\"search-result-salary\"] > strong"]},{"any":[{"id":"region","data":{"isIframe":false},"relatedNodes":[],"impact":"moderate","message":"All page content is contained by landmarks"}],"all":[],"none":[],"impact":null,"html":"<li data-test=\"search-result-distance\" class=\"marginBt\">\n                Distance: \n                <strong class=\"nhsuk-u-font-weight-bold\">\n                  1.8 miles\n                </strong>\n              </li>","target":[".nhsuk-list-panel.search-result.nhsuk-u-padding-3:nth-child(9) > .nhsuk-grid-row:nth-child(3) > .nhsuk-grid-column-one-half:nth-child(1) > .first-ad-job-info.ad-job-info.nhsuk-list > .marginBt[data-test=\"search-result-distance\"]"]},{"any":[{"id":"region","data":{"isIframe":false},"relatedNodes":[],"impact":"moderate","message":"All page content is contained by landmarks"}],"all":[],"none":[],"impact":null,"html":"<strong class=\"nhsuk-u-font-weight-bold\">\n                  1.8 miles\n                </strong>","target":[".nhsuk-list-panel.search-result.nhsuk-u-padding-3:nth-child(9) > .nhsuk-grid-row:nth-child(3) > .nhsuk-grid-column-one-half:nth-child(1) > .first-ad-job-info.ad-job-info.nhsuk-list > .marginBt[data-test=\"search-result-distance\"] > strong"]},{"any":[{"id":"region","data":{"isIframe":false},"relatedNodes":[],"impact":"moderate","message":"All page content is contained by landmarks"}],"all":[],"none":[],"impact":null,"html":"<li data-test=\"search-result-publicationDate\">\n                Date posted: \n                <strong class=\"nhsuk-u-font-weight-bold\">\n                  23 June 2025\n                </strong>\n              </li>","target":[".nhsuk-list-panel.search-result.nhsuk-u-padding-3:nth-child(9) > .nhsuk-grid-row:nth-child(3) > .nhsuk-grid-column-one-half:nth-child(1) > .first-ad-job-info.ad-job-info.nhsuk-list > li[data-test=\"search-result-publicationDate\"]"]},{"any":[{"id":"region","data":{"isIframe":false},"relatedNodes":[],"impact":"moderate","message":"All page content is contained by landmarks"}],"all":[],"none":[],"impact":null,"html":"<strong class=\"nhsuk-u-font-weight-bold\">\n                  23 June 2025\n                </strong>","target":[".nhsuk-list-panel.search-result.nhsuk-u-padding-3:nth-child(9) > .nhsuk-grid-row:nth-child(3) > .nhsuk-grid-column-one-half:nth-child(1) > .first-ad-job-info.ad-job-info.nhsuk-list > li[data-test=\"search-result-publicationDate\"] > strong"]},{"any":[{"id":"region","data":{"isIframe":false},"relatedNodes":[],"impact":"moderate","message":"All page content is contained by landmarks"}],"all":[],"none":[],"impact":null,"html":"<div class=\"nhsuk-grid-column-one-half\">","target":[".nhsuk-list-panel.search-result.nhsuk-u-padding-3:nth-child(9) > .nhsuk-grid-row:nth-child(3) > .nhsuk-grid-column-one-half:nth-child(2)"]},{"any":[{"id":"region","data":{"isIframe":false},"relatedNodes":[],"impact":"moderate","message":"All page content is contained by landmarks"}],"all":[],"none":[],"impact":null,"html":"<ul class=\"ad-job-info nhsuk-list\">","target":[".nhsuk-list-panel.search-result.nhsuk-u-padding-3:nth-child(9) > .nhsuk-grid-row:nth-child(3) > .nhsuk-grid-column-one-half:nth-child(2) > .ad-job-info.nhsuk-list"]},{"any":[{"id":"region","data":{"isIframe":false},"relatedNodes":[],"impact":"moderate","message":"All page content is contained by landmarks"}],"all":[],"none":[],"impact":null,"html":"<li data-test=\"search-result-jobType\" class=\"marginBt\">\n              Contract type: \n              <strong class=\"nhsuk-u-font-weight-bold\">\n                Permanent\n              </strong>\n            </li>","target":[".nhsuk-list-panel.search-result.nhsuk-u-padding-3:nth-child(9) > .nhsuk-grid-row:nth-child(3) > .nhsuk-grid-column-one-half:nth-child(2) > .ad-job-info.nhsuk-list > .marginBt[data-test=\"search-result-jobType\"]"]},{"any":[{"id":"region","data":{"isIframe":false},"relatedNodes":[],"impact":"moderate","message":"All page content is contained by landmarks"}],"all":[],"none":[],"impact":null,"html":"<strong class=\"nhsuk-u-font-weight-bold\">\n                Permanent\n              </strong>","target":[".nhsuk-list-panel.search-result.nhsuk-u-padding-3:nth-child(9) > .nhsuk-grid-row:nth-child(3) > .nhsuk-grid-column-one-half:nth-child(2) > .ad-job-info.nhsuk-list > .marginBt[data-test=\"search-result-jobType\"] > strong"]},{"any":[{"id":"region","data":{"isIframe":false},"relatedNodes":[],"impact":"moderate","message":"All page content is contained by landmarks"}],"all":[],"none":[],"impact":null,"html":"<li data-test=\"search-result-workingPattern\" class=\"marginBt\">\n              Working pattern: \n              <strong class=\"nhsuk-u-font-weight-bold\">\n                Full time\n              </strong>\n            </li>","target":[".nhsuk-list-panel.search-result.nhsuk-u-padding-3:nth-child(9) > .nhsuk-grid-row:nth-child(3) > .nhsuk-grid-column-one-half:nth-child(2) > .ad-job-info.nhsuk-list > .marginBt[data-test=\"search-result-workingPattern\"]"]},{"any":[{"id":"region","data":{"isIframe":false},"relatedNodes":[],"impact":"moderate","message":"All page content is contained by landmarks"}],"all":[],"none":[],"impact":null,"html":"<strong class=\"nhsuk-u-font-weight-bold\">\n                Full time\n              </strong>","target":[".nhsuk-list-panel.search-result.nhsuk-u-padding-3:nth-child(9) > .nhsuk-grid-row:nth-child(3) > .nhsuk-grid-column-one-half:nth-child(2) > .ad-job-info.nhsuk-list > .marginBt[data-test=\"search-result-workingPattern\"] > strong"]},{"any":[{"id":"region","data":{"isIframe":false},"relatedNodes":[],"impact":"moderate","message":"All page content is contained by landmarks"}],"all":[],"none":[],"impact":null,"html":"<li data-test=\"search-result-closingDate\">\n                Closing date: \n                <strong class=\"nhsuk-u-font-weight-bold\">\n                  29 June 2025\n                </strong>\n              </li>","target":[".nhsuk-list-panel.search-result.nhsuk-u-padding-3:nth-child(9) > .nhsuk-grid-row:nth-child(3) > .nhsuk-grid-column-one-half:nth-child(2) > .ad-job-info.nhsuk-list > li[data-test=\"search-result-closingDate\"]"]},{"any":[{"id":"region","data":{"isIframe":false},"relatedNodes":[],"impact":"moderate","message":"All page content is contained by landmarks"}],"all":[],"none":[],"impact":null,"html":"<strong class=\"nhsuk-u-font-weight-bold\">\n                  29 June 2025\n                </strong>","target":[".nhsuk-list-panel.search-result.nhsuk-u-padding-3:nth-child(9) > .nhsuk-grid-row:nth-child(3) > .nhsuk-grid-column-one-half:nth-child(2) > .ad-job-info.nhsuk-list > li[data-test=\"search-result-closingDate\"] > strong"]},{"any":[{"id":"region","data":{"isIframe":false},"relatedNodes":[],"impact":"moderate","message":"All page content is contained by landmarks"}],"all":[],"none":[],"impact":null,"html":"<li class=\"nhsuk-list-panel search-result nhsuk-u-padding-3\" data-test=\"search-result\">","target":[".nhsuk-list-panel.search-result.nhsuk-u-padding-3:nth-child(10)"]},{"any":[{"id":"region","data":{"isIframe":false},"relatedNodes":[],"impact":"moderate","message":"All page content is contained by landmarks"}],"all":[],"none":[],"impact":null,"html":"<div class=\"nhsuk-grid-row\">","target":[".nhsuk-list-panel.search-result.nhsuk-u-padding-3:nth-child(10) > .nhsuk-grid-row:nth-child(1)"]},{"any":[{"id":"region","data":{"isIframe":false},"relatedNodes":[],"impact":"moderate","message":"All page content is contained by landmarks"}],"all":[],"none":[],"impact":null,"html":"<div class=\"nhsuk-grid-column-two-thirds\">","target":[".nhsuk-list-panel.search-result.nhsuk-u-padding-3:nth-child(10) > .nhsuk-grid-row:nth-child(1) > .nhsuk-grid-column-two-thirds"]},{"any":[{"id":"region","data":{"isIframe":false},"relatedNodes":[],"impact":"moderate","message":"All page content is contained by landmarks"}],"all":[],"none":[],"impact":null,"html":"<h2 class=\"nhsuk-heading-m nhsuk-u-margin-bottom-2\" id=\"job-title-10\">","target":["#job-title-10"]},{"any":[{"id":"region","data":{"isIframe":false},"relatedNodes":[],"impact":"moderate","message":"All page content is contained by landmarks"}],"all":[],"none":[],"impact":null,"html":"<a href=\"/candidate/jobadvert/C9190-25-0690?keyword=Doctor&amp;location=Sheffield&amp;distance=5&amp;language=en\" data-test=\"search-result-job-title\">\n              LAS ST3+ in Hepatology\n            </a>","target":["#job-title-10 > a[data-test=\"search-result-job-title\"]"]},{"any":[{"id":"region","data":{"isIframe":false},"relatedNodes":[],"impact":"moderate","message":"All page content is contained by landmarks"}],"all":[],"none":[],"impact":null,"html":"<div class=\"save-job nhsuk-u-margin-right-3\">","target":[".nhsuk-list-panel.search-result.nhsuk-u-padding-3:nth-child(10) > .nhsuk-grid-row:nth-child(1) > .save-job.nhsuk-u-margin-right-3"]},{"any":[{"id":"region","data":{"isIframe":false},"relatedNodes":[],"impact":"moderate","message":"All page content is contained by landmarks"}],"all":[],"none":[],"impact":null,"html":"<a href=\"/candidate/search/save-job/C9190-25-0690\" data-test=\"search-result-save-job\" aria-label=\"Save this job: LAS ST3+ in Hepatology (Reference number: C9190-25-0690)\">\n              Save this job\n            </a>","target":[".nhsuk-list-panel.search-result.nhsuk-u-padding-3:nth-child(10) > .nhsuk-grid-row:nth-child(1) > .save-job.nhsuk-u-margin-right-3 > a[data-test=\"search-result-save-job\"]"]},{"any":[{"id":"region","data":{"isIframe":false},"relatedNodes":[],"impact":"moderate","message":"All page content is contained by landmarks"}],"all":[],"none":[],"impact":null,"html":"<div class=\"nhsuk-u-margin-bottom-4\" data-test=\"search-result-location\">","target":[".nhsuk-list-panel.search-result.nhsuk-u-padding-3:nth-child(10) > .nhsuk-u-margin-bottom-4[data-test=\"search-result-location\"]"]},{"any":[{"id":"region","data":{"isIframe":false},"relatedNodes":[],"impact":"moderate","message":"All page content is contained by landmarks"}],"all":[],"none":[],"impact":null,"html":"<h3 class=\"nhsuk-u-font-weight-bold\">\n          Sheffield Teaching Hospitals NHS Foundation Trust\n          <div class=\"location-font-size\">\n            \n              Sheffield S5 7AU\n            \n          </div>\n        </h3>","target":[".nhsuk-list-panel.search-result.nhsuk-u-padding-3:nth-child(10) > .nhsuk-u-margin-bottom-4[data-test=\"search-result-location\"] > h3"]},{"any":[{"id":"region","data":{"isIframe":false},"relatedNodes":[],"impact":"moderate","message":"All page content is contained by landmarks"}],"all":[],"none":[],"impact":null,"html":"<div class=\"location-font-size\">\n            \n              Sheffield S5 7AU\n            \n          </div>","target":[".nhsuk-list-panel.search-result.nhsuk-u-padding-3:nth-child(10) > .nhsuk-u-margin-bottom-4[data-test=\"search-result-location\"] > h3 > .location-font-size"]},{"any":[{"id":"region","data":{"isIframe":false},"relatedNodes":[],"impact":"moderate","message":"All page content is contained by landmarks"}],"all":[],"none":[],"impact":null,"html":"<div class=\"nhsuk-grid-row\">","target":[".nhsuk-list-panel.search-result.nhsuk-u-padding-3:nth-child(10) > .nhsuk-grid-row:nth-child(3)"]},{"any":[{"id":"region","data":{"isIframe":false},"relatedNodes":[],"impact":"moderate","message":"All page content is contained by landmarks"}],"all":[],"none":[],"impact":null,"html":"<div class=\"nhsuk-grid-column-one-half\">","target":[".nhsuk-list-panel.search-result.nhsuk-u-padding-3:nth-child(10) > .nhsuk-grid-row:nth-child(3) > .nhsuk-grid-column-one-half:nth-child(1)"]},{"any":[{"id":"region","data":{"isIframe":false},"relatedNodes":[],"impact":"moderate","message":"All page content is contained by landmarks"}],"all":[],"none":[],"impact":null,"html":"<ul class=\"ad-job-info nhsuk-list first-ad-job-info\">","target":[".nhsuk-list-panel.search-result.nhsuk-u-padding-3:nth-child(10) > .nhsuk-grid-row:nth-child(3) > .nhsuk-grid-column-one-half:nth-child(1) > .first-ad-job-info.ad-job-info.nhsuk-list"]},{"any":[{"id":"region","data":{"isIframe":false},"relatedNodes":[],"impact":"moderate","message":"All page content is contained by landmarks"}],"all":[],"none":[],"impact":null,"html":"<li data-test=\"search-result-salary\" class=\"marginBt\">\n                Salary: \n                <strong class=\"nhsuk-u-font-weight-bold\">\n                  £61,825\n                  \n                    a year\n                  \n                </strong>\n              </li>","target":[".nhsuk-list-panel.search-result.nhsuk-u-padding-3:nth-child(10) > .nhsuk-grid-row:nth-child(3) > .nhsuk-grid-column-one-half:nth-child(1) > .first-ad-job-info.ad-job-info.nhsuk-list > .marginBt[data-test=\"search-result-salary\"]"]},{"any":[{"id":"region","data":{"isIframe":false},"relatedNodes":[],"impact":"moderate","message":"All page content is contained by landmarks"}],"all":[],"none":[],"impact":null,"html":"<strong class=\"nhsuk-u-font-weight-bold\">\n                  £61,825\n                  \n                    a year\n                  \n                </strong>","target":[".nhsuk-list-panel.search-result.nhsuk-u-padding-3:nth-child(10) > .nhsuk-grid-row:nth-child(3) > .nhsuk-grid-column-one-half:nth-child(1) > .first-ad-job-info.ad-job-info.nhsuk-list > .marginBt[data-test=\"search-result-salary\"] > strong"]},{"any":[{"id":"region","data":{"isIframe":false},"relatedNodes":[],"impact":"moderate","message":"All page content is contained by landmarks"}],"all":[],"none":[],"impact":null,"html":"<li data-test=\"search-result-distance\" class=\"marginBt\">\n                Distance: \n                <strong class=\"nhsuk-u-font-weight-bold\">\n                  2 miles\n                </strong>\n              </li>","target":[".nhsuk-list-panel.search-result.nhsuk-u-padding-3:nth-child(10) > .nhsuk-grid-row:nth-child(3) > .nhsuk-grid-column-one-half:nth-child(1) > .first-ad-job-info.ad-job-info.nhsuk-list > .marginBt[data-test=\"search-result-distance\"]"]},{"any":[{"id":"region","data":{"isIframe":false},"relatedNodes":[],"impact":"moderate","message":"All page content is contained by landmarks"}],"all":[],"none":[],"impact":null,"html":"<strong class=\"nhsuk-u-font-weight-bold\">\n                  2 miles\n                </strong>","target":[".nhsuk-list-panel.search-result.nhsuk-u-padding-3:nth-child(10) > .nhsuk-grid-row:nth-child(3) > .nhsuk-grid-column-one-half:nth-child(1) > .first-ad-job-info.ad-job-info.nhsuk-list > .marginBt[data-test=\"search-result-distance\"] > strong"]},{"any":[{"id":"region","data":{"isIframe":false},"relatedNodes":[],"impact":"moderate","message":"All page content is contained by landmarks"}],"all":[],"none":[],"impact":null,"html":"<li data-test=\"search-result-publicationDate\">\n                Date posted: \n                <strong class=\"nhsuk-u-font-weight-bold\">\n                  12 June 2025\n                </strong>\n              </li>","target":[".nhsuk-list-panel.search-result.nhsuk-u-padding-3:nth-child(10) > .nhsuk-grid-row:nth-child(3) > .nhsuk-grid-column-one-half:nth-child(1) > .first-ad-job-info.ad-job-info.nhsuk-list > li[data-test=\"search-result-publicationDate\"]"]},{"any":[{"id":"region","data":{"isIframe":false},"relatedNodes":[],"impact":"moderate","message":"All page content is contained by landmarks"}],"all":[],"none":[],"impact":null,"html":"<strong class=\"nhsuk-u-font-weight-bold\">\n                  12 June 2025\n                </strong>","target":[".nhsuk-list-panel.search-result.nhsuk-u-padding-3:nth-child(10) > .nhsuk-grid-row:nth-child(3) > .nhsuk-grid-column-one-half:nth-child(1) > .first-ad-job-info.ad-job-info.nhsuk-list > li[data-test=\"search-result-publicationDate\"] > strong"]},{"any":[{"id":"region","data":{"isIframe":false},"relatedNodes":[],"impact":"moderate","message":"All page content is contained by landmarks"}],"all":[],"none":[],"impact":null,"html":"<div class=\"nhsuk-grid-column-one-half\">","target":[".nhsuk-list-panel.search-result.nhsuk-u-padding-3:nth-child(10) > .nhsuk-grid-row:nth-child(3) > .nhsuk-grid-column-one-half:nth-child(2)"]},{"any":[{"id":"region","data":{"isIframe":false},"relatedNodes":[],"impact":"moderate","message":"All page content is contained by landmarks"}],"all":[],"none":[],"impact":null,"html":"<ul class=\"ad-job-info nhsuk-list\">","target":[".nhsuk-list-panel.search-result.nhsuk-u-padding-3:nth-child(10) > .nhsuk-grid-row:nth-child(3) > .nhsuk-grid-column-one-half:nth-child(2) > .ad-job-info.nhsuk-list"]},{"any":[{"id":"region","data":{"isIframe":false},"relatedNodes":[],"impact":"moderate","message":"All page content is contained by landmarks"}],"all":[],"none":[],"impact":null,"html":"<li data-test=\"search-result-jobType\" class=\"marginBt\">\n              Contract type: \n              <strong class=\"nhsuk-u-font-weight-bold\">\n                Fixed-Term\n              </strong>\n            </li>","target":[".nhsuk-list-panel.search-result.nhsuk-u-padding-3:nth-child(10) > .nhsuk-grid-row:nth-child(3) > .nhsuk-grid-column-one-half:nth-child(2) > .ad-job-info.nhsuk-list > .marginBt[data-test=\"search-result-jobType\"]"]},{"any":[{"id":"region","data":{"isIframe":false},"relatedNodes":[],"impact":"moderate","message":"All page content is contained by landmarks"}],"all":[],"none":[],"impact":null,"html":"<strong class=\"nhsuk-u-font-weight-bold\">\n                Fixed-Term\n              </strong>","target":[".nhsuk-list-panel.search-result.nhsuk-u-padding-3:nth-child(10) > .nhsuk-grid-row:nth-child(3) > .nhsuk-grid-column-one-half:nth-child(2) > .ad-job-info.nhsuk-list > .marginBt[data-test=\"search-result-jobType\"] > strong"]},{"any":[{"id":"region","data":{"isIframe":false},"relatedNodes":[],"impact":"moderate","message":"All page content is contained by landmarks"}],"all":[],"none":[],"impact":null,"html":"<li data-test=\"search-result-workingPattern\" class=\"marginBt\">\n              Working pattern: \n              <strong class=\"nhsuk-u-font-weight-bold\">\n                Full time\n              </strong>\n            </li>","target":[".nhsuk-list-panel.search-result.nhsuk-u-padding-3:nth-child(10) > .nhsuk-grid-row:nth-child(3) > .nhsuk-grid-column-one-half:nth-child(2) > .ad-job-info.nhsuk-list > .marginBt[data-test=\"search-result-workingPattern\"]"]},{"any":[{"id":"region","data":{"isIframe":false},"relatedNodes":[],"impact":"moderate","message":"All page content is contained by landmarks"}],"all":[],"none":[],"impact":null,"html":"<strong class=\"nhsuk-u-font-weight-bold\">\n                Full time\n              </strong>","target":[".nhsuk-list-panel.search-result.nhsuk-u-padding-3:nth-child(10) > .nhsuk-grid-row:nth-child(3) > .nhsuk-grid-column-one-half:nth-child(2) > .ad-job-info.nhsuk-list > .marginBt[data-test=\"search-result-workingPattern\"] > strong"]},{"any":[{"id":"region","data":{"isIframe":false},"relatedNodes":[],"impact":"moderate","message":"All page content is contained by landmarks"}],"all":[],"none":[],"impact":null,"html":"<li data-test=\"search-result-closingDate\">\n                Closing date: \n                <strong class=\"nhsuk-u-font-weight-bold\">\n                  25 June 2025\n                </strong>\n              </li>","target":[".nhsuk-list-panel.search-result.nhsuk-u-padding-3:nth-child(10) > .nhsuk-grid-row:nth-child(3) > .nhsuk-grid-column-one-half:nth-child(2) > .ad-job-info.nhsuk-list > li[data-test=\"search-result-closingDate\"]"]},{"any":[{"id":"region","data":{"isIframe":false},"relatedNodes":[],"impact":"moderate","message":"All page content is contained by landmarks"}],"all":[],"none":[],"impact":null,"html":"<strong class=\"nhsuk-u-font-weight-bold\">\n                  25 June 2025\n                </strong>","target":[".nhsuk-list-panel.search-result.nhsuk-u-padding-3:nth-child(10) > .nhsuk-grid-row:nth-child(3) > .nhsuk-grid-column-one-half:nth-child(2) > .ad-job-info.nhsuk-list > li[data-test=\"search-result-closingDate\"] > strong"]},{"any":[{"id":"region","data":{"isIframe":false},"relatedNodes":[],"impact":"moderate","message":"All page content is contained by landmarks"}],"all":[],"none":[],"impact":null,"html":"<nav class=\"nhsuk-pagination\" role=\"navigation\" aria-label=\"Pagination\">","target":[".nhsuk-pagination"]},{"any":[{"id":"region","data":{"isIframe":false},"relatedNodes":[],"impact":"moderate","message":"All page content is contained by landmarks"}],"all":[],"none":[],"impact":null,"html":"<ul class=\"nhsuk-list nhsuk-pagination__list\">","target":[".nhsuk-pagination__list"]},{"any":[{"id":"region","data":{"isIframe":false},"relatedNodes":[],"impact":"moderate","message":"All page content is contained by landmarks"}],"all":[],"none":[],"impact":null,"html":"<li class=\"nhsuk-pagination-item--previous\">\n      \n    </li>","target":[".nhsuk-pagination-item--previous"]},{"any":[{"id":"region","data":{"isIframe":false},"relatedNodes":[],"impact":"moderate","message":"All page content is contained by landmarks"}],"all":[],"none":[],"impact":null,"html":"<li class=\"nhsuk-pagination-item--next\">","target":[".nhsuk-pagination-item--next"]},{"any":[{"id":"region","data":{"isIframe":false},"relatedNodes":[],"impact":"moderate","message":"All page content is contained by landmarks"}],"all":[],"none":[],"impact":null,"html":"<a class=\"nhsuk-pagination__link nhsuk-pagination__link--next\" href=\"/candidate/search/results?keyword=Doctor&amp;location=Sheffield&amp;distance=5&amp;language=en&amp;page=2\" data-test=\"search-next-page\">","target":[".nhsuk-pagination__link"]},{"any":[{"id":"region","data":{"isIframe":false},"relatedNodes":[],"impact":"moderate","message":"All page content is contained by landmarks"}],"all":[],"none":[],"impact":null,"html":"<span class=\"nhsuk-pagination__title\">Next</span>","target":[".nhsuk-pagination__title"]},{"any":[{"id":"region","data":{"isIframe":false},"relatedNodes":[],"impact":"moderate","message":"All page content is contained by landmarks"}],"all":[],"none":[],"impact":null,"html":"<span class=\"nhsuk-pagination__page\">Page 2 of 3</span>","target":[".nhsuk-pagination__page"]},{"any":[{"id":"region","data":{"isIframe":false},"relatedNodes":[],"impact":"moderate","message":"All page content is contained by landmarks"}],"all":[],"none":[],"impact":null,"html":"<footer role=\"contentinfo\">","target":["footer"]},{"any":[{"id":"region","data":{"isIframe":false},"relatedNodes":[],"impact":"moderate","message":"All page content is contained by landmarks"}],"all":[],"none":[],"impact":null,"html":"<div class=\"nhsuk-footer\" id=\"nhsuk-footer\">","target":["#nhsuk-footer"]},{"any":[{"id":"region","data":{"isIframe":false},"relatedNodes":[],"impact":"moderate","message":"All page content is contained by landmarks"}],"all":[],"none":[],"impact":null,"html":"<div class=\"nhsuk-width-container\">","target":["#nhsuk-footer > .nhsuk-width-container"]},{"any":[{"id":"region","data":{"isIframe":false},"relatedNodes":[],"impact":"moderate","message":"All page content is contained by landmarks"}],"all":[],"none":[],"impact":null,"html":"<h2 class=\"nhsuk-u-visually-hidden\">Support links</h2>","target":[".nhsuk-width-container > .nhsuk-u-visually-hidden"]},{"any":[{"id":"region","data":{"isIframe":false},"relatedNodes":[],"impact":"moderate","message":"All page content is contained by landmarks"}],"all":[],"none":[],"impact":null,"html":"<ul class=\"nhsuk-footer__list adjust-width\">","target":[".nhsuk-footer__list"]},{"any":[{"id":"region","data":{"isIframe":false},"relatedNodes":[],"impact":"moderate","message":"All page content is contained by landmarks"}],"all":[],"none":[],"impact":null,"html":"<li class=\"nhsuk-footer__list-item\">\n          <a class=\"nhsuk-footer__list-item-link\" target=\"_blank\" id=\"privacy\" href=\"/candidate/privacy-policy\">Privacy policy</a>\n        </li>","target":[".nhsuk-footer__list-item:nth-child(1)"]},{"any":[{"id":"region","data":{"isIframe":false},"relatedNodes":[],"impact":"moderate","message":"All page content is contained by landmarks"}],"all":[],"none":[],"impact":null,"html":"<a class=\"nhsuk-footer__list-item-link\" target=\"_blank\" id=\"privacy\" href=\"/candidate/privacy-policy\">Privacy policy</a>","target":["#privacy"]},{"any":[{"id":"region","data":{"isIframe":false},"relatedNodes":[],"impact":"moderate","message":"All page content is contained by landmarks"}],"all":[],"none":[],"impact":null,"html":"<li class=\"nhsuk-footer__list-item\">\n          <a class=\"nhsuk-footer__list-item-link\" target=\"_blank\" id=\"acceptableUse\" href=\"/candidate/acceptable-use\">Terms and conditions</a>\n        </li>","target":[".nhsuk-footer__list-item:nth-child(2)"]},{"any":[{"id":"region","data":{"isIframe":false},"relatedNodes":[],"impact":"moderate","message":"All page content is contained by landmarks"}],"all":[],"none":[],"impact":null,"html":"<a class=\"nhsuk-footer__list-item-link\" target=\"_blank\" id=\"acceptableUse\" href=\"/candidate/acceptable-use\">Terms and conditions</a>","target":["#acceptableUse"]},{"any":[{"id":"region","data":{"isIframe":false},"relatedNodes":[],"impact":"moderate","message":"All page content is contained by landmarks"}],"all":[],"none":[],"impact":null,"html":"<li class=\"nhsuk-footer__list-item\">\n          <a class=\"nhsuk-footer__list-item-link\" target=\"_blank\" id=\"accessibility\" href=\"https://www.nhsbsa.nhs.uk/our-policies/accessibility/accessibility-statement-nhs-jobs-applicants\">Accessibility Statement</a>\n        </li>","target":[".nhsuk-footer__list-item:nth-child(3)"]},{"any":[{"id":"region","data":{"isIframe":false},"relatedNodes":[],"impact":"moderate","message":"All page content is contained by landmarks"}],"all":[],"none":[],"impact":null,"html":"<a class=\"nhsuk-footer__list-item-link\" target=\"_blank\" id=\"accessibility\" href=\"https://www.nhsbsa.nhs.uk/our-policies/accessibility/accessibility-statement-nhs-jobs-applicants\">Accessibility Statement</a>","target":["#accessibility"]},{"any":[{"id":"region","data":{"isIframe":false},"relatedNodes":[],"impact":"moderate","message":"All page content is contained by landmarks"}],"all":[],"none":[],"impact":null,"html":"<li class=\"nhsuk-footer__list-item\">\n          <a class=\"nhsuk-footer__list-item-link\" target=\"_blank\" id=\"cookies\" href=\"/candidate/cookies\">Cookies</a>\n        </li>","target":[".nhsuk-footer__list-item:nth-child(4)"]},{"any":[{"id":"region","data":{"isIframe":false},"relatedNodes":[],"impact":"moderate","message":"All page content is contained by landmarks"}],"all":[],"none":[],"impact":null,"html":"<a class=\"nhsuk-footer__list-item-link\" target=\"_blank\" id=\"cookies\" href=\"/candidate/cookies\">Cookies</a>","target":["#cookies"]},{"any":[{"id":"region","data":{"isIframe":false},"relatedNodes":[],"impact":"moderate","message":"All page content is contained by landmarks"}],"all":[],"none":[],"impact":null,"html":"<li class=\"nhsuk-footer__list-item\">\n          <a class=\"nhsuk-footer__list-item-link\" target=\"_blank\" id=\"helpText\" href=\"https://www.nhsbsa.nhs.uk/new-nhs-jobs-service/help-and-support-applicants\">How to apply for jobs</a>\n        </li>","target":[".nhsuk-footer__list-item:nth-child(5)"]},{"any":[{"id":"region","data":{"isIframe":false},"relatedNodes":[],"impact":"moderate","message":"All page content is contained by landmarks"}],"all":[],"none":[],"impact":null,"html":"<a class=\"nhsuk-footer__list-item-link\" target=\"_blank\" id=\"helpText\" href=\"https://www.nhsbsa.nhs.uk/new-nhs-jobs-service/help-and-support-applicants\">How to apply for jobs</a>","target":["#helpText"]},{"any":[{"id":"region","data":{"isIframe":false},"relatedNodes":[],"impact":"moderate","message":"All page content is contained by landmarks"}],"all":[],"none":[],"impact":null,"html":"<p class=\"nhsuk-footer__copyright\">© Crown copyright</p>","target":[".nhsuk-footer__copyright"]}]},{"id":"scrollable-region-focusable","impact":null,"tags":["cat.keyboard","wcag2a","wcag211","TTv5","TT4.a"],"description":"Ensure elements that have scrollable content are accessible by keyboard","help":"Scrollable region must have keyboard access","helpUrl":"https://dequeuniversity.com/rules/axe/4.7/scrollable-region-focusable?application=axeAPI","nodes":[{"any":[{"id":"focusable-content","data":null,"relatedNodes":[],"impact":"serious","message":"Element contains focusable elements"}],"all":[],"none":[],"impact":null,"html":"<html lang=\"en\" style=\"\">","target":["html"]}]},{"id":"select-name","impact":null,"tags":["cat.forms","wcag2a","wcag412","section508","section508.22.n","ACT","TTv5","TT5.c"],"description":"Ensures select element has an accessible name","help":"Select element must have an accessible name","helpUrl":"https://dequeuniversity.com/rules/axe/4.7/select-name?application=axeAPI","nodes":[{"any":[{"id":"explicit-label","data":null,"relatedNodes":[{"html":"<label class=\"nhsuk-u-visually-hidden\" for=\"distance\"> Distance </label>","target":["label[for=\"distance\"]"]}],"impact":"critical","message":"Form element has an explicit <label>"}],"all":[],"none":[{"id":"hidden-explicit-label","data":null,"relatedNodes":[],"impact":"critical","message":"Form element has a visible explicit <label>"}],"impact":null,"html":"<select class=\"nhsuk-select\" id=\"distance\" name=\"distance\" data-test=\"search-distance-input\">","target":["#distance"]},{"any":[{"id":"explicit-label","data":{"explicitLabel":"Sort by"},"relatedNodes":[{"html":"<label class=\"nhsuk-label nhsuk-inline-label\" for=\"sort\">Sort by</label>","target":[".nhsuk-inline-label"]}],"impact":"critical","message":"Form element has an explicit <label>"}],"all":[],"none":[{"id":"hidden-explicit-label","data":null,"relatedNodes":[],"impact":"critical","message":"Form element has a visible explicit <label>"}],"impact":null,"html":"<select class=\"nhsuk-select nhsuk-inline-select\" id=\"sort\" name=\"sort\" data-test=\"sort-input\" value=\"\" onchange=\"sortform.submit()\">","target":["#sort"]}]},{"id":"skip-link","impact":null,"tags":["cat.keyboard","best-practice"],"description":"Ensure all skip links have a focusable target","help":"The skip-link target should exist and be focusable","helpUrl":"https://dequeuniversity.com/rules/axe/4.7/skip-link?application=axeAPI","nodes":[{"any":[{"id":"skip-link","data":null,"relatedNodes":[],"impact":"moderate","message":"Skip link target exists"}],"all":[],"none":[],"impact":null,"html":"<a class=\"nhsuk-skip-link\" href=\"#search-results-heading\" aria-label=\"29 jobs found for Doctor within 5 miles of Sheffield. Sorted by: Best Match . Skip to search filters\" id=\"skip_to_search_filters\">Skip to search filters</a>","target":["#skip_to_search_filters"]},{"any":[{"id":"skip-link","data":null,"relatedNodes":[],"impact":"moderate","message":"Skip link target exists"}],"all":[],"none":[],"impact":null,"html":"<a class=\"nhsuk-skip-link\" href=\"#first-result-title\" id=\"skipToSearchResults\" aria-label=\"Skip to search results\">Skip to search results</a>","target":["#skipToSearchResults"]}]},{"id":"valid-lang","impact":null,"tags":["cat.language","wcag2aa","wcag312","ACT","TTv5","TT11.b"],"description":"Ensures lang attributes have valid values","help":"lang attribute must have a valid value","helpUrl":"https://dequeuniversity.com/rules/axe/4.7/valid-lang?application=axeAPI","nodes":[{"any":[],"all":[],"none":[{"id":"valid-lang","data":null,"relatedNodes":[],"impact":"serious","message":"Value of lang attribute is included in the list of valid languages"}],"impact":null,"html":"<a lang=\"en\" href=\"/candidate/search/locale/en\" class=\"language-toggle-selected\" data-test=\"english-language-link\">English</a>","target":[".language-toggle-selected"]},{"any":[],"all":[],"none":[{"id":"valid-lang","data":null,"relatedNodes":[],"impact":"serious","message":"Value of lang attribute is included in the list of valid languages"}],"impact":null,"html":"<a lang=\"cy\" href=\"/candidate/search/locale/cy\" class=\"language-toggle\" data-test=\"welsh-language-link\">Cymraeg</a>","target":[".language-toggle"]}]}],"incomplete":[],"violations":[{"id":"duplicate-id","impact":"minor","tags":["cat.parsing","wcag2a","wcag411"],"description":"Ensures every id attribute value is unique","help":"id attribute value must be unique","helpUrl":"https://dequeuniversity.com/rules/axe/4.7/duplicate-id?application=axeAPI","nodes":[{"any":[{"id":"duplicate-id","data":"heading-body","relatedNodes":[{"html":"<header class=\"nhsuk-header\" role=\"banner\" id=\"heading-body\">","target":["header"]}],"impact":"minor","message":"Document has multiple static elements with the same id attribute: heading-body"}],"all":[],"none":[],"impact":"minor","html":"<div id=\"heading-body\">","target":["#main-body > div:nth-child(3)"],"failureSummary":"Fix any of the following:\n  Document has multiple static elements with the same id attribute: heading-body"}]}]}
  Then I should get a list of jobs that match my preferences                       # stepdefinitions.NHSJobSearchSteps.verifyResults()
  And I sort my search results with the sort option "Date Posted (newest)"         # stepdefinitions.NHSJobSearchSteps.sortResults(java.lang.String)
]]></system-out>
  </testcase>
  <testcase name="runScenario[&quot;NHS job Search with preferences in multiple browsers&quot;, &quot;NHS Job Search functionality&quot;](3)" classname="runner.TestRunner" time="9.746">
    <system-out><![CDATA[
@crossbrowser
Scenario Outline: NHS job Search with preferences in multiple browsers         # src/test/resources/Features/jobsearch.feature:17
Accepted Cookies
  Given I open the NHS job search page on "chrome"                             # stepdefinitions.NHSJobSearchSteps.openNhsJobSearch(java.lang.String)
  When I put my preferences "Carer" and "London" into the Search functionality # stepdefinitions.NHSJobSearchSteps.putPreferences(java.lang.String,java.lang.String)
Result title displayed: Carer jobs in London - NHS Jobs
Search result: 562 jobs found for Carer in London
Axe Results: {"testEngine":{"name":"axe-core","version":"4.7.2"},"testRunner":{"name":"axe"},"testEnvironment":{"userAgent":"Mozilla/5.0 (Windows NT 10.0; Win64; x64) AppleWebKit/537.36 (KHTML, like Gecko) Chrome/137.0.0.0 Safari/537.36","windowWidth":1536,"windowHeight":678,"orientationAngle":0,"orientationType":"landscape-primary"},"timestamp":"2025-06-24T17:13:57.968Z","url":"https://www.jobs.nhs.uk/candidate/search/results?keyword=Carer&location=London&distance=5&language=en","toolOptions":{"reporter":"v1"},"inapplicable":[{"id":"accesskeys","impact":null,"tags":["cat.keyboard","best-practice"],"description":"Ensures every accesskey attribute value is unique","help":"accesskey attribute value should be unique","helpUrl":"https://dequeuniversity.com/rules/axe/4.7/accesskeys?application=axeAPI","nodes":[]},{"id":"area-alt","impact":null,"tags":["cat.text-alternatives","wcag2a","wcag244","wcag412","section508","section508.22.a","ACT","TTv5","TT6.a"],"description":"Ensures <area> elements of image maps have alternate text","help":"Active <area> elements must have alternate text","helpUrl":"https://dequeuniversity.com/rules/axe/4.7/area-alt?application=axeAPI","nodes":[]},{"id":"aria-command-name","impact":null,"tags":["cat.aria","wcag2a","wcag412","ACT","TTv5","TT6.a"],"description":"Ensures every ARIA button, link and menuitem has an accessible name","help":"ARIA commands must have an accessible name","helpUrl":"https://dequeuniversity.com/rules/axe/4.7/aria-command-name?application=axeAPI","nodes":[]},{"id":"aria-dialog-name","impact":null,"tags":["cat.aria","best-practice"],"description":"Ensures every ARIA dialog and alertdialog node has an accessible name","help":"ARIA dialog and alertdialog nodes should have an accessible name","helpUrl":"https://dequeuniversity.com/rules/axe/4.7/aria-dialog-name?application=axeAPI","nodes":[]},{"id":"aria-input-field-name","impact":null,"tags":["cat.aria","wcag2a","wcag412","ACT","TTv5","TT5.c"],"description":"Ensures every ARIA input field has an accessible name","help":"ARIA input fields must have an accessible name","helpUrl":"https://dequeuniversity.com/rules/axe/4.7/aria-input-field-name?application=axeAPI","nodes":[]},{"id":"aria-meter-name","impact":null,"tags":["cat.aria","wcag2a","wcag111"],"description":"Ensures every ARIA meter node has an accessible name","help":"ARIA meter nodes must have an accessible name","helpUrl":"https://dequeuniversity.com/rules/axe/4.7/aria-meter-name?application=axeAPI","nodes":[]},{"id":"aria-progressbar-name","impact":null,"tags":["cat.aria","wcag2a","wcag111"],"description":"Ensures every ARIA progressbar node has an accessible name","help":"ARIA progressbar nodes must have an accessible name","helpUrl":"https://dequeuniversity.com/rules/axe/4.7/aria-progressbar-name?application=axeAPI","nodes":[]},{"id":"aria-required-children","impact":null,"tags":["cat.aria","wcag2a","wcag131"],"description":"Ensures elements with an ARIA role that require child roles contain them","help":"Certain ARIA roles must contain particular children","helpUrl":"https://dequeuniversity.com/rules/axe/4.7/aria-required-children?application=axeAPI","nodes":[]},{"id":"aria-required-parent","impact":null,"tags":["cat.aria","wcag2a","wcag131"],"description":"Ensures elements with an ARIA role that require parent roles are contained by them","help":"Certain ARIA roles must be contained by particular parents","helpUrl":"https://dequeuniversity.com/rules/axe/4.7/aria-required-parent?application=axeAPI","nodes":[]},{"id":"aria-text","impact":null,"tags":["cat.aria","best-practice"],"description":"Ensures \"role=text\" is used on elements with no focusable descendants","help":"\"role=text\" should have no focusable descendants","helpUrl":"https://dequeuniversity.com/rules/axe/4.7/aria-text?application=axeAPI","nodes":[]},{"id":"aria-toggle-field-name","impact":null,"tags":["cat.aria","wcag2a","wcag412","ACT","TTv5","TT5.c"],"description":"Ensures every ARIA toggle field has an accessible name","help":"ARIA toggle fields must have an accessible name","helpUrl":"https://dequeuniversity.com/rules/axe/4.7/aria-toggle-field-name?application=axeAPI","nodes":[]},{"id":"aria-tooltip-name","impact":null,"tags":["cat.aria","wcag2a","wcag412"],"description":"Ensures every ARIA tooltip node has an accessible name","help":"ARIA tooltip nodes must have an accessible name","helpUrl":"https://dequeuniversity.com/rules/axe/4.7/aria-tooltip-name?application=axeAPI","nodes":[]},{"id":"aria-treeitem-name","impact":null,"tags":["cat.aria","best-practice"],"description":"Ensures every ARIA treeitem node has an accessible name","help":"ARIA treeitem nodes should have an accessible name","helpUrl":"https://dequeuniversity.com/rules/axe/4.7/aria-treeitem-name?application=axeAPI","nodes":[]},{"id":"blink","impact":null,"tags":["cat.time-and-media","wcag2a","wcag222","section508","section508.22.j","TTv5","TT2.b"],"description":"Ensures <blink> elements are not used","help":"<blink> elements are deprecated and must not be used","helpUrl":"https://dequeuniversity.com/rules/axe/4.7/blink?application=axeAPI","nodes":[]},{"id":"definition-list","impact":null,"tags":["cat.structure","wcag2a","wcag131"],"description":"Ensures <dl> elements are structured correctly","help":"<dl> elements must only directly contain properly-ordered <dt> and <dd> groups, <script>, <template> or <div> elements","helpUrl":"https://dequeuniversity.com/rules/axe/4.7/definition-list?application=axeAPI","nodes":[]},{"id":"dlitem","impact":null,"tags":["cat.structure","wcag2a","wcag131"],"description":"Ensures <dt> and <dd> elements are contained by a <dl>","help":"<dt> and <dd> elements must be contained by a <dl>","helpUrl":"https://dequeuniversity.com/rules/axe/4.7/dlitem?application=axeAPI","nodes":[]},{"id":"empty-table-header","impact":null,"tags":["cat.name-role-value","best-practice"],"description":"Ensures table headers have discernible text","help":"Table header text should not be empty","helpUrl":"https://dequeuniversity.com/rules/axe/4.7/empty-table-header?application=axeAPI","nodes":[]},{"id":"frame-focusable-content","impact":null,"tags":["cat.keyboard","wcag2a","wcag211","TTv5","TT4.a"],"description":"Ensures <frame> and <iframe> elements with focusable content do not have tabindex=-1","help":"Frames with focusable content must not have tabindex=-1","helpUrl":"https://dequeuniversity.com/rules/axe/4.7/frame-focusable-content?application=axeAPI","nodes":[]},{"id":"frame-tested","impact":null,"tags":["cat.structure","review-item","best-practice"],"description":"Ensures <iframe> and <frame> elements contain the axe-core script","help":"Frames should be tested with axe-core","helpUrl":"https://dequeuniversity.com/rules/axe/4.7/frame-tested?application=axeAPI","nodes":[]},{"id":"frame-title-unique","impact":null,"tags":["cat.text-alternatives","wcag412","wcag2a","TTv5","TT12.d"],"description":"Ensures <iframe> and <frame> elements contain a unique title attribute","help":"Frames must have a unique title attribute","helpUrl":"https://dequeuniversity.com/rules/axe/4.7/frame-title-unique?application=axeAPI","nodes":[]},{"id":"frame-title","impact":null,"tags":["cat.text-alternatives","wcag2a","wcag412","section508","section508.22.i","TTv5","TT12.d"],"description":"Ensures <iframe> and <frame> elements have an accessible name","help":"Frames must have an accessible name","helpUrl":"https://dequeuniversity.com/rules/axe/4.7/frame-title?application=axeAPI","nodes":[]},{"id":"html-xml-lang-mismatch","impact":null,"tags":["cat.language","wcag2a","wcag311","ACT"],"description":"Ensure that HTML elements with both valid lang and xml:lang attributes agree on the base language of the page","help":"HTML elements with lang and xml:lang must have the same base language","helpUrl":"https://dequeuniversity.com/rules/axe/4.7/html-xml-lang-mismatch?application=axeAPI","nodes":[]},{"id":"image-alt","impact":null,"tags":["cat.text-alternatives","wcag2a","wcag111","section508","section508.22.a","ACT","TTv5","TT7.a","TT7.b"],"description":"Ensures <img> elements have alternate text or a role of none or presentation","help":"Images must have alternate text","helpUrl":"https://dequeuniversity.com/rules/axe/4.7/image-alt?application=axeAPI","nodes":[]},{"id":"image-redundant-alt","impact":null,"tags":["cat.text-alternatives","best-practice"],"description":"Ensure image alternative is not repeated as text","help":"Alternative text of images should not be repeated as text","helpUrl":"https://dequeuniversity.com/rules/axe/4.7/image-redundant-alt?application=axeAPI","nodes":[]},{"id":"input-image-alt","impact":null,"tags":["cat.text-alternatives","wcag2a","wcag111","wcag412","section508","section508.22.a","ACT","TTv5","TT7.a"],"description":"Ensures <input type=\"image\"> elements have alternate text","help":"Image buttons must have alternate text","helpUrl":"https://dequeuniversity.com/rules/axe/4.7/input-image-alt?application=axeAPI","nodes":[]},{"id":"marquee","impact":null,"tags":["cat.parsing","wcag2a","wcag222","TTv5","TT2.b"],"description":"Ensures <marquee> elements are not used","help":"<marquee> elements are deprecated and must not be used","helpUrl":"https://dequeuniversity.com/rules/axe/4.7/marquee?application=axeAPI","nodes":[]},{"id":"meta-refresh","impact":null,"tags":["cat.time-and-media","wcag2a","wcag221","TTv5","TT8.a"],"description":"Ensures <meta http-equiv=\"refresh\"> is not used for delayed refresh","help":"Delayed refresh under 20 hours must not be used","helpUrl":"https://dequeuniversity.com/rules/axe/4.7/meta-refresh?application=axeAPI","nodes":[]},{"id":"object-alt","impact":null,"tags":["cat.text-alternatives","wcag2a","wcag111","section508","section508.22.a"],"description":"Ensures <object> elements have alternate text","help":"<object> elements must have alternate text","helpUrl":"https://dequeuniversity.com/rules/axe/4.7/object-alt?application=axeAPI","nodes":[]},{"id":"presentation-role-conflict","impact":null,"tags":["cat.aria","best-practice","ACT"],"description":"Elements marked as presentational should not have global ARIA or tabindex to ensure all screen readers ignore them","help":"Ensure elements marked as presentational are consistently ignored","helpUrl":"https://dequeuniversity.com/rules/axe/4.7/presentation-role-conflict?application=axeAPI","nodes":[]},{"id":"role-img-alt","impact":null,"tags":["cat.text-alternatives","wcag2a","wcag111","section508","section508.22.a","ACT","TTv5","TT7.a"],"description":"Ensures [role='img'] elements have alternate text","help":"[role='img'] elements must have an alternative text","helpUrl":"https://dequeuniversity.com/rules/axe/4.7/role-img-alt?application=axeAPI","nodes":[]},{"id":"scope-attr-valid","impact":null,"tags":["cat.tables","best-practice"],"description":"Ensures the scope attribute is used correctly on tables","help":"scope attribute should be used correctly","helpUrl":"https://dequeuniversity.com/rules/axe/4.7/scope-attr-valid?application=axeAPI","nodes":[]},{"id":"server-side-image-map","impact":null,"tags":["cat.text-alternatives","wcag2a","wcag211","section508","section508.22.f","TTv5","TT4.a"],"description":"Ensures that server-side image maps are not used","help":"Server-side image maps must not be used","helpUrl":"https://dequeuniversity.com/rules/axe/4.7/server-side-image-map?application=axeAPI","nodes":[]},{"id":"svg-img-alt","impact":null,"tags":["cat.text-alternatives","wcag2a","wcag111","section508","section508.22.a","ACT","TTv5","TT7.a"],"description":"Ensures <svg> elements with an img, graphics-document or graphics-symbol role have an accessible text","help":"<svg> elements with an img role must have an alternative text","helpUrl":"https://dequeuniversity.com/rules/axe/4.7/svg-img-alt?application=axeAPI","nodes":[]},{"id":"tabindex","impact":null,"tags":["cat.keyboard","best-practice"],"description":"Ensures tabindex attribute values are not greater than 0","help":"Elements should not have tabindex greater than zero","helpUrl":"https://dequeuniversity.com/rules/axe/4.7/tabindex?application=axeAPI","nodes":[]},{"id":"table-duplicate-name","impact":null,"tags":["cat.tables","best-practice"],"description":"Ensure the <caption> element does not contain the same text as the summary attribute","help":"tables should not have the same summary and caption","helpUrl":"https://dequeuniversity.com/rules/axe/4.7/table-duplicate-name?application=axeAPI","nodes":[]},{"id":"td-headers-attr","impact":null,"tags":["cat.tables","wcag2a","wcag131","section508","section508.22.g","TTv5","TT14.b"],"description":"Ensure that each cell in a table that uses the headers attribute refers only to other cells in that table","help":"Table cells that use the headers attribute must only refer to cells in the same table","helpUrl":"https://dequeuniversity.com/rules/axe/4.7/td-headers-attr?application=axeAPI","nodes":[]},{"id":"th-has-data-cells","impact":null,"tags":["cat.tables","wcag2a","wcag131","section508","section508.22.g","TTv5","14.b"],"description":"Ensure that <th> elements and elements with role=columnheader/rowheader have data cells they describe","help":"Table headers in a data table must refer to data cells","helpUrl":"https://dequeuniversity.com/rules/axe/4.7/th-has-data-cells?application=axeAPI","nodes":[]},{"id":"video-caption","impact":null,"tags":["cat.text-alternatives","wcag2a","wcag122","section508","section508.22.a","TTv5","TT17.a"],"description":"Ensures <video> elements have captions","help":"<video> elements must have captions","helpUrl":"https://dequeuniversity.com/rules/axe/4.7/video-caption?application=axeAPI","nodes":[]},{"id":"no-autoplay-audio","impact":null,"tags":["cat.time-and-media","wcag2a","wcag142","ACT","TTv5","TT2.a"],"description":"Ensures <video> or <audio> elements do not autoplay audio for more than 3 seconds without a control mechanism to stop or mute the audio","help":"<video> or <audio> elements must not play automatically","helpUrl":"https://dequeuniversity.com/rules/axe/4.7/no-autoplay-audio?application=axeAPI","nodes":[]}],"passes":[{"id":"aria-allowed-attr","impact":null,"tags":["cat.aria","wcag2a","wcag412"],"description":"Ensures ARIA attributes are allowed for an element's role","help":"Elements must only use allowed ARIA attributes","helpUrl":"https://dequeuniversity.com/rules/axe/4.7/aria-allowed-attr?application=axeAPI","nodes":[{"any":[],"all":[{"id":"aria-allowed-attr","data":null,"relatedNodes":[],"impact":"critical","message":"ARIA attributes are used correctly for the defined role"},{"id":"aria-conditional-attr","data":null,"relatedNodes":[],"impact":"serious","message":"ARIA attribute is allowed"}],"none":[{"id":"aria-unsupported-attr","data":null,"relatedNodes":[],"impact":"critical","message":"ARIA attribute is supported"},{"id":"aria-prohibited-attr","data":null,"relatedNodes":[],"impact":"serious","message":"ARIA attribute is allowed"}],"impact":null,"html":"<a class=\"nhsuk-skip-link\" href=\"#search-results-heading\" aria-label=\"562 jobs found for Carer in London. Sorted by: Best Match . Skip to search filters\" id=\"skip_to_search_filters\">Skip to search filters</a>","target":["#skip_to_search_filters"]},{"any":[],"all":[{"id":"aria-allowed-attr","data":null,"relatedNodes":[],"impact":"critical","message":"ARIA attributes are used correctly for the defined role"},{"id":"aria-conditional-attr","data":null,"relatedNodes":[],"impact":"serious","message":"ARIA attribute is allowed"}],"none":[{"id":"aria-unsupported-attr","data":null,"relatedNodes":[],"impact":"critical","message":"ARIA attribute is supported"},{"id":"aria-prohibited-attr","data":null,"relatedNodes":[],"impact":"serious","message":"ARIA attribute is allowed"}],"impact":null,"html":"<a class=\"nhsuk-skip-link\" href=\"#first-result-title\" id=\"skipToSearchResults\" aria-label=\"Skip to search results\">Skip to search results</a>","target":["#skipToSearchResults"]},{"any":[],"all":[{"id":"aria-allowed-attr","data":null,"relatedNodes":[],"impact":"critical","message":"ARIA attributes are used correctly for the defined role"},{"id":"aria-conditional-attr","data":null,"relatedNodes":[],"impact":"serious","message":"ARIA attribute is allowed"}],"none":[{"id":"aria-unsupported-attr","data":null,"relatedNodes":[],"impact":"critical","message":"ARIA attribute is supported"},{"id":"aria-prohibited-attr","data":null,"relatedNodes":[],"impact":"serious","message":"ARIA attribute is allowed"}],"impact":null,"html":"<a href=\"/candidate/cookies\" id=\"change-cookies-settings\" aria-label=\"Go to the cookie information page\">change your cookie settings</a>","target":["#change-cookies-settings"]},{"any":[],"all":[{"id":"aria-allowed-attr","data":null,"relatedNodes":[],"impact":"critical","message":"ARIA attributes are used correctly for the defined role"},{"id":"aria-conditional-attr","data":null,"relatedNodes":[],"impact":"serious","message":"ARIA attribute is allowed"}],"none":[{"id":"aria-unsupported-attr","data":null,"relatedNodes":[],"impact":"critical","message":"ARIA attribute is supported"},{"id":"aria-prohibited-attr","data":null,"relatedNodes":[],"impact":"serious","message":"ARIA attribute is allowed"}],"impact":null,"html":"<a href=\"/candidate/dismiss-cookie-messages\" id=\"dismiss-cookie-messages\" aria-label=\"Dismiss information about cookie preferences\" style=\"float: right\">Hide</a>","target":["#dismiss-cookie-messages"]},{"any":[],"all":[{"id":"aria-allowed-attr","data":null,"relatedNodes":[],"impact":"critical","message":"ARIA attributes are used correctly for the defined role"},{"id":"aria-conditional-attr","data":null,"relatedNodes":[],"impact":"serious","message":"ARIA attribute is allowed"}],"none":[{"id":"aria-unsupported-attr","data":null,"relatedNodes":[],"impact":"critical","message":"ARIA attribute is supported"},{"id":"aria-prohibited-attr","data":null,"relatedNodes":[],"impact":"serious","message":"ARIA attribute is allowed"}],"impact":null,"html":"<a class=\"nhsuk-header__link nhsuk-header__link--service nhsuk-header__link--service-short-name\" href=\"/candidate\" aria-label=\"NHS jobs homepage\">","target":[".nhsuk-header__link"]},{"any":[],"all":[{"id":"aria-allowed-attr","data":null,"relatedNodes":[],"impact":"critical","message":"ARIA attributes are used correctly for the defined role"},{"id":"aria-conditional-attr","data":null,"relatedNodes":[],"impact":"serious","message":"ARIA attribute is allowed"}],"none":[{"id":"aria-unsupported-attr","data":null,"relatedNodes":[],"impact":"critical","message":"ARIA attribute is supported"},{"id":"aria-prohibited-attr","data":null,"relatedNodes":[],"impact":"serious","message":"ARIA attribute is allowed"}],"impact":null,"html":"<nav class=\"gem-c-translation-nav hide-mobile nhsuk-u-margin-0 nhsuk-u-padding-left-7\" aria-label=\"Translations\">","target":[".gem-c-translation-nav"]},{"any":[],"all":[{"id":"aria-allowed-attr","data":null,"relatedNodes":[],"impact":"critical","message":"ARIA attributes are used correctly for the defined role"},{"id":"aria-conditional-attr","data":null,"relatedNodes":[],"impact":"serious","message":"ARIA attribute is allowed"}],"none":[{"id":"aria-unsupported-attr","data":null,"relatedNodes":[],"impact":"critical","message":"ARIA attribute is supported"},{"id":"aria-prohibited-attr","data":null,"relatedNodes":[],"impact":"serious","message":"ARIA attribute is allowed"}],"impact":null,"html":"<nav class=\"nhsuk-header__navigation\" id=\"header-navigation\" role=\"navigation\" aria-label=\"Primary navigation\" aria-labelledby=\"label-navigation\">","target":["#header-navigation"]},{"any":[],"all":[{"id":"aria-allowed-attr","data":null,"relatedNodes":[],"impact":"critical","message":"ARIA attributes are used correctly for the defined role"},{"id":"aria-conditional-attr","data":null,"relatedNodes":[],"impact":"serious","message":"ARIA attribute is allowed"}],"none":[{"id":"aria-unsupported-attr","data":null,"relatedNodes":[],"impact":"critical","message":"ARIA attribute is supported"},{"id":"aria-prohibited-attr","data":null,"relatedNodes":[],"impact":"serious","message":"ARIA attribute is allowed"}],"impact":null,"html":"<div class=\"beta-banner\" aria-label=\"beta-banner\" role=\"complementary\">","target":[".beta-banner"]},{"any":[],"all":[{"id":"aria-allowed-attr","data":null,"relatedNodes":[],"impact":"critical","message":"ARIA attributes are used correctly for the defined role"},{"id":"aria-conditional-attr","data":null,"relatedNodes":[],"impact":"serious","message":"ARIA attribute is allowed"}],"none":[{"id":"aria-unsupported-attr","data":null,"relatedNodes":[],"impact":"critical","message":"ARIA attribute is supported"},{"id":"aria-prohibited-attr","data":null,"relatedNodes":[],"impact":"serious","message":"ARIA attribute is allowed"}],"impact":null,"html":"<h1 data-test=\"search-result-query\" id=\"search-results-heading\" class=\"nhsuk-heading-xl nhsuk-u-padding-left-4 nhsuk-u-margin-bottom-4\" aria-label=\"562 jobs found for Carer in London. Sorted by: Best Match\">\n          562 jobs found for Carer in London\n        </h1>","target":["#search-results-heading"]},{"any":[],"all":[{"id":"aria-allowed-attr","data":null,"relatedNodes":[],"impact":"critical","message":"ARIA attributes are used correctly for the defined role"},{"id":"aria-conditional-attr","data":null,"relatedNodes":[],"impact":"serious","message":"ARIA attribute is allowed"}],"none":[{"id":"aria-unsupported-attr","data":null,"relatedNodes":[],"impact":"critical","message":"ARIA attribute is supported"},{"id":"aria-prohibited-attr","data":null,"relatedNodes":[],"impact":"serious","message":"ARIA attribute is allowed"}],"impact":null,"html":"<input name=\"keyword\" id=\"keyword\" value=\"Carer\" class=\"nhsuk-input nhsuk-u--width-full\" type=\"search\" data-test=\"search-jobTitle-input\" aria-label=\"Search What? For example, job title or skills\">","target":["#keyword"]},{"any":[],"all":[{"id":"aria-allowed-attr","data":null,"relatedNodes":[],"impact":"critical","message":"ARIA attributes are used correctly for the defined role"},{"id":"aria-conditional-attr","data":null,"relatedNodes":[],"impact":"serious","message":"ARIA attribute is allowed"}],"none":[{"id":"aria-unsupported-attr","data":null,"relatedNodes":[],"impact":"critical","message":"ARIA attribute is supported"},{"id":"aria-prohibited-attr","data":null,"relatedNodes":[],"impact":"serious","message":"ARIA attribute is allowed"}],"impact":null,"html":"<div id=\"location__status--A\" role=\"status\" aria-atomic=\"true\" aria-live=\"polite\"></div>","target":["#location__status--A"]},{"any":[],"all":[{"id":"aria-allowed-attr","data":null,"relatedNodes":[],"impact":"critical","message":"ARIA attributes are used correctly for the defined role"},{"id":"aria-conditional-attr","data":null,"relatedNodes":[],"impact":"serious","message":"ARIA attribute is allowed"}],"none":[{"id":"aria-unsupported-attr","data":null,"relatedNodes":[],"impact":"critical","message":"ARIA attribute is supported"},{"id":"aria-prohibited-attr","data":null,"relatedNodes":[],"impact":"serious","message":"ARIA attribute is allowed"}],"impact":null,"html":"<div id=\"location__status--B\" role=\"status\" aria-atomic=\"true\" aria-live=\"polite\"></div>","target":["#location__status--B"]},{"any":[],"all":[{"id":"aria-allowed-attr","data":null,"relatedNodes":[],"impact":"critical","message":"ARIA attributes are used correctly for the defined role"},{"id":"aria-conditional-attr","data":null,"relatedNodes":[],"impact":"serious","message":"ARIA attribute is allowed"}],"none":[{"id":"aria-unsupported-attr","data":null,"relatedNodes":[],"impact":"critical","message":"ARIA attribute is supported"},{"id":"aria-prohibited-attr","data":null,"relatedNodes":[],"impact":"serious","message":"ARIA attribute is allowed"}],"impact":null,"html":"<input aria-describedby=\"location__assistiveHint\" aria-expanded=\"false\" aria-controls=\"location__listbox\" aria-autocomplete=\"list\" autocomplete=\"off\" class=\"nhsuk-input nhsuk-u--width-full\" id=\"location\" name=\"location\" placeholder=\"\" type=\"search\" role=\"combobox\" data-test=\"search-location-input\" aria-label=\"Search Where? For example, a postcode, town or city, search text field\">","target":["#location"]},{"any":[],"all":[{"id":"aria-allowed-attr","data":null,"relatedNodes":[],"impact":"critical","message":"ARIA attributes are used correctly for the defined role"},{"id":"aria-conditional-attr","data":null,"relatedNodes":[],"impact":"serious","message":"ARIA attribute is allowed"}],"none":[{"id":"aria-unsupported-attr","data":null,"relatedNodes":[],"impact":"critical","message":"ARIA attribute is supported"},{"id":"aria-prohibited-attr","data":null,"relatedNodes":[],"impact":"serious","message":"ARIA attribute is allowed"}],"impact":null,"html":"<summary class=\"nhsuk-details__summary\" role=\"button\" aria-controls=\"distance-details\" aria-expanded=\"false\" data-test=\"distance\">\n                <span class=\"nhsuk-details__summary-text\">\n                    Distance\n                </span>\n            </summary>","target":["summary[aria-controls=\"distance-details\"]"]},{"any":[],"all":[{"id":"aria-allowed-attr","data":null,"relatedNodes":[],"impact":"critical","message":"ARIA attributes are used correctly for the defined role"},{"id":"aria-conditional-attr","data":null,"relatedNodes":[],"impact":"serious","message":"ARIA attribute is allowed"}],"none":[{"id":"aria-unsupported-attr","data":null,"relatedNodes":[],"impact":"critical","message":"ARIA attribute is supported"},{"id":"aria-prohibited-attr","data":null,"relatedNodes":[],"impact":"serious","message":"ARIA attribute is allowed"}],"impact":null,"html":"<summary class=\"nhsuk-details__summary\" role=\"button\" aria-controls=\"covid-jobs-only\" aria-expanded=\"false\" data-test=\"filter-covid-only\">\n                <span class=\"nhsuk-details__summary-text\">\n                    COVID-19\n                </span>\n            </summary>","target":["summary[aria-controls=\"covid-jobs-only\"]"]},{"any":[],"all":[{"id":"aria-allowed-attr","data":null,"relatedNodes":[],"impact":"critical","message":"ARIA attributes are used correctly for the defined role"},{"id":"aria-conditional-attr","data":null,"relatedNodes":[],"impact":"serious","message":"ARIA attribute is allowed"}],"none":[{"id":"aria-unsupported-attr","data":null,"relatedNodes":[],"impact":"critical","message":"ARIA attribute is supported"},{"id":"aria-prohibited-attr","data":null,"relatedNodes":[],"impact":"serious","message":"ARIA attribute is allowed"}],"impact":null,"html":"<summary id=\"working-patterns-expander\" class=\"nhsuk-details__summary \" role=\"button\" aria-controls=\"working-pattern-details\" aria-expanded=\"false\" data-test=\"filter-working-pattern\">","target":["#working-patterns-expander"]},{"any":[],"all":[{"id":"aria-allowed-attr","data":null,"relatedNodes":[],"impact":"critical","message":"ARIA attributes are used correctly for the defined role"},{"id":"aria-conditional-attr","data":null,"relatedNodes":[],"impact":"serious","message":"ARIA attribute is allowed"}],"none":[{"id":"aria-unsupported-attr","data":null,"relatedNodes":[],"impact":"critical","message":"ARIA attribute is supported"},{"id":"aria-prohibited-attr","data":null,"relatedNodes":[],"impact":"serious","message":"ARIA attribute is allowed"}],"impact":null,"html":"<summary class=\"nhsuk-details__summary\" role=\"button\" aria-controls=\"contract-type-details\" aria-expanded=\"false\" data-test=\"filter-contract-type\">\n                <span class=\"nhsuk-details__summary-text\">Contract type</span>\n            </summary>","target":["summary[aria-controls=\"contract-type-details\"]"]},{"any":[],"all":[{"id":"aria-allowed-attr","data":null,"relatedNodes":[],"impact":"critical","message":"ARIA attributes are used correctly for the defined role"},{"id":"aria-conditional-attr","data":null,"relatedNodes":[],"impact":"serious","message":"ARIA attribute is allowed"}],"none":[{"id":"aria-unsupported-attr","data":null,"relatedNodes":[],"impact":"critical","message":"ARIA attribute is supported"},{"id":"aria-prohibited-attr","data":null,"relatedNodes":[],"impact":"serious","message":"ARIA attribute is allowed"}],"impact":null,"html":"<summary class=\"nhsuk-details__summary\" role=\"button\" aria-controls=\"staff-group-details\" aria-expanded=\"false\" data-test=\"filter-staff-group\">\n                <span class=\"nhsuk-details__summary-text\">\n                    Staff group\n                </span>\n            </summary>","target":["summary[aria-controls=\"staff-group-details\"]"]},{"any":[],"all":[{"id":"aria-allowed-attr","data":null,"relatedNodes":[],"impact":"critical","message":"ARIA attributes are used correctly for the defined role"},{"id":"aria-conditional-attr","data":null,"relatedNodes":[],"impact":"serious","message":"ARIA attribute is allowed"}],"none":[{"id":"aria-unsupported-attr","data":null,"relatedNodes":[],"impact":"critical","message":"ARIA attribute is supported"},{"id":"aria-prohibited-attr","data":null,"relatedNodes":[],"impact":"serious","message":"ARIA attribute is allowed"}],"impact":null,"html":"<summary class=\"nhsuk-details__summary\" role=\"button\" aria-controls=\"pay-range-details\" aria-expanded=\"false\" data-test=\"filter-pay-range\">\n                <span class=\"nhsuk-details__summary-text\">\n                    Pay range\n                </span>\n            </summary>","target":["summary[aria-controls=\"pay-range-details\"]"]},{"any":[],"all":[{"id":"aria-allowed-attr","data":null,"relatedNodes":[],"impact":"critical","message":"ARIA attributes are used correctly for the defined role"},{"id":"aria-conditional-attr","data":null,"relatedNodes":[],"impact":"serious","message":"ARIA attribute is allowed"}],"none":[{"id":"aria-unsupported-attr","data":null,"relatedNodes":[],"impact":"critical","message":"ARIA attribute is supported"},{"id":"aria-prohibited-attr","data":null,"relatedNodes":[],"impact":"serious","message":"ARIA attribute is allowed"}],"impact":null,"html":"<summary class=\"nhsuk-details__summary\" role=\"button\" aria-controls=\"pay-band-details\" aria-expanded=\"false\" data-test=\"filter-pay-band\">","target":["summary[aria-controls=\"pay-band-details\"]"]},{"any":[],"all":[{"id":"aria-allowed-attr","data":null,"relatedNodes":[],"impact":"critical","message":"ARIA attributes are used correctly for the defined role"},{"id":"aria-conditional-attr","data":null,"relatedNodes":[],"impact":"serious","message":"ARIA attribute is allowed"}],"none":[{"id":"aria-unsupported-attr","data":null,"relatedNodes":[],"impact":"critical","message":"ARIA attribute is supported"},{"id":"aria-prohibited-attr","data":null,"relatedNodes":[],"impact":"serious","message":"ARIA attribute is allowed"}],"impact":null,"html":"<a href=\"/candidate/search/save-job/M0048-25-0353\" data-test=\"search-result-save-job\" aria-label=\"Save this job: Donor Carer (Reference number: M0048-25-0353)\">\n              Save this job\n            </a>","target":[".nhsuk-list-panel.search-result.nhsuk-u-padding-3:nth-child(1) > .nhsuk-grid-row:nth-child(1) > .save-job.nhsuk-u-margin-right-3 > a[data-test=\"search-result-save-job\"]"]},{"any":[],"all":[{"id":"aria-allowed-attr","data":null,"relatedNodes":[],"impact":"critical","message":"ARIA attributes are used correctly for the defined role"},{"id":"aria-conditional-attr","data":null,"relatedNodes":[],"impact":"serious","message":"ARIA attribute is allowed"}],"none":[{"id":"aria-unsupported-attr","data":null,"relatedNodes":[],"impact":"critical","message":"ARIA attribute is supported"},{"id":"aria-prohibited-attr","data":null,"relatedNodes":[],"impact":"serious","message":"ARIA attribute is allowed"}],"impact":null,"html":"<a href=\"/candidate/search/save-job/B0306-25-0024\" data-test=\"search-result-save-job\" aria-label=\"Save this job: Specialist Carer - Band 4 (Reference number: B0306-25-0024)\">\n              Save this job\n            </a>","target":[".nhsuk-list-panel.search-result.nhsuk-u-padding-3:nth-child(2) > .nhsuk-grid-row:nth-child(1) > .save-job.nhsuk-u-margin-right-3 > a[data-test=\"search-result-save-job\"]"]},{"any":[],"all":[{"id":"aria-allowed-attr","data":null,"relatedNodes":[],"impact":"critical","message":"ARIA attributes are used correctly for the defined role"},{"id":"aria-conditional-attr","data":null,"relatedNodes":[],"impact":"serious","message":"ARIA attribute is allowed"}],"none":[{"id":"aria-unsupported-attr","data":null,"relatedNodes":[],"impact":"critical","message":"ARIA attribute is supported"},{"id":"aria-prohibited-attr","data":null,"relatedNodes":[],"impact":"serious","message":"ARIA attribute is allowed"}],"impact":null,"html":"<a href=\"/candidate/search/save-job/B0306-25-0021\" data-test=\"search-result-save-job\" aria-label=\"Save this job: Specialist Carer - Band 3 (Reference number: B0306-25-0021)\">\n              Save this job\n            </a>","target":[".nhsuk-list-panel.search-result.nhsuk-u-padding-3:nth-child(3) > .nhsuk-grid-row:nth-child(1) > .save-job.nhsuk-u-margin-right-3 > a[data-test=\"search-result-save-job\"]"]},{"any":[],"all":[{"id":"aria-allowed-attr","data":null,"relatedNodes":[],"impact":"critical","message":"ARIA attributes are used correctly for the defined role"},{"id":"aria-conditional-attr","data":null,"relatedNodes":[],"impact":"serious","message":"ARIA attribute is allowed"}],"none":[{"id":"aria-unsupported-attr","data":null,"relatedNodes":[],"impact":"critical","message":"ARIA attribute is supported"},{"id":"aria-prohibited-attr","data":null,"relatedNodes":[],"impact":"serious","message":"ARIA attribute is allowed"}],"impact":null,"html":"<a href=\"/candidate/search/save-job/E0177-25-6170\" data-test=\"search-result-save-job\" aria-label=\"Save this job: Senior Carer - Residential Care Home - Bank (Reference number: E0177-25-6170)\">\n              Save this job\n            </a>","target":[".nhsuk-list-panel.search-result.nhsuk-u-padding-3:nth-child(4) > .nhsuk-grid-row:nth-child(1) > .save-job.nhsuk-u-margin-right-3 > a[data-test=\"search-result-save-job\"]"]},{"any":[],"all":[{"id":"aria-allowed-attr","data":null,"relatedNodes":[],"impact":"critical","message":"ARIA attributes are used correctly for the defined role"},{"id":"aria-conditional-attr","data":null,"relatedNodes":[],"impact":"serious","message":"ARIA attribute is allowed"}],"none":[{"id":"aria-unsupported-attr","data":null,"relatedNodes":[],"impact":"critical","message":"ARIA attribute is supported"},{"id":"aria-prohibited-attr","data":null,"relatedNodes":[],"impact":"serious","message":"ARIA attribute is allowed"}],"impact":null,"html":"<a href=\"/candidate/search/save-job/B0306-25-0023\" data-test=\"search-result-save-job\" aria-label=\"Save this job: Specialist Carer - Band 4 (part-time) (Reference number: B0306-25-0023)\">\n              Save this job\n            </a>","target":[".nhsuk-list-panel.search-result.nhsuk-u-padding-3:nth-child(5) > .nhsuk-grid-row:nth-child(1) > .save-job.nhsuk-u-margin-right-3 > a[data-test=\"search-result-save-job\"]"]},{"any":[],"all":[{"id":"aria-allowed-attr","data":null,"relatedNodes":[],"impact":"critical","message":"ARIA attributes are used correctly for the defined role"},{"id":"aria-conditional-attr","data":null,"relatedNodes":[],"impact":"serious","message":"ARIA attribute is allowed"}],"none":[{"id":"aria-unsupported-attr","data":null,"relatedNodes":[],"impact":"critical","message":"ARIA attribute is supported"},{"id":"aria-prohibited-attr","data":null,"relatedNodes":[],"impact":"serious","message":"ARIA attribute is allowed"}],"impact":null,"html":"<a href=\"/candidate/search/save-job/B0306-25-0022\" data-test=\"search-result-save-job\" aria-label=\"Save this job: Specialist Carer - Band 3 (Part-time) (Reference number: B0306-25-0022)\">\n              Save this job\n            </a>","target":[".nhsuk-list-panel.search-result.nhsuk-u-padding-3:nth-child(6) > .nhsuk-grid-row:nth-child(1) > .save-job.nhsuk-u-margin-right-3 > a[data-test=\"search-result-save-job\"]"]},{"any":[],"all":[{"id":"aria-allowed-attr","data":null,"relatedNodes":[],"impact":"critical","message":"ARIA attributes are used correctly for the defined role"},{"id":"aria-conditional-attr","data":null,"relatedNodes":[],"impact":"serious","message":"ARIA attribute is allowed"}],"none":[{"id":"aria-unsupported-attr","data":null,"relatedNodes":[],"impact":"critical","message":"ARIA attribute is supported"},{"id":"aria-prohibited-attr","data":null,"relatedNodes":[],"impact":"serious","message":"ARIA attribute is allowed"}],"impact":null,"html":"<a href=\"/candidate/search/save-job/E0279-25-1036\" data-test=\"search-result-save-job\" aria-label=\"Save this job: Senior Children's Community Carer - NE Surrey (Reference number: E0279-25-1036)\">\n              Save this job\n            </a>","target":[".nhsuk-list-panel.search-result.nhsuk-u-padding-3:nth-child(7) > .nhsuk-grid-row:nth-child(1) > .save-job.nhsuk-u-margin-right-3 > a[data-test=\"search-result-save-job\"]"]},{"any":[],"all":[{"id":"aria-allowed-attr","data":null,"relatedNodes":[],"impact":"critical","message":"ARIA attributes are used correctly for the defined role"},{"id":"aria-conditional-attr","data":null,"relatedNodes":[],"impact":"serious","message":"ARIA attribute is allowed"}],"none":[{"id":"aria-unsupported-attr","data":null,"relatedNodes":[],"impact":"critical","message":"ARIA attribute is supported"},{"id":"aria-prohibited-attr","data":null,"relatedNodes":[],"impact":"serious","message":"ARIA attribute is allowed"}],"impact":null,"html":"<a href=\"/candidate/search/save-job/E0279-25-1030\" data-test=\"search-result-save-job\" aria-label=\"Save this job: Children\\'s Community Carer - NE Surrey (Reference number: E0279-25-1030)\">\n              Save this job\n            </a>","target":[".nhsuk-list-panel.search-result.nhsuk-u-padding-3:nth-child(8) > .nhsuk-grid-row:nth-child(1) > .save-job.nhsuk-u-margin-right-3 > a[data-test=\"search-result-save-job\"]"]},{"any":[],"all":[{"id":"aria-allowed-attr","data":null,"relatedNodes":[],"impact":"critical","message":"ARIA attributes are used correctly for the defined role"},{"id":"aria-conditional-attr","data":null,"relatedNodes":[],"impact":"serious","message":"ARIA attribute is allowed"}],"none":[{"id":"aria-unsupported-attr","data":null,"relatedNodes":[],"impact":"critical","message":"ARIA attribute is supported"},{"id":"aria-prohibited-attr","data":null,"relatedNodes":[],"impact":"serious","message":"ARIA attribute is allowed"}],"impact":null,"html":"<a href=\"/candidate/search/save-job/E0279-25-1031\" data-test=\"search-result-save-job\" aria-label=\"Save this job: Bank Children's Community Carer - NE Surrey (Reference number: E0279-25-1031)\">\n              Save this job\n            </a>","target":[".nhsuk-list-panel.search-result.nhsuk-u-padding-3:nth-child(9) > .nhsuk-grid-row:nth-child(1) > .save-job.nhsuk-u-margin-right-3 > a[data-test=\"search-result-save-job\"]"]},{"any":[],"all":[{"id":"aria-allowed-attr","data":null,"relatedNodes":[],"impact":"critical","message":"ARIA attributes are used correctly for the defined role"},{"id":"aria-conditional-attr","data":null,"relatedNodes":[],"impact":"serious","message":"ARIA attribute is allowed"}],"none":[{"id":"aria-unsupported-attr","data":null,"relatedNodes":[],"impact":"critical","message":"ARIA attribute is supported"},{"id":"aria-prohibited-attr","data":null,"relatedNodes":[],"impact":"serious","message":"ARIA attribute is allowed"}],"impact":null,"html":"<a href=\"/candidate/search/save-job/E0279-25-1040\" data-test=\"search-result-save-job\" aria-label=\"Save this job: Bank Senior Children's Community Carer - NE Surrey (Reference number: E0279-25-1040)\">\n              Save this job\n            </a>","target":[".nhsuk-list-panel.search-result.nhsuk-u-padding-3:nth-child(10) > .nhsuk-grid-row:nth-child(1) > .save-job.nhsuk-u-margin-right-3 > a[data-test=\"search-result-save-job\"]"]},{"any":[],"all":[{"id":"aria-allowed-attr","data":null,"relatedNodes":[],"impact":"critical","message":"ARIA attributes are used correctly for the defined role"},{"id":"aria-conditional-attr","data":null,"relatedNodes":[],"impact":"serious","message":"ARIA attribute is allowed"}],"none":[{"id":"aria-unsupported-attr","data":null,"relatedNodes":[],"impact":"critical","message":"ARIA attribute is supported"},{"id":"aria-prohibited-attr","data":null,"relatedNodes":[],"impact":"serious","message":"ARIA attribute is allowed"}],"impact":null,"html":"<nav class=\"nhsuk-pagination\" role=\"navigation\" aria-label=\"Pagination\">","target":[".nhsuk-pagination"]}]},{"id":"aria-allowed-role","impact":null,"tags":["cat.aria","best-practice"],"description":"Ensures role attribute has an appropriate value for the element","help":"ARIA role should be appropriate for the element","helpUrl":"https://dequeuniversity.com/rules/axe/4.7/aria-allowed-role?application=axeAPI","nodes":[{"any":[{"id":"aria-allowed-role","data":null,"relatedNodes":[],"impact":"minor","message":"ARIA role is allowed for given element"}],"all":[],"none":[],"impact":null,"html":"<header class=\"nhsuk-header\" role=\"banner\" id=\"heading-body\">","target":["header"]},{"any":[{"id":"aria-allowed-role","data":null,"relatedNodes":[],"impact":"minor","message":"ARIA role is allowed for given element"}],"all":[],"none":[],"impact":null,"html":"<nav class=\"nhsuk-header__navigation\" id=\"header-navigation\" role=\"navigation\" aria-label=\"Primary navigation\" aria-labelledby=\"label-navigation\">","target":["#header-navigation"]},{"any":[{"id":"aria-allowed-role","data":null,"relatedNodes":[],"impact":"minor","message":"ARIA role is allowed for given element"}],"all":[],"none":[],"impact":null,"html":"<div class=\"beta-banner\" aria-label=\"beta-banner\" role=\"complementary\">","target":[".beta-banner"]},{"any":[{"id":"aria-allowed-role","data":null,"relatedNodes":[],"impact":"minor","message":"ARIA role is allowed for given element"}],"all":[],"none":[],"impact":null,"html":"<section class=\"nhsuk-hero\" role=\"search\">","target":["section"]},{"any":[{"id":"aria-allowed-role","data":null,"relatedNodes":[],"impact":"minor","message":"ARIA role is allowed for given element"}],"all":[],"none":[],"impact":null,"html":"<div id=\"location__status--A\" role=\"status\" aria-atomic=\"true\" aria-live=\"polite\"></div>","target":["#location__status--A"]},{"any":[{"id":"aria-allowed-role","data":null,"relatedNodes":[],"impact":"minor","message":"ARIA role is allowed for given element"}],"all":[],"none":[],"impact":null,"html":"<div id=\"location__status--B\" role=\"status\" aria-atomic=\"true\" aria-live=\"polite\"></div>","target":["#location__status--B"]},{"any":[{"id":"aria-allowed-role","data":null,"relatedNodes":[],"impact":"minor","message":"ARIA role is allowed for given element"}],"all":[],"none":[],"impact":null,"html":"<input aria-describedby=\"location__assistiveHint\" aria-expanded=\"false\" aria-controls=\"location__listbox\" aria-autocomplete=\"list\" autocomplete=\"off\" class=\"nhsuk-input nhsuk-u--width-full\" id=\"location\" name=\"location\" placeholder=\"\" type=\"search\" role=\"combobox\" data-test=\"search-location-input\" aria-label=\"Search Where? For example, a postcode, town or city, search text field\">","target":["#location"]},{"any":[{"id":"aria-allowed-role","data":null,"relatedNodes":[],"impact":"minor","message":"ARIA role is allowed for given element"}],"all":[],"none":[],"impact":null,"html":"<ul aria-labelledby=\"location\" id=\"location__listbox\" role=\"listbox\" class=\"autocomplete__menu autocomplete__menu--inline autocomplete__menu--hidden\">","target":["#location__listbox"]},{"any":[{"id":"aria-allowed-role","data":null,"relatedNodes":[],"impact":"minor","message":"ARIA role is allowed for given element"}],"all":[],"none":[],"impact":null,"html":"<li aria-selected=\"false\" class=\"autocomplete__option\" id=\"location__option--0\" role=\"option\" tabindex=\"-1\" aria-posinset=\"1\" aria-setsize=\"1\">London</li>","target":["#location__option--0"]},{"any":[{"id":"aria-allowed-role","data":null,"relatedNodes":[],"impact":"minor","message":"ARIA role is allowed for given element"}],"all":[],"none":[],"impact":null,"html":"<main class=\"nhsuk-main-wrapper \" id=\"maincontent\" role=\"main\">","target":["#maincontent"]},{"any":[{"id":"aria-allowed-role","data":null,"relatedNodes":[],"impact":"minor","message":"ARIA role is allowed for given element"}],"all":[],"none":[],"impact":null,"html":"<summary class=\"nhsuk-details__summary\" role=\"button\" aria-controls=\"distance-details\" aria-expanded=\"false\" data-test=\"distance\">\n                <span class=\"nhsuk-details__summary-text\">\n                    Distance\n                </span>\n            </summary>","target":["summary[aria-controls=\"distance-details\"]"]},{"any":[{"id":"aria-allowed-role","data":null,"relatedNodes":[],"impact":"minor","message":"ARIA role is allowed for given element"}],"all":[],"none":[],"impact":null,"html":"<summary class=\"nhsuk-details__summary\" role=\"button\" aria-controls=\"covid-jobs-only\" aria-expanded=\"false\" data-test=\"filter-covid-only\">\n                <span class=\"nhsuk-details__summary-text\">\n                    COVID-19\n                </span>\n            </summary>","target":["summary[aria-controls=\"covid-jobs-only\"]"]},{"any":[{"id":"aria-allowed-role","data":null,"relatedNodes":[],"impact":"minor","message":"ARIA role is allowed for given element"}],"all":[],"none":[],"impact":null,"html":"<summary id=\"working-patterns-expander\" class=\"nhsuk-details__summary \" role=\"button\" aria-controls=\"working-pattern-details\" aria-expanded=\"false\" data-test=\"filter-working-pattern\">","target":["#working-patterns-expander"]},{"any":[{"id":"aria-allowed-role","data":null,"relatedNodes":[],"impact":"minor","message":"ARIA role is allowed for given element"}],"all":[],"none":[],"impact":null,"html":"<summary class=\"nhsuk-details__summary\" role=\"button\" aria-controls=\"contract-type-details\" aria-expanded=\"false\" data-test=\"filter-contract-type\">\n                <span class=\"nhsuk-details__summary-text\">Contract type</span>\n            </summary>","target":["summary[aria-controls=\"contract-type-details\"]"]},{"any":[{"id":"aria-allowed-role","data":null,"relatedNodes":[],"impact":"minor","message":"ARIA role is allowed for given element"}],"all":[],"none":[],"impact":null,"html":"<summary class=\"nhsuk-details__summary\" role=\"button\" aria-controls=\"staff-group-details\" aria-expanded=\"false\" data-test=\"filter-staff-group\">\n                <span class=\"nhsuk-details__summary-text\">\n                    Staff group\n                </span>\n            </summary>","target":["summary[aria-controls=\"staff-group-details\"]"]},{"any":[{"id":"aria-allowed-role","data":null,"relatedNodes":[],"impact":"minor","message":"ARIA role is allowed for given element"}],"all":[],"none":[],"impact":null,"html":"<summary class=\"nhsuk-details__summary\" role=\"button\" aria-controls=\"pay-range-details\" aria-expanded=\"false\" data-test=\"filter-pay-range\">\n                <span class=\"nhsuk-details__summary-text\">\n                    Pay range\n                </span>\n            </summary>","target":["summary[aria-controls=\"pay-range-details\"]"]},{"any":[{"id":"aria-allowed-role","data":null,"relatedNodes":[],"impact":"minor","message":"ARIA role is allowed for given element"}],"all":[],"none":[],"impact":null,"html":"<summary class=\"nhsuk-details__summary\" role=\"button\" aria-controls=\"pay-band-details\" aria-expanded=\"false\" data-test=\"filter-pay-band\">","target":["summary[aria-controls=\"pay-band-details\"]"]},{"any":[{"id":"aria-allowed-role","data":null,"relatedNodes":[],"impact":"minor","message":"ARIA role is allowed for given element"}],"all":[],"none":[],"impact":null,"html":"<svg style=\"height:25px; padding-right: 10px\" class=\"nhsuk-icon nhsuk-icon__search\" aria-hidden=\"true\" focusable=\"false\" data-prefix=\"far\" data-icon=\"bell\" role=\"img\" xmlns=\"http://www.w3.org/2000/svg\" viewBox=\"0 0 448 512\">","target":["svg[data-prefix=\"far\"]"]},{"any":[{"id":"aria-allowed-role","data":null,"relatedNodes":[],"impact":"minor","message":"ARIA role is allowed for given element"}],"all":[],"none":[],"impact":null,"html":"<nav class=\"nhsuk-pagination\" role=\"navigation\" aria-label=\"Pagination\">","target":[".nhsuk-pagination"]},{"any":[{"id":"aria-allowed-role","data":null,"relatedNodes":[],"impact":"minor","message":"ARIA role is allowed for given element"}],"all":[],"none":[],"impact":null,"html":"<footer role=\"contentinfo\">","target":["footer"]}]},{"id":"aria-hidden-body","impact":null,"tags":["cat.aria","wcag2a","wcag412"],"description":"Ensures aria-hidden='true' is not present on the document body.","help":"aria-hidden='true' must not be present on the document body","helpUrl":"https://dequeuniversity.com/rules/axe/4.7/aria-hidden-body?application=axeAPI","nodes":[{"any":[{"id":"aria-hidden-body","data":null,"relatedNodes":[],"impact":"critical","message":"No aria-hidden attribute is present on document body"}],"all":[],"none":[],"impact":null,"html":"<body class=\" govuk-frontend-supported js-enabled\" id=\"main-body\">","target":["#main-body"]}]},{"id":"aria-hidden-focus","impact":null,"tags":["cat.name-role-value","wcag2a","wcag412","TTv5","TT6.a"],"description":"Ensures aria-hidden elements are not focusable nor contain focusable elements","help":"ARIA hidden element must not be focusable or contain focusable elements","helpUrl":"https://dequeuniversity.com/rules/axe/4.7/aria-hidden-focus?application=axeAPI","nodes":[{"any":[],"all":[{"id":"focusable-modal-open","data":null,"relatedNodes":[],"impact":"serious","message":"No focusable elements while a modal is open"},{"id":"focusable-disabled","data":null,"relatedNodes":[],"impact":"serious","message":"No focusable elements contained within element"},{"id":"focusable-not-tabbable","data":null,"relatedNodes":[],"impact":"serious","message":"No focusable elements contained within element"}],"none":[],"impact":null,"html":"<svg class=\"nhsuk-icon nhsuk-icon__search\" xmlns=\"http://www.w3.org/2000/svg\" viewBox=\"0 0 24 24\" aria-hidden=\"true\" focusable=\"false\" width=\"27\" height=\"27\">","target":["svg[width=\"27\"]"]},{"any":[],"all":[{"id":"focusable-modal-open","data":null,"relatedNodes":[],"impact":"serious","message":"No focusable elements while a modal is open"},{"id":"focusable-disabled","data":null,"relatedNodes":[],"impact":"serious","message":"No focusable elements contained within element"},{"id":"focusable-not-tabbable","data":null,"relatedNodes":[],"impact":"serious","message":"No focusable elements contained within element"}],"none":[],"impact":null,"html":"<svg class=\"nhsuk-icon nhsuk-icon__chevron-right\" xmlns=\"http://www.w3.org/2000/svg\" viewBox=\"0 0 24 24\" aria-hidden=\"true\" width=\"34\" height=\"34\">\n        <path d=\"M15.5 12a1 1 0 0 1-.29.71l-5 5a1 1 0 0 1-1.42-1.42l4.3-4.29-4.3-4.29a1 1 0 0 1 1.42-1.42l5 5a1 1 0 0 1 .29.71z\"></path>\n      </svg>","target":["a[href=\"/\"] > .nhsuk-icon__chevron-right[width=\"34\"][height=\"34\"]"]},{"any":[],"all":[{"id":"focusable-modal-open","data":null,"relatedNodes":[],"impact":"serious","message":"No focusable elements while a modal is open"},{"id":"focusable-disabled","data":null,"relatedNodes":[],"impact":"serious","message":"No focusable elements contained within element"},{"id":"focusable-not-tabbable","data":null,"relatedNodes":[],"impact":"serious","message":"No focusable elements contained within element"}],"none":[],"impact":null,"html":"<svg class=\"nhsuk-icon nhsuk-icon__chevron-right\" xmlns=\"http://www.w3.org/2000/svg\" viewBox=\"0 0 24 24\" aria-hidden=\"true\" width=\"34\" height=\"34\">\n        <path d=\"M15.5 12a1 1 0 0 1-.29.71l-5 5a1 1 0 0 1-1.42-1.42l4.3-4.29-4.3-4.29a1 1 0 0 1 1.42-1.42l5 5a1 1 0 0 1 .29.71z\"></path>\n      </svg>","target":["a[href$=\"search\"] > .nhsuk-icon__chevron-right[width=\"34\"][height=\"34\"]"]},{"any":[],"all":[{"id":"focusable-modal-open","data":null,"relatedNodes":[],"impact":"serious","message":"No focusable elements while a modal is open"},{"id":"focusable-disabled","data":null,"relatedNodes":[],"impact":"serious","message":"No focusable elements contained within element"},{"id":"focusable-not-tabbable","data":null,"relatedNodes":[],"impact":"serious","message":"No focusable elements contained within element"}],"none":[],"impact":null,"html":"<svg class=\"nhsuk-icon nhsuk-icon__chevron-right\" xmlns=\"http://www.w3.org/2000/svg\" viewBox=\"0 0 24 24\" aria-hidden=\"true\" width=\"34\" height=\"34\">\n        <path d=\"M15.5 12a1 1 0 0 1-.29.71l-5 5a1 1 0 0 1-1.42-1.42l4.3-4.29-4.3-4.29a1 1 0 0 1 1.42-1.42l5 5a1 1 0 0 1 .29.71z\"></path>\n      </svg>","target":["#candidate_sign_in_mobile > .nhsuk-icon__chevron-right[width=\"34\"][height=\"34\"]"]},{"any":[],"all":[{"id":"focusable-modal-open","data":null,"relatedNodes":[],"impact":"serious","message":"No focusable elements while a modal is open"},{"id":"focusable-disabled","data":null,"relatedNodes":[],"impact":"serious","message":"No focusable elements contained within element"},{"id":"focusable-not-tabbable","data":null,"relatedNodes":[],"impact":"serious","message":"No focusable elements contained within element"}],"none":[],"impact":null,"html":"<svg class=\"nhsuk-icon nhsuk-icon__chevron-right\" xmlns=\"http://www.w3.org/2000/svg\" viewBox=\"0 0 24 24\" aria-hidden=\"true\" width=\"34\" height=\"34\">\n        <path d=\"M15.5 12a1 1 0 0 1-.29.71l-5 5a1 1 0 0 1-1.42-1.42l4.3-4.29-4.3-4.29a1 1 0 0 1 1.42-1.42l5 5a1 1 0 0 1 .29.71z\"></path>\n      </svg>","target":[".nhsuk-header__navigation-link[data-test=\"header-create-account\"] > .nhsuk-icon__chevron-right[width=\"34\"][height=\"34\"]"]},{"any":[],"all":[{"id":"focusable-modal-open","data":null,"relatedNodes":[],"impact":"serious","message":"No focusable elements while a modal is open"},{"id":"focusable-disabled","data":null,"relatedNodes":[],"impact":"serious","message":"No focusable elements contained within element"},{"id":"focusable-not-tabbable","data":null,"relatedNodes":[],"impact":"serious","message":"No focusable elements contained within element"}],"none":[],"impact":null,"html":"<svg class=\"nhsuk-icon nhsuk-icon__chevron-right\" xmlns=\"http://www.w3.org/2000/svg\" viewBox=\"0 0 24 24\" aria-hidden=\"true\" width=\"34\" height=\"34\">\n        <path d=\"M15.5 12a1 1 0 0 1-.29.71l-5 5a1 1 0 0 1-1.42-1.42l4.3-4.29-4.3-4.29a1 1 0 0 1 1.42-1.42l5 5a1 1 0 0 1 .29.71z\"></path>\n      </svg>","target":[".nhsuk-header__navigation-link[href=\"/candidate/search/locale/en\"] > .nhsuk-icon__chevron-right[width=\"34\"][height=\"34\"]"]},{"any":[],"all":[{"id":"focusable-modal-open","data":null,"relatedNodes":[],"impact":"serious","message":"No focusable elements while a modal is open"},{"id":"focusable-disabled","data":null,"relatedNodes":[],"impact":"serious","message":"No focusable elements contained within element"},{"id":"focusable-not-tabbable","data":null,"relatedNodes":[],"impact":"serious","message":"No focusable elements contained within element"}],"none":[],"impact":null,"html":"<svg class=\"nhsuk-icon nhsuk-icon__chevron-right\" xmlns=\"http://www.w3.org/2000/svg\" viewBox=\"0 0 24 24\" aria-hidden=\"true\" width=\"34\" height=\"34\">\n        <path d=\"M15.5 12a1 1 0 0 1-.29.71l-5 5a1 1 0 0 1-1.42-1.42l4.3-4.29-4.3-4.29a1 1 0 0 1 1.42-1.42l5 5a1 1 0 0 1 .29.71z\"></path>\n      </svg>","target":[".nhsuk-header__navigation-link[href=\"/candidate/search/locale/cy\"] > .nhsuk-icon__chevron-right[width=\"34\"][height=\"34\"]"]},{"any":[],"all":[{"id":"focusable-modal-open","data":null,"relatedNodes":[],"impact":"serious","message":"No focusable elements while a modal is open"},{"id":"focusable-disabled","data":null,"relatedNodes":[],"impact":"serious","message":"No focusable elements contained within element"},{"id":"focusable-not-tabbable","data":null,"relatedNodes":[],"impact":"serious","message":"No focusable elements contained within element"}],"none":[],"impact":null,"html":"<legend class=\"nhsuk-heading-l nhsuk-u-visually-hidden\" id=\"additional-search-legend\" aria-hidden=\"true\">\n            Additional search options\n          </legend>","target":["#additional-search-legend"]},{"any":[],"all":[{"id":"focusable-modal-open","data":null,"relatedNodes":[],"impact":"serious","message":"No focusable elements while a modal is open"},{"id":"focusable-disabled","data":null,"relatedNodes":[],"impact":"serious","message":"No focusable elements contained within element"},{"id":"focusable-not-tabbable","data":null,"relatedNodes":[],"impact":"serious","message":"No focusable elements contained within element"}],"none":[],"impact":null,"html":"<legend class=\"nhsuk-heading-l nhsuk-u-visually-hidden\" id=\"search-controls-legend\" aria-hidden=\"true\">\n            Search controls\n          </legend>","target":["#search-controls-legend"]},{"any":[],"all":[{"id":"focusable-modal-open","data":null,"relatedNodes":[],"impact":"serious","message":"No focusable elements while a modal is open"},{"id":"focusable-disabled","data":null,"relatedNodes":[],"impact":"serious","message":"No focusable elements contained within element"},{"id":"focusable-not-tabbable","data":null,"relatedNodes":[],"impact":"serious","message":"No focusable elements contained within element"}],"none":[],"impact":null,"html":"<svg style=\"height:25px; padding-right: 10px\" class=\"nhsuk-icon nhsuk-icon__search\" aria-hidden=\"true\" focusable=\"false\" data-prefix=\"far\" data-icon=\"bell\" role=\"img\" xmlns=\"http://www.w3.org/2000/svg\" viewBox=\"0 0 448 512\">","target":["svg[data-prefix=\"far\"]"]},{"any":[],"all":[{"id":"focusable-modal-open","data":null,"relatedNodes":[],"impact":"serious","message":"No focusable elements while a modal is open"},{"id":"focusable-disabled","data":null,"relatedNodes":[],"impact":"serious","message":"No focusable elements contained within element"},{"id":"focusable-not-tabbable","data":null,"relatedNodes":[],"impact":"serious","message":"No focusable elements contained within element"}],"none":[],"impact":null,"html":"<svg class=\"nhsuk-icon nhsuk-icon__arrow-right\" xmlns=\"http://www.w3.org/2000/svg\" viewBox=\"0 0 24 24\" aria-hidden=\"true\">","target":[".nhsuk-icon__arrow-right"]}]},{"id":"aria-required-attr","impact":null,"tags":["cat.aria","wcag2a","wcag412"],"description":"Ensures elements with ARIA roles have all required ARIA attributes","help":"Required ARIA attributes must be provided","helpUrl":"https://dequeuniversity.com/rules/axe/4.7/aria-required-attr?application=axeAPI","nodes":[{"any":[{"id":"aria-required-attr","data":null,"relatedNodes":[],"impact":"critical","message":"All required ARIA attributes are present"}],"all":[],"none":[],"impact":null,"html":"<header class=\"nhsuk-header\" role=\"banner\" id=\"heading-body\">","target":["header"]},{"any":[{"id":"aria-required-attr","data":null,"relatedNodes":[],"impact":"critical","message":"All required ARIA attributes are present"}],"all":[],"none":[],"impact":null,"html":"<nav class=\"nhsuk-header__navigation\" id=\"header-navigation\" role=\"navigation\" aria-label=\"Primary navigation\" aria-labelledby=\"label-navigation\">","target":["#header-navigation"]},{"any":[{"id":"aria-required-attr","data":null,"relatedNodes":[],"impact":"critical","message":"All required ARIA attributes are present"}],"all":[],"none":[],"impact":null,"html":"<div class=\"beta-banner\" aria-label=\"beta-banner\" role=\"complementary\">","target":[".beta-banner"]},{"any":[{"id":"aria-required-attr","data":null,"relatedNodes":[],"impact":"critical","message":"All required ARIA attributes are present"}],"all":[],"none":[],"impact":null,"html":"<section class=\"nhsuk-hero\" role=\"search\">","target":["section"]},{"any":[{"id":"aria-required-attr","data":null,"relatedNodes":[],"impact":"critical","message":"All required ARIA attributes are present"}],"all":[],"none":[],"impact":null,"html":"<div id=\"location__status--A\" role=\"status\" aria-atomic=\"true\" aria-live=\"polite\"></div>","target":["#location__status--A"]},{"any":[{"id":"aria-required-attr","data":null,"relatedNodes":[],"impact":"critical","message":"All required ARIA attributes are present"}],"all":[],"none":[],"impact":null,"html":"<div id=\"location__status--B\" role=\"status\" aria-atomic=\"true\" aria-live=\"polite\"></div>","target":["#location__status--B"]},{"any":[{"id":"aria-required-attr","data":null,"relatedNodes":[],"impact":"critical","message":"All required ARIA attributes are present"}],"all":[],"none":[],"impact":null,"html":"<input aria-describedby=\"location__assistiveHint\" aria-expanded=\"false\" aria-controls=\"location__listbox\" aria-autocomplete=\"list\" autocomplete=\"off\" class=\"nhsuk-input nhsuk-u--width-full\" id=\"location\" name=\"location\" placeholder=\"\" type=\"search\" role=\"combobox\" data-test=\"search-location-input\" aria-label=\"Search Where? For example, a postcode, town or city, search text field\">","target":["#location"]},{"any":[{"id":"aria-required-attr","data":null,"relatedNodes":[],"impact":"critical","message":"All required ARIA attributes are present"}],"all":[],"none":[],"impact":null,"html":"<main class=\"nhsuk-main-wrapper \" id=\"maincontent\" role=\"main\">","target":["#maincontent"]},{"any":[{"id":"aria-required-attr","data":null,"relatedNodes":[],"impact":"critical","message":"All required ARIA attributes are present"}],"all":[],"none":[],"impact":null,"html":"<summary class=\"nhsuk-details__summary\" role=\"button\" aria-controls=\"distance-details\" aria-expanded=\"false\" data-test=\"distance\">\n                <span class=\"nhsuk-details__summary-text\">\n                    Distance\n                </span>\n            </summary>","target":["summary[aria-controls=\"distance-details\"]"]},{"any":[{"id":"aria-required-attr","data":null,"relatedNodes":[],"impact":"critical","message":"All required ARIA attributes are present"}],"all":[],"none":[],"impact":null,"html":"<summary class=\"nhsuk-details__summary\" role=\"button\" aria-controls=\"covid-jobs-only\" aria-expanded=\"false\" data-test=\"filter-covid-only\">\n                <span class=\"nhsuk-details__summary-text\">\n                    COVID-19\n                </span>\n            </summary>","target":["summary[aria-controls=\"covid-jobs-only\"]"]},{"any":[{"id":"aria-required-attr","data":null,"relatedNodes":[],"impact":"critical","message":"All required ARIA attributes are present"}],"all":[],"none":[],"impact":null,"html":"<summary id=\"working-patterns-expander\" class=\"nhsuk-details__summary \" role=\"button\" aria-controls=\"working-pattern-details\" aria-expanded=\"false\" data-test=\"filter-working-pattern\">","target":["#working-patterns-expander"]},{"any":[{"id":"aria-required-attr","data":null,"relatedNodes":[],"impact":"critical","message":"All required ARIA attributes are present"}],"all":[],"none":[],"impact":null,"html":"<summary class=\"nhsuk-details__summary\" role=\"button\" aria-controls=\"contract-type-details\" aria-expanded=\"false\" data-test=\"filter-contract-type\">\n                <span class=\"nhsuk-details__summary-text\">Contract type</span>\n            </summary>","target":["summary[aria-controls=\"contract-type-details\"]"]},{"any":[{"id":"aria-required-attr","data":null,"relatedNodes":[],"impact":"critical","message":"All required ARIA attributes are present"}],"all":[],"none":[],"impact":null,"html":"<summary class=\"nhsuk-details__summary\" role=\"button\" aria-controls=\"staff-group-details\" aria-expanded=\"false\" data-test=\"filter-staff-group\">\n                <span class=\"nhsuk-details__summary-text\">\n                    Staff group\n                </span>\n            </summary>","target":["summary[aria-controls=\"staff-group-details\"]"]},{"any":[{"id":"aria-required-attr","data":null,"relatedNodes":[],"impact":"critical","message":"All required ARIA attributes are present"}],"all":[],"none":[],"impact":null,"html":"<summary class=\"nhsuk-details__summary\" role=\"button\" aria-controls=\"pay-range-details\" aria-expanded=\"false\" data-test=\"filter-pay-range\">\n                <span class=\"nhsuk-details__summary-text\">\n                    Pay range\n                </span>\n            </summary>","target":["summary[aria-controls=\"pay-range-details\"]"]},{"any":[{"id":"aria-required-attr","data":null,"relatedNodes":[],"impact":"critical","message":"All required ARIA attributes are present"}],"all":[],"none":[],"impact":null,"html":"<summary class=\"nhsuk-details__summary\" role=\"button\" aria-controls=\"pay-band-details\" aria-expanded=\"false\" data-test=\"filter-pay-band\">","target":["summary[aria-controls=\"pay-band-details\"]"]},{"any":[{"id":"aria-required-attr","data":null,"relatedNodes":[],"impact":"critical","message":"All required ARIA attributes are present"}],"all":[],"none":[],"impact":null,"html":"<nav class=\"nhsuk-pagination\" role=\"navigation\" aria-label=\"Pagination\">","target":[".nhsuk-pagination"]},{"any":[{"id":"aria-required-attr","data":null,"relatedNodes":[],"impact":"critical","message":"All required ARIA attributes are present"}],"all":[],"none":[],"impact":null,"html":"<footer role=\"contentinfo\">","target":["footer"]}]},{"id":"aria-roles","impact":null,"tags":["cat.aria","wcag2a","wcag412"],"description":"Ensures all elements with a role attribute use a valid value","help":"ARIA roles used must conform to valid values","helpUrl":"https://dequeuniversity.com/rules/axe/4.7/aria-roles?application=axeAPI","nodes":[{"any":[],"all":[],"none":[{"id":"invalidrole","data":null,"relatedNodes":[],"impact":"critical","message":"ARIA role is valid"},{"id":"abstractrole","data":null,"relatedNodes":[],"impact":"serious","message":"Abstract roles are not used"},{"id":"unsupportedrole","data":null,"relatedNodes":[],"impact":"critical","message":"ARIA role is supported"},{"id":"deprecatedrole","data":null,"relatedNodes":[],"impact":"minor","message":"ARIA role is not deprecated"}],"impact":null,"html":"<header class=\"nhsuk-header\" role=\"banner\" id=\"heading-body\">","target":["header"]},{"any":[],"all":[],"none":[{"id":"invalidrole","data":null,"relatedNodes":[],"impact":"critical","message":"ARIA role is valid"},{"id":"abstractrole","data":null,"relatedNodes":[],"impact":"serious","message":"Abstract roles are not used"},{"id":"unsupportedrole","data":null,"relatedNodes":[],"impact":"critical","message":"ARIA role is supported"},{"id":"deprecatedrole","data":null,"relatedNodes":[],"impact":"minor","message":"ARIA role is not deprecated"}],"impact":null,"html":"<nav class=\"nhsuk-header__navigation\" id=\"header-navigation\" role=\"navigation\" aria-label=\"Primary navigation\" aria-labelledby=\"label-navigation\">","target":["#header-navigation"]},{"any":[],"all":[],"none":[{"id":"invalidrole","data":null,"relatedNodes":[],"impact":"critical","message":"ARIA role is valid"},{"id":"abstractrole","data":null,"relatedNodes":[],"impact":"serious","message":"Abstract roles are not used"},{"id":"unsupportedrole","data":null,"relatedNodes":[],"impact":"critical","message":"ARIA role is supported"},{"id":"deprecatedrole","data":null,"relatedNodes":[],"impact":"minor","message":"ARIA role is not deprecated"}],"impact":null,"html":"<div class=\"beta-banner\" aria-label=\"beta-banner\" role=\"complementary\">","target":[".beta-banner"]},{"any":[],"all":[],"none":[{"id":"invalidrole","data":null,"relatedNodes":[],"impact":"critical","message":"ARIA role is valid"},{"id":"abstractrole","data":null,"relatedNodes":[],"impact":"serious","message":"Abstract roles are not used"},{"id":"unsupportedrole","data":null,"relatedNodes":[],"impact":"critical","message":"ARIA role is supported"},{"id":"deprecatedrole","data":null,"relatedNodes":[],"impact":"minor","message":"ARIA role is not deprecated"}],"impact":null,"html":"<section class=\"nhsuk-hero\" role=\"search\">","target":["section"]},{"any":[],"all":[],"none":[{"id":"invalidrole","data":null,"relatedNodes":[],"impact":"critical","message":"ARIA role is valid"},{"id":"abstractrole","data":null,"relatedNodes":[],"impact":"serious","message":"Abstract roles are not used"},{"id":"unsupportedrole","data":null,"relatedNodes":[],"impact":"critical","message":"ARIA role is supported"},{"id":"deprecatedrole","data":null,"relatedNodes":[],"impact":"minor","message":"ARIA role is not deprecated"}],"impact":null,"html":"<div id=\"location__status--A\" role=\"status\" aria-atomic=\"true\" aria-live=\"polite\"></div>","target":["#location__status--A"]},{"any":[],"all":[],"none":[{"id":"invalidrole","data":null,"relatedNodes":[],"impact":"critical","message":"ARIA role is valid"},{"id":"abstractrole","data":null,"relatedNodes":[],"impact":"serious","message":"Abstract roles are not used"},{"id":"unsupportedrole","data":null,"relatedNodes":[],"impact":"critical","message":"ARIA role is supported"},{"id":"deprecatedrole","data":null,"relatedNodes":[],"impact":"minor","message":"ARIA role is not deprecated"}],"impact":null,"html":"<div id=\"location__status--B\" role=\"status\" aria-atomic=\"true\" aria-live=\"polite\"></div>","target":["#location__status--B"]},{"any":[],"all":[],"none":[{"id":"invalidrole","data":null,"relatedNodes":[],"impact":"critical","message":"ARIA role is valid"},{"id":"abstractrole","data":null,"relatedNodes":[],"impact":"serious","message":"Abstract roles are not used"},{"id":"unsupportedrole","data":null,"relatedNodes":[],"impact":"critical","message":"ARIA role is supported"},{"id":"deprecatedrole","data":null,"relatedNodes":[],"impact":"minor","message":"ARIA role is not deprecated"}],"impact":null,"html":"<input aria-describedby=\"location__assistiveHint\" aria-expanded=\"false\" aria-controls=\"location__listbox\" aria-autocomplete=\"list\" autocomplete=\"off\" class=\"nhsuk-input nhsuk-u--width-full\" id=\"location\" name=\"location\" placeholder=\"\" type=\"search\" role=\"combobox\" data-test=\"search-location-input\" aria-label=\"Search Where? For example, a postcode, town or city, search text field\">","target":["#location"]},{"any":[],"all":[],"none":[{"id":"invalidrole","data":null,"relatedNodes":[],"impact":"critical","message":"ARIA role is valid"},{"id":"abstractrole","data":null,"relatedNodes":[],"impact":"serious","message":"Abstract roles are not used"},{"id":"unsupportedrole","data":null,"relatedNodes":[],"impact":"critical","message":"ARIA role is supported"},{"id":"deprecatedrole","data":null,"relatedNodes":[],"impact":"minor","message":"ARIA role is not deprecated"}],"impact":null,"html":"<main class=\"nhsuk-main-wrapper \" id=\"maincontent\" role=\"main\">","target":["#maincontent"]},{"any":[],"all":[],"none":[{"id":"invalidrole","data":null,"relatedNodes":[],"impact":"critical","message":"ARIA role is valid"},{"id":"abstractrole","data":null,"relatedNodes":[],"impact":"serious","message":"Abstract roles are not used"},{"id":"unsupportedrole","data":null,"relatedNodes":[],"impact":"critical","message":"ARIA role is supported"},{"id":"deprecatedrole","data":null,"relatedNodes":[],"impact":"minor","message":"ARIA role is not deprecated"}],"impact":null,"html":"<summary class=\"nhsuk-details__summary\" role=\"button\" aria-controls=\"distance-details\" aria-expanded=\"false\" data-test=\"distance\">\n                <span class=\"nhsuk-details__summary-text\">\n                    Distance\n                </span>\n            </summary>","target":["summary[aria-controls=\"distance-details\"]"]},{"any":[],"all":[],"none":[{"id":"invalidrole","data":null,"relatedNodes":[],"impact":"critical","message":"ARIA role is valid"},{"id":"abstractrole","data":null,"relatedNodes":[],"impact":"serious","message":"Abstract roles are not used"},{"id":"unsupportedrole","data":null,"relatedNodes":[],"impact":"critical","message":"ARIA role is supported"},{"id":"deprecatedrole","data":null,"relatedNodes":[],"impact":"minor","message":"ARIA role is not deprecated"}],"impact":null,"html":"<summary class=\"nhsuk-details__summary\" role=\"button\" aria-controls=\"covid-jobs-only\" aria-expanded=\"false\" data-test=\"filter-covid-only\">\n                <span class=\"nhsuk-details__summary-text\">\n                    COVID-19\n                </span>\n            </summary>","target":["summary[aria-controls=\"covid-jobs-only\"]"]},{"any":[],"all":[],"none":[{"id":"invalidrole","data":null,"relatedNodes":[],"impact":"critical","message":"ARIA role is valid"},{"id":"abstractrole","data":null,"relatedNodes":[],"impact":"serious","message":"Abstract roles are not used"},{"id":"unsupportedrole","data":null,"relatedNodes":[],"impact":"critical","message":"ARIA role is supported"},{"id":"deprecatedrole","data":null,"relatedNodes":[],"impact":"minor","message":"ARIA role is not deprecated"}],"impact":null,"html":"<summary id=\"working-patterns-expander\" class=\"nhsuk-details__summary \" role=\"button\" aria-controls=\"working-pattern-details\" aria-expanded=\"false\" data-test=\"filter-working-pattern\">","target":["#working-patterns-expander"]},{"any":[],"all":[],"none":[{"id":"invalidrole","data":null,"relatedNodes":[],"impact":"critical","message":"ARIA role is valid"},{"id":"abstractrole","data":null,"relatedNodes":[],"impact":"serious","message":"Abstract roles are not used"},{"id":"unsupportedrole","data":null,"relatedNodes":[],"impact":"critical","message":"ARIA role is supported"},{"id":"deprecatedrole","data":null,"relatedNodes":[],"impact":"minor","message":"ARIA role is not deprecated"}],"impact":null,"html":"<summary class=\"nhsuk-details__summary\" role=\"button\" aria-controls=\"contract-type-details\" aria-expanded=\"false\" data-test=\"filter-contract-type\">\n                <span class=\"nhsuk-details__summary-text\">Contract type</span>\n            </summary>","target":["summary[aria-controls=\"contract-type-details\"]"]},{"any":[],"all":[],"none":[{"id":"invalidrole","data":null,"relatedNodes":[],"impact":"critical","message":"ARIA role is valid"},{"id":"abstractrole","data":null,"relatedNodes":[],"impact":"serious","message":"Abstract roles are not used"},{"id":"unsupportedrole","data":null,"relatedNodes":[],"impact":"critical","message":"ARIA role is supported"},{"id":"deprecatedrole","data":null,"relatedNodes":[],"impact":"minor","message":"ARIA role is not deprecated"}],"impact":null,"html":"<summary class=\"nhsuk-details__summary\" role=\"button\" aria-controls=\"staff-group-details\" aria-expanded=\"false\" data-test=\"filter-staff-group\">\n                <span class=\"nhsuk-details__summary-text\">\n                    Staff group\n                </span>\n            </summary>","target":["summary[aria-controls=\"staff-group-details\"]"]},{"any":[],"all":[],"none":[{"id":"invalidrole","data":null,"relatedNodes":[],"impact":"critical","message":"ARIA role is valid"},{"id":"abstractrole","data":null,"relatedNodes":[],"impact":"serious","message":"Abstract roles are not used"},{"id":"unsupportedrole","data":null,"relatedNodes":[],"impact":"critical","message":"ARIA role is supported"},{"id":"deprecatedrole","data":null,"relatedNodes":[],"impact":"minor","message":"ARIA role is not deprecated"}],"impact":null,"html":"<summary class=\"nhsuk-details__summary\" role=\"button\" aria-controls=\"pay-range-details\" aria-expanded=\"false\" data-test=\"filter-pay-range\">\n                <span class=\"nhsuk-details__summary-text\">\n                    Pay range\n                </span>\n            </summary>","target":["summary[aria-controls=\"pay-range-details\"]"]},{"any":[],"all":[],"none":[{"id":"invalidrole","data":null,"relatedNodes":[],"impact":"critical","message":"ARIA role is valid"},{"id":"abstractrole","data":null,"relatedNodes":[],"impact":"serious","message":"Abstract roles are not used"},{"id":"unsupportedrole","data":null,"relatedNodes":[],"impact":"critical","message":"ARIA role is supported"},{"id":"deprecatedrole","data":null,"relatedNodes":[],"impact":"minor","message":"ARIA role is not deprecated"}],"impact":null,"html":"<summary class=\"nhsuk-details__summary\" role=\"button\" aria-controls=\"pay-band-details\" aria-expanded=\"false\" data-test=\"filter-pay-band\">","target":["summary[aria-controls=\"pay-band-details\"]"]},{"any":[],"all":[],"none":[{"id":"invalidrole","data":null,"relatedNodes":[],"impact":"critical","message":"ARIA role is valid"},{"id":"abstractrole","data":null,"relatedNodes":[],"impact":"serious","message":"Abstract roles are not used"},{"id":"unsupportedrole","data":null,"relatedNodes":[],"impact":"critical","message":"ARIA role is supported"},{"id":"deprecatedrole","data":null,"relatedNodes":[],"impact":"minor","message":"ARIA role is not deprecated"}],"impact":null,"html":"<nav class=\"nhsuk-pagination\" role=\"navigation\" aria-label=\"Pagination\">","target":[".nhsuk-pagination"]},{"any":[],"all":[],"none":[{"id":"invalidrole","data":null,"relatedNodes":[],"impact":"critical","message":"ARIA role is valid"},{"id":"abstractrole","data":null,"relatedNodes":[],"impact":"serious","message":"Abstract roles are not used"},{"id":"unsupportedrole","data":null,"relatedNodes":[],"impact":"critical","message":"ARIA role is supported"},{"id":"deprecatedrole","data":null,"relatedNodes":[],"impact":"minor","message":"ARIA role is not deprecated"}],"impact":null,"html":"<footer role=\"contentinfo\">","target":["footer"]}]},{"id":"aria-valid-attr-value","impact":null,"tags":["cat.aria","wcag2a","wcag412"],"description":"Ensures all ARIA attributes have valid values","help":"ARIA attributes must conform to valid values","helpUrl":"https://dequeuniversity.com/rules/axe/4.7/aria-valid-attr-value?application=axeAPI","nodes":[{"any":[],"all":[{"id":"aria-valid-attr-value","data":null,"relatedNodes":[],"impact":"critical","message":"ARIA attribute values are valid"},{"id":"aria-errormessage","data":null,"relatedNodes":[],"impact":"critical","message":"aria-errormessage exists and references elements visible to screen readers that use a supported aria-errormessage technique"},{"id":"aria-level","data":null,"relatedNodes":[],"impact":"serious","message":"aria-level values are valid"}],"none":[],"impact":null,"html":"<a class=\"nhsuk-skip-link\" href=\"#search-results-heading\" aria-label=\"562 jobs found for Carer in London. Sorted by: Best Match . Skip to search filters\" id=\"skip_to_search_filters\">Skip to search filters</a>","target":["#skip_to_search_filters"]},{"any":[],"all":[{"id":"aria-valid-attr-value","data":null,"relatedNodes":[],"impact":"critical","message":"ARIA attribute values are valid"},{"id":"aria-errormessage","data":null,"relatedNodes":[],"impact":"critical","message":"aria-errormessage exists and references elements visible to screen readers that use a supported aria-errormessage technique"},{"id":"aria-level","data":null,"relatedNodes":[],"impact":"serious","message":"aria-level values are valid"}],"none":[],"impact":null,"html":"<a class=\"nhsuk-skip-link\" href=\"#first-result-title\" id=\"skipToSearchResults\" aria-label=\"Skip to search results\">Skip to search results</a>","target":["#skipToSearchResults"]},{"any":[],"all":[{"id":"aria-valid-attr-value","data":null,"relatedNodes":[],"impact":"critical","message":"ARIA attribute values are valid"},{"id":"aria-errormessage","data":null,"relatedNodes":[],"impact":"critical","message":"aria-errormessage exists and references elements visible to screen readers that use a supported aria-errormessage technique"},{"id":"aria-level","data":null,"relatedNodes":[],"impact":"serious","message":"aria-level values are valid"}],"none":[],"impact":null,"html":"<a href=\"/candidate/cookies\" id=\"change-cookies-settings\" aria-label=\"Go to the cookie information page\">change your cookie settings</a>","target":["#change-cookies-settings"]},{"any":[],"all":[{"id":"aria-valid-attr-value","data":null,"relatedNodes":[],"impact":"critical","message":"ARIA attribute values are valid"},{"id":"aria-errormessage","data":null,"relatedNodes":[],"impact":"critical","message":"aria-errormessage exists and references elements visible to screen readers that use a supported aria-errormessage technique"},{"id":"aria-level","data":null,"relatedNodes":[],"impact":"serious","message":"aria-level values are valid"}],"none":[],"impact":null,"html":"<a href=\"/candidate/dismiss-cookie-messages\" id=\"dismiss-cookie-messages\" aria-label=\"Dismiss information about cookie preferences\" style=\"float: right\">Hide</a>","target":["#dismiss-cookie-messages"]},{"any":[],"all":[{"id":"aria-valid-attr-value","data":null,"relatedNodes":[],"impact":"critical","message":"ARIA attribute values are valid"},{"id":"aria-errormessage","data":null,"relatedNodes":[],"impact":"critical","message":"aria-errormessage exists and references elements visible to screen readers that use a supported aria-errormessage technique"},{"id":"aria-level","data":null,"relatedNodes":[],"impact":"serious","message":"aria-level values are valid"}],"none":[],"impact":null,"html":"<a class=\"nhsuk-header__link nhsuk-header__link--service nhsuk-header__link--service-short-name\" href=\"/candidate\" aria-label=\"NHS jobs homepage\">","target":[".nhsuk-header__link"]},{"any":[],"all":[{"id":"aria-valid-attr-value","data":null,"relatedNodes":[],"impact":"critical","message":"ARIA attribute values are valid"},{"id":"aria-errormessage","data":null,"relatedNodes":[],"impact":"critical","message":"aria-errormessage exists and references elements visible to screen readers that use a supported aria-errormessage technique"},{"id":"aria-level","data":null,"relatedNodes":[],"impact":"serious","message":"aria-level values are valid"}],"none":[],"impact":null,"html":"<nav class=\"gem-c-translation-nav hide-mobile nhsuk-u-margin-0 nhsuk-u-padding-left-7\" aria-label=\"Translations\">","target":[".gem-c-translation-nav"]},{"any":[],"all":[{"id":"aria-valid-attr-value","data":null,"relatedNodes":[],"impact":"critical","message":"ARIA attribute values are valid"},{"id":"aria-errormessage","data":null,"relatedNodes":[],"impact":"critical","message":"aria-errormessage exists and references elements visible to screen readers that use a supported aria-errormessage technique"},{"id":"aria-level","data":null,"relatedNodes":[],"impact":"serious","message":"aria-level values are valid"}],"none":[],"impact":null,"html":"<nav class=\"nhsuk-header__navigation\" id=\"header-navigation\" role=\"navigation\" aria-label=\"Primary navigation\" aria-labelledby=\"label-navigation\">","target":["#header-navigation"]},{"any":[],"all":[{"id":"aria-valid-attr-value","data":null,"relatedNodes":[],"impact":"critical","message":"ARIA attribute values are valid"},{"id":"aria-errormessage","data":null,"relatedNodes":[],"impact":"critical","message":"aria-errormessage exists and references elements visible to screen readers that use a supported aria-errormessage technique"},{"id":"aria-level","data":null,"relatedNodes":[],"impact":"serious","message":"aria-level values are valid"}],"none":[],"impact":null,"html":"<div class=\"beta-banner\" aria-label=\"beta-banner\" role=\"complementary\">","target":[".beta-banner"]},{"any":[],"all":[{"id":"aria-valid-attr-value","data":null,"relatedNodes":[],"impact":"critical","message":"ARIA attribute values are valid"},{"id":"aria-errormessage","data":null,"relatedNodes":[],"impact":"critical","message":"aria-errormessage exists and references elements visible to screen readers that use a supported aria-errormessage technique"},{"id":"aria-level","data":null,"relatedNodes":[],"impact":"serious","message":"aria-level values are valid"}],"none":[],"impact":null,"html":"<h1 data-test=\"search-result-query\" id=\"search-results-heading\" class=\"nhsuk-heading-xl nhsuk-u-padding-left-4 nhsuk-u-margin-bottom-4\" aria-label=\"562 jobs found for Carer in London. Sorted by: Best Match\">\n          562 jobs found for Carer in London\n        </h1>","target":["#search-results-heading"]},{"any":[],"all":[{"id":"aria-valid-attr-value","data":null,"relatedNodes":[],"impact":"critical","message":"ARIA attribute values are valid"},{"id":"aria-errormessage","data":null,"relatedNodes":[],"impact":"critical","message":"aria-errormessage exists and references elements visible to screen readers that use a supported aria-errormessage technique"},{"id":"aria-level","data":null,"relatedNodes":[],"impact":"serious","message":"aria-level values are valid"}],"none":[],"impact":null,"html":"<input name=\"keyword\" id=\"keyword\" value=\"Carer\" class=\"nhsuk-input nhsuk-u--width-full\" type=\"search\" data-test=\"search-jobTitle-input\" aria-label=\"Search What? For example, job title or skills\">","target":["#keyword"]},{"any":[],"all":[{"id":"aria-valid-attr-value","data":null,"relatedNodes":[],"impact":"critical","message":"ARIA attribute values are valid"},{"id":"aria-errormessage","data":null,"relatedNodes":[],"impact":"critical","message":"aria-errormessage exists and references elements visible to screen readers that use a supported aria-errormessage technique"},{"id":"aria-level","data":null,"relatedNodes":[],"impact":"serious","message":"aria-level values are valid"}],"none":[],"impact":null,"html":"<div id=\"location__status--A\" role=\"status\" aria-atomic=\"true\" aria-live=\"polite\"></div>","target":["#location__status--A"]},{"any":[],"all":[{"id":"aria-valid-attr-value","data":null,"relatedNodes":[],"impact":"critical","message":"ARIA attribute values are valid"},{"id":"aria-errormessage","data":null,"relatedNodes":[],"impact":"critical","message":"aria-errormessage exists and references elements visible to screen readers that use a supported aria-errormessage technique"},{"id":"aria-level","data":null,"relatedNodes":[],"impact":"serious","message":"aria-level values are valid"}],"none":[],"impact":null,"html":"<div id=\"location__status--B\" role=\"status\" aria-atomic=\"true\" aria-live=\"polite\"></div>","target":["#location__status--B"]},{"any":[],"all":[{"id":"aria-valid-attr-value","data":null,"relatedNodes":[],"impact":"critical","message":"ARIA attribute values are valid"},{"id":"aria-errormessage","data":null,"relatedNodes":[],"impact":"critical","message":"aria-errormessage exists and references elements visible to screen readers that use a supported aria-errormessage technique"},{"id":"aria-level","data":null,"relatedNodes":[],"impact":"serious","message":"aria-level values are valid"}],"none":[],"impact":null,"html":"<input aria-describedby=\"location__assistiveHint\" aria-expanded=\"false\" aria-controls=\"location__listbox\" aria-autocomplete=\"list\" autocomplete=\"off\" class=\"nhsuk-input nhsuk-u--width-full\" id=\"location\" name=\"location\" placeholder=\"\" type=\"search\" role=\"combobox\" data-test=\"search-location-input\" aria-label=\"Search Where? For example, a postcode, town or city, search text field\">","target":["#location"]},{"any":[],"all":[{"id":"aria-valid-attr-value","data":null,"relatedNodes":[],"impact":"critical","message":"ARIA attribute values are valid"},{"id":"aria-errormessage","data":null,"relatedNodes":[],"impact":"critical","message":"aria-errormessage exists and references elements visible to screen readers that use a supported aria-errormessage technique"},{"id":"aria-level","data":null,"relatedNodes":[],"impact":"serious","message":"aria-level values are valid"}],"none":[],"impact":null,"html":"<summary class=\"nhsuk-details__summary\" role=\"button\" aria-controls=\"distance-details\" aria-expanded=\"false\" data-test=\"distance\">\n                <span class=\"nhsuk-details__summary-text\">\n                    Distance\n                </span>\n            </summary>","target":["summary[aria-controls=\"distance-details\"]"]},{"any":[],"all":[{"id":"aria-valid-attr-value","data":null,"relatedNodes":[],"impact":"critical","message":"ARIA attribute values are valid"},{"id":"aria-errormessage","data":null,"relatedNodes":[],"impact":"critical","message":"aria-errormessage exists and references elements visible to screen readers that use a supported aria-errormessage technique"},{"id":"aria-level","data":null,"relatedNodes":[],"impact":"serious","message":"aria-level values are valid"}],"none":[],"impact":null,"html":"<summary class=\"nhsuk-details__summary\" role=\"button\" aria-controls=\"covid-jobs-only\" aria-expanded=\"false\" data-test=\"filter-covid-only\">\n                <span class=\"nhsuk-details__summary-text\">\n                    COVID-19\n                </span>\n            </summary>","target":["summary[aria-controls=\"covid-jobs-only\"]"]},{"any":[],"all":[{"id":"aria-valid-attr-value","data":null,"relatedNodes":[],"impact":"critical","message":"ARIA attribute values are valid"},{"id":"aria-errormessage","data":null,"relatedNodes":[],"impact":"critical","message":"aria-errormessage exists and references elements visible to screen readers that use a supported aria-errormessage technique"},{"id":"aria-level","data":null,"relatedNodes":[],"impact":"serious","message":"aria-level values are valid"}],"none":[],"impact":null,"html":"<summary id=\"working-patterns-expander\" class=\"nhsuk-details__summary \" role=\"button\" aria-controls=\"working-pattern-details\" aria-expanded=\"false\" data-test=\"filter-working-pattern\">","target":["#working-patterns-expander"]},{"any":[],"all":[{"id":"aria-valid-attr-value","data":null,"relatedNodes":[],"impact":"critical","message":"ARIA attribute values are valid"},{"id":"aria-errormessage","data":null,"relatedNodes":[],"impact":"critical","message":"aria-errormessage exists and references elements visible to screen readers that use a supported aria-errormessage technique"},{"id":"aria-level","data":null,"relatedNodes":[],"impact":"serious","message":"aria-level values are valid"}],"none":[],"impact":null,"html":"<summary class=\"nhsuk-details__summary\" role=\"button\" aria-controls=\"contract-type-details\" aria-expanded=\"false\" data-test=\"filter-contract-type\">\n                <span class=\"nhsuk-details__summary-text\">Contract type</span>\n            </summary>","target":["summary[aria-controls=\"contract-type-details\"]"]},{"any":[],"all":[{"id":"aria-valid-attr-value","data":null,"relatedNodes":[],"impact":"critical","message":"ARIA attribute values are valid"},{"id":"aria-errormessage","data":null,"relatedNodes":[],"impact":"critical","message":"aria-errormessage exists and references elements visible to screen readers that use a supported aria-errormessage technique"},{"id":"aria-level","data":null,"relatedNodes":[],"impact":"serious","message":"aria-level values are valid"}],"none":[],"impact":null,"html":"<summary class=\"nhsuk-details__summary\" role=\"button\" aria-controls=\"staff-group-details\" aria-expanded=\"false\" data-test=\"filter-staff-group\">\n                <span class=\"nhsuk-details__summary-text\">\n                    Staff group\n                </span>\n            </summary>","target":["summary[aria-controls=\"staff-group-details\"]"]},{"any":[],"all":[{"id":"aria-valid-attr-value","data":null,"relatedNodes":[],"impact":"critical","message":"ARIA attribute values are valid"},{"id":"aria-errormessage","data":null,"relatedNodes":[],"impact":"critical","message":"aria-errormessage exists and references elements visible to screen readers that use a supported aria-errormessage technique"},{"id":"aria-level","data":null,"relatedNodes":[],"impact":"serious","message":"aria-level values are valid"}],"none":[],"impact":null,"html":"<summary class=\"nhsuk-details__summary\" role=\"button\" aria-controls=\"pay-range-details\" aria-expanded=\"false\" data-test=\"filter-pay-range\">\n                <span class=\"nhsuk-details__summary-text\">\n                    Pay range\n                </span>\n            </summary>","target":["summary[aria-controls=\"pay-range-details\"]"]},{"any":[],"all":[{"id":"aria-valid-attr-value","data":null,"relatedNodes":[],"impact":"critical","message":"ARIA attribute values are valid"},{"id":"aria-errormessage","data":null,"relatedNodes":[],"impact":"critical","message":"aria-errormessage exists and references elements visible to screen readers that use a supported aria-errormessage technique"},{"id":"aria-level","data":null,"relatedNodes":[],"impact":"serious","message":"aria-level values are valid"}],"none":[],"impact":null,"html":"<summary class=\"nhsuk-details__summary\" role=\"button\" aria-controls=\"pay-band-details\" aria-expanded=\"false\" data-test=\"filter-pay-band\">","target":["summary[aria-controls=\"pay-band-details\"]"]},{"any":[],"all":[{"id":"aria-valid-attr-value","data":null,"relatedNodes":[],"impact":"critical","message":"ARIA attribute values are valid"},{"id":"aria-errormessage","data":null,"relatedNodes":[],"impact":"critical","message":"aria-errormessage exists and references elements visible to screen readers that use a supported aria-errormessage technique"},{"id":"aria-level","data":null,"relatedNodes":[],"impact":"serious","message":"aria-level values are valid"}],"none":[],"impact":null,"html":"<a href=\"/candidate/search/save-job/M0048-25-0353\" data-test=\"search-result-save-job\" aria-label=\"Save this job: Donor Carer (Reference number: M0048-25-0353)\">\n              Save this job\n            </a>","target":[".nhsuk-list-panel.search-result.nhsuk-u-padding-3:nth-child(1) > .nhsuk-grid-row:nth-child(1) > .save-job.nhsuk-u-margin-right-3 > a[data-test=\"search-result-save-job\"]"]},{"any":[],"all":[{"id":"aria-valid-attr-value","data":null,"relatedNodes":[],"impact":"critical","message":"ARIA attribute values are valid"},{"id":"aria-errormessage","data":null,"relatedNodes":[],"impact":"critical","message":"aria-errormessage exists and references elements visible to screen readers that use a supported aria-errormessage technique"},{"id":"aria-level","data":null,"relatedNodes":[],"impact":"serious","message":"aria-level values are valid"}],"none":[],"impact":null,"html":"<a href=\"/candidate/search/save-job/B0306-25-0024\" data-test=\"search-result-save-job\" aria-label=\"Save this job: Specialist Carer - Band 4 (Reference number: B0306-25-0024)\">\n              Save this job\n            </a>","target":[".nhsuk-list-panel.search-result.nhsuk-u-padding-3:nth-child(2) > .nhsuk-grid-row:nth-child(1) > .save-job.nhsuk-u-margin-right-3 > a[data-test=\"search-result-save-job\"]"]},{"any":[],"all":[{"id":"aria-valid-attr-value","data":null,"relatedNodes":[],"impact":"critical","message":"ARIA attribute values are valid"},{"id":"aria-errormessage","data":null,"relatedNodes":[],"impact":"critical","message":"aria-errormessage exists and references elements visible to screen readers that use a supported aria-errormessage technique"},{"id":"aria-level","data":null,"relatedNodes":[],"impact":"serious","message":"aria-level values are valid"}],"none":[],"impact":null,"html":"<a href=\"/candidate/search/save-job/B0306-25-0021\" data-test=\"search-result-save-job\" aria-label=\"Save this job: Specialist Carer - Band 3 (Reference number: B0306-25-0021)\">\n              Save this job\n            </a>","target":[".nhsuk-list-panel.search-result.nhsuk-u-padding-3:nth-child(3) > .nhsuk-grid-row:nth-child(1) > .save-job.nhsuk-u-margin-right-3 > a[data-test=\"search-result-save-job\"]"]},{"any":[],"all":[{"id":"aria-valid-attr-value","data":null,"relatedNodes":[],"impact":"critical","message":"ARIA attribute values are valid"},{"id":"aria-errormessage","data":null,"relatedNodes":[],"impact":"critical","message":"aria-errormessage exists and references elements visible to screen readers that use a supported aria-errormessage technique"},{"id":"aria-level","data":null,"relatedNodes":[],"impact":"serious","message":"aria-level values are valid"}],"none":[],"impact":null,"html":"<a href=\"/candidate/search/save-job/E0177-25-6170\" data-test=\"search-result-save-job\" aria-label=\"Save this job: Senior Carer - Residential Care Home - Bank (Reference number: E0177-25-6170)\">\n              Save this job\n            </a>","target":[".nhsuk-list-panel.search-result.nhsuk-u-padding-3:nth-child(4) > .nhsuk-grid-row:nth-child(1) > .save-job.nhsuk-u-margin-right-3 > a[data-test=\"search-result-save-job\"]"]},{"any":[],"all":[{"id":"aria-valid-attr-value","data":null,"relatedNodes":[],"impact":"critical","message":"ARIA attribute values are valid"},{"id":"aria-errormessage","data":null,"relatedNodes":[],"impact":"critical","message":"aria-errormessage exists and references elements visible to screen readers that use a supported aria-errormessage technique"},{"id":"aria-level","data":null,"relatedNodes":[],"impact":"serious","message":"aria-level values are valid"}],"none":[],"impact":null,"html":"<a href=\"/candidate/search/save-job/B0306-25-0023\" data-test=\"search-result-save-job\" aria-label=\"Save this job: Specialist Carer - Band 4 (part-time) (Reference number: B0306-25-0023)\">\n              Save this job\n            </a>","target":[".nhsuk-list-panel.search-result.nhsuk-u-padding-3:nth-child(5) > .nhsuk-grid-row:nth-child(1) > .save-job.nhsuk-u-margin-right-3 > a[data-test=\"search-result-save-job\"]"]},{"any":[],"all":[{"id":"aria-valid-attr-value","data":null,"relatedNodes":[],"impact":"critical","message":"ARIA attribute values are valid"},{"id":"aria-errormessage","data":null,"relatedNodes":[],"impact":"critical","message":"aria-errormessage exists and references elements visible to screen readers that use a supported aria-errormessage technique"},{"id":"aria-level","data":null,"relatedNodes":[],"impact":"serious","message":"aria-level values are valid"}],"none":[],"impact":null,"html":"<a href=\"/candidate/search/save-job/B0306-25-0022\" data-test=\"search-result-save-job\" aria-label=\"Save this job: Specialist Carer - Band 3 (Part-time) (Reference number: B0306-25-0022)\">\n              Save this job\n            </a>","target":[".nhsuk-list-panel.search-result.nhsuk-u-padding-3:nth-child(6) > .nhsuk-grid-row:nth-child(1) > .save-job.nhsuk-u-margin-right-3 > a[data-test=\"search-result-save-job\"]"]},{"any":[],"all":[{"id":"aria-valid-attr-value","data":null,"relatedNodes":[],"impact":"critical","message":"ARIA attribute values are valid"},{"id":"aria-errormessage","data":null,"relatedNodes":[],"impact":"critical","message":"aria-errormessage exists and references elements visible to screen readers that use a supported aria-errormessage technique"},{"id":"aria-level","data":null,"relatedNodes":[],"impact":"serious","message":"aria-level values are valid"}],"none":[],"impact":null,"html":"<a href=\"/candidate/search/save-job/E0279-25-1036\" data-test=\"search-result-save-job\" aria-label=\"Save this job: Senior Children's Community Carer - NE Surrey (Reference number: E0279-25-1036)\">\n              Save this job\n            </a>","target":[".nhsuk-list-panel.search-result.nhsuk-u-padding-3:nth-child(7) > .nhsuk-grid-row:nth-child(1) > .save-job.nhsuk-u-margin-right-3 > a[data-test=\"search-result-save-job\"]"]},{"any":[],"all":[{"id":"aria-valid-attr-value","data":null,"relatedNodes":[],"impact":"critical","message":"ARIA attribute values are valid"},{"id":"aria-errormessage","data":null,"relatedNodes":[],"impact":"critical","message":"aria-errormessage exists and references elements visible to screen readers that use a supported aria-errormessage technique"},{"id":"aria-level","data":null,"relatedNodes":[],"impact":"serious","message":"aria-level values are valid"}],"none":[],"impact":null,"html":"<a href=\"/candidate/search/save-job/E0279-25-1030\" data-test=\"search-result-save-job\" aria-label=\"Save this job: Children\\'s Community Carer - NE Surrey (Reference number: E0279-25-1030)\">\n              Save this job\n            </a>","target":[".nhsuk-list-panel.search-result.nhsuk-u-padding-3:nth-child(8) > .nhsuk-grid-row:nth-child(1) > .save-job.nhsuk-u-margin-right-3 > a[data-test=\"search-result-save-job\"]"]},{"any":[],"all":[{"id":"aria-valid-attr-value","data":null,"relatedNodes":[],"impact":"critical","message":"ARIA attribute values are valid"},{"id":"aria-errormessage","data":null,"relatedNodes":[],"impact":"critical","message":"aria-errormessage exists and references elements visible to screen readers that use a supported aria-errormessage technique"},{"id":"aria-level","data":null,"relatedNodes":[],"impact":"serious","message":"aria-level values are valid"}],"none":[],"impact":null,"html":"<a href=\"/candidate/search/save-job/E0279-25-1031\" data-test=\"search-result-save-job\" aria-label=\"Save this job: Bank Children's Community Carer - NE Surrey (Reference number: E0279-25-1031)\">\n              Save this job\n            </a>","target":[".nhsuk-list-panel.search-result.nhsuk-u-padding-3:nth-child(9) > .nhsuk-grid-row:nth-child(1) > .save-job.nhsuk-u-margin-right-3 > a[data-test=\"search-result-save-job\"]"]},{"any":[],"all":[{"id":"aria-valid-attr-value","data":null,"relatedNodes":[],"impact":"critical","message":"ARIA attribute values are valid"},{"id":"aria-errormessage","data":null,"relatedNodes":[],"impact":"critical","message":"aria-errormessage exists and references elements visible to screen readers that use a supported aria-errormessage technique"},{"id":"aria-level","data":null,"relatedNodes":[],"impact":"serious","message":"aria-level values are valid"}],"none":[],"impact":null,"html":"<a href=\"/candidate/search/save-job/E0279-25-1040\" data-test=\"search-result-save-job\" aria-label=\"Save this job: Bank Senior Children's Community Carer - NE Surrey (Reference number: E0279-25-1040)\">\n              Save this job\n            </a>","target":[".nhsuk-list-panel.search-result.nhsuk-u-padding-3:nth-child(10) > .nhsuk-grid-row:nth-child(1) > .save-job.nhsuk-u-margin-right-3 > a[data-test=\"search-result-save-job\"]"]},{"any":[],"all":[{"id":"aria-valid-attr-value","data":null,"relatedNodes":[],"impact":"critical","message":"ARIA attribute values are valid"},{"id":"aria-errormessage","data":null,"relatedNodes":[],"impact":"critical","message":"aria-errormessage exists and references elements visible to screen readers that use a supported aria-errormessage technique"},{"id":"aria-level","data":null,"relatedNodes":[],"impact":"serious","message":"aria-level values are valid"}],"none":[],"impact":null,"html":"<nav class=\"nhsuk-pagination\" role=\"navigation\" aria-label=\"Pagination\">","target":[".nhsuk-pagination"]}]},{"id":"aria-valid-attr","impact":null,"tags":["cat.aria","wcag2a","wcag412"],"description":"Ensures attributes that begin with aria- are valid ARIA attributes","help":"ARIA attributes must conform to valid names","helpUrl":"https://dequeuniversity.com/rules/axe/4.7/aria-valid-attr?application=axeAPI","nodes":[{"any":[{"id":"aria-valid-attr","data":null,"relatedNodes":[],"impact":"critical","message":"ARIA attribute name is valid"}],"all":[],"none":[],"impact":null,"html":"<a class=\"nhsuk-skip-link\" href=\"#search-results-heading\" aria-label=\"562 jobs found for Carer in London. Sorted by: Best Match . Skip to search filters\" id=\"skip_to_search_filters\">Skip to search filters</a>","target":["#skip_to_search_filters"]},{"any":[{"id":"aria-valid-attr","data":null,"relatedNodes":[],"impact":"critical","message":"ARIA attribute name is valid"}],"all":[],"none":[],"impact":null,"html":"<a class=\"nhsuk-skip-link\" href=\"#first-result-title\" id=\"skipToSearchResults\" aria-label=\"Skip to search results\">Skip to search results</a>","target":["#skipToSearchResults"]},{"any":[{"id":"aria-valid-attr","data":null,"relatedNodes":[],"impact":"critical","message":"ARIA attribute name is valid"}],"all":[],"none":[],"impact":null,"html":"<a href=\"/candidate/cookies\" id=\"change-cookies-settings\" aria-label=\"Go to the cookie information page\">change your cookie settings</a>","target":["#change-cookies-settings"]},{"any":[{"id":"aria-valid-attr","data":null,"relatedNodes":[],"impact":"critical","message":"ARIA attribute name is valid"}],"all":[],"none":[],"impact":null,"html":"<a href=\"/candidate/dismiss-cookie-messages\" id=\"dismiss-cookie-messages\" aria-label=\"Dismiss information about cookie preferences\" style=\"float: right\">Hide</a>","target":["#dismiss-cookie-messages"]},{"any":[{"id":"aria-valid-attr","data":null,"relatedNodes":[],"impact":"critical","message":"ARIA attribute name is valid"}],"all":[],"none":[],"impact":null,"html":"<a class=\"nhsuk-header__link nhsuk-header__link--service nhsuk-header__link--service-short-name\" href=\"/candidate\" aria-label=\"NHS jobs homepage\">","target":[".nhsuk-header__link"]},{"any":[{"id":"aria-valid-attr","data":null,"relatedNodes":[],"impact":"critical","message":"ARIA attribute name is valid"}],"all":[],"none":[],"impact":null,"html":"<nav class=\"gem-c-translation-nav hide-mobile nhsuk-u-margin-0 nhsuk-u-padding-left-7\" aria-label=\"Translations\">","target":[".gem-c-translation-nav"]},{"any":[{"id":"aria-valid-attr","data":null,"relatedNodes":[],"impact":"critical","message":"ARIA attribute name is valid"}],"all":[],"none":[],"impact":null,"html":"<nav class=\"nhsuk-header__navigation\" id=\"header-navigation\" role=\"navigation\" aria-label=\"Primary navigation\" aria-labelledby=\"label-navigation\">","target":["#header-navigation"]},{"any":[{"id":"aria-valid-attr","data":null,"relatedNodes":[],"impact":"critical","message":"ARIA attribute name is valid"}],"all":[],"none":[],"impact":null,"html":"<div class=\"beta-banner\" aria-label=\"beta-banner\" role=\"complementary\">","target":[".beta-banner"]},{"any":[{"id":"aria-valid-attr","data":null,"relatedNodes":[],"impact":"critical","message":"ARIA attribute name is valid"}],"all":[],"none":[],"impact":null,"html":"<h1 data-test=\"search-result-query\" id=\"search-results-heading\" class=\"nhsuk-heading-xl nhsuk-u-padding-left-4 nhsuk-u-margin-bottom-4\" aria-label=\"562 jobs found for Carer in London. Sorted by: Best Match\">\n          562 jobs found for Carer in London\n        </h1>","target":["#search-results-heading"]},{"any":[{"id":"aria-valid-attr","data":null,"relatedNodes":[],"impact":"critical","message":"ARIA attribute name is valid"}],"all":[],"none":[],"impact":null,"html":"<input name=\"keyword\" id=\"keyword\" value=\"Carer\" class=\"nhsuk-input nhsuk-u--width-full\" type=\"search\" data-test=\"search-jobTitle-input\" aria-label=\"Search What? For example, job title or skills\">","target":["#keyword"]},{"any":[{"id":"aria-valid-attr","data":null,"relatedNodes":[],"impact":"critical","message":"ARIA attribute name is valid"}],"all":[],"none":[],"impact":null,"html":"<div id=\"location__status--A\" role=\"status\" aria-atomic=\"true\" aria-live=\"polite\"></div>","target":["#location__status--A"]},{"any":[{"id":"aria-valid-attr","data":null,"relatedNodes":[],"impact":"critical","message":"ARIA attribute name is valid"}],"all":[],"none":[],"impact":null,"html":"<div id=\"location__status--B\" role=\"status\" aria-atomic=\"true\" aria-live=\"polite\"></div>","target":["#location__status--B"]},{"any":[{"id":"aria-valid-attr","data":null,"relatedNodes":[],"impact":"critical","message":"ARIA attribute name is valid"}],"all":[],"none":[],"impact":null,"html":"<input aria-describedby=\"location__assistiveHint\" aria-expanded=\"false\" aria-controls=\"location__listbox\" aria-autocomplete=\"list\" autocomplete=\"off\" class=\"nhsuk-input nhsuk-u--width-full\" id=\"location\" name=\"location\" placeholder=\"\" type=\"search\" role=\"combobox\" data-test=\"search-location-input\" aria-label=\"Search Where? For example, a postcode, town or city, search text field\">","target":["#location"]},{"any":[{"id":"aria-valid-attr","data":null,"relatedNodes":[],"impact":"critical","message":"ARIA attribute name is valid"}],"all":[],"none":[],"impact":null,"html":"<summary class=\"nhsuk-details__summary\" role=\"button\" aria-controls=\"distance-details\" aria-expanded=\"false\" data-test=\"distance\">\n                <span class=\"nhsuk-details__summary-text\">\n                    Distance\n                </span>\n            </summary>","target":["summary[aria-controls=\"distance-details\"]"]},{"any":[{"id":"aria-valid-attr","data":null,"relatedNodes":[],"impact":"critical","message":"ARIA attribute name is valid"}],"all":[],"none":[],"impact":null,"html":"<summary class=\"nhsuk-details__summary\" role=\"button\" aria-controls=\"covid-jobs-only\" aria-expanded=\"false\" data-test=\"filter-covid-only\">\n                <span class=\"nhsuk-details__summary-text\">\n                    COVID-19\n                </span>\n            </summary>","target":["summary[aria-controls=\"covid-jobs-only\"]"]},{"any":[{"id":"aria-valid-attr","data":null,"relatedNodes":[],"impact":"critical","message":"ARIA attribute name is valid"}],"all":[],"none":[],"impact":null,"html":"<summary id=\"working-patterns-expander\" class=\"nhsuk-details__summary \" role=\"button\" aria-controls=\"working-pattern-details\" aria-expanded=\"false\" data-test=\"filter-working-pattern\">","target":["#working-patterns-expander"]},{"any":[{"id":"aria-valid-attr","data":null,"relatedNodes":[],"impact":"critical","message":"ARIA attribute name is valid"}],"all":[],"none":[],"impact":null,"html":"<summary class=\"nhsuk-details__summary\" role=\"button\" aria-controls=\"contract-type-details\" aria-expanded=\"false\" data-test=\"filter-contract-type\">\n                <span class=\"nhsuk-details__summary-text\">Contract type</span>\n            </summary>","target":["summary[aria-controls=\"contract-type-details\"]"]},{"any":[{"id":"aria-valid-attr","data":null,"relatedNodes":[],"impact":"critical","message":"ARIA attribute name is valid"}],"all":[],"none":[],"impact":null,"html":"<summary class=\"nhsuk-details__summary\" role=\"button\" aria-controls=\"staff-group-details\" aria-expanded=\"false\" data-test=\"filter-staff-group\">\n                <span class=\"nhsuk-details__summary-text\">\n                    Staff group\n                </span>\n            </summary>","target":["summary[aria-controls=\"staff-group-details\"]"]},{"any":[{"id":"aria-valid-attr","data":null,"relatedNodes":[],"impact":"critical","message":"ARIA attribute name is valid"}],"all":[],"none":[],"impact":null,"html":"<summary class=\"nhsuk-details__summary\" role=\"button\" aria-controls=\"pay-range-details\" aria-expanded=\"false\" data-test=\"filter-pay-range\">\n                <span class=\"nhsuk-details__summary-text\">\n                    Pay range\n                </span>\n            </summary>","target":["summary[aria-controls=\"pay-range-details\"]"]},{"any":[{"id":"aria-valid-attr","data":null,"relatedNodes":[],"impact":"critical","message":"ARIA attribute name is valid"}],"all":[],"none":[],"impact":null,"html":"<summary class=\"nhsuk-details__summary\" role=\"button\" aria-controls=\"pay-band-details\" aria-expanded=\"false\" data-test=\"filter-pay-band\">","target":["summary[aria-controls=\"pay-band-details\"]"]},{"any":[{"id":"aria-valid-attr","data":null,"relatedNodes":[],"impact":"critical","message":"ARIA attribute name is valid"}],"all":[],"none":[],"impact":null,"html":"<a href=\"/candidate/search/save-job/M0048-25-0353\" data-test=\"search-result-save-job\" aria-label=\"Save this job: Donor Carer (Reference number: M0048-25-0353)\">\n              Save this job\n            </a>","target":[".nhsuk-list-panel.search-result.nhsuk-u-padding-3:nth-child(1) > .nhsuk-grid-row:nth-child(1) > .save-job.nhsuk-u-margin-right-3 > a[data-test=\"search-result-save-job\"]"]},{"any":[{"id":"aria-valid-attr","data":null,"relatedNodes":[],"impact":"critical","message":"ARIA attribute name is valid"}],"all":[],"none":[],"impact":null,"html":"<a href=\"/candidate/search/save-job/B0306-25-0024\" data-test=\"search-result-save-job\" aria-label=\"Save this job: Specialist Carer - Band 4 (Reference number: B0306-25-0024)\">\n              Save this job\n            </a>","target":[".nhsuk-list-panel.search-result.nhsuk-u-padding-3:nth-child(2) > .nhsuk-grid-row:nth-child(1) > .save-job.nhsuk-u-margin-right-3 > a[data-test=\"search-result-save-job\"]"]},{"any":[{"id":"aria-valid-attr","data":null,"relatedNodes":[],"impact":"critical","message":"ARIA attribute name is valid"}],"all":[],"none":[],"impact":null,"html":"<a href=\"/candidate/search/save-job/B0306-25-0021\" data-test=\"search-result-save-job\" aria-label=\"Save this job: Specialist Carer - Band 3 (Reference number: B0306-25-0021)\">\n              Save this job\n            </a>","target":[".nhsuk-list-panel.search-result.nhsuk-u-padding-3:nth-child(3) > .nhsuk-grid-row:nth-child(1) > .save-job.nhsuk-u-margin-right-3 > a[data-test=\"search-result-save-job\"]"]},{"any":[{"id":"aria-valid-attr","data":null,"relatedNodes":[],"impact":"critical","message":"ARIA attribute name is valid"}],"all":[],"none":[],"impact":null,"html":"<a href=\"/candidate/search/save-job/E0177-25-6170\" data-test=\"search-result-save-job\" aria-label=\"Save this job: Senior Carer - Residential Care Home - Bank (Reference number: E0177-25-6170)\">\n              Save this job\n            </a>","target":[".nhsuk-list-panel.search-result.nhsuk-u-padding-3:nth-child(4) > .nhsuk-grid-row:nth-child(1) > .save-job.nhsuk-u-margin-right-3 > a[data-test=\"search-result-save-job\"]"]},{"any":[{"id":"aria-valid-attr","data":null,"relatedNodes":[],"impact":"critical","message":"ARIA attribute name is valid"}],"all":[],"none":[],"impact":null,"html":"<a href=\"/candidate/search/save-job/B0306-25-0023\" data-test=\"search-result-save-job\" aria-label=\"Save this job: Specialist Carer - Band 4 (part-time) (Reference number: B0306-25-0023)\">\n              Save this job\n            </a>","target":[".nhsuk-list-panel.search-result.nhsuk-u-padding-3:nth-child(5) > .nhsuk-grid-row:nth-child(1) > .save-job.nhsuk-u-margin-right-3 > a[data-test=\"search-result-save-job\"]"]},{"any":[{"id":"aria-valid-attr","data":null,"relatedNodes":[],"impact":"critical","message":"ARIA attribute name is valid"}],"all":[],"none":[],"impact":null,"html":"<a href=\"/candidate/search/save-job/B0306-25-0022\" data-test=\"search-result-save-job\" aria-label=\"Save this job: Specialist Carer - Band 3 (Part-time) (Reference number: B0306-25-0022)\">\n              Save this job\n            </a>","target":[".nhsuk-list-panel.search-result.nhsuk-u-padding-3:nth-child(6) > .nhsuk-grid-row:nth-child(1) > .save-job.nhsuk-u-margin-right-3 > a[data-test=\"search-result-save-job\"]"]},{"any":[{"id":"aria-valid-attr","data":null,"relatedNodes":[],"impact":"critical","message":"ARIA attribute name is valid"}],"all":[],"none":[],"impact":null,"html":"<a href=\"/candidate/search/save-job/E0279-25-1036\" data-test=\"search-result-save-job\" aria-label=\"Save this job: Senior Children's Community Carer - NE Surrey (Reference number: E0279-25-1036)\">\n              Save this job\n            </a>","target":[".nhsuk-list-panel.search-result.nhsuk-u-padding-3:nth-child(7) > .nhsuk-grid-row:nth-child(1) > .save-job.nhsuk-u-margin-right-3 > a[data-test=\"search-result-save-job\"]"]},{"any":[{"id":"aria-valid-attr","data":null,"relatedNodes":[],"impact":"critical","message":"ARIA attribute name is valid"}],"all":[],"none":[],"impact":null,"html":"<a href=\"/candidate/search/save-job/E0279-25-1030\" data-test=\"search-result-save-job\" aria-label=\"Save this job: Children\\'s Community Carer - NE Surrey (Reference number: E0279-25-1030)\">\n              Save this job\n            </a>","target":[".nhsuk-list-panel.search-result.nhsuk-u-padding-3:nth-child(8) > .nhsuk-grid-row:nth-child(1) > .save-job.nhsuk-u-margin-right-3 > a[data-test=\"search-result-save-job\"]"]},{"any":[{"id":"aria-valid-attr","data":null,"relatedNodes":[],"impact":"critical","message":"ARIA attribute name is valid"}],"all":[],"none":[],"impact":null,"html":"<a href=\"/candidate/search/save-job/E0279-25-1031\" data-test=\"search-result-save-job\" aria-label=\"Save this job: Bank Children's Community Carer - NE Surrey (Reference number: E0279-25-1031)\">\n              Save this job\n            </a>","target":[".nhsuk-list-panel.search-result.nhsuk-u-padding-3:nth-child(9) > .nhsuk-grid-row:nth-child(1) > .save-job.nhsuk-u-margin-right-3 > a[data-test=\"search-result-save-job\"]"]},{"any":[{"id":"aria-valid-attr","data":null,"relatedNodes":[],"impact":"critical","message":"ARIA attribute name is valid"}],"all":[],"none":[],"impact":null,"html":"<a href=\"/candidate/search/save-job/E0279-25-1040\" data-test=\"search-result-save-job\" aria-label=\"Save this job: Bank Senior Children's Community Carer - NE Surrey (Reference number: E0279-25-1040)\">\n              Save this job\n            </a>","target":[".nhsuk-list-panel.search-result.nhsuk-u-padding-3:nth-child(10) > .nhsuk-grid-row:nth-child(1) > .save-job.nhsuk-u-margin-right-3 > a[data-test=\"search-result-save-job\"]"]},{"any":[{"id":"aria-valid-attr","data":null,"relatedNodes":[],"impact":"critical","message":"ARIA attribute name is valid"}],"all":[],"none":[],"impact":null,"html":"<nav class=\"nhsuk-pagination\" role=\"navigation\" aria-label=\"Pagination\">","target":[".nhsuk-pagination"]}]},{"id":"autocomplete-valid","impact":null,"tags":["cat.forms","wcag21aa","wcag135","ACT"],"description":"Ensure the autocomplete attribute is correct and suitable for the form field","help":"autocomplete attribute must be used correctly","helpUrl":"https://dequeuniversity.com/rules/axe/4.7/autocomplete-valid?application=axeAPI","nodes":[{"any":[],"all":[{"id":"autocomplete-valid","data":null,"relatedNodes":[],"impact":"serious","message":"the autocomplete attribute is correctly formatted"}],"none":[],"impact":null,"html":"<input aria-describedby=\"location__assistiveHint\" aria-expanded=\"false\" aria-controls=\"location__listbox\" aria-autocomplete=\"list\" autocomplete=\"off\" class=\"nhsuk-input nhsuk-u--width-full\" id=\"location\" name=\"location\" placeholder=\"\" type=\"search\" role=\"combobox\" data-test=\"search-location-input\" aria-label=\"Search Where? For example, a postcode, town or city, search text field\">","target":["#location"]}]},{"id":"avoid-inline-spacing","impact":null,"tags":["cat.structure","wcag21aa","wcag1412","ACT"],"description":"Ensure that text spacing set through style attributes can be adjusted with custom stylesheets","help":"Inline text spacing must be adjustable with custom stylesheets","helpUrl":"https://dequeuniversity.com/rules/axe/4.7/avoid-inline-spacing?application=axeAPI","nodes":[{"any":[],"all":[{"id":"important-letter-spacing","data":null,"relatedNodes":[],"impact":"serious","message":"Letter-spacing in the style attribute is not set to !important, or meets the minimum"},{"id":"important-word-spacing","data":null,"relatedNodes":[],"impact":"serious","message":"word-spacing in the style attribute is not set to !important, or meets the minimum"},{"id":"important-line-height","data":null,"relatedNodes":[],"impact":"serious","message":"line-height in the style attribute is not set to !important, or meets the minimum"}],"none":[],"impact":null,"html":"<html lang=\"en\" style=\"\">","target":["html"]},{"any":[],"all":[{"id":"important-letter-spacing","data":null,"relatedNodes":[],"impact":"serious","message":"Letter-spacing in the style attribute is not set to !important, or meets the minimum"},{"id":"important-word-spacing","data":null,"relatedNodes":[],"impact":"serious","message":"word-spacing in the style attribute is not set to !important, or meets the minimum"},{"id":"important-line-height","data":null,"relatedNodes":[],"impact":"serious","message":"line-height in the style attribute is not set to !important, or meets the minimum"}],"none":[],"impact":null,"html":"<a href=\"/candidate/dismiss-cookie-messages\" id=\"dismiss-cookie-messages\" aria-label=\"Dismiss information about cookie preferences\" style=\"float: right\">Hide</a>","target":["#dismiss-cookie-messages"]},{"any":[],"all":[{"id":"important-letter-spacing","data":null,"relatedNodes":[],"impact":"serious","message":"Letter-spacing in the style attribute is not set to !important, or meets the minimum"},{"id":"important-word-spacing","data":null,"relatedNodes":[],"impact":"serious","message":"word-spacing in the style attribute is not set to !important, or meets the minimum"},{"id":"important-line-height","data":null,"relatedNodes":[],"impact":"serious","message":"line-height in the style attribute is not set to !important, or meets the minimum"}],"none":[],"impact":null,"html":"<div class=\"nhsuk-grid-row\" style=\"padding-left: 1em;\">","target":["#searchFilterRibbon > .nhsuk-grid-row"]},{"any":[],"all":[{"id":"important-letter-spacing","data":null,"relatedNodes":[],"impact":"serious","message":"Letter-spacing in the style attribute is not set to !important, or meets the minimum"},{"id":"important-word-spacing","data":null,"relatedNodes":[],"impact":"serious","message":"word-spacing in the style attribute is not set to !important, or meets the minimum"},{"id":"important-line-height","data":null,"relatedNodes":[],"impact":"serious","message":"line-height in the style attribute is not set to !important, or meets the minimum"}],"none":[],"impact":null,"html":"<div class=\"nhsuk-grid-column-two-quarters\" style=\"padding-top: 30px;\">","target":[".nhsuk-grid-column-two-quarters"]},{"any":[],"all":[{"id":"important-letter-spacing","data":null,"relatedNodes":[],"impact":"serious","message":"Letter-spacing in the style attribute is not set to !important, or meets the minimum"},{"id":"important-word-spacing","data":null,"relatedNodes":[],"impact":"serious","message":"word-spacing in the style attribute is not set to !important, or meets the minimum"},{"id":"important-line-height","data":null,"relatedNodes":[],"impact":"serious","message":"line-height in the style attribute is not set to !important, or meets the minimum"}],"none":[],"impact":null,"html":"<div class=\"hide-label nhsuk-u-margin-bottom-3 search-sort-wrapper results-found\" style=\"display: flex; align-items: center;\">","target":[".hide-label"]},{"any":[],"all":[{"id":"important-letter-spacing","data":null,"relatedNodes":[],"impact":"serious","message":"Letter-spacing in the style attribute is not set to !important, or meets the minimum"},{"id":"important-word-spacing","data":null,"relatedNodes":[],"impact":"serious","message":"word-spacing in the style attribute is not set to !important, or meets the minimum"},{"id":"important-line-height","data":null,"relatedNodes":[],"impact":"serious","message":"line-height in the style attribute is not set to !important, or meets the minimum"}],"none":[],"impact":null,"html":"<div class=\"nhsuk-form-group nhsuk-grid-column-auto\" style=\"margin-left: auto;\">","target":[".nhsuk-grid-column-auto"]}]},{"id":"button-name","impact":null,"tags":["cat.name-role-value","wcag2a","wcag412","section508","section508.22.a","ACT","TTv5","TT6.a"],"description":"Ensures buttons have discernible text","help":"Buttons must have discernible text","helpUrl":"https://dequeuniversity.com/rules/axe/4.7/button-name?application=axeAPI","nodes":[{"any":[{"id":"button-has-visible-text","data":null,"relatedNodes":[],"impact":"critical","message":"Element has inner text that is visible to screen readers"}],"all":[],"none":[],"impact":null,"html":"<button class=\"nhsuk-button  nhsuk-u-padding-top-2 nhsuk-u-padding-bottom-2\" type=\"submit\" id=\"search\" data-test=\"search-button\">Search</button>","target":["#search"]}]},{"id":"bypass","impact":null,"tags":["cat.keyboard","wcag2a","wcag241","section508","section508.22.o","TTv5","TT9.a"],"description":"Ensures each page has at least one mechanism for a user to bypass navigation and jump straight to the content","help":"Page must have means to bypass repeated blocks","helpUrl":"https://dequeuniversity.com/rules/axe/4.7/bypass?application=axeAPI","nodes":[{"any":[{"id":"internal-link-present","data":null,"relatedNodes":[],"impact":"serious","message":"Valid skip link found"},{"id":"header-present","data":null,"relatedNodes":[{"html":"<h1 data-test=\"search-result-query\" id=\"search-results-heading\" class=\"nhsuk-heading-xl nhsuk-u-padding-left-4 nhsuk-u-margin-bottom-4\" aria-label=\"562 jobs found for Carer in London. Sorted by: Best Match\">\n          562 jobs found for Carer in London\n        </h1>","target":["#search-results-heading"]},{"html":"<h2 class=\"nhsuk-heading-s\">Refine your search</h2>","target":[".nhsuk-heading-s"]},{"html":"<h3 class=\"nhsuk-heading-m\">\n    <a href=\"/candidate/search/save/alerts\" data-test=\"save-search\">Save this search</a>\n</h3>","target":[".hide-mobile > h3"]},{"html":"<h2 class=\"nhsuk-heading-m nhsuk-u-margin-bottom-2\" id=\"job-title-1\">","target":["#job-title-1"]},{"html":"<h3 class=\"nhsuk-u-font-weight-bold\">\n          NHS Blood and Transplant\n          <div class=\"location-font-size\">\n            \n              London  HA8 0AD\n            \n          </div>\n        </h3>","target":[".nhsuk-list-panel.search-result.nhsuk-u-padding-3:nth-child(1) > .nhsuk-u-margin-bottom-4[data-test=\"search-result-location\"] > h3"]},{"html":"<h2 class=\"nhsuk-heading-m nhsuk-u-margin-bottom-2\" id=\"job-title-2\">","target":["#job-title-2"]},{"html":"<h3 class=\"nhsuk-u-font-weight-bold\">\n          Noah’s Ark Children’s Hospice\n          <div class=\"location-font-size\">\n            \n              Barnet EN5 4NP\n            \n          </div>\n        </h3>","target":[".nhsuk-list-panel.search-result.nhsuk-u-padding-3:nth-child(2) > .nhsuk-u-margin-bottom-4[data-test=\"search-result-location\"] > h3"]},{"html":"<h2 class=\"nhsuk-heading-m nhsuk-u-margin-bottom-2\" id=\"job-title-3\">","target":["#job-title-3"]},{"html":"<h3 class=\"nhsuk-u-font-weight-bold\">\n          Noah’s Ark Children’s Hospice\n          <div class=\"location-font-size\">\n            \n              Barnet EN5 4NP\n            \n          </div>\n        </h3>","target":[".nhsuk-list-panel.search-result.nhsuk-u-padding-3:nth-child(3) > .nhsuk-u-margin-bottom-4[data-test=\"search-result-location\"] > h3"]},{"html":"<h2 class=\"nhsuk-heading-m nhsuk-u-margin-bottom-2\" id=\"job-title-4\">","target":["#job-title-4"]},{"html":"<h3 class=\"nhsuk-u-font-weight-bold\">\n          Barchester Healthcare\n          <div class=\"location-font-size\">\n            \n              Bromley BR2 7BX\n            \n          </div>\n        </h3>","target":[".nhsuk-list-panel.search-result.nhsuk-u-padding-3:nth-child(4) > .nhsuk-u-margin-bottom-4[data-test=\"search-result-location\"] > h3"]},{"html":"<h2 class=\"nhsuk-heading-m nhsuk-u-margin-bottom-2\" id=\"job-title-5\">","target":["#job-title-5"]},{"html":"<h3 class=\"nhsuk-u-font-weight-bold\">\n          Noah’s Ark Children’s Hospice\n          <div class=\"location-font-size\">\n            \n              Barnet EN5 4NP\n            \n          </div>\n        </h3>","target":[".nhsuk-list-panel.search-result.nhsuk-u-padding-3:nth-child(5) > .nhsuk-u-margin-bottom-4[data-test=\"search-result-location\"] > h3"]},{"html":"<h2 class=\"nhsuk-heading-m nhsuk-u-margin-bottom-2\" id=\"job-title-6\">","target":["#job-title-6"]},{"html":"<h3 class=\"nhsuk-u-font-weight-bold\">\n          Noah’s Ark Children’s Hospice\n          <div class=\"location-font-size\">\n            \n              Barnet EN5 4NP\n            \n          </div>\n        </h3>","target":[".nhsuk-list-panel.search-result.nhsuk-u-padding-3:nth-child(6) > .nhsuk-u-margin-bottom-4[data-test=\"search-result-location\"] > h3"]},{"html":"<h2 class=\"nhsuk-heading-m nhsuk-u-margin-bottom-2\" id=\"job-title-7\">","target":["#job-title-7"]},{"html":"<h3 class=\"nhsuk-u-font-weight-bold\">\n          HCRG Care Group\n          <div class=\"location-font-size\">\n            \n              Chertsey KT16 8LA\n            \n          </div>\n        </h3>","target":[".nhsuk-list-panel.search-result.nhsuk-u-padding-3:nth-child(7) > .nhsuk-u-margin-bottom-4[data-test=\"search-result-location\"] > h3"]},{"html":"<h2 class=\"nhsuk-heading-m nhsuk-u-margin-bottom-2\" id=\"job-title-8\">","target":["#job-title-8"]},{"html":"<h3 class=\"nhsuk-u-font-weight-bold\">\n          HCRG Care Group\n          <div class=\"location-font-size\">\n            \n              Chertsey KT16 8LA\n            \n          </div>\n        </h3>","target":[".nhsuk-list-panel.search-result.nhsuk-u-padding-3:nth-child(8) > .nhsuk-u-margin-bottom-4[data-test=\"search-result-location\"] > h3"]},{"html":"<h2 class=\"nhsuk-heading-m nhsuk-u-margin-bottom-2\" id=\"job-title-9\">","target":["#job-title-9"]},{"html":"<h3 class=\"nhsuk-u-font-weight-bold\">\n          HCRG Care Group\n          <div class=\"location-font-size\">\n            \n              Chertsey KT16 8LA\n            \n          </div>\n        </h3>","target":[".nhsuk-list-panel.search-result.nhsuk-u-padding-3:nth-child(9) > .nhsuk-u-margin-bottom-4[data-test=\"search-result-location\"] > h3"]},{"html":"<h2 class=\"nhsuk-heading-m nhsuk-u-margin-bottom-2\" id=\"job-title-10\">","target":["#job-title-10"]},{"html":"<h3 class=\"nhsuk-u-font-weight-bold\">\n          HCRG Care Group\n          <div class=\"location-font-size\">\n            \n              Chertsey KT16 8LA\n            \n          </div>\n        </h3>","target":[".nhsuk-list-panel.search-result.nhsuk-u-padding-3:nth-child(10) > .nhsuk-u-margin-bottom-4[data-test=\"search-result-location\"] > h3"]},{"html":"<h2 class=\"nhsuk-u-visually-hidden\">Support links</h2>","target":[".nhsuk-width-container > .nhsuk-u-visually-hidden"]}],"impact":"serious","message":"Page has a heading"},{"id":"landmark","data":null,"relatedNodes":[{"html":"<main class=\"nhsuk-main-wrapper \" id=\"maincontent\" role=\"main\">","target":["#maincontent"]}],"impact":"serious","message":"Page has a landmark region"}],"all":[],"none":[],"impact":null,"html":"<html lang=\"en\" style=\"\">","target":["html"]}]},{"id":"color-contrast","impact":null,"tags":["cat.color","wcag2aa","wcag143","ACT","TTv5","TT13.c"],"description":"Ensures the contrast between foreground and background colors meets WCAG 2 AA minimum contrast ratio thresholds","help":"Elements must meet minimum color contrast ratio thresholds","helpUrl":"https://dequeuniversity.com/rules/axe/4.7/color-contrast?application=axeAPI","nodes":[{"any":[{"id":"color-contrast","data":{"fgColor":"#212b32","bgColor":"#ffffff","contrastRatio":14.42,"fontSize":"12.0pt (16px)","fontWeight":"normal","expectedContrastRatio":"4.5:1"},"relatedNodes":[],"impact":"serious","message":"Element has sufficient color contrast of 14.42"}],"all":[],"none":[],"impact":null,"html":"<span id=\"accepted-cookies-message\">You’ve accepted analytics cookies. You can \n      <a href=\"/candidate/cookies\" id=\"change-cookies-settings\" aria-label=\"Go to the cookie information page\">change your cookie settings</a> at any time.</span>","target":["#accepted-cookies-message"]},{"any":[{"id":"color-contrast","data":{"fgColor":"#005eb8","bgColor":"#ffffff","contrastRatio":6.37,"fontSize":"12.0pt (16px)","fontWeight":"normal","expectedContrastRatio":"4.5:1"},"relatedNodes":[],"impact":"serious","message":"Element has sufficient color contrast of 6.37"}],"all":[],"none":[],"impact":null,"html":"<a href=\"/candidate/cookies\" id=\"change-cookies-settings\" aria-label=\"Go to the cookie information page\">change your cookie settings</a>","target":["#change-cookies-settings"]},{"any":[{"id":"color-contrast","data":{"fgColor":"#005eb8","bgColor":"#ffffff","contrastRatio":6.37,"fontSize":"12.0pt (16px)","fontWeight":"normal","expectedContrastRatio":"4.5:1"},"relatedNodes":[],"impact":"serious","message":"Element has sufficient color contrast of 6.37"}],"all":[],"none":[],"impact":null,"html":"<a href=\"/candidate/dismiss-cookie-messages\" id=\"dismiss-cookie-messages\" aria-label=\"Dismiss information about cookie preferences\" style=\"float: right\">Hide</a>","target":["#dismiss-cookie-messages"]},{"any":[{"id":"color-contrast","data":{"fgColor":"#ffffff","bgColor":"#005eb8","contrastRatio":6.37,"fontSize":"14.3pt (19px)","fontWeight":"normal","expectedContrastRatio":"4.5:1"},"relatedNodes":[],"impact":"serious","message":"Element has sufficient color contrast of 6.37"}],"all":[],"none":[],"impact":null,"html":"<div class=\"nhsuk-header__service-name\">Jobs</div>","target":[".nhsuk-header__service-name"]},{"any":[{"id":"color-contrast","data":{"fgColor":"#ffffff","bgColor":"#005eb8","contrastRatio":6.37,"fontSize":"14.3pt (19px)","fontWeight":"normal","expectedContrastRatio":"4.5:1"},"relatedNodes":[],"impact":"serious","message":"Element has sufficient color contrast of 6.37"}],"all":[],"none":[],"impact":null,"html":"<a class=\"sign-in-link\" id=\"candidate_sign_in\" href=\"/candidate/auth/login\">\n        Sign in\n      </a>","target":["#candidate_sign_in"]},{"any":[{"id":"color-contrast","data":{"fgColor":"#ffffff","bgColor":"#005eb8","contrastRatio":6.37,"fontSize":"14.3pt (19px)","fontWeight":"normal","expectedContrastRatio":"4.5:1"},"relatedNodes":[],"impact":"serious","message":"Element has sufficient color contrast of 6.37"}],"all":[],"none":[],"impact":null,"html":"<a href=\"/candidate/auth/register/first-last-name\" class=\"sign-in-link\" data-test=\"header-create-account\">Create an account</a>","target":[".sign-in-link[data-test=\"header-create-account\"]"]},{"any":[{"id":"color-contrast","data":{"fgColor":"#ffffff","bgColor":"#005eb8","contrastRatio":6.37,"fontSize":"14.3pt (19px)","fontWeight":"normal","expectedContrastRatio":"4.5:1"},"relatedNodes":[],"impact":"serious","message":"Element has sufficient color contrast of 6.37"}],"all":[],"none":[],"impact":null,"html":"<a lang=\"en\" href=\"/candidate/search/locale/en\" class=\"language-toggle-selected\" data-test=\"english-language-link\">English</a>","target":[".language-toggle-selected"]},{"any":[{"id":"color-contrast","data":{"fgColor":"#ffffff","bgColor":"#005eb8","contrastRatio":6.37,"fontSize":"14.3pt (19px)","fontWeight":"normal","expectedContrastRatio":"4.5:1"},"relatedNodes":[],"impact":"serious","message":"Element has sufficient color contrast of 6.37"}],"all":[],"none":[],"impact":null,"html":"<a lang=\"cy\" href=\"/candidate/search/locale/cy\" class=\"language-toggle\" data-test=\"welsh-language-link\">Cymraeg</a>","target":[".language-toggle"]},{"any":[{"id":"color-contrast","data":{"fgColor":"#ffffff","bgColor":"#005eb8","contrastRatio":6.37,"fontSize":"12.0pt (16px)","fontWeight":"normal","expectedContrastRatio":"4.5:1"},"relatedNodes":[],"impact":"serious","message":"Element has sufficient color contrast of 6.37"}],"all":[],"none":[],"impact":null,"html":"<a class=\"nhsuk-header__navigation-link\" href=\"/candidate/search\">","target":["a[href$=\"search\"]"]},{"any":[{"id":"color-contrast","data":{"fgColor":"#ffffff","bgColor":"#005eb8","contrastRatio":6.37,"fontSize":"15.0pt (20px)","fontWeight":"bold","expectedContrastRatio":"3:1"},"relatedNodes":[],"impact":"serious","message":"Element has sufficient color contrast of 6.37"}],"all":[],"none":[],"impact":null,"html":"<strong class=\"status-box status-box-blue\">BETA</strong>","target":[".status-box"]},{"any":[{"id":"color-contrast","data":{"fgColor":"#212b32","bgColor":"#ffffff","contrastRatio":14.42,"fontSize":"12.0pt (16px)","fontWeight":"normal","expectedContrastRatio":"4.5:1"},"relatedNodes":[],"impact":"serious","message":"Element has sufficient color contrast of 14.42"}],"all":[],"none":[],"impact":null,"html":"<span>Your\n            <a href=\"mailto:nhsbsa.nhsjobs@nhsbsa.nhs.uk?subject=How could we improve NHS Jobs service?\">feedback</a>\n            will help us to improve this service.</span>","target":[".beta-banner > .nhsuk-width-container > span"]},{"any":[{"id":"color-contrast","data":{"fgColor":"#005eb8","bgColor":"#ffffff","contrastRatio":6.37,"fontSize":"12.0pt (16px)","fontWeight":"normal","expectedContrastRatio":"4.5:1"},"relatedNodes":[],"impact":"serious","message":"Element has sufficient color contrast of 6.37"}],"all":[],"none":[],"impact":null,"html":"<a href=\"mailto:nhsbsa.nhsjobs@nhsbsa.nhs.uk?subject=How could we improve NHS Jobs service?\">feedback</a>","target":[".beta-banner > .nhsuk-width-container > span > a"]},{"any":[{"id":"color-contrast","data":{"fgColor":"#ffffff","bgColor":"#005eb8","contrastRatio":6.37,"fontSize":"36.0pt (48px)","fontWeight":"normal","expectedContrastRatio":"3:1"},"relatedNodes":[],"impact":"serious","message":"Element has sufficient color contrast of 6.37"}],"all":[],"none":[],"impact":null,"html":"<h1 data-test=\"search-result-query\" id=\"search-results-heading\" class=\"nhsuk-heading-xl nhsuk-u-padding-left-4 nhsuk-u-margin-bottom-4\" aria-label=\"562 jobs found for Carer in London. Sorted by: Best Match\">\n          562 jobs found for Carer in London\n        </h1>","target":["#search-results-heading"]},{"any":[{"id":"color-contrast","data":{"fgColor":"#ffffff","bgColor":"#005eb8","contrastRatio":6.37,"fontSize":"14.3pt (19px)","fontWeight":"normal","expectedContrastRatio":"4.5:1"},"relatedNodes":[],"impact":"serious","message":"Element has sufficient color contrast of 6.37"}],"all":[],"none":[],"impact":null,"html":"<label class=\"nhsuk-label nhsuk-u-font-weight-bold white-text\" for=\"keyword\">What?</label>","target":["label[for=\"keyword\"]"]},{"any":[{"id":"color-contrast","data":{"fgColor":"#ffffff","bgColor":"#005eb8","contrastRatio":6.37,"fontSize":"12.0pt (16px)","fontWeight":"normal","expectedContrastRatio":"4.5:1"},"relatedNodes":[],"impact":"serious","message":"Element has sufficient color contrast of 6.37"}],"all":[],"none":[],"impact":null,"html":"<div class=\"nhsuk-u-font-size-16 nhsuk-hint-white\">For example, job title or skills</div>","target":["fieldset:nth-child(4) > .nhsuk-grid-column-one-half:nth-child(2) > .nhsuk-hero.nhsuk-form-group > .nhsuk-u-font-size-16.nhsuk-hint-white"]},{"any":[{"id":"color-contrast","data":{"fgColor":"#000000","bgColor":"#ffffff","contrastRatio":21,"fontSize":"14.3pt (19px)","fontWeight":"normal","expectedContrastRatio":"4.5:1"},"relatedNodes":[],"impact":"serious","message":"Element has sufficient color contrast of 21"}],"all":[],"none":[],"impact":null,"html":"<input name=\"keyword\" id=\"keyword\" value=\"Carer\" class=\"nhsuk-input nhsuk-u--width-full\" type=\"search\" data-test=\"search-jobTitle-input\" aria-label=\"Search What? For example, job title or skills\">","target":["#keyword"]},{"any":[{"id":"color-contrast","data":{"fgColor":"#ffffff","bgColor":"#005eb8","contrastRatio":6.37,"fontSize":"14.3pt (19px)","fontWeight":"normal","expectedContrastRatio":"4.5:1"},"relatedNodes":[],"impact":"serious","message":"Element has sufficient color contrast of 6.37"}],"all":[],"none":[],"impact":null,"html":"<label class=\"nhsuk-label nhsuk-u-font-weight-bold white-text\" for=\"location\">Where?</label>","target":["label[for=\"location\"]"]},{"any":[{"id":"color-contrast","data":{"fgColor":"#ffffff","bgColor":"#005eb8","contrastRatio":6.37,"fontSize":"12.0pt (16px)","fontWeight":"normal","expectedContrastRatio":"4.5:1"},"relatedNodes":[],"impact":"serious","message":"Element has sufficient color contrast of 6.37"}],"all":[],"none":[],"impact":null,"html":"<div class=\"nhsuk-u-font-size-16 nhsuk-hint-white\">For example, a postcode, town or city</div>","target":["fieldset:nth-child(4) > .nhsuk-grid-column-one-half:nth-child(3) > .nhsuk-hero.nhsuk-form-group > .nhsuk-u-font-size-16.nhsuk-hint-white"]},{"any":[{"id":"color-contrast","data":{"fgColor":"#000000","bgColor":"#ffffff","contrastRatio":21,"fontSize":"14.3pt (19px)","fontWeight":"normal","expectedContrastRatio":"4.5:1"},"relatedNodes":[],"impact":"serious","message":"Element has sufficient color contrast of 21"}],"all":[],"none":[],"impact":null,"html":"<input aria-describedby=\"location__assistiveHint\" aria-expanded=\"false\" aria-controls=\"location__listbox\" aria-autocomplete=\"list\" autocomplete=\"off\" class=\"nhsuk-input nhsuk-u--width-full\" id=\"location\" name=\"location\" placeholder=\"\" type=\"search\" role=\"combobox\" data-test=\"search-location-input\" aria-label=\"Search Where? For example, a postcode, town or city, search text field\">","target":["#location"]},{"any":[{"id":"color-contrast","data":{"messageKey":"hidden"},"relatedNodes":[],"impact":"serious","message":"Element is hidden"}],"all":[],"none":[],"impact":null,"html":"<input name=\"jobReference\" id=\"jobReference\" value=\"\" class=\"nhsuk-input nhsuk-u--width-full\" type=\"search\" data-test=\"search-jobReference-input\" aria-label=\"Search Job reference, e.g. C0987-23-1234 / 914-JOBREF-a\">","target":["#jobReference"]},{"any":[{"id":"color-contrast","data":{"messageKey":"hidden"},"relatedNodes":[],"impact":"serious","message":"Element is hidden"}],"all":[],"none":[],"impact":null,"html":"<input name=\"employer\" id=\"employer\" value=\"\" class=\"nhsuk-input nhsuk-u--width-full\" type=\"search\" data-test=\"search-employer-input\" aria-label=\"Search Employer, e.g. NHS Business Services Authority\">","target":["#employer"]},{"any":[{"id":"color-contrast","data":{"fgColor":"#ffffff","bgColor":"#005eb8","contrastRatio":6.37,"fontSize":"12.0pt (16px)","fontWeight":"normal","expectedContrastRatio":"4.5:1"},"relatedNodes":[],"impact":"serious","message":"Element has sufficient color contrast of 6.37"}],"all":[],"none":[],"impact":null,"html":"<a href=\"javascript:void(0)\" id=\"searchOptionsBtn\" class=\"nhsuk-u-font-weight-bold white-text\">\n                  \n                  More search options\n                  \n                  </a>","target":["#searchOptionsBtn"]},{"any":[{"id":"color-contrast","data":{"fgColor":"#ffffff","bgColor":"#007f3b","contrastRatio":5.12,"fontSize":"14.3pt (19px)","fontWeight":"normal","expectedContrastRatio":"4.5:1"},"relatedNodes":[],"impact":"serious","message":"Element has sufficient color contrast of 5.12"}],"all":[],"none":[],"impact":null,"html":"<button class=\"nhsuk-button  nhsuk-u-padding-top-2 nhsuk-u-padding-bottom-2\" type=\"submit\" id=\"search\" data-test=\"search-button\">Search</button>","target":["#search"]},{"any":[{"id":"color-contrast","data":{"fgColor":"#212b32","bgColor":"#f0f4f5","contrastRatio":13.02,"fontSize":"16.5pt (22px)","fontWeight":"normal","expectedContrastRatio":"4.5:1"},"relatedNodes":[],"impact":"serious","message":"Element has sufficient color contrast of 13.02"}],"all":[],"none":[],"impact":null,"html":"<h2 class=\"nhsuk-heading-s\">Refine your search</h2>","target":[".nhsuk-heading-s"]},{"any":[{"id":"color-contrast","data":{"fgColor":"#005eb8","bgColor":"#ffffff","contrastRatio":6.37,"fontSize":"14.3pt (19px)","fontWeight":"normal","expectedContrastRatio":"4.5:1"},"relatedNodes":[],"impact":"serious","message":"Element has sufficient color contrast of 6.37"}],"all":[],"none":[],"impact":null,"html":"<span class=\"nhsuk-details__summary-text\">\n                    Distance\n                </span>","target":["summary[aria-controls=\"distance-details\"] > .nhsuk-details__summary-text"]},{"any":[{"id":"color-contrast","data":{"fgColor":"#005eb8","bgColor":"#ffffff","contrastRatio":6.37,"fontSize":"14.3pt (19px)","fontWeight":"normal","expectedContrastRatio":"4.5:1"},"relatedNodes":[],"impact":"serious","message":"Element has sufficient color contrast of 6.37"}],"all":[],"none":[],"impact":null,"html":"<span class=\"nhsuk-details__summary-text\">\n                    COVID-19\n                </span>","target":["summary[aria-controls=\"covid-jobs-only\"] > .nhsuk-details__summary-text"]},{"any":[{"id":"color-contrast","data":{"fgColor":"#005eb8","bgColor":"#ffffff","contrastRatio":6.37,"fontSize":"14.3pt (19px)","fontWeight":"normal","expectedContrastRatio":"4.5:1"},"relatedNodes":[],"impact":"serious","message":"Element has sufficient color contrast of 6.37"}],"all":[],"none":[],"impact":null,"html":"<span class=\"nhsuk-details__summary-text\">\n                    Working pattern\n                </span>","target":["#working-patterns-expander > .nhsuk-details__summary-text"]},{"any":[{"id":"color-contrast","data":{"fgColor":"#005eb8","bgColor":"#ffffff","contrastRatio":6.37,"fontSize":"14.3pt (19px)","fontWeight":"normal","expectedContrastRatio":"4.5:1"},"relatedNodes":[],"impact":"serious","message":"Element has sufficient color contrast of 6.37"}],"all":[],"none":[],"impact":null,"html":"<span class=\"nhsuk-details__summary-text\">Contract type</span>","target":["summary[aria-controls=\"contract-type-details\"] > .nhsuk-details__summary-text"]},{"any":[{"id":"color-contrast","data":{"fgColor":"#005eb8","bgColor":"#ffffff","contrastRatio":6.37,"fontSize":"14.3pt (19px)","fontWeight":"normal","expectedContrastRatio":"4.5:1"},"relatedNodes":[],"impact":"serious","message":"Element has sufficient color contrast of 6.37"}],"all":[],"none":[],"impact":null,"html":"<span class=\"nhsuk-details__summary-text\">\n                    Staff group\n                </span>","target":["summary[aria-controls=\"staff-group-details\"] > .nhsuk-details__summary-text"]},{"any":[{"id":"color-contrast","data":{"fgColor":"#005eb8","bgColor":"#ffffff","contrastRatio":6.37,"fontSize":"14.3pt (19px)","fontWeight":"normal","expectedContrastRatio":"4.5:1"},"relatedNodes":[],"impact":"serious","message":"Element has sufficient color contrast of 6.37"}],"all":[],"none":[],"impact":null,"html":"<span class=\"nhsuk-details__summary-text\">\n                    Pay range\n                </span>","target":["summary[aria-controls=\"pay-range-details\"] > .nhsuk-details__summary-text"]},{"any":[{"id":"color-contrast","data":{"fgColor":"#005eb8","bgColor":"#ffffff","contrastRatio":6.37,"fontSize":"14.3pt (19px)","fontWeight":"normal","expectedContrastRatio":"4.5:1"},"relatedNodes":[],"impact":"serious","message":"Element has sufficient color contrast of 6.37"}],"all":[],"none":[],"impact":null,"html":"<span class=\"vsm-payband nhsuk-details__summary-text\">\n                    NHS pay grades and schemes\n                </span>","target":[".vsm-payband"]},{"any":[{"id":"color-contrast","data":{"fgColor":"#ffffff","bgColor":"#007f3b","contrastRatio":5.12,"fontSize":"14.3pt (19px)","fontWeight":"normal","expectedContrastRatio":"4.5:1"},"relatedNodes":[],"impact":"serious","message":"Element has sufficient color contrast of 5.12"}],"all":[],"none":[],"impact":null,"html":"<input class=\"nhsuk-button nhsuk-button--primary\" type=\"submit\" id=\"refine-search\" value=\"Apply filters\" data-test=\"refine-search-button\">","target":["#refine-search"]},{"any":[{"id":"color-contrast","data":{"fgColor":"#005eb8","bgColor":"#f0f4f5","contrastRatio":5.75,"fontSize":"14.3pt (19px)","fontWeight":"normal","expectedContrastRatio":"4.5:1"},"relatedNodes":[],"impact":"serious","message":"Element has sufficient color contrast of 5.75"}],"all":[],"none":[],"impact":null,"html":"<a href=\"/candidate/search/results?keyword=Carer&amp;location=London\" data-test=\"filter-clear\">Clear filters\n        </a>","target":["a[data-test=\"filter-clear\"]"]},{"any":[{"id":"color-contrast","data":{"fgColor":"#005eb8","bgColor":"#f0f4f5","contrastRatio":5.75,"fontSize":"18.0pt (24px)","fontWeight":"normal","expectedContrastRatio":"3:1"},"relatedNodes":[],"impact":"serious","message":"Element has sufficient color contrast of 5.75"}],"all":[],"none":[],"impact":null,"html":"<a href=\"/candidate/search/save/alerts\" data-test=\"save-search\">Save this search</a>","target":[".hide-mobile > h3 > a[data-test=\"save-search\"][href$=\"alerts\"]"]},{"any":[{"id":"color-contrast","data":{"fgColor":"#212b32","bgColor":"#f0f4f5","contrastRatio":13.02,"fontSize":"14.3pt (19px)","fontWeight":"normal","expectedContrastRatio":"4.5:1"},"relatedNodes":[],"impact":"serious","message":"Element has sufficient color contrast of 13.02"}],"all":[],"none":[],"impact":null,"html":"<p class=\"nhsuk-body\">You’ll also be able to set up job alert emails for your saved search.</p>","target":[".hide-mobile > .nhsuk-body"]},{"any":[{"id":"color-contrast","data":{"fgColor":"#212b32","bgColor":"#f0f4f5","contrastRatio":13.02,"fontSize":"14.3pt (19px)","fontWeight":"normal","expectedContrastRatio":"4.5:1"},"relatedNodes":[],"impact":"serious","message":"Element has sufficient color contrast of 13.02"}],"all":[],"none":[],"impact":null,"html":"<label class=\"nhsuk-label nhsuk-inline-label\" for=\"sort\">Sort by</label>","target":[".nhsuk-inline-label"]},{"any":[{"id":"color-contrast","data":{"fgColor":"#000000","bgColor":"#ffffff","contrastRatio":21,"fontSize":"14.3pt (19px)","fontWeight":"normal","expectedContrastRatio":"4.5:1"},"relatedNodes":[],"impact":"serious","message":"Element has sufficient color contrast of 21"}],"all":[],"none":[],"impact":null,"html":"<select class=\"nhsuk-select nhsuk-inline-select\" id=\"sort\" name=\"sort\" data-test=\"sort-input\" value=\"\" onchange=\"sortform.submit()\">","target":["#sort"]},{"any":[{"id":"color-contrast","data":{"fgColor":"#005eb8","bgColor":"#f0f4f5","contrastRatio":5.75,"fontSize":"14.3pt (19px)","fontWeight":"normal","expectedContrastRatio":"4.5:1"},"relatedNodes":[],"impact":"serious","message":"Element has sufficient color contrast of 5.75"}],"all":[],"none":[],"impact":null,"html":"<span>Create job alert</span>","target":["#create-job-alert > span"]},{"any":[{"id":"color-contrast","data":{"fgColor":"#005eb8","bgColor":"#f0f4f5","contrastRatio":5.75,"fontSize":"18.0pt (24px)","fontWeight":"normal","expectedContrastRatio":"3:1"},"relatedNodes":[],"impact":"serious","message":"Element has sufficient color contrast of 5.75"}],"all":[],"none":[],"impact":null,"html":"<a href=\"/candidate/jobadvert/M0048-25-0353?keyword=Carer&amp;location=London&amp;distance=5&amp;language=en\" id=\"first-result-title\" data-test=\"search-result-job-title\">\n              Donor Carer\n            </a>","target":["#first-result-title"]},{"any":[{"id":"color-contrast","data":{"fgColor":"#005eb8","bgColor":"#f0f4f5","contrastRatio":5.75,"fontSize":"14.3pt (19px)","fontWeight":"normal","expectedContrastRatio":"4.5:1"},"relatedNodes":[],"impact":"serious","message":"Element has sufficient color contrast of 5.75"}],"all":[],"none":[],"impact":null,"html":"<a href=\"/candidate/search/save-job/M0048-25-0353\" data-test=\"search-result-save-job\" aria-label=\"Save this job: Donor Carer (Reference number: M0048-25-0353)\">\n              Save this job\n            </a>","target":[".nhsuk-list-panel.search-result.nhsuk-u-padding-3:nth-child(1) > .nhsuk-grid-row:nth-child(1) > .save-job.nhsuk-u-margin-right-3 > a[data-test=\"search-result-save-job\"]"]},{"any":[{"id":"color-contrast","data":{"fgColor":"#212b32","bgColor":"#f0f4f5","contrastRatio":13.02,"fontSize":"18.0pt (24px)","fontWeight":"normal","expectedContrastRatio":"3:1"},"relatedNodes":[],"impact":"serious","message":"Element has sufficient color contrast of 13.02"}],"all":[],"none":[],"impact":null,"html":"<h3 class=\"nhsuk-u-font-weight-bold\">\n          NHS Blood and Transplant\n          <div class=\"location-font-size\">\n            \n              London  HA8 0AD\n            \n          </div>\n        </h3>","target":[".nhsuk-list-panel.search-result.nhsuk-u-padding-3:nth-child(1) > .nhsuk-u-margin-bottom-4[data-test=\"search-result-location\"] > h3"]},{"any":[{"id":"color-contrast","data":{"fgColor":"#212b32","bgColor":"#f0f4f5","contrastRatio":13.02,"fontSize":"12.0pt (16px)","fontWeight":"normal","expectedContrastRatio":"4.5:1"},"relatedNodes":[],"impact":"serious","message":"Element has sufficient color contrast of 13.02"}],"all":[],"none":[],"impact":null,"html":"<div class=\"location-font-size\">\n            \n              London  HA8 0AD\n            \n          </div>","target":[".nhsuk-list-panel.search-result.nhsuk-u-padding-3:nth-child(1) > .nhsuk-u-margin-bottom-4[data-test=\"search-result-location\"] > h3 > .location-font-size"]},{"any":[{"id":"color-contrast","data":{"fgColor":"#212b32","bgColor":"#f0f4f5","contrastRatio":13.02,"fontSize":"14.3pt (19px)","fontWeight":"normal","expectedContrastRatio":"4.5:1"},"relatedNodes":[],"impact":"serious","message":"Element has sufficient color contrast of 13.02"}],"all":[],"none":[],"impact":null,"html":"<li data-test=\"search-result-salary\" class=\"marginBt\">\n                Salary: \n                <strong class=\"nhsuk-u-font-weight-bold\">\n                  £24,937 to £26,598\n                  \n                    a year\n                  \n                </strong>\n              </li>","target":[".nhsuk-list-panel.search-result.nhsuk-u-padding-3:nth-child(1) > .nhsuk-grid-row:nth-child(3) > .nhsuk-grid-column-one-half:nth-child(1) > .first-ad-job-info.ad-job-info.nhsuk-list > .marginBt[data-test=\"search-result-salary\"]"]},{"any":[{"id":"color-contrast","data":{"fgColor":"#212b32","bgColor":"#f0f4f5","contrastRatio":13.02,"fontSize":"14.3pt (19px)","fontWeight":"normal","expectedContrastRatio":"4.5:1"},"relatedNodes":[],"impact":"serious","message":"Element has sufficient color contrast of 13.02"}],"all":[],"none":[],"impact":null,"html":"<strong class=\"nhsuk-u-font-weight-bold\">\n                  £24,937 to £26,598\n                  \n                    a year\n                  \n                </strong>","target":[".nhsuk-list-panel.search-result.nhsuk-u-padding-3:nth-child(1) > .nhsuk-grid-row:nth-child(3) > .nhsuk-grid-column-one-half:nth-child(1) > .first-ad-job-info.ad-job-info.nhsuk-list > .marginBt[data-test=\"search-result-salary\"] > strong"]},{"any":[{"id":"color-contrast","data":{"fgColor":"#212b32","bgColor":"#f0f4f5","contrastRatio":13.02,"fontSize":"14.3pt (19px)","fontWeight":"normal","expectedContrastRatio":"4.5:1"},"relatedNodes":[],"impact":"serious","message":"Element has sufficient color contrast of 13.02"}],"all":[],"none":[],"impact":null,"html":"<li data-test=\"search-result-publicationDate\">\n                Date posted: \n                <strong class=\"nhsuk-u-font-weight-bold\">\n                  17 June 2025\n                </strong>\n              </li>","target":[".nhsuk-list-panel.search-result.nhsuk-u-padding-3:nth-child(1) > .nhsuk-grid-row:nth-child(3) > .nhsuk-grid-column-one-half:nth-child(1) > .first-ad-job-info.ad-job-info.nhsuk-list > li[data-test=\"search-result-publicationDate\"]"]},{"any":[{"id":"color-contrast","data":{"fgColor":"#212b32","bgColor":"#f0f4f5","contrastRatio":13.02,"fontSize":"14.3pt (19px)","fontWeight":"normal","expectedContrastRatio":"4.5:1"},"relatedNodes":[],"impact":"serious","message":"Element has sufficient color contrast of 13.02"}],"all":[],"none":[],"impact":null,"html":"<strong class=\"nhsuk-u-font-weight-bold\">\n                  17 June 2025\n                </strong>","target":[".nhsuk-list-panel.search-result.nhsuk-u-padding-3:nth-child(1) > .nhsuk-grid-row:nth-child(3) > .nhsuk-grid-column-one-half:nth-child(1) > .first-ad-job-info.ad-job-info.nhsuk-list > li[data-test=\"search-result-publicationDate\"] > strong"]},{"any":[{"id":"color-contrast","data":{"fgColor":"#212b32","bgColor":"#f0f4f5","contrastRatio":13.02,"fontSize":"14.3pt (19px)","fontWeight":"normal","expectedContrastRatio":"4.5:1"},"relatedNodes":[],"impact":"serious","message":"Element has sufficient color contrast of 13.02"}],"all":[],"none":[],"impact":null,"html":"<li data-test=\"search-result-closingDate\">\n                Closing date: \n                <strong class=\"nhsuk-u-font-weight-bold\">\n                  24 June 2025\n                </strong>\n              </li>","target":[".nhsuk-list-panel.search-result.nhsuk-u-padding-3:nth-child(1) > .nhsuk-grid-row:nth-child(3) > .nhsuk-grid-column-one-half:nth-child(1) > .first-ad-job-info.ad-job-info.nhsuk-list > li[data-test=\"search-result-closingDate\"]"]},{"any":[{"id":"color-contrast","data":{"fgColor":"#212b32","bgColor":"#f0f4f5","contrastRatio":13.02,"fontSize":"14.3pt (19px)","fontWeight":"normal","expectedContrastRatio":"4.5:1"},"relatedNodes":[],"impact":"serious","message":"Element has sufficient color contrast of 13.02"}],"all":[],"none":[],"impact":null,"html":"<strong class=\"nhsuk-u-font-weight-bold\">\n                  24 June 2025\n                </strong>","target":[".nhsuk-list-panel.search-result.nhsuk-u-padding-3:nth-child(1) > .nhsuk-grid-row:nth-child(3) > .nhsuk-grid-column-one-half:nth-child(1) > .first-ad-job-info.ad-job-info.nhsuk-list > li[data-test=\"search-result-closingDate\"] > strong"]},{"any":[{"id":"color-contrast","data":{"fgColor":"#212b32","bgColor":"#f0f4f5","contrastRatio":13.02,"fontSize":"14.3pt (19px)","fontWeight":"normal","expectedContrastRatio":"4.5:1"},"relatedNodes":[],"impact":"serious","message":"Element has sufficient color contrast of 13.02"}],"all":[],"none":[],"impact":null,"html":"<li data-test=\"search-result-jobType\" class=\"marginBt\">\n              Contract type: \n              <strong class=\"nhsuk-u-font-weight-bold\">\n                Permanent\n              </strong>\n            </li>","target":[".nhsuk-list-panel.search-result.nhsuk-u-padding-3:nth-child(1) > .nhsuk-grid-row:nth-child(3) > .nhsuk-grid-column-one-half:nth-child(2) > .ad-job-info.nhsuk-list > .marginBt[data-test=\"search-result-jobType\"]"]},{"any":[{"id":"color-contrast","data":{"fgColor":"#212b32","bgColor":"#f0f4f5","contrastRatio":13.02,"fontSize":"14.3pt (19px)","fontWeight":"normal","expectedContrastRatio":"4.5:1"},"relatedNodes":[],"impact":"serious","message":"Element has sufficient color contrast of 13.02"}],"all":[],"none":[],"impact":null,"html":"<strong class=\"nhsuk-u-font-weight-bold\">\n                Permanent\n              </strong>","target":[".nhsuk-list-panel.search-result.nhsuk-u-padding-3:nth-child(1) > .nhsuk-grid-row:nth-child(3) > .nhsuk-grid-column-one-half:nth-child(2) > .ad-job-info.nhsuk-list > .marginBt[data-test=\"search-result-jobType\"] > strong"]},{"any":[{"id":"color-contrast","data":{"fgColor":"#212b32","bgColor":"#f0f4f5","contrastRatio":13.02,"fontSize":"14.3pt (19px)","fontWeight":"normal","expectedContrastRatio":"4.5:1"},"relatedNodes":[],"impact":"serious","message":"Element has sufficient color contrast of 13.02"}],"all":[],"none":[],"impact":null,"html":"<li data-test=\"search-result-workingPattern\" class=\"marginBt\">\n              Working pattern: \n              <strong class=\"nhsuk-u-font-weight-bold\">\n                Full time, Part time\n              </strong>\n            </li>","target":[".nhsuk-list-panel.search-result.nhsuk-u-padding-3:nth-child(1) > .nhsuk-grid-row:nth-child(3) > .nhsuk-grid-column-one-half:nth-child(2) > .ad-job-info.nhsuk-list > .marginBt[data-test=\"search-result-workingPattern\"]"]},{"any":[{"id":"color-contrast","data":{"fgColor":"#212b32","bgColor":"#f0f4f5","contrastRatio":13.02,"fontSize":"14.3pt (19px)","fontWeight":"normal","expectedContrastRatio":"4.5:1"},"relatedNodes":[],"impact":"serious","message":"Element has sufficient color contrast of 13.02"}],"all":[],"none":[],"impact":null,"html":"<strong class=\"nhsuk-u-font-weight-bold\">\n                Full time, Part time\n              </strong>","target":[".nhsuk-list-panel.search-result.nhsuk-u-padding-3:nth-child(1) > .nhsuk-grid-row:nth-child(3) > .nhsuk-grid-column-one-half:nth-child(2) > .ad-job-info.nhsuk-list > .marginBt[data-test=\"search-result-workingPattern\"] > strong"]},{"any":[{"id":"color-contrast","data":{"fgColor":"#005eb8","bgColor":"#f0f4f5","contrastRatio":5.75,"fontSize":"18.0pt (24px)","fontWeight":"normal","expectedContrastRatio":"3:1"},"relatedNodes":[],"impact":"serious","message":"Element has sufficient color contrast of 5.75"}],"all":[],"none":[],"impact":null,"html":"<a href=\"/candidate/jobadvert/B0306-25-0024?keyword=Carer&amp;location=London&amp;distance=5&amp;language=en\" data-test=\"search-result-job-title\">\n              Specialist Carer - Band 4\n            </a>","target":["#job-title-2 > a[data-test=\"search-result-job-title\"]"]},{"any":[{"id":"color-contrast","data":{"fgColor":"#005eb8","bgColor":"#f0f4f5","contrastRatio":5.75,"fontSize":"14.3pt (19px)","fontWeight":"normal","expectedContrastRatio":"4.5:1"},"relatedNodes":[],"impact":"serious","message":"Element has sufficient color contrast of 5.75"}],"all":[],"none":[],"impact":null,"html":"<a href=\"/candidate/search/save-job/B0306-25-0024\" data-test=\"search-result-save-job\" aria-label=\"Save this job: Specialist Carer - Band 4 (Reference number: B0306-25-0024)\">\n              Save this job\n            </a>","target":[".nhsuk-list-panel.search-result.nhsuk-u-padding-3:nth-child(2) > .nhsuk-grid-row:nth-child(1) > .save-job.nhsuk-u-margin-right-3 > a[data-test=\"search-result-save-job\"]"]},{"any":[{"id":"color-contrast","data":{"fgColor":"#212b32","bgColor":"#f0f4f5","contrastRatio":13.02,"fontSize":"18.0pt (24px)","fontWeight":"normal","expectedContrastRatio":"3:1"},"relatedNodes":[],"impact":"serious","message":"Element has sufficient color contrast of 13.02"}],"all":[],"none":[],"impact":null,"html":"<h3 class=\"nhsuk-u-font-weight-bold\">\n          Noah’s Ark Children’s Hospice\n          <div class=\"location-font-size\">\n            \n              Barnet EN5 4NP\n            \n          </div>\n        </h3>","target":[".nhsuk-list-panel.search-result.nhsuk-u-padding-3:nth-child(2) > .nhsuk-u-margin-bottom-4[data-test=\"search-result-location\"] > h3"]},{"any":[{"id":"color-contrast","data":{"fgColor":"#212b32","bgColor":"#f0f4f5","contrastRatio":13.02,"fontSize":"12.0pt (16px)","fontWeight":"normal","expectedContrastRatio":"4.5:1"},"relatedNodes":[],"impact":"serious","message":"Element has sufficient color contrast of 13.02"}],"all":[],"none":[],"impact":null,"html":"<div class=\"location-font-size\">\n            \n              Barnet EN5 4NP\n            \n          </div>","target":[".nhsuk-list-panel.search-result.nhsuk-u-padding-3:nth-child(2) > .nhsuk-u-margin-bottom-4[data-test=\"search-result-location\"] > h3 > .location-font-size"]},{"any":[{"id":"color-contrast","data":{"fgColor":"#212b32","bgColor":"#f0f4f5","contrastRatio":13.02,"fontSize":"14.3pt (19px)","fontWeight":"normal","expectedContrastRatio":"4.5:1"},"relatedNodes":[],"impact":"serious","message":"Element has sufficient color contrast of 13.02"}],"all":[],"none":[],"impact":null,"html":"<li data-test=\"search-result-salary\" class=\"marginBt\">\n                Salary: \n                <strong class=\"nhsuk-u-font-weight-bold\">\n                  £31,557 to £34,181\n                  \n                    a year\n                  \n                </strong>\n              </li>","target":[".nhsuk-list-panel.search-result.nhsuk-u-padding-3:nth-child(2) > .nhsuk-grid-row:nth-child(3) > .nhsuk-grid-column-one-half:nth-child(1) > .first-ad-job-info.ad-job-info.nhsuk-list > .marginBt[data-test=\"search-result-salary\"]"]},{"any":[{"id":"color-contrast","data":{"fgColor":"#212b32","bgColor":"#f0f4f5","contrastRatio":13.02,"fontSize":"14.3pt (19px)","fontWeight":"normal","expectedContrastRatio":"4.5:1"},"relatedNodes":[],"impact":"serious","message":"Element has sufficient color contrast of 13.02"}],"all":[],"none":[],"impact":null,"html":"<strong class=\"nhsuk-u-font-weight-bold\">\n                  £31,557 to £34,181\n                  \n                    a year\n                  \n                </strong>","target":[".nhsuk-list-panel.search-result.nhsuk-u-padding-3:nth-child(2) > .nhsuk-grid-row:nth-child(3) > .nhsuk-grid-column-one-half:nth-child(1) > .first-ad-job-info.ad-job-info.nhsuk-list > .marginBt[data-test=\"search-result-salary\"] > strong"]},{"any":[{"id":"color-contrast","data":{"fgColor":"#212b32","bgColor":"#f0f4f5","contrastRatio":13.02,"fontSize":"14.3pt (19px)","fontWeight":"normal","expectedContrastRatio":"4.5:1"},"relatedNodes":[],"impact":"serious","message":"Element has sufficient color contrast of 13.02"}],"all":[],"none":[],"impact":null,"html":"<li data-test=\"search-result-publicationDate\">\n                Date posted: \n                <strong class=\"nhsuk-u-font-weight-bold\">\n                  13 June 2025\n                </strong>\n              </li>","target":[".nhsuk-list-panel.search-result.nhsuk-u-padding-3:nth-child(2) > .nhsuk-grid-row:nth-child(3) > .nhsuk-grid-column-one-half:nth-child(1) > .first-ad-job-info.ad-job-info.nhsuk-list > li[data-test=\"search-result-publicationDate\"]"]},{"any":[{"id":"color-contrast","data":{"fgColor":"#212b32","bgColor":"#f0f4f5","contrastRatio":13.02,"fontSize":"14.3pt (19px)","fontWeight":"normal","expectedContrastRatio":"4.5:1"},"relatedNodes":[],"impact":"serious","message":"Element has sufficient color contrast of 13.02"}],"all":[],"none":[],"impact":null,"html":"<strong class=\"nhsuk-u-font-weight-bold\">\n                  13 June 2025\n                </strong>","target":[".nhsuk-list-panel.search-result.nhsuk-u-padding-3:nth-child(2) > .nhsuk-grid-row:nth-child(3) > .nhsuk-grid-column-one-half:nth-child(1) > .first-ad-job-info.ad-job-info.nhsuk-list > li[data-test=\"search-result-publicationDate\"] > strong"]},{"any":[{"id":"color-contrast","data":{"fgColor":"#212b32","bgColor":"#f0f4f5","contrastRatio":13.02,"fontSize":"14.3pt (19px)","fontWeight":"normal","expectedContrastRatio":"4.5:1"},"relatedNodes":[],"impact":"serious","message":"Element has sufficient color contrast of 13.02"}],"all":[],"none":[],"impact":null,"html":"<li data-test=\"search-result-closingDate\">\n                Closing date: \n                <strong class=\"nhsuk-u-font-weight-bold\">\n                  30 June 2025\n                </strong>\n              </li>","target":[".nhsuk-list-panel.search-result.nhsuk-u-padding-3:nth-child(2) > .nhsuk-grid-row:nth-child(3) > .nhsuk-grid-column-one-half:nth-child(1) > .first-ad-job-info.ad-job-info.nhsuk-list > li[data-test=\"search-result-closingDate\"]"]},{"any":[{"id":"color-contrast","data":{"fgColor":"#212b32","bgColor":"#f0f4f5","contrastRatio":13.02,"fontSize":"14.3pt (19px)","fontWeight":"normal","expectedContrastRatio":"4.5:1"},"relatedNodes":[],"impact":"serious","message":"Element has sufficient color contrast of 13.02"}],"all":[],"none":[],"impact":null,"html":"<strong class=\"nhsuk-u-font-weight-bold\">\n                  30 June 2025\n                </strong>","target":[".nhsuk-list-panel.search-result.nhsuk-u-padding-3:nth-child(2) > .nhsuk-grid-row:nth-child(3) > .nhsuk-grid-column-one-half:nth-child(1) > .first-ad-job-info.ad-job-info.nhsuk-list > li[data-test=\"search-result-closingDate\"] > strong"]},{"any":[{"id":"color-contrast","data":{"fgColor":"#212b32","bgColor":"#f0f4f5","contrastRatio":13.02,"fontSize":"14.3pt (19px)","fontWeight":"normal","expectedContrastRatio":"4.5:1"},"relatedNodes":[],"impact":"serious","message":"Element has sufficient color contrast of 13.02"}],"all":[],"none":[],"impact":null,"html":"<li data-test=\"search-result-jobType\" class=\"marginBt\">\n              Contract type: \n              <strong class=\"nhsuk-u-font-weight-bold\">\n                Permanent\n              </strong>\n            </li>","target":[".nhsuk-list-panel.search-result.nhsuk-u-padding-3:nth-child(2) > .nhsuk-grid-row:nth-child(3) > .nhsuk-grid-column-one-half:nth-child(2) > .ad-job-info.nhsuk-list > .marginBt[data-test=\"search-result-jobType\"]"]},{"any":[{"id":"color-contrast","data":{"fgColor":"#212b32","bgColor":"#f0f4f5","contrastRatio":13.02,"fontSize":"14.3pt (19px)","fontWeight":"normal","expectedContrastRatio":"4.5:1"},"relatedNodes":[],"impact":"serious","message":"Element has sufficient color contrast of 13.02"}],"all":[],"none":[],"impact":null,"html":"<strong class=\"nhsuk-u-font-weight-bold\">\n                Permanent\n              </strong>","target":[".nhsuk-list-panel.search-result.nhsuk-u-padding-3:nth-child(2) > .nhsuk-grid-row:nth-child(3) > .nhsuk-grid-column-one-half:nth-child(2) > .ad-job-info.nhsuk-list > .marginBt[data-test=\"search-result-jobType\"] > strong"]},{"any":[{"id":"color-contrast","data":{"fgColor":"#212b32","bgColor":"#f0f4f5","contrastRatio":13.02,"fontSize":"14.3pt (19px)","fontWeight":"normal","expectedContrastRatio":"4.5:1"},"relatedNodes":[],"impact":"serious","message":"Element has sufficient color contrast of 13.02"}],"all":[],"none":[],"impact":null,"html":"<li data-test=\"search-result-workingPattern\" class=\"marginBt\">\n              Working pattern: \n              <strong class=\"nhsuk-u-font-weight-bold\">\n                Full time\n              </strong>\n            </li>","target":[".nhsuk-list-panel.search-result.nhsuk-u-padding-3:nth-child(2) > .nhsuk-grid-row:nth-child(3) > .nhsuk-grid-column-one-half:nth-child(2) > .ad-job-info.nhsuk-list > .marginBt[data-test=\"search-result-workingPattern\"]"]},{"any":[{"id":"color-contrast","data":{"fgColor":"#212b32","bgColor":"#f0f4f5","contrastRatio":13.02,"fontSize":"14.3pt (19px)","fontWeight":"normal","expectedContrastRatio":"4.5:1"},"relatedNodes":[],"impact":"serious","message":"Element has sufficient color contrast of 13.02"}],"all":[],"none":[],"impact":null,"html":"<strong class=\"nhsuk-u-font-weight-bold\">\n                Full time\n              </strong>","target":[".nhsuk-list-panel.search-result.nhsuk-u-padding-3:nth-child(2) > .nhsuk-grid-row:nth-child(3) > .nhsuk-grid-column-one-half:nth-child(2) > .ad-job-info.nhsuk-list > .marginBt[data-test=\"search-result-workingPattern\"] > strong"]},{"any":[{"id":"color-contrast","data":{"fgColor":"#005eb8","bgColor":"#f0f4f5","contrastRatio":5.75,"fontSize":"18.0pt (24px)","fontWeight":"normal","expectedContrastRatio":"3:1"},"relatedNodes":[],"impact":"serious","message":"Element has sufficient color contrast of 5.75"}],"all":[],"none":[],"impact":null,"html":"<a href=\"/candidate/jobadvert/B0306-25-0021?keyword=Carer&amp;location=London&amp;distance=5&amp;language=en\" data-test=\"search-result-job-title\">\n              Specialist Carer - Band 3\n            </a>","target":["#job-title-3 > a[data-test=\"search-result-job-title\"]"]},{"any":[{"id":"color-contrast","data":{"fgColor":"#005eb8","bgColor":"#f0f4f5","contrastRatio":5.75,"fontSize":"14.3pt (19px)","fontWeight":"normal","expectedContrastRatio":"4.5:1"},"relatedNodes":[],"impact":"serious","message":"Element has sufficient color contrast of 5.75"}],"all":[],"none":[],"impact":null,"html":"<a href=\"/candidate/search/save-job/B0306-25-0021\" data-test=\"search-result-save-job\" aria-label=\"Save this job: Specialist Carer - Band 3 (Reference number: B0306-25-0021)\">\n              Save this job\n            </a>","target":[".nhsuk-list-panel.search-result.nhsuk-u-padding-3:nth-child(3) > .nhsuk-grid-row:nth-child(1) > .save-job.nhsuk-u-margin-right-3 > a[data-test=\"search-result-save-job\"]"]},{"any":[{"id":"color-contrast","data":{"fgColor":"#212b32","bgColor":"#f0f4f5","contrastRatio":13.02,"fontSize":"18.0pt (24px)","fontWeight":"normal","expectedContrastRatio":"3:1"},"relatedNodes":[],"impact":"serious","message":"Element has sufficient color contrast of 13.02"}],"all":[],"none":[],"impact":null,"html":"<h3 class=\"nhsuk-u-font-weight-bold\">\n          Noah’s Ark Children’s Hospice\n          <div class=\"location-font-size\">\n            \n              Barnet EN5 4NP\n            \n          </div>\n        </h3>","target":[".nhsuk-list-panel.search-result.nhsuk-u-padding-3:nth-child(3) > .nhsuk-u-margin-bottom-4[data-test=\"search-result-location\"] > h3"]},{"any":[{"id":"color-contrast","data":{"fgColor":"#212b32","bgColor":"#f0f4f5","contrastRatio":13.02,"fontSize":"12.0pt (16px)","fontWeight":"normal","expectedContrastRatio":"4.5:1"},"relatedNodes":[],"impact":"serious","message":"Element has sufficient color contrast of 13.02"}],"all":[],"none":[],"impact":null,"html":"<div class=\"location-font-size\">\n            \n              Barnet EN5 4NP\n            \n          </div>","target":[".nhsuk-list-panel.search-result.nhsuk-u-padding-3:nth-child(3) > .nhsuk-u-margin-bottom-4[data-test=\"search-result-location\"] > h3 > .location-font-size"]},{"any":[{"id":"color-contrast","data":{"fgColor":"#212b32","bgColor":"#f0f4f5","contrastRatio":13.02,"fontSize":"14.3pt (19px)","fontWeight":"normal","expectedContrastRatio":"4.5:1"},"relatedNodes":[],"impact":"serious","message":"Element has sufficient color contrast of 13.02"}],"all":[],"none":[],"impact":null,"html":"<li data-test=\"search-result-salary\" class=\"marginBt\">\n                Salary: \n                <strong class=\"nhsuk-u-font-weight-bold\">\n                  £29,060 to £30,688\n                  \n                    a year\n                  \n                </strong>\n              </li>","target":[".nhsuk-list-panel.search-result.nhsuk-u-padding-3:nth-child(3) > .nhsuk-grid-row:nth-child(3) > .nhsuk-grid-column-one-half:nth-child(1) > .first-ad-job-info.ad-job-info.nhsuk-list > .marginBt[data-test=\"search-result-salary\"]"]},{"any":[{"id":"color-contrast","data":{"fgColor":"#212b32","bgColor":"#f0f4f5","contrastRatio":13.02,"fontSize":"14.3pt (19px)","fontWeight":"normal","expectedContrastRatio":"4.5:1"},"relatedNodes":[],"impact":"serious","message":"Element has sufficient color contrast of 13.02"}],"all":[],"none":[],"impact":null,"html":"<strong class=\"nhsuk-u-font-weight-bold\">\n                  £29,060 to £30,688\n                  \n                    a year\n                  \n                </strong>","target":[".nhsuk-list-panel.search-result.nhsuk-u-padding-3:nth-child(3) > .nhsuk-grid-row:nth-child(3) > .nhsuk-grid-column-one-half:nth-child(1) > .first-ad-job-info.ad-job-info.nhsuk-list > .marginBt[data-test=\"search-result-salary\"] > strong"]},{"any":[{"id":"color-contrast","data":{"fgColor":"#212b32","bgColor":"#f0f4f5","contrastRatio":13.02,"fontSize":"14.3pt (19px)","fontWeight":"normal","expectedContrastRatio":"4.5:1"},"relatedNodes":[],"impact":"serious","message":"Element has sufficient color contrast of 13.02"}],"all":[],"none":[],"impact":null,"html":"<li data-test=\"search-result-publicationDate\">\n                Date posted: \n                <strong class=\"nhsuk-u-font-weight-bold\">\n                  13 June 2025\n                </strong>\n              </li>","target":[".nhsuk-list-panel.search-result.nhsuk-u-padding-3:nth-child(3) > .nhsuk-grid-row:nth-child(3) > .nhsuk-grid-column-one-half:nth-child(1) > .first-ad-job-info.ad-job-info.nhsuk-list > li[data-test=\"search-result-publicationDate\"]"]},{"any":[{"id":"color-contrast","data":{"fgColor":"#212b32","bgColor":"#f0f4f5","contrastRatio":13.02,"fontSize":"14.3pt (19px)","fontWeight":"normal","expectedContrastRatio":"4.5:1"},"relatedNodes":[],"impact":"serious","message":"Element has sufficient color contrast of 13.02"}],"all":[],"none":[],"impact":null,"html":"<strong class=\"nhsuk-u-font-weight-bold\">\n                  13 June 2025\n                </strong>","target":[".nhsuk-list-panel.search-result.nhsuk-u-padding-3:nth-child(3) > .nhsuk-grid-row:nth-child(3) > .nhsuk-grid-column-one-half:nth-child(1) > .first-ad-job-info.ad-job-info.nhsuk-list > li[data-test=\"search-result-publicationDate\"] > strong"]},{"any":[{"id":"color-contrast","data":{"fgColor":"#212b32","bgColor":"#f0f4f5","contrastRatio":13.02,"fontSize":"14.3pt (19px)","fontWeight":"normal","expectedContrastRatio":"4.5:1"},"relatedNodes":[],"impact":"serious","message":"Element has sufficient color contrast of 13.02"}],"all":[],"none":[],"impact":null,"html":"<li data-test=\"search-result-closingDate\">\n                Closing date: \n                <strong class=\"nhsuk-u-font-weight-bold\">\n                  30 June 2025\n                </strong>\n              </li>","target":[".nhsuk-list-panel.search-result.nhsuk-u-padding-3:nth-child(3) > .nhsuk-grid-row:nth-child(3) > .nhsuk-grid-column-one-half:nth-child(1) > .first-ad-job-info.ad-job-info.nhsuk-list > li[data-test=\"search-result-closingDate\"]"]},{"any":[{"id":"color-contrast","data":{"fgColor":"#212b32","bgColor":"#f0f4f5","contrastRatio":13.02,"fontSize":"14.3pt (19px)","fontWeight":"normal","expectedContrastRatio":"4.5:1"},"relatedNodes":[],"impact":"serious","message":"Element has sufficient color contrast of 13.02"}],"all":[],"none":[],"impact":null,"html":"<strong class=\"nhsuk-u-font-weight-bold\">\n                  30 June 2025\n                </strong>","target":[".nhsuk-list-panel.search-result.nhsuk-u-padding-3:nth-child(3) > .nhsuk-grid-row:nth-child(3) > .nhsuk-grid-column-one-half:nth-child(1) > .first-ad-job-info.ad-job-info.nhsuk-list > li[data-test=\"search-result-closingDate\"] > strong"]},{"any":[{"id":"color-contrast","data":{"fgColor":"#212b32","bgColor":"#f0f4f5","contrastRatio":13.02,"fontSize":"14.3pt (19px)","fontWeight":"normal","expectedContrastRatio":"4.5:1"},"relatedNodes":[],"impact":"serious","message":"Element has sufficient color contrast of 13.02"}],"all":[],"none":[],"impact":null,"html":"<li data-test=\"search-result-jobType\" class=\"marginBt\">\n              Contract type: \n              <strong class=\"nhsuk-u-font-weight-bold\">\n                Permanent\n              </strong>\n            </li>","target":[".nhsuk-list-panel.search-result.nhsuk-u-padding-3:nth-child(3) > .nhsuk-grid-row:nth-child(3) > .nhsuk-grid-column-one-half:nth-child(2) > .ad-job-info.nhsuk-list > .marginBt[data-test=\"search-result-jobType\"]"]},{"any":[{"id":"color-contrast","data":{"fgColor":"#212b32","bgColor":"#f0f4f5","contrastRatio":13.02,"fontSize":"14.3pt (19px)","fontWeight":"normal","expectedContrastRatio":"4.5:1"},"relatedNodes":[],"impact":"serious","message":"Element has sufficient color contrast of 13.02"}],"all":[],"none":[],"impact":null,"html":"<strong class=\"nhsuk-u-font-weight-bold\">\n                Permanent\n              </strong>","target":[".nhsuk-list-panel.search-result.nhsuk-u-padding-3:nth-child(3) > .nhsuk-grid-row:nth-child(3) > .nhsuk-grid-column-one-half:nth-child(2) > .ad-job-info.nhsuk-list > .marginBt[data-test=\"search-result-jobType\"] > strong"]},{"any":[{"id":"color-contrast","data":{"fgColor":"#212b32","bgColor":"#f0f4f5","contrastRatio":13.02,"fontSize":"14.3pt (19px)","fontWeight":"normal","expectedContrastRatio":"4.5:1"},"relatedNodes":[],"impact":"serious","message":"Element has sufficient color contrast of 13.02"}],"all":[],"none":[],"impact":null,"html":"<li data-test=\"search-result-workingPattern\" class=\"marginBt\">\n              Working pattern: \n              <strong class=\"nhsuk-u-font-weight-bold\">\n                Full time\n              </strong>\n            </li>","target":[".nhsuk-list-panel.search-result.nhsuk-u-padding-3:nth-child(3) > .nhsuk-grid-row:nth-child(3) > .nhsuk-grid-column-one-half:nth-child(2) > .ad-job-info.nhsuk-list > .marginBt[data-test=\"search-result-workingPattern\"]"]},{"any":[{"id":"color-contrast","data":{"fgColor":"#212b32","bgColor":"#f0f4f5","contrastRatio":13.02,"fontSize":"14.3pt (19px)","fontWeight":"normal","expectedContrastRatio":"4.5:1"},"relatedNodes":[],"impact":"serious","message":"Element has sufficient color contrast of 13.02"}],"all":[],"none":[],"impact":null,"html":"<strong class=\"nhsuk-u-font-weight-bold\">\n                Full time\n              </strong>","target":[".nhsuk-list-panel.search-result.nhsuk-u-padding-3:nth-child(3) > .nhsuk-grid-row:nth-child(3) > .nhsuk-grid-column-one-half:nth-child(2) > .ad-job-info.nhsuk-list > .marginBt[data-test=\"search-result-workingPattern\"] > strong"]},{"any":[{"id":"color-contrast","data":{"fgColor":"#005eb8","bgColor":"#f0f4f5","contrastRatio":5.75,"fontSize":"18.0pt (24px)","fontWeight":"normal","expectedContrastRatio":"3:1"},"relatedNodes":[],"impact":"serious","message":"Element has sufficient color contrast of 5.75"}],"all":[],"none":[],"impact":null,"html":"<a href=\"/candidate/jobadvert/E0177-25-6170?keyword=Carer&amp;location=London&amp;distance=5&amp;language=en\" data-test=\"search-result-job-title\">\n              Senior Carer - Residential Care Home - Bank\n            </a>","target":["#job-title-4 > a[data-test=\"search-result-job-title\"]"]},{"any":[{"id":"color-contrast","data":{"fgColor":"#005eb8","bgColor":"#f0f4f5","contrastRatio":5.75,"fontSize":"14.3pt (19px)","fontWeight":"normal","expectedContrastRatio":"4.5:1"},"relatedNodes":[],"impact":"serious","message":"Element has sufficient color contrast of 5.75"}],"all":[],"none":[],"impact":null,"html":"<a href=\"/candidate/search/save-job/E0177-25-6170\" data-test=\"search-result-save-job\" aria-label=\"Save this job: Senior Carer - Residential Care Home - Bank (Reference number: E0177-25-6170)\">\n              Save this job\n            </a>","target":[".nhsuk-list-panel.search-result.nhsuk-u-padding-3:nth-child(4) > .nhsuk-grid-row:nth-child(1) > .save-job.nhsuk-u-margin-right-3 > a[data-test=\"search-result-save-job\"]"]},{"any":[{"id":"color-contrast","data":{"fgColor":"#212b32","bgColor":"#f0f4f5","contrastRatio":13.02,"fontSize":"18.0pt (24px)","fontWeight":"normal","expectedContrastRatio":"3:1"},"relatedNodes":[],"impact":"serious","message":"Element has sufficient color contrast of 13.02"}],"all":[],"none":[],"impact":null,"html":"<h3 class=\"nhsuk-u-font-weight-bold\">\n          Barchester Healthcare\n          <div class=\"location-font-size\">\n            \n              Bromley BR2 7BX\n            \n          </div>\n        </h3>","target":[".nhsuk-list-panel.search-result.nhsuk-u-padding-3:nth-child(4) > .nhsuk-u-margin-bottom-4[data-test=\"search-result-location\"] > h3"]},{"any":[{"id":"color-contrast","data":{"fgColor":"#212b32","bgColor":"#f0f4f5","contrastRatio":13.02,"fontSize":"12.0pt (16px)","fontWeight":"normal","expectedContrastRatio":"4.5:1"},"relatedNodes":[],"impact":"serious","message":"Element has sufficient color contrast of 13.02"}],"all":[],"none":[],"impact":null,"html":"<div class=\"location-font-size\">\n            \n              Bromley BR2 7BX\n            \n          </div>","target":[".nhsuk-list-panel.search-result.nhsuk-u-padding-3:nth-child(4) > .nhsuk-u-margin-bottom-4[data-test=\"search-result-location\"] > h3 > .location-font-size"]},{"any":[{"id":"color-contrast","data":{"fgColor":"#212b32","bgColor":"#f0f4f5","contrastRatio":13.02,"fontSize":"14.3pt (19px)","fontWeight":"normal","expectedContrastRatio":"4.5:1"},"relatedNodes":[],"impact":"serious","message":"Element has sufficient color contrast of 13.02"}],"all":[],"none":[],"impact":null,"html":"<li data-test=\"search-result-salary\" class=\"marginBt\">\n                Salary: \n                <strong class=\"nhsuk-u-font-weight-bold\">\n                  £15.87\n                  \n                    an hour\n                  \n                </strong>\n              </li>","target":[".nhsuk-list-panel.search-result.nhsuk-u-padding-3:nth-child(4) > .nhsuk-grid-row:nth-child(3) > .nhsuk-grid-column-one-half:nth-child(1) > .first-ad-job-info.ad-job-info.nhsuk-list > .marginBt[data-test=\"search-result-salary\"]"]},{"any":[{"id":"color-contrast","data":{"fgColor":"#212b32","bgColor":"#f0f4f5","contrastRatio":13.02,"fontSize":"14.3pt (19px)","fontWeight":"normal","expectedContrastRatio":"4.5:1"},"relatedNodes":[],"impact":"serious","message":"Element has sufficient color contrast of 13.02"}],"all":[],"none":[],"impact":null,"html":"<strong class=\"nhsuk-u-font-weight-bold\">\n                  £15.87\n                  \n                    an hour\n                  \n                </strong>","target":[".nhsuk-list-panel.search-result.nhsuk-u-padding-3:nth-child(4) > .nhsuk-grid-row:nth-child(3) > .nhsuk-grid-column-one-half:nth-child(1) > .first-ad-job-info.ad-job-info.nhsuk-list > .marginBt[data-test=\"search-result-salary\"] > strong"]},{"any":[{"id":"color-contrast","data":{"fgColor":"#212b32","bgColor":"#f0f4f5","contrastRatio":13.02,"fontSize":"14.3pt (19px)","fontWeight":"normal","expectedContrastRatio":"4.5:1"},"relatedNodes":[],"impact":"serious","message":"Element has sufficient color contrast of 13.02"}],"all":[],"none":[],"impact":null,"html":"<li data-test=\"search-result-publicationDate\">\n                Date posted: \n                <strong class=\"nhsuk-u-font-weight-bold\">\n                  20 June 2025\n                </strong>\n              </li>","target":[".nhsuk-list-panel.search-result.nhsuk-u-padding-3:nth-child(4) > .nhsuk-grid-row:nth-child(3) > .nhsuk-grid-column-one-half:nth-child(1) > .first-ad-job-info.ad-job-info.nhsuk-list > li[data-test=\"search-result-publicationDate\"]"]},{"any":[{"id":"color-contrast","data":{"fgColor":"#212b32","bgColor":"#f0f4f5","contrastRatio":13.02,"fontSize":"14.3pt (19px)","fontWeight":"normal","expectedContrastRatio":"4.5:1"},"relatedNodes":[],"impact":"serious","message":"Element has sufficient color contrast of 13.02"}],"all":[],"none":[],"impact":null,"html":"<strong class=\"nhsuk-u-font-weight-bold\">\n                  20 June 2025\n                </strong>","target":[".nhsuk-list-panel.search-result.nhsuk-u-padding-3:nth-child(4) > .nhsuk-grid-row:nth-child(3) > .nhsuk-grid-column-one-half:nth-child(1) > .first-ad-job-info.ad-job-info.nhsuk-list > li[data-test=\"search-result-publicationDate\"] > strong"]},{"any":[{"id":"color-contrast","data":{"fgColor":"#212b32","bgColor":"#f0f4f5","contrastRatio":13.02,"fontSize":"14.3pt (19px)","fontWeight":"normal","expectedContrastRatio":"4.5:1"},"relatedNodes":[],"impact":"serious","message":"Element has sufficient color contrast of 13.02"}],"all":[],"none":[],"impact":null,"html":"<li data-test=\"search-result-closingDate\">\n                Closing date: \n                <strong class=\"nhsuk-u-font-weight-bold\">\n                  18 August 2025\n                </strong>\n              </li>","target":[".nhsuk-list-panel.search-result.nhsuk-u-padding-3:nth-child(4) > .nhsuk-grid-row:nth-child(3) > .nhsuk-grid-column-one-half:nth-child(1) > .first-ad-job-info.ad-job-info.nhsuk-list > li[data-test=\"search-result-closingDate\"]"]},{"any":[{"id":"color-contrast","data":{"fgColor":"#212b32","bgColor":"#f0f4f5","contrastRatio":13.02,"fontSize":"14.3pt (19px)","fontWeight":"normal","expectedContrastRatio":"4.5:1"},"relatedNodes":[],"impact":"serious","message":"Element has sufficient color contrast of 13.02"}],"all":[],"none":[],"impact":null,"html":"<strong class=\"nhsuk-u-font-weight-bold\">\n                  18 August 2025\n                </strong>","target":[".nhsuk-list-panel.search-result.nhsuk-u-padding-3:nth-child(4) > .nhsuk-grid-row:nth-child(3) > .nhsuk-grid-column-one-half:nth-child(1) > .first-ad-job-info.ad-job-info.nhsuk-list > li[data-test=\"search-result-closingDate\"] > strong"]},{"any":[{"id":"color-contrast","data":{"fgColor":"#212b32","bgColor":"#f0f4f5","contrastRatio":13.02,"fontSize":"14.3pt (19px)","fontWeight":"normal","expectedContrastRatio":"4.5:1"},"relatedNodes":[],"impact":"serious","message":"Element has sufficient color contrast of 13.02"}],"all":[],"none":[],"impact":null,"html":"<li data-test=\"search-result-jobType\" class=\"marginBt\">\n              Contract type: \n              <strong class=\"nhsuk-u-font-weight-bold\">\n                Bank\n              </strong>\n            </li>","target":[".nhsuk-list-panel.search-result.nhsuk-u-padding-3:nth-child(4) > .nhsuk-grid-row:nth-child(3) > .nhsuk-grid-column-one-half:nth-child(2) > .ad-job-info.nhsuk-list > .marginBt[data-test=\"search-result-jobType\"]"]},{"any":[{"id":"color-contrast","data":{"fgColor":"#212b32","bgColor":"#f0f4f5","contrastRatio":13.02,"fontSize":"14.3pt (19px)","fontWeight":"normal","expectedContrastRatio":"4.5:1"},"relatedNodes":[],"impact":"serious","message":"Element has sufficient color contrast of 13.02"}],"all":[],"none":[],"impact":null,"html":"<strong class=\"nhsuk-u-font-weight-bold\">\n                Bank\n              </strong>","target":[".nhsuk-list-panel.search-result.nhsuk-u-padding-3:nth-child(4) > .nhsuk-grid-row:nth-child(3) > .nhsuk-grid-column-one-half:nth-child(2) > .ad-job-info.nhsuk-list > .marginBt[data-test=\"search-result-jobType\"] > strong"]},{"any":[{"id":"color-contrast","data":{"fgColor":"#212b32","bgColor":"#f0f4f5","contrastRatio":13.02,"fontSize":"14.3pt (19px)","fontWeight":"normal","expectedContrastRatio":"4.5:1"},"relatedNodes":[],"impact":"serious","message":"Element has sufficient color contrast of 13.02"}],"all":[],"none":[],"impact":null,"html":"<li data-test=\"search-result-workingPattern\" class=\"marginBt\">\n              Working pattern: \n              <strong class=\"nhsuk-u-font-weight-bold\">\n                Flexible working\n              </strong>\n            </li>","target":[".nhsuk-list-panel.search-result.nhsuk-u-padding-3:nth-child(4) > .nhsuk-grid-row:nth-child(3) > .nhsuk-grid-column-one-half:nth-child(2) > .ad-job-info.nhsuk-list > .marginBt[data-test=\"search-result-workingPattern\"]"]},{"any":[{"id":"color-contrast","data":{"fgColor":"#212b32","bgColor":"#f0f4f5","contrastRatio":13.02,"fontSize":"14.3pt (19px)","fontWeight":"normal","expectedContrastRatio":"4.5:1"},"relatedNodes":[],"impact":"serious","message":"Element has sufficient color contrast of 13.02"}],"all":[],"none":[],"impact":null,"html":"<strong class=\"nhsuk-u-font-weight-bold\">\n                Flexible working\n              </strong>","target":[".nhsuk-list-panel.search-result.nhsuk-u-padding-3:nth-child(4) > .nhsuk-grid-row:nth-child(3) > .nhsuk-grid-column-one-half:nth-child(2) > .ad-job-info.nhsuk-list > .marginBt[data-test=\"search-result-workingPattern\"] > strong"]},{"any":[{"id":"color-contrast","data":{"fgColor":"#005eb8","bgColor":"#f0f4f5","contrastRatio":5.75,"fontSize":"18.0pt (24px)","fontWeight":"normal","expectedContrastRatio":"3:1"},"relatedNodes":[],"impact":"serious","message":"Element has sufficient color contrast of 5.75"}],"all":[],"none":[],"impact":null,"html":"<a href=\"/candidate/jobadvert/B0306-25-0023?keyword=Carer&amp;location=London&amp;distance=5&amp;language=en\" data-test=\"search-result-job-title\">\n              Specialist Carer - Band 4 (part-time)\n            </a>","target":["#job-title-5 > a[data-test=\"search-result-job-title\"]"]},{"any":[{"id":"color-contrast","data":{"fgColor":"#005eb8","bgColor":"#f0f4f5","contrastRatio":5.75,"fontSize":"14.3pt (19px)","fontWeight":"normal","expectedContrastRatio":"4.5:1"},"relatedNodes":[],"impact":"serious","message":"Element has sufficient color contrast of 5.75"}],"all":[],"none":[],"impact":null,"html":"<a href=\"/candidate/search/save-job/B0306-25-0023\" data-test=\"search-result-save-job\" aria-label=\"Save this job: Specialist Carer - Band 4 (part-time) (Reference number: B0306-25-0023)\">\n              Save this job\n            </a>","target":[".nhsuk-list-panel.search-result.nhsuk-u-padding-3:nth-child(5) > .nhsuk-grid-row:nth-child(1) > .save-job.nhsuk-u-margin-right-3 > a[data-test=\"search-result-save-job\"]"]},{"any":[{"id":"color-contrast","data":{"fgColor":"#212b32","bgColor":"#f0f4f5","contrastRatio":13.02,"fontSize":"18.0pt (24px)","fontWeight":"normal","expectedContrastRatio":"3:1"},"relatedNodes":[],"impact":"serious","message":"Element has sufficient color contrast of 13.02"}],"all":[],"none":[],"impact":null,"html":"<h3 class=\"nhsuk-u-font-weight-bold\">\n          Noah’s Ark Children’s Hospice\n          <div class=\"location-font-size\">\n            \n              Barnet EN5 4NP\n            \n          </div>\n        </h3>","target":[".nhsuk-list-panel.search-result.nhsuk-u-padding-3:nth-child(5) > .nhsuk-u-margin-bottom-4[data-test=\"search-result-location\"] > h3"]},{"any":[{"id":"color-contrast","data":{"fgColor":"#212b32","bgColor":"#f0f4f5","contrastRatio":13.02,"fontSize":"12.0pt (16px)","fontWeight":"normal","expectedContrastRatio":"4.5:1"},"relatedNodes":[],"impact":"serious","message":"Element has sufficient color contrast of 13.02"}],"all":[],"none":[],"impact":null,"html":"<div class=\"location-font-size\">\n            \n              Barnet EN5 4NP\n            \n          </div>","target":[".nhsuk-list-panel.search-result.nhsuk-u-padding-3:nth-child(5) > .nhsuk-u-margin-bottom-4[data-test=\"search-result-location\"] > h3 > .location-font-size"]},{"any":[{"id":"color-contrast","data":{"fgColor":"#212b32","bgColor":"#f0f4f5","contrastRatio":13.02,"fontSize":"14.3pt (19px)","fontWeight":"normal","expectedContrastRatio":"4.5:1"},"relatedNodes":[],"impact":"serious","message":"Element has sufficient color contrast of 13.02"}],"all":[],"none":[],"impact":null,"html":"<li data-test=\"search-result-salary\" class=\"marginBt\">\n                Salary: \n                <strong class=\"nhsuk-u-font-weight-bold\">\n                  £31,557 to £34,181\n                  \n                    a year\n                  \n                </strong>\n              </li>","target":[".nhsuk-list-panel.search-result.nhsuk-u-padding-3:nth-child(5) > .nhsuk-grid-row:nth-child(3) > .nhsuk-grid-column-one-half:nth-child(1) > .first-ad-job-info.ad-job-info.nhsuk-list > .marginBt[data-test=\"search-result-salary\"]"]},{"any":[{"id":"color-contrast","data":{"fgColor":"#212b32","bgColor":"#f0f4f5","contrastRatio":13.02,"fontSize":"14.3pt (19px)","fontWeight":"normal","expectedContrastRatio":"4.5:1"},"relatedNodes":[],"impact":"serious","message":"Element has sufficient color contrast of 13.02"}],"all":[],"none":[],"impact":null,"html":"<strong class=\"nhsuk-u-font-weight-bold\">\n                  £31,557 to £34,181\n                  \n                    a year\n                  \n                </strong>","target":[".nhsuk-list-panel.search-result.nhsuk-u-padding-3:nth-child(5) > .nhsuk-grid-row:nth-child(3) > .nhsuk-grid-column-one-half:nth-child(1) > .first-ad-job-info.ad-job-info.nhsuk-list > .marginBt[data-test=\"search-result-salary\"] > strong"]},{"any":[{"id":"color-contrast","data":{"fgColor":"#212b32","bgColor":"#f0f4f5","contrastRatio":13.02,"fontSize":"14.3pt (19px)","fontWeight":"normal","expectedContrastRatio":"4.5:1"},"relatedNodes":[],"impact":"serious","message":"Element has sufficient color contrast of 13.02"}],"all":[],"none":[],"impact":null,"html":"<li data-test=\"search-result-publicationDate\">\n                Date posted: \n                <strong class=\"nhsuk-u-font-weight-bold\">\n                  13 June 2025\n                </strong>\n              </li>","target":[".nhsuk-list-panel.search-result.nhsuk-u-padding-3:nth-child(5) > .nhsuk-grid-row:nth-child(3) > .nhsuk-grid-column-one-half:nth-child(1) > .first-ad-job-info.ad-job-info.nhsuk-list > li[data-test=\"search-result-publicationDate\"]"]},{"any":[{"id":"color-contrast","data":{"fgColor":"#212b32","bgColor":"#f0f4f5","contrastRatio":13.02,"fontSize":"14.3pt (19px)","fontWeight":"normal","expectedContrastRatio":"4.5:1"},"relatedNodes":[],"impact":"serious","message":"Element has sufficient color contrast of 13.02"}],"all":[],"none":[],"impact":null,"html":"<strong class=\"nhsuk-u-font-weight-bold\">\n                  13 June 2025\n                </strong>","target":[".nhsuk-list-panel.search-result.nhsuk-u-padding-3:nth-child(5) > .nhsuk-grid-row:nth-child(3) > .nhsuk-grid-column-one-half:nth-child(1) > .first-ad-job-info.ad-job-info.nhsuk-list > li[data-test=\"search-result-publicationDate\"] > strong"]},{"any":[{"id":"color-contrast","data":{"fgColor":"#212b32","bgColor":"#f0f4f5","contrastRatio":13.02,"fontSize":"14.3pt (19px)","fontWeight":"normal","expectedContrastRatio":"4.5:1"},"relatedNodes":[],"impact":"serious","message":"Element has sufficient color contrast of 13.02"}],"all":[],"none":[],"impact":null,"html":"<li data-test=\"search-result-closingDate\">\n                Closing date: \n                <strong class=\"nhsuk-u-font-weight-bold\">\n                  30 June 2025\n                </strong>\n              </li>","target":[".nhsuk-list-panel.search-result.nhsuk-u-padding-3:nth-child(5) > .nhsuk-grid-row:nth-child(3) > .nhsuk-grid-column-one-half:nth-child(1) > .first-ad-job-info.ad-job-info.nhsuk-list > li[data-test=\"search-result-closingDate\"]"]},{"any":[{"id":"color-contrast","data":{"fgColor":"#212b32","bgColor":"#f0f4f5","contrastRatio":13.02,"fontSize":"14.3pt (19px)","fontWeight":"normal","expectedContrastRatio":"4.5:1"},"relatedNodes":[],"impact":"serious","message":"Element has sufficient color contrast of 13.02"}],"all":[],"none":[],"impact":null,"html":"<strong class=\"nhsuk-u-font-weight-bold\">\n                  30 June 2025\n                </strong>","target":[".nhsuk-list-panel.search-result.nhsuk-u-padding-3:nth-child(5) > .nhsuk-grid-row:nth-child(3) > .nhsuk-grid-column-one-half:nth-child(1) > .first-ad-job-info.ad-job-info.nhsuk-list > li[data-test=\"search-result-closingDate\"] > strong"]},{"any":[{"id":"color-contrast","data":{"fgColor":"#212b32","bgColor":"#f0f4f5","contrastRatio":13.02,"fontSize":"14.3pt (19px)","fontWeight":"normal","expectedContrastRatio":"4.5:1"},"relatedNodes":[],"impact":"serious","message":"Element has sufficient color contrast of 13.02"}],"all":[],"none":[],"impact":null,"html":"<li data-test=\"search-result-jobType\" class=\"marginBt\">\n              Contract type: \n              <strong class=\"nhsuk-u-font-weight-bold\">\n                Permanent\n              </strong>\n            </li>","target":[".nhsuk-list-panel.search-result.nhsuk-u-padding-3:nth-child(5) > .nhsuk-grid-row:nth-child(3) > .nhsuk-grid-column-one-half:nth-child(2) > .ad-job-info.nhsuk-list > .marginBt[data-test=\"search-result-jobType\"]"]},{"any":[{"id":"color-contrast","data":{"fgColor":"#212b32","bgColor":"#f0f4f5","contrastRatio":13.02,"fontSize":"14.3pt (19px)","fontWeight":"normal","expectedContrastRatio":"4.5:1"},"relatedNodes":[],"impact":"serious","message":"Element has sufficient color contrast of 13.02"}],"all":[],"none":[],"impact":null,"html":"<strong class=\"nhsuk-u-font-weight-bold\">\n                Permanent\n              </strong>","target":[".nhsuk-list-panel.search-result.nhsuk-u-padding-3:nth-child(5) > .nhsuk-grid-row:nth-child(3) > .nhsuk-grid-column-one-half:nth-child(2) > .ad-job-info.nhsuk-list > .marginBt[data-test=\"search-result-jobType\"] > strong"]},{"any":[{"id":"color-contrast","data":{"fgColor":"#212b32","bgColor":"#f0f4f5","contrastRatio":13.02,"fontSize":"14.3pt (19px)","fontWeight":"normal","expectedContrastRatio":"4.5:1"},"relatedNodes":[],"impact":"serious","message":"Element has sufficient color contrast of 13.02"}],"all":[],"none":[],"impact":null,"html":"<li data-test=\"search-result-workingPattern\" class=\"marginBt\">\n              Working pattern: \n              <strong class=\"nhsuk-u-font-weight-bold\">\n                Part time\n              </strong>\n            </li>","target":[".nhsuk-list-panel.search-result.nhsuk-u-padding-3:nth-child(5) > .nhsuk-grid-row:nth-child(3) > .nhsuk-grid-column-one-half:nth-child(2) > .ad-job-info.nhsuk-list > .marginBt[data-test=\"search-result-workingPattern\"]"]},{"any":[{"id":"color-contrast","data":{"fgColor":"#212b32","bgColor":"#f0f4f5","contrastRatio":13.02,"fontSize":"14.3pt (19px)","fontWeight":"normal","expectedContrastRatio":"4.5:1"},"relatedNodes":[],"impact":"serious","message":"Element has sufficient color contrast of 13.02"}],"all":[],"none":[],"impact":null,"html":"<strong class=\"nhsuk-u-font-weight-bold\">\n                Part time\n              </strong>","target":[".nhsuk-list-panel.search-result.nhsuk-u-padding-3:nth-child(5) > .nhsuk-grid-row:nth-child(3) > .nhsuk-grid-column-one-half:nth-child(2) > .ad-job-info.nhsuk-list > .marginBt[data-test=\"search-result-workingPattern\"] > strong"]},{"any":[{"id":"color-contrast","data":{"fgColor":"#005eb8","bgColor":"#f0f4f5","contrastRatio":5.75,"fontSize":"18.0pt (24px)","fontWeight":"normal","expectedContrastRatio":"3:1"},"relatedNodes":[],"impact":"serious","message":"Element has sufficient color contrast of 5.75"}],"all":[],"none":[],"impact":null,"html":"<a href=\"/candidate/jobadvert/B0306-25-0022?keyword=Carer&amp;location=London&amp;distance=5&amp;language=en\" data-test=\"search-result-job-title\">\n              Specialist Carer - Band 3 (Part-time)\n            </a>","target":["#job-title-6 > a[data-test=\"search-result-job-title\"]"]},{"any":[{"id":"color-contrast","data":{"fgColor":"#005eb8","bgColor":"#f0f4f5","contrastRatio":5.75,"fontSize":"14.3pt (19px)","fontWeight":"normal","expectedContrastRatio":"4.5:1"},"relatedNodes":[],"impact":"serious","message":"Element has sufficient color contrast of 5.75"}],"all":[],"none":[],"impact":null,"html":"<a href=\"/candidate/search/save-job/B0306-25-0022\" data-test=\"search-result-save-job\" aria-label=\"Save this job: Specialist Carer - Band 3 (Part-time) (Reference number: B0306-25-0022)\">\n              Save this job\n            </a>","target":[".nhsuk-list-panel.search-result.nhsuk-u-padding-3:nth-child(6) > .nhsuk-grid-row:nth-child(1) > .save-job.nhsuk-u-margin-right-3 > a[data-test=\"search-result-save-job\"]"]},{"any":[{"id":"color-contrast","data":{"fgColor":"#212b32","bgColor":"#f0f4f5","contrastRatio":13.02,"fontSize":"18.0pt (24px)","fontWeight":"normal","expectedContrastRatio":"3:1"},"relatedNodes":[],"impact":"serious","message":"Element has sufficient color contrast of 13.02"}],"all":[],"none":[],"impact":null,"html":"<h3 class=\"nhsuk-u-font-weight-bold\">\n          Noah’s Ark Children’s Hospice\n          <div class=\"location-font-size\">\n            \n              Barnet EN5 4NP\n            \n          </div>\n        </h3>","target":[".nhsuk-list-panel.search-result.nhsuk-u-padding-3:nth-child(6) > .nhsuk-u-margin-bottom-4[data-test=\"search-result-location\"] > h3"]},{"any":[{"id":"color-contrast","data":{"fgColor":"#212b32","bgColor":"#f0f4f5","contrastRatio":13.02,"fontSize":"12.0pt (16px)","fontWeight":"normal","expectedContrastRatio":"4.5:1"},"relatedNodes":[],"impact":"serious","message":"Element has sufficient color contrast of 13.02"}],"all":[],"none":[],"impact":null,"html":"<div class=\"location-font-size\">\n            \n              Barnet EN5 4NP\n            \n          </div>","target":[".nhsuk-list-panel.search-result.nhsuk-u-padding-3:nth-child(6) > .nhsuk-u-margin-bottom-4[data-test=\"search-result-location\"] > h3 > .location-font-size"]},{"any":[{"id":"color-contrast","data":{"fgColor":"#212b32","bgColor":"#f0f4f5","contrastRatio":13.02,"fontSize":"14.3pt (19px)","fontWeight":"normal","expectedContrastRatio":"4.5:1"},"relatedNodes":[],"impact":"serious","message":"Element has sufficient color contrast of 13.02"}],"all":[],"none":[],"impact":null,"html":"<li data-test=\"search-result-salary\" class=\"marginBt\">\n                Salary: \n                <strong class=\"nhsuk-u-font-weight-bold\">\n                  £29,060 to £30,689\n                  \n                    a year\n                  \n                </strong>\n              </li>","target":[".nhsuk-list-panel.search-result.nhsuk-u-padding-3:nth-child(6) > .nhsuk-grid-row:nth-child(3) > .nhsuk-grid-column-one-half:nth-child(1) > .first-ad-job-info.ad-job-info.nhsuk-list > .marginBt[data-test=\"search-result-salary\"]"]},{"any":[{"id":"color-contrast","data":{"fgColor":"#212b32","bgColor":"#f0f4f5","contrastRatio":13.02,"fontSize":"14.3pt (19px)","fontWeight":"normal","expectedContrastRatio":"4.5:1"},"relatedNodes":[],"impact":"serious","message":"Element has sufficient color contrast of 13.02"}],"all":[],"none":[],"impact":null,"html":"<strong class=\"nhsuk-u-font-weight-bold\">\n                  £29,060 to £30,689\n                  \n                    a year\n                  \n                </strong>","target":[".nhsuk-list-panel.search-result.nhsuk-u-padding-3:nth-child(6) > .nhsuk-grid-row:nth-child(3) > .nhsuk-grid-column-one-half:nth-child(1) > .first-ad-job-info.ad-job-info.nhsuk-list > .marginBt[data-test=\"search-result-salary\"] > strong"]},{"any":[{"id":"color-contrast","data":{"fgColor":"#212b32","bgColor":"#f0f4f5","contrastRatio":13.02,"fontSize":"14.3pt (19px)","fontWeight":"normal","expectedContrastRatio":"4.5:1"},"relatedNodes":[],"impact":"serious","message":"Element has sufficient color contrast of 13.02"}],"all":[],"none":[],"impact":null,"html":"<li data-test=\"search-result-publicationDate\">\n                Date posted: \n                <strong class=\"nhsuk-u-font-weight-bold\">\n                  13 June 2025\n                </strong>\n              </li>","target":[".nhsuk-list-panel.search-result.nhsuk-u-padding-3:nth-child(6) > .nhsuk-grid-row:nth-child(3) > .nhsuk-grid-column-one-half:nth-child(1) > .first-ad-job-info.ad-job-info.nhsuk-list > li[data-test=\"search-result-publicationDate\"]"]},{"any":[{"id":"color-contrast","data":{"fgColor":"#212b32","bgColor":"#f0f4f5","contrastRatio":13.02,"fontSize":"14.3pt (19px)","fontWeight":"normal","expectedContrastRatio":"4.5:1"},"relatedNodes":[],"impact":"serious","message":"Element has sufficient color contrast of 13.02"}],"all":[],"none":[],"impact":null,"html":"<strong class=\"nhsuk-u-font-weight-bold\">\n                  13 June 2025\n                </strong>","target":[".nhsuk-list-panel.search-result.nhsuk-u-padding-3:nth-child(6) > .nhsuk-grid-row:nth-child(3) > .nhsuk-grid-column-one-half:nth-child(1) > .first-ad-job-info.ad-job-info.nhsuk-list > li[data-test=\"search-result-publicationDate\"] > strong"]},{"any":[{"id":"color-contrast","data":{"fgColor":"#212b32","bgColor":"#f0f4f5","contrastRatio":13.02,"fontSize":"14.3pt (19px)","fontWeight":"normal","expectedContrastRatio":"4.5:1"},"relatedNodes":[],"impact":"serious","message":"Element has sufficient color contrast of 13.02"}],"all":[],"none":[],"impact":null,"html":"<li data-test=\"search-result-closingDate\">\n                Closing date: \n                <strong class=\"nhsuk-u-font-weight-bold\">\n                  30 June 2025\n                </strong>\n              </li>","target":[".nhsuk-list-panel.search-result.nhsuk-u-padding-3:nth-child(6) > .nhsuk-grid-row:nth-child(3) > .nhsuk-grid-column-one-half:nth-child(1) > .first-ad-job-info.ad-job-info.nhsuk-list > li[data-test=\"search-result-closingDate\"]"]},{"any":[{"id":"color-contrast","data":{"fgColor":"#212b32","bgColor":"#f0f4f5","contrastRatio":13.02,"fontSize":"14.3pt (19px)","fontWeight":"normal","expectedContrastRatio":"4.5:1"},"relatedNodes":[],"impact":"serious","message":"Element has sufficient color contrast of 13.02"}],"all":[],"none":[],"impact":null,"html":"<strong class=\"nhsuk-u-font-weight-bold\">\n                  30 June 2025\n                </strong>","target":[".nhsuk-list-panel.search-result.nhsuk-u-padding-3:nth-child(6) > .nhsuk-grid-row:nth-child(3) > .nhsuk-grid-column-one-half:nth-child(1) > .first-ad-job-info.ad-job-info.nhsuk-list > li[data-test=\"search-result-closingDate\"] > strong"]},{"any":[{"id":"color-contrast","data":{"fgColor":"#212b32","bgColor":"#f0f4f5","contrastRatio":13.02,"fontSize":"14.3pt (19px)","fontWeight":"normal","expectedContrastRatio":"4.5:1"},"relatedNodes":[],"impact":"serious","message":"Element has sufficient color contrast of 13.02"}],"all":[],"none":[],"impact":null,"html":"<li data-test=\"search-result-jobType\" class=\"marginBt\">\n              Contract type: \n              <strong class=\"nhsuk-u-font-weight-bold\">\n                Permanent\n              </strong>\n            </li>","target":[".nhsuk-list-panel.search-result.nhsuk-u-padding-3:nth-child(6) > .nhsuk-grid-row:nth-child(3) > .nhsuk-grid-column-one-half:nth-child(2) > .ad-job-info.nhsuk-list > .marginBt[data-test=\"search-result-jobType\"]"]},{"any":[{"id":"color-contrast","data":{"fgColor":"#212b32","bgColor":"#f0f4f5","contrastRatio":13.02,"fontSize":"14.3pt (19px)","fontWeight":"normal","expectedContrastRatio":"4.5:1"},"relatedNodes":[],"impact":"serious","message":"Element has sufficient color contrast of 13.02"}],"all":[],"none":[],"impact":null,"html":"<strong class=\"nhsuk-u-font-weight-bold\">\n                Permanent\n              </strong>","target":[".nhsuk-list-panel.search-result.nhsuk-u-padding-3:nth-child(6) > .nhsuk-grid-row:nth-child(3) > .nhsuk-grid-column-one-half:nth-child(2) > .ad-job-info.nhsuk-list > .marginBt[data-test=\"search-result-jobType\"] > strong"]},{"any":[{"id":"color-contrast","data":{"fgColor":"#212b32","bgColor":"#f0f4f5","contrastRatio":13.02,"fontSize":"14.3pt (19px)","fontWeight":"normal","expectedContrastRatio":"4.5:1"},"relatedNodes":[],"impact":"serious","message":"Element has sufficient color contrast of 13.02"}],"all":[],"none":[],"impact":null,"html":"<li data-test=\"search-result-workingPattern\" class=\"marginBt\">\n              Working pattern: \n              <strong class=\"nhsuk-u-font-weight-bold\">\n                Part time\n              </strong>\n            </li>","target":[".nhsuk-list-panel.search-result.nhsuk-u-padding-3:nth-child(6) > .nhsuk-grid-row:nth-child(3) > .nhsuk-grid-column-one-half:nth-child(2) > .ad-job-info.nhsuk-list > .marginBt[data-test=\"search-result-workingPattern\"]"]},{"any":[{"id":"color-contrast","data":{"fgColor":"#212b32","bgColor":"#f0f4f5","contrastRatio":13.02,"fontSize":"14.3pt (19px)","fontWeight":"normal","expectedContrastRatio":"4.5:1"},"relatedNodes":[],"impact":"serious","message":"Element has sufficient color contrast of 13.02"}],"all":[],"none":[],"impact":null,"html":"<strong class=\"nhsuk-u-font-weight-bold\">\n                Part time\n              </strong>","target":[".nhsuk-list-panel.search-result.nhsuk-u-padding-3:nth-child(6) > .nhsuk-grid-row:nth-child(3) > .nhsuk-grid-column-one-half:nth-child(2) > .ad-job-info.nhsuk-list > .marginBt[data-test=\"search-result-workingPattern\"] > strong"]},{"any":[{"id":"color-contrast","data":{"fgColor":"#005eb8","bgColor":"#f0f4f5","contrastRatio":5.75,"fontSize":"18.0pt (24px)","fontWeight":"normal","expectedContrastRatio":"3:1"},"relatedNodes":[],"impact":"serious","message":"Element has sufficient color contrast of 5.75"}],"all":[],"none":[],"impact":null,"html":"<a href=\"/candidate/jobadvert/E0279-25-1036?keyword=Carer&amp;location=London&amp;distance=5&amp;language=en\" data-test=\"search-result-job-title\">\n              Senior Children's Community Carer - NE Surrey\n            </a>","target":["#job-title-7 > a[data-test=\"search-result-job-title\"]"]},{"any":[{"id":"color-contrast","data":{"fgColor":"#005eb8","bgColor":"#f0f4f5","contrastRatio":5.75,"fontSize":"14.3pt (19px)","fontWeight":"normal","expectedContrastRatio":"4.5:1"},"relatedNodes":[],"impact":"serious","message":"Element has sufficient color contrast of 5.75"}],"all":[],"none":[],"impact":null,"html":"<a href=\"/candidate/search/save-job/E0279-25-1036\" data-test=\"search-result-save-job\" aria-label=\"Save this job: Senior Children's Community Carer - NE Surrey (Reference number: E0279-25-1036)\">\n              Save this job\n            </a>","target":[".nhsuk-list-panel.search-result.nhsuk-u-padding-3:nth-child(7) > .nhsuk-grid-row:nth-child(1) > .save-job.nhsuk-u-margin-right-3 > a[data-test=\"search-result-save-job\"]"]},{"any":[{"id":"color-contrast","data":{"fgColor":"#212b32","bgColor":"#f0f4f5","contrastRatio":13.02,"fontSize":"18.0pt (24px)","fontWeight":"normal","expectedContrastRatio":"3:1"},"relatedNodes":[],"impact":"serious","message":"Element has sufficient color contrast of 13.02"}],"all":[],"none":[],"impact":null,"html":"<h3 class=\"nhsuk-u-font-weight-bold\">\n          HCRG Care Group\n          <div class=\"location-font-size\">\n            \n              Chertsey KT16 8LA\n            \n          </div>\n        </h3>","target":[".nhsuk-list-panel.search-result.nhsuk-u-padding-3:nth-child(7) > .nhsuk-u-margin-bottom-4[data-test=\"search-result-location\"] > h3"]},{"any":[{"id":"color-contrast","data":{"fgColor":"#212b32","bgColor":"#f0f4f5","contrastRatio":13.02,"fontSize":"12.0pt (16px)","fontWeight":"normal","expectedContrastRatio":"4.5:1"},"relatedNodes":[],"impact":"serious","message":"Element has sufficient color contrast of 13.02"}],"all":[],"none":[],"impact":null,"html":"<div class=\"location-font-size\">\n            \n              Chertsey KT16 8LA\n            \n          </div>","target":[".nhsuk-list-panel.search-result.nhsuk-u-padding-3:nth-child(7) > .nhsuk-u-margin-bottom-4[data-test=\"search-result-location\"] > h3 > .location-font-size"]},{"any":[{"id":"color-contrast","data":{"fgColor":"#212b32","bgColor":"#f0f4f5","contrastRatio":13.02,"fontSize":"14.3pt (19px)","fontWeight":"normal","expectedContrastRatio":"4.5:1"},"relatedNodes":[],"impact":"serious","message":"Element has sufficient color contrast of 13.02"}],"all":[],"none":[],"impact":null,"html":"<li data-test=\"search-result-salary\" class=\"marginBt\">\n                Salary: \n                <strong class=\"nhsuk-u-font-weight-bold\">\n                  £26,712 to £29,494.50\n                  \n                    a year\n                  \n                </strong>\n              </li>","target":[".nhsuk-list-panel.search-result.nhsuk-u-padding-3:nth-child(7) > .nhsuk-grid-row:nth-child(3) > .nhsuk-grid-column-one-half:nth-child(1) > .first-ad-job-info.ad-job-info.nhsuk-list > .marginBt[data-test=\"search-result-salary\"]"]},{"any":[{"id":"color-contrast","data":{"fgColor":"#212b32","bgColor":"#f0f4f5","contrastRatio":13.02,"fontSize":"14.3pt (19px)","fontWeight":"normal","expectedContrastRatio":"4.5:1"},"relatedNodes":[],"impact":"serious","message":"Element has sufficient color contrast of 13.02"}],"all":[],"none":[],"impact":null,"html":"<strong class=\"nhsuk-u-font-weight-bold\">\n                  £26,712 to £29,494.50\n                  \n                    a year\n                  \n                </strong>","target":[".nhsuk-list-panel.search-result.nhsuk-u-padding-3:nth-child(7) > .nhsuk-grid-row:nth-child(3) > .nhsuk-grid-column-one-half:nth-child(1) > .first-ad-job-info.ad-job-info.nhsuk-list > .marginBt[data-test=\"search-result-salary\"] > strong"]},{"any":[{"id":"color-contrast","data":{"fgColor":"#212b32","bgColor":"#f0f4f5","contrastRatio":13.02,"fontSize":"14.3pt (19px)","fontWeight":"normal","expectedContrastRatio":"4.5:1"},"relatedNodes":[],"impact":"serious","message":"Element has sufficient color contrast of 13.02"}],"all":[],"none":[],"impact":null,"html":"<li data-test=\"search-result-publicationDate\">\n                Date posted: \n                <strong class=\"nhsuk-u-font-weight-bold\">\n                  9 June 2025\n                </strong>\n              </li>","target":[".nhsuk-list-panel.search-result.nhsuk-u-padding-3:nth-child(7) > .nhsuk-grid-row:nth-child(3) > .nhsuk-grid-column-one-half:nth-child(1) > .first-ad-job-info.ad-job-info.nhsuk-list > li[data-test=\"search-result-publicationDate\"]"]},{"any":[{"id":"color-contrast","data":{"fgColor":"#212b32","bgColor":"#f0f4f5","contrastRatio":13.02,"fontSize":"14.3pt (19px)","fontWeight":"normal","expectedContrastRatio":"4.5:1"},"relatedNodes":[],"impact":"serious","message":"Element has sufficient color contrast of 13.02"}],"all":[],"none":[],"impact":null,"html":"<strong class=\"nhsuk-u-font-weight-bold\">\n                  9 June 2025\n                </strong>","target":[".nhsuk-list-panel.search-result.nhsuk-u-padding-3:nth-child(7) > .nhsuk-grid-row:nth-child(3) > .nhsuk-grid-column-one-half:nth-child(1) > .first-ad-job-info.ad-job-info.nhsuk-list > li[data-test=\"search-result-publicationDate\"] > strong"]},{"any":[{"id":"color-contrast","data":{"fgColor":"#212b32","bgColor":"#f0f4f5","contrastRatio":13.02,"fontSize":"14.3pt (19px)","fontWeight":"normal","expectedContrastRatio":"4.5:1"},"relatedNodes":[],"impact":"serious","message":"Element has sufficient color contrast of 13.02"}],"all":[],"none":[],"impact":null,"html":"<li data-test=\"search-result-closingDate\">\n                Closing date: \n                <strong class=\"nhsuk-u-font-weight-bold\">\n                  29 June 2025\n                </strong>\n              </li>","target":[".nhsuk-list-panel.search-result.nhsuk-u-padding-3:nth-child(7) > .nhsuk-grid-row:nth-child(3) > .nhsuk-grid-column-one-half:nth-child(1) > .first-ad-job-info.ad-job-info.nhsuk-list > li[data-test=\"search-result-closingDate\"]"]},{"any":[{"id":"color-contrast","data":{"fgColor":"#212b32","bgColor":"#f0f4f5","contrastRatio":13.02,"fontSize":"14.3pt (19px)","fontWeight":"normal","expectedContrastRatio":"4.5:1"},"relatedNodes":[],"impact":"serious","message":"Element has sufficient color contrast of 13.02"}],"all":[],"none":[],"impact":null,"html":"<strong class=\"nhsuk-u-font-weight-bold\">\n                  29 June 2025\n                </strong>","target":[".nhsuk-list-panel.search-result.nhsuk-u-padding-3:nth-child(7) > .nhsuk-grid-row:nth-child(3) > .nhsuk-grid-column-one-half:nth-child(1) > .first-ad-job-info.ad-job-info.nhsuk-list > li[data-test=\"search-result-closingDate\"] > strong"]},{"any":[{"id":"color-contrast","data":{"fgColor":"#212b32","bgColor":"#f0f4f5","contrastRatio":13.02,"fontSize":"14.3pt (19px)","fontWeight":"normal","expectedContrastRatio":"4.5:1"},"relatedNodes":[],"impact":"serious","message":"Element has sufficient color contrast of 13.02"}],"all":[],"none":[],"impact":null,"html":"<li data-test=\"search-result-jobType\" class=\"marginBt\">\n              Contract type: \n              <strong class=\"nhsuk-u-font-weight-bold\">\n                Permanent\n              </strong>\n            </li>","target":[".nhsuk-list-panel.search-result.nhsuk-u-padding-3:nth-child(7) > .nhsuk-grid-row:nth-child(3) > .nhsuk-grid-column-one-half:nth-child(2) > .ad-job-info.nhsuk-list > .marginBt[data-test=\"search-result-jobType\"]"]},{"any":[{"id":"color-contrast","data":{"fgColor":"#212b32","bgColor":"#f0f4f5","contrastRatio":13.02,"fontSize":"14.3pt (19px)","fontWeight":"normal","expectedContrastRatio":"4.5:1"},"relatedNodes":[],"impact":"serious","message":"Element has sufficient color contrast of 13.02"}],"all":[],"none":[],"impact":null,"html":"<strong class=\"nhsuk-u-font-weight-bold\">\n                Permanent\n              </strong>","target":[".nhsuk-list-panel.search-result.nhsuk-u-padding-3:nth-child(7) > .nhsuk-grid-row:nth-child(3) > .nhsuk-grid-column-one-half:nth-child(2) > .ad-job-info.nhsuk-list > .marginBt[data-test=\"search-result-jobType\"] > strong"]},{"any":[{"id":"color-contrast","data":{"fgColor":"#212b32","bgColor":"#f0f4f5","contrastRatio":13.02,"fontSize":"14.3pt (19px)","fontWeight":"normal","expectedContrastRatio":"4.5:1"},"relatedNodes":[],"impact":"serious","message":"Element has sufficient color contrast of 13.02"}],"all":[],"none":[],"impact":null,"html":"<li data-test=\"search-result-workingPattern\" class=\"marginBt\">\n              Working pattern: \n              <strong class=\"nhsuk-u-font-weight-bold\">\n                Full time\n              </strong>\n            </li>","target":[".nhsuk-list-panel.search-result.nhsuk-u-padding-3:nth-child(7) > .nhsuk-grid-row:nth-child(3) > .nhsuk-grid-column-one-half:nth-child(2) > .ad-job-info.nhsuk-list > .marginBt[data-test=\"search-result-workingPattern\"]"]},{"any":[{"id":"color-contrast","data":{"fgColor":"#212b32","bgColor":"#f0f4f5","contrastRatio":13.02,"fontSize":"14.3pt (19px)","fontWeight":"normal","expectedContrastRatio":"4.5:1"},"relatedNodes":[],"impact":"serious","message":"Element has sufficient color contrast of 13.02"}],"all":[],"none":[],"impact":null,"html":"<strong class=\"nhsuk-u-font-weight-bold\">\n                Full time\n              </strong>","target":[".nhsuk-list-panel.search-result.nhsuk-u-padding-3:nth-child(7) > .nhsuk-grid-row:nth-child(3) > .nhsuk-grid-column-one-half:nth-child(2) > .ad-job-info.nhsuk-list > .marginBt[data-test=\"search-result-workingPattern\"] > strong"]},{"any":[{"id":"color-contrast","data":{"fgColor":"#005eb8","bgColor":"#f0f4f5","contrastRatio":5.75,"fontSize":"18.0pt (24px)","fontWeight":"normal","expectedContrastRatio":"3:1"},"relatedNodes":[],"impact":"serious","message":"Element has sufficient color contrast of 5.75"}],"all":[],"none":[],"impact":null,"html":"<a href=\"/candidate/jobadvert/E0279-25-1030?keyword=Carer&amp;location=London&amp;distance=5&amp;language=en\" data-test=\"search-result-job-title\">\n              Children\\'s Community Carer - NE Surrey\n            </a>","target":["#job-title-8 > a[data-test=\"search-result-job-title\"]"]},{"any":[{"id":"color-contrast","data":{"fgColor":"#005eb8","bgColor":"#f0f4f5","contrastRatio":5.75,"fontSize":"14.3pt (19px)","fontWeight":"normal","expectedContrastRatio":"4.5:1"},"relatedNodes":[],"impact":"serious","message":"Element has sufficient color contrast of 5.75"}],"all":[],"none":[],"impact":null,"html":"<a href=\"/candidate/search/save-job/E0279-25-1030\" data-test=\"search-result-save-job\" aria-label=\"Save this job: Children\\'s Community Carer - NE Surrey (Reference number: E0279-25-1030)\">\n              Save this job\n            </a>","target":[".nhsuk-list-panel.search-result.nhsuk-u-padding-3:nth-child(8) > .nhsuk-grid-row:nth-child(1) > .save-job.nhsuk-u-margin-right-3 > a[data-test=\"search-result-save-job\"]"]},{"any":[{"id":"color-contrast","data":{"fgColor":"#212b32","bgColor":"#f0f4f5","contrastRatio":13.02,"fontSize":"18.0pt (24px)","fontWeight":"normal","expectedContrastRatio":"3:1"},"relatedNodes":[],"impact":"serious","message":"Element has sufficient color contrast of 13.02"}],"all":[],"none":[],"impact":null,"html":"<h3 class=\"nhsuk-u-font-weight-bold\">\n          HCRG Care Group\n          <div class=\"location-font-size\">\n            \n              Chertsey KT16 8LA\n            \n          </div>\n        </h3>","target":[".nhsuk-list-panel.search-result.nhsuk-u-padding-3:nth-child(8) > .nhsuk-u-margin-bottom-4[data-test=\"search-result-location\"] > h3"]},{"any":[{"id":"color-contrast","data":{"fgColor":"#212b32","bgColor":"#f0f4f5","contrastRatio":13.02,"fontSize":"12.0pt (16px)","fontWeight":"normal","expectedContrastRatio":"4.5:1"},"relatedNodes":[],"impact":"serious","message":"Element has sufficient color contrast of 13.02"}],"all":[],"none":[],"impact":null,"html":"<div class=\"location-font-size\">\n            \n              Chertsey KT16 8LA\n            \n          </div>","target":[".nhsuk-list-panel.search-result.nhsuk-u-padding-3:nth-child(8) > .nhsuk-u-margin-bottom-4[data-test=\"search-result-location\"] > h3 > .location-font-size"]},{"any":[{"id":"color-contrast","data":{"fgColor":"#212b32","bgColor":"#f0f4f5","contrastRatio":13.02,"fontSize":"14.3pt (19px)","fontWeight":"normal","expectedContrastRatio":"4.5:1"},"relatedNodes":[],"impact":"serious","message":"Element has sufficient color contrast of 13.02"}],"all":[],"none":[],"impact":null,"html":"<li data-test=\"search-result-salary\" class=\"marginBt\">\n                Salary: \n                <strong class=\"nhsuk-u-font-weight-bold\">\n                  £24,486 to £26,155.50\n                  \n                    a year\n                  \n                </strong>\n              </li>","target":[".nhsuk-list-panel.search-result.nhsuk-u-padding-3:nth-child(8) > .nhsuk-grid-row:nth-child(3) > .nhsuk-grid-column-one-half:nth-child(1) > .first-ad-job-info.ad-job-info.nhsuk-list > .marginBt[data-test=\"search-result-salary\"]"]},{"any":[{"id":"color-contrast","data":{"fgColor":"#212b32","bgColor":"#f0f4f5","contrastRatio":13.02,"fontSize":"14.3pt (19px)","fontWeight":"normal","expectedContrastRatio":"4.5:1"},"relatedNodes":[],"impact":"serious","message":"Element has sufficient color contrast of 13.02"}],"all":[],"none":[],"impact":null,"html":"<strong class=\"nhsuk-u-font-weight-bold\">\n                  £24,486 to £26,155.50\n                  \n                    a year\n                  \n                </strong>","target":[".nhsuk-list-panel.search-result.nhsuk-u-padding-3:nth-child(8) > .nhsuk-grid-row:nth-child(3) > .nhsuk-grid-column-one-half:nth-child(1) > .first-ad-job-info.ad-job-info.nhsuk-list > .marginBt[data-test=\"search-result-salary\"] > strong"]},{"any":[{"id":"color-contrast","data":{"fgColor":"#212b32","bgColor":"#f0f4f5","contrastRatio":13.02,"fontSize":"14.3pt (19px)","fontWeight":"normal","expectedContrastRatio":"4.5:1"},"relatedNodes":[],"impact":"serious","message":"Element has sufficient color contrast of 13.02"}],"all":[],"none":[],"impact":null,"html":"<li data-test=\"search-result-publicationDate\">\n                Date posted: \n                <strong class=\"nhsuk-u-font-weight-bold\">\n                  9 June 2025\n                </strong>\n              </li>","target":[".nhsuk-list-panel.search-result.nhsuk-u-padding-3:nth-child(8) > .nhsuk-grid-row:nth-child(3) > .nhsuk-grid-column-one-half:nth-child(1) > .first-ad-job-info.ad-job-info.nhsuk-list > li[data-test=\"search-result-publicationDate\"]"]},{"any":[{"id":"color-contrast","data":{"fgColor":"#212b32","bgColor":"#f0f4f5","contrastRatio":13.02,"fontSize":"14.3pt (19px)","fontWeight":"normal","expectedContrastRatio":"4.5:1"},"relatedNodes":[],"impact":"serious","message":"Element has sufficient color contrast of 13.02"}],"all":[],"none":[],"impact":null,"html":"<strong class=\"nhsuk-u-font-weight-bold\">\n                  9 June 2025\n                </strong>","target":[".nhsuk-list-panel.search-result.nhsuk-u-padding-3:nth-child(8) > .nhsuk-grid-row:nth-child(3) > .nhsuk-grid-column-one-half:nth-child(1) > .first-ad-job-info.ad-job-info.nhsuk-list > li[data-test=\"search-result-publicationDate\"] > strong"]},{"any":[{"id":"color-contrast","data":{"fgColor":"#212b32","bgColor":"#f0f4f5","contrastRatio":13.02,"fontSize":"14.3pt (19px)","fontWeight":"normal","expectedContrastRatio":"4.5:1"},"relatedNodes":[],"impact":"serious","message":"Element has sufficient color contrast of 13.02"}],"all":[],"none":[],"impact":null,"html":"<li data-test=\"search-result-closingDate\">\n                Closing date: \n                <strong class=\"nhsuk-u-font-weight-bold\">\n                  29 June 2025\n                </strong>\n              </li>","target":[".nhsuk-list-panel.search-result.nhsuk-u-padding-3:nth-child(8) > .nhsuk-grid-row:nth-child(3) > .nhsuk-grid-column-one-half:nth-child(1) > .first-ad-job-info.ad-job-info.nhsuk-list > li[data-test=\"search-result-closingDate\"]"]},{"any":[{"id":"color-contrast","data":{"fgColor":"#212b32","bgColor":"#f0f4f5","contrastRatio":13.02,"fontSize":"14.3pt (19px)","fontWeight":"normal","expectedContrastRatio":"4.5:1"},"relatedNodes":[],"impact":"serious","message":"Element has sufficient color contrast of 13.02"}],"all":[],"none":[],"impact":null,"html":"<strong class=\"nhsuk-u-font-weight-bold\">\n                  29 June 2025\n                </strong>","target":[".nhsuk-list-panel.search-result.nhsuk-u-padding-3:nth-child(8) > .nhsuk-grid-row:nth-child(3) > .nhsuk-grid-column-one-half:nth-child(1) > .first-ad-job-info.ad-job-info.nhsuk-list > li[data-test=\"search-result-closingDate\"] > strong"]},{"any":[{"id":"color-contrast","data":{"fgColor":"#212b32","bgColor":"#f0f4f5","contrastRatio":13.02,"fontSize":"14.3pt (19px)","fontWeight":"normal","expectedContrastRatio":"4.5:1"},"relatedNodes":[],"impact":"serious","message":"Element has sufficient color contrast of 13.02"}],"all":[],"none":[],"impact":null,"html":"<li data-test=\"search-result-jobType\" class=\"marginBt\">\n              Contract type: \n              <strong class=\"nhsuk-u-font-weight-bold\">\n                Permanent\n              </strong>\n            </li>","target":[".nhsuk-list-panel.search-result.nhsuk-u-padding-3:nth-child(8) > .nhsuk-grid-row:nth-child(3) > .nhsuk-grid-column-one-half:nth-child(2) > .ad-job-info.nhsuk-list > .marginBt[data-test=\"search-result-jobType\"]"]},{"any":[{"id":"color-contrast","data":{"fgColor":"#212b32","bgColor":"#f0f4f5","contrastRatio":13.02,"fontSize":"14.3pt (19px)","fontWeight":"normal","expectedContrastRatio":"4.5:1"},"relatedNodes":[],"impact":"serious","message":"Element has sufficient color contrast of 13.02"}],"all":[],"none":[],"impact":null,"html":"<strong class=\"nhsuk-u-font-weight-bold\">\n                Permanent\n              </strong>","target":[".nhsuk-list-panel.search-result.nhsuk-u-padding-3:nth-child(8) > .nhsuk-grid-row:nth-child(3) > .nhsuk-grid-column-one-half:nth-child(2) > .ad-job-info.nhsuk-list > .marginBt[data-test=\"search-result-jobType\"] > strong"]},{"any":[{"id":"color-contrast","data":{"fgColor":"#212b32","bgColor":"#f0f4f5","contrastRatio":13.02,"fontSize":"14.3pt (19px)","fontWeight":"normal","expectedContrastRatio":"4.5:1"},"relatedNodes":[],"impact":"serious","message":"Element has sufficient color contrast of 13.02"}],"all":[],"none":[],"impact":null,"html":"<li data-test=\"search-result-workingPattern\" class=\"marginBt\">\n              Working pattern: \n              <strong class=\"nhsuk-u-font-weight-bold\">\n                Full time\n              </strong>\n            </li>","target":[".nhsuk-list-panel.search-result.nhsuk-u-padding-3:nth-child(8) > .nhsuk-grid-row:nth-child(3) > .nhsuk-grid-column-one-half:nth-child(2) > .ad-job-info.nhsuk-list > .marginBt[data-test=\"search-result-workingPattern\"]"]},{"any":[{"id":"color-contrast","data":{"fgColor":"#212b32","bgColor":"#f0f4f5","contrastRatio":13.02,"fontSize":"14.3pt (19px)","fontWeight":"normal","expectedContrastRatio":"4.5:1"},"relatedNodes":[],"impact":"serious","message":"Element has sufficient color contrast of 13.02"}],"all":[],"none":[],"impact":null,"html":"<strong class=\"nhsuk-u-font-weight-bold\">\n                Full time\n              </strong>","target":[".nhsuk-list-panel.search-result.nhsuk-u-padding-3:nth-child(8) > .nhsuk-grid-row:nth-child(3) > .nhsuk-grid-column-one-half:nth-child(2) > .ad-job-info.nhsuk-list > .marginBt[data-test=\"search-result-workingPattern\"] > strong"]},{"any":[{"id":"color-contrast","data":{"fgColor":"#005eb8","bgColor":"#f0f4f5","contrastRatio":5.75,"fontSize":"18.0pt (24px)","fontWeight":"normal","expectedContrastRatio":"3:1"},"relatedNodes":[],"impact":"serious","message":"Element has sufficient color contrast of 5.75"}],"all":[],"none":[],"impact":null,"html":"<a href=\"/candidate/jobadvert/E0279-25-1031?keyword=Carer&amp;location=London&amp;distance=5&amp;language=en\" data-test=\"search-result-job-title\">\n              Bank Children's Community Carer - NE Surrey\n            </a>","target":["#job-title-9 > a[data-test=\"search-result-job-title\"]"]},{"any":[{"id":"color-contrast","data":{"fgColor":"#005eb8","bgColor":"#f0f4f5","contrastRatio":5.75,"fontSize":"14.3pt (19px)","fontWeight":"normal","expectedContrastRatio":"4.5:1"},"relatedNodes":[],"impact":"serious","message":"Element has sufficient color contrast of 5.75"}],"all":[],"none":[],"impact":null,"html":"<a href=\"/candidate/search/save-job/E0279-25-1031\" data-test=\"search-result-save-job\" aria-label=\"Save this job: Bank Children's Community Carer - NE Surrey (Reference number: E0279-25-1031)\">\n              Save this job\n            </a>","target":[".nhsuk-list-panel.search-result.nhsuk-u-padding-3:nth-child(9) > .nhsuk-grid-row:nth-child(1) > .save-job.nhsuk-u-margin-right-3 > a[data-test=\"search-result-save-job\"]"]},{"any":[{"id":"color-contrast","data":{"fgColor":"#212b32","bgColor":"#f0f4f5","contrastRatio":13.02,"fontSize":"18.0pt (24px)","fontWeight":"normal","expectedContrastRatio":"3:1"},"relatedNodes":[],"impact":"serious","message":"Element has sufficient color contrast of 13.02"}],"all":[],"none":[],"impact":null,"html":"<h3 class=\"nhsuk-u-font-weight-bold\">\n          HCRG Care Group\n          <div class=\"location-font-size\">\n            \n              Chertsey KT16 8LA\n            \n          </div>\n        </h3>","target":[".nhsuk-list-panel.search-result.nhsuk-u-padding-3:nth-child(9) > .nhsuk-u-margin-bottom-4[data-test=\"search-result-location\"] > h3"]},{"any":[{"id":"color-contrast","data":{"fgColor":"#212b32","bgColor":"#f0f4f5","contrastRatio":13.02,"fontSize":"12.0pt (16px)","fontWeight":"normal","expectedContrastRatio":"4.5:1"},"relatedNodes":[],"impact":"serious","message":"Element has sufficient color contrast of 13.02"}],"all":[],"none":[],"impact":null,"html":"<div class=\"location-font-size\">\n            \n              Chertsey KT16 8LA\n            \n          </div>","target":[".nhsuk-list-panel.search-result.nhsuk-u-padding-3:nth-child(9) > .nhsuk-u-margin-bottom-4[data-test=\"search-result-location\"] > h3 > .location-font-size"]},{"any":[{"id":"color-contrast","data":{"fgColor":"#212b32","bgColor":"#f0f4f5","contrastRatio":13.02,"fontSize":"14.3pt (19px)","fontWeight":"normal","expectedContrastRatio":"4.5:1"},"relatedNodes":[],"impact":"serious","message":"Element has sufficient color contrast of 13.02"}],"all":[],"none":[],"impact":null,"html":"<li data-test=\"search-result-salary\" class=\"marginBt\">\n                Salary: \n                <strong class=\"nhsuk-u-font-weight-bold\">\n                  £13.17 to £13.17\n                  \n                    an hour\n                  \n                </strong>\n              </li>","target":[".nhsuk-list-panel.search-result.nhsuk-u-padding-3:nth-child(9) > .nhsuk-grid-row:nth-child(3) > .nhsuk-grid-column-one-half:nth-child(1) > .first-ad-job-info.ad-job-info.nhsuk-list > .marginBt[data-test=\"search-result-salary\"]"]},{"any":[{"id":"color-contrast","data":{"fgColor":"#212b32","bgColor":"#f0f4f5","contrastRatio":13.02,"fontSize":"14.3pt (19px)","fontWeight":"normal","expectedContrastRatio":"4.5:1"},"relatedNodes":[],"impact":"serious","message":"Element has sufficient color contrast of 13.02"}],"all":[],"none":[],"impact":null,"html":"<strong class=\"nhsuk-u-font-weight-bold\">\n                  £13.17 to £13.17\n                  \n                    an hour\n                  \n                </strong>","target":[".nhsuk-list-panel.search-result.nhsuk-u-padding-3:nth-child(9) > .nhsuk-grid-row:nth-child(3) > .nhsuk-grid-column-one-half:nth-child(1) > .first-ad-job-info.ad-job-info.nhsuk-list > .marginBt[data-test=\"search-result-salary\"] > strong"]},{"any":[{"id":"color-contrast","data":{"fgColor":"#212b32","bgColor":"#f0f4f5","contrastRatio":13.02,"fontSize":"14.3pt (19px)","fontWeight":"normal","expectedContrastRatio":"4.5:1"},"relatedNodes":[],"impact":"serious","message":"Element has sufficient color contrast of 13.02"}],"all":[],"none":[],"impact":null,"html":"<li data-test=\"search-result-publicationDate\">\n                Date posted: \n                <strong class=\"nhsuk-u-font-weight-bold\">\n                  9 June 2025\n                </strong>\n              </li>","target":[".nhsuk-list-panel.search-result.nhsuk-u-padding-3:nth-child(9) > .nhsuk-grid-row:nth-child(3) > .nhsuk-grid-column-one-half:nth-child(1) > .first-ad-job-info.ad-job-info.nhsuk-list > li[data-test=\"search-result-publicationDate\"]"]},{"any":[{"id":"color-contrast","data":{"fgColor":"#212b32","bgColor":"#f0f4f5","contrastRatio":13.02,"fontSize":"14.3pt (19px)","fontWeight":"normal","expectedContrastRatio":"4.5:1"},"relatedNodes":[],"impact":"serious","message":"Element has sufficient color contrast of 13.02"}],"all":[],"none":[],"impact":null,"html":"<strong class=\"nhsuk-u-font-weight-bold\">\n                  9 June 2025\n                </strong>","target":[".nhsuk-list-panel.search-result.nhsuk-u-padding-3:nth-child(9) > .nhsuk-grid-row:nth-child(3) > .nhsuk-grid-column-one-half:nth-child(1) > .first-ad-job-info.ad-job-info.nhsuk-list > li[data-test=\"search-result-publicationDate\"] > strong"]},{"any":[{"id":"color-contrast","data":{"fgColor":"#212b32","bgColor":"#f0f4f5","contrastRatio":13.02,"fontSize":"14.3pt (19px)","fontWeight":"normal","expectedContrastRatio":"4.5:1"},"relatedNodes":[],"impact":"serious","message":"Element has sufficient color contrast of 13.02"}],"all":[],"none":[],"impact":null,"html":"<li data-test=\"search-result-closingDate\">\n                Closing date: \n                <strong class=\"nhsuk-u-font-weight-bold\">\n                  29 June 2025\n                </strong>\n              </li>","target":[".nhsuk-list-panel.search-result.nhsuk-u-padding-3:nth-child(9) > .nhsuk-grid-row:nth-child(3) > .nhsuk-grid-column-one-half:nth-child(1) > .first-ad-job-info.ad-job-info.nhsuk-list > li[data-test=\"search-result-closingDate\"]"]},{"any":[{"id":"color-contrast","data":{"fgColor":"#212b32","bgColor":"#f0f4f5","contrastRatio":13.02,"fontSize":"14.3pt (19px)","fontWeight":"normal","expectedContrastRatio":"4.5:1"},"relatedNodes":[],"impact":"serious","message":"Element has sufficient color contrast of 13.02"}],"all":[],"none":[],"impact":null,"html":"<strong class=\"nhsuk-u-font-weight-bold\">\n                  29 June 2025\n                </strong>","target":[".nhsuk-list-panel.search-result.nhsuk-u-padding-3:nth-child(9) > .nhsuk-grid-row:nth-child(3) > .nhsuk-grid-column-one-half:nth-child(1) > .first-ad-job-info.ad-job-info.nhsuk-list > li[data-test=\"search-result-closingDate\"] > strong"]},{"any":[{"id":"color-contrast","data":{"fgColor":"#212b32","bgColor":"#f0f4f5","contrastRatio":13.02,"fontSize":"14.3pt (19px)","fontWeight":"normal","expectedContrastRatio":"4.5:1"},"relatedNodes":[],"impact":"serious","message":"Element has sufficient color contrast of 13.02"}],"all":[],"none":[],"impact":null,"html":"<li data-test=\"search-result-jobType\" class=\"marginBt\">\n              Contract type: \n              <strong class=\"nhsuk-u-font-weight-bold\">\n                Bank\n              </strong>\n            </li>","target":[".nhsuk-list-panel.search-result.nhsuk-u-padding-3:nth-child(9) > .nhsuk-grid-row:nth-child(3) > .nhsuk-grid-column-one-half:nth-child(2) > .ad-job-info.nhsuk-list > .marginBt[data-test=\"search-result-jobType\"]"]},{"any":[{"id":"color-contrast","data":{"fgColor":"#212b32","bgColor":"#f0f4f5","contrastRatio":13.02,"fontSize":"14.3pt (19px)","fontWeight":"normal","expectedContrastRatio":"4.5:1"},"relatedNodes":[],"impact":"serious","message":"Element has sufficient color contrast of 13.02"}],"all":[],"none":[],"impact":null,"html":"<strong class=\"nhsuk-u-font-weight-bold\">\n                Bank\n              </strong>","target":[".nhsuk-list-panel.search-result.nhsuk-u-padding-3:nth-child(9) > .nhsuk-grid-row:nth-child(3) > .nhsuk-grid-column-one-half:nth-child(2) > .ad-job-info.nhsuk-list > .marginBt[data-test=\"search-result-jobType\"] > strong"]},{"any":[{"id":"color-contrast","data":{"fgColor":"#212b32","bgColor":"#f0f4f5","contrastRatio":13.02,"fontSize":"14.3pt (19px)","fontWeight":"normal","expectedContrastRatio":"4.5:1"},"relatedNodes":[],"impact":"serious","message":"Element has sufficient color contrast of 13.02"}],"all":[],"none":[],"impact":null,"html":"<li data-test=\"search-result-workingPattern\" class=\"marginBt\">\n              Working pattern: \n              <strong class=\"nhsuk-u-font-weight-bold\">\n                Part time\n              </strong>\n            </li>","target":[".nhsuk-list-panel.search-result.nhsuk-u-padding-3:nth-child(9) > .nhsuk-grid-row:nth-child(3) > .nhsuk-grid-column-one-half:nth-child(2) > .ad-job-info.nhsuk-list > .marginBt[data-test=\"search-result-workingPattern\"]"]},{"any":[{"id":"color-contrast","data":{"fgColor":"#212b32","bgColor":"#f0f4f5","contrastRatio":13.02,"fontSize":"14.3pt (19px)","fontWeight":"normal","expectedContrastRatio":"4.5:1"},"relatedNodes":[],"impact":"serious","message":"Element has sufficient color contrast of 13.02"}],"all":[],"none":[],"impact":null,"html":"<strong class=\"nhsuk-u-font-weight-bold\">\n                Part time\n              </strong>","target":[".nhsuk-list-panel.search-result.nhsuk-u-padding-3:nth-child(9) > .nhsuk-grid-row:nth-child(3) > .nhsuk-grid-column-one-half:nth-child(2) > .ad-job-info.nhsuk-list > .marginBt[data-test=\"search-result-workingPattern\"] > strong"]},{"any":[{"id":"color-contrast","data":{"fgColor":"#005eb8","bgColor":"#f0f4f5","contrastRatio":5.75,"fontSize":"18.0pt (24px)","fontWeight":"normal","expectedContrastRatio":"3:1"},"relatedNodes":[],"impact":"serious","message":"Element has sufficient color contrast of 5.75"}],"all":[],"none":[],"impact":null,"html":"<a href=\"/candidate/jobadvert/E0279-25-1040?keyword=Carer&amp;location=London&amp;distance=5&amp;language=en\" data-test=\"search-result-job-title\">\n              Bank Senior Children's Community Carer - NE Surrey\n            </a>","target":["#job-title-10 > a[data-test=\"search-result-job-title\"]"]},{"any":[{"id":"color-contrast","data":{"fgColor":"#005eb8","bgColor":"#f0f4f5","contrastRatio":5.75,"fontSize":"14.3pt (19px)","fontWeight":"normal","expectedContrastRatio":"4.5:1"},"relatedNodes":[],"impact":"serious","message":"Element has sufficient color contrast of 5.75"}],"all":[],"none":[],"impact":null,"html":"<a href=\"/candidate/search/save-job/E0279-25-1040\" data-test=\"search-result-save-job\" aria-label=\"Save this job: Bank Senior Children's Community Carer - NE Surrey (Reference number: E0279-25-1040)\">\n              Save this job\n            </a>","target":[".nhsuk-list-panel.search-result.nhsuk-u-padding-3:nth-child(10) > .nhsuk-grid-row:nth-child(1) > .save-job.nhsuk-u-margin-right-3 > a[data-test=\"search-result-save-job\"]"]},{"any":[{"id":"color-contrast","data":{"fgColor":"#212b32","bgColor":"#f0f4f5","contrastRatio":13.02,"fontSize":"18.0pt (24px)","fontWeight":"normal","expectedContrastRatio":"3:1"},"relatedNodes":[],"impact":"serious","message":"Element has sufficient color contrast of 13.02"}],"all":[],"none":[],"impact":null,"html":"<h3 class=\"nhsuk-u-font-weight-bold\">\n          HCRG Care Group\n          <div class=\"location-font-size\">\n            \n              Chertsey KT16 8LA\n            \n          </div>\n        </h3>","target":[".nhsuk-list-panel.search-result.nhsuk-u-padding-3:nth-child(10) > .nhsuk-u-margin-bottom-4[data-test=\"search-result-location\"] > h3"]},{"any":[{"id":"color-contrast","data":{"fgColor":"#212b32","bgColor":"#f0f4f5","contrastRatio":13.02,"fontSize":"12.0pt (16px)","fontWeight":"normal","expectedContrastRatio":"4.5:1"},"relatedNodes":[],"impact":"serious","message":"Element has sufficient color contrast of 13.02"}],"all":[],"none":[],"impact":null,"html":"<div class=\"location-font-size\">\n            \n              Chertsey KT16 8LA\n            \n          </div>","target":[".nhsuk-list-panel.search-result.nhsuk-u-padding-3:nth-child(10) > .nhsuk-u-margin-bottom-4[data-test=\"search-result-location\"] > h3 > .location-font-size"]},{"any":[{"id":"color-contrast","data":{"fgColor":"#212b32","bgColor":"#f0f4f5","contrastRatio":13.02,"fontSize":"14.3pt (19px)","fontWeight":"normal","expectedContrastRatio":"4.5:1"},"relatedNodes":[],"impact":"serious","message":"Element has sufficient color contrast of 13.02"}],"all":[],"none":[],"impact":null,"html":"<li data-test=\"search-result-salary\" class=\"marginBt\">\n                Salary: \n                <strong class=\"nhsuk-u-font-weight-bold\">\n                  £14.93 to £14.93\n                  \n                    an hour\n                  \n                </strong>\n              </li>","target":[".nhsuk-list-panel.search-result.nhsuk-u-padding-3:nth-child(10) > .nhsuk-grid-row:nth-child(3) > .nhsuk-grid-column-one-half:nth-child(1) > .first-ad-job-info.ad-job-info.nhsuk-list > .marginBt[data-test=\"search-result-salary\"]"]},{"any":[{"id":"color-contrast","data":{"fgColor":"#212b32","bgColor":"#f0f4f5","contrastRatio":13.02,"fontSize":"14.3pt (19px)","fontWeight":"normal","expectedContrastRatio":"4.5:1"},"relatedNodes":[],"impact":"serious","message":"Element has sufficient color contrast of 13.02"}],"all":[],"none":[],"impact":null,"html":"<strong class=\"nhsuk-u-font-weight-bold\">\n                  £14.93 to £14.93\n                  \n                    an hour\n                  \n                </strong>","target":[".nhsuk-list-panel.search-result.nhsuk-u-padding-3:nth-child(10) > .nhsuk-grid-row:nth-child(3) > .nhsuk-grid-column-one-half:nth-child(1) > .first-ad-job-info.ad-job-info.nhsuk-list > .marginBt[data-test=\"search-result-salary\"] > strong"]},{"any":[{"id":"color-contrast","data":{"fgColor":"#212b32","bgColor":"#f0f4f5","contrastRatio":13.02,"fontSize":"14.3pt (19px)","fontWeight":"normal","expectedContrastRatio":"4.5:1"},"relatedNodes":[],"impact":"serious","message":"Element has sufficient color contrast of 13.02"}],"all":[],"none":[],"impact":null,"html":"<li data-test=\"search-result-publicationDate\">\n                Date posted: \n                <strong class=\"nhsuk-u-font-weight-bold\">\n                  9 June 2025\n                </strong>\n              </li>","target":[".nhsuk-list-panel.search-result.nhsuk-u-padding-3:nth-child(10) > .nhsuk-grid-row:nth-child(3) > .nhsuk-grid-column-one-half:nth-child(1) > .first-ad-job-info.ad-job-info.nhsuk-list > li[data-test=\"search-result-publicationDate\"]"]},{"any":[{"id":"color-contrast","data":{"fgColor":"#212b32","bgColor":"#f0f4f5","contrastRatio":13.02,"fontSize":"14.3pt (19px)","fontWeight":"normal","expectedContrastRatio":"4.5:1"},"relatedNodes":[],"impact":"serious","message":"Element has sufficient color contrast of 13.02"}],"all":[],"none":[],"impact":null,"html":"<strong class=\"nhsuk-u-font-weight-bold\">\n                  9 June 2025\n                </strong>","target":[".nhsuk-list-panel.search-result.nhsuk-u-padding-3:nth-child(10) > .nhsuk-grid-row:nth-child(3) > .nhsuk-grid-column-one-half:nth-child(1) > .first-ad-job-info.ad-job-info.nhsuk-list > li[data-test=\"search-result-publicationDate\"] > strong"]},{"any":[{"id":"color-contrast","data":{"fgColor":"#212b32","bgColor":"#f0f4f5","contrastRatio":13.02,"fontSize":"14.3pt (19px)","fontWeight":"normal","expectedContrastRatio":"4.5:1"},"relatedNodes":[],"impact":"serious","message":"Element has sufficient color contrast of 13.02"}],"all":[],"none":[],"impact":null,"html":"<li data-test=\"search-result-closingDate\">\n                Closing date: \n                <strong class=\"nhsuk-u-font-weight-bold\">\n                  29 June 2025\n                </strong>\n              </li>","target":[".nhsuk-list-panel.search-result.nhsuk-u-padding-3:nth-child(10) > .nhsuk-grid-row:nth-child(3) > .nhsuk-grid-column-one-half:nth-child(1) > .first-ad-job-info.ad-job-info.nhsuk-list > li[data-test=\"search-result-closingDate\"]"]},{"any":[{"id":"color-contrast","data":{"fgColor":"#212b32","bgColor":"#f0f4f5","contrastRatio":13.02,"fontSize":"14.3pt (19px)","fontWeight":"normal","expectedContrastRatio":"4.5:1"},"relatedNodes":[],"impact":"serious","message":"Element has sufficient color contrast of 13.02"}],"all":[],"none":[],"impact":null,"html":"<strong class=\"nhsuk-u-font-weight-bold\">\n                  29 June 2025\n                </strong>","target":[".nhsuk-list-panel.search-result.nhsuk-u-padding-3:nth-child(10) > .nhsuk-grid-row:nth-child(3) > .nhsuk-grid-column-one-half:nth-child(1) > .first-ad-job-info.ad-job-info.nhsuk-list > li[data-test=\"search-result-closingDate\"] > strong"]},{"any":[{"id":"color-contrast","data":{"fgColor":"#212b32","bgColor":"#f0f4f5","contrastRatio":13.02,"fontSize":"14.3pt (19px)","fontWeight":"normal","expectedContrastRatio":"4.5:1"},"relatedNodes":[],"impact":"serious","message":"Element has sufficient color contrast of 13.02"}],"all":[],"none":[],"impact":null,"html":"<li data-test=\"search-result-jobType\" class=\"marginBt\">\n              Contract type: \n              <strong class=\"nhsuk-u-font-weight-bold\">\n                Bank\n              </strong>\n            </li>","target":[".nhsuk-list-panel.search-result.nhsuk-u-padding-3:nth-child(10) > .nhsuk-grid-row:nth-child(3) > .nhsuk-grid-column-one-half:nth-child(2) > .ad-job-info.nhsuk-list > .marginBt[data-test=\"search-result-jobType\"]"]},{"any":[{"id":"color-contrast","data":{"fgColor":"#212b32","bgColor":"#f0f4f5","contrastRatio":13.02,"fontSize":"14.3pt (19px)","fontWeight":"normal","expectedContrastRatio":"4.5:1"},"relatedNodes":[],"impact":"serious","message":"Element has sufficient color contrast of 13.02"}],"all":[],"none":[],"impact":null,"html":"<strong class=\"nhsuk-u-font-weight-bold\">\n                Bank\n              </strong>","target":[".nhsuk-list-panel.search-result.nhsuk-u-padding-3:nth-child(10) > .nhsuk-grid-row:nth-child(3) > .nhsuk-grid-column-one-half:nth-child(2) > .ad-job-info.nhsuk-list > .marginBt[data-test=\"search-result-jobType\"] > strong"]},{"any":[{"id":"color-contrast","data":{"fgColor":"#212b32","bgColor":"#f0f4f5","contrastRatio":13.02,"fontSize":"14.3pt (19px)","fontWeight":"normal","expectedContrastRatio":"4.5:1"},"relatedNodes":[],"impact":"serious","message":"Element has sufficient color contrast of 13.02"}],"all":[],"none":[],"impact":null,"html":"<li data-test=\"search-result-workingPattern\" class=\"marginBt\">\n              Working pattern: \n              <strong class=\"nhsuk-u-font-weight-bold\">\n                Part time\n              </strong>\n            </li>","target":[".nhsuk-list-panel.search-result.nhsuk-u-padding-3:nth-child(10) > .nhsuk-grid-row:nth-child(3) > .nhsuk-grid-column-one-half:nth-child(2) > .ad-job-info.nhsuk-list > .marginBt[data-test=\"search-result-workingPattern\"]"]},{"any":[{"id":"color-contrast","data":{"fgColor":"#212b32","bgColor":"#f0f4f5","contrastRatio":13.02,"fontSize":"14.3pt (19px)","fontWeight":"normal","expectedContrastRatio":"4.5:1"},"relatedNodes":[],"impact":"serious","message":"Element has sufficient color contrast of 13.02"}],"all":[],"none":[],"impact":null,"html":"<strong class=\"nhsuk-u-font-weight-bold\">\n                Part time\n              </strong>","target":[".nhsuk-list-panel.search-result.nhsuk-u-padding-3:nth-child(10) > .nhsuk-grid-row:nth-child(3) > .nhsuk-grid-column-one-half:nth-child(2) > .ad-job-info.nhsuk-list > .marginBt[data-test=\"search-result-workingPattern\"] > strong"]},{"any":[{"id":"color-contrast","data":{"fgColor":"#005eb8","bgColor":"#f0f4f5","contrastRatio":5.75,"fontSize":"18.0pt (24px)","fontWeight":"normal","expectedContrastRatio":"3:1"},"relatedNodes":[],"impact":"serious","message":"Element has sufficient color contrast of 5.75"}],"all":[],"none":[],"impact":null,"html":"<span class=\"nhsuk-pagination__title\">Next</span>","target":[".nhsuk-pagination__title"]},{"any":[{"id":"color-contrast","data":{"fgColor":"#005eb8","bgColor":"#f0f4f5","contrastRatio":5.75,"fontSize":"12.0pt (16px)","fontWeight":"normal","expectedContrastRatio":"4.5:1"},"relatedNodes":[],"impact":"serious","message":"Element has sufficient color contrast of 5.75"}],"all":[],"none":[],"impact":null,"html":"<span class=\"nhsuk-pagination__page\">Page 2 of 57</span>","target":[".nhsuk-pagination__page"]},{"any":[{"id":"color-contrast","data":{"fgColor":"#4c6272","bgColor":"#d8dde0","contrastRatio":4.65,"fontSize":"12.0pt (16px)","fontWeight":"normal","expectedContrastRatio":"4.5:1"},"relatedNodes":[],"impact":"serious","message":"Element has sufficient color contrast of 4.65"}],"all":[],"none":[],"impact":null,"html":"<a class=\"nhsuk-footer__list-item-link\" target=\"_blank\" id=\"privacy\" href=\"/candidate/privacy-policy\">Privacy policy</a>","target":["#privacy"]},{"any":[{"id":"color-contrast","data":{"fgColor":"#4c6272","bgColor":"#d8dde0","contrastRatio":4.65,"fontSize":"12.0pt (16px)","fontWeight":"normal","expectedContrastRatio":"4.5:1"},"relatedNodes":[],"impact":"serious","message":"Element has sufficient color contrast of 4.65"}],"all":[],"none":[],"impact":null,"html":"<a class=\"nhsuk-footer__list-item-link\" target=\"_blank\" id=\"acceptableUse\" href=\"/candidate/acceptable-use\">Terms and conditions</a>","target":["#acceptableUse"]},{"any":[{"id":"color-contrast","data":{"fgColor":"#4c6272","bgColor":"#d8dde0","contrastRatio":4.65,"fontSize":"12.0pt (16px)","fontWeight":"normal","expectedContrastRatio":"4.5:1"},"relatedNodes":[],"impact":"serious","message":"Element has sufficient color contrast of 4.65"}],"all":[],"none":[],"impact":null,"html":"<a class=\"nhsuk-footer__list-item-link\" target=\"_blank\" id=\"accessibility\" href=\"https://www.nhsbsa.nhs.uk/our-policies/accessibility/accessibility-statement-nhs-jobs-applicants\">Accessibility Statement</a>","target":["#accessibility"]},{"any":[{"id":"color-contrast","data":{"fgColor":"#4c6272","bgColor":"#d8dde0","contrastRatio":4.65,"fontSize":"12.0pt (16px)","fontWeight":"normal","expectedContrastRatio":"4.5:1"},"relatedNodes":[],"impact":"serious","message":"Element has sufficient color contrast of 4.65"}],"all":[],"none":[],"impact":null,"html":"<a class=\"nhsuk-footer__list-item-link\" target=\"_blank\" id=\"cookies\" href=\"/candidate/cookies\">Cookies</a>","target":["#cookies"]},{"any":[{"id":"color-contrast","data":{"fgColor":"#4c6272","bgColor":"#d8dde0","contrastRatio":4.65,"fontSize":"12.0pt (16px)","fontWeight":"normal","expectedContrastRatio":"4.5:1"},"relatedNodes":[],"impact":"serious","message":"Element has sufficient color contrast of 4.65"}],"all":[],"none":[],"impact":null,"html":"<a class=\"nhsuk-footer__list-item-link\" target=\"_blank\" id=\"helpText\" href=\"https://www.nhsbsa.nhs.uk/new-nhs-jobs-service/help-and-support-applicants\">How to apply for jobs</a>","target":["#helpText"]},{"any":[{"id":"color-contrast","data":{"fgColor":"#4c6272","bgColor":"#d8dde0","contrastRatio":4.65,"fontSize":"12.0pt (16px)","fontWeight":"normal","expectedContrastRatio":"4.5:1"},"relatedNodes":[],"impact":"serious","message":"Element has sufficient color contrast of 4.65"}],"all":[],"none":[],"impact":null,"html":"<p class=\"nhsuk-footer__copyright\">© Crown copyright</p>","target":[".nhsuk-footer__copyright"]}]},{"id":"document-title","impact":null,"tags":["cat.text-alternatives","wcag2a","wcag242","ACT","TTv5","TT12.a"],"description":"Ensures each HTML document contains a non-empty <title> element","help":"Documents must have <title> element to aid in navigation","helpUrl":"https://dequeuniversity.com/rules/axe/4.7/document-title?application=axeAPI","nodes":[{"any":[{"id":"doc-has-title","data":null,"relatedNodes":[],"impact":"serious","message":"Document has a non-empty <title> element"}],"all":[],"none":[],"impact":null,"html":"<html lang=\"en\" style=\"\">","target":["html"]}]},{"id":"duplicate-id-active","impact":null,"tags":["cat.parsing","wcag2a","wcag411"],"description":"Ensures every id attribute value of active elements is unique","help":"IDs of active elements must be unique","helpUrl":"https://dequeuniversity.com/rules/axe/4.7/duplicate-id-active?application=axeAPI","nodes":[{"any":[{"id":"duplicate-id-active","data":"skip_to_search_filters","relatedNodes":[],"impact":"serious","message":"Document has no active elements that share the same id attribute"}],"all":[],"none":[],"impact":null,"html":"<a class=\"nhsuk-skip-link\" href=\"#search-results-heading\" aria-label=\"562 jobs found for Carer in London. Sorted by: Best Match . Skip to search filters\" id=\"skip_to_search_filters\">Skip to search filters</a>","target":["#skip_to_search_filters"]},{"any":[{"id":"duplicate-id-active","data":"skipToSearchResults","relatedNodes":[],"impact":"serious","message":"Document has no active elements that share the same id attribute"}],"all":[],"none":[],"impact":null,"html":"<a class=\"nhsuk-skip-link\" href=\"#first-result-title\" id=\"skipToSearchResults\" aria-label=\"Skip to search results\">Skip to search results</a>","target":["#skipToSearchResults"]},{"any":[{"id":"duplicate-id-active","data":"change-cookies-settings","relatedNodes":[],"impact":"serious","message":"Document has no active elements that share the same id attribute"}],"all":[],"none":[],"impact":null,"html":"<a href=\"/candidate/cookies\" id=\"change-cookies-settings\" aria-label=\"Go to the cookie information page\">change your cookie settings</a>","target":["#change-cookies-settings"]},{"any":[{"id":"duplicate-id-active","data":"dismiss-cookie-messages","relatedNodes":[],"impact":"serious","message":"Document has no active elements that share the same id attribute"}],"all":[],"none":[],"impact":null,"html":"<a href=\"/candidate/dismiss-cookie-messages\" id=\"dismiss-cookie-messages\" aria-label=\"Dismiss information about cookie preferences\" style=\"float: right\">Hide</a>","target":["#dismiss-cookie-messages"]},{"any":[{"id":"duplicate-id-active","data":"candidate_sign_in","relatedNodes":[],"impact":"serious","message":"Document has no active elements that share the same id attribute"}],"all":[],"none":[],"impact":null,"html":"<a class=\"sign-in-link\" id=\"candidate_sign_in\" href=\"/candidate/auth/login\">\n        Sign in\n      </a>","target":["#candidate_sign_in"]},{"any":[{"id":"duplicate-id-active","data":"searchOptionsBtn","relatedNodes":[],"impact":"serious","message":"Document has no active elements that share the same id attribute"}],"all":[],"none":[],"impact":null,"html":"<a href=\"javascript:void(0)\" id=\"searchOptionsBtn\" class=\"nhsuk-u-font-weight-bold white-text\">\n                  \n                  More search options\n                  \n                  </a>","target":["#searchOptionsBtn"]},{"any":[{"id":"duplicate-id-active","data":"search","relatedNodes":[],"impact":"serious","message":"Document has no active elements that share the same id attribute"}],"all":[],"none":[],"impact":null,"html":"<button class=\"nhsuk-button  nhsuk-u-padding-top-2 nhsuk-u-padding-bottom-2\" type=\"submit\" id=\"search\" data-test=\"search-button\">Search</button>","target":["#search"]},{"any":[{"id":"duplicate-id-active","data":"working-patterns-expander","relatedNodes":[],"impact":"serious","message":"Document has no active elements that share the same id attribute"}],"all":[],"none":[],"impact":null,"html":"<summary id=\"working-patterns-expander\" class=\"nhsuk-details__summary \" role=\"button\" aria-controls=\"working-pattern-details\" aria-expanded=\"false\" data-test=\"filter-working-pattern\">","target":["#working-patterns-expander"]},{"any":[{"id":"duplicate-id-active","data":"refine-search","relatedNodes":[],"impact":"serious","message":"Document has no active elements that share the same id attribute"}],"all":[],"none":[],"impact":null,"html":"<input class=\"nhsuk-button nhsuk-button--primary\" type=\"submit\" id=\"refine-search\" value=\"Apply filters\" data-test=\"refine-search-button\">","target":["#refine-search"]},{"any":[{"id":"duplicate-id-active","data":"create-job-alert","relatedNodes":[],"impact":"serious","message":"Document has no active elements that share the same id attribute"}],"all":[],"none":[],"impact":null,"html":"<a href=\"/candidate/search/save/alerts\" class=\"save-job-3\" id=\"create-job-alert\">","target":["#create-job-alert"]},{"any":[{"id":"duplicate-id-active","data":"first-result-title","relatedNodes":[],"impact":"serious","message":"Document has no active elements that share the same id attribute"}],"all":[],"none":[],"impact":null,"html":"<a href=\"/candidate/jobadvert/M0048-25-0353?keyword=Carer&amp;location=London&amp;distance=5&amp;language=en\" id=\"first-result-title\" data-test=\"search-result-job-title\">\n              Donor Carer\n            </a>","target":["#first-result-title"]},{"any":[{"id":"duplicate-id-active","data":"privacy","relatedNodes":[],"impact":"serious","message":"Document has no active elements that share the same id attribute"}],"all":[],"none":[],"impact":null,"html":"<a class=\"nhsuk-footer__list-item-link\" target=\"_blank\" id=\"privacy\" href=\"/candidate/privacy-policy\">Privacy policy</a>","target":["#privacy"]},{"any":[{"id":"duplicate-id-active","data":"acceptableUse","relatedNodes":[],"impact":"serious","message":"Document has no active elements that share the same id attribute"}],"all":[],"none":[],"impact":null,"html":"<a class=\"nhsuk-footer__list-item-link\" target=\"_blank\" id=\"acceptableUse\" href=\"/candidate/acceptable-use\">Terms and conditions</a>","target":["#acceptableUse"]},{"any":[{"id":"duplicate-id-active","data":"accessibility","relatedNodes":[],"impact":"serious","message":"Document has no active elements that share the same id attribute"}],"all":[],"none":[],"impact":null,"html":"<a class=\"nhsuk-footer__list-item-link\" target=\"_blank\" id=\"accessibility\" href=\"https://www.nhsbsa.nhs.uk/our-policies/accessibility/accessibility-statement-nhs-jobs-applicants\">Accessibility Statement</a>","target":["#accessibility"]},{"any":[{"id":"duplicate-id-active","data":"cookies","relatedNodes":[],"impact":"serious","message":"Document has no active elements that share the same id attribute"}],"all":[],"none":[],"impact":null,"html":"<a class=\"nhsuk-footer__list-item-link\" target=\"_blank\" id=\"cookies\" href=\"/candidate/cookies\">Cookies</a>","target":["#cookies"]},{"any":[{"id":"duplicate-id-active","data":"helpText","relatedNodes":[],"impact":"serious","message":"Document has no active elements that share the same id attribute"}],"all":[],"none":[],"impact":null,"html":"<a class=\"nhsuk-footer__list-item-link\" target=\"_blank\" id=\"helpText\" href=\"https://www.nhsbsa.nhs.uk/new-nhs-jobs-service/help-and-support-applicants\">How to apply for jobs</a>","target":["#helpText"]}]},{"id":"duplicate-id-aria","impact":null,"tags":["cat.parsing","wcag2a","wcag411"],"description":"Ensures every id attribute value used in ARIA and in labels is unique","help":"IDs used in ARIA and labels must be unique","helpUrl":"https://dequeuniversity.com/rules/axe/4.7/duplicate-id-aria?application=axeAPI","nodes":[{"any":[{"id":"duplicate-id-aria","data":"header-navigation","relatedNodes":[],"impact":"critical","message":"Document has no elements referenced with ARIA or labels that share the same id attribute"}],"all":[],"none":[],"impact":null,"html":"<nav class=\"nhsuk-header__navigation\" id=\"header-navigation\" role=\"navigation\" aria-label=\"Primary navigation\" aria-labelledby=\"label-navigation\">","target":["#header-navigation"]},{"any":[{"id":"duplicate-id-aria","data":"label-navigation","relatedNodes":[],"impact":"critical","message":"Document has no elements referenced with ARIA or labels that share the same id attribute"}],"all":[],"none":[],"impact":null,"html":"<span id=\"label-navigation\">Menu</span>","target":["#label-navigation"]},{"any":[{"id":"duplicate-id-aria","data":"keyword","relatedNodes":[],"impact":"critical","message":"Document has no elements referenced with ARIA or labels that share the same id attribute"}],"all":[],"none":[],"impact":null,"html":"<input name=\"keyword\" id=\"keyword\" value=\"Carer\" class=\"nhsuk-input nhsuk-u--width-full\" type=\"search\" data-test=\"search-jobTitle-input\" aria-label=\"Search What? For example, job title or skills\">","target":["#keyword"]},{"any":[{"id":"duplicate-id-aria","data":"location","relatedNodes":[],"impact":"critical","message":"Document has no elements referenced with ARIA or labels that share the same id attribute"}],"all":[],"none":[],"impact":null,"html":"<input aria-describedby=\"location__assistiveHint\" aria-expanded=\"false\" aria-controls=\"location__listbox\" aria-autocomplete=\"list\" autocomplete=\"off\" class=\"nhsuk-input nhsuk-u--width-full\" id=\"location\" name=\"location\" placeholder=\"\" type=\"search\" role=\"combobox\" data-test=\"search-location-input\" aria-label=\"Search Where? For example, a postcode, town or city, search text field\">","target":["#location"]},{"any":[{"id":"duplicate-id-aria","data":"location__listbox","relatedNodes":[],"impact":"critical","message":"Document has no elements referenced with ARIA or labels that share the same id attribute"}],"all":[],"none":[],"impact":null,"html":"<ul aria-labelledby=\"location\" id=\"location__listbox\" role=\"listbox\" class=\"autocomplete__menu autocomplete__menu--inline autocomplete__menu--hidden\">","target":["#location__listbox"]},{"any":[{"id":"duplicate-id-aria","data":"location__assistiveHint","relatedNodes":[],"impact":"critical","message":"Document has no elements referenced with ARIA or labels that share the same id attribute"}],"all":[],"none":[],"impact":null,"html":"<span id=\"location__assistiveHint\" style=\"display: none;\">When autocomplete results are available use up and down arrows to review and enter to select.  Touch device users, explore by touch or with swipe gestures.</span>","target":["#location__assistiveHint"]},{"any":[{"id":"duplicate-id-aria","data":"jobReference","relatedNodes":[],"impact":"critical","message":"Document has no elements referenced with ARIA or labels that share the same id attribute"}],"all":[],"none":[],"impact":null,"html":"<input name=\"jobReference\" id=\"jobReference\" value=\"\" class=\"nhsuk-input nhsuk-u--width-full\" type=\"search\" data-test=\"search-jobReference-input\" aria-label=\"Search Job reference, e.g. C0987-23-1234 / 914-JOBREF-a\">","target":["#jobReference"]},{"any":[{"id":"duplicate-id-aria","data":"employer","relatedNodes":[],"impact":"critical","message":"Document has no elements referenced with ARIA or labels that share the same id attribute"}],"all":[],"none":[],"impact":null,"html":"<input name=\"employer\" id=\"employer\" value=\"\" class=\"nhsuk-input nhsuk-u--width-full\" type=\"search\" data-test=\"search-employer-input\" aria-label=\"Search Employer, e.g. NHS Business Services Authority\">","target":["#employer"]},{"any":[{"id":"duplicate-id-aria","data":"distance","relatedNodes":[],"impact":"critical","message":"Document has no elements referenced with ARIA or labels that share the same id attribute"}],"all":[],"none":[],"impact":null,"html":"<select class=\"nhsuk-select\" id=\"distance\" name=\"distance\" data-test=\"search-distance-input\" disabled=\"\">","target":["#distance"]},{"any":[{"id":"duplicate-id-aria","data":"covidJobsOnly","relatedNodes":[],"impact":"critical","message":"Document has no elements referenced with ARIA or labels that share the same id attribute"}],"all":[],"none":[],"impact":null,"html":"<input class=\"nhsuk-checkboxes__input\" id=\"covidJobsOnly\" name=\"covidJobsOnly\" type=\"checkbox\" value=\"true\" data-test=\"covidJobsOnly\">","target":["#covidJobsOnly"]},{"any":[{"id":"duplicate-id-aria","data":"working-pattern-details","relatedNodes":[],"impact":"critical","message":"Document has no elements referenced with ARIA or labels that share the same id attribute"}],"all":[],"none":[],"impact":null,"html":"<div class=\"nhsuk-details__text\" id=\"working-pattern-details\" aria-hidden=\"false\">","target":["#working-pattern-details"]},{"any":[{"id":"duplicate-id-aria","data":"working-pattern-full-time","relatedNodes":[],"impact":"critical","message":"Document has no elements referenced with ARIA or labels that share the same id attribute"}],"all":[],"none":[],"impact":null,"html":"<input class=\"nhsuk-checkboxes__input\" id=\"working-pattern-full-time\" name=\"workingPattern\" type=\"checkbox\" value=\"full-time\" data-test=\"working-pattern-full-time\">","target":["#working-pattern-full-time"]},{"any":[{"id":"duplicate-id-aria","data":"working-pattern-part-time","relatedNodes":[],"impact":"critical","message":"Document has no elements referenced with ARIA or labels that share the same id attribute"}],"all":[],"none":[],"impact":null,"html":"<input class=\"nhsuk-checkboxes__input\" id=\"working-pattern-part-time\" name=\"workingPattern\" type=\"checkbox\" value=\"part-time\" data-test=\"working-pattern-part-time\">","target":["#working-pattern-part-time"]},{"any":[{"id":"duplicate-id-aria","data":"working-pattern-job-share","relatedNodes":[],"impact":"critical","message":"Document has no elements referenced with ARIA or labels that share the same id attribute"}],"all":[],"none":[],"impact":null,"html":"<input class=\"nhsuk-checkboxes__input\" id=\"working-pattern-job-share\" name=\"workingPattern\" type=\"checkbox\" value=\"job-share\" data-test=\"working-pattern-job-share\">","target":["#working-pattern-job-share"]},{"any":[{"id":"duplicate-id-aria","data":"working-pattern-flexible","relatedNodes":[],"impact":"critical","message":"Document has no elements referenced with ARIA or labels that share the same id attribute"}],"all":[],"none":[],"impact":null,"html":"<input class=\"nhsuk-checkboxes__input\" id=\"working-pattern-flexible\" name=\"workingPattern\" type=\"checkbox\" value=\"flexible-working\" data-test=\"working-pattern-flexible\">","target":["#working-pattern-flexible"]},{"any":[{"id":"duplicate-id-aria","data":"working-pattern-remote","relatedNodes":[],"impact":"critical","message":"Document has no elements referenced with ARIA or labels that share the same id attribute"}],"all":[],"none":[],"impact":null,"html":"<input class=\"nhsuk-checkboxes__input\" id=\"working-pattern-remote\" name=\"workingPattern\" type=\"checkbox\" value=\"remote-working\" data-test=\"working-pattern-remote\">","target":["#working-pattern-remote"]},{"any":[{"id":"duplicate-id-aria","data":"working-pattern-compressed","relatedNodes":[],"impact":"critical","message":"Document has no elements referenced with ARIA or labels that share the same id attribute"}],"all":[],"none":[],"impact":null,"html":"<input class=\"nhsuk-checkboxes__input\" id=\"working-pattern-compressed\" name=\"workingPattern\" type=\"checkbox\" value=\"compressed-hours\" data-test=\"working-pattern-compressed\">","target":["#working-pattern-compressed"]},{"any":[{"id":"duplicate-id-aria","data":"working-pattern-term-time","relatedNodes":[],"impact":"critical","message":"Document has no elements referenced with ARIA or labels that share the same id attribute"}],"all":[],"none":[],"impact":null,"html":"<input class=\"nhsuk-checkboxes__input\" id=\"working-pattern-term-time\" name=\"workingPattern\" type=\"checkbox\" value=\"term-time-hours\" data-test=\"working-pattern-term-time\">","target":["#working-pattern-term-time"]},{"any":[{"id":"duplicate-id-aria","data":"working-pattern-annualised","relatedNodes":[],"impact":"critical","message":"Document has no elements referenced with ARIA or labels that share the same id attribute"}],"all":[],"none":[],"impact":null,"html":"<input class=\"nhsuk-checkboxes__input\" id=\"working-pattern-annualised\" name=\"workingPattern\" type=\"checkbox\" value=\"annualised-hours\" data-test=\"working-pattern-annualised\">","target":["#working-pattern-annualised"]},{"any":[{"id":"duplicate-id-aria","data":"contract-type-details","relatedNodes":[],"impact":"critical","message":"Document has no elements referenced with ARIA or labels that share the same id attribute"}],"all":[],"none":[],"impact":null,"html":"<div class=\"nhsuk-details__text\" id=\"contract-type-details\" aria-hidden=\"false\">","target":["#contract-type-details"]},{"any":[{"id":"duplicate-id-aria","data":"contract-type-permanent","relatedNodes":[],"impact":"critical","message":"Document has no elements referenced with ARIA or labels that share the same id attribute"}],"all":[],"none":[],"impact":null,"html":"<input class=\"nhsuk-checkboxes__input\" id=\"contract-type-permanent\" name=\"contractType\" type=\"checkbox\" value=\"Permanent\" data-test=\"contract-type-permanent\">","target":["#contract-type-permanent"]},{"any":[{"id":"duplicate-id-aria","data":"contract-type-fixed-term","relatedNodes":[],"impact":"critical","message":"Document has no elements referenced with ARIA or labels that share the same id attribute"}],"all":[],"none":[],"impact":null,"html":"<input class=\"nhsuk-checkboxes__input\" id=\"contract-type-fixed-term\" name=\"contractType\" type=\"checkbox\" value=\"Fixed-Term\" data-test=\"contract-type-fixed-term\">","target":["#contract-type-fixed-term"]},{"any":[{"id":"duplicate-id-aria","data":"contract-type-apprenticeship","relatedNodes":[],"impact":"critical","message":"Document has no elements referenced with ARIA or labels that share the same id attribute"}],"all":[],"none":[],"impact":null,"html":"<input class=\"nhsuk-checkboxes__input\" id=\"contract-type-apprenticeship\" name=\"contractType\" type=\"checkbox\" value=\"Apprenticeship\" data-test=\"contract-type-apprenticeship\">","target":["#contract-type-apprenticeship"]},{"any":[{"id":"duplicate-id-aria","data":"contract-type-voluntary","relatedNodes":[],"impact":"critical","message":"Document has no elements referenced with ARIA or labels that share the same id attribute"}],"all":[],"none":[],"impact":null,"html":"<input class=\"nhsuk-checkboxes__input\" id=\"contract-type-voluntary\" name=\"contractType\" type=\"checkbox\" value=\"Voluntary\" data-test=\"contract-type-voluntary\">","target":["#contract-type-voluntary"]},{"any":[{"id":"duplicate-id-aria","data":"contract-type-locum","relatedNodes":[],"impact":"critical","message":"Document has no elements referenced with ARIA or labels that share the same id attribute"}],"all":[],"none":[],"impact":null,"html":"<input class=\"nhsuk-checkboxes__input\" id=\"contract-type-locum\" name=\"contractType\" type=\"checkbox\" value=\"Locum\" data-test=\"contract-type-locum\">","target":["#contract-type-locum"]},{"any":[{"id":"duplicate-id-aria","data":"contract-type-training","relatedNodes":[],"impact":"critical","message":"Document has no elements referenced with ARIA or labels that share the same id attribute"}],"all":[],"none":[],"impact":null,"html":"<input class=\"nhsuk-checkboxes__input\" id=\"contract-type-training\" name=\"contractType\" type=\"checkbox\" value=\"Training\" data-test=\"contract-type-training\">","target":["#contract-type-training"]},{"any":[{"id":"duplicate-id-aria","data":"contract-type-secondment","relatedNodes":[],"impact":"critical","message":"Document has no elements referenced with ARIA or labels that share the same id attribute"}],"all":[],"none":[],"impact":null,"html":"<input class=\"nhsuk-checkboxes__input\" id=\"contract-type-secondment\" name=\"contractType\" type=\"checkbox\" value=\"Secondment\" data-test=\"contract-type-secondment\">","target":["#contract-type-secondment"]},{"any":[{"id":"duplicate-id-aria","data":"contract-type-honorary","relatedNodes":[],"impact":"critical","message":"Document has no elements referenced with ARIA or labels that share the same id attribute"}],"all":[],"none":[],"impact":null,"html":"<input class=\"nhsuk-checkboxes__input\" id=\"contract-type-honorary\" name=\"contractType\" type=\"checkbox\" value=\"Honorary\" data-test=\"contract-type-honorary\">","target":["#contract-type-honorary"]},{"any":[{"id":"duplicate-id-aria","data":"contract-type-bank","relatedNodes":[],"impact":"critical","message":"Document has no elements referenced with ARIA or labels that share the same id attribute"}],"all":[],"none":[],"impact":null,"html":"<input class=\"nhsuk-checkboxes__input\" id=\"contract-type-bank\" name=\"contractType\" type=\"checkbox\" value=\"Bank\" data-test=\"contract-type-bank\">","target":["#contract-type-bank"]},{"any":[{"id":"duplicate-id-aria","data":"contract-type-nhs-reservist","relatedNodes":[],"impact":"critical","message":"Document has no elements referenced with ARIA or labels that share the same id attribute"}],"all":[],"none":[],"impact":null,"html":"<input class=\"nhsuk-checkboxes__input\" id=\"contract-type-nhs-reservist\" name=\"contractType\" type=\"checkbox\" value=\"NHS Reservist\" data-test=\"contract-type-nhs-reservist\">","target":["#contract-type-nhs-reservist"]},{"any":[{"id":"duplicate-id-aria","data":"staff-group-details","relatedNodes":[],"impact":"critical","message":"Document has no elements referenced with ARIA or labels that share the same id attribute"}],"all":[],"none":[],"impact":null,"html":"<div class=\"nhsuk-details__text\" id=\"staff-group-details\" aria-hidden=\"false\">","target":["#staff-group-details"]},{"any":[{"id":"duplicate-id-aria","data":"staff-group-additional-clincial","relatedNodes":[],"impact":"critical","message":"Document has no elements referenced with ARIA or labels that share the same id attribute"}],"all":[],"none":[],"impact":null,"html":"<input class=\"nhsuk-checkboxes__input\" id=\"staff-group-additional-clincial\" name=\"staffGroup\" type=\"checkbox\" value=\"CLINICAL_SERVICES\" data-test=\"staff-group-additional-clincial\">","target":["#staff-group-additional-clincial"]},{"any":[{"id":"duplicate-id-aria","data":"staff-group--professional-scientific-and-technical","relatedNodes":[],"impact":"critical","message":"Document has no elements referenced with ARIA or labels that share the same id attribute"}],"all":[],"none":[],"impact":null,"html":"<input class=\"nhsuk-checkboxes__input\" id=\"staff-group--professional-scientific-and-technical\" name=\"staffGroup\" type=\"checkbox\" value=\"PROF_SCIENTIFIC_AND_TECHNICAL\" data-test=\"staff-group--professional-scientific-and-technical\">","target":["#staff-group--professional-scientific-and-technical"]},{"any":[{"id":"duplicate-id-aria","data":"staff-group-administrative-clerical","relatedNodes":[],"impact":"critical","message":"Document has no elements referenced with ARIA or labels that share the same id attribute"}],"all":[],"none":[],"impact":null,"html":"<input class=\"nhsuk-checkboxes__input\" id=\"staff-group-administrative-clerical\" name=\"staffGroup\" type=\"checkbox\" value=\"ADMINISTRATIVE_AND_CLERICAL\" data-test=\"staff-group-administrative-clerical\">","target":["#staff-group-administrative-clerical"]},{"any":[{"id":"duplicate-id-aria","data":"staff-group-allied-health-professionals","relatedNodes":[],"impact":"critical","message":"Document has no elements referenced with ARIA or labels that share the same id attribute"}],"all":[],"none":[],"impact":null,"html":"<input class=\"nhsuk-checkboxes__input\" id=\"staff-group-allied-health-professionals\" name=\"staffGroup\" type=\"checkbox\" value=\"ALLIED_HEALTH_PROF\" data-test=\"staff-group-allied-health-professionals\">","target":["#staff-group-allied-health-professionals"]},{"any":[{"id":"duplicate-id-aria","data":"staff-group-estates-and-ancillary","relatedNodes":[],"impact":"critical","message":"Document has no elements referenced with ARIA or labels that share the same id attribute"}],"all":[],"none":[],"impact":null,"html":"<input class=\"nhsuk-checkboxes__input\" id=\"staff-group-estates-and-ancillary\" name=\"staffGroup\" type=\"checkbox\" value=\"ESTATES_AND_ANCILLARY\" data-test=\"staff-group-estates-and-ancillary\">","target":["#staff-group-estates-and-ancillary"]},{"any":[{"id":"duplicate-id-aria","data":"staff-group-healthcare-scientists","relatedNodes":[],"impact":"critical","message":"Document has no elements referenced with ARIA or labels that share the same id attribute"}],"all":[],"none":[],"impact":null,"html":"<input class=\"nhsuk-checkboxes__input\" id=\"staff-group-healthcare-scientists\" name=\"staffGroup\" type=\"checkbox\" value=\"HEALTHCARE_SCIENTISTS\" data-test=\"staff-group-healthcare-scientists\">","target":["#staff-group-healthcare-scientists"]},{"any":[{"id":"duplicate-id-aria","data":"staff-group-medical-and-dental","relatedNodes":[],"impact":"critical","message":"Document has no elements referenced with ARIA or labels that share the same id attribute"}],"all":[],"none":[],"impact":null,"html":"<input class=\"nhsuk-checkboxes__input\" id=\"staff-group-medical-and-dental\" name=\"staffGroup\" type=\"checkbox\" value=\"MEDICAL_AND_DENTAL\" data-test=\"staff-group-medical-and-dental\">","target":["#staff-group-medical-and-dental"]},{"any":[{"id":"duplicate-id-aria","data":"staff-group-nursing-and-midwifery-registered","relatedNodes":[],"impact":"critical","message":"Document has no elements referenced with ARIA or labels that share the same id attribute"}],"all":[],"none":[],"impact":null,"html":"<input class=\"nhsuk-checkboxes__input\" id=\"staff-group-nursing-and-midwifery-registered\" name=\"staffGroup\" type=\"checkbox\" value=\"NURSING_AND_MIDWIFERY_REGD\" data-test=\"staff-group-nursing-and-midwifery-registered\">","target":["#staff-group-nursing-and-midwifery-registered"]},{"any":[{"id":"duplicate-id-aria","data":"staff-group-students","relatedNodes":[],"impact":"critical","message":"Document has no elements referenced with ARIA or labels that share the same id attribute"}],"all":[],"none":[],"impact":null,"html":"<input class=\"nhsuk-checkboxes__input\" id=\"staff-group-students\" name=\"staffGroup\" type=\"checkbox\" value=\"STUDENTS\" data-test=\"staff-group-students\">","target":["#staff-group-students"]},{"any":[{"id":"duplicate-id-aria","data":"pay-range-details","relatedNodes":[],"impact":"critical","message":"Document has no elements referenced with ARIA or labels that share the same id attribute"}],"all":[],"none":[],"impact":null,"html":"<div class=\"nhsuk-details__text\" id=\"pay-range-details\" aria-hidden=\"false\">","target":["#pay-range-details"]},{"any":[{"id":"duplicate-id-aria","data":"pay-range-0-10","relatedNodes":[],"impact":"critical","message":"Document has no elements referenced with ARIA or labels that share the same id attribute"}],"all":[],"none":[],"impact":null,"html":"<input class=\"nhsuk-checkboxes__input\" id=\"pay-range-0-10\" name=\"payRange\" type=\"checkbox\" value=\"0-10\" data-test=\"pay-range-0-10\">","target":["#pay-range-0-10"]},{"any":[{"id":"duplicate-id-aria","data":"pay-range-10-20","relatedNodes":[],"impact":"critical","message":"Document has no elements referenced with ARIA or labels that share the same id attribute"}],"all":[],"none":[],"impact":null,"html":"<input class=\"nhsuk-checkboxes__input\" id=\"pay-range-10-20\" name=\"payRange\" type=\"checkbox\" value=\"10-20\" data-test=\"pay-range-10-20\">","target":["#pay-range-10-20"]},{"any":[{"id":"duplicate-id-aria","data":"pay-range-20-30","relatedNodes":[],"impact":"critical","message":"Document has no elements referenced with ARIA or labels that share the same id attribute"}],"all":[],"none":[],"impact":null,"html":"<input class=\"nhsuk-checkboxes__input\" id=\"pay-range-20-30\" name=\"payRange\" type=\"checkbox\" value=\"20-30\" data-test=\"pay-range-20-30\">","target":["#pay-range-20-30"]},{"any":[{"id":"duplicate-id-aria","data":"pay-range-30-40","relatedNodes":[],"impact":"critical","message":"Document has no elements referenced with ARIA or labels that share the same id attribute"}],"all":[],"none":[],"impact":null,"html":"<input class=\"nhsuk-checkboxes__input\" id=\"pay-range-30-40\" name=\"payRange\" type=\"checkbox\" value=\"30-40\" data-test=\"pay-range-30-40\">","target":["#pay-range-30-40"]},{"any":[{"id":"duplicate-id-aria","data":"pay-range-40-50","relatedNodes":[],"impact":"critical","message":"Document has no elements referenced with ARIA or labels that share the same id attribute"}],"all":[],"none":[],"impact":null,"html":"<input class=\"nhsuk-checkboxes__input\" id=\"pay-range-40-50\" name=\"payRange\" type=\"checkbox\" value=\"40-50\" data-test=\"pay-range-40-50\">","target":["#pay-range-40-50"]},{"any":[{"id":"duplicate-id-aria","data":"pay-range-50-60","relatedNodes":[],"impact":"critical","message":"Document has no elements referenced with ARIA or labels that share the same id attribute"}],"all":[],"none":[],"impact":null,"html":"<input class=\"nhsuk-checkboxes__input\" id=\"pay-range-50-60\" name=\"payRange\" type=\"checkbox\" value=\"50-60\" data-test=\"pay-range-50-60\">","target":["#pay-range-50-60"]},{"any":[{"id":"duplicate-id-aria","data":"pay-range-60-70","relatedNodes":[],"impact":"critical","message":"Document has no elements referenced with ARIA or labels that share the same id attribute"}],"all":[],"none":[],"impact":null,"html":"<input class=\"nhsuk-checkboxes__input\" id=\"pay-range-60-70\" name=\"payRange\" type=\"checkbox\" value=\"60-70\" data-test=\"pay-range-60-70\">","target":["#pay-range-60-70"]},{"any":[{"id":"duplicate-id-aria","data":"pay-range-70-80","relatedNodes":[],"impact":"critical","message":"Document has no elements referenced with ARIA or labels that share the same id attribute"}],"all":[],"none":[],"impact":null,"html":"<input class=\"nhsuk-checkboxes__input\" id=\"pay-range-70-80\" name=\"payRange\" type=\"checkbox\" value=\"70-80\" data-test=\"pay-range-70-80\">","target":["#pay-range-70-80"]},{"any":[{"id":"duplicate-id-aria","data":"pay-range-80-90","relatedNodes":[],"impact":"critical","message":"Document has no elements referenced with ARIA or labels that share the same id attribute"}],"all":[],"none":[],"impact":null,"html":"<input class=\"nhsuk-checkboxes__input\" id=\"pay-range-80-90\" name=\"payRange\" type=\"checkbox\" value=\"80-90\" data-test=\"pay-range-80-90\">","target":["#pay-range-80-90"]},{"any":[{"id":"duplicate-id-aria","data":"pay-range-90-100","relatedNodes":[],"impact":"critical","message":"Document has no elements referenced with ARIA or labels that share the same id attribute"}],"all":[],"none":[],"impact":null,"html":"<input class=\"nhsuk-checkboxes__input\" id=\"pay-range-90-100\" name=\"payRange\" type=\"checkbox\" value=\"90-100\" data-test=\"pay-range-90-100\">","target":["#pay-range-90-100"]},{"any":[{"id":"duplicate-id-aria","data":"pay-range-100","relatedNodes":[],"impact":"critical","message":"Document has no elements referenced with ARIA or labels that share the same id attribute"}],"all":[],"none":[],"impact":null,"html":"<input class=\"nhsuk-checkboxes__input\" id=\"pay-range-100\" name=\"payRange\" type=\"checkbox\" value=\"100\" data-test=\"pay-range-100\">","target":["#pay-range-100"]},{"any":[{"id":"duplicate-id-aria","data":"pay-band-details","relatedNodes":[],"impact":"critical","message":"Document has no elements referenced with ARIA or labels that share the same id attribute"}],"all":[],"none":[],"impact":null,"html":"<div class=\"nhsuk-details__text\" id=\"pay-band-details\" aria-hidden=\"false\">","target":["#pay-band-details"]},{"any":[{"id":"duplicate-id-aria","data":"pay-band-2","relatedNodes":[],"impact":"critical","message":"Document has no elements referenced with ARIA or labels that share the same id attribute"}],"all":[],"none":[],"impact":null,"html":"<input class=\"nhsuk-checkboxes__input\" id=\"pay-band-2\" name=\"payBand\" type=\"checkbox\" value=\"BAND_2\" data-test=\"pay-band-2\">","target":["#pay-band-2"]},{"any":[{"id":"duplicate-id-aria","data":"pay-band-3","relatedNodes":[],"impact":"critical","message":"Document has no elements referenced with ARIA or labels that share the same id attribute"}],"all":[],"none":[],"impact":null,"html":"<input class=\"nhsuk-checkboxes__input\" id=\"pay-band-3\" name=\"payBand\" type=\"checkbox\" value=\"BAND_3\" data-test=\"pay-band-3\">","target":["#pay-band-3"]},{"any":[{"id":"duplicate-id-aria","data":"pay-band-4","relatedNodes":[],"impact":"critical","message":"Document has no elements referenced with ARIA or labels that share the same id attribute"}],"all":[],"none":[],"impact":null,"html":"<input class=\"nhsuk-checkboxes__input\" id=\"pay-band-4\" name=\"payBand\" type=\"checkbox\" value=\"BAND_4\" data-test=\"pay-band-4\">","target":["#pay-band-4"]},{"any":[{"id":"duplicate-id-aria","data":"pay-band-5","relatedNodes":[],"impact":"critical","message":"Document has no elements referenced with ARIA or labels that share the same id attribute"}],"all":[],"none":[],"impact":null,"html":"<input class=\"nhsuk-checkboxes__input\" id=\"pay-band-5\" name=\"payBand\" type=\"checkbox\" value=\"BAND_5\" data-test=\"pay-band-5\">","target":["#pay-band-5"]},{"any":[{"id":"duplicate-id-aria","data":"pay-band-6","relatedNodes":[],"impact":"critical","message":"Document has no elements referenced with ARIA or labels that share the same id attribute"}],"all":[],"none":[],"impact":null,"html":"<input class=\"nhsuk-checkboxes__input\" id=\"pay-band-6\" name=\"payBand\" type=\"checkbox\" value=\"BAND_6\" data-test=\"pay-band-6\">","target":["#pay-band-6"]},{"any":[{"id":"duplicate-id-aria","data":"pay-band-7","relatedNodes":[],"impact":"critical","message":"Document has no elements referenced with ARIA or labels that share the same id attribute"}],"all":[],"none":[],"impact":null,"html":"<input class=\"nhsuk-checkboxes__input\" id=\"pay-band-7\" name=\"payBand\" type=\"checkbox\" value=\"BAND_7\" data-test=\"pay-band-7\">","target":["#pay-band-7"]},{"any":[{"id":"duplicate-id-aria","data":"pay-band-8a","relatedNodes":[],"impact":"critical","message":"Document has no elements referenced with ARIA or labels that share the same id attribute"}],"all":[],"none":[],"impact":null,"html":"<input class=\"nhsuk-checkboxes__input\" id=\"pay-band-8a\" name=\"payBand\" type=\"checkbox\" value=\"BAND_8A\" data-test=\"pay-band-8a\">","target":["#pay-band-8a"]},{"any":[{"id":"duplicate-id-aria","data":"pay-band-8b","relatedNodes":[],"impact":"critical","message":"Document has no elements referenced with ARIA or labels that share the same id attribute"}],"all":[],"none":[],"impact":null,"html":"<input class=\"nhsuk-checkboxes__input\" id=\"pay-band-8b\" name=\"payBand\" type=\"checkbox\" value=\"BAND_8B\" data-test=\"pay-band-8b\">","target":["#pay-band-8b"]},{"any":[{"id":"duplicate-id-aria","data":"pay-band-8c","relatedNodes":[],"impact":"critical","message":"Document has no elements referenced with ARIA or labels that share the same id attribute"}],"all":[],"none":[],"impact":null,"html":"<input class=\"nhsuk-checkboxes__input\" id=\"pay-band-8c\" name=\"payBand\" type=\"checkbox\" value=\"BAND_8C\" data-test=\"pay-band-8c\">","target":["#pay-band-8c"]},{"any":[{"id":"duplicate-id-aria","data":"pay-band-8d","relatedNodes":[],"impact":"critical","message":"Document has no elements referenced with ARIA or labels that share the same id attribute"}],"all":[],"none":[],"impact":null,"html":"<input class=\"nhsuk-checkboxes__input\" id=\"pay-band-8d\" name=\"payBand\" type=\"checkbox\" value=\"BAND_8D\" data-test=\"pay-band-8d\">","target":["#pay-band-8d"]},{"any":[{"id":"duplicate-id-aria","data":"pay-band-9","relatedNodes":[],"impact":"critical","message":"Document has no elements referenced with ARIA or labels that share the same id attribute"}],"all":[],"none":[],"impact":null,"html":"<input class=\"nhsuk-checkboxes__input\" id=\"pay-band-9\" name=\"payBand\" type=\"checkbox\" value=\"BAND_9\" data-test=\"pay-band-9\">","target":["#pay-band-9"]},{"any":[{"id":"duplicate-id-aria","data":"specialty-doctor","relatedNodes":[],"impact":"critical","message":"Document has no elements referenced with ARIA or labels that share the same id attribute"}],"all":[],"none":[],"impact":null,"html":"<input class=\"nhsuk-checkboxes__input\" id=\"specialty-doctor\" name=\"payBand\" type=\"checkbox\" value=\"SPECIALTY_DOCTOR\" data-test=\"specialty-doctor\">","target":["#specialty-doctor"]},{"any":[{"id":"duplicate-id-aria","data":"foundation-doctor","relatedNodes":[],"impact":"critical","message":"Document has no elements referenced with ARIA or labels that share the same id attribute"}],"all":[],"none":[],"impact":null,"html":"<input class=\"nhsuk-checkboxes__input\" id=\"foundation-doctor\" name=\"payBand\" type=\"checkbox\" value=\"FOUNDATION_DOCTOR\" data-test=\"foundation-doctor\">","target":["#foundation-doctor"]},{"any":[{"id":"duplicate-id-aria","data":"consultant","relatedNodes":[],"impact":"critical","message":"Document has no elements referenced with ARIA or labels that share the same id attribute"}],"all":[],"none":[],"impact":null,"html":"<input class=\"nhsuk-checkboxes__input\" id=\"consultant\" name=\"payBand\" type=\"checkbox\" value=\"CONSULTANT\" data-test=\"consultant\">","target":["#consultant"]},{"any":[{"id":"duplicate-id-aria","data":"specialty-registrar","relatedNodes":[],"impact":"critical","message":"Document has no elements referenced with ARIA or labels that share the same id attribute"}],"all":[],"none":[],"impact":null,"html":"<input class=\"nhsuk-checkboxes__input\" id=\"specialty-registrar\" name=\"payBand\" type=\"checkbox\" value=\"SPECIALTY_REGISTRAR\" data-test=\"specialty-registrar\">","target":["#specialty-registrar"]},{"any":[{"id":"duplicate-id-aria","data":"doctor-other","relatedNodes":[],"impact":"critical","message":"Document has no elements referenced with ARIA or labels that share the same id attribute"}],"all":[],"none":[],"impact":null,"html":"<input class=\"nhsuk-checkboxes__input\" id=\"doctor-other\" name=\"payBand\" type=\"checkbox\" value=\"DOCTOR_OTHER\" data-test=\"doctor-other\">","target":["#doctor-other"]},{"any":[{"id":"duplicate-id-aria","data":"specialist","relatedNodes":[],"impact":"critical","message":"Document has no elements referenced with ARIA or labels that share the same id attribute"}],"all":[],"none":[],"impact":null,"html":"<input class=\"nhsuk-checkboxes__input\" id=\"specialist\" name=\"payBand\" type=\"checkbox\" value=\"SPECIALIST\" data-test=\"specialist\">","target":["#specialist"]},{"any":[{"id":"duplicate-id-aria","data":"very-senior-manager","relatedNodes":[],"impact":"critical","message":"Document has no elements referenced with ARIA or labels that share the same id attribute"}],"all":[],"none":[],"impact":null,"html":"<input class=\"nhsuk-checkboxes__input\" id=\"very-senior-manager\" name=\"payBand\" type=\"checkbox\" value=\"VERY_SENIOR_MANAGER\" data-test=\"very-senior-manager\">","target":["#very-senior-manager"]},{"any":[{"id":"duplicate-id-aria","data":"sort","relatedNodes":[],"impact":"critical","message":"Document has no elements referenced with ARIA or labels that share the same id attribute"}],"all":[],"none":[],"impact":null,"html":"<select class=\"nhsuk-select nhsuk-inline-select\" id=\"sort\" name=\"sort\" data-test=\"sort-input\" value=\"\" onchange=\"sortform.submit()\">","target":["#sort"]}]},{"id":"duplicate-id","impact":"minor","tags":["cat.parsing","wcag2a","wcag411"],"description":"Ensures every id attribute value is unique","help":"id attribute value must be unique","helpUrl":"https://dequeuniversity.com/rules/axe/4.7/duplicate-id?application=axeAPI","nodes":[{"any":[{"id":"duplicate-id","data":"main-body","relatedNodes":[],"impact":"minor","message":"Document has no static elements that share the same id attribute"}],"all":[],"none":[],"impact":null,"html":"<body class=\" govuk-frontend-supported js-enabled\" id=\"main-body\">","target":["#main-body"]},{"any":[{"id":"duplicate-id","data":"accepted-cookies-message","relatedNodes":[],"impact":"minor","message":"Document has no static elements that share the same id attribute"}],"all":[],"none":[],"impact":null,"html":"<span id=\"accepted-cookies-message\">You’ve accepted analytics cookies. You can \n      <a href=\"/candidate/cookies\" id=\"change-cookies-settings\" aria-label=\"Go to the cookie information page\">change your cookie settings</a> at any time.</span>","target":["#accepted-cookies-message"]},{"any":[{"id":"duplicate-id","data":"content-header","relatedNodes":[],"impact":"minor","message":"Document has no static elements that share the same id attribute"}],"all":[],"none":[],"impact":null,"html":"<div class=\"nhsuk-header__content\" id=\"content-header\">","target":["#content-header"]},{"any":[{"id":"duplicate-id","data":"toggle-menu","relatedNodes":[],"impact":"minor","message":"Document has no static elements that share the same id attribute"}],"all":[],"none":[],"impact":null,"html":"<button class=\"nhsuk-header__menu-toggle\" id=\"toggle-menu\" aria-controls=\"header-navigation\" aria-label=\"Open menu\">\n          Menu\n        </button>","target":["#toggle-menu"]},{"any":[{"id":"duplicate-id","data":"toggle-search","relatedNodes":[],"impact":"minor","message":"Document has no static elements that share the same id attribute"}],"all":[],"none":[],"impact":null,"html":"<button class=\"nhsuk-header__search-toggle\" id=\"toggle-search\" aria-label=\"Open search\">","target":["#toggle-search"]},{"any":[{"id":"duplicate-id","data":"close-menu","relatedNodes":[],"impact":"minor","message":"Document has no static elements that share the same id attribute"}],"all":[],"none":[],"impact":null,"html":"<button class=\"nhsuk-header__navigation-close\" id=\"close-menu\">\n          <img src=\"/candidate/search/public/images/icons-close.svg\" alt=\"Close\">\n          <span class=\"nhsuk-u-visually-hidden\">Close menu</span>\n        </button>","target":["#close-menu"]},{"any":[{"id":"duplicate-id","data":"candidate_sign_in_mobile","relatedNodes":[],"impact":"minor","message":"Document has no static elements that share the same id attribute"}],"all":[],"none":[],"impact":null,"html":"<a class=\"nhsuk-header__navigation-link\" href=\"/candidate/auth/login\" id=\"candidate_sign_in_mobile\">","target":["#candidate_sign_in_mobile"]},{"any":[{"id":"duplicate-id","data":"searchFilterRibbon","relatedNodes":[],"impact":"minor","message":"Document has no static elements that share the same id attribute"}],"all":[],"none":[],"impact":null,"html":"<div class=\"nhsuk-width-container nhsuk-hero--border  nhsuk-u-padding-top-3 searchRibbon\" id=\"searchFilterRibbon\">","target":["#searchFilterRibbon"]},{"any":[{"id":"duplicate-id","data":"search-results-heading","relatedNodes":[],"impact":"minor","message":"Document has no static elements that share the same id attribute"}],"all":[],"none":[],"impact":null,"html":"<h1 data-test=\"search-result-query\" id=\"search-results-heading\" class=\"nhsuk-heading-xl nhsuk-u-padding-left-4 nhsuk-u-margin-bottom-4\" aria-label=\"562 jobs found for Carer in London. Sorted by: Best Match\">\n          562 jobs found for Carer in London\n        </h1>","target":["#search-results-heading"]},{"any":[{"id":"duplicate-id","data":"search_form","relatedNodes":[],"impact":"minor","message":"Document has no static elements that share the same id attribute"}],"all":[],"none":[],"impact":null,"html":"<form method=\"post\" id=\"search_form\">","target":["#search_form"]},{"any":[{"id":"duplicate-id","data":"search-group-label","relatedNodes":[],"impact":"minor","message":"Document has no static elements that share the same id attribute"}],"all":[],"none":[],"impact":null,"html":"<legend class=\"js-hidden\" id=\"search-group-label\">Search for jobs in the NHS</legend>","target":["#search-group-label"]},{"any":[{"id":"duplicate-id","data":"autocomplete-container","relatedNodes":[],"impact":"minor","message":"Document has no static elements that share the same id attribute"}],"all":[],"none":[],"impact":null,"html":"<div id=\"autocomplete-container\">","target":["#autocomplete-container"]},{"any":[{"id":"duplicate-id","data":"location__status--A","relatedNodes":[],"impact":"minor","message":"Document has no static elements that share the same id attribute"}],"all":[],"none":[],"impact":null,"html":"<div id=\"location__status--A\" role=\"status\" aria-atomic=\"true\" aria-live=\"polite\"></div>","target":["#location__status--A"]},{"any":[{"id":"duplicate-id","data":"location__status--B","relatedNodes":[],"impact":"minor","message":"Document has no static elements that share the same id attribute"}],"all":[],"none":[],"impact":null,"html":"<div id=\"location__status--B\" role=\"status\" aria-atomic=\"true\" aria-live=\"polite\"></div>","target":["#location__status--B"]},{"any":[{"id":"duplicate-id","data":"location__option--0","relatedNodes":[],"impact":"minor","message":"Document has no static elements that share the same id attribute"}],"all":[],"none":[],"impact":null,"html":"<li aria-selected=\"false\" class=\"autocomplete__option\" id=\"location__option--0\" role=\"option\" tabindex=\"-1\" aria-posinset=\"1\" aria-setsize=\"1\">London</li>","target":["#location__option--0"]},{"any":[{"id":"duplicate-id","data":"additionalSearchPanel","relatedNodes":[],"impact":"minor","message":"Document has no static elements that share the same id attribute"}],"all":[],"none":[],"impact":null,"html":"<fieldset class=\"nhsuk-fieldset searchOptionStateHide\" id=\"additionalSearchPanel\">","target":["#additionalSearchPanel"]},{"any":[{"id":"duplicate-id","data":"additional-search-legend","relatedNodes":[],"impact":"minor","message":"Document has no static elements that share the same id attribute"}],"all":[],"none":[],"impact":null,"html":"<legend class=\"nhsuk-heading-l nhsuk-u-visually-hidden\" id=\"additional-search-legend\" aria-hidden=\"true\">\n            Additional search options\n          </legend>","target":["#additional-search-legend"]},{"any":[{"id":"duplicate-id","data":"search-controls-legend","relatedNodes":[],"impact":"minor","message":"Document has no static elements that share the same id attribute"}],"all":[],"none":[],"impact":null,"html":"<legend class=\"nhsuk-heading-l nhsuk-u-visually-hidden\" id=\"search-controls-legend\" aria-hidden=\"true\">\n            Search controls\n          </legend>","target":["#search-controls-legend"]},{"any":[{"id":"duplicate-id","data":"maincontent","relatedNodes":[],"impact":"minor","message":"Document has no static elements that share the same id attribute"}],"all":[],"none":[],"impact":null,"html":"<main class=\"nhsuk-main-wrapper \" id=\"maincontent\" role=\"main\">","target":["#maincontent"]},{"any":[{"id":"duplicate-id","data":"refineFilterHideShow","relatedNodes":[],"impact":"minor","message":"Document has no static elements that share the same id attribute"}],"all":[],"none":[],"impact":null,"html":"<h2 class=\"nhsuk-heading-m  show-mobile show-tab\" id=\"refineFilterHideShow\">\n        <a data-test=\"refine-search\">Refine your search (1)</a>\n      </h2>","target":["#refineFilterHideShow"]},{"any":[{"id":"duplicate-id","data":"refineFilter","relatedNodes":[],"impact":"minor","message":"Document has no static elements that share the same id attribute"}],"all":[],"none":[],"impact":null,"html":"<div id=\"refineFilter\">","target":["#refineFilter"]},{"any":[{"id":"duplicate-id","data":"distance_wrapper","relatedNodes":[],"impact":"minor","message":"Document has no static elements that share the same id attribute"}],"all":[],"none":[],"impact":null,"html":"<div class=\"nhsuk-details__text\" id=\"distance_wrapper\" aria-hidden=\"false\">","target":["#distance_wrapper"]},{"any":[{"id":"duplicate-id","data":"covid-only-details","relatedNodes":[],"impact":"minor","message":"Document has no static elements that share the same id attribute"}],"all":[],"none":[],"impact":null,"html":"<div class=\"nhsuk-details__text\" id=\"covid-only-details\" aria-hidden=\"false\">","target":["#covid-only-details"]},{"any":[{"id":"duplicate-id","data":"job-title-1","relatedNodes":[],"impact":"minor","message":"Document has no static elements that share the same id attribute"}],"all":[],"none":[],"impact":null,"html":"<h2 class=\"nhsuk-heading-m nhsuk-u-margin-bottom-2\" id=\"job-title-1\">","target":["#job-title-1"]},{"any":[{"id":"duplicate-id","data":"job-title-2","relatedNodes":[],"impact":"minor","message":"Document has no static elements that share the same id attribute"}],"all":[],"none":[],"impact":null,"html":"<h2 class=\"nhsuk-heading-m nhsuk-u-margin-bottom-2\" id=\"job-title-2\">","target":["#job-title-2"]},{"any":[{"id":"duplicate-id","data":"job-title-3","relatedNodes":[],"impact":"minor","message":"Document has no static elements that share the same id attribute"}],"all":[],"none":[],"impact":null,"html":"<h2 class=\"nhsuk-heading-m nhsuk-u-margin-bottom-2\" id=\"job-title-3\">","target":["#job-title-3"]},{"any":[{"id":"duplicate-id","data":"job-title-4","relatedNodes":[],"impact":"minor","message":"Document has no static elements that share the same id attribute"}],"all":[],"none":[],"impact":null,"html":"<h2 class=\"nhsuk-heading-m nhsuk-u-margin-bottom-2\" id=\"job-title-4\">","target":["#job-title-4"]},{"any":[{"id":"duplicate-id","data":"job-title-5","relatedNodes":[],"impact":"minor","message":"Document has no static elements that share the same id attribute"}],"all":[],"none":[],"impact":null,"html":"<h2 class=\"nhsuk-heading-m nhsuk-u-margin-bottom-2\" id=\"job-title-5\">","target":["#job-title-5"]},{"any":[{"id":"duplicate-id","data":"job-title-6","relatedNodes":[],"impact":"minor","message":"Document has no static elements that share the same id attribute"}],"all":[],"none":[],"impact":null,"html":"<h2 class=\"nhsuk-heading-m nhsuk-u-margin-bottom-2\" id=\"job-title-6\">","target":["#job-title-6"]},{"any":[{"id":"duplicate-id","data":"job-title-7","relatedNodes":[],"impact":"minor","message":"Document has no static elements that share the same id attribute"}],"all":[],"none":[],"impact":null,"html":"<h2 class=\"nhsuk-heading-m nhsuk-u-margin-bottom-2\" id=\"job-title-7\">","target":["#job-title-7"]},{"any":[{"id":"duplicate-id","data":"job-title-8","relatedNodes":[],"impact":"minor","message":"Document has no static elements that share the same id attribute"}],"all":[],"none":[],"impact":null,"html":"<h2 class=\"nhsuk-heading-m nhsuk-u-margin-bottom-2\" id=\"job-title-8\">","target":["#job-title-8"]},{"any":[{"id":"duplicate-id","data":"job-title-9","relatedNodes":[],"impact":"minor","message":"Document has no static elements that share the same id attribute"}],"all":[],"none":[],"impact":null,"html":"<h2 class=\"nhsuk-heading-m nhsuk-u-margin-bottom-2\" id=\"job-title-9\">","target":["#job-title-9"]},{"any":[{"id":"duplicate-id","data":"job-title-10","relatedNodes":[],"impact":"minor","message":"Document has no static elements that share the same id attribute"}],"all":[],"none":[],"impact":null,"html":"<h2 class=\"nhsuk-heading-m nhsuk-u-margin-bottom-2\" id=\"job-title-10\">","target":["#job-title-10"]},{"any":[{"id":"duplicate-id","data":"nhsuk-footer","relatedNodes":[],"impact":"minor","message":"Document has no static elements that share the same id attribute"}],"all":[],"none":[],"impact":null,"html":"<div class=\"nhsuk-footer\" id=\"nhsuk-footer\">","target":["#nhsuk-footer"]}]},{"id":"empty-heading","impact":null,"tags":["cat.name-role-value","best-practice"],"description":"Ensures headings have discernible text","help":"Headings should not be empty","helpUrl":"https://dequeuniversity.com/rules/axe/4.7/empty-heading?application=axeAPI","nodes":[{"any":[{"id":"has-visible-text","data":null,"relatedNodes":[],"impact":"minor","message":"Element has text that is visible to screen readers"},{"id":"aria-label","data":null,"relatedNodes":[],"impact":"minor","message":"aria-label attribute exists and is not empty"}],"all":[],"none":[],"impact":null,"html":"<h1 data-test=\"search-result-query\" id=\"search-results-heading\" class=\"nhsuk-heading-xl nhsuk-u-padding-left-4 nhsuk-u-margin-bottom-4\" aria-label=\"562 jobs found for Carer in London. Sorted by: Best Match\">\n          562 jobs found for Carer in London\n        </h1>","target":["#search-results-heading"]},{"any":[{"id":"has-visible-text","data":null,"relatedNodes":[],"impact":"minor","message":"Element has text that is visible to screen readers"}],"all":[],"none":[],"impact":null,"html":"<h2 class=\"nhsuk-heading-s\">Refine your search</h2>","target":[".nhsuk-heading-s"]},{"any":[{"id":"has-visible-text","data":null,"relatedNodes":[],"impact":"minor","message":"Element has text that is visible to screen readers"}],"all":[],"none":[],"impact":null,"html":"<h3 class=\"nhsuk-heading-m\">\n    <a href=\"/candidate/search/save/alerts\" data-test=\"save-search\">Save this search</a>\n</h3>","target":[".hide-mobile > h3"]},{"any":[{"id":"has-visible-text","data":null,"relatedNodes":[],"impact":"minor","message":"Element has text that is visible to screen readers"}],"all":[],"none":[],"impact":null,"html":"<h2 class=\"nhsuk-heading-m nhsuk-u-margin-bottom-2\" id=\"job-title-1\">","target":["#job-title-1"]},{"any":[{"id":"has-visible-text","data":null,"relatedNodes":[],"impact":"minor","message":"Element has text that is visible to screen readers"}],"all":[],"none":[],"impact":null,"html":"<h3 class=\"nhsuk-u-font-weight-bold\">\n          NHS Blood and Transplant\n          <div class=\"location-font-size\">\n            \n              London  HA8 0AD\n            \n          </div>\n        </h3>","target":[".nhsuk-list-panel.search-result.nhsuk-u-padding-3:nth-child(1) > .nhsuk-u-margin-bottom-4[data-test=\"search-result-location\"] > h3"]},{"any":[{"id":"has-visible-text","data":null,"relatedNodes":[],"impact":"minor","message":"Element has text that is visible to screen readers"}],"all":[],"none":[],"impact":null,"html":"<h2 class=\"nhsuk-heading-m nhsuk-u-margin-bottom-2\" id=\"job-title-2\">","target":["#job-title-2"]},{"any":[{"id":"has-visible-text","data":null,"relatedNodes":[],"impact":"minor","message":"Element has text that is visible to screen readers"}],"all":[],"none":[],"impact":null,"html":"<h3 class=\"nhsuk-u-font-weight-bold\">\n          Noah’s Ark Children’s Hospice\n          <div class=\"location-font-size\">\n            \n              Barnet EN5 4NP\n            \n          </div>\n        </h3>","target":[".nhsuk-list-panel.search-result.nhsuk-u-padding-3:nth-child(2) > .nhsuk-u-margin-bottom-4[data-test=\"search-result-location\"] > h3"]},{"any":[{"id":"has-visible-text","data":null,"relatedNodes":[],"impact":"minor","message":"Element has text that is visible to screen readers"}],"all":[],"none":[],"impact":null,"html":"<h2 class=\"nhsuk-heading-m nhsuk-u-margin-bottom-2\" id=\"job-title-3\">","target":["#job-title-3"]},{"any":[{"id":"has-visible-text","data":null,"relatedNodes":[],"impact":"minor","message":"Element has text that is visible to screen readers"}],"all":[],"none":[],"impact":null,"html":"<h3 class=\"nhsuk-u-font-weight-bold\">\n          Noah’s Ark Children’s Hospice\n          <div class=\"location-font-size\">\n            \n              Barnet EN5 4NP\n            \n          </div>\n        </h3>","target":[".nhsuk-list-panel.search-result.nhsuk-u-padding-3:nth-child(3) > .nhsuk-u-margin-bottom-4[data-test=\"search-result-location\"] > h3"]},{"any":[{"id":"has-visible-text","data":null,"relatedNodes":[],"impact":"minor","message":"Element has text that is visible to screen readers"}],"all":[],"none":[],"impact":null,"html":"<h2 class=\"nhsuk-heading-m nhsuk-u-margin-bottom-2\" id=\"job-title-4\">","target":["#job-title-4"]},{"any":[{"id":"has-visible-text","data":null,"relatedNodes":[],"impact":"minor","message":"Element has text that is visible to screen readers"}],"all":[],"none":[],"impact":null,"html":"<h3 class=\"nhsuk-u-font-weight-bold\">\n          Barchester Healthcare\n          <div class=\"location-font-size\">\n            \n              Bromley BR2 7BX\n            \n          </div>\n        </h3>","target":[".nhsuk-list-panel.search-result.nhsuk-u-padding-3:nth-child(4) > .nhsuk-u-margin-bottom-4[data-test=\"search-result-location\"] > h3"]},{"any":[{"id":"has-visible-text","data":null,"relatedNodes":[],"impact":"minor","message":"Element has text that is visible to screen readers"}],"all":[],"none":[],"impact":null,"html":"<h2 class=\"nhsuk-heading-m nhsuk-u-margin-bottom-2\" id=\"job-title-5\">","target":["#job-title-5"]},{"any":[{"id":"has-visible-text","data":null,"relatedNodes":[],"impact":"minor","message":"Element has text that is visible to screen readers"}],"all":[],"none":[],"impact":null,"html":"<h3 class=\"nhsuk-u-font-weight-bold\">\n          Noah’s Ark Children’s Hospice\n          <div class=\"location-font-size\">\n            \n              Barnet EN5 4NP\n            \n          </div>\n        </h3>","target":[".nhsuk-list-panel.search-result.nhsuk-u-padding-3:nth-child(5) > .nhsuk-u-margin-bottom-4[data-test=\"search-result-location\"] > h3"]},{"any":[{"id":"has-visible-text","data":null,"relatedNodes":[],"impact":"minor","message":"Element has text that is visible to screen readers"}],"all":[],"none":[],"impact":null,"html":"<h2 class=\"nhsuk-heading-m nhsuk-u-margin-bottom-2\" id=\"job-title-6\">","target":["#job-title-6"]},{"any":[{"id":"has-visible-text","data":null,"relatedNodes":[],"impact":"minor","message":"Element has text that is visible to screen readers"}],"all":[],"none":[],"impact":null,"html":"<h3 class=\"nhsuk-u-font-weight-bold\">\n          Noah’s Ark Children’s Hospice\n          <div class=\"location-font-size\">\n            \n              Barnet EN5 4NP\n            \n          </div>\n        </h3>","target":[".nhsuk-list-panel.search-result.nhsuk-u-padding-3:nth-child(6) > .nhsuk-u-margin-bottom-4[data-test=\"search-result-location\"] > h3"]},{"any":[{"id":"has-visible-text","data":null,"relatedNodes":[],"impact":"minor","message":"Element has text that is visible to screen readers"}],"all":[],"none":[],"impact":null,"html":"<h2 class=\"nhsuk-heading-m nhsuk-u-margin-bottom-2\" id=\"job-title-7\">","target":["#job-title-7"]},{"any":[{"id":"has-visible-text","data":null,"relatedNodes":[],"impact":"minor","message":"Element has text that is visible to screen readers"}],"all":[],"none":[],"impact":null,"html":"<h3 class=\"nhsuk-u-font-weight-bold\">\n          HCRG Care Group\n          <div class=\"location-font-size\">\n            \n              Chertsey KT16 8LA\n            \n          </div>\n        </h3>","target":[".nhsuk-list-panel.search-result.nhsuk-u-padding-3:nth-child(7) > .nhsuk-u-margin-bottom-4[data-test=\"search-result-location\"] > h3"]},{"any":[{"id":"has-visible-text","data":null,"relatedNodes":[],"impact":"minor","message":"Element has text that is visible to screen readers"}],"all":[],"none":[],"impact":null,"html":"<h2 class=\"nhsuk-heading-m nhsuk-u-margin-bottom-2\" id=\"job-title-8\">","target":["#job-title-8"]},{"any":[{"id":"has-visible-text","data":null,"relatedNodes":[],"impact":"minor","message":"Element has text that is visible to screen readers"}],"all":[],"none":[],"impact":null,"html":"<h3 class=\"nhsuk-u-font-weight-bold\">\n          HCRG Care Group\n          <div class=\"location-font-size\">\n            \n              Chertsey KT16 8LA\n            \n          </div>\n        </h3>","target":[".nhsuk-list-panel.search-result.nhsuk-u-padding-3:nth-child(8) > .nhsuk-u-margin-bottom-4[data-test=\"search-result-location\"] > h3"]},{"any":[{"id":"has-visible-text","data":null,"relatedNodes":[],"impact":"minor","message":"Element has text that is visible to screen readers"}],"all":[],"none":[],"impact":null,"html":"<h2 class=\"nhsuk-heading-m nhsuk-u-margin-bottom-2\" id=\"job-title-9\">","target":["#job-title-9"]},{"any":[{"id":"has-visible-text","data":null,"relatedNodes":[],"impact":"minor","message":"Element has text that is visible to screen readers"}],"all":[],"none":[],"impact":null,"html":"<h3 class=\"nhsuk-u-font-weight-bold\">\n          HCRG Care Group\n          <div class=\"location-font-size\">\n            \n              Chertsey KT16 8LA\n            \n          </div>\n        </h3>","target":[".nhsuk-list-panel.search-result.nhsuk-u-padding-3:nth-child(9) > .nhsuk-u-margin-bottom-4[data-test=\"search-result-location\"] > h3"]},{"any":[{"id":"has-visible-text","data":null,"relatedNodes":[],"impact":"minor","message":"Element has text that is visible to screen readers"}],"all":[],"none":[],"impact":null,"html":"<h2 class=\"nhsuk-heading-m nhsuk-u-margin-bottom-2\" id=\"job-title-10\">","target":["#job-title-10"]},{"any":[{"id":"has-visible-text","data":null,"relatedNodes":[],"impact":"minor","message":"Element has text that is visible to screen readers"}],"all":[],"none":[],"impact":null,"html":"<h3 class=\"nhsuk-u-font-weight-bold\">\n          HCRG Care Group\n          <div class=\"location-font-size\">\n            \n              Chertsey KT16 8LA\n            \n          </div>\n        </h3>","target":[".nhsuk-list-panel.search-result.nhsuk-u-padding-3:nth-child(10) > .nhsuk-u-margin-bottom-4[data-test=\"search-result-location\"] > h3"]},{"any":[{"id":"has-visible-text","data":null,"relatedNodes":[],"impact":"minor","message":"Element has text that is visible to screen readers"}],"all":[],"none":[],"impact":null,"html":"<h2 class=\"nhsuk-u-visually-hidden\">Support links</h2>","target":[".nhsuk-width-container > .nhsuk-u-visually-hidden"]}]},{"id":"form-field-multiple-labels","impact":null,"tags":["cat.forms","wcag2a","wcag332","TTv5","TT5.c"],"description":"Ensures form field does not have multiple label elements","help":"Form field must not have multiple label elements","helpUrl":"https://dequeuniversity.com/rules/axe/4.7/form-field-multiple-labels?application=axeAPI","nodes":[{"any":[],"all":[],"none":[{"id":"multiple-label","data":null,"relatedNodes":[{"html":"<label class=\"nhsuk-label nhsuk-u-font-weight-bold white-text\" for=\"keyword\">What?</label>","target":["label[for=\"keyword\"]"]}],"impact":"moderate","message":"Form field does not have multiple label elements"}],"impact":null,"html":"<input name=\"keyword\" id=\"keyword\" value=\"Carer\" class=\"nhsuk-input nhsuk-u--width-full\" type=\"search\" data-test=\"search-jobTitle-input\" aria-label=\"Search What? For example, job title or skills\">","target":["#keyword"]},{"any":[],"all":[],"none":[{"id":"multiple-label","data":null,"relatedNodes":[{"html":"<label class=\"nhsuk-label nhsuk-u-font-weight-bold white-text\" for=\"location\">Where?</label>","target":["label[for=\"location\"]"]}],"impact":"moderate","message":"Form field does not have multiple label elements"}],"impact":null,"html":"<input aria-describedby=\"location__assistiveHint\" aria-expanded=\"false\" aria-controls=\"location__listbox\" aria-autocomplete=\"list\" autocomplete=\"off\" class=\"nhsuk-input nhsuk-u--width-full\" id=\"location\" name=\"location\" placeholder=\"\" type=\"search\" role=\"combobox\" data-test=\"search-location-input\" aria-label=\"Search Where? For example, a postcode, town or city, search text field\">","target":["#location"]},{"any":[],"all":[],"none":[{"id":"multiple-label","data":null,"relatedNodes":[{"html":"<label class=\"nhsuk-label nhsuk-inline-label\" for=\"sort\">Sort by</label>","target":[".nhsuk-inline-label"]}],"impact":"moderate","message":"Form field does not have multiple label elements"}],"impact":null,"html":"<select class=\"nhsuk-select nhsuk-inline-select\" id=\"sort\" name=\"sort\" data-test=\"sort-input\" value=\"\" onchange=\"sortform.submit()\">","target":["#sort"]}]},{"id":"heading-order","impact":null,"tags":["cat.semantics","best-practice"],"description":"Ensures the order of headings is semantically correct","help":"Heading levels should only increase by one","helpUrl":"https://dequeuniversity.com/rules/axe/4.7/heading-order?application=axeAPI","nodes":[{"any":[{"id":"heading-order","data":{"headingOrder":[{"ancestry":["html > body > section:nth-child(4) > div > div > div:nth-child(1) > h1"],"level":1},{"ancestry":["html > body > div:nth-child(5) > main > div:nth-child(2) > div:nth-child(1) > div:nth-child(1) > form > fieldset:nth-child(1) > legend:nth-child(1) > h2"],"level":2},{"ancestry":["html > body > div:nth-child(5) > main > div:nth-child(2) > div:nth-child(1) > div:nth-child(2) > h3:nth-child(1)"],"level":3},{"ancestry":["html > body > div:nth-child(5) > main > div:nth-child(2) > div:nth-child(2) > ul:nth-child(2) > li:nth-child(1) > div:nth-child(1) > div:nth-child(1) > h2"],"level":2},{"ancestry":["html > body > div:nth-child(5) > main > div:nth-child(2) > div:nth-child(2) > ul:nth-child(2) > li:nth-child(1) > div:nth-child(2) > h3"],"level":3},{"ancestry":["html > body > div:nth-child(5) > main > div:nth-child(2) > div:nth-child(2) > ul:nth-child(2) > li:nth-child(2) > div:nth-child(1) > div:nth-child(1) > h2"],"level":2},{"ancestry":["html > body > div:nth-child(5) > main > div:nth-child(2) > div:nth-child(2) > ul:nth-child(2) > li:nth-child(2) > div:nth-child(2) > h3"],"level":3},{"ancestry":["html > body > div:nth-child(5) > main > div:nth-child(2) > div:nth-child(2) > ul:nth-child(2) > li:nth-child(3) > div:nth-child(1) > div:nth-child(1) > h2"],"level":2},{"ancestry":["html > body > div:nth-child(5) > main > div:nth-child(2) > div:nth-child(2) > ul:nth-child(2) > li:nth-child(3) > div:nth-child(2) > h3"],"level":3},{"ancestry":["html > body > div:nth-child(5) > main > div:nth-child(2) > div:nth-child(2) > ul:nth-child(2) > li:nth-child(4) > div:nth-child(1) > div:nth-child(1) > h2"],"level":2},{"ancestry":["html > body > div:nth-child(5) > main > div:nth-child(2) > div:nth-child(2) > ul:nth-child(2) > li:nth-child(4) > div:nth-child(2) > h3"],"level":3},{"ancestry":["html > body > div:nth-child(5) > main > div:nth-child(2) > div:nth-child(2) > ul:nth-child(2) > li:nth-child(5) > div:nth-child(1) > div:nth-child(1) > h2"],"level":2},{"ancestry":["html > body > div:nth-child(5) > main > div:nth-child(2) > div:nth-child(2) > ul:nth-child(2) > li:nth-child(5) > div:nth-child(2) > h3"],"level":3},{"ancestry":["html > body > div:nth-child(5) > main > div:nth-child(2) > div:nth-child(2) > ul:nth-child(2) > li:nth-child(6) > div:nth-child(1) > div:nth-child(1) > h2"],"level":2},{"ancestry":["html > body > div:nth-child(5) > main > div:nth-child(2) > div:nth-child(2) > ul:nth-child(2) > li:nth-child(6) > div:nth-child(2) > h3"],"level":3},{"ancestry":["html > body > div:nth-child(5) > main > div:nth-child(2) > div:nth-child(2) > ul:nth-child(2) > li:nth-child(7) > div:nth-child(1) > div:nth-child(1) > h2"],"level":2},{"ancestry":["html > body > div:nth-child(5) > main > div:nth-child(2) > div:nth-child(2) > ul:nth-child(2) > li:nth-child(7) > div:nth-child(2) > h3"],"level":3},{"ancestry":["html > body > div:nth-child(5) > main > div:nth-child(2) > div:nth-child(2) > ul:nth-child(2) > li:nth-child(8) > div:nth-child(1) > div:nth-child(1) > h2"],"level":2},{"ancestry":["html > body > div:nth-child(5) > main > div:nth-child(2) > div:nth-child(2) > ul:nth-child(2) > li:nth-child(8) > div:nth-child(2) > h3"],"level":3},{"ancestry":["html > body > div:nth-child(5) > main > div:nth-child(2) > div:nth-child(2) > ul:nth-child(2) > li:nth-child(9) > div:nth-child(1) > div:nth-child(1) > h2"],"level":2},{"ancestry":["html > body > div:nth-child(5) > main > div:nth-child(2) > div:nth-child(2) > ul:nth-child(2) > li:nth-child(9) > div:nth-child(2) > h3"],"level":3},{"ancestry":["html > body > div:nth-child(5) > main > div:nth-child(2) > div:nth-child(2) > ul:nth-child(2) > li:nth-child(10) > div:nth-child(1) > div:nth-child(1) > h2"],"level":2},{"ancestry":["html > body > div:nth-child(5) > main > div:nth-child(2) > div:nth-child(2) > ul:nth-child(2) > li:nth-child(10) > div:nth-child(2) > h3"],"level":3},{"ancestry":["html > body > footer:nth-child(6) > div > div > h2:nth-child(1)"],"level":2}]},"relatedNodes":[],"impact":"moderate","message":"Heading order valid"}],"all":[],"none":[],"impact":null,"html":"<h1 data-test=\"search-result-query\" id=\"search-results-heading\" class=\"nhsuk-heading-xl nhsuk-u-padding-left-4 nhsuk-u-margin-bottom-4\" aria-label=\"562 jobs found for Carer in London. Sorted by: Best Match\">\n          562 jobs found for Carer in London\n        </h1>","target":["#search-results-heading"]},{"any":[{"id":"heading-order","data":null,"relatedNodes":[],"impact":"moderate","message":"Heading order valid"}],"all":[],"none":[],"impact":null,"html":"<h2 class=\"nhsuk-heading-s\">Refine your search</h2>","target":[".nhsuk-heading-s"]},{"any":[{"id":"heading-order","data":null,"relatedNodes":[],"impact":"moderate","message":"Heading order valid"}],"all":[],"none":[],"impact":null,"html":"<h3 class=\"nhsuk-heading-m\">\n    <a href=\"/candidate/search/save/alerts\" data-test=\"save-search\">Save this search</a>\n</h3>","target":[".hide-mobile > h3"]},{"any":[{"id":"heading-order","data":null,"relatedNodes":[],"impact":"moderate","message":"Heading order valid"}],"all":[],"none":[],"impact":null,"html":"<h2 class=\"nhsuk-heading-m nhsuk-u-margin-bottom-2\" id=\"job-title-1\">","target":["#job-title-1"]},{"any":[{"id":"heading-order","data":null,"relatedNodes":[],"impact":"moderate","message":"Heading order valid"}],"all":[],"none":[],"impact":null,"html":"<h3 class=\"nhsuk-u-font-weight-bold\">\n          NHS Blood and Transplant\n          <div class=\"location-font-size\">\n            \n              London  HA8 0AD\n            \n          </div>\n        </h3>","target":[".nhsuk-list-panel.search-result.nhsuk-u-padding-3:nth-child(1) > .nhsuk-u-margin-bottom-4[data-test=\"search-result-location\"] > h3"]},{"any":[{"id":"heading-order","data":null,"relatedNodes":[],"impact":"moderate","message":"Heading order valid"}],"all":[],"none":[],"impact":null,"html":"<h2 class=\"nhsuk-heading-m nhsuk-u-margin-bottom-2\" id=\"job-title-2\">","target":["#job-title-2"]},{"any":[{"id":"heading-order","data":null,"relatedNodes":[],"impact":"moderate","message":"Heading order valid"}],"all":[],"none":[],"impact":null,"html":"<h3 class=\"nhsuk-u-font-weight-bold\">\n          Noah’s Ark Children’s Hospice\n          <div class=\"location-font-size\">\n            \n              Barnet EN5 4NP\n            \n          </div>\n        </h3>","target":[".nhsuk-list-panel.search-result.nhsuk-u-padding-3:nth-child(2) > .nhsuk-u-margin-bottom-4[data-test=\"search-result-location\"] > h3"]},{"any":[{"id":"heading-order","data":null,"relatedNodes":[],"impact":"moderate","message":"Heading order valid"}],"all":[],"none":[],"impact":null,"html":"<h2 class=\"nhsuk-heading-m nhsuk-u-margin-bottom-2\" id=\"job-title-3\">","target":["#job-title-3"]},{"any":[{"id":"heading-order","data":null,"relatedNodes":[],"impact":"moderate","message":"Heading order valid"}],"all":[],"none":[],"impact":null,"html":"<h3 class=\"nhsuk-u-font-weight-bold\">\n          Noah’s Ark Children’s Hospice\n          <div class=\"location-font-size\">\n            \n              Barnet EN5 4NP\n            \n          </div>\n        </h3>","target":[".nhsuk-list-panel.search-result.nhsuk-u-padding-3:nth-child(3) > .nhsuk-u-margin-bottom-4[data-test=\"search-result-location\"] > h3"]},{"any":[{"id":"heading-order","data":null,"relatedNodes":[],"impact":"moderate","message":"Heading order valid"}],"all":[],"none":[],"impact":null,"html":"<h2 class=\"nhsuk-heading-m nhsuk-u-margin-bottom-2\" id=\"job-title-4\">","target":["#job-title-4"]},{"any":[{"id":"heading-order","data":null,"relatedNodes":[],"impact":"moderate","message":"Heading order valid"}],"all":[],"none":[],"impact":null,"html":"<h3 class=\"nhsuk-u-font-weight-bold\">\n          Barchester Healthcare\n          <div class=\"location-font-size\">\n            \n              Bromley BR2 7BX\n            \n          </div>\n        </h3>","target":[".nhsuk-list-panel.search-result.nhsuk-u-padding-3:nth-child(4) > .nhsuk-u-margin-bottom-4[data-test=\"search-result-location\"] > h3"]},{"any":[{"id":"heading-order","data":null,"relatedNodes":[],"impact":"moderate","message":"Heading order valid"}],"all":[],"none":[],"impact":null,"html":"<h2 class=\"nhsuk-heading-m nhsuk-u-margin-bottom-2\" id=\"job-title-5\">","target":["#job-title-5"]},{"any":[{"id":"heading-order","data":null,"relatedNodes":[],"impact":"moderate","message":"Heading order valid"}],"all":[],"none":[],"impact":null,"html":"<h3 class=\"nhsuk-u-font-weight-bold\">\n          Noah’s Ark Children’s Hospice\n          <div class=\"location-font-size\">\n            \n              Barnet EN5 4NP\n            \n          </div>\n        </h3>","target":[".nhsuk-list-panel.search-result.nhsuk-u-padding-3:nth-child(5) > .nhsuk-u-margin-bottom-4[data-test=\"search-result-location\"] > h3"]},{"any":[{"id":"heading-order","data":null,"relatedNodes":[],"impact":"moderate","message":"Heading order valid"}],"all":[],"none":[],"impact":null,"html":"<h2 class=\"nhsuk-heading-m nhsuk-u-margin-bottom-2\" id=\"job-title-6\">","target":["#job-title-6"]},{"any":[{"id":"heading-order","data":null,"relatedNodes":[],"impact":"moderate","message":"Heading order valid"}],"all":[],"none":[],"impact":null,"html":"<h3 class=\"nhsuk-u-font-weight-bold\">\n          Noah’s Ark Children’s Hospice\n          <div class=\"location-font-size\">\n            \n              Barnet EN5 4NP\n            \n          </div>\n        </h3>","target":[".nhsuk-list-panel.search-result.nhsuk-u-padding-3:nth-child(6) > .nhsuk-u-margin-bottom-4[data-test=\"search-result-location\"] > h3"]},{"any":[{"id":"heading-order","data":null,"relatedNodes":[],"impact":"moderate","message":"Heading order valid"}],"all":[],"none":[],"impact":null,"html":"<h2 class=\"nhsuk-heading-m nhsuk-u-margin-bottom-2\" id=\"job-title-7\">","target":["#job-title-7"]},{"any":[{"id":"heading-order","data":null,"relatedNodes":[],"impact":"moderate","message":"Heading order valid"}],"all":[],"none":[],"impact":null,"html":"<h3 class=\"nhsuk-u-font-weight-bold\">\n          HCRG Care Group\n          <div class=\"location-font-size\">\n            \n              Chertsey KT16 8LA\n            \n          </div>\n        </h3>","target":[".nhsuk-list-panel.search-result.nhsuk-u-padding-3:nth-child(7) > .nhsuk-u-margin-bottom-4[data-test=\"search-result-location\"] > h3"]},{"any":[{"id":"heading-order","data":null,"relatedNodes":[],"impact":"moderate","message":"Heading order valid"}],"all":[],"none":[],"impact":null,"html":"<h2 class=\"nhsuk-heading-m nhsuk-u-margin-bottom-2\" id=\"job-title-8\">","target":["#job-title-8"]},{"any":[{"id":"heading-order","data":null,"relatedNodes":[],"impact":"moderate","message":"Heading order valid"}],"all":[],"none":[],"impact":null,"html":"<h3 class=\"nhsuk-u-font-weight-bold\">\n          HCRG Care Group\n          <div class=\"location-font-size\">\n            \n              Chertsey KT16 8LA\n            \n          </div>\n        </h3>","target":[".nhsuk-list-panel.search-result.nhsuk-u-padding-3:nth-child(8) > .nhsuk-u-margin-bottom-4[data-test=\"search-result-location\"] > h3"]},{"any":[{"id":"heading-order","data":null,"relatedNodes":[],"impact":"moderate","message":"Heading order valid"}],"all":[],"none":[],"impact":null,"html":"<h2 class=\"nhsuk-heading-m nhsuk-u-margin-bottom-2\" id=\"job-title-9\">","target":["#job-title-9"]},{"any":[{"id":"heading-order","data":null,"relatedNodes":[],"impact":"moderate","message":"Heading order valid"}],"all":[],"none":[],"impact":null,"html":"<h3 class=\"nhsuk-u-font-weight-bold\">\n          HCRG Care Group\n          <div class=\"location-font-size\">\n            \n              Chertsey KT16 8LA\n            \n          </div>\n        </h3>","target":[".nhsuk-list-panel.search-result.nhsuk-u-padding-3:nth-child(9) > .nhsuk-u-margin-bottom-4[data-test=\"search-result-location\"] > h3"]},{"any":[{"id":"heading-order","data":null,"relatedNodes":[],"impact":"moderate","message":"Heading order valid"}],"all":[],"none":[],"impact":null,"html":"<h2 class=\"nhsuk-heading-m nhsuk-u-margin-bottom-2\" id=\"job-title-10\">","target":["#job-title-10"]},{"any":[{"id":"heading-order","data":null,"relatedNodes":[],"impact":"moderate","message":"Heading order valid"}],"all":[],"none":[],"impact":null,"html":"<h3 class=\"nhsuk-u-font-weight-bold\">\n          HCRG Care Group\n          <div class=\"location-font-size\">\n            \n              Chertsey KT16 8LA\n            \n          </div>\n        </h3>","target":[".nhsuk-list-panel.search-result.nhsuk-u-padding-3:nth-child(10) > .nhsuk-u-margin-bottom-4[data-test=\"search-result-location\"] > h3"]},{"any":[{"id":"heading-order","data":null,"relatedNodes":[],"impact":"moderate","message":"Heading order valid"}],"all":[],"none":[],"impact":null,"html":"<h2 class=\"nhsuk-u-visually-hidden\">Support links</h2>","target":[".nhsuk-width-container > .nhsuk-u-visually-hidden"]}]},{"id":"html-has-lang","impact":null,"tags":["cat.language","wcag2a","wcag311","ACT","TTv5","TT11.a"],"description":"Ensures every HTML document has a lang attribute","help":"<html> element must have a lang attribute","helpUrl":"https://dequeuniversity.com/rules/axe/4.7/html-has-lang?application=axeAPI","nodes":[{"any":[{"id":"has-lang","data":null,"relatedNodes":[],"impact":"serious","message":"The <html> element has a lang attribute"}],"all":[],"none":[],"impact":null,"html":"<html lang=\"en\" style=\"\">","target":["html"]}]},{"id":"html-lang-valid","impact":null,"tags":["cat.language","wcag2a","wcag311","ACT","TTv5","TT11.a"],"description":"Ensures the lang attribute of the <html> element has a valid value","help":"<html> element must have a valid value for the lang attribute","helpUrl":"https://dequeuniversity.com/rules/axe/4.7/html-lang-valid?application=axeAPI","nodes":[{"any":[],"all":[],"none":[{"id":"valid-lang","data":null,"relatedNodes":[],"impact":"serious","message":"Value of lang attribute is included in the list of valid languages"}],"impact":null,"html":"<html lang=\"en\" style=\"\">","target":["html"]}]},{"id":"input-button-name","impact":null,"tags":["cat.name-role-value","wcag2a","wcag412","section508","section508.22.a","ACT","TTv5","TT5.c"],"description":"Ensures input buttons have discernible text","help":"Input buttons must have discernible text","helpUrl":"https://dequeuniversity.com/rules/axe/4.7/input-button-name?application=axeAPI","nodes":[{"any":[{"id":"non-empty-value","data":null,"relatedNodes":[],"impact":"critical","message":"Element has a non-empty value attribute"}],"all":[],"none":[],"impact":null,"html":"<input class=\"nhsuk-button nhsuk-button--primary\" type=\"submit\" id=\"refine-search\" value=\"Apply filters\" data-test=\"refine-search-button\">","target":["#refine-search"]}]},{"id":"label-title-only","impact":null,"tags":["cat.forms","best-practice"],"description":"Ensures that every form element has a visible label and is not solely labeled using hidden labels, or the title or aria-describedby attributes","help":"Form elements should have a visible label","helpUrl":"https://dequeuniversity.com/rules/axe/4.7/label-title-only?application=axeAPI","nodes":[{"any":[],"all":[],"none":[{"id":"title-only","data":null,"relatedNodes":[],"impact":"serious","message":"Form element does not solely use title attribute for its label"}],"impact":null,"html":"<input name=\"keyword\" id=\"keyword\" value=\"Carer\" class=\"nhsuk-input nhsuk-u--width-full\" type=\"search\" data-test=\"search-jobTitle-input\" aria-label=\"Search What? For example, job title or skills\">","target":["#keyword"]},{"any":[],"all":[],"none":[{"id":"title-only","data":null,"relatedNodes":[],"impact":"serious","message":"Form element does not solely use title attribute for its label"}],"impact":null,"html":"<input aria-describedby=\"location__assistiveHint\" aria-expanded=\"false\" aria-controls=\"location__listbox\" aria-autocomplete=\"list\" autocomplete=\"off\" class=\"nhsuk-input nhsuk-u--width-full\" id=\"location\" name=\"location\" placeholder=\"\" type=\"search\" role=\"combobox\" data-test=\"search-location-input\" aria-label=\"Search Where? For example, a postcode, town or city, search text field\">","target":["#location"]},{"any":[],"all":[],"none":[{"id":"title-only","data":null,"relatedNodes":[],"impact":"serious","message":"Form element does not solely use title attribute for its label"}],"impact":null,"html":"<select class=\"nhsuk-select nhsuk-inline-select\" id=\"sort\" name=\"sort\" data-test=\"sort-input\" value=\"\" onchange=\"sortform.submit()\">","target":["#sort"]}]},{"id":"label","impact":null,"tags":["cat.forms","wcag2a","wcag412","section508","section508.22.n","ACT","TTv5","TT5.c"],"description":"Ensures every form element has a label","help":"Form elements must have labels","helpUrl":"https://dequeuniversity.com/rules/axe/4.7/label?application=axeAPI","nodes":[{"any":[{"id":"explicit-label","data":{"explicitLabel":"What?"},"relatedNodes":[{"html":"<label class=\"nhsuk-label nhsuk-u-font-weight-bold white-text\" for=\"keyword\">What?</label>","target":["label[for=\"keyword\"]"]}],"impact":"critical","message":"Form element has an explicit <label>"},{"id":"aria-label","data":null,"relatedNodes":[],"impact":"serious","message":"aria-label attribute exists and is not empty"}],"all":[],"none":[{"id":"hidden-explicit-label","data":null,"relatedNodes":[],"impact":"critical","message":"Form element has a visible explicit <label>"}],"impact":null,"html":"<input name=\"keyword\" id=\"keyword\" value=\"Carer\" class=\"nhsuk-input nhsuk-u--width-full\" type=\"search\" data-test=\"search-jobTitle-input\" aria-label=\"Search What? For example, job title or skills\">","target":["#keyword"]},{"any":[{"id":"explicit-label","data":{"explicitLabel":"Where?"},"relatedNodes":[{"html":"<label class=\"nhsuk-label nhsuk-u-font-weight-bold white-text\" for=\"location\">Where?</label>","target":["label[for=\"location\"]"]}],"impact":"critical","message":"Form element has an explicit <label>"},{"id":"aria-label","data":null,"relatedNodes":[],"impact":"serious","message":"aria-label attribute exists and is not empty"}],"all":[],"none":[{"id":"hidden-explicit-label","data":null,"relatedNodes":[],"impact":"critical","message":"Form element has a visible explicit <label>"}],"impact":null,"html":"<input aria-describedby=\"location__assistiveHint\" aria-expanded=\"false\" aria-controls=\"location__listbox\" aria-autocomplete=\"list\" autocomplete=\"off\" class=\"nhsuk-input nhsuk-u--width-full\" id=\"location\" name=\"location\" placeholder=\"\" type=\"search\" role=\"combobox\" data-test=\"search-location-input\" aria-label=\"Search Where? For example, a postcode, town or city, search text field\">","target":["#location"]}]},{"id":"landmark-banner-is-top-level","impact":null,"tags":["cat.semantics","best-practice"],"description":"Ensures the banner landmark is at top level","help":"Banner landmark should not be contained in another landmark","helpUrl":"https://dequeuniversity.com/rules/axe/4.7/landmark-banner-is-top-level?application=axeAPI","nodes":[{"any":[{"id":"landmark-is-top-level","data":{"role":"banner"},"relatedNodes":[],"impact":"moderate","message":"The banner landmark is at the top level."}],"all":[],"none":[],"impact":null,"html":"<header class=\"nhsuk-header\" role=\"banner\" id=\"heading-body\">","target":["header"]}]},{"id":"landmark-complementary-is-top-level","impact":null,"tags":["cat.semantics","best-practice"],"description":"Ensures the complementary landmark or aside is at top level","help":"Aside should not be contained in another landmark","helpUrl":"https://dequeuniversity.com/rules/axe/4.7/landmark-complementary-is-top-level?application=axeAPI","nodes":[{"any":[{"id":"landmark-is-top-level","data":{"role":"complementary"},"relatedNodes":[],"impact":"moderate","message":"The complementary landmark is at the top level."}],"all":[],"none":[],"impact":null,"html":"<div class=\"beta-banner\" aria-label=\"beta-banner\" role=\"complementary\">","target":[".beta-banner"]}]},{"id":"landmark-contentinfo-is-top-level","impact":null,"tags":["cat.semantics","best-practice"],"description":"Ensures the contentinfo landmark is at top level","help":"Contentinfo landmark should not be contained in another landmark","helpUrl":"https://dequeuniversity.com/rules/axe/4.7/landmark-contentinfo-is-top-level?application=axeAPI","nodes":[{"any":[{"id":"landmark-is-top-level","data":{"role":"contentinfo"},"relatedNodes":[],"impact":"moderate","message":"The contentinfo landmark is at the top level."}],"all":[],"none":[],"impact":null,"html":"<footer role=\"contentinfo\">","target":["footer"]}]},{"id":"landmark-main-is-top-level","impact":null,"tags":["cat.semantics","best-practice"],"description":"Ensures the main landmark is at top level","help":"Main landmark should not be contained in another landmark","helpUrl":"https://dequeuniversity.com/rules/axe/4.7/landmark-main-is-top-level?application=axeAPI","nodes":[{"any":[{"id":"landmark-is-top-level","data":{"role":"main"},"relatedNodes":[],"impact":"moderate","message":"The main landmark is at the top level."}],"all":[],"none":[],"impact":null,"html":"<main class=\"nhsuk-main-wrapper \" id=\"maincontent\" role=\"main\">","target":["#maincontent"]}]},{"id":"landmark-no-duplicate-banner","impact":null,"tags":["cat.semantics","best-practice"],"description":"Ensures the document has at most one banner landmark","help":"Document should not have more than one banner landmark","helpUrl":"https://dequeuniversity.com/rules/axe/4.7/landmark-no-duplicate-banner?application=axeAPI","nodes":[{"any":[{"id":"page-no-duplicate-banner","data":null,"relatedNodes":[],"impact":"moderate","message":"Document does not have more than one banner landmark"}],"all":[],"none":[],"impact":null,"html":"<header class=\"nhsuk-header\" role=\"banner\" id=\"heading-body\">","target":["header"]}]},{"id":"landmark-no-duplicate-contentinfo","impact":null,"tags":["cat.semantics","best-practice"],"description":"Ensures the document has at most one contentinfo landmark","help":"Document should not have more than one contentinfo landmark","helpUrl":"https://dequeuniversity.com/rules/axe/4.7/landmark-no-duplicate-contentinfo?application=axeAPI","nodes":[{"any":[{"id":"page-no-duplicate-contentinfo","data":null,"relatedNodes":[],"impact":"moderate","message":"Document does not have more than one contentinfo landmark"}],"all":[],"none":[],"impact":null,"html":"<footer role=\"contentinfo\">","target":["footer"]}]},{"id":"landmark-no-duplicate-main","impact":null,"tags":["cat.semantics","best-practice"],"description":"Ensures the document has at most one main landmark","help":"Document should not have more than one main landmark","helpUrl":"https://dequeuniversity.com/rules/axe/4.7/landmark-no-duplicate-main?application=axeAPI","nodes":[{"any":[{"id":"page-no-duplicate-main","data":null,"relatedNodes":[],"impact":"moderate","message":"Document does not have more than one main landmark"}],"all":[],"none":[],"impact":null,"html":"<main class=\"nhsuk-main-wrapper \" id=\"maincontent\" role=\"main\">","target":["#maincontent"]}]},{"id":"landmark-one-main","impact":null,"tags":["cat.semantics","best-practice"],"description":"Ensures the document has a main landmark","help":"Document should have one main landmark","helpUrl":"https://dequeuniversity.com/rules/axe/4.7/landmark-one-main?application=axeAPI","nodes":[{"any":[],"all":[{"id":"page-has-main","data":null,"relatedNodes":[{"html":"<main class=\"nhsuk-main-wrapper \" id=\"maincontent\" role=\"main\">","target":["#maincontent"]}],"impact":"moderate","message":"Document has at least one main landmark"}],"none":[],"impact":null,"html":"<html lang=\"en\" style=\"\">","target":["html"]}]},{"id":"landmark-unique","impact":null,"tags":["cat.semantics","best-practice"],"help":"Ensures landmarks are unique","description":"Landmarks should have a unique role or role/label/title (i.e. accessible name) combination","helpUrl":"https://dequeuniversity.com/rules/axe/4.7/landmark-unique?application=axeAPI","nodes":[{"any":[{"id":"landmark-is-unique","data":{"role":"banner","accessibleText":null},"relatedNodes":[],"impact":"moderate","message":"Landmarks must have a unique role or role/label/title (i.e. accessible name) combination"}],"all":[],"none":[],"impact":null,"html":"<header class=\"nhsuk-header\" role=\"banner\" id=\"heading-body\">","target":["header"]},{"any":[{"id":"landmark-is-unique","data":{"role":"navigation","accessibleText":"translations"},"relatedNodes":[],"impact":"moderate","message":"Landmarks must have a unique role or role/label/title (i.e. accessible name) combination"}],"all":[],"none":[],"impact":null,"html":"<nav class=\"gem-c-translation-nav hide-mobile nhsuk-u-margin-0 nhsuk-u-padding-left-7\" aria-label=\"Translations\">","target":[".gem-c-translation-nav"]},{"any":[{"id":"landmark-is-unique","data":{"role":"navigation","accessibleText":"menu"},"relatedNodes":[],"impact":"moderate","message":"Landmarks must have a unique role or role/label/title (i.e. accessible name) combination"}],"all":[],"none":[],"impact":null,"html":"<nav class=\"nhsuk-header__navigation\" id=\"header-navigation\" role=\"navigation\" aria-label=\"Primary navigation\" aria-labelledby=\"label-navigation\">","target":["#header-navigation"]},{"any":[{"id":"landmark-is-unique","data":{"role":"complementary","accessibleText":"beta-banner"},"relatedNodes":[],"impact":"moderate","message":"Landmarks must have a unique role or role/label/title (i.e. accessible name) combination"}],"all":[],"none":[],"impact":null,"html":"<div class=\"beta-banner\" aria-label=\"beta-banner\" role=\"complementary\">","target":[".beta-banner"]},{"any":[{"id":"landmark-is-unique","data":{"role":"main","accessibleText":null},"relatedNodes":[],"impact":"moderate","message":"Landmarks must have a unique role or role/label/title (i.e. accessible name) combination"}],"all":[],"none":[],"impact":null,"html":"<main class=\"nhsuk-main-wrapper \" id=\"maincontent\" role=\"main\">","target":["#maincontent"]},{"any":[{"id":"landmark-is-unique","data":{"role":"navigation","accessibleText":"pagination"},"relatedNodes":[],"impact":"moderate","message":"Landmarks must have a unique role or role/label/title (i.e. accessible name) combination"}],"all":[],"none":[],"impact":null,"html":"<nav class=\"nhsuk-pagination\" role=\"navigation\" aria-label=\"Pagination\">","target":[".nhsuk-pagination"]},{"any":[{"id":"landmark-is-unique","data":{"role":"contentinfo","accessibleText":null},"relatedNodes":[],"impact":"moderate","message":"Landmarks must have a unique role or role/label/title (i.e. accessible name) combination"}],"all":[],"none":[],"impact":null,"html":"<footer role=\"contentinfo\">","target":["footer"]}]},{"id":"link-in-text-block","impact":null,"tags":["cat.color","wcag2a","wcag141","TTv5","TT13.a"],"description":"Ensure links are distinguished from surrounding text in a way that does not rely on color","help":"Links must be distinguishable without relying on color","helpUrl":"https://dequeuniversity.com/rules/axe/4.7/link-in-text-block?application=axeAPI","nodes":[{"any":[{"id":"link-in-text-block-style","data":null,"relatedNodes":[{"html":"<div class=\"nhsuk-width-container\">","target":[".top-banner > .nhsuk-width-container"]}],"impact":"serious","message":"Links can be distinguished from surrounding text by visual styling"}],"all":[],"none":[],"impact":null,"html":"<a href=\"/candidate/cookies\" id=\"change-cookies-settings\" aria-label=\"Go to the cookie information page\">change your cookie settings</a>","target":["#change-cookies-settings"]},{"any":[{"id":"link-in-text-block-style","data":null,"relatedNodes":[{"html":"<div class=\"nhsuk-width-container \">","target":[".beta-banner > .nhsuk-width-container"]}],"impact":"serious","message":"Links can be distinguished from surrounding text by visual styling"}],"all":[],"none":[],"impact":null,"html":"<a href=\"mailto:nhsbsa.nhsjobs@nhsbsa.nhs.uk?subject=How could we improve NHS Jobs service?\">feedback</a>","target":[".beta-banner > .nhsuk-width-container > span > a"]}]},{"id":"link-name","impact":null,"tags":["cat.name-role-value","wcag2a","wcag412","wcag244","section508","section508.22.a","ACT","TTv5","TT6.a"],"description":"Ensures links have discernible text","help":"Links must have discernible text","helpUrl":"https://dequeuniversity.com/rules/axe/4.7/link-name?application=axeAPI","nodes":[{"any":[{"id":"has-visible-text","data":null,"relatedNodes":[],"impact":"minor","message":"Element has text that is visible to screen readers"},{"id":"aria-label","data":null,"relatedNodes":[],"impact":"serious","message":"aria-label attribute exists and is not empty"}],"all":[],"none":[{"id":"focusable-no-name","data":null,"relatedNodes":[],"impact":"serious","message":"Element is not in tab order or has accessible text"}],"impact":null,"html":"<a class=\"nhsuk-skip-link\" href=\"#search-results-heading\" aria-label=\"562 jobs found for Carer in London. Sorted by: Best Match . Skip to search filters\" id=\"skip_to_search_filters\">Skip to search filters</a>","target":["#skip_to_search_filters"]},{"any":[{"id":"has-visible-text","data":null,"relatedNodes":[],"impact":"minor","message":"Element has text that is visible to screen readers"},{"id":"aria-label","data":null,"relatedNodes":[],"impact":"serious","message":"aria-label attribute exists and is not empty"}],"all":[],"none":[{"id":"focusable-no-name","data":null,"relatedNodes":[],"impact":"serious","message":"Element is not in tab order or has accessible text"}],"impact":null,"html":"<a class=\"nhsuk-skip-link\" href=\"#first-result-title\" id=\"skipToSearchResults\" aria-label=\"Skip to search results\">Skip to search results</a>","target":["#skipToSearchResults"]},{"any":[{"id":"has-visible-text","data":null,"relatedNodes":[],"impact":"minor","message":"Element has text that is visible to screen readers"},{"id":"aria-label","data":null,"relatedNodes":[],"impact":"serious","message":"aria-label attribute exists and is not empty"}],"all":[],"none":[{"id":"focusable-no-name","data":null,"relatedNodes":[],"impact":"serious","message":"Element is not in tab order or has accessible text"}],"impact":null,"html":"<a href=\"/candidate/cookies\" id=\"change-cookies-settings\" aria-label=\"Go to the cookie information page\">change your cookie settings</a>","target":["#change-cookies-settings"]},{"any":[{"id":"has-visible-text","data":null,"relatedNodes":[],"impact":"minor","message":"Element has text that is visible to screen readers"},{"id":"aria-label","data":null,"relatedNodes":[],"impact":"serious","message":"aria-label attribute exists and is not empty"}],"all":[],"none":[{"id":"focusable-no-name","data":null,"relatedNodes":[],"impact":"serious","message":"Element is not in tab order or has accessible text"}],"impact":null,"html":"<a href=\"/candidate/dismiss-cookie-messages\" id=\"dismiss-cookie-messages\" aria-label=\"Dismiss information about cookie preferences\" style=\"float: right\">Hide</a>","target":["#dismiss-cookie-messages"]},{"any":[{"id":"has-visible-text","data":null,"relatedNodes":[],"impact":"minor","message":"Element has text that is visible to screen readers"},{"id":"aria-label","data":null,"relatedNodes":[],"impact":"serious","message":"aria-label attribute exists and is not empty"}],"all":[],"none":[{"id":"focusable-no-name","data":null,"relatedNodes":[],"impact":"serious","message":"Element is not in tab order or has accessible text"}],"impact":null,"html":"<a class=\"nhsuk-header__link nhsuk-header__link--service nhsuk-header__link--service-short-name\" href=\"/candidate\" aria-label=\"NHS jobs homepage\">","target":[".nhsuk-header__link"]},{"any":[{"id":"has-visible-text","data":null,"relatedNodes":[],"impact":"minor","message":"Element has text that is visible to screen readers"}],"all":[],"none":[{"id":"focusable-no-name","data":null,"relatedNodes":[],"impact":"serious","message":"Element is not in tab order or has accessible text"}],"impact":null,"html":"<a class=\"sign-in-link\" id=\"candidate_sign_in\" href=\"/candidate/auth/login\">\n        Sign in\n      </a>","target":["#candidate_sign_in"]},{"any":[{"id":"has-visible-text","data":null,"relatedNodes":[],"impact":"minor","message":"Element has text that is visible to screen readers"}],"all":[],"none":[{"id":"focusable-no-name","data":null,"relatedNodes":[],"impact":"serious","message":"Element is not in tab order or has accessible text"}],"impact":null,"html":"<a href=\"/candidate/auth/register/first-last-name\" class=\"sign-in-link\" data-test=\"header-create-account\">Create an account</a>","target":[".sign-in-link[data-test=\"header-create-account\"]"]},{"any":[{"id":"has-visible-text","data":null,"relatedNodes":[],"impact":"minor","message":"Element has text that is visible to screen readers"}],"all":[],"none":[{"id":"focusable-no-name","data":null,"relatedNodes":[],"impact":"serious","message":"Element is not in tab order or has accessible text"}],"impact":null,"html":"<a lang=\"en\" href=\"/candidate/search/locale/en\" class=\"language-toggle-selected\" data-test=\"english-language-link\">English</a>","target":[".language-toggle-selected"]},{"any":[{"id":"has-visible-text","data":null,"relatedNodes":[],"impact":"minor","message":"Element has text that is visible to screen readers"}],"all":[],"none":[{"id":"focusable-no-name","data":null,"relatedNodes":[],"impact":"serious","message":"Element is not in tab order or has accessible text"}],"impact":null,"html":"<a lang=\"cy\" href=\"/candidate/search/locale/cy\" class=\"language-toggle\" data-test=\"welsh-language-link\">Cymraeg</a>","target":[".language-toggle"]},{"any":[{"id":"has-visible-text","data":null,"relatedNodes":[],"impact":"minor","message":"Element has text that is visible to screen readers"}],"all":[],"none":[{"id":"focusable-no-name","data":null,"relatedNodes":[],"impact":"serious","message":"Element is not in tab order or has accessible text"}],"impact":null,"html":"<a class=\"nhsuk-header__navigation-link\" href=\"/candidate/search\">","target":["a[href$=\"search\"]"]},{"any":[{"id":"has-visible-text","data":null,"relatedNodes":[],"impact":"minor","message":"Element has text that is visible to screen readers"}],"all":[],"none":[{"id":"focusable-no-name","data":null,"relatedNodes":[],"impact":"serious","message":"Element is not in tab order or has accessible text"}],"impact":null,"html":"<a href=\"mailto:nhsbsa.nhsjobs@nhsbsa.nhs.uk?subject=How could we improve NHS Jobs service?\">feedback</a>","target":[".beta-banner > .nhsuk-width-container > span > a"]},{"any":[{"id":"has-visible-text","data":null,"relatedNodes":[],"impact":"minor","message":"Element has text that is visible to screen readers"}],"all":[],"none":[{"id":"focusable-no-name","data":null,"relatedNodes":[],"impact":"serious","message":"Element is not in tab order or has accessible text"}],"impact":null,"html":"<a href=\"javascript:void(0)\" id=\"searchOptionsBtn\" class=\"nhsuk-u-font-weight-bold white-text\">\n                  \n                  More search options\n                  \n                  </a>","target":["#searchOptionsBtn"]},{"any":[{"id":"has-visible-text","data":null,"relatedNodes":[],"impact":"minor","message":"Element has text that is visible to screen readers"}],"all":[],"none":[{"id":"focusable-no-name","data":null,"relatedNodes":[],"impact":"serious","message":"Element is not in tab order or has accessible text"}],"impact":null,"html":"<a href=\"/candidate/search/results?keyword=Carer&amp;location=London\" data-test=\"filter-clear\">Clear filters\n        </a>","target":["a[data-test=\"filter-clear\"]"]},{"any":[{"id":"has-visible-text","data":null,"relatedNodes":[],"impact":"minor","message":"Element has text that is visible to screen readers"}],"all":[],"none":[{"id":"focusable-no-name","data":null,"relatedNodes":[],"impact":"serious","message":"Element is not in tab order or has accessible text"}],"impact":null,"html":"<a href=\"/candidate/search/save/alerts\" data-test=\"save-search\">Save this search</a>","target":[".hide-mobile > h3 > a[data-test=\"save-search\"][href$=\"alerts\"]"]},{"any":[{"id":"has-visible-text","data":null,"relatedNodes":[],"impact":"minor","message":"Element has text that is visible to screen readers"}],"all":[],"none":[{"id":"focusable-no-name","data":null,"relatedNodes":[],"impact":"serious","message":"Element is not in tab order or has accessible text"}],"impact":null,"html":"<a href=\"/candidate/search/save/alerts\" class=\"save-job-3\" id=\"create-job-alert\">","target":["#create-job-alert"]},{"any":[{"id":"has-visible-text","data":null,"relatedNodes":[],"impact":"minor","message":"Element has text that is visible to screen readers"}],"all":[],"none":[{"id":"focusable-no-name","data":null,"relatedNodes":[],"impact":"serious","message":"Element is not in tab order or has accessible text"}],"impact":null,"html":"<a href=\"/candidate/jobadvert/M0048-25-0353?keyword=Carer&amp;location=London&amp;distance=5&amp;language=en\" id=\"first-result-title\" data-test=\"search-result-job-title\">\n              Donor Carer\n            </a>","target":["#first-result-title"]},{"any":[{"id":"has-visible-text","data":null,"relatedNodes":[],"impact":"minor","message":"Element has text that is visible to screen readers"},{"id":"aria-label","data":null,"relatedNodes":[],"impact":"serious","message":"aria-label attribute exists and is not empty"}],"all":[],"none":[{"id":"focusable-no-name","data":null,"relatedNodes":[],"impact":"serious","message":"Element is not in tab order or has accessible text"}],"impact":null,"html":"<a href=\"/candidate/search/save-job/M0048-25-0353\" data-test=\"search-result-save-job\" aria-label=\"Save this job: Donor Carer (Reference number: M0048-25-0353)\">\n              Save this job\n            </a>","target":[".nhsuk-list-panel.search-result.nhsuk-u-padding-3:nth-child(1) > .nhsuk-grid-row:nth-child(1) > .save-job.nhsuk-u-margin-right-3 > a[data-test=\"search-result-save-job\"]"]},{"any":[{"id":"has-visible-text","data":null,"relatedNodes":[],"impact":"minor","message":"Element has text that is visible to screen readers"}],"all":[],"none":[{"id":"focusable-no-name","data":null,"relatedNodes":[],"impact":"serious","message":"Element is not in tab order or has accessible text"}],"impact":null,"html":"<a href=\"/candidate/jobadvert/B0306-25-0024?keyword=Carer&amp;location=London&amp;distance=5&amp;language=en\" data-test=\"search-result-job-title\">\n              Specialist Carer - Band 4\n            </a>","target":["#job-title-2 > a[data-test=\"search-result-job-title\"]"]},{"any":[{"id":"has-visible-text","data":null,"relatedNodes":[],"impact":"minor","message":"Element has text that is visible to screen readers"},{"id":"aria-label","data":null,"relatedNodes":[],"impact":"serious","message":"aria-label attribute exists and is not empty"}],"all":[],"none":[{"id":"focusable-no-name","data":null,"relatedNodes":[],"impact":"serious","message":"Element is not in tab order or has accessible text"}],"impact":null,"html":"<a href=\"/candidate/search/save-job/B0306-25-0024\" data-test=\"search-result-save-job\" aria-label=\"Save this job: Specialist Carer - Band 4 (Reference number: B0306-25-0024)\">\n              Save this job\n            </a>","target":[".nhsuk-list-panel.search-result.nhsuk-u-padding-3:nth-child(2) > .nhsuk-grid-row:nth-child(1) > .save-job.nhsuk-u-margin-right-3 > a[data-test=\"search-result-save-job\"]"]},{"any":[{"id":"has-visible-text","data":null,"relatedNodes":[],"impact":"minor","message":"Element has text that is visible to screen readers"}],"all":[],"none":[{"id":"focusable-no-name","data":null,"relatedNodes":[],"impact":"serious","message":"Element is not in tab order or has accessible text"}],"impact":null,"html":"<a href=\"/candidate/jobadvert/B0306-25-0021?keyword=Carer&amp;location=London&amp;distance=5&amp;language=en\" data-test=\"search-result-job-title\">\n              Specialist Carer - Band 3\n            </a>","target":["#job-title-3 > a[data-test=\"search-result-job-title\"]"]},{"any":[{"id":"has-visible-text","data":null,"relatedNodes":[],"impact":"minor","message":"Element has text that is visible to screen readers"},{"id":"aria-label","data":null,"relatedNodes":[],"impact":"serious","message":"aria-label attribute exists and is not empty"}],"all":[],"none":[{"id":"focusable-no-name","data":null,"relatedNodes":[],"impact":"serious","message":"Element is not in tab order or has accessible text"}],"impact":null,"html":"<a href=\"/candidate/search/save-job/B0306-25-0021\" data-test=\"search-result-save-job\" aria-label=\"Save this job: Specialist Carer - Band 3 (Reference number: B0306-25-0021)\">\n              Save this job\n            </a>","target":[".nhsuk-list-panel.search-result.nhsuk-u-padding-3:nth-child(3) > .nhsuk-grid-row:nth-child(1) > .save-job.nhsuk-u-margin-right-3 > a[data-test=\"search-result-save-job\"]"]},{"any":[{"id":"has-visible-text","data":null,"relatedNodes":[],"impact":"minor","message":"Element has text that is visible to screen readers"}],"all":[],"none":[{"id":"focusable-no-name","data":null,"relatedNodes":[],"impact":"serious","message":"Element is not in tab order or has accessible text"}],"impact":null,"html":"<a href=\"/candidate/jobadvert/E0177-25-6170?keyword=Carer&amp;location=London&amp;distance=5&amp;language=en\" data-test=\"search-result-job-title\">\n              Senior Carer - Residential Care Home - Bank\n            </a>","target":["#job-title-4 > a[data-test=\"search-result-job-title\"]"]},{"any":[{"id":"has-visible-text","data":null,"relatedNodes":[],"impact":"minor","message":"Element has text that is visible to screen readers"},{"id":"aria-label","data":null,"relatedNodes":[],"impact":"serious","message":"aria-label attribute exists and is not empty"}],"all":[],"none":[{"id":"focusable-no-name","data":null,"relatedNodes":[],"impact":"serious","message":"Element is not in tab order or has accessible text"}],"impact":null,"html":"<a href=\"/candidate/search/save-job/E0177-25-6170\" data-test=\"search-result-save-job\" aria-label=\"Save this job: Senior Carer - Residential Care Home - Bank (Reference number: E0177-25-6170)\">\n              Save this job\n            </a>","target":[".nhsuk-list-panel.search-result.nhsuk-u-padding-3:nth-child(4) > .nhsuk-grid-row:nth-child(1) > .save-job.nhsuk-u-margin-right-3 > a[data-test=\"search-result-save-job\"]"]},{"any":[{"id":"has-visible-text","data":null,"relatedNodes":[],"impact":"minor","message":"Element has text that is visible to screen readers"}],"all":[],"none":[{"id":"focusable-no-name","data":null,"relatedNodes":[],"impact":"serious","message":"Element is not in tab order or has accessible text"}],"impact":null,"html":"<a href=\"/candidate/jobadvert/B0306-25-0023?keyword=Carer&amp;location=London&amp;distance=5&amp;language=en\" data-test=\"search-result-job-title\">\n              Specialist Carer - Band 4 (part-time)\n            </a>","target":["#job-title-5 > a[data-test=\"search-result-job-title\"]"]},{"any":[{"id":"has-visible-text","data":null,"relatedNodes":[],"impact":"minor","message":"Element has text that is visible to screen readers"},{"id":"aria-label","data":null,"relatedNodes":[],"impact":"serious","message":"aria-label attribute exists and is not empty"}],"all":[],"none":[{"id":"focusable-no-name","data":null,"relatedNodes":[],"impact":"serious","message":"Element is not in tab order or has accessible text"}],"impact":null,"html":"<a href=\"/candidate/search/save-job/B0306-25-0023\" data-test=\"search-result-save-job\" aria-label=\"Save this job: Specialist Carer - Band 4 (part-time) (Reference number: B0306-25-0023)\">\n              Save this job\n            </a>","target":[".nhsuk-list-panel.search-result.nhsuk-u-padding-3:nth-child(5) > .nhsuk-grid-row:nth-child(1) > .save-job.nhsuk-u-margin-right-3 > a[data-test=\"search-result-save-job\"]"]},{"any":[{"id":"has-visible-text","data":null,"relatedNodes":[],"impact":"minor","message":"Element has text that is visible to screen readers"}],"all":[],"none":[{"id":"focusable-no-name","data":null,"relatedNodes":[],"impact":"serious","message":"Element is not in tab order or has accessible text"}],"impact":null,"html":"<a href=\"/candidate/jobadvert/B0306-25-0022?keyword=Carer&amp;location=London&amp;distance=5&amp;language=en\" data-test=\"search-result-job-title\">\n              Specialist Carer - Band 3 (Part-time)\n            </a>","target":["#job-title-6 > a[data-test=\"search-result-job-title\"]"]},{"any":[{"id":"has-visible-text","data":null,"relatedNodes":[],"impact":"minor","message":"Element has text that is visible to screen readers"},{"id":"aria-label","data":null,"relatedNodes":[],"impact":"serious","message":"aria-label attribute exists and is not empty"}],"all":[],"none":[{"id":"focusable-no-name","data":null,"relatedNodes":[],"impact":"serious","message":"Element is not in tab order or has accessible text"}],"impact":null,"html":"<a href=\"/candidate/search/save-job/B0306-25-0022\" data-test=\"search-result-save-job\" aria-label=\"Save this job: Specialist Carer - Band 3 (Part-time) (Reference number: B0306-25-0022)\">\n              Save this job\n            </a>","target":[".nhsuk-list-panel.search-result.nhsuk-u-padding-3:nth-child(6) > .nhsuk-grid-row:nth-child(1) > .save-job.nhsuk-u-margin-right-3 > a[data-test=\"search-result-save-job\"]"]},{"any":[{"id":"has-visible-text","data":null,"relatedNodes":[],"impact":"minor","message":"Element has text that is visible to screen readers"}],"all":[],"none":[{"id":"focusable-no-name","data":null,"relatedNodes":[],"impact":"serious","message":"Element is not in tab order or has accessible text"}],"impact":null,"html":"<a href=\"/candidate/jobadvert/E0279-25-1036?keyword=Carer&amp;location=London&amp;distance=5&amp;language=en\" data-test=\"search-result-job-title\">\n              Senior Children's Community Carer - NE Surrey\n            </a>","target":["#job-title-7 > a[data-test=\"search-result-job-title\"]"]},{"any":[{"id":"has-visible-text","data":null,"relatedNodes":[],"impact":"minor","message":"Element has text that is visible to screen readers"},{"id":"aria-label","data":null,"relatedNodes":[],"impact":"serious","message":"aria-label attribute exists and is not empty"}],"all":[],"none":[{"id":"focusable-no-name","data":null,"relatedNodes":[],"impact":"serious","message":"Element is not in tab order or has accessible text"}],"impact":null,"html":"<a href=\"/candidate/search/save-job/E0279-25-1036\" data-test=\"search-result-save-job\" aria-label=\"Save this job: Senior Children's Community Carer - NE Surrey (Reference number: E0279-25-1036)\">\n              Save this job\n            </a>","target":[".nhsuk-list-panel.search-result.nhsuk-u-padding-3:nth-child(7) > .nhsuk-grid-row:nth-child(1) > .save-job.nhsuk-u-margin-right-3 > a[data-test=\"search-result-save-job\"]"]},{"any":[{"id":"has-visible-text","data":null,"relatedNodes":[],"impact":"minor","message":"Element has text that is visible to screen readers"}],"all":[],"none":[{"id":"focusable-no-name","data":null,"relatedNodes":[],"impact":"serious","message":"Element is not in tab order or has accessible text"}],"impact":null,"html":"<a href=\"/candidate/jobadvert/E0279-25-1030?keyword=Carer&amp;location=London&amp;distance=5&amp;language=en\" data-test=\"search-result-job-title\">\n              Children\\'s Community Carer - NE Surrey\n            </a>","target":["#job-title-8 > a[data-test=\"search-result-job-title\"]"]},{"any":[{"id":"has-visible-text","data":null,"relatedNodes":[],"impact":"minor","message":"Element has text that is visible to screen readers"},{"id":"aria-label","data":null,"relatedNodes":[],"impact":"serious","message":"aria-label attribute exists and is not empty"}],"all":[],"none":[{"id":"focusable-no-name","data":null,"relatedNodes":[],"impact":"serious","message":"Element is not in tab order or has accessible text"}],"impact":null,"html":"<a href=\"/candidate/search/save-job/E0279-25-1030\" data-test=\"search-result-save-job\" aria-label=\"Save this job: Children\\'s Community Carer - NE Surrey (Reference number: E0279-25-1030)\">\n              Save this job\n            </a>","target":[".nhsuk-list-panel.search-result.nhsuk-u-padding-3:nth-child(8) > .nhsuk-grid-row:nth-child(1) > .save-job.nhsuk-u-margin-right-3 > a[data-test=\"search-result-save-job\"]"]},{"any":[{"id":"has-visible-text","data":null,"relatedNodes":[],"impact":"minor","message":"Element has text that is visible to screen readers"}],"all":[],"none":[{"id":"focusable-no-name","data":null,"relatedNodes":[],"impact":"serious","message":"Element is not in tab order or has accessible text"}],"impact":null,"html":"<a href=\"/candidate/jobadvert/E0279-25-1031?keyword=Carer&amp;location=London&amp;distance=5&amp;language=en\" data-test=\"search-result-job-title\">\n              Bank Children's Community Carer - NE Surrey\n            </a>","target":["#job-title-9 > a[data-test=\"search-result-job-title\"]"]},{"any":[{"id":"has-visible-text","data":null,"relatedNodes":[],"impact":"minor","message":"Element has text that is visible to screen readers"},{"id":"aria-label","data":null,"relatedNodes":[],"impact":"serious","message":"aria-label attribute exists and is not empty"}],"all":[],"none":[{"id":"focusable-no-name","data":null,"relatedNodes":[],"impact":"serious","message":"Element is not in tab order or has accessible text"}],"impact":null,"html":"<a href=\"/candidate/search/save-job/E0279-25-1031\" data-test=\"search-result-save-job\" aria-label=\"Save this job: Bank Children's Community Carer - NE Surrey (Reference number: E0279-25-1031)\">\n              Save this job\n            </a>","target":[".nhsuk-list-panel.search-result.nhsuk-u-padding-3:nth-child(9) > .nhsuk-grid-row:nth-child(1) > .save-job.nhsuk-u-margin-right-3 > a[data-test=\"search-result-save-job\"]"]},{"any":[{"id":"has-visible-text","data":null,"relatedNodes":[],"impact":"minor","message":"Element has text that is visible to screen readers"}],"all":[],"none":[{"id":"focusable-no-name","data":null,"relatedNodes":[],"impact":"serious","message":"Element is not in tab order or has accessible text"}],"impact":null,"html":"<a href=\"/candidate/jobadvert/E0279-25-1040?keyword=Carer&amp;location=London&amp;distance=5&amp;language=en\" data-test=\"search-result-job-title\">\n              Bank Senior Children's Community Carer - NE Surrey\n            </a>","target":["#job-title-10 > a[data-test=\"search-result-job-title\"]"]},{"any":[{"id":"has-visible-text","data":null,"relatedNodes":[],"impact":"minor","message":"Element has text that is visible to screen readers"},{"id":"aria-label","data":null,"relatedNodes":[],"impact":"serious","message":"aria-label attribute exists and is not empty"}],"all":[],"none":[{"id":"focusable-no-name","data":null,"relatedNodes":[],"impact":"serious","message":"Element is not in tab order or has accessible text"}],"impact":null,"html":"<a href=\"/candidate/search/save-job/E0279-25-1040\" data-test=\"search-result-save-job\" aria-label=\"Save this job: Bank Senior Children's Community Carer - NE Surrey (Reference number: E0279-25-1040)\">\n              Save this job\n            </a>","target":[".nhsuk-list-panel.search-result.nhsuk-u-padding-3:nth-child(10) > .nhsuk-grid-row:nth-child(1) > .save-job.nhsuk-u-margin-right-3 > a[data-test=\"search-result-save-job\"]"]},{"any":[{"id":"has-visible-text","data":null,"relatedNodes":[],"impact":"minor","message":"Element has text that is visible to screen readers"}],"all":[],"none":[{"id":"focusable-no-name","data":null,"relatedNodes":[],"impact":"serious","message":"Element is not in tab order or has accessible text"}],"impact":null,"html":"<a class=\"nhsuk-pagination__link nhsuk-pagination__link--next\" href=\"/candidate/search/results?keyword=Carer&amp;location=London&amp;language=en&amp;page=2\" data-test=\"search-next-page\">","target":[".nhsuk-pagination__link"]},{"any":[{"id":"has-visible-text","data":null,"relatedNodes":[],"impact":"minor","message":"Element has text that is visible to screen readers"}],"all":[],"none":[{"id":"focusable-no-name","data":null,"relatedNodes":[],"impact":"serious","message":"Element is not in tab order or has accessible text"}],"impact":null,"html":"<a class=\"nhsuk-footer__list-item-link\" target=\"_blank\" id=\"privacy\" href=\"/candidate/privacy-policy\">Privacy policy</a>","target":["#privacy"]},{"any":[{"id":"has-visible-text","data":null,"relatedNodes":[],"impact":"minor","message":"Element has text that is visible to screen readers"}],"all":[],"none":[{"id":"focusable-no-name","data":null,"relatedNodes":[],"impact":"serious","message":"Element is not in tab order or has accessible text"}],"impact":null,"html":"<a class=\"nhsuk-footer__list-item-link\" target=\"_blank\" id=\"acceptableUse\" href=\"/candidate/acceptable-use\">Terms and conditions</a>","target":["#acceptableUse"]},{"any":[{"id":"has-visible-text","data":null,"relatedNodes":[],"impact":"minor","message":"Element has text that is visible to screen readers"}],"all":[],"none":[{"id":"focusable-no-name","data":null,"relatedNodes":[],"impact":"serious","message":"Element is not in tab order or has accessible text"}],"impact":null,"html":"<a class=\"nhsuk-footer__list-item-link\" target=\"_blank\" id=\"accessibility\" href=\"https://www.nhsbsa.nhs.uk/our-policies/accessibility/accessibility-statement-nhs-jobs-applicants\">Accessibility Statement</a>","target":["#accessibility"]},{"any":[{"id":"has-visible-text","data":null,"relatedNodes":[],"impact":"minor","message":"Element has text that is visible to screen readers"}],"all":[],"none":[{"id":"focusable-no-name","data":null,"relatedNodes":[],"impact":"serious","message":"Element is not in tab order or has accessible text"}],"impact":null,"html":"<a class=\"nhsuk-footer__list-item-link\" target=\"_blank\" id=\"cookies\" href=\"/candidate/cookies\">Cookies</a>","target":["#cookies"]},{"any":[{"id":"has-visible-text","data":null,"relatedNodes":[],"impact":"minor","message":"Element has text that is visible to screen readers"}],"all":[],"none":[{"id":"focusable-no-name","data":null,"relatedNodes":[],"impact":"serious","message":"Element is not in tab order or has accessible text"}],"impact":null,"html":"<a class=\"nhsuk-footer__list-item-link\" target=\"_blank\" id=\"helpText\" href=\"https://www.nhsbsa.nhs.uk/new-nhs-jobs-service/help-and-support-applicants\">How to apply for jobs</a>","target":["#helpText"]}]},{"id":"list","impact":null,"tags":["cat.structure","wcag2a","wcag131"],"description":"Ensures that lists are structured correctly","help":"<ul> and <ol> must only directly contain <li>, <script> or <template> elements","helpUrl":"https://dequeuniversity.com/rules/axe/4.7/list?application=axeAPI","nodes":[{"any":[],"all":[],"none":[{"id":"only-listitems","data":null,"relatedNodes":[],"impact":"serious","message":"List element only has direct children that are allowed inside <li> elements"}],"impact":null,"html":"<ul class=\"nhsuk-header__navigation-list-right\">","target":[".nhsuk-header__navigation-list-right:nth-child(1)"]},{"any":[],"all":[],"none":[{"id":"only-listitems","data":null,"relatedNodes":[],"impact":"serious","message":"List element only has direct children that are allowed inside <li> elements"}],"impact":null,"html":"<ul class=\"nhsuk-header__navigation-list-right\">","target":[".nhsuk-header__navigation-list-right:nth-child(2)"]},{"any":[],"all":[],"none":[{"id":"only-listitems","data":null,"relatedNodes":[],"impact":"serious","message":"List element only has direct children that are allowed inside <li> elements"}],"impact":null,"html":"<ul class=\"nhsuk-header__navigation-list\">","target":[".nhsuk-header__navigation-list"]},{"any":[],"all":[],"none":[{"id":"only-listitems","data":null,"relatedNodes":[],"impact":"serious","message":"List element only has direct children that are allowed inside <li> elements"}],"impact":null,"html":"<ul class=\"nhsuk-list search-results\">","target":[".search-results"]},{"any":[],"all":[],"none":[{"id":"only-listitems","data":null,"relatedNodes":[],"impact":"serious","message":"List element only has direct children that are allowed inside <li> elements"}],"impact":null,"html":"<ul class=\"ad-job-info nhsuk-list first-ad-job-info\">","target":[".nhsuk-list-panel.search-result.nhsuk-u-padding-3:nth-child(1) > .nhsuk-grid-row:nth-child(3) > .nhsuk-grid-column-one-half:nth-child(1) > .first-ad-job-info.ad-job-info.nhsuk-list"]},{"any":[],"all":[],"none":[{"id":"only-listitems","data":null,"relatedNodes":[],"impact":"serious","message":"List element only has direct children that are allowed inside <li> elements"}],"impact":null,"html":"<ul class=\"ad-job-info nhsuk-list\">","target":[".nhsuk-list-panel.search-result.nhsuk-u-padding-3:nth-child(1) > .nhsuk-grid-row:nth-child(3) > .nhsuk-grid-column-one-half:nth-child(2) > .ad-job-info.nhsuk-list"]},{"any":[],"all":[],"none":[{"id":"only-listitems","data":null,"relatedNodes":[],"impact":"serious","message":"List element only has direct children that are allowed inside <li> elements"}],"impact":null,"html":"<ul class=\"ad-job-info nhsuk-list first-ad-job-info\">","target":[".nhsuk-list-panel.search-result.nhsuk-u-padding-3:nth-child(2) > .nhsuk-grid-row:nth-child(3) > .nhsuk-grid-column-one-half:nth-child(1) > .first-ad-job-info.ad-job-info.nhsuk-list"]},{"any":[],"all":[],"none":[{"id":"only-listitems","data":null,"relatedNodes":[],"impact":"serious","message":"List element only has direct children that are allowed inside <li> elements"}],"impact":null,"html":"<ul class=\"ad-job-info nhsuk-list\">","target":[".nhsuk-list-panel.search-result.nhsuk-u-padding-3:nth-child(2) > .nhsuk-grid-row:nth-child(3) > .nhsuk-grid-column-one-half:nth-child(2) > .ad-job-info.nhsuk-list"]},{"any":[],"all":[],"none":[{"id":"only-listitems","data":null,"relatedNodes":[],"impact":"serious","message":"List element only has direct children that are allowed inside <li> elements"}],"impact":null,"html":"<ul class=\"ad-job-info nhsuk-list first-ad-job-info\">","target":[".nhsuk-list-panel.search-result.nhsuk-u-padding-3:nth-child(3) > .nhsuk-grid-row:nth-child(3) > .nhsuk-grid-column-one-half:nth-child(1) > .first-ad-job-info.ad-job-info.nhsuk-list"]},{"any":[],"all":[],"none":[{"id":"only-listitems","data":null,"relatedNodes":[],"impact":"serious","message":"List element only has direct children that are allowed inside <li> elements"}],"impact":null,"html":"<ul class=\"ad-job-info nhsuk-list\">","target":[".nhsuk-list-panel.search-result.nhsuk-u-padding-3:nth-child(3) > .nhsuk-grid-row:nth-child(3) > .nhsuk-grid-column-one-half:nth-child(2) > .ad-job-info.nhsuk-list"]},{"any":[],"all":[],"none":[{"id":"only-listitems","data":null,"relatedNodes":[],"impact":"serious","message":"List element only has direct children that are allowed inside <li> elements"}],"impact":null,"html":"<ul class=\"ad-job-info nhsuk-list first-ad-job-info\">","target":[".nhsuk-list-panel.search-result.nhsuk-u-padding-3:nth-child(4) > .nhsuk-grid-row:nth-child(3) > .nhsuk-grid-column-one-half:nth-child(1) > .first-ad-job-info.ad-job-info.nhsuk-list"]},{"any":[],"all":[],"none":[{"id":"only-listitems","data":null,"relatedNodes":[],"impact":"serious","message":"List element only has direct children that are allowed inside <li> elements"}],"impact":null,"html":"<ul class=\"ad-job-info nhsuk-list\">","target":[".nhsuk-list-panel.search-result.nhsuk-u-padding-3:nth-child(4) > .nhsuk-grid-row:nth-child(3) > .nhsuk-grid-column-one-half:nth-child(2) > .ad-job-info.nhsuk-list"]},{"any":[],"all":[],"none":[{"id":"only-listitems","data":null,"relatedNodes":[],"impact":"serious","message":"List element only has direct children that are allowed inside <li> elements"}],"impact":null,"html":"<ul class=\"ad-job-info nhsuk-list first-ad-job-info\">","target":[".nhsuk-list-panel.search-result.nhsuk-u-padding-3:nth-child(5) > .nhsuk-grid-row:nth-child(3) > .nhsuk-grid-column-one-half:nth-child(1) > .first-ad-job-info.ad-job-info.nhsuk-list"]},{"any":[],"all":[],"none":[{"id":"only-listitems","data":null,"relatedNodes":[],"impact":"serious","message":"List element only has direct children that are allowed inside <li> elements"}],"impact":null,"html":"<ul class=\"ad-job-info nhsuk-list\">","target":[".nhsuk-list-panel.search-result.nhsuk-u-padding-3:nth-child(5) > .nhsuk-grid-row:nth-child(3) > .nhsuk-grid-column-one-half:nth-child(2) > .ad-job-info.nhsuk-list"]},{"any":[],"all":[],"none":[{"id":"only-listitems","data":null,"relatedNodes":[],"impact":"serious","message":"List element only has direct children that are allowed inside <li> elements"}],"impact":null,"html":"<ul class=\"ad-job-info nhsuk-list first-ad-job-info\">","target":[".nhsuk-list-panel.search-result.nhsuk-u-padding-3:nth-child(6) > .nhsuk-grid-row:nth-child(3) > .nhsuk-grid-column-one-half:nth-child(1) > .first-ad-job-info.ad-job-info.nhsuk-list"]},{"any":[],"all":[],"none":[{"id":"only-listitems","data":null,"relatedNodes":[],"impact":"serious","message":"List element only has direct children that are allowed inside <li> elements"}],"impact":null,"html":"<ul class=\"ad-job-info nhsuk-list\">","target":[".nhsuk-list-panel.search-result.nhsuk-u-padding-3:nth-child(6) > .nhsuk-grid-row:nth-child(3) > .nhsuk-grid-column-one-half:nth-child(2) > .ad-job-info.nhsuk-list"]},{"any":[],"all":[],"none":[{"id":"only-listitems","data":null,"relatedNodes":[],"impact":"serious","message":"List element only has direct children that are allowed inside <li> elements"}],"impact":null,"html":"<ul class=\"ad-job-info nhsuk-list first-ad-job-info\">","target":[".nhsuk-list-panel.search-result.nhsuk-u-padding-3:nth-child(7) > .nhsuk-grid-row:nth-child(3) > .nhsuk-grid-column-one-half:nth-child(1) > .first-ad-job-info.ad-job-info.nhsuk-list"]},{"any":[],"all":[],"none":[{"id":"only-listitems","data":null,"relatedNodes":[],"impact":"serious","message":"List element only has direct children that are allowed inside <li> elements"}],"impact":null,"html":"<ul class=\"ad-job-info nhsuk-list\">","target":[".nhsuk-list-panel.search-result.nhsuk-u-padding-3:nth-child(7) > .nhsuk-grid-row:nth-child(3) > .nhsuk-grid-column-one-half:nth-child(2) > .ad-job-info.nhsuk-list"]},{"any":[],"all":[],"none":[{"id":"only-listitems","data":null,"relatedNodes":[],"impact":"serious","message":"List element only has direct children that are allowed inside <li> elements"}],"impact":null,"html":"<ul class=\"ad-job-info nhsuk-list first-ad-job-info\">","target":[".nhsuk-list-panel.search-result.nhsuk-u-padding-3:nth-child(8) > .nhsuk-grid-row:nth-child(3) > .nhsuk-grid-column-one-half:nth-child(1) > .first-ad-job-info.ad-job-info.nhsuk-list"]},{"any":[],"all":[],"none":[{"id":"only-listitems","data":null,"relatedNodes":[],"impact":"serious","message":"List element only has direct children that are allowed inside <li> elements"}],"impact":null,"html":"<ul class=\"ad-job-info nhsuk-list\">","target":[".nhsuk-list-panel.search-result.nhsuk-u-padding-3:nth-child(8) > .nhsuk-grid-row:nth-child(3) > .nhsuk-grid-column-one-half:nth-child(2) > .ad-job-info.nhsuk-list"]},{"any":[],"all":[],"none":[{"id":"only-listitems","data":null,"relatedNodes":[],"impact":"serious","message":"List element only has direct children that are allowed inside <li> elements"}],"impact":null,"html":"<ul class=\"ad-job-info nhsuk-list first-ad-job-info\">","target":[".nhsuk-list-panel.search-result.nhsuk-u-padding-3:nth-child(9) > .nhsuk-grid-row:nth-child(3) > .nhsuk-grid-column-one-half:nth-child(1) > .first-ad-job-info.ad-job-info.nhsuk-list"]},{"any":[],"all":[],"none":[{"id":"only-listitems","data":null,"relatedNodes":[],"impact":"serious","message":"List element only has direct children that are allowed inside <li> elements"}],"impact":null,"html":"<ul class=\"ad-job-info nhsuk-list\">","target":[".nhsuk-list-panel.search-result.nhsuk-u-padding-3:nth-child(9) > .nhsuk-grid-row:nth-child(3) > .nhsuk-grid-column-one-half:nth-child(2) > .ad-job-info.nhsuk-list"]},{"any":[],"all":[],"none":[{"id":"only-listitems","data":null,"relatedNodes":[],"impact":"serious","message":"List element only has direct children that are allowed inside <li> elements"}],"impact":null,"html":"<ul class=\"ad-job-info nhsuk-list first-ad-job-info\">","target":[".nhsuk-list-panel.search-result.nhsuk-u-padding-3:nth-child(10) > .nhsuk-grid-row:nth-child(3) > .nhsuk-grid-column-one-half:nth-child(1) > .first-ad-job-info.ad-job-info.nhsuk-list"]},{"any":[],"all":[],"none":[{"id":"only-listitems","data":null,"relatedNodes":[],"impact":"serious","message":"List element only has direct children that are allowed inside <li> elements"}],"impact":null,"html":"<ul class=\"ad-job-info nhsuk-list\">","target":[".nhsuk-list-panel.search-result.nhsuk-u-padding-3:nth-child(10) > .nhsuk-grid-row:nth-child(3) > .nhsuk-grid-column-one-half:nth-child(2) > .ad-job-info.nhsuk-list"]},{"any":[],"all":[],"none":[{"id":"only-listitems","data":null,"relatedNodes":[],"impact":"serious","message":"List element only has direct children that are allowed inside <li> elements"}],"impact":null,"html":"<ul class=\"nhsuk-list nhsuk-pagination__list\">","target":[".nhsuk-pagination__list"]},{"any":[],"all":[],"none":[{"id":"only-listitems","data":null,"relatedNodes":[],"impact":"serious","message":"List element only has direct children that are allowed inside <li> elements"}],"impact":null,"html":"<ul class=\"nhsuk-footer__list adjust-width\">","target":[".nhsuk-footer__list"]}]},{"id":"listitem","impact":null,"tags":["cat.structure","wcag2a","wcag131"],"description":"Ensures <li> elements are used semantically","help":"<li> elements must be contained in a <ul> or <ol>","helpUrl":"https://dequeuniversity.com/rules/axe/4.7/listitem?application=axeAPI","nodes":[{"any":[{"id":"listitem","data":null,"relatedNodes":[],"impact":"serious","message":"List item has a <ul>, <ol> or role=\"list\" parent element"}],"all":[],"none":[],"impact":null,"html":"<li class=\"gem-c-translation-nav__list-item\">\n      <a class=\"sign-in-link\" id=\"candidate_sign_in\" href=\"/candidate/auth/login\">\n        Sign in\n      </a>\n    </li>","target":[".nhsuk-header__navigation-list-right:nth-child(1) > .gem-c-translation-nav__list-item"]},{"any":[{"id":"listitem","data":null,"relatedNodes":[],"impact":"serious","message":"List item has a <ul>, <ol> or role=\"list\" parent element"}],"all":[],"none":[],"impact":null,"html":"<li class=\"gem-c-translation-nav__list-item-none-border\">\n      <a href=\"/candidate/auth/register/first-last-name\" class=\"sign-in-link\" data-test=\"header-create-account\">Create an account</a>\n    </li>","target":[".nhsuk-header__navigation-list-right:nth-child(1) > .gem-c-translation-nav__list-item-none-border"]},{"any":[{"id":"listitem","data":null,"relatedNodes":[],"impact":"serious","message":"List item has a <ul>, <ol> or role=\"list\" parent element"}],"all":[],"none":[],"impact":null,"html":"<li class=\"gem-c-translation-nav__list-item\">\n      <a lang=\"en\" href=\"/candidate/search/locale/en\" class=\"language-toggle-selected\" data-test=\"english-language-link\">English</a>\n    </li>","target":[".nhsuk-header__navigation-list-right:nth-child(2) > .gem-c-translation-nav__list-item"]},{"any":[{"id":"listitem","data":null,"relatedNodes":[],"impact":"serious","message":"List item has a <ul>, <ol> or role=\"list\" parent element"}],"all":[],"none":[],"impact":null,"html":"<li class=\"gem-c-translation-nav__list-item-none-border\">\n      <a lang=\"cy\" href=\"/candidate/search/locale/cy\" class=\"language-toggle\" data-test=\"welsh-language-link\">Cymraeg</a>\n    </li>","target":[".nhsuk-header__navigation-list-right:nth-child(2) > .gem-c-translation-nav__list-item-none-border"]},{"any":[{"id":"listitem","data":null,"relatedNodes":[],"impact":"serious","message":"List item has a <ul>, <ol> or role=\"list\" parent element"}],"all":[],"none":[],"impact":null,"html":"<li class=\"nhsuk-header__navigation-item\">","target":[".nhsuk-header__navigation-item:nth-child(2)"]},{"any":[{"id":"listitem","data":null,"relatedNodes":[],"impact":"serious","message":"List item has a <ul>, <ol> or role=\"list\" parent element"}],"all":[],"none":[],"impact":null,"html":"<li class=\"nhsuk-list-panel search-result nhsuk-u-padding-3\" data-test=\"search-result\">","target":[".nhsuk-list-panel.search-result.nhsuk-u-padding-3:nth-child(1)"]},{"any":[{"id":"listitem","data":null,"relatedNodes":[],"impact":"serious","message":"List item has a <ul>, <ol> or role=\"list\" parent element"}],"all":[],"none":[],"impact":null,"html":"<li data-test=\"search-result-salary\" class=\"marginBt\">\n                Salary: \n                <strong class=\"nhsuk-u-font-weight-bold\">\n                  £24,937 to £26,598\n                  \n                    a year\n                  \n                </strong>\n              </li>","target":[".nhsuk-list-panel.search-result.nhsuk-u-padding-3:nth-child(1) > .nhsuk-grid-row:nth-child(3) > .nhsuk-grid-column-one-half:nth-child(1) > .first-ad-job-info.ad-job-info.nhsuk-list > .marginBt[data-test=\"search-result-salary\"]"]},{"any":[{"id":"listitem","data":null,"relatedNodes":[],"impact":"serious","message":"List item has a <ul>, <ol> or role=\"list\" parent element"}],"all":[],"none":[],"impact":null,"html":"<li data-test=\"search-result-publicationDate\">\n                Date posted: \n                <strong class=\"nhsuk-u-font-weight-bold\">\n                  17 June 2025\n                </strong>\n              </li>","target":[".nhsuk-list-panel.search-result.nhsuk-u-padding-3:nth-child(1) > .nhsuk-grid-row:nth-child(3) > .nhsuk-grid-column-one-half:nth-child(1) > .first-ad-job-info.ad-job-info.nhsuk-list > li[data-test=\"search-result-publicationDate\"]"]},{"any":[{"id":"listitem","data":null,"relatedNodes":[],"impact":"serious","message":"List item has a <ul>, <ol> or role=\"list\" parent element"}],"all":[],"none":[],"impact":null,"html":"<li data-test=\"search-result-closingDate\">\n                Closing date: \n                <strong class=\"nhsuk-u-font-weight-bold\">\n                  24 June 2025\n                </strong>\n              </li>","target":[".nhsuk-list-panel.search-result.nhsuk-u-padding-3:nth-child(1) > .nhsuk-grid-row:nth-child(3) > .nhsuk-grid-column-one-half:nth-child(1) > .first-ad-job-info.ad-job-info.nhsuk-list > li[data-test=\"search-result-closingDate\"]"]},{"any":[{"id":"listitem","data":null,"relatedNodes":[],"impact":"serious","message":"List item has a <ul>, <ol> or role=\"list\" parent element"}],"all":[],"none":[],"impact":null,"html":"<li data-test=\"search-result-jobType\" class=\"marginBt\">\n              Contract type: \n              <strong class=\"nhsuk-u-font-weight-bold\">\n                Permanent\n              </strong>\n            </li>","target":[".nhsuk-list-panel.search-result.nhsuk-u-padding-3:nth-child(1) > .nhsuk-grid-row:nth-child(3) > .nhsuk-grid-column-one-half:nth-child(2) > .ad-job-info.nhsuk-list > .marginBt[data-test=\"search-result-jobType\"]"]},{"any":[{"id":"listitem","data":null,"relatedNodes":[],"impact":"serious","message":"List item has a <ul>, <ol> or role=\"list\" parent element"}],"all":[],"none":[],"impact":null,"html":"<li data-test=\"search-result-workingPattern\" class=\"marginBt\">\n              Working pattern: \n              <strong class=\"nhsuk-u-font-weight-bold\">\n                Full time, Part time\n              </strong>\n            </li>","target":[".nhsuk-list-panel.search-result.nhsuk-u-padding-3:nth-child(1) > .nhsuk-grid-row:nth-child(3) > .nhsuk-grid-column-one-half:nth-child(2) > .ad-job-info.nhsuk-list > .marginBt[data-test=\"search-result-workingPattern\"]"]},{"any":[{"id":"listitem","data":null,"relatedNodes":[],"impact":"serious","message":"List item has a <ul>, <ol> or role=\"list\" parent element"}],"all":[],"none":[],"impact":null,"html":"<li class=\"nhsuk-list-panel search-result nhsuk-u-padding-3\" data-test=\"search-result\">","target":[".nhsuk-list-panel.search-result.nhsuk-u-padding-3:nth-child(2)"]},{"any":[{"id":"listitem","data":null,"relatedNodes":[],"impact":"serious","message":"List item has a <ul>, <ol> or role=\"list\" parent element"}],"all":[],"none":[],"impact":null,"html":"<li data-test=\"search-result-salary\" class=\"marginBt\">\n                Salary: \n                <strong class=\"nhsuk-u-font-weight-bold\">\n                  £31,557 to £34,181\n                  \n                    a year\n                  \n                </strong>\n              </li>","target":[".nhsuk-list-panel.search-result.nhsuk-u-padding-3:nth-child(2) > .nhsuk-grid-row:nth-child(3) > .nhsuk-grid-column-one-half:nth-child(1) > .first-ad-job-info.ad-job-info.nhsuk-list > .marginBt[data-test=\"search-result-salary\"]"]},{"any":[{"id":"listitem","data":null,"relatedNodes":[],"impact":"serious","message":"List item has a <ul>, <ol> or role=\"list\" parent element"}],"all":[],"none":[],"impact":null,"html":"<li data-test=\"search-result-publicationDate\">\n                Date posted: \n                <strong class=\"nhsuk-u-font-weight-bold\">\n                  13 June 2025\n                </strong>\n              </li>","target":[".nhsuk-list-panel.search-result.nhsuk-u-padding-3:nth-child(2) > .nhsuk-grid-row:nth-child(3) > .nhsuk-grid-column-one-half:nth-child(1) > .first-ad-job-info.ad-job-info.nhsuk-list > li[data-test=\"search-result-publicationDate\"]"]},{"any":[{"id":"listitem","data":null,"relatedNodes":[],"impact":"serious","message":"List item has a <ul>, <ol> or role=\"list\" parent element"}],"all":[],"none":[],"impact":null,"html":"<li data-test=\"search-result-closingDate\">\n                Closing date: \n                <strong class=\"nhsuk-u-font-weight-bold\">\n                  30 June 2025\n                </strong>\n              </li>","target":[".nhsuk-list-panel.search-result.nhsuk-u-padding-3:nth-child(2) > .nhsuk-grid-row:nth-child(3) > .nhsuk-grid-column-one-half:nth-child(1) > .first-ad-job-info.ad-job-info.nhsuk-list > li[data-test=\"search-result-closingDate\"]"]},{"any":[{"id":"listitem","data":null,"relatedNodes":[],"impact":"serious","message":"List item has a <ul>, <ol> or role=\"list\" parent element"}],"all":[],"none":[],"impact":null,"html":"<li data-test=\"search-result-jobType\" class=\"marginBt\">\n              Contract type: \n              <strong class=\"nhsuk-u-font-weight-bold\">\n                Permanent\n              </strong>\n            </li>","target":[".nhsuk-list-panel.search-result.nhsuk-u-padding-3:nth-child(2) > .nhsuk-grid-row:nth-child(3) > .nhsuk-grid-column-one-half:nth-child(2) > .ad-job-info.nhsuk-list > .marginBt[data-test=\"search-result-jobType\"]"]},{"any":[{"id":"listitem","data":null,"relatedNodes":[],"impact":"serious","message":"List item has a <ul>, <ol> or role=\"list\" parent element"}],"all":[],"none":[],"impact":null,"html":"<li data-test=\"search-result-workingPattern\" class=\"marginBt\">\n              Working pattern: \n              <strong class=\"nhsuk-u-font-weight-bold\">\n                Full time\n              </strong>\n            </li>","target":[".nhsuk-list-panel.search-result.nhsuk-u-padding-3:nth-child(2) > .nhsuk-grid-row:nth-child(3) > .nhsuk-grid-column-one-half:nth-child(2) > .ad-job-info.nhsuk-list > .marginBt[data-test=\"search-result-workingPattern\"]"]},{"any":[{"id":"listitem","data":null,"relatedNodes":[],"impact":"serious","message":"List item has a <ul>, <ol> or role=\"list\" parent element"}],"all":[],"none":[],"impact":null,"html":"<li class=\"nhsuk-list-panel search-result nhsuk-u-padding-3\" data-test=\"search-result\">","target":[".nhsuk-list-panel.search-result.nhsuk-u-padding-3:nth-child(3)"]},{"any":[{"id":"listitem","data":null,"relatedNodes":[],"impact":"serious","message":"List item has a <ul>, <ol> or role=\"list\" parent element"}],"all":[],"none":[],"impact":null,"html":"<li data-test=\"search-result-salary\" class=\"marginBt\">\n                Salary: \n                <strong class=\"nhsuk-u-font-weight-bold\">\n                  £29,060 to £30,688\n                  \n                    a year\n                  \n                </strong>\n              </li>","target":[".nhsuk-list-panel.search-result.nhsuk-u-padding-3:nth-child(3) > .nhsuk-grid-row:nth-child(3) > .nhsuk-grid-column-one-half:nth-child(1) > .first-ad-job-info.ad-job-info.nhsuk-list > .marginBt[data-test=\"search-result-salary\"]"]},{"any":[{"id":"listitem","data":null,"relatedNodes":[],"impact":"serious","message":"List item has a <ul>, <ol> or role=\"list\" parent element"}],"all":[],"none":[],"impact":null,"html":"<li data-test=\"search-result-publicationDate\">\n                Date posted: \n                <strong class=\"nhsuk-u-font-weight-bold\">\n                  13 June 2025\n                </strong>\n              </li>","target":[".nhsuk-list-panel.search-result.nhsuk-u-padding-3:nth-child(3) > .nhsuk-grid-row:nth-child(3) > .nhsuk-grid-column-one-half:nth-child(1) > .first-ad-job-info.ad-job-info.nhsuk-list > li[data-test=\"search-result-publicationDate\"]"]},{"any":[{"id":"listitem","data":null,"relatedNodes":[],"impact":"serious","message":"List item has a <ul>, <ol> or role=\"list\" parent element"}],"all":[],"none":[],"impact":null,"html":"<li data-test=\"search-result-closingDate\">\n                Closing date: \n                <strong class=\"nhsuk-u-font-weight-bold\">\n                  30 June 2025\n                </strong>\n              </li>","target":[".nhsuk-list-panel.search-result.nhsuk-u-padding-3:nth-child(3) > .nhsuk-grid-row:nth-child(3) > .nhsuk-grid-column-one-half:nth-child(1) > .first-ad-job-info.ad-job-info.nhsuk-list > li[data-test=\"search-result-closingDate\"]"]},{"any":[{"id":"listitem","data":null,"relatedNodes":[],"impact":"serious","message":"List item has a <ul>, <ol> or role=\"list\" parent element"}],"all":[],"none":[],"impact":null,"html":"<li data-test=\"search-result-jobType\" class=\"marginBt\">\n              Contract type: \n              <strong class=\"nhsuk-u-font-weight-bold\">\n                Permanent\n              </strong>\n            </li>","target":[".nhsuk-list-panel.search-result.nhsuk-u-padding-3:nth-child(3) > .nhsuk-grid-row:nth-child(3) > .nhsuk-grid-column-one-half:nth-child(2) > .ad-job-info.nhsuk-list > .marginBt[data-test=\"search-result-jobType\"]"]},{"any":[{"id":"listitem","data":null,"relatedNodes":[],"impact":"serious","message":"List item has a <ul>, <ol> or role=\"list\" parent element"}],"all":[],"none":[],"impact":null,"html":"<li data-test=\"search-result-workingPattern\" class=\"marginBt\">\n              Working pattern: \n              <strong class=\"nhsuk-u-font-weight-bold\">\n                Full time\n              </strong>\n            </li>","target":[".nhsuk-list-panel.search-result.nhsuk-u-padding-3:nth-child(3) > .nhsuk-grid-row:nth-child(3) > .nhsuk-grid-column-one-half:nth-child(2) > .ad-job-info.nhsuk-list > .marginBt[data-test=\"search-result-workingPattern\"]"]},{"any":[{"id":"listitem","data":null,"relatedNodes":[],"impact":"serious","message":"List item has a <ul>, <ol> or role=\"list\" parent element"}],"all":[],"none":[],"impact":null,"html":"<li class=\"nhsuk-list-panel search-result nhsuk-u-padding-3\" data-test=\"search-result\">","target":[".nhsuk-list-panel.search-result.nhsuk-u-padding-3:nth-child(4)"]},{"any":[{"id":"listitem","data":null,"relatedNodes":[],"impact":"serious","message":"List item has a <ul>, <ol> or role=\"list\" parent element"}],"all":[],"none":[],"impact":null,"html":"<li data-test=\"search-result-salary\" class=\"marginBt\">\n                Salary: \n                <strong class=\"nhsuk-u-font-weight-bold\">\n                  £15.87\n                  \n                    an hour\n                  \n                </strong>\n              </li>","target":[".nhsuk-list-panel.search-result.nhsuk-u-padding-3:nth-child(4) > .nhsuk-grid-row:nth-child(3) > .nhsuk-grid-column-one-half:nth-child(1) > .first-ad-job-info.ad-job-info.nhsuk-list > .marginBt[data-test=\"search-result-salary\"]"]},{"any":[{"id":"listitem","data":null,"relatedNodes":[],"impact":"serious","message":"List item has a <ul>, <ol> or role=\"list\" parent element"}],"all":[],"none":[],"impact":null,"html":"<li data-test=\"search-result-publicationDate\">\n                Date posted: \n                <strong class=\"nhsuk-u-font-weight-bold\">\n                  20 June 2025\n                </strong>\n              </li>","target":[".nhsuk-list-panel.search-result.nhsuk-u-padding-3:nth-child(4) > .nhsuk-grid-row:nth-child(3) > .nhsuk-grid-column-one-half:nth-child(1) > .first-ad-job-info.ad-job-info.nhsuk-list > li[data-test=\"search-result-publicationDate\"]"]},{"any":[{"id":"listitem","data":null,"relatedNodes":[],"impact":"serious","message":"List item has a <ul>, <ol> or role=\"list\" parent element"}],"all":[],"none":[],"impact":null,"html":"<li data-test=\"search-result-closingDate\">\n                Closing date: \n                <strong class=\"nhsuk-u-font-weight-bold\">\n                  18 August 2025\n                </strong>\n              </li>","target":[".nhsuk-list-panel.search-result.nhsuk-u-padding-3:nth-child(4) > .nhsuk-grid-row:nth-child(3) > .nhsuk-grid-column-one-half:nth-child(1) > .first-ad-job-info.ad-job-info.nhsuk-list > li[data-test=\"search-result-closingDate\"]"]},{"any":[{"id":"listitem","data":null,"relatedNodes":[],"impact":"serious","message":"List item has a <ul>, <ol> or role=\"list\" parent element"}],"all":[],"none":[],"impact":null,"html":"<li data-test=\"search-result-jobType\" class=\"marginBt\">\n              Contract type: \n              <strong class=\"nhsuk-u-font-weight-bold\">\n                Bank\n              </strong>\n            </li>","target":[".nhsuk-list-panel.search-result.nhsuk-u-padding-3:nth-child(4) > .nhsuk-grid-row:nth-child(3) > .nhsuk-grid-column-one-half:nth-child(2) > .ad-job-info.nhsuk-list > .marginBt[data-test=\"search-result-jobType\"]"]},{"any":[{"id":"listitem","data":null,"relatedNodes":[],"impact":"serious","message":"List item has a <ul>, <ol> or role=\"list\" parent element"}],"all":[],"none":[],"impact":null,"html":"<li data-test=\"search-result-workingPattern\" class=\"marginBt\">\n              Working pattern: \n              <strong class=\"nhsuk-u-font-weight-bold\">\n                Flexible working\n              </strong>\n            </li>","target":[".nhsuk-list-panel.search-result.nhsuk-u-padding-3:nth-child(4) > .nhsuk-grid-row:nth-child(3) > .nhsuk-grid-column-one-half:nth-child(2) > .ad-job-info.nhsuk-list > .marginBt[data-test=\"search-result-workingPattern\"]"]},{"any":[{"id":"listitem","data":null,"relatedNodes":[],"impact":"serious","message":"List item has a <ul>, <ol> or role=\"list\" parent element"}],"all":[],"none":[],"impact":null,"html":"<li class=\"nhsuk-list-panel search-result nhsuk-u-padding-3\" data-test=\"search-result\">","target":[".nhsuk-list-panel.search-result.nhsuk-u-padding-3:nth-child(5)"]},{"any":[{"id":"listitem","data":null,"relatedNodes":[],"impact":"serious","message":"List item has a <ul>, <ol> or role=\"list\" parent element"}],"all":[],"none":[],"impact":null,"html":"<li data-test=\"search-result-salary\" class=\"marginBt\">\n                Salary: \n                <strong class=\"nhsuk-u-font-weight-bold\">\n                  £31,557 to £34,181\n                  \n                    a year\n                  \n                </strong>\n              </li>","target":[".nhsuk-list-panel.search-result.nhsuk-u-padding-3:nth-child(5) > .nhsuk-grid-row:nth-child(3) > .nhsuk-grid-column-one-half:nth-child(1) > .first-ad-job-info.ad-job-info.nhsuk-list > .marginBt[data-test=\"search-result-salary\"]"]},{"any":[{"id":"listitem","data":null,"relatedNodes":[],"impact":"serious","message":"List item has a <ul>, <ol> or role=\"list\" parent element"}],"all":[],"none":[],"impact":null,"html":"<li data-test=\"search-result-publicationDate\">\n                Date posted: \n                <strong class=\"nhsuk-u-font-weight-bold\">\n                  13 June 2025\n                </strong>\n              </li>","target":[".nhsuk-list-panel.search-result.nhsuk-u-padding-3:nth-child(5) > .nhsuk-grid-row:nth-child(3) > .nhsuk-grid-column-one-half:nth-child(1) > .first-ad-job-info.ad-job-info.nhsuk-list > li[data-test=\"search-result-publicationDate\"]"]},{"any":[{"id":"listitem","data":null,"relatedNodes":[],"impact":"serious","message":"List item has a <ul>, <ol> or role=\"list\" parent element"}],"all":[],"none":[],"impact":null,"html":"<li data-test=\"search-result-closingDate\">\n                Closing date: \n                <strong class=\"nhsuk-u-font-weight-bold\">\n                  30 June 2025\n                </strong>\n              </li>","target":[".nhsuk-list-panel.search-result.nhsuk-u-padding-3:nth-child(5) > .nhsuk-grid-row:nth-child(3) > .nhsuk-grid-column-one-half:nth-child(1) > .first-ad-job-info.ad-job-info.nhsuk-list > li[data-test=\"search-result-closingDate\"]"]},{"any":[{"id":"listitem","data":null,"relatedNodes":[],"impact":"serious","message":"List item has a <ul>, <ol> or role=\"list\" parent element"}],"all":[],"none":[],"impact":null,"html":"<li data-test=\"search-result-jobType\" class=\"marginBt\">\n              Contract type: \n              <strong class=\"nhsuk-u-font-weight-bold\">\n                Permanent\n              </strong>\n            </li>","target":[".nhsuk-list-panel.search-result.nhsuk-u-padding-3:nth-child(5) > .nhsuk-grid-row:nth-child(3) > .nhsuk-grid-column-one-half:nth-child(2) > .ad-job-info.nhsuk-list > .marginBt[data-test=\"search-result-jobType\"]"]},{"any":[{"id":"listitem","data":null,"relatedNodes":[],"impact":"serious","message":"List item has a <ul>, <ol> or role=\"list\" parent element"}],"all":[],"none":[],"impact":null,"html":"<li data-test=\"search-result-workingPattern\" class=\"marginBt\">\n              Working pattern: \n              <strong class=\"nhsuk-u-font-weight-bold\">\n                Part time\n              </strong>\n            </li>","target":[".nhsuk-list-panel.search-result.nhsuk-u-padding-3:nth-child(5) > .nhsuk-grid-row:nth-child(3) > .nhsuk-grid-column-one-half:nth-child(2) > .ad-job-info.nhsuk-list > .marginBt[data-test=\"search-result-workingPattern\"]"]},{"any":[{"id":"listitem","data":null,"relatedNodes":[],"impact":"serious","message":"List item has a <ul>, <ol> or role=\"list\" parent element"}],"all":[],"none":[],"impact":null,"html":"<li class=\"nhsuk-list-panel search-result nhsuk-u-padding-3\" data-test=\"search-result\">","target":[".nhsuk-list-panel.search-result.nhsuk-u-padding-3:nth-child(6)"]},{"any":[{"id":"listitem","data":null,"relatedNodes":[],"impact":"serious","message":"List item has a <ul>, <ol> or role=\"list\" parent element"}],"all":[],"none":[],"impact":null,"html":"<li data-test=\"search-result-salary\" class=\"marginBt\">\n                Salary: \n                <strong class=\"nhsuk-u-font-weight-bold\">\n                  £29,060 to £30,689\n                  \n                    a year\n                  \n                </strong>\n              </li>","target":[".nhsuk-list-panel.search-result.nhsuk-u-padding-3:nth-child(6) > .nhsuk-grid-row:nth-child(3) > .nhsuk-grid-column-one-half:nth-child(1) > .first-ad-job-info.ad-job-info.nhsuk-list > .marginBt[data-test=\"search-result-salary\"]"]},{"any":[{"id":"listitem","data":null,"relatedNodes":[],"impact":"serious","message":"List item has a <ul>, <ol> or role=\"list\" parent element"}],"all":[],"none":[],"impact":null,"html":"<li data-test=\"search-result-publicationDate\">\n                Date posted: \n                <strong class=\"nhsuk-u-font-weight-bold\">\n                  13 June 2025\n                </strong>\n              </li>","target":[".nhsuk-list-panel.search-result.nhsuk-u-padding-3:nth-child(6) > .nhsuk-grid-row:nth-child(3) > .nhsuk-grid-column-one-half:nth-child(1) > .first-ad-job-info.ad-job-info.nhsuk-list > li[data-test=\"search-result-publicationDate\"]"]},{"any":[{"id":"listitem","data":null,"relatedNodes":[],"impact":"serious","message":"List item has a <ul>, <ol> or role=\"list\" parent element"}],"all":[],"none":[],"impact":null,"html":"<li data-test=\"search-result-closingDate\">\n                Closing date: \n                <strong class=\"nhsuk-u-font-weight-bold\">\n                  30 June 2025\n                </strong>\n              </li>","target":[".nhsuk-list-panel.search-result.nhsuk-u-padding-3:nth-child(6) > .nhsuk-grid-row:nth-child(3) > .nhsuk-grid-column-one-half:nth-child(1) > .first-ad-job-info.ad-job-info.nhsuk-list > li[data-test=\"search-result-closingDate\"]"]},{"any":[{"id":"listitem","data":null,"relatedNodes":[],"impact":"serious","message":"List item has a <ul>, <ol> or role=\"list\" parent element"}],"all":[],"none":[],"impact":null,"html":"<li data-test=\"search-result-jobType\" class=\"marginBt\">\n              Contract type: \n              <strong class=\"nhsuk-u-font-weight-bold\">\n                Permanent\n              </strong>\n            </li>","target":[".nhsuk-list-panel.search-result.nhsuk-u-padding-3:nth-child(6) > .nhsuk-grid-row:nth-child(3) > .nhsuk-grid-column-one-half:nth-child(2) > .ad-job-info.nhsuk-list > .marginBt[data-test=\"search-result-jobType\"]"]},{"any":[{"id":"listitem","data":null,"relatedNodes":[],"impact":"serious","message":"List item has a <ul>, <ol> or role=\"list\" parent element"}],"all":[],"none":[],"impact":null,"html":"<li data-test=\"search-result-workingPattern\" class=\"marginBt\">\n              Working pattern: \n              <strong class=\"nhsuk-u-font-weight-bold\">\n                Part time\n              </strong>\n            </li>","target":[".nhsuk-list-panel.search-result.nhsuk-u-padding-3:nth-child(6) > .nhsuk-grid-row:nth-child(3) > .nhsuk-grid-column-one-half:nth-child(2) > .ad-job-info.nhsuk-list > .marginBt[data-test=\"search-result-workingPattern\"]"]},{"any":[{"id":"listitem","data":null,"relatedNodes":[],"impact":"serious","message":"List item has a <ul>, <ol> or role=\"list\" parent element"}],"all":[],"none":[],"impact":null,"html":"<li class=\"nhsuk-list-panel search-result nhsuk-u-padding-3\" data-test=\"search-result\">","target":[".nhsuk-list-panel.search-result.nhsuk-u-padding-3:nth-child(7)"]},{"any":[{"id":"listitem","data":null,"relatedNodes":[],"impact":"serious","message":"List item has a <ul>, <ol> or role=\"list\" parent element"}],"all":[],"none":[],"impact":null,"html":"<li data-test=\"search-result-salary\" class=\"marginBt\">\n                Salary: \n                <strong class=\"nhsuk-u-font-weight-bold\">\n                  £26,712 to £29,494.50\n                  \n                    a year\n                  \n                </strong>\n              </li>","target":[".nhsuk-list-panel.search-result.nhsuk-u-padding-3:nth-child(7) > .nhsuk-grid-row:nth-child(3) > .nhsuk-grid-column-one-half:nth-child(1) > .first-ad-job-info.ad-job-info.nhsuk-list > .marginBt[data-test=\"search-result-salary\"]"]},{"any":[{"id":"listitem","data":null,"relatedNodes":[],"impact":"serious","message":"List item has a <ul>, <ol> or role=\"list\" parent element"}],"all":[],"none":[],"impact":null,"html":"<li data-test=\"search-result-publicationDate\">\n                Date posted: \n                <strong class=\"nhsuk-u-font-weight-bold\">\n                  9 June 2025\n                </strong>\n              </li>","target":[".nhsuk-list-panel.search-result.nhsuk-u-padding-3:nth-child(7) > .nhsuk-grid-row:nth-child(3) > .nhsuk-grid-column-one-half:nth-child(1) > .first-ad-job-info.ad-job-info.nhsuk-list > li[data-test=\"search-result-publicationDate\"]"]},{"any":[{"id":"listitem","data":null,"relatedNodes":[],"impact":"serious","message":"List item has a <ul>, <ol> or role=\"list\" parent element"}],"all":[],"none":[],"impact":null,"html":"<li data-test=\"search-result-closingDate\">\n                Closing date: \n                <strong class=\"nhsuk-u-font-weight-bold\">\n                  29 June 2025\n                </strong>\n              </li>","target":[".nhsuk-list-panel.search-result.nhsuk-u-padding-3:nth-child(7) > .nhsuk-grid-row:nth-child(3) > .nhsuk-grid-column-one-half:nth-child(1) > .first-ad-job-info.ad-job-info.nhsuk-list > li[data-test=\"search-result-closingDate\"]"]},{"any":[{"id":"listitem","data":null,"relatedNodes":[],"impact":"serious","message":"List item has a <ul>, <ol> or role=\"list\" parent element"}],"all":[],"none":[],"impact":null,"html":"<li data-test=\"search-result-jobType\" class=\"marginBt\">\n              Contract type: \n              <strong class=\"nhsuk-u-font-weight-bold\">\n                Permanent\n              </strong>\n            </li>","target":[".nhsuk-list-panel.search-result.nhsuk-u-padding-3:nth-child(7) > .nhsuk-grid-row:nth-child(3) > .nhsuk-grid-column-one-half:nth-child(2) > .ad-job-info.nhsuk-list > .marginBt[data-test=\"search-result-jobType\"]"]},{"any":[{"id":"listitem","data":null,"relatedNodes":[],"impact":"serious","message":"List item has a <ul>, <ol> or role=\"list\" parent element"}],"all":[],"none":[],"impact":null,"html":"<li data-test=\"search-result-workingPattern\" class=\"marginBt\">\n              Working pattern: \n              <strong class=\"nhsuk-u-font-weight-bold\">\n                Full time\n              </strong>\n            </li>","target":[".nhsuk-list-panel.search-result.nhsuk-u-padding-3:nth-child(7) > .nhsuk-grid-row:nth-child(3) > .nhsuk-grid-column-one-half:nth-child(2) > .ad-job-info.nhsuk-list > .marginBt[data-test=\"search-result-workingPattern\"]"]},{"any":[{"id":"listitem","data":null,"relatedNodes":[],"impact":"serious","message":"List item has a <ul>, <ol> or role=\"list\" parent element"}],"all":[],"none":[],"impact":null,"html":"<li class=\"nhsuk-list-panel search-result nhsuk-u-padding-3\" data-test=\"search-result\">","target":[".nhsuk-list-panel.search-result.nhsuk-u-padding-3:nth-child(8)"]},{"any":[{"id":"listitem","data":null,"relatedNodes":[],"impact":"serious","message":"List item has a <ul>, <ol> or role=\"list\" parent element"}],"all":[],"none":[],"impact":null,"html":"<li data-test=\"search-result-salary\" class=\"marginBt\">\n                Salary: \n                <strong class=\"nhsuk-u-font-weight-bold\">\n                  £24,486 to £26,155.50\n                  \n                    a year\n                  \n                </strong>\n              </li>","target":[".nhsuk-list-panel.search-result.nhsuk-u-padding-3:nth-child(8) > .nhsuk-grid-row:nth-child(3) > .nhsuk-grid-column-one-half:nth-child(1) > .first-ad-job-info.ad-job-info.nhsuk-list > .marginBt[data-test=\"search-result-salary\"]"]},{"any":[{"id":"listitem","data":null,"relatedNodes":[],"impact":"serious","message":"List item has a <ul>, <ol> or role=\"list\" parent element"}],"all":[],"none":[],"impact":null,"html":"<li data-test=\"search-result-publicationDate\">\n                Date posted: \n                <strong class=\"nhsuk-u-font-weight-bold\">\n                  9 June 2025\n                </strong>\n              </li>","target":[".nhsuk-list-panel.search-result.nhsuk-u-padding-3:nth-child(8) > .nhsuk-grid-row:nth-child(3) > .nhsuk-grid-column-one-half:nth-child(1) > .first-ad-job-info.ad-job-info.nhsuk-list > li[data-test=\"search-result-publicationDate\"]"]},{"any":[{"id":"listitem","data":null,"relatedNodes":[],"impact":"serious","message":"List item has a <ul>, <ol> or role=\"list\" parent element"}],"all":[],"none":[],"impact":null,"html":"<li data-test=\"search-result-closingDate\">\n                Closing date: \n                <strong class=\"nhsuk-u-font-weight-bold\">\n                  29 June 2025\n                </strong>\n              </li>","target":[".nhsuk-list-panel.search-result.nhsuk-u-padding-3:nth-child(8) > .nhsuk-grid-row:nth-child(3) > .nhsuk-grid-column-one-half:nth-child(1) > .first-ad-job-info.ad-job-info.nhsuk-list > li[data-test=\"search-result-closingDate\"]"]},{"any":[{"id":"listitem","data":null,"relatedNodes":[],"impact":"serious","message":"List item has a <ul>, <ol> or role=\"list\" parent element"}],"all":[],"none":[],"impact":null,"html":"<li data-test=\"search-result-jobType\" class=\"marginBt\">\n              Contract type: \n              <strong class=\"nhsuk-u-font-weight-bold\">\n                Permanent\n              </strong>\n            </li>","target":[".nhsuk-list-panel.search-result.nhsuk-u-padding-3:nth-child(8) > .nhsuk-grid-row:nth-child(3) > .nhsuk-grid-column-one-half:nth-child(2) > .ad-job-info.nhsuk-list > .marginBt[data-test=\"search-result-jobType\"]"]},{"any":[{"id":"listitem","data":null,"relatedNodes":[],"impact":"serious","message":"List item has a <ul>, <ol> or role=\"list\" parent element"}],"all":[],"none":[],"impact":null,"html":"<li data-test=\"search-result-workingPattern\" class=\"marginBt\">\n              Working pattern: \n              <strong class=\"nhsuk-u-font-weight-bold\">\n                Full time\n              </strong>\n            </li>","target":[".nhsuk-list-panel.search-result.nhsuk-u-padding-3:nth-child(8) > .nhsuk-grid-row:nth-child(3) > .nhsuk-grid-column-one-half:nth-child(2) > .ad-job-info.nhsuk-list > .marginBt[data-test=\"search-result-workingPattern\"]"]},{"any":[{"id":"listitem","data":null,"relatedNodes":[],"impact":"serious","message":"List item has a <ul>, <ol> or role=\"list\" parent element"}],"all":[],"none":[],"impact":null,"html":"<li class=\"nhsuk-list-panel search-result nhsuk-u-padding-3\" data-test=\"search-result\">","target":[".nhsuk-list-panel.search-result.nhsuk-u-padding-3:nth-child(9)"]},{"any":[{"id":"listitem","data":null,"relatedNodes":[],"impact":"serious","message":"List item has a <ul>, <ol> or role=\"list\" parent element"}],"all":[],"none":[],"impact":null,"html":"<li data-test=\"search-result-salary\" class=\"marginBt\">\n                Salary: \n                <strong class=\"nhsuk-u-font-weight-bold\">\n                  £13.17 to £13.17\n                  \n                    an hour\n                  \n                </strong>\n              </li>","target":[".nhsuk-list-panel.search-result.nhsuk-u-padding-3:nth-child(9) > .nhsuk-grid-row:nth-child(3) > .nhsuk-grid-column-one-half:nth-child(1) > .first-ad-job-info.ad-job-info.nhsuk-list > .marginBt[data-test=\"search-result-salary\"]"]},{"any":[{"id":"listitem","data":null,"relatedNodes":[],"impact":"serious","message":"List item has a <ul>, <ol> or role=\"list\" parent element"}],"all":[],"none":[],"impact":null,"html":"<li data-test=\"search-result-publicationDate\">\n                Date posted: \n                <strong class=\"nhsuk-u-font-weight-bold\">\n                  9 June 2025\n                </strong>\n              </li>","target":[".nhsuk-list-panel.search-result.nhsuk-u-padding-3:nth-child(9) > .nhsuk-grid-row:nth-child(3) > .nhsuk-grid-column-one-half:nth-child(1) > .first-ad-job-info.ad-job-info.nhsuk-list > li[data-test=\"search-result-publicationDate\"]"]},{"any":[{"id":"listitem","data":null,"relatedNodes":[],"impact":"serious","message":"List item has a <ul>, <ol> or role=\"list\" parent element"}],"all":[],"none":[],"impact":null,"html":"<li data-test=\"search-result-closingDate\">\n                Closing date: \n                <strong class=\"nhsuk-u-font-weight-bold\">\n                  29 June 2025\n                </strong>\n              </li>","target":[".nhsuk-list-panel.search-result.nhsuk-u-padding-3:nth-child(9) > .nhsuk-grid-row:nth-child(3) > .nhsuk-grid-column-one-half:nth-child(1) > .first-ad-job-info.ad-job-info.nhsuk-list > li[data-test=\"search-result-closingDate\"]"]},{"any":[{"id":"listitem","data":null,"relatedNodes":[],"impact":"serious","message":"List item has a <ul>, <ol> or role=\"list\" parent element"}],"all":[],"none":[],"impact":null,"html":"<li data-test=\"search-result-jobType\" class=\"marginBt\">\n              Contract type: \n              <strong class=\"nhsuk-u-font-weight-bold\">\n                Bank\n              </strong>\n            </li>","target":[".nhsuk-list-panel.search-result.nhsuk-u-padding-3:nth-child(9) > .nhsuk-grid-row:nth-child(3) > .nhsuk-grid-column-one-half:nth-child(2) > .ad-job-info.nhsuk-list > .marginBt[data-test=\"search-result-jobType\"]"]},{"any":[{"id":"listitem","data":null,"relatedNodes":[],"impact":"serious","message":"List item has a <ul>, <ol> or role=\"list\" parent element"}],"all":[],"none":[],"impact":null,"html":"<li data-test=\"search-result-workingPattern\" class=\"marginBt\">\n              Working pattern: \n              <strong class=\"nhsuk-u-font-weight-bold\">\n                Part time\n              </strong>\n            </li>","target":[".nhsuk-list-panel.search-result.nhsuk-u-padding-3:nth-child(9) > .nhsuk-grid-row:nth-child(3) > .nhsuk-grid-column-one-half:nth-child(2) > .ad-job-info.nhsuk-list > .marginBt[data-test=\"search-result-workingPattern\"]"]},{"any":[{"id":"listitem","data":null,"relatedNodes":[],"impact":"serious","message":"List item has a <ul>, <ol> or role=\"list\" parent element"}],"all":[],"none":[],"impact":null,"html":"<li class=\"nhsuk-list-panel search-result nhsuk-u-padding-3\" data-test=\"search-result\">","target":[".nhsuk-list-panel.search-result.nhsuk-u-padding-3:nth-child(10)"]},{"any":[{"id":"listitem","data":null,"relatedNodes":[],"impact":"serious","message":"List item has a <ul>, <ol> or role=\"list\" parent element"}],"all":[],"none":[],"impact":null,"html":"<li data-test=\"search-result-salary\" class=\"marginBt\">\n                Salary: \n                <strong class=\"nhsuk-u-font-weight-bold\">\n                  £14.93 to £14.93\n                  \n                    an hour\n                  \n                </strong>\n              </li>","target":[".nhsuk-list-panel.search-result.nhsuk-u-padding-3:nth-child(10) > .nhsuk-grid-row:nth-child(3) > .nhsuk-grid-column-one-half:nth-child(1) > .first-ad-job-info.ad-job-info.nhsuk-list > .marginBt[data-test=\"search-result-salary\"]"]},{"any":[{"id":"listitem","data":null,"relatedNodes":[],"impact":"serious","message":"List item has a <ul>, <ol> or role=\"list\" parent element"}],"all":[],"none":[],"impact":null,"html":"<li data-test=\"search-result-publicationDate\">\n                Date posted: \n                <strong class=\"nhsuk-u-font-weight-bold\">\n                  9 June 2025\n                </strong>\n              </li>","target":[".nhsuk-list-panel.search-result.nhsuk-u-padding-3:nth-child(10) > .nhsuk-grid-row:nth-child(3) > .nhsuk-grid-column-one-half:nth-child(1) > .first-ad-job-info.ad-job-info.nhsuk-list > li[data-test=\"search-result-publicationDate\"]"]},{"any":[{"id":"listitem","data":null,"relatedNodes":[],"impact":"serious","message":"List item has a <ul>, <ol> or role=\"list\" parent element"}],"all":[],"none":[],"impact":null,"html":"<li data-test=\"search-result-closingDate\">\n                Closing date: \n                <strong class=\"nhsuk-u-font-weight-bold\">\n                  29 June 2025\n                </strong>\n              </li>","target":[".nhsuk-list-panel.search-result.nhsuk-u-padding-3:nth-child(10) > .nhsuk-grid-row:nth-child(3) > .nhsuk-grid-column-one-half:nth-child(1) > .first-ad-job-info.ad-job-info.nhsuk-list > li[data-test=\"search-result-closingDate\"]"]},{"any":[{"id":"listitem","data":null,"relatedNodes":[],"impact":"serious","message":"List item has a <ul>, <ol> or role=\"list\" parent element"}],"all":[],"none":[],"impact":null,"html":"<li data-test=\"search-result-jobType\" class=\"marginBt\">\n              Contract type: \n              <strong class=\"nhsuk-u-font-weight-bold\">\n                Bank\n              </strong>\n            </li>","target":[".nhsuk-list-panel.search-result.nhsuk-u-padding-3:nth-child(10) > .nhsuk-grid-row:nth-child(3) > .nhsuk-grid-column-one-half:nth-child(2) > .ad-job-info.nhsuk-list > .marginBt[data-test=\"search-result-jobType\"]"]},{"any":[{"id":"listitem","data":null,"relatedNodes":[],"impact":"serious","message":"List item has a <ul>, <ol> or role=\"list\" parent element"}],"all":[],"none":[],"impact":null,"html":"<li data-test=\"search-result-workingPattern\" class=\"marginBt\">\n              Working pattern: \n              <strong class=\"nhsuk-u-font-weight-bold\">\n                Part time\n              </strong>\n            </li>","target":[".nhsuk-list-panel.search-result.nhsuk-u-padding-3:nth-child(10) > .nhsuk-grid-row:nth-child(3) > .nhsuk-grid-column-one-half:nth-child(2) > .ad-job-info.nhsuk-list > .marginBt[data-test=\"search-result-workingPattern\"]"]},{"any":[{"id":"listitem","data":null,"relatedNodes":[],"impact":"serious","message":"List item has a <ul>, <ol> or role=\"list\" parent element"}],"all":[],"none":[],"impact":null,"html":"<li class=\"nhsuk-pagination-item--previous\">\n      \n    </li>","target":[".nhsuk-pagination-item--previous"]},{"any":[{"id":"listitem","data":null,"relatedNodes":[],"impact":"serious","message":"List item has a <ul>, <ol> or role=\"list\" parent element"}],"all":[],"none":[],"impact":null,"html":"<li class=\"nhsuk-pagination-item--next\">","target":[".nhsuk-pagination-item--next"]},{"any":[{"id":"listitem","data":null,"relatedNodes":[],"impact":"serious","message":"List item has a <ul>, <ol> or role=\"list\" parent element"}],"all":[],"none":[],"impact":null,"html":"<li class=\"nhsuk-footer__list-item\">\n          <a class=\"nhsuk-footer__list-item-link\" target=\"_blank\" id=\"privacy\" href=\"/candidate/privacy-policy\">Privacy policy</a>\n        </li>","target":[".nhsuk-footer__list-item:nth-child(1)"]},{"any":[{"id":"listitem","data":null,"relatedNodes":[],"impact":"serious","message":"List item has a <ul>, <ol> or role=\"list\" parent element"}],"all":[],"none":[],"impact":null,"html":"<li class=\"nhsuk-footer__list-item\">\n          <a class=\"nhsuk-footer__list-item-link\" target=\"_blank\" id=\"acceptableUse\" href=\"/candidate/acceptable-use\">Terms and conditions</a>\n        </li>","target":[".nhsuk-footer__list-item:nth-child(2)"]},{"any":[{"id":"listitem","data":null,"relatedNodes":[],"impact":"serious","message":"List item has a <ul>, <ol> or role=\"list\" parent element"}],"all":[],"none":[],"impact":null,"html":"<li class=\"nhsuk-footer__list-item\">\n          <a class=\"nhsuk-footer__list-item-link\" target=\"_blank\" id=\"accessibility\" href=\"https://www.nhsbsa.nhs.uk/our-policies/accessibility/accessibility-statement-nhs-jobs-applicants\">Accessibility Statement</a>\n        </li>","target":[".nhsuk-footer__list-item:nth-child(3)"]},{"any":[{"id":"listitem","data":null,"relatedNodes":[],"impact":"serious","message":"List item has a <ul>, <ol> or role=\"list\" parent element"}],"all":[],"none":[],"impact":null,"html":"<li class=\"nhsuk-footer__list-item\">\n          <a class=\"nhsuk-footer__list-item-link\" target=\"_blank\" id=\"cookies\" href=\"/candidate/cookies\">Cookies</a>\n        </li>","target":[".nhsuk-footer__list-item:nth-child(4)"]},{"any":[{"id":"listitem","data":null,"relatedNodes":[],"impact":"serious","message":"List item has a <ul>, <ol> or role=\"list\" parent element"}],"all":[],"none":[],"impact":null,"html":"<li class=\"nhsuk-footer__list-item\">\n          <a class=\"nhsuk-footer__list-item-link\" target=\"_blank\" id=\"helpText\" href=\"https://www.nhsbsa.nhs.uk/new-nhs-jobs-service/help-and-support-applicants\">How to apply for jobs</a>\n        </li>","target":[".nhsuk-footer__list-item:nth-child(5)"]}]},{"id":"meta-viewport-large","impact":null,"tags":["cat.sensory-and-visual-cues","best-practice"],"description":"Ensures <meta name=\"viewport\"> can scale a significant amount","help":"Users should be able to zoom and scale the text up to 500%","helpUrl":"https://dequeuniversity.com/rules/axe/4.7/meta-viewport-large?application=axeAPI","nodes":[{"any":[{"id":"meta-viewport-large","data":null,"relatedNodes":[],"impact":"minor","message":"<meta> tag does not prevent significant zooming on mobile devices"}],"all":[],"none":[],"impact":null,"html":"<meta name=\"viewport\" content=\"width=device-width, initial-scale=1, shrink-to-fit=no\">","target":["meta[name=\"viewport\"]"]}]},{"id":"meta-viewport","impact":null,"tags":["cat.sensory-and-visual-cues","wcag2aa","wcag144","ACT"],"description":"Ensures <meta name=\"viewport\"> does not disable text scaling and zooming","help":"Zooming and scaling must not be disabled","helpUrl":"https://dequeuniversity.com/rules/axe/4.7/meta-viewport?application=axeAPI","nodes":[{"any":[{"id":"meta-viewport","data":null,"relatedNodes":[],"impact":"critical","message":"<meta> tag does not disable zooming on mobile devices"}],"all":[],"none":[],"impact":null,"html":"<meta name=\"viewport\" content=\"width=device-width, initial-scale=1, shrink-to-fit=no\">","target":["meta[name=\"viewport\"]"]}]},{"id":"nested-interactive","impact":null,"tags":["cat.keyboard","wcag2a","wcag412","TTv5","TT6.a"],"description":"Ensures interactive controls are not nested as they are not always announced by screen readers or can cause focus problems for assistive technologies","help":"Interactive controls must not be nested","helpUrl":"https://dequeuniversity.com/rules/axe/4.7/nested-interactive?application=axeAPI","nodes":[{"any":[{"id":"no-focusable-content","data":null,"relatedNodes":[],"impact":"serious","message":"Element does not have focusable descendants"}],"all":[],"none":[],"impact":null,"html":"<button class=\"nhsuk-button  nhsuk-u-padding-top-2 nhsuk-u-padding-bottom-2\" type=\"submit\" id=\"search\" data-test=\"search-button\">Search</button>","target":["#search"]},{"any":[{"id":"no-focusable-content","data":null,"relatedNodes":[],"impact":"serious","message":"Element does not have focusable descendants"}],"all":[],"none":[],"impact":null,"html":"<summary class=\"nhsuk-details__summary\" role=\"button\" aria-controls=\"distance-details\" aria-expanded=\"false\" data-test=\"distance\">\n                <span class=\"nhsuk-details__summary-text\">\n                    Distance\n                </span>\n            </summary>","target":["summary[aria-controls=\"distance-details\"]"]},{"any":[{"id":"no-focusable-content","data":null,"relatedNodes":[],"impact":"serious","message":"Element does not have focusable descendants"}],"all":[],"none":[],"impact":null,"html":"<summary class=\"nhsuk-details__summary\" role=\"button\" aria-controls=\"covid-jobs-only\" aria-expanded=\"false\" data-test=\"filter-covid-only\">\n                <span class=\"nhsuk-details__summary-text\">\n                    COVID-19\n                </span>\n            </summary>","target":["summary[aria-controls=\"covid-jobs-only\"]"]},{"any":[{"id":"no-focusable-content","data":null,"relatedNodes":[],"impact":"serious","message":"Element does not have focusable descendants"}],"all":[],"none":[],"impact":null,"html":"<summary id=\"working-patterns-expander\" class=\"nhsuk-details__summary \" role=\"button\" aria-controls=\"working-pattern-details\" aria-expanded=\"false\" data-test=\"filter-working-pattern\">","target":["#working-patterns-expander"]},{"any":[{"id":"no-focusable-content","data":null,"relatedNodes":[],"impact":"serious","message":"Element does not have focusable descendants"}],"all":[],"none":[],"impact":null,"html":"<summary class=\"nhsuk-details__summary\" role=\"button\" aria-controls=\"contract-type-details\" aria-expanded=\"false\" data-test=\"filter-contract-type\">\n                <span class=\"nhsuk-details__summary-text\">Contract type</span>\n            </summary>","target":["summary[aria-controls=\"contract-type-details\"]"]},{"any":[{"id":"no-focusable-content","data":null,"relatedNodes":[],"impact":"serious","message":"Element does not have focusable descendants"}],"all":[],"none":[],"impact":null,"html":"<summary class=\"nhsuk-details__summary\" role=\"button\" aria-controls=\"staff-group-details\" aria-expanded=\"false\" data-test=\"filter-staff-group\">\n                <span class=\"nhsuk-details__summary-text\">\n                    Staff group\n                </span>\n            </summary>","target":["summary[aria-controls=\"staff-group-details\"]"]},{"any":[{"id":"no-focusable-content","data":null,"relatedNodes":[],"impact":"serious","message":"Element does not have focusable descendants"}],"all":[],"none":[],"impact":null,"html":"<summary class=\"nhsuk-details__summary\" role=\"button\" aria-controls=\"pay-range-details\" aria-expanded=\"false\" data-test=\"filter-pay-range\">\n                <span class=\"nhsuk-details__summary-text\">\n                    Pay range\n                </span>\n            </summary>","target":["summary[aria-controls=\"pay-range-details\"]"]},{"any":[{"id":"no-focusable-content","data":null,"relatedNodes":[],"impact":"serious","message":"Element does not have focusable descendants"}],"all":[],"none":[],"impact":null,"html":"<summary class=\"nhsuk-details__summary\" role=\"button\" aria-controls=\"pay-band-details\" aria-expanded=\"false\" data-test=\"filter-pay-band\">","target":["summary[aria-controls=\"pay-band-details\"]"]},{"any":[{"id":"no-focusable-content","data":null,"relatedNodes":[],"impact":"serious","message":"Element does not have focusable descendants"}],"all":[],"none":[],"impact":null,"html":"<input class=\"nhsuk-button nhsuk-button--primary\" type=\"submit\" id=\"refine-search\" value=\"Apply filters\" data-test=\"refine-search-button\">","target":["#refine-search"]},{"any":[{"id":"no-focusable-content","data":null,"relatedNodes":[],"impact":"serious","message":"Element does not have focusable descendants"}],"all":[],"none":[],"impact":null,"html":"<option selected=\"\" value=\"\">Best Match</option>","target":["#sort > option:nth-child(1)"]},{"any":[{"id":"no-focusable-content","data":null,"relatedNodes":[],"impact":"serious","message":"Element does not have focusable descendants"}],"all":[],"none":[],"impact":null,"html":"<option value=\"closingDate\">Closing Date</option>","target":["option[value=\"closingDate\"]"]},{"any":[{"id":"no-focusable-content","data":null,"relatedNodes":[],"impact":"serious","message":"Element does not have focusable descendants"}],"all":[],"none":[],"impact":null,"html":"<option value=\"publicationDateDesc\">Date Posted (newest)</option>","target":["option[value=\"publicationDateDesc\"]"]},{"any":[{"id":"no-focusable-content","data":null,"relatedNodes":[],"impact":"serious","message":"Element does not have focusable descendants"}],"all":[],"none":[],"impact":null,"html":"<option value=\"salaryAsc\">Salary lowest to highest</option>","target":["option[value=\"salaryAsc\"]"]},{"any":[{"id":"no-focusable-content","data":null,"relatedNodes":[],"impact":"serious","message":"Element does not have focusable descendants"}],"all":[],"none":[],"impact":null,"html":"<option value=\"salaryDesc\">Salary highest to lowest</option>","target":["option[value=\"salaryDesc\"]"]}]},{"id":"page-has-heading-one","impact":null,"tags":["cat.semantics","best-practice"],"description":"Ensure that the page, or at least one of its frames contains a level-one heading","help":"Page should contain a level-one heading","helpUrl":"https://dequeuniversity.com/rules/axe/4.7/page-has-heading-one?application=axeAPI","nodes":[{"any":[],"all":[{"id":"page-has-heading-one","data":null,"relatedNodes":[{"html":"<h1 data-test=\"search-result-query\" id=\"search-results-heading\" class=\"nhsuk-heading-xl nhsuk-u-padding-left-4 nhsuk-u-margin-bottom-4\" aria-label=\"562 jobs found for Carer in London. Sorted by: Best Match\">\n          562 jobs found for Carer in London\n        </h1>","target":["#search-results-heading"]}],"impact":"moderate","message":"Page has at least one level-one heading"}],"none":[],"impact":null,"html":"<html lang=\"en\" style=\"\">","target":["html"]}]},{"id":"region","impact":null,"tags":["cat.keyboard","best-practice"],"description":"Ensures all page content is contained by landmarks","help":"All page content should be contained by landmarks","helpUrl":"https://dequeuniversity.com/rules/axe/4.7/region?application=axeAPI","nodes":[{"any":[{"id":"region","data":{"isIframe":false},"relatedNodes":[],"impact":"moderate","message":"All page content is contained by landmarks"}],"all":[],"none":[],"impact":null,"html":"<a class=\"nhsuk-skip-link\" href=\"#search-results-heading\" aria-label=\"562 jobs found for Carer in London. Sorted by: Best Match . Skip to search filters\" id=\"skip_to_search_filters\">Skip to search filters</a>","target":["#skip_to_search_filters"]},{"any":[{"id":"region","data":{"isIframe":false},"relatedNodes":[],"impact":"moderate","message":"All page content is contained by landmarks"}],"all":[],"none":[],"impact":null,"html":"<a class=\"nhsuk-skip-link\" href=\"#first-result-title\" id=\"skipToSearchResults\" aria-label=\"Skip to search results\">Skip to search results</a>","target":["#skipToSearchResults"]},{"any":[{"id":"region","data":{"isIframe":false},"relatedNodes":[],"impact":"moderate","message":"All page content is contained by landmarks"}],"all":[],"none":[],"impact":null,"html":"<div id=\"heading-body\">","target":["#main-body > div:nth-child(3)"]},{"any":[{"id":"region","data":{"isIframe":false},"relatedNodes":[],"impact":"moderate","message":"All page content is contained by landmarks"}],"all":[],"none":[],"impact":null,"html":"<header class=\"nhsuk-header\" role=\"banner\" id=\"heading-body\">","target":["header"]},{"any":[{"id":"region","data":{"isIframe":false},"relatedNodes":[],"impact":"moderate","message":"All page content is contained by landmarks"}],"all":[],"none":[],"impact":null,"html":"<div class=\"top-banner info\">","target":[".top-banner"]},{"any":[{"id":"region","data":{"isIframe":false},"relatedNodes":[],"impact":"moderate","message":"All page content is contained by landmarks"}],"all":[],"none":[],"impact":null,"html":"<div class=\"nhsuk-width-container\">","target":[".top-banner > .nhsuk-width-container"]},{"any":[{"id":"region","data":{"isIframe":false},"relatedNodes":[],"impact":"moderate","message":"All page content is contained by landmarks"}],"all":[],"none":[],"impact":null,"html":"<span id=\"accepted-cookies-message\">You’ve accepted analytics cookies. You can \n      <a href=\"/candidate/cookies\" id=\"change-cookies-settings\" aria-label=\"Go to the cookie information page\">change your cookie settings</a> at any time.</span>","target":["#accepted-cookies-message"]},{"any":[{"id":"region","data":{"isIframe":false},"relatedNodes":[],"impact":"moderate","message":"All page content is contained by landmarks"}],"all":[],"none":[],"impact":null,"html":"<a href=\"/candidate/cookies\" id=\"change-cookies-settings\" aria-label=\"Go to the cookie information page\">change your cookie settings</a>","target":["#change-cookies-settings"]},{"any":[{"id":"region","data":{"isIframe":false},"relatedNodes":[],"impact":"moderate","message":"All page content is contained by landmarks"}],"all":[],"none":[],"impact":null,"html":"<a href=\"/candidate/dismiss-cookie-messages\" id=\"dismiss-cookie-messages\" aria-label=\"Dismiss information about cookie preferences\" style=\"float: right\">Hide</a>","target":["#dismiss-cookie-messages"]},{"any":[{"id":"region","data":{"isIframe":false},"relatedNodes":[],"impact":"moderate","message":"All page content is contained by landmarks"}],"all":[],"none":[],"impact":null,"html":"<div class=\"nhsuk-width-container nhsuk-header__container\">","target":[".nhsuk-header__container"]},{"any":[{"id":"region","data":{"isIframe":false},"relatedNodes":[],"impact":"moderate","message":"All page content is contained by landmarks"}],"all":[],"none":[],"impact":null,"html":"<div class=\"nhsuk-header__logo\">","target":[".nhsuk-header__logo"]},{"any":[{"id":"region","data":{"isIframe":false},"relatedNodes":[],"impact":"moderate","message":"All page content is contained by landmarks"}],"all":[],"none":[],"impact":null,"html":"<a class=\"nhsuk-header__link nhsuk-header__link--service nhsuk-header__link--service-short-name\" href=\"/candidate\" aria-label=\"NHS jobs homepage\">","target":[".nhsuk-header__link"]},{"any":[{"id":"region","data":{"isIframe":false},"relatedNodes":[],"impact":"moderate","message":"All page content is contained by landmarks"}],"all":[],"none":[],"impact":null,"html":"<svg class=\"nhsuk-logo\" xmlns=\"http://www.w3.org/2000/svg\" viewBox=\"0 0 40 16\" height=\"40\" width=\"100\">","target":[".nhsuk-logo"]},{"any":[{"id":"region","data":{"isIframe":false},"relatedNodes":[],"impact":"moderate","message":"All page content is contained by landmarks"}],"all":[],"none":[],"impact":null,"html":"<path class=\"nhsuk-logo__background\" fill=\"#005eb8\" d=\"M0 0h40v16H0z\"></path>","target":[".nhsuk-logo__background"]},{"any":[{"id":"region","data":{"isIframe":false},"relatedNodes":[],"impact":"moderate","message":"All page content is contained by landmarks"}],"all":[],"none":[],"impact":null,"html":"<path class=\"nhsuk-logo__text\" fill=\"#fff\" d=\"M3.9 1.5h4.4l2.6 9h.1l1.8-9h3.3l-2.8 13H9l-2.7-9h-.1l-1.8 9H1.1M17.3 1.5h3.6l-1 4.9h4L25 1.5h3.5l-2.7 13h-3.5l1.1-5.6h-4.1l-1.2 5.6h-3.4M37.7 4.4c-.7-.3-1.6-.6-2.9-.6-1.4 0-2.5.2-2.5 1.3 0 1.8 5.1 1.2 5.1 5.1 0 3.6-3.3 4.5-6.4 4.5-1.3 0-2.9-.3-4-.7l.8-2.7c.7.4 2.1.7 3.2.7s2.8-.2 2.8-1.5c0-2.1-5.1-1.3-5.1-5 0-3.4 2.9-4.4 5.8-4.4 1.6 0 3.1.2 4 .6\">","target":[".nhsuk-logo__text"]},{"any":[{"id":"region","data":{"isIframe":false},"relatedNodes":[],"impact":"moderate","message":"All page content is contained by landmarks"}],"all":[],"none":[],"impact":null,"html":"<div class=\"nhsuk-header__service-name\">Jobs</div>","target":[".nhsuk-header__service-name"]},{"any":[{"id":"region","data":{"isIframe":false},"relatedNodes":[],"impact":"moderate","message":"All page content is contained by landmarks"}],"all":[],"none":[],"impact":null,"html":"<div class=\"nhsuk-header__content\" id=\"content-header\">","target":["#content-header"]},{"any":[{"id":"region","data":{"isIframe":false},"relatedNodes":[],"impact":"moderate","message":"All page content is contained by landmarks"}],"all":[],"none":[],"impact":null,"html":"<nav class=\"gem-c-translation-nav hide-mobile nhsuk-u-margin-0 nhsuk-u-padding-left-7\" aria-label=\"Translations\">","target":[".gem-c-translation-nav"]},{"any":[{"id":"region","data":{"isIframe":false},"relatedNodes":[],"impact":"moderate","message":"All page content is contained by landmarks"}],"all":[],"none":[],"impact":null,"html":"<ul class=\"nhsuk-header__navigation-list-right\">","target":[".nhsuk-header__navigation-list-right:nth-child(1)"]},{"any":[{"id":"region","data":{"isIframe":false},"relatedNodes":[],"impact":"moderate","message":"All page content is contained by landmarks"}],"all":[],"none":[],"impact":null,"html":"<li class=\"gem-c-translation-nav__list-item\">\n      <a class=\"sign-in-link\" id=\"candidate_sign_in\" href=\"/candidate/auth/login\">\n        Sign in\n      </a>\n    </li>","target":[".nhsuk-header__navigation-list-right:nth-child(1) > .gem-c-translation-nav__list-item"]},{"any":[{"id":"region","data":{"isIframe":false},"relatedNodes":[],"impact":"moderate","message":"All page content is contained by landmarks"}],"all":[],"none":[],"impact":null,"html":"<a class=\"sign-in-link\" id=\"candidate_sign_in\" href=\"/candidate/auth/login\">\n        Sign in\n      </a>","target":["#candidate_sign_in"]},{"any":[{"id":"region","data":{"isIframe":false},"relatedNodes":[],"impact":"moderate","message":"All page content is contained by landmarks"}],"all":[],"none":[],"impact":null,"html":"<li class=\"gem-c-translation-nav__list-item-none-border\">\n      <a href=\"/candidate/auth/register/first-last-name\" class=\"sign-in-link\" data-test=\"header-create-account\">Create an account</a>\n    </li>","target":[".nhsuk-header__navigation-list-right:nth-child(1) > .gem-c-translation-nav__list-item-none-border"]},{"any":[{"id":"region","data":{"isIframe":false},"relatedNodes":[],"impact":"moderate","message":"All page content is contained by landmarks"}],"all":[],"none":[],"impact":null,"html":"<a href=\"/candidate/auth/register/first-last-name\" class=\"sign-in-link\" data-test=\"header-create-account\">Create an account</a>","target":[".sign-in-link[data-test=\"header-create-account\"]"]},{"any":[{"id":"region","data":{"isIframe":false},"relatedNodes":[],"impact":"moderate","message":"All page content is contained by landmarks"}],"all":[],"none":[],"impact":null,"html":"<ul class=\"nhsuk-header__navigation-list-right\">","target":[".nhsuk-header__navigation-list-right:nth-child(2)"]},{"any":[{"id":"region","data":{"isIframe":false},"relatedNodes":[],"impact":"moderate","message":"All page content is contained by landmarks"}],"all":[],"none":[],"impact":null,"html":"<li class=\"gem-c-translation-nav__list-item\">\n      <a lang=\"en\" href=\"/candidate/search/locale/en\" class=\"language-toggle-selected\" data-test=\"english-language-link\">English</a>\n    </li>","target":[".nhsuk-header__navigation-list-right:nth-child(2) > .gem-c-translation-nav__list-item"]},{"any":[{"id":"region","data":{"isIframe":false},"relatedNodes":[],"impact":"moderate","message":"All page content is contained by landmarks"}],"all":[],"none":[],"impact":null,"html":"<a lang=\"en\" href=\"/candidate/search/locale/en\" class=\"language-toggle-selected\" data-test=\"english-language-link\">English</a>","target":[".language-toggle-selected"]},{"any":[{"id":"region","data":{"isIframe":false},"relatedNodes":[],"impact":"moderate","message":"All page content is contained by landmarks"}],"all":[],"none":[],"impact":null,"html":"<li class=\"gem-c-translation-nav__list-item-none-border\">\n      <a lang=\"cy\" href=\"/candidate/search/locale/cy\" class=\"language-toggle\" data-test=\"welsh-language-link\">Cymraeg</a>\n    </li>","target":[".nhsuk-header__navigation-list-right:nth-child(2) > .gem-c-translation-nav__list-item-none-border"]},{"any":[{"id":"region","data":{"isIframe":false},"relatedNodes":[],"impact":"moderate","message":"All page content is contained by landmarks"}],"all":[],"none":[],"impact":null,"html":"<a lang=\"cy\" href=\"/candidate/search/locale/cy\" class=\"language-toggle\" data-test=\"welsh-language-link\">Cymraeg</a>","target":[".language-toggle"]},{"any":[{"id":"region","data":{"isIframe":false},"relatedNodes":[],"impact":"moderate","message":"All page content is contained by landmarks"}],"all":[],"none":[],"impact":null,"html":"<nav class=\"nhsuk-header__navigation\" id=\"header-navigation\" role=\"navigation\" aria-label=\"Primary navigation\" aria-labelledby=\"label-navigation\">","target":["#header-navigation"]},{"any":[{"id":"region","data":{"isIframe":false},"relatedNodes":[],"impact":"moderate","message":"All page content is contained by landmarks"}],"all":[],"none":[],"impact":null,"html":"<div class=\"nhsuk-width-container nhsuk-width-ipad-container\">","target":[".nhsuk-width-ipad-container"]},{"any":[{"id":"region","data":{"isIframe":false},"relatedNodes":[],"impact":"moderate","message":"All page content is contained by landmarks"}],"all":[],"none":[],"impact":null,"html":"<ul class=\"nhsuk-header__navigation-list\">","target":[".nhsuk-header__navigation-list"]},{"any":[{"id":"region","data":{"isIframe":false},"relatedNodes":[],"impact":"moderate","message":"All page content is contained by landmarks"}],"all":[],"none":[],"impact":null,"html":"<li class=\"nhsuk-header__navigation-item\">","target":[".nhsuk-header__navigation-item:nth-child(2)"]},{"any":[{"id":"region","data":{"isIframe":false},"relatedNodes":[],"impact":"moderate","message":"All page content is contained by landmarks"}],"all":[],"none":[],"impact":null,"html":"<a class=\"nhsuk-header__navigation-link\" href=\"/candidate/search\">","target":["a[href$=\"search\"]"]},{"any":[{"id":"region","data":{"isIframe":false},"relatedNodes":[],"impact":"moderate","message":"All page content is contained by landmarks"}],"all":[],"none":[],"impact":null,"html":"<div class=\"beta-banner\" aria-label=\"beta-banner\" role=\"complementary\">","target":[".beta-banner"]},{"any":[{"id":"region","data":{"isIframe":false},"relatedNodes":[],"impact":"moderate","message":"All page content is contained by landmarks"}],"all":[],"none":[],"impact":null,"html":"<div class=\"nhsuk-width-container \">","target":[".beta-banner > .nhsuk-width-container"]},{"any":[{"id":"region","data":{"isIframe":false},"relatedNodes":[],"impact":"moderate","message":"All page content is contained by landmarks"}],"all":[],"none":[],"impact":null,"html":"<strong class=\"status-box status-box-blue\">BETA</strong>","target":[".status-box"]},{"any":[{"id":"region","data":{"isIframe":false},"relatedNodes":[],"impact":"moderate","message":"All page content is contained by landmarks"}],"all":[],"none":[],"impact":null,"html":"<span>Your\n            <a href=\"mailto:nhsbsa.nhsjobs@nhsbsa.nhs.uk?subject=How could we improve NHS Jobs service?\">feedback</a>\n            will help us to improve this service.</span>","target":[".beta-banner > .nhsuk-width-container > span"]},{"any":[{"id":"region","data":{"isIframe":false},"relatedNodes":[],"impact":"moderate","message":"All page content is contained by landmarks"}],"all":[],"none":[],"impact":null,"html":"<a href=\"mailto:nhsbsa.nhsjobs@nhsbsa.nhs.uk?subject=How could we improve NHS Jobs service?\">feedback</a>","target":[".beta-banner > .nhsuk-width-container > span > a"]},{"any":[{"id":"region","data":{"isIframe":false},"relatedNodes":[],"impact":"moderate","message":"All page content is contained by landmarks"}],"all":[],"none":[],"impact":null,"html":"<section class=\"nhsuk-hero\" role=\"search\">","target":["section"]},{"any":[{"id":"region","data":{"isIframe":false},"relatedNodes":[],"impact":"moderate","message":"All page content is contained by landmarks"}],"all":[],"none":[],"impact":null,"html":"<div class=\"nhsuk-width-container nhsuk-hero--border  nhsuk-u-padding-top-3 searchRibbon\" id=\"searchFilterRibbon\">","target":["#searchFilterRibbon"]},{"any":[{"id":"region","data":{"isIframe":false},"relatedNodes":[],"impact":"moderate","message":"All page content is contained by landmarks"}],"all":[],"none":[],"impact":null,"html":"<div class=\"nhsuk-grid-row\" style=\"padding-left: 1em;\">","target":["#searchFilterRibbon > .nhsuk-grid-row"]},{"any":[{"id":"region","data":{"isIframe":false},"relatedNodes":[],"impact":"moderate","message":"All page content is contained by landmarks"}],"all":[],"none":[],"impact":null,"html":"<div class=\"nhsuk-grid-column-two-quarters\" style=\"padding-top: 30px;\">","target":[".nhsuk-grid-column-two-quarters"]},{"any":[{"id":"region","data":{"isIframe":false},"relatedNodes":[],"impact":"moderate","message":"All page content is contained by landmarks"}],"all":[],"none":[],"impact":null,"html":"<h1 data-test=\"search-result-query\" id=\"search-results-heading\" class=\"nhsuk-heading-xl nhsuk-u-padding-left-4 nhsuk-u-margin-bottom-4\" aria-label=\"562 jobs found for Carer in London. Sorted by: Best Match\">\n          562 jobs found for Carer in London\n        </h1>","target":["#search-results-heading"]},{"any":[{"id":"region","data":{"isIframe":false},"relatedNodes":[],"impact":"moderate","message":"All page content is contained by landmarks"}],"all":[],"none":[],"impact":null,"html":"<form method=\"post\" id=\"search_form\">","target":["#search_form"]},{"any":[{"id":"region","data":{"isIframe":false},"relatedNodes":[],"impact":"moderate","message":"All page content is contained by landmarks"}],"all":[],"none":[],"impact":null,"html":"<fieldset class=\"nhsuk-fieldset\">","target":["fieldset:nth-child(4)"]},{"any":[{"id":"region","data":{"isIframe":false},"relatedNodes":[],"impact":"moderate","message":"All page content is contained by landmarks"}],"all":[],"none":[],"impact":null,"html":"<div class=\"nhsuk-grid-column-full\">\n            <legend class=\"js-hidden\" id=\"search-group-label\">Search for jobs in the NHS</legend>\n          </div>","target":["fieldset:nth-child(4) > .nhsuk-grid-column-full"]},{"any":[{"id":"region","data":{"isIframe":false},"relatedNodes":[],"impact":"moderate","message":"All page content is contained by landmarks"}],"all":[],"none":[],"impact":null,"html":"<div class=\"nhsuk-grid-column-one-half\">","target":["fieldset:nth-child(4) > .nhsuk-grid-column-one-half:nth-child(2)"]},{"any":[{"id":"region","data":{"isIframe":false},"relatedNodes":[],"impact":"moderate","message":"All page content is contained by landmarks"}],"all":[],"none":[],"impact":null,"html":"<div class=\"nhsuk-form-group nhsuk-hero\">","target":["fieldset:nth-child(4) > .nhsuk-grid-column-one-half:nth-child(2) > .nhsuk-hero.nhsuk-form-group"]},{"any":[{"id":"region","data":{"isIframe":false},"relatedNodes":[],"impact":"moderate","message":"All page content is contained by landmarks"}],"all":[],"none":[],"impact":null,"html":"<label class=\"nhsuk-label nhsuk-u-font-weight-bold white-text\" for=\"keyword\">What?</label>","target":["label[for=\"keyword\"]"]},{"any":[{"id":"region","data":{"isIframe":false},"relatedNodes":[],"impact":"moderate","message":"All page content is contained by landmarks"}],"all":[],"none":[],"impact":null,"html":"<div class=\"nhsuk-u-font-size-16 nhsuk-hint-white\">For example, job title or skills</div>","target":["fieldset:nth-child(4) > .nhsuk-grid-column-one-half:nth-child(2) > .nhsuk-hero.nhsuk-form-group > .nhsuk-u-font-size-16.nhsuk-hint-white"]},{"any":[{"id":"region","data":{"isIframe":false},"relatedNodes":[],"impact":"moderate","message":"All page content is contained by landmarks"}],"all":[],"none":[],"impact":null,"html":"<input name=\"keyword\" id=\"keyword\" value=\"Carer\" class=\"nhsuk-input nhsuk-u--width-full\" type=\"search\" data-test=\"search-jobTitle-input\" aria-label=\"Search What? For example, job title or skills\">","target":["#keyword"]},{"any":[{"id":"region","data":{"isIframe":false},"relatedNodes":[],"impact":"moderate","message":"All page content is contained by landmarks"}],"all":[],"none":[],"impact":null,"html":"<div class=\"nhsuk-grid-column-one-half\">","target":["fieldset:nth-child(4) > .nhsuk-grid-column-one-half:nth-child(3)"]},{"any":[{"id":"region","data":{"isIframe":false},"relatedNodes":[],"impact":"moderate","message":"All page content is contained by landmarks"}],"all":[],"none":[],"impact":null,"html":"<div class=\"nhsuk-form-group nhsuk-hero\">","target":["fieldset:nth-child(4) > .nhsuk-grid-column-one-half:nth-child(3) > .nhsuk-hero.nhsuk-form-group"]},{"any":[{"id":"region","data":{"isIframe":false},"relatedNodes":[],"impact":"moderate","message":"All page content is contained by landmarks"}],"all":[],"none":[],"impact":null,"html":"<label class=\"nhsuk-label nhsuk-u-font-weight-bold white-text\" for=\"location\">Where?</label>","target":["label[for=\"location\"]"]},{"any":[{"id":"region","data":{"isIframe":false},"relatedNodes":[],"impact":"moderate","message":"All page content is contained by landmarks"}],"all":[],"none":[],"impact":null,"html":"<div class=\"nhsuk-u-font-size-16 nhsuk-hint-white\">For example, a postcode, town or city</div>","target":["fieldset:nth-child(4) > .nhsuk-grid-column-one-half:nth-child(3) > .nhsuk-hero.nhsuk-form-group > .nhsuk-u-font-size-16.nhsuk-hint-white"]},{"any":[{"id":"region","data":{"isIframe":false},"relatedNodes":[],"impact":"moderate","message":"All page content is contained by landmarks"}],"all":[],"none":[],"impact":null,"html":"<div id=\"autocomplete-container\">","target":["#autocomplete-container"]},{"any":[{"id":"region","data":{"isIframe":false},"relatedNodes":[],"impact":"moderate","message":"All page content is contained by landmarks"}],"all":[],"none":[],"impact":null,"html":"<div class=\"autocomplete__wrapper\">","target":[".autocomplete__wrapper"]},{"any":[{"id":"region","data":{"isIframe":false},"relatedNodes":[],"impact":"moderate","message":"All page content is contained by landmarks"}],"all":[],"none":[],"impact":null,"html":"<div class=\"autocomplete__status\" style=\"border: 0px; clip: rect(0px, 0px, 0px, 0px); height: 1px; margin-bottom: -1px; margin-right: -1px; overflow: hidden; padding: 0px; position: absolute; white-space: nowrap; width: 1px;\">","target":[".autocomplete__status"]},{"any":[{"id":"region","data":{"isIframe":false},"relatedNodes":[],"impact":"moderate","message":"All page content is contained by landmarks"}],"all":[],"none":[],"impact":null,"html":"<div id=\"location__status--A\" role=\"status\" aria-atomic=\"true\" aria-live=\"polite\"></div>","target":["#location__status--A"]},{"any":[{"id":"region","data":{"isIframe":false},"relatedNodes":[],"impact":"moderate","message":"All page content is contained by landmarks"}],"all":[],"none":[],"impact":null,"html":"<div id=\"location__status--B\" role=\"status\" aria-atomic=\"true\" aria-live=\"polite\"></div>","target":["#location__status--B"]},{"any":[{"id":"region","data":{"isIframe":false},"relatedNodes":[],"impact":"moderate","message":"All page content is contained by landmarks"}],"all":[],"none":[],"impact":null,"html":"<input aria-describedby=\"location__assistiveHint\" aria-expanded=\"false\" aria-controls=\"location__listbox\" aria-autocomplete=\"list\" autocomplete=\"off\" class=\"nhsuk-input nhsuk-u--width-full\" id=\"location\" name=\"location\" placeholder=\"\" type=\"search\" role=\"combobox\" data-test=\"search-location-input\" aria-label=\"Search Where? For example, a postcode, town or city, search text field\">","target":["#location"]},{"any":[{"id":"region","data":{"isIframe":false},"relatedNodes":[],"impact":"moderate","message":"All page content is contained by landmarks"}],"all":[],"none":[],"impact":null,"html":"<fieldset class=\"nhsuk-fieldset\">","target":["fieldset:nth-child(6)"]},{"any":[{"id":"region","data":{"isIframe":false},"relatedNodes":[],"impact":"moderate","message":"All page content is contained by landmarks"}],"all":[],"none":[],"impact":null,"html":"<div class=\"nhsuk-grid-column-full\">","target":["fieldset:nth-child(6) > .nhsuk-grid-column-full"]},{"any":[{"id":"region","data":{"isIframe":false},"relatedNodes":[],"impact":"moderate","message":"All page content is contained by landmarks"}],"all":[],"none":[],"impact":null,"html":"<div class=\"nhsuk-grid-column-one-half paddingLT0\">\n                <a href=\"javascript:void(0)\" id=\"searchOptionsBtn\" class=\"nhsuk-u-font-weight-bold white-text\">\n                  \n                  More search options\n                  \n                  </a>\n            </div>","target":[".paddingLT0"]},{"any":[{"id":"region","data":{"isIframe":false},"relatedNodes":[],"impact":"moderate","message":"All page content is contained by landmarks"}],"all":[],"none":[],"impact":null,"html":"<a href=\"javascript:void(0)\" id=\"searchOptionsBtn\" class=\"nhsuk-u-font-weight-bold white-text\">\n                  \n                  More search options\n                  \n                  </a>","target":["#searchOptionsBtn"]},{"any":[{"id":"region","data":{"isIframe":false},"relatedNodes":[],"impact":"moderate","message":"All page content is contained by landmarks"}],"all":[],"none":[],"impact":null,"html":"<div class=\"nhsuk-grid-column-one-half nhsuk-u-margin-bottom-1 paddingRT0 textAlignRT\">\n              <button class=\"nhsuk-button  nhsuk-u-padding-top-2 nhsuk-u-padding-bottom-2\" type=\"submit\" id=\"search\" data-test=\"search-button\">Search</button>\n            </div>","target":[".nhsuk-u-margin-bottom-1"]},{"any":[{"id":"region","data":{"isIframe":false},"relatedNodes":[],"impact":"moderate","message":"All page content is contained by landmarks"}],"all":[],"none":[],"impact":null,"html":"<button class=\"nhsuk-button  nhsuk-u-padding-top-2 nhsuk-u-padding-bottom-2\" type=\"submit\" id=\"search\" data-test=\"search-button\">Search</button>","target":["#search"]},{"any":[{"id":"region","data":{"isIframe":false},"relatedNodes":[],"impact":"moderate","message":"All page content is contained by landmarks"}],"all":[],"none":[],"impact":null,"html":"<div class=\"nhsuk-width-container \">","target":["#main-body > .nhsuk-width-container"]},{"any":[{"id":"region","data":{"isIframe":false},"relatedNodes":[],"impact":"moderate","message":"All page content is contained by landmarks"}],"all":[],"none":[],"impact":null,"html":"<main class=\"nhsuk-main-wrapper \" id=\"maincontent\" role=\"main\">","target":["#maincontent"]},{"any":[{"id":"region","data":{"isIframe":false},"relatedNodes":[],"impact":"moderate","message":"All page content is contained by landmarks"}],"all":[],"none":[],"impact":null,"html":"<div class=\"nhsuk-grid-row\">\n  <div class=\"nhsuk-grid-column-two-thirds\">\n    \n      <h2 class=\"nhsuk-heading-m  show-mobile show-tab\" id=\"refineFilterHideShow\">\n        <a data-test=\"refine-search\">Refine your search (1)</a>\n      </h2>\n  </div>\n</div>","target":["#maincontent > .nhsuk-grid-row:nth-child(1)"]},{"any":[{"id":"region","data":{"isIframe":false},"relatedNodes":[],"impact":"moderate","message":"All page content is contained by landmarks"}],"all":[],"none":[],"impact":null,"html":"<div class=\"nhsuk-grid-column-two-thirds\">\n    \n      <h2 class=\"nhsuk-heading-m  show-mobile show-tab\" id=\"refineFilterHideShow\">\n        <a data-test=\"refine-search\">Refine your search (1)</a>\n      </h2>\n  </div>","target":["#maincontent > .nhsuk-grid-row:nth-child(1) > .nhsuk-grid-column-two-thirds"]},{"any":[{"id":"region","data":{"isIframe":false},"relatedNodes":[],"impact":"moderate","message":"All page content is contained by landmarks"}],"all":[],"none":[],"impact":null,"html":"<div class=\"nhsuk-grid-row\">","target":[".nhsuk-grid-row:nth-child(2)"]},{"any":[{"id":"region","data":{"isIframe":false},"relatedNodes":[],"impact":"moderate","message":"All page content is contained by landmarks"}],"all":[],"none":[],"impact":null,"html":"<div class=\"nhsuk-grid-column-one-third no-top-padding-small-screen\">","target":[".no-top-padding-small-screen"]},{"any":[{"id":"region","data":{"isIframe":false},"relatedNodes":[],"impact":"moderate","message":"All page content is contained by landmarks"}],"all":[],"none":[],"impact":null,"html":"<div id=\"refineFilter\">","target":["#refineFilter"]},{"any":[{"id":"region","data":{"isIframe":false},"relatedNodes":[],"impact":"moderate","message":"All page content is contained by landmarks"}],"all":[],"none":[],"impact":null,"html":"<form method=\"post\">","target":["#refineFilter > form"]},{"any":[{"id":"region","data":{"isIframe":false},"relatedNodes":[],"impact":"moderate","message":"All page content is contained by landmarks"}],"all":[],"none":[],"impact":null,"html":"<fieldset class=\"nhsuk-fieldset\">","target":["#refineFilter > form > fieldset"]},{"any":[{"id":"region","data":{"isIframe":false},"relatedNodes":[],"impact":"moderate","message":"All page content is contained by landmarks"}],"all":[],"none":[],"impact":null,"html":"<legend class=\"nhsuk-heading-l hide-mobile hide-tab\">\n            <h2 class=\"nhsuk-heading-s\">Refine your search</h2>\n        </legend>","target":[".hide-tab"]},{"any":[{"id":"region","data":{"isIframe":false},"relatedNodes":[],"impact":"moderate","message":"All page content is contained by landmarks"}],"all":[],"none":[],"impact":null,"html":"<h2 class=\"nhsuk-heading-s\">Refine your search</h2>","target":[".nhsuk-heading-s"]},{"any":[{"id":"region","data":{"isIframe":false},"relatedNodes":[],"impact":"moderate","message":"All page content is contained by landmarks"}],"all":[],"none":[],"impact":null,"html":"<details class=\"nhsuk-details nhsuk-expander\">","target":["details:nth-child(13)"]},{"any":[{"id":"region","data":{"isIframe":false},"relatedNodes":[],"impact":"moderate","message":"All page content is contained by landmarks"}],"all":[],"none":[],"impact":null,"html":"<summary class=\"nhsuk-details__summary\" role=\"button\" aria-controls=\"distance-details\" aria-expanded=\"false\" data-test=\"distance\">\n                <span class=\"nhsuk-details__summary-text\">\n                    Distance\n                </span>\n            </summary>","target":["summary[aria-controls=\"distance-details\"]"]},{"any":[{"id":"region","data":{"isIframe":false},"relatedNodes":[],"impact":"moderate","message":"All page content is contained by landmarks"}],"all":[],"none":[],"impact":null,"html":"<span class=\"nhsuk-details__summary-text\">\n                    Distance\n                </span>","target":["summary[aria-controls=\"distance-details\"] > .nhsuk-details__summary-text"]},{"any":[{"id":"region","data":{"isIframe":false},"relatedNodes":[],"impact":"moderate","message":"All page content is contained by landmarks"}],"all":[],"none":[],"impact":null,"html":"<details class=\"nhsuk-details nhsuk-expander\">","target":["details:nth-child(14)"]},{"any":[{"id":"region","data":{"isIframe":false},"relatedNodes":[],"impact":"moderate","message":"All page content is contained by landmarks"}],"all":[],"none":[],"impact":null,"html":"<summary class=\"nhsuk-details__summary\" role=\"button\" aria-controls=\"covid-jobs-only\" aria-expanded=\"false\" data-test=\"filter-covid-only\">\n                <span class=\"nhsuk-details__summary-text\">\n                    COVID-19\n                </span>\n            </summary>","target":["summary[aria-controls=\"covid-jobs-only\"]"]},{"any":[{"id":"region","data":{"isIframe":false},"relatedNodes":[],"impact":"moderate","message":"All page content is contained by landmarks"}],"all":[],"none":[],"impact":null,"html":"<span class=\"nhsuk-details__summary-text\">\n                    COVID-19\n                </span>","target":["summary[aria-controls=\"covid-jobs-only\"] > .nhsuk-details__summary-text"]},{"any":[{"id":"region","data":{"isIframe":false},"relatedNodes":[],"impact":"moderate","message":"All page content is contained by landmarks"}],"all":[],"none":[],"impact":null,"html":"<details class=\"nhsuk-details nhsuk-expander\">","target":["details:nth-child(15)"]},{"any":[{"id":"region","data":{"isIframe":false},"relatedNodes":[],"impact":"moderate","message":"All page content is contained by landmarks"}],"all":[],"none":[],"impact":null,"html":"<summary id=\"working-patterns-expander\" class=\"nhsuk-details__summary \" role=\"button\" aria-controls=\"working-pattern-details\" aria-expanded=\"false\" data-test=\"filter-working-pattern\">","target":["#working-patterns-expander"]},{"any":[{"id":"region","data":{"isIframe":false},"relatedNodes":[],"impact":"moderate","message":"All page content is contained by landmarks"}],"all":[],"none":[],"impact":null,"html":"<span class=\"nhsuk-details__summary-text\">\n                    Working pattern\n                </span>","target":["#working-patterns-expander > .nhsuk-details__summary-text"]},{"any":[{"id":"region","data":{"isIframe":false},"relatedNodes":[],"impact":"moderate","message":"All page content is contained by landmarks"}],"all":[],"none":[],"impact":null,"html":"<details class=\"nhsuk-details nhsuk-expander\">","target":["details:nth-child(16)"]},{"any":[{"id":"region","data":{"isIframe":false},"relatedNodes":[],"impact":"moderate","message":"All page content is contained by landmarks"}],"all":[],"none":[],"impact":null,"html":"<summary class=\"nhsuk-details__summary\" role=\"button\" aria-controls=\"contract-type-details\" aria-expanded=\"false\" data-test=\"filter-contract-type\">\n                <span class=\"nhsuk-details__summary-text\">Contract type</span>\n            </summary>","target":["summary[aria-controls=\"contract-type-details\"]"]},{"any":[{"id":"region","data":{"isIframe":false},"relatedNodes":[],"impact":"moderate","message":"All page content is contained by landmarks"}],"all":[],"none":[],"impact":null,"html":"<span class=\"nhsuk-details__summary-text\">Contract type</span>","target":["summary[aria-controls=\"contract-type-details\"] > .nhsuk-details__summary-text"]},{"any":[{"id":"region","data":{"isIframe":false},"relatedNodes":[],"impact":"moderate","message":"All page content is contained by landmarks"}],"all":[],"none":[],"impact":null,"html":"<details class=\"nhsuk-details nhsuk-expander\">","target":["details:nth-child(17)"]},{"any":[{"id":"region","data":{"isIframe":false},"relatedNodes":[],"impact":"moderate","message":"All page content is contained by landmarks"}],"all":[],"none":[],"impact":null,"html":"<summary class=\"nhsuk-details__summary\" role=\"button\" aria-controls=\"staff-group-details\" aria-expanded=\"false\" data-test=\"filter-staff-group\">\n                <span class=\"nhsuk-details__summary-text\">\n                    Staff group\n                </span>\n            </summary>","target":["summary[aria-controls=\"staff-group-details\"]"]},{"any":[{"id":"region","data":{"isIframe":false},"relatedNodes":[],"impact":"moderate","message":"All page content is contained by landmarks"}],"all":[],"none":[],"impact":null,"html":"<span class=\"nhsuk-details__summary-text\">\n                    Staff group\n                </span>","target":["summary[aria-controls=\"staff-group-details\"] > .nhsuk-details__summary-text"]},{"any":[{"id":"region","data":{"isIframe":false},"relatedNodes":[],"impact":"moderate","message":"All page content is contained by landmarks"}],"all":[],"none":[],"impact":null,"html":"<details class=\"nhsuk-details nhsuk-expander\">","target":["details:nth-child(18)"]},{"any":[{"id":"region","data":{"isIframe":false},"relatedNodes":[],"impact":"moderate","message":"All page content is contained by landmarks"}],"all":[],"none":[],"impact":null,"html":"<summary class=\"nhsuk-details__summary\" role=\"button\" aria-controls=\"pay-range-details\" aria-expanded=\"false\" data-test=\"filter-pay-range\">\n                <span class=\"nhsuk-details__summary-text\">\n                    Pay range\n                </span>\n            </summary>","target":["summary[aria-controls=\"pay-range-details\"]"]},{"any":[{"id":"region","data":{"isIframe":false},"relatedNodes":[],"impact":"moderate","message":"All page content is contained by landmarks"}],"all":[],"none":[],"impact":null,"html":"<span class=\"nhsuk-details__summary-text\">\n                    Pay range\n                </span>","target":["summary[aria-controls=\"pay-range-details\"] > .nhsuk-details__summary-text"]},{"any":[{"id":"region","data":{"isIframe":false},"relatedNodes":[],"impact":"moderate","message":"All page content is contained by landmarks"}],"all":[],"none":[],"impact":null,"html":"<details class=\"nhsuk-details nhsuk-expander\">","target":["details:nth-child(19)"]},{"any":[{"id":"region","data":{"isIframe":false},"relatedNodes":[],"impact":"moderate","message":"All page content is contained by landmarks"}],"all":[],"none":[],"impact":null,"html":"<summary class=\"nhsuk-details__summary\" role=\"button\" aria-controls=\"pay-band-details\" aria-expanded=\"false\" data-test=\"filter-pay-band\">","target":["summary[aria-controls=\"pay-band-details\"]"]},{"any":[{"id":"region","data":{"isIframe":false},"relatedNodes":[],"impact":"moderate","message":"All page content is contained by landmarks"}],"all":[],"none":[],"impact":null,"html":"<span class=\"vsm-payband nhsuk-details__summary-text\">\n                    NHS pay grades and schemes\n                </span>","target":[".vsm-payband"]},{"any":[{"id":"region","data":{"isIframe":false},"relatedNodes":[],"impact":"moderate","message":"All page content is contained by landmarks"}],"all":[],"none":[],"impact":null,"html":"<input class=\"nhsuk-button nhsuk-button--primary\" type=\"submit\" id=\"refine-search\" value=\"Apply filters\" data-test=\"refine-search-button\">","target":["#refine-search"]},{"any":[{"id":"region","data":{"isIframe":false},"relatedNodes":[],"impact":"moderate","message":"All page content is contained by landmarks"}],"all":[],"none":[],"impact":null,"html":"<p>\n        <a href=\"/candidate/search/results?keyword=Carer&amp;location=London\" data-test=\"filter-clear\">Clear filters\n        </a>\n    </p>","target":["form > p"]},{"any":[{"id":"region","data":{"isIframe":false},"relatedNodes":[],"impact":"moderate","message":"All page content is contained by landmarks"}],"all":[],"none":[],"impact":null,"html":"<a href=\"/candidate/search/results?keyword=Carer&amp;location=London\" data-test=\"filter-clear\">Clear filters\n        </a>","target":["a[data-test=\"filter-clear\"]"]},{"any":[{"id":"region","data":{"isIframe":false},"relatedNodes":[],"impact":"moderate","message":"All page content is contained by landmarks"}],"all":[],"none":[],"impact":null,"html":"<div class=\"hide-mobile\">\n      \n        <h3 class=\"nhsuk-heading-m\">\n    <a href=\"/candidate/search/save/alerts\" data-test=\"save-search\">Save this search</a>\n</h3>\n<p class=\"nhsuk-body\">You’ll also be able to set up job alert emails for your saved search.</p>   \n      \n    </div>","target":[".no-top-padding-small-screen > .hide-mobile"]},{"any":[{"id":"region","data":{"isIframe":false},"relatedNodes":[],"impact":"moderate","message":"All page content is contained by landmarks"}],"all":[],"none":[],"impact":null,"html":"<h3 class=\"nhsuk-heading-m\">\n    <a href=\"/candidate/search/save/alerts\" data-test=\"save-search\">Save this search</a>\n</h3>","target":[".hide-mobile > h3"]},{"any":[{"id":"region","data":{"isIframe":false},"relatedNodes":[],"impact":"moderate","message":"All page content is contained by landmarks"}],"all":[],"none":[],"impact":null,"html":"<a href=\"/candidate/search/save/alerts\" data-test=\"save-search\">Save this search</a>","target":[".hide-mobile > h3 > a[data-test=\"save-search\"][href$=\"alerts\"]"]},{"any":[{"id":"region","data":{"isIframe":false},"relatedNodes":[],"impact":"moderate","message":"All page content is contained by landmarks"}],"all":[],"none":[],"impact":null,"html":"<p class=\"nhsuk-body\">You’ll also be able to set up job alert emails for your saved search.</p>","target":[".hide-mobile > .nhsuk-body"]},{"any":[{"id":"region","data":{"isIframe":false},"relatedNodes":[],"impact":"moderate","message":"All page content is contained by landmarks"}],"all":[],"none":[],"impact":null,"html":"<div class=\"nhsuk-grid-column-two-thirds \">","target":[".nhsuk-grid-row:nth-child(2) > .nhsuk-grid-column-two-thirds"]},{"any":[{"id":"region","data":{"isIframe":false},"relatedNodes":[],"impact":"moderate","message":"All page content is contained by landmarks"}],"all":[],"none":[],"impact":null,"html":"<form method=\"post\" name=\"sortform\">","target":["form[name=\"sortform\"]"]},{"any":[{"id":"region","data":{"isIframe":false},"relatedNodes":[],"impact":"moderate","message":"All page content is contained by landmarks"}],"all":[],"none":[],"impact":null,"html":"<div class=\"hide-label nhsuk-u-margin-bottom-3 search-sort-wrapper results-found\" style=\"display: flex; align-items: center;\">","target":[".hide-label"]},{"any":[{"id":"region","data":{"isIframe":false},"relatedNodes":[],"impact":"moderate","message":"All page content is contained by landmarks"}],"all":[],"none":[],"impact":null,"html":"<div class=\"nhsuk-form-group\">","target":[".hide-label > .nhsuk-form-group:nth-child(1)"]},{"any":[{"id":"region","data":{"isIframe":false},"relatedNodes":[],"impact":"moderate","message":"All page content is contained by landmarks"}],"all":[],"none":[],"impact":null,"html":"<label class=\"nhsuk-label nhsuk-inline-label\" for=\"sort\">Sort by</label>","target":[".nhsuk-inline-label"]},{"any":[{"id":"region","data":{"isIframe":false},"relatedNodes":[],"impact":"moderate","message":"All page content is contained by landmarks"}],"all":[],"none":[],"impact":null,"html":"<select class=\"nhsuk-select nhsuk-inline-select\" id=\"sort\" name=\"sort\" data-test=\"sort-input\" value=\"\" onchange=\"sortform.submit()\">","target":["#sort"]},{"any":[{"id":"region","data":{"isIframe":false},"relatedNodes":[],"impact":"moderate","message":"All page content is contained by landmarks"}],"all":[],"none":[],"impact":null,"html":"<option selected=\"\" value=\"\">Best Match</option>","target":["#sort > option:nth-child(1)"]},{"any":[{"id":"region","data":{"isIframe":false},"relatedNodes":[],"impact":"moderate","message":"All page content is contained by landmarks"}],"all":[],"none":[],"impact":null,"html":"<option value=\"closingDate\">Closing Date</option>","target":["option[value=\"closingDate\"]"]},{"any":[{"id":"region","data":{"isIframe":false},"relatedNodes":[],"impact":"moderate","message":"All page content is contained by landmarks"}],"all":[],"none":[],"impact":null,"html":"<option value=\"publicationDateDesc\">Date Posted (newest)</option>","target":["option[value=\"publicationDateDesc\"]"]},{"any":[{"id":"region","data":{"isIframe":false},"relatedNodes":[],"impact":"moderate","message":"All page content is contained by landmarks"}],"all":[],"none":[],"impact":null,"html":"<option value=\"salaryAsc\">Salary lowest to highest</option>","target":["option[value=\"salaryAsc\"]"]},{"any":[{"id":"region","data":{"isIframe":false},"relatedNodes":[],"impact":"moderate","message":"All page content is contained by landmarks"}],"all":[],"none":[],"impact":null,"html":"<option value=\"salaryDesc\">Salary highest to lowest</option>","target":["option[value=\"salaryDesc\"]"]},{"any":[{"id":"region","data":{"isIframe":false},"relatedNodes":[],"impact":"moderate","message":"All page content is contained by landmarks"}],"all":[],"none":[],"impact":null,"html":"<div class=\"nhsuk-form-group nhsuk-grid-column-auto\" style=\"margin-left: auto;\">","target":[".nhsuk-grid-column-auto"]},{"any":[{"id":"region","data":{"isIframe":false},"relatedNodes":[],"impact":"moderate","message":"All page content is contained by landmarks"}],"all":[],"none":[],"impact":null,"html":"<a href=\"/candidate/search/save/alerts\" class=\"save-job-3\" id=\"create-job-alert\">","target":["#create-job-alert"]},{"any":[{"id":"region","data":{"isIframe":false},"relatedNodes":[],"impact":"moderate","message":"All page content is contained by landmarks"}],"all":[],"none":[],"impact":null,"html":"<span>Create job alert</span>","target":["#create-job-alert > span"]},{"any":[{"id":"region","data":{"isIframe":false},"relatedNodes":[],"impact":"moderate","message":"All page content is contained by landmarks"}],"all":[],"none":[],"impact":null,"html":"<ul class=\"nhsuk-list search-results\">","target":[".search-results"]},{"any":[{"id":"region","data":{"isIframe":false},"relatedNodes":[],"impact":"moderate","message":"All page content is contained by landmarks"}],"all":[],"none":[],"impact":null,"html":"<li class=\"nhsuk-list-panel search-result nhsuk-u-padding-3\" data-test=\"search-result\">","target":[".nhsuk-list-panel.search-result.nhsuk-u-padding-3:nth-child(1)"]},{"any":[{"id":"region","data":{"isIframe":false},"relatedNodes":[],"impact":"moderate","message":"All page content is contained by landmarks"}],"all":[],"none":[],"impact":null,"html":"<div class=\"nhsuk-grid-row\">","target":[".nhsuk-list-panel.search-result.nhsuk-u-padding-3:nth-child(1) > .nhsuk-grid-row:nth-child(1)"]},{"any":[{"id":"region","data":{"isIframe":false},"relatedNodes":[],"impact":"moderate","message":"All page content is contained by landmarks"}],"all":[],"none":[],"impact":null,"html":"<div class=\"nhsuk-grid-column-two-thirds\">","target":[".nhsuk-list-panel.search-result.nhsuk-u-padding-3:nth-child(1) > .nhsuk-grid-row:nth-child(1) > .nhsuk-grid-column-two-thirds"]},{"any":[{"id":"region","data":{"isIframe":false},"relatedNodes":[],"impact":"moderate","message":"All page content is contained by landmarks"}],"all":[],"none":[],"impact":null,"html":"<h2 class=\"nhsuk-heading-m nhsuk-u-margin-bottom-2\" id=\"job-title-1\">","target":["#job-title-1"]},{"any":[{"id":"region","data":{"isIframe":false},"relatedNodes":[],"impact":"moderate","message":"All page content is contained by landmarks"}],"all":[],"none":[],"impact":null,"html":"<a href=\"/candidate/jobadvert/M0048-25-0353?keyword=Carer&amp;location=London&amp;distance=5&amp;language=en\" id=\"first-result-title\" data-test=\"search-result-job-title\">\n              Donor Carer\n            </a>","target":["#first-result-title"]},{"any":[{"id":"region","data":{"isIframe":false},"relatedNodes":[],"impact":"moderate","message":"All page content is contained by landmarks"}],"all":[],"none":[],"impact":null,"html":"<div class=\"save-job nhsuk-u-margin-right-3\">","target":[".nhsuk-list-panel.search-result.nhsuk-u-padding-3:nth-child(1) > .nhsuk-grid-row:nth-child(1) > .save-job.nhsuk-u-margin-right-3"]},{"any":[{"id":"region","data":{"isIframe":false},"relatedNodes":[],"impact":"moderate","message":"All page content is contained by landmarks"}],"all":[],"none":[],"impact":null,"html":"<a href=\"/candidate/search/save-job/M0048-25-0353\" data-test=\"search-result-save-job\" aria-label=\"Save this job: Donor Carer (Reference number: M0048-25-0353)\">\n              Save this job\n            </a>","target":[".nhsuk-list-panel.search-result.nhsuk-u-padding-3:nth-child(1) > .nhsuk-grid-row:nth-child(1) > .save-job.nhsuk-u-margin-right-3 > a[data-test=\"search-result-save-job\"]"]},{"any":[{"id":"region","data":{"isIframe":false},"relatedNodes":[],"impact":"moderate","message":"All page content is contained by landmarks"}],"all":[],"none":[],"impact":null,"html":"<div class=\"nhsuk-u-margin-bottom-4\" data-test=\"search-result-location\">\n        <h3 class=\"nhsuk-u-font-weight-bold\">\n          NHS Blood and Transplant\n          <div class=\"location-font-size\">\n            \n              London  HA8 0AD\n            \n          </div>\n        </h3>\n      </div>","target":[".nhsuk-list-panel.search-result.nhsuk-u-padding-3:nth-child(1) > .nhsuk-u-margin-bottom-4[data-test=\"search-result-location\"]"]},{"any":[{"id":"region","data":{"isIframe":false},"relatedNodes":[],"impact":"moderate","message":"All page content is contained by landmarks"}],"all":[],"none":[],"impact":null,"html":"<h3 class=\"nhsuk-u-font-weight-bold\">\n          NHS Blood and Transplant\n          <div class=\"location-font-size\">\n            \n              London  HA8 0AD\n            \n          </div>\n        </h3>","target":[".nhsuk-list-panel.search-result.nhsuk-u-padding-3:nth-child(1) > .nhsuk-u-margin-bottom-4[data-test=\"search-result-location\"] > h3"]},{"any":[{"id":"region","data":{"isIframe":false},"relatedNodes":[],"impact":"moderate","message":"All page content is contained by landmarks"}],"all":[],"none":[],"impact":null,"html":"<div class=\"location-font-size\">\n            \n              London  HA8 0AD\n            \n          </div>","target":[".nhsuk-list-panel.search-result.nhsuk-u-padding-3:nth-child(1) > .nhsuk-u-margin-bottom-4[data-test=\"search-result-location\"] > h3 > .location-font-size"]},{"any":[{"id":"region","data":{"isIframe":false},"relatedNodes":[],"impact":"moderate","message":"All page content is contained by landmarks"}],"all":[],"none":[],"impact":null,"html":"<div class=\"nhsuk-grid-row\">","target":[".nhsuk-list-panel.search-result.nhsuk-u-padding-3:nth-child(1) > .nhsuk-grid-row:nth-child(3)"]},{"any":[{"id":"region","data":{"isIframe":false},"relatedNodes":[],"impact":"moderate","message":"All page content is contained by landmarks"}],"all":[],"none":[],"impact":null,"html":"<div class=\"nhsuk-grid-column-one-half\">","target":[".nhsuk-list-panel.search-result.nhsuk-u-padding-3:nth-child(1) > .nhsuk-grid-row:nth-child(3) > .nhsuk-grid-column-one-half:nth-child(1)"]},{"any":[{"id":"region","data":{"isIframe":false},"relatedNodes":[],"impact":"moderate","message":"All page content is contained by landmarks"}],"all":[],"none":[],"impact":null,"html":"<ul class=\"ad-job-info nhsuk-list first-ad-job-info\">","target":[".nhsuk-list-panel.search-result.nhsuk-u-padding-3:nth-child(1) > .nhsuk-grid-row:nth-child(3) > .nhsuk-grid-column-one-half:nth-child(1) > .first-ad-job-info.ad-job-info.nhsuk-list"]},{"any":[{"id":"region","data":{"isIframe":false},"relatedNodes":[],"impact":"moderate","message":"All page content is contained by landmarks"}],"all":[],"none":[],"impact":null,"html":"<li data-test=\"search-result-salary\" class=\"marginBt\">\n                Salary: \n                <strong class=\"nhsuk-u-font-weight-bold\">\n                  £24,937 to £26,598\n                  \n                    a year\n                  \n                </strong>\n              </li>","target":[".nhsuk-list-panel.search-result.nhsuk-u-padding-3:nth-child(1) > .nhsuk-grid-row:nth-child(3) > .nhsuk-grid-column-one-half:nth-child(1) > .first-ad-job-info.ad-job-info.nhsuk-list > .marginBt[data-test=\"search-result-salary\"]"]},{"any":[{"id":"region","data":{"isIframe":false},"relatedNodes":[],"impact":"moderate","message":"All page content is contained by landmarks"}],"all":[],"none":[],"impact":null,"html":"<strong class=\"nhsuk-u-font-weight-bold\">\n                  £24,937 to £26,598\n                  \n                    a year\n                  \n                </strong>","target":[".nhsuk-list-panel.search-result.nhsuk-u-padding-3:nth-child(1) > .nhsuk-grid-row:nth-child(3) > .nhsuk-grid-column-one-half:nth-child(1) > .first-ad-job-info.ad-job-info.nhsuk-list > .marginBt[data-test=\"search-result-salary\"] > strong"]},{"any":[{"id":"region","data":{"isIframe":false},"relatedNodes":[],"impact":"moderate","message":"All page content is contained by landmarks"}],"all":[],"none":[],"impact":null,"html":"<li data-test=\"search-result-publicationDate\">\n                Date posted: \n                <strong class=\"nhsuk-u-font-weight-bold\">\n                  17 June 2025\n                </strong>\n              </li>","target":[".nhsuk-list-panel.search-result.nhsuk-u-padding-3:nth-child(1) > .nhsuk-grid-row:nth-child(3) > .nhsuk-grid-column-one-half:nth-child(1) > .first-ad-job-info.ad-job-info.nhsuk-list > li[data-test=\"search-result-publicationDate\"]"]},{"any":[{"id":"region","data":{"isIframe":false},"relatedNodes":[],"impact":"moderate","message":"All page content is contained by landmarks"}],"all":[],"none":[],"impact":null,"html":"<strong class=\"nhsuk-u-font-weight-bold\">\n                  17 June 2025\n                </strong>","target":[".nhsuk-list-panel.search-result.nhsuk-u-padding-3:nth-child(1) > .nhsuk-grid-row:nth-child(3) > .nhsuk-grid-column-one-half:nth-child(1) > .first-ad-job-info.ad-job-info.nhsuk-list > li[data-test=\"search-result-publicationDate\"] > strong"]},{"any":[{"id":"region","data":{"isIframe":false},"relatedNodes":[],"impact":"moderate","message":"All page content is contained by landmarks"}],"all":[],"none":[],"impact":null,"html":"<li data-test=\"search-result-closingDate\">\n                Closing date: \n                <strong class=\"nhsuk-u-font-weight-bold\">\n                  24 June 2025\n                </strong>\n              </li>","target":[".nhsuk-list-panel.search-result.nhsuk-u-padding-3:nth-child(1) > .nhsuk-grid-row:nth-child(3) > .nhsuk-grid-column-one-half:nth-child(1) > .first-ad-job-info.ad-job-info.nhsuk-list > li[data-test=\"search-result-closingDate\"]"]},{"any":[{"id":"region","data":{"isIframe":false},"relatedNodes":[],"impact":"moderate","message":"All page content is contained by landmarks"}],"all":[],"none":[],"impact":null,"html":"<strong class=\"nhsuk-u-font-weight-bold\">\n                  24 June 2025\n                </strong>","target":[".nhsuk-list-panel.search-result.nhsuk-u-padding-3:nth-child(1) > .nhsuk-grid-row:nth-child(3) > .nhsuk-grid-column-one-half:nth-child(1) > .first-ad-job-info.ad-job-info.nhsuk-list > li[data-test=\"search-result-closingDate\"] > strong"]},{"any":[{"id":"region","data":{"isIframe":false},"relatedNodes":[],"impact":"moderate","message":"All page content is contained by landmarks"}],"all":[],"none":[],"impact":null,"html":"<div class=\"nhsuk-grid-column-one-half\">","target":[".nhsuk-list-panel.search-result.nhsuk-u-padding-3:nth-child(1) > .nhsuk-grid-row:nth-child(3) > .nhsuk-grid-column-one-half:nth-child(2)"]},{"any":[{"id":"region","data":{"isIframe":false},"relatedNodes":[],"impact":"moderate","message":"All page content is contained by landmarks"}],"all":[],"none":[],"impact":null,"html":"<ul class=\"ad-job-info nhsuk-list\">","target":[".nhsuk-list-panel.search-result.nhsuk-u-padding-3:nth-child(1) > .nhsuk-grid-row:nth-child(3) > .nhsuk-grid-column-one-half:nth-child(2) > .ad-job-info.nhsuk-list"]},{"any":[{"id":"region","data":{"isIframe":false},"relatedNodes":[],"impact":"moderate","message":"All page content is contained by landmarks"}],"all":[],"none":[],"impact":null,"html":"<li data-test=\"search-result-jobType\" class=\"marginBt\">\n              Contract type: \n              <strong class=\"nhsuk-u-font-weight-bold\">\n                Permanent\n              </strong>\n            </li>","target":[".nhsuk-list-panel.search-result.nhsuk-u-padding-3:nth-child(1) > .nhsuk-grid-row:nth-child(3) > .nhsuk-grid-column-one-half:nth-child(2) > .ad-job-info.nhsuk-list > .marginBt[data-test=\"search-result-jobType\"]"]},{"any":[{"id":"region","data":{"isIframe":false},"relatedNodes":[],"impact":"moderate","message":"All page content is contained by landmarks"}],"all":[],"none":[],"impact":null,"html":"<strong class=\"nhsuk-u-font-weight-bold\">\n                Permanent\n              </strong>","target":[".nhsuk-list-panel.search-result.nhsuk-u-padding-3:nth-child(1) > .nhsuk-grid-row:nth-child(3) > .nhsuk-grid-column-one-half:nth-child(2) > .ad-job-info.nhsuk-list > .marginBt[data-test=\"search-result-jobType\"] > strong"]},{"any":[{"id":"region","data":{"isIframe":false},"relatedNodes":[],"impact":"moderate","message":"All page content is contained by landmarks"}],"all":[],"none":[],"impact":null,"html":"<li data-test=\"search-result-workingPattern\" class=\"marginBt\">\n              Working pattern: \n              <strong class=\"nhsuk-u-font-weight-bold\">\n                Full time, Part time\n              </strong>\n            </li>","target":[".nhsuk-list-panel.search-result.nhsuk-u-padding-3:nth-child(1) > .nhsuk-grid-row:nth-child(3) > .nhsuk-grid-column-one-half:nth-child(2) > .ad-job-info.nhsuk-list > .marginBt[data-test=\"search-result-workingPattern\"]"]},{"any":[{"id":"region","data":{"isIframe":false},"relatedNodes":[],"impact":"moderate","message":"All page content is contained by landmarks"}],"all":[],"none":[],"impact":null,"html":"<strong class=\"nhsuk-u-font-weight-bold\">\n                Full time, Part time\n              </strong>","target":[".nhsuk-list-panel.search-result.nhsuk-u-padding-3:nth-child(1) > .nhsuk-grid-row:nth-child(3) > .nhsuk-grid-column-one-half:nth-child(2) > .ad-job-info.nhsuk-list > .marginBt[data-test=\"search-result-workingPattern\"] > strong"]},{"any":[{"id":"region","data":{"isIframe":false},"relatedNodes":[],"impact":"moderate","message":"All page content is contained by landmarks"}],"all":[],"none":[],"impact":null,"html":"<li class=\"nhsuk-list-panel search-result nhsuk-u-padding-3\" data-test=\"search-result\">","target":[".nhsuk-list-panel.search-result.nhsuk-u-padding-3:nth-child(2)"]},{"any":[{"id":"region","data":{"isIframe":false},"relatedNodes":[],"impact":"moderate","message":"All page content is contained by landmarks"}],"all":[],"none":[],"impact":null,"html":"<div class=\"nhsuk-grid-row\">","target":[".nhsuk-list-panel.search-result.nhsuk-u-padding-3:nth-child(2) > .nhsuk-grid-row:nth-child(1)"]},{"any":[{"id":"region","data":{"isIframe":false},"relatedNodes":[],"impact":"moderate","message":"All page content is contained by landmarks"}],"all":[],"none":[],"impact":null,"html":"<div class=\"nhsuk-grid-column-two-thirds\">","target":[".nhsuk-list-panel.search-result.nhsuk-u-padding-3:nth-child(2) > .nhsuk-grid-row:nth-child(1) > .nhsuk-grid-column-two-thirds"]},{"any":[{"id":"region","data":{"isIframe":false},"relatedNodes":[],"impact":"moderate","message":"All page content is contained by landmarks"}],"all":[],"none":[],"impact":null,"html":"<h2 class=\"nhsuk-heading-m nhsuk-u-margin-bottom-2\" id=\"job-title-2\">","target":["#job-title-2"]},{"any":[{"id":"region","data":{"isIframe":false},"relatedNodes":[],"impact":"moderate","message":"All page content is contained by landmarks"}],"all":[],"none":[],"impact":null,"html":"<a href=\"/candidate/jobadvert/B0306-25-0024?keyword=Carer&amp;location=London&amp;distance=5&amp;language=en\" data-test=\"search-result-job-title\">\n              Specialist Carer - Band 4\n            </a>","target":["#job-title-2 > a[data-test=\"search-result-job-title\"]"]},{"any":[{"id":"region","data":{"isIframe":false},"relatedNodes":[],"impact":"moderate","message":"All page content is contained by landmarks"}],"all":[],"none":[],"impact":null,"html":"<div class=\"save-job nhsuk-u-margin-right-3\">","target":[".nhsuk-list-panel.search-result.nhsuk-u-padding-3:nth-child(2) > .nhsuk-grid-row:nth-child(1) > .save-job.nhsuk-u-margin-right-3"]},{"any":[{"id":"region","data":{"isIframe":false},"relatedNodes":[],"impact":"moderate","message":"All page content is contained by landmarks"}],"all":[],"none":[],"impact":null,"html":"<a href=\"/candidate/search/save-job/B0306-25-0024\" data-test=\"search-result-save-job\" aria-label=\"Save this job: Specialist Carer - Band 4 (Reference number: B0306-25-0024)\">\n              Save this job\n            </a>","target":[".nhsuk-list-panel.search-result.nhsuk-u-padding-3:nth-child(2) > .nhsuk-grid-row:nth-child(1) > .save-job.nhsuk-u-margin-right-3 > a[data-test=\"search-result-save-job\"]"]},{"any":[{"id":"region","data":{"isIframe":false},"relatedNodes":[],"impact":"moderate","message":"All page content is contained by landmarks"}],"all":[],"none":[],"impact":null,"html":"<div class=\"nhsuk-u-margin-bottom-4\" data-test=\"search-result-location\">\n        <h3 class=\"nhsuk-u-font-weight-bold\">\n          Noah’s Ark Children’s Hospice\n          <div class=\"location-font-size\">\n            \n              Barnet EN5 4NP\n            \n          </div>\n        </h3>\n      </div>","target":[".nhsuk-list-panel.search-result.nhsuk-u-padding-3:nth-child(2) > .nhsuk-u-margin-bottom-4[data-test=\"search-result-location\"]"]},{"any":[{"id":"region","data":{"isIframe":false},"relatedNodes":[],"impact":"moderate","message":"All page content is contained by landmarks"}],"all":[],"none":[],"impact":null,"html":"<h3 class=\"nhsuk-u-font-weight-bold\">\n          Noah’s Ark Children’s Hospice\n          <div class=\"location-font-size\">\n            \n              Barnet EN5 4NP\n            \n          </div>\n        </h3>","target":[".nhsuk-list-panel.search-result.nhsuk-u-padding-3:nth-child(2) > .nhsuk-u-margin-bottom-4[data-test=\"search-result-location\"] > h3"]},{"any":[{"id":"region","data":{"isIframe":false},"relatedNodes":[],"impact":"moderate","message":"All page content is contained by landmarks"}],"all":[],"none":[],"impact":null,"html":"<div class=\"location-font-size\">\n            \n              Barnet EN5 4NP\n            \n          </div>","target":[".nhsuk-list-panel.search-result.nhsuk-u-padding-3:nth-child(2) > .nhsuk-u-margin-bottom-4[data-test=\"search-result-location\"] > h3 > .location-font-size"]},{"any":[{"id":"region","data":{"isIframe":false},"relatedNodes":[],"impact":"moderate","message":"All page content is contained by landmarks"}],"all":[],"none":[],"impact":null,"html":"<div class=\"nhsuk-grid-row\">","target":[".nhsuk-list-panel.search-result.nhsuk-u-padding-3:nth-child(2) > .nhsuk-grid-row:nth-child(3)"]},{"any":[{"id":"region","data":{"isIframe":false},"relatedNodes":[],"impact":"moderate","message":"All page content is contained by landmarks"}],"all":[],"none":[],"impact":null,"html":"<div class=\"nhsuk-grid-column-one-half\">","target":[".nhsuk-list-panel.search-result.nhsuk-u-padding-3:nth-child(2) > .nhsuk-grid-row:nth-child(3) > .nhsuk-grid-column-one-half:nth-child(1)"]},{"any":[{"id":"region","data":{"isIframe":false},"relatedNodes":[],"impact":"moderate","message":"All page content is contained by landmarks"}],"all":[],"none":[],"impact":null,"html":"<ul class=\"ad-job-info nhsuk-list first-ad-job-info\">","target":[".nhsuk-list-panel.search-result.nhsuk-u-padding-3:nth-child(2) > .nhsuk-grid-row:nth-child(3) > .nhsuk-grid-column-one-half:nth-child(1) > .first-ad-job-info.ad-job-info.nhsuk-list"]},{"any":[{"id":"region","data":{"isIframe":false},"relatedNodes":[],"impact":"moderate","message":"All page content is contained by landmarks"}],"all":[],"none":[],"impact":null,"html":"<li data-test=\"search-result-salary\" class=\"marginBt\">\n                Salary: \n                <strong class=\"nhsuk-u-font-weight-bold\">\n                  £31,557 to £34,181\n                  \n                    a year\n                  \n                </strong>\n              </li>","target":[".nhsuk-list-panel.search-result.nhsuk-u-padding-3:nth-child(2) > .nhsuk-grid-row:nth-child(3) > .nhsuk-grid-column-one-half:nth-child(1) > .first-ad-job-info.ad-job-info.nhsuk-list > .marginBt[data-test=\"search-result-salary\"]"]},{"any":[{"id":"region","data":{"isIframe":false},"relatedNodes":[],"impact":"moderate","message":"All page content is contained by landmarks"}],"all":[],"none":[],"impact":null,"html":"<strong class=\"nhsuk-u-font-weight-bold\">\n                  £31,557 to £34,181\n                  \n                    a year\n                  \n                </strong>","target":[".nhsuk-list-panel.search-result.nhsuk-u-padding-3:nth-child(2) > .nhsuk-grid-row:nth-child(3) > .nhsuk-grid-column-one-half:nth-child(1) > .first-ad-job-info.ad-job-info.nhsuk-list > .marginBt[data-test=\"search-result-salary\"] > strong"]},{"any":[{"id":"region","data":{"isIframe":false},"relatedNodes":[],"impact":"moderate","message":"All page content is contained by landmarks"}],"all":[],"none":[],"impact":null,"html":"<li data-test=\"search-result-publicationDate\">\n                Date posted: \n                <strong class=\"nhsuk-u-font-weight-bold\">\n                  13 June 2025\n                </strong>\n              </li>","target":[".nhsuk-list-panel.search-result.nhsuk-u-padding-3:nth-child(2) > .nhsuk-grid-row:nth-child(3) > .nhsuk-grid-column-one-half:nth-child(1) > .first-ad-job-info.ad-job-info.nhsuk-list > li[data-test=\"search-result-publicationDate\"]"]},{"any":[{"id":"region","data":{"isIframe":false},"relatedNodes":[],"impact":"moderate","message":"All page content is contained by landmarks"}],"all":[],"none":[],"impact":null,"html":"<strong class=\"nhsuk-u-font-weight-bold\">\n                  13 June 2025\n                </strong>","target":[".nhsuk-list-panel.search-result.nhsuk-u-padding-3:nth-child(2) > .nhsuk-grid-row:nth-child(3) > .nhsuk-grid-column-one-half:nth-child(1) > .first-ad-job-info.ad-job-info.nhsuk-list > li[data-test=\"search-result-publicationDate\"] > strong"]},{"any":[{"id":"region","data":{"isIframe":false},"relatedNodes":[],"impact":"moderate","message":"All page content is contained by landmarks"}],"all":[],"none":[],"impact":null,"html":"<li data-test=\"search-result-closingDate\">\n                Closing date: \n                <strong class=\"nhsuk-u-font-weight-bold\">\n                  30 June 2025\n                </strong>\n              </li>","target":[".nhsuk-list-panel.search-result.nhsuk-u-padding-3:nth-child(2) > .nhsuk-grid-row:nth-child(3) > .nhsuk-grid-column-one-half:nth-child(1) > .first-ad-job-info.ad-job-info.nhsuk-list > li[data-test=\"search-result-closingDate\"]"]},{"any":[{"id":"region","data":{"isIframe":false},"relatedNodes":[],"impact":"moderate","message":"All page content is contained by landmarks"}],"all":[],"none":[],"impact":null,"html":"<strong class=\"nhsuk-u-font-weight-bold\">\n                  30 June 2025\n                </strong>","target":[".nhsuk-list-panel.search-result.nhsuk-u-padding-3:nth-child(2) > .nhsuk-grid-row:nth-child(3) > .nhsuk-grid-column-one-half:nth-child(1) > .first-ad-job-info.ad-job-info.nhsuk-list > li[data-test=\"search-result-closingDate\"] > strong"]},{"any":[{"id":"region","data":{"isIframe":false},"relatedNodes":[],"impact":"moderate","message":"All page content is contained by landmarks"}],"all":[],"none":[],"impact":null,"html":"<div class=\"nhsuk-grid-column-one-half\">","target":[".nhsuk-list-panel.search-result.nhsuk-u-padding-3:nth-child(2) > .nhsuk-grid-row:nth-child(3) > .nhsuk-grid-column-one-half:nth-child(2)"]},{"any":[{"id":"region","data":{"isIframe":false},"relatedNodes":[],"impact":"moderate","message":"All page content is contained by landmarks"}],"all":[],"none":[],"impact":null,"html":"<ul class=\"ad-job-info nhsuk-list\">","target":[".nhsuk-list-panel.search-result.nhsuk-u-padding-3:nth-child(2) > .nhsuk-grid-row:nth-child(3) > .nhsuk-grid-column-one-half:nth-child(2) > .ad-job-info.nhsuk-list"]},{"any":[{"id":"region","data":{"isIframe":false},"relatedNodes":[],"impact":"moderate","message":"All page content is contained by landmarks"}],"all":[],"none":[],"impact":null,"html":"<li data-test=\"search-result-jobType\" class=\"marginBt\">\n              Contract type: \n              <strong class=\"nhsuk-u-font-weight-bold\">\n                Permanent\n              </strong>\n            </li>","target":[".nhsuk-list-panel.search-result.nhsuk-u-padding-3:nth-child(2) > .nhsuk-grid-row:nth-child(3) > .nhsuk-grid-column-one-half:nth-child(2) > .ad-job-info.nhsuk-list > .marginBt[data-test=\"search-result-jobType\"]"]},{"any":[{"id":"region","data":{"isIframe":false},"relatedNodes":[],"impact":"moderate","message":"All page content is contained by landmarks"}],"all":[],"none":[],"impact":null,"html":"<strong class=\"nhsuk-u-font-weight-bold\">\n                Permanent\n              </strong>","target":[".nhsuk-list-panel.search-result.nhsuk-u-padding-3:nth-child(2) > .nhsuk-grid-row:nth-child(3) > .nhsuk-grid-column-one-half:nth-child(2) > .ad-job-info.nhsuk-list > .marginBt[data-test=\"search-result-jobType\"] > strong"]},{"any":[{"id":"region","data":{"isIframe":false},"relatedNodes":[],"impact":"moderate","message":"All page content is contained by landmarks"}],"all":[],"none":[],"impact":null,"html":"<li data-test=\"search-result-workingPattern\" class=\"marginBt\">\n              Working pattern: \n              <strong class=\"nhsuk-u-font-weight-bold\">\n                Full time\n              </strong>\n            </li>","target":[".nhsuk-list-panel.search-result.nhsuk-u-padding-3:nth-child(2) > .nhsuk-grid-row:nth-child(3) > .nhsuk-grid-column-one-half:nth-child(2) > .ad-job-info.nhsuk-list > .marginBt[data-test=\"search-result-workingPattern\"]"]},{"any":[{"id":"region","data":{"isIframe":false},"relatedNodes":[],"impact":"moderate","message":"All page content is contained by landmarks"}],"all":[],"none":[],"impact":null,"html":"<strong class=\"nhsuk-u-font-weight-bold\">\n                Full time\n              </strong>","target":[".nhsuk-list-panel.search-result.nhsuk-u-padding-3:nth-child(2) > .nhsuk-grid-row:nth-child(3) > .nhsuk-grid-column-one-half:nth-child(2) > .ad-job-info.nhsuk-list > .marginBt[data-test=\"search-result-workingPattern\"] > strong"]},{"any":[{"id":"region","data":{"isIframe":false},"relatedNodes":[],"impact":"moderate","message":"All page content is contained by landmarks"}],"all":[],"none":[],"impact":null,"html":"<li class=\"nhsuk-list-panel search-result nhsuk-u-padding-3\" data-test=\"search-result\">","target":[".nhsuk-list-panel.search-result.nhsuk-u-padding-3:nth-child(3)"]},{"any":[{"id":"region","data":{"isIframe":false},"relatedNodes":[],"impact":"moderate","message":"All page content is contained by landmarks"}],"all":[],"none":[],"impact":null,"html":"<div class=\"nhsuk-grid-row\">","target":[".nhsuk-list-panel.search-result.nhsuk-u-padding-3:nth-child(3) > .nhsuk-grid-row:nth-child(1)"]},{"any":[{"id":"region","data":{"isIframe":false},"relatedNodes":[],"impact":"moderate","message":"All page content is contained by landmarks"}],"all":[],"none":[],"impact":null,"html":"<div class=\"nhsuk-grid-column-two-thirds\">","target":[".nhsuk-list-panel.search-result.nhsuk-u-padding-3:nth-child(3) > .nhsuk-grid-row:nth-child(1) > .nhsuk-grid-column-two-thirds"]},{"any":[{"id":"region","data":{"isIframe":false},"relatedNodes":[],"impact":"moderate","message":"All page content is contained by landmarks"}],"all":[],"none":[],"impact":null,"html":"<h2 class=\"nhsuk-heading-m nhsuk-u-margin-bottom-2\" id=\"job-title-3\">","target":["#job-title-3"]},{"any":[{"id":"region","data":{"isIframe":false},"relatedNodes":[],"impact":"moderate","message":"All page content is contained by landmarks"}],"all":[],"none":[],"impact":null,"html":"<a href=\"/candidate/jobadvert/B0306-25-0021?keyword=Carer&amp;location=London&amp;distance=5&amp;language=en\" data-test=\"search-result-job-title\">\n              Specialist Carer - Band 3\n            </a>","target":["#job-title-3 > a[data-test=\"search-result-job-title\"]"]},{"any":[{"id":"region","data":{"isIframe":false},"relatedNodes":[],"impact":"moderate","message":"All page content is contained by landmarks"}],"all":[],"none":[],"impact":null,"html":"<div class=\"save-job nhsuk-u-margin-right-3\">","target":[".nhsuk-list-panel.search-result.nhsuk-u-padding-3:nth-child(3) > .nhsuk-grid-row:nth-child(1) > .save-job.nhsuk-u-margin-right-3"]},{"any":[{"id":"region","data":{"isIframe":false},"relatedNodes":[],"impact":"moderate","message":"All page content is contained by landmarks"}],"all":[],"none":[],"impact":null,"html":"<a href=\"/candidate/search/save-job/B0306-25-0021\" data-test=\"search-result-save-job\" aria-label=\"Save this job: Specialist Carer - Band 3 (Reference number: B0306-25-0021)\">\n              Save this job\n            </a>","target":[".nhsuk-list-panel.search-result.nhsuk-u-padding-3:nth-child(3) > .nhsuk-grid-row:nth-child(1) > .save-job.nhsuk-u-margin-right-3 > a[data-test=\"search-result-save-job\"]"]},{"any":[{"id":"region","data":{"isIframe":false},"relatedNodes":[],"impact":"moderate","message":"All page content is contained by landmarks"}],"all":[],"none":[],"impact":null,"html":"<div class=\"nhsuk-u-margin-bottom-4\" data-test=\"search-result-location\">\n        <h3 class=\"nhsuk-u-font-weight-bold\">\n          Noah’s Ark Children’s Hospice\n          <div class=\"location-font-size\">\n            \n              Barnet EN5 4NP\n            \n          </div>\n        </h3>\n      </div>","target":[".nhsuk-list-panel.search-result.nhsuk-u-padding-3:nth-child(3) > .nhsuk-u-margin-bottom-4[data-test=\"search-result-location\"]"]},{"any":[{"id":"region","data":{"isIframe":false},"relatedNodes":[],"impact":"moderate","message":"All page content is contained by landmarks"}],"all":[],"none":[],"impact":null,"html":"<h3 class=\"nhsuk-u-font-weight-bold\">\n          Noah’s Ark Children’s Hospice\n          <div class=\"location-font-size\">\n            \n              Barnet EN5 4NP\n            \n          </div>\n        </h3>","target":[".nhsuk-list-panel.search-result.nhsuk-u-padding-3:nth-child(3) > .nhsuk-u-margin-bottom-4[data-test=\"search-result-location\"] > h3"]},{"any":[{"id":"region","data":{"isIframe":false},"relatedNodes":[],"impact":"moderate","message":"All page content is contained by landmarks"}],"all":[],"none":[],"impact":null,"html":"<div class=\"location-font-size\">\n            \n              Barnet EN5 4NP\n            \n          </div>","target":[".nhsuk-list-panel.search-result.nhsuk-u-padding-3:nth-child(3) > .nhsuk-u-margin-bottom-4[data-test=\"search-result-location\"] > h3 > .location-font-size"]},{"any":[{"id":"region","data":{"isIframe":false},"relatedNodes":[],"impact":"moderate","message":"All page content is contained by landmarks"}],"all":[],"none":[],"impact":null,"html":"<div class=\"nhsuk-grid-row\">","target":[".nhsuk-list-panel.search-result.nhsuk-u-padding-3:nth-child(3) > .nhsuk-grid-row:nth-child(3)"]},{"any":[{"id":"region","data":{"isIframe":false},"relatedNodes":[],"impact":"moderate","message":"All page content is contained by landmarks"}],"all":[],"none":[],"impact":null,"html":"<div class=\"nhsuk-grid-column-one-half\">","target":[".nhsuk-list-panel.search-result.nhsuk-u-padding-3:nth-child(3) > .nhsuk-grid-row:nth-child(3) > .nhsuk-grid-column-one-half:nth-child(1)"]},{"any":[{"id":"region","data":{"isIframe":false},"relatedNodes":[],"impact":"moderate","message":"All page content is contained by landmarks"}],"all":[],"none":[],"impact":null,"html":"<ul class=\"ad-job-info nhsuk-list first-ad-job-info\">","target":[".nhsuk-list-panel.search-result.nhsuk-u-padding-3:nth-child(3) > .nhsuk-grid-row:nth-child(3) > .nhsuk-grid-column-one-half:nth-child(1) > .first-ad-job-info.ad-job-info.nhsuk-list"]},{"any":[{"id":"region","data":{"isIframe":false},"relatedNodes":[],"impact":"moderate","message":"All page content is contained by landmarks"}],"all":[],"none":[],"impact":null,"html":"<li data-test=\"search-result-salary\" class=\"marginBt\">\n                Salary: \n                <strong class=\"nhsuk-u-font-weight-bold\">\n                  £29,060 to £30,688\n                  \n                    a year\n                  \n                </strong>\n              </li>","target":[".nhsuk-list-panel.search-result.nhsuk-u-padding-3:nth-child(3) > .nhsuk-grid-row:nth-child(3) > .nhsuk-grid-column-one-half:nth-child(1) > .first-ad-job-info.ad-job-info.nhsuk-list > .marginBt[data-test=\"search-result-salary\"]"]},{"any":[{"id":"region","data":{"isIframe":false},"relatedNodes":[],"impact":"moderate","message":"All page content is contained by landmarks"}],"all":[],"none":[],"impact":null,"html":"<strong class=\"nhsuk-u-font-weight-bold\">\n                  £29,060 to £30,688\n                  \n                    a year\n                  \n                </strong>","target":[".nhsuk-list-panel.search-result.nhsuk-u-padding-3:nth-child(3) > .nhsuk-grid-row:nth-child(3) > .nhsuk-grid-column-one-half:nth-child(1) > .first-ad-job-info.ad-job-info.nhsuk-list > .marginBt[data-test=\"search-result-salary\"] > strong"]},{"any":[{"id":"region","data":{"isIframe":false},"relatedNodes":[],"impact":"moderate","message":"All page content is contained by landmarks"}],"all":[],"none":[],"impact":null,"html":"<li data-test=\"search-result-publicationDate\">\n                Date posted: \n                <strong class=\"nhsuk-u-font-weight-bold\">\n                  13 June 2025\n                </strong>\n              </li>","target":[".nhsuk-list-panel.search-result.nhsuk-u-padding-3:nth-child(3) > .nhsuk-grid-row:nth-child(3) > .nhsuk-grid-column-one-half:nth-child(1) > .first-ad-job-info.ad-job-info.nhsuk-list > li[data-test=\"search-result-publicationDate\"]"]},{"any":[{"id":"region","data":{"isIframe":false},"relatedNodes":[],"impact":"moderate","message":"All page content is contained by landmarks"}],"all":[],"none":[],"impact":null,"html":"<strong class=\"nhsuk-u-font-weight-bold\">\n                  13 June 2025\n                </strong>","target":[".nhsuk-list-panel.search-result.nhsuk-u-padding-3:nth-child(3) > .nhsuk-grid-row:nth-child(3) > .nhsuk-grid-column-one-half:nth-child(1) > .first-ad-job-info.ad-job-info.nhsuk-list > li[data-test=\"search-result-publicationDate\"] > strong"]},{"any":[{"id":"region","data":{"isIframe":false},"relatedNodes":[],"impact":"moderate","message":"All page content is contained by landmarks"}],"all":[],"none":[],"impact":null,"html":"<li data-test=\"search-result-closingDate\">\n                Closing date: \n                <strong class=\"nhsuk-u-font-weight-bold\">\n                  30 June 2025\n                </strong>\n              </li>","target":[".nhsuk-list-panel.search-result.nhsuk-u-padding-3:nth-child(3) > .nhsuk-grid-row:nth-child(3) > .nhsuk-grid-column-one-half:nth-child(1) > .first-ad-job-info.ad-job-info.nhsuk-list > li[data-test=\"search-result-closingDate\"]"]},{"any":[{"id":"region","data":{"isIframe":false},"relatedNodes":[],"impact":"moderate","message":"All page content is contained by landmarks"}],"all":[],"none":[],"impact":null,"html":"<strong class=\"nhsuk-u-font-weight-bold\">\n                  30 June 2025\n                </strong>","target":[".nhsuk-list-panel.search-result.nhsuk-u-padding-3:nth-child(3) > .nhsuk-grid-row:nth-child(3) > .nhsuk-grid-column-one-half:nth-child(1) > .first-ad-job-info.ad-job-info.nhsuk-list > li[data-test=\"search-result-closingDate\"] > strong"]},{"any":[{"id":"region","data":{"isIframe":false},"relatedNodes":[],"impact":"moderate","message":"All page content is contained by landmarks"}],"all":[],"none":[],"impact":null,"html":"<div class=\"nhsuk-grid-column-one-half\">","target":[".nhsuk-list-panel.search-result.nhsuk-u-padding-3:nth-child(3) > .nhsuk-grid-row:nth-child(3) > .nhsuk-grid-column-one-half:nth-child(2)"]},{"any":[{"id":"region","data":{"isIframe":false},"relatedNodes":[],"impact":"moderate","message":"All page content is contained by landmarks"}],"all":[],"none":[],"impact":null,"html":"<ul class=\"ad-job-info nhsuk-list\">","target":[".nhsuk-list-panel.search-result.nhsuk-u-padding-3:nth-child(3) > .nhsuk-grid-row:nth-child(3) > .nhsuk-grid-column-one-half:nth-child(2) > .ad-job-info.nhsuk-list"]},{"any":[{"id":"region","data":{"isIframe":false},"relatedNodes":[],"impact":"moderate","message":"All page content is contained by landmarks"}],"all":[],"none":[],"impact":null,"html":"<li data-test=\"search-result-jobType\" class=\"marginBt\">\n              Contract type: \n              <strong class=\"nhsuk-u-font-weight-bold\">\n                Permanent\n              </strong>\n            </li>","target":[".nhsuk-list-panel.search-result.nhsuk-u-padding-3:nth-child(3) > .nhsuk-grid-row:nth-child(3) > .nhsuk-grid-column-one-half:nth-child(2) > .ad-job-info.nhsuk-list > .marginBt[data-test=\"search-result-jobType\"]"]},{"any":[{"id":"region","data":{"isIframe":false},"relatedNodes":[],"impact":"moderate","message":"All page content is contained by landmarks"}],"all":[],"none":[],"impact":null,"html":"<strong class=\"nhsuk-u-font-weight-bold\">\n                Permanent\n              </strong>","target":[".nhsuk-list-panel.search-result.nhsuk-u-padding-3:nth-child(3) > .nhsuk-grid-row:nth-child(3) > .nhsuk-grid-column-one-half:nth-child(2) > .ad-job-info.nhsuk-list > .marginBt[data-test=\"search-result-jobType\"] > strong"]},{"any":[{"id":"region","data":{"isIframe":false},"relatedNodes":[],"impact":"moderate","message":"All page content is contained by landmarks"}],"all":[],"none":[],"impact":null,"html":"<li data-test=\"search-result-workingPattern\" class=\"marginBt\">\n              Working pattern: \n              <strong class=\"nhsuk-u-font-weight-bold\">\n                Full time\n              </strong>\n            </li>","target":[".nhsuk-list-panel.search-result.nhsuk-u-padding-3:nth-child(3) > .nhsuk-grid-row:nth-child(3) > .nhsuk-grid-column-one-half:nth-child(2) > .ad-job-info.nhsuk-list > .marginBt[data-test=\"search-result-workingPattern\"]"]},{"any":[{"id":"region","data":{"isIframe":false},"relatedNodes":[],"impact":"moderate","message":"All page content is contained by landmarks"}],"all":[],"none":[],"impact":null,"html":"<strong class=\"nhsuk-u-font-weight-bold\">\n                Full time\n              </strong>","target":[".nhsuk-list-panel.search-result.nhsuk-u-padding-3:nth-child(3) > .nhsuk-grid-row:nth-child(3) > .nhsuk-grid-column-one-half:nth-child(2) > .ad-job-info.nhsuk-list > .marginBt[data-test=\"search-result-workingPattern\"] > strong"]},{"any":[{"id":"region","data":{"isIframe":false},"relatedNodes":[],"impact":"moderate","message":"All page content is contained by landmarks"}],"all":[],"none":[],"impact":null,"html":"<li class=\"nhsuk-list-panel search-result nhsuk-u-padding-3\" data-test=\"search-result\">","target":[".nhsuk-list-panel.search-result.nhsuk-u-padding-3:nth-child(4)"]},{"any":[{"id":"region","data":{"isIframe":false},"relatedNodes":[],"impact":"moderate","message":"All page content is contained by landmarks"}],"all":[],"none":[],"impact":null,"html":"<div class=\"nhsuk-grid-row\">","target":[".nhsuk-list-panel.search-result.nhsuk-u-padding-3:nth-child(4) > .nhsuk-grid-row:nth-child(1)"]},{"any":[{"id":"region","data":{"isIframe":false},"relatedNodes":[],"impact":"moderate","message":"All page content is contained by landmarks"}],"all":[],"none":[],"impact":null,"html":"<div class=\"nhsuk-grid-column-two-thirds\">","target":[".nhsuk-list-panel.search-result.nhsuk-u-padding-3:nth-child(4) > .nhsuk-grid-row:nth-child(1) > .nhsuk-grid-column-two-thirds"]},{"any":[{"id":"region","data":{"isIframe":false},"relatedNodes":[],"impact":"moderate","message":"All page content is contained by landmarks"}],"all":[],"none":[],"impact":null,"html":"<h2 class=\"nhsuk-heading-m nhsuk-u-margin-bottom-2\" id=\"job-title-4\">","target":["#job-title-4"]},{"any":[{"id":"region","data":{"isIframe":false},"relatedNodes":[],"impact":"moderate","message":"All page content is contained by landmarks"}],"all":[],"none":[],"impact":null,"html":"<a href=\"/candidate/jobadvert/E0177-25-6170?keyword=Carer&amp;location=London&amp;distance=5&amp;language=en\" data-test=\"search-result-job-title\">\n              Senior Carer - Residential Care Home - Bank\n            </a>","target":["#job-title-4 > a[data-test=\"search-result-job-title\"]"]},{"any":[{"id":"region","data":{"isIframe":false},"relatedNodes":[],"impact":"moderate","message":"All page content is contained by landmarks"}],"all":[],"none":[],"impact":null,"html":"<div class=\"save-job nhsuk-u-margin-right-3\">","target":[".nhsuk-list-panel.search-result.nhsuk-u-padding-3:nth-child(4) > .nhsuk-grid-row:nth-child(1) > .save-job.nhsuk-u-margin-right-3"]},{"any":[{"id":"region","data":{"isIframe":false},"relatedNodes":[],"impact":"moderate","message":"All page content is contained by landmarks"}],"all":[],"none":[],"impact":null,"html":"<a href=\"/candidate/search/save-job/E0177-25-6170\" data-test=\"search-result-save-job\" aria-label=\"Save this job: Senior Carer - Residential Care Home - Bank (Reference number: E0177-25-6170)\">\n              Save this job\n            </a>","target":[".nhsuk-list-panel.search-result.nhsuk-u-padding-3:nth-child(4) > .nhsuk-grid-row:nth-child(1) > .save-job.nhsuk-u-margin-right-3 > a[data-test=\"search-result-save-job\"]"]},{"any":[{"id":"region","data":{"isIframe":false},"relatedNodes":[],"impact":"moderate","message":"All page content is contained by landmarks"}],"all":[],"none":[],"impact":null,"html":"<div class=\"nhsuk-u-margin-bottom-4\" data-test=\"search-result-location\">\n        <h3 class=\"nhsuk-u-font-weight-bold\">\n          Barchester Healthcare\n          <div class=\"location-font-size\">\n            \n              Bromley BR2 7BX\n            \n          </div>\n        </h3>\n      </div>","target":[".nhsuk-list-panel.search-result.nhsuk-u-padding-3:nth-child(4) > .nhsuk-u-margin-bottom-4[data-test=\"search-result-location\"]"]},{"any":[{"id":"region","data":{"isIframe":false},"relatedNodes":[],"impact":"moderate","message":"All page content is contained by landmarks"}],"all":[],"none":[],"impact":null,"html":"<h3 class=\"nhsuk-u-font-weight-bold\">\n          Barchester Healthcare\n          <div class=\"location-font-size\">\n            \n              Bromley BR2 7BX\n            \n          </div>\n        </h3>","target":[".nhsuk-list-panel.search-result.nhsuk-u-padding-3:nth-child(4) > .nhsuk-u-margin-bottom-4[data-test=\"search-result-location\"] > h3"]},{"any":[{"id":"region","data":{"isIframe":false},"relatedNodes":[],"impact":"moderate","message":"All page content is contained by landmarks"}],"all":[],"none":[],"impact":null,"html":"<div class=\"location-font-size\">\n            \n              Bromley BR2 7BX\n            \n          </div>","target":[".nhsuk-list-panel.search-result.nhsuk-u-padding-3:nth-child(4) > .nhsuk-u-margin-bottom-4[data-test=\"search-result-location\"] > h3 > .location-font-size"]},{"any":[{"id":"region","data":{"isIframe":false},"relatedNodes":[],"impact":"moderate","message":"All page content is contained by landmarks"}],"all":[],"none":[],"impact":null,"html":"<div class=\"nhsuk-grid-row\">","target":[".nhsuk-list-panel.search-result.nhsuk-u-padding-3:nth-child(4) > .nhsuk-grid-row:nth-child(3)"]},{"any":[{"id":"region","data":{"isIframe":false},"relatedNodes":[],"impact":"moderate","message":"All page content is contained by landmarks"}],"all":[],"none":[],"impact":null,"html":"<div class=\"nhsuk-grid-column-one-half\">","target":[".nhsuk-list-panel.search-result.nhsuk-u-padding-3:nth-child(4) > .nhsuk-grid-row:nth-child(3) > .nhsuk-grid-column-one-half:nth-child(1)"]},{"any":[{"id":"region","data":{"isIframe":false},"relatedNodes":[],"impact":"moderate","message":"All page content is contained by landmarks"}],"all":[],"none":[],"impact":null,"html":"<ul class=\"ad-job-info nhsuk-list first-ad-job-info\">","target":[".nhsuk-list-panel.search-result.nhsuk-u-padding-3:nth-child(4) > .nhsuk-grid-row:nth-child(3) > .nhsuk-grid-column-one-half:nth-child(1) > .first-ad-job-info.ad-job-info.nhsuk-list"]},{"any":[{"id":"region","data":{"isIframe":false},"relatedNodes":[],"impact":"moderate","message":"All page content is contained by landmarks"}],"all":[],"none":[],"impact":null,"html":"<li data-test=\"search-result-salary\" class=\"marginBt\">\n                Salary: \n                <strong class=\"nhsuk-u-font-weight-bold\">\n                  £15.87\n                  \n                    an hour\n                  \n                </strong>\n              </li>","target":[".nhsuk-list-panel.search-result.nhsuk-u-padding-3:nth-child(4) > .nhsuk-grid-row:nth-child(3) > .nhsuk-grid-column-one-half:nth-child(1) > .first-ad-job-info.ad-job-info.nhsuk-list > .marginBt[data-test=\"search-result-salary\"]"]},{"any":[{"id":"region","data":{"isIframe":false},"relatedNodes":[],"impact":"moderate","message":"All page content is contained by landmarks"}],"all":[],"none":[],"impact":null,"html":"<strong class=\"nhsuk-u-font-weight-bold\">\n                  £15.87\n                  \n                    an hour\n                  \n                </strong>","target":[".nhsuk-list-panel.search-result.nhsuk-u-padding-3:nth-child(4) > .nhsuk-grid-row:nth-child(3) > .nhsuk-grid-column-one-half:nth-child(1) > .first-ad-job-info.ad-job-info.nhsuk-list > .marginBt[data-test=\"search-result-salary\"] > strong"]},{"any":[{"id":"region","data":{"isIframe":false},"relatedNodes":[],"impact":"moderate","message":"All page content is contained by landmarks"}],"all":[],"none":[],"impact":null,"html":"<li data-test=\"search-result-publicationDate\">\n                Date posted: \n                <strong class=\"nhsuk-u-font-weight-bold\">\n                  20 June 2025\n                </strong>\n              </li>","target":[".nhsuk-list-panel.search-result.nhsuk-u-padding-3:nth-child(4) > .nhsuk-grid-row:nth-child(3) > .nhsuk-grid-column-one-half:nth-child(1) > .first-ad-job-info.ad-job-info.nhsuk-list > li[data-test=\"search-result-publicationDate\"]"]},{"any":[{"id":"region","data":{"isIframe":false},"relatedNodes":[],"impact":"moderate","message":"All page content is contained by landmarks"}],"all":[],"none":[],"impact":null,"html":"<strong class=\"nhsuk-u-font-weight-bold\">\n                  20 June 2025\n                </strong>","target":[".nhsuk-list-panel.search-result.nhsuk-u-padding-3:nth-child(4) > .nhsuk-grid-row:nth-child(3) > .nhsuk-grid-column-one-half:nth-child(1) > .first-ad-job-info.ad-job-info.nhsuk-list > li[data-test=\"search-result-publicationDate\"] > strong"]},{"any":[{"id":"region","data":{"isIframe":false},"relatedNodes":[],"impact":"moderate","message":"All page content is contained by landmarks"}],"all":[],"none":[],"impact":null,"html":"<li data-test=\"search-result-closingDate\">\n                Closing date: \n                <strong class=\"nhsuk-u-font-weight-bold\">\n                  18 August 2025\n                </strong>\n              </li>","target":[".nhsuk-list-panel.search-result.nhsuk-u-padding-3:nth-child(4) > .nhsuk-grid-row:nth-child(3) > .nhsuk-grid-column-one-half:nth-child(1) > .first-ad-job-info.ad-job-info.nhsuk-list > li[data-test=\"search-result-closingDate\"]"]},{"any":[{"id":"region","data":{"isIframe":false},"relatedNodes":[],"impact":"moderate","message":"All page content is contained by landmarks"}],"all":[],"none":[],"impact":null,"html":"<strong class=\"nhsuk-u-font-weight-bold\">\n                  18 August 2025\n                </strong>","target":[".nhsuk-list-panel.search-result.nhsuk-u-padding-3:nth-child(4) > .nhsuk-grid-row:nth-child(3) > .nhsuk-grid-column-one-half:nth-child(1) > .first-ad-job-info.ad-job-info.nhsuk-list > li[data-test=\"search-result-closingDate\"] > strong"]},{"any":[{"id":"region","data":{"isIframe":false},"relatedNodes":[],"impact":"moderate","message":"All page content is contained by landmarks"}],"all":[],"none":[],"impact":null,"html":"<div class=\"nhsuk-grid-column-one-half\">","target":[".nhsuk-list-panel.search-result.nhsuk-u-padding-3:nth-child(4) > .nhsuk-grid-row:nth-child(3) > .nhsuk-grid-column-one-half:nth-child(2)"]},{"any":[{"id":"region","data":{"isIframe":false},"relatedNodes":[],"impact":"moderate","message":"All page content is contained by landmarks"}],"all":[],"none":[],"impact":null,"html":"<ul class=\"ad-job-info nhsuk-list\">","target":[".nhsuk-list-panel.search-result.nhsuk-u-padding-3:nth-child(4) > .nhsuk-grid-row:nth-child(3) > .nhsuk-grid-column-one-half:nth-child(2) > .ad-job-info.nhsuk-list"]},{"any":[{"id":"region","data":{"isIframe":false},"relatedNodes":[],"impact":"moderate","message":"All page content is contained by landmarks"}],"all":[],"none":[],"impact":null,"html":"<li data-test=\"search-result-jobType\" class=\"marginBt\">\n              Contract type: \n              <strong class=\"nhsuk-u-font-weight-bold\">\n                Bank\n              </strong>\n            </li>","target":[".nhsuk-list-panel.search-result.nhsuk-u-padding-3:nth-child(4) > .nhsuk-grid-row:nth-child(3) > .nhsuk-grid-column-one-half:nth-child(2) > .ad-job-info.nhsuk-list > .marginBt[data-test=\"search-result-jobType\"]"]},{"any":[{"id":"region","data":{"isIframe":false},"relatedNodes":[],"impact":"moderate","message":"All page content is contained by landmarks"}],"all":[],"none":[],"impact":null,"html":"<strong class=\"nhsuk-u-font-weight-bold\">\n                Bank\n              </strong>","target":[".nhsuk-list-panel.search-result.nhsuk-u-padding-3:nth-child(4) > .nhsuk-grid-row:nth-child(3) > .nhsuk-grid-column-one-half:nth-child(2) > .ad-job-info.nhsuk-list > .marginBt[data-test=\"search-result-jobType\"] > strong"]},{"any":[{"id":"region","data":{"isIframe":false},"relatedNodes":[],"impact":"moderate","message":"All page content is contained by landmarks"}],"all":[],"none":[],"impact":null,"html":"<li data-test=\"search-result-workingPattern\" class=\"marginBt\">\n              Working pattern: \n              <strong class=\"nhsuk-u-font-weight-bold\">\n                Flexible working\n              </strong>\n            </li>","target":[".nhsuk-list-panel.search-result.nhsuk-u-padding-3:nth-child(4) > .nhsuk-grid-row:nth-child(3) > .nhsuk-grid-column-one-half:nth-child(2) > .ad-job-info.nhsuk-list > .marginBt[data-test=\"search-result-workingPattern\"]"]},{"any":[{"id":"region","data":{"isIframe":false},"relatedNodes":[],"impact":"moderate","message":"All page content is contained by landmarks"}],"all":[],"none":[],"impact":null,"html":"<strong class=\"nhsuk-u-font-weight-bold\">\n                Flexible working\n              </strong>","target":[".nhsuk-list-panel.search-result.nhsuk-u-padding-3:nth-child(4) > .nhsuk-grid-row:nth-child(3) > .nhsuk-grid-column-one-half:nth-child(2) > .ad-job-info.nhsuk-list > .marginBt[data-test=\"search-result-workingPattern\"] > strong"]},{"any":[{"id":"region","data":{"isIframe":false},"relatedNodes":[],"impact":"moderate","message":"All page content is contained by landmarks"}],"all":[],"none":[],"impact":null,"html":"<li class=\"nhsuk-list-panel search-result nhsuk-u-padding-3\" data-test=\"search-result\">","target":[".nhsuk-list-panel.search-result.nhsuk-u-padding-3:nth-child(5)"]},{"any":[{"id":"region","data":{"isIframe":false},"relatedNodes":[],"impact":"moderate","message":"All page content is contained by landmarks"}],"all":[],"none":[],"impact":null,"html":"<div class=\"nhsuk-grid-row\">","target":[".nhsuk-list-panel.search-result.nhsuk-u-padding-3:nth-child(5) > .nhsuk-grid-row:nth-child(1)"]},{"any":[{"id":"region","data":{"isIframe":false},"relatedNodes":[],"impact":"moderate","message":"All page content is contained by landmarks"}],"all":[],"none":[],"impact":null,"html":"<div class=\"nhsuk-grid-column-two-thirds\">","target":[".nhsuk-list-panel.search-result.nhsuk-u-padding-3:nth-child(5) > .nhsuk-grid-row:nth-child(1) > .nhsuk-grid-column-two-thirds"]},{"any":[{"id":"region","data":{"isIframe":false},"relatedNodes":[],"impact":"moderate","message":"All page content is contained by landmarks"}],"all":[],"none":[],"impact":null,"html":"<h2 class=\"nhsuk-heading-m nhsuk-u-margin-bottom-2\" id=\"job-title-5\">","target":["#job-title-5"]},{"any":[{"id":"region","data":{"isIframe":false},"relatedNodes":[],"impact":"moderate","message":"All page content is contained by landmarks"}],"all":[],"none":[],"impact":null,"html":"<a href=\"/candidate/jobadvert/B0306-25-0023?keyword=Carer&amp;location=London&amp;distance=5&amp;language=en\" data-test=\"search-result-job-title\">\n              Specialist Carer - Band 4 (part-time)\n            </a>","target":["#job-title-5 > a[data-test=\"search-result-job-title\"]"]},{"any":[{"id":"region","data":{"isIframe":false},"relatedNodes":[],"impact":"moderate","message":"All page content is contained by landmarks"}],"all":[],"none":[],"impact":null,"html":"<div class=\"save-job nhsuk-u-margin-right-3\">","target":[".nhsuk-list-panel.search-result.nhsuk-u-padding-3:nth-child(5) > .nhsuk-grid-row:nth-child(1) > .save-job.nhsuk-u-margin-right-3"]},{"any":[{"id":"region","data":{"isIframe":false},"relatedNodes":[],"impact":"moderate","message":"All page content is contained by landmarks"}],"all":[],"none":[],"impact":null,"html":"<a href=\"/candidate/search/save-job/B0306-25-0023\" data-test=\"search-result-save-job\" aria-label=\"Save this job: Specialist Carer - Band 4 (part-time) (Reference number: B0306-25-0023)\">\n              Save this job\n            </a>","target":[".nhsuk-list-panel.search-result.nhsuk-u-padding-3:nth-child(5) > .nhsuk-grid-row:nth-child(1) > .save-job.nhsuk-u-margin-right-3 > a[data-test=\"search-result-save-job\"]"]},{"any":[{"id":"region","data":{"isIframe":false},"relatedNodes":[],"impact":"moderate","message":"All page content is contained by landmarks"}],"all":[],"none":[],"impact":null,"html":"<div class=\"nhsuk-u-margin-bottom-4\" data-test=\"search-result-location\">\n        <h3 class=\"nhsuk-u-font-weight-bold\">\n          Noah’s Ark Children’s Hospice\n          <div class=\"location-font-size\">\n            \n              Barnet EN5 4NP\n            \n          </div>\n        </h3>\n      </div>","target":[".nhsuk-list-panel.search-result.nhsuk-u-padding-3:nth-child(5) > .nhsuk-u-margin-bottom-4[data-test=\"search-result-location\"]"]},{"any":[{"id":"region","data":{"isIframe":false},"relatedNodes":[],"impact":"moderate","message":"All page content is contained by landmarks"}],"all":[],"none":[],"impact":null,"html":"<h3 class=\"nhsuk-u-font-weight-bold\">\n          Noah’s Ark Children’s Hospice\n          <div class=\"location-font-size\">\n            \n              Barnet EN5 4NP\n            \n          </div>\n        </h3>","target":[".nhsuk-list-panel.search-result.nhsuk-u-padding-3:nth-child(5) > .nhsuk-u-margin-bottom-4[data-test=\"search-result-location\"] > h3"]},{"any":[{"id":"region","data":{"isIframe":false},"relatedNodes":[],"impact":"moderate","message":"All page content is contained by landmarks"}],"all":[],"none":[],"impact":null,"html":"<div class=\"location-font-size\">\n            \n              Barnet EN5 4NP\n            \n          </div>","target":[".nhsuk-list-panel.search-result.nhsuk-u-padding-3:nth-child(5) > .nhsuk-u-margin-bottom-4[data-test=\"search-result-location\"] > h3 > .location-font-size"]},{"any":[{"id":"region","data":{"isIframe":false},"relatedNodes":[],"impact":"moderate","message":"All page content is contained by landmarks"}],"all":[],"none":[],"impact":null,"html":"<div class=\"nhsuk-grid-row\">","target":[".nhsuk-list-panel.search-result.nhsuk-u-padding-3:nth-child(5) > .nhsuk-grid-row:nth-child(3)"]},{"any":[{"id":"region","data":{"isIframe":false},"relatedNodes":[],"impact":"moderate","message":"All page content is contained by landmarks"}],"all":[],"none":[],"impact":null,"html":"<div class=\"nhsuk-grid-column-one-half\">","target":[".nhsuk-list-panel.search-result.nhsuk-u-padding-3:nth-child(5) > .nhsuk-grid-row:nth-child(3) > .nhsuk-grid-column-one-half:nth-child(1)"]},{"any":[{"id":"region","data":{"isIframe":false},"relatedNodes":[],"impact":"moderate","message":"All page content is contained by landmarks"}],"all":[],"none":[],"impact":null,"html":"<ul class=\"ad-job-info nhsuk-list first-ad-job-info\">","target":[".nhsuk-list-panel.search-result.nhsuk-u-padding-3:nth-child(5) > .nhsuk-grid-row:nth-child(3) > .nhsuk-grid-column-one-half:nth-child(1) > .first-ad-job-info.ad-job-info.nhsuk-list"]},{"any":[{"id":"region","data":{"isIframe":false},"relatedNodes":[],"impact":"moderate","message":"All page content is contained by landmarks"}],"all":[],"none":[],"impact":null,"html":"<li data-test=\"search-result-salary\" class=\"marginBt\">\n                Salary: \n                <strong class=\"nhsuk-u-font-weight-bold\">\n                  £31,557 to £34,181\n                  \n                    a year\n                  \n                </strong>\n              </li>","target":[".nhsuk-list-panel.search-result.nhsuk-u-padding-3:nth-child(5) > .nhsuk-grid-row:nth-child(3) > .nhsuk-grid-column-one-half:nth-child(1) > .first-ad-job-info.ad-job-info.nhsuk-list > .marginBt[data-test=\"search-result-salary\"]"]},{"any":[{"id":"region","data":{"isIframe":false},"relatedNodes":[],"impact":"moderate","message":"All page content is contained by landmarks"}],"all":[],"none":[],"impact":null,"html":"<strong class=\"nhsuk-u-font-weight-bold\">\n                  £31,557 to £34,181\n                  \n                    a year\n                  \n                </strong>","target":[".nhsuk-list-panel.search-result.nhsuk-u-padding-3:nth-child(5) > .nhsuk-grid-row:nth-child(3) > .nhsuk-grid-column-one-half:nth-child(1) > .first-ad-job-info.ad-job-info.nhsuk-list > .marginBt[data-test=\"search-result-salary\"] > strong"]},{"any":[{"id":"region","data":{"isIframe":false},"relatedNodes":[],"impact":"moderate","message":"All page content is contained by landmarks"}],"all":[],"none":[],"impact":null,"html":"<li data-test=\"search-result-publicationDate\">\n                Date posted: \n                <strong class=\"nhsuk-u-font-weight-bold\">\n                  13 June 2025\n                </strong>\n              </li>","target":[".nhsuk-list-panel.search-result.nhsuk-u-padding-3:nth-child(5) > .nhsuk-grid-row:nth-child(3) > .nhsuk-grid-column-one-half:nth-child(1) > .first-ad-job-info.ad-job-info.nhsuk-list > li[data-test=\"search-result-publicationDate\"]"]},{"any":[{"id":"region","data":{"isIframe":false},"relatedNodes":[],"impact":"moderate","message":"All page content is contained by landmarks"}],"all":[],"none":[],"impact":null,"html":"<strong class=\"nhsuk-u-font-weight-bold\">\n                  13 June 2025\n                </strong>","target":[".nhsuk-list-panel.search-result.nhsuk-u-padding-3:nth-child(5) > .nhsuk-grid-row:nth-child(3) > .nhsuk-grid-column-one-half:nth-child(1) > .first-ad-job-info.ad-job-info.nhsuk-list > li[data-test=\"search-result-publicationDate\"] > strong"]},{"any":[{"id":"region","data":{"isIframe":false},"relatedNodes":[],"impact":"moderate","message":"All page content is contained by landmarks"}],"all":[],"none":[],"impact":null,"html":"<li data-test=\"search-result-closingDate\">\n                Closing date: \n                <strong class=\"nhsuk-u-font-weight-bold\">\n                  30 June 2025\n                </strong>\n              </li>","target":[".nhsuk-list-panel.search-result.nhsuk-u-padding-3:nth-child(5) > .nhsuk-grid-row:nth-child(3) > .nhsuk-grid-column-one-half:nth-child(1) > .first-ad-job-info.ad-job-info.nhsuk-list > li[data-test=\"search-result-closingDate\"]"]},{"any":[{"id":"region","data":{"isIframe":false},"relatedNodes":[],"impact":"moderate","message":"All page content is contained by landmarks"}],"all":[],"none":[],"impact":null,"html":"<strong class=\"nhsuk-u-font-weight-bold\">\n                  30 June 2025\n                </strong>","target":[".nhsuk-list-panel.search-result.nhsuk-u-padding-3:nth-child(5) > .nhsuk-grid-row:nth-child(3) > .nhsuk-grid-column-one-half:nth-child(1) > .first-ad-job-info.ad-job-info.nhsuk-list > li[data-test=\"search-result-closingDate\"] > strong"]},{"any":[{"id":"region","data":{"isIframe":false},"relatedNodes":[],"impact":"moderate","message":"All page content is contained by landmarks"}],"all":[],"none":[],"impact":null,"html":"<div class=\"nhsuk-grid-column-one-half\">","target":[".nhsuk-list-panel.search-result.nhsuk-u-padding-3:nth-child(5) > .nhsuk-grid-row:nth-child(3) > .nhsuk-grid-column-one-half:nth-child(2)"]},{"any":[{"id":"region","data":{"isIframe":false},"relatedNodes":[],"impact":"moderate","message":"All page content is contained by landmarks"}],"all":[],"none":[],"impact":null,"html":"<ul class=\"ad-job-info nhsuk-list\">","target":[".nhsuk-list-panel.search-result.nhsuk-u-padding-3:nth-child(5) > .nhsuk-grid-row:nth-child(3) > .nhsuk-grid-column-one-half:nth-child(2) > .ad-job-info.nhsuk-list"]},{"any":[{"id":"region","data":{"isIframe":false},"relatedNodes":[],"impact":"moderate","message":"All page content is contained by landmarks"}],"all":[],"none":[],"impact":null,"html":"<li data-test=\"search-result-jobType\" class=\"marginBt\">\n              Contract type: \n              <strong class=\"nhsuk-u-font-weight-bold\">\n                Permanent\n              </strong>\n            </li>","target":[".nhsuk-list-panel.search-result.nhsuk-u-padding-3:nth-child(5) > .nhsuk-grid-row:nth-child(3) > .nhsuk-grid-column-one-half:nth-child(2) > .ad-job-info.nhsuk-list > .marginBt[data-test=\"search-result-jobType\"]"]},{"any":[{"id":"region","data":{"isIframe":false},"relatedNodes":[],"impact":"moderate","message":"All page content is contained by landmarks"}],"all":[],"none":[],"impact":null,"html":"<strong class=\"nhsuk-u-font-weight-bold\">\n                Permanent\n              </strong>","target":[".nhsuk-list-panel.search-result.nhsuk-u-padding-3:nth-child(5) > .nhsuk-grid-row:nth-child(3) > .nhsuk-grid-column-one-half:nth-child(2) > .ad-job-info.nhsuk-list > .marginBt[data-test=\"search-result-jobType\"] > strong"]},{"any":[{"id":"region","data":{"isIframe":false},"relatedNodes":[],"impact":"moderate","message":"All page content is contained by landmarks"}],"all":[],"none":[],"impact":null,"html":"<li data-test=\"search-result-workingPattern\" class=\"marginBt\">\n              Working pattern: \n              <strong class=\"nhsuk-u-font-weight-bold\">\n                Part time\n              </strong>\n            </li>","target":[".nhsuk-list-panel.search-result.nhsuk-u-padding-3:nth-child(5) > .nhsuk-grid-row:nth-child(3) > .nhsuk-grid-column-one-half:nth-child(2) > .ad-job-info.nhsuk-list > .marginBt[data-test=\"search-result-workingPattern\"]"]},{"any":[{"id":"region","data":{"isIframe":false},"relatedNodes":[],"impact":"moderate","message":"All page content is contained by landmarks"}],"all":[],"none":[],"impact":null,"html":"<strong class=\"nhsuk-u-font-weight-bold\">\n                Part time\n              </strong>","target":[".nhsuk-list-panel.search-result.nhsuk-u-padding-3:nth-child(5) > .nhsuk-grid-row:nth-child(3) > .nhsuk-grid-column-one-half:nth-child(2) > .ad-job-info.nhsuk-list > .marginBt[data-test=\"search-result-workingPattern\"] > strong"]},{"any":[{"id":"region","data":{"isIframe":false},"relatedNodes":[],"impact":"moderate","message":"All page content is contained by landmarks"}],"all":[],"none":[],"impact":null,"html":"<li class=\"nhsuk-list-panel search-result nhsuk-u-padding-3\" data-test=\"search-result\">","target":[".nhsuk-list-panel.search-result.nhsuk-u-padding-3:nth-child(6)"]},{"any":[{"id":"region","data":{"isIframe":false},"relatedNodes":[],"impact":"moderate","message":"All page content is contained by landmarks"}],"all":[],"none":[],"impact":null,"html":"<div class=\"nhsuk-grid-row\">","target":[".nhsuk-list-panel.search-result.nhsuk-u-padding-3:nth-child(6) > .nhsuk-grid-row:nth-child(1)"]},{"any":[{"id":"region","data":{"isIframe":false},"relatedNodes":[],"impact":"moderate","message":"All page content is contained by landmarks"}],"all":[],"none":[],"impact":null,"html":"<div class=\"nhsuk-grid-column-two-thirds\">","target":[".nhsuk-list-panel.search-result.nhsuk-u-padding-3:nth-child(6) > .nhsuk-grid-row:nth-child(1) > .nhsuk-grid-column-two-thirds"]},{"any":[{"id":"region","data":{"isIframe":false},"relatedNodes":[],"impact":"moderate","message":"All page content is contained by landmarks"}],"all":[],"none":[],"impact":null,"html":"<h2 class=\"nhsuk-heading-m nhsuk-u-margin-bottom-2\" id=\"job-title-6\">","target":["#job-title-6"]},{"any":[{"id":"region","data":{"isIframe":false},"relatedNodes":[],"impact":"moderate","message":"All page content is contained by landmarks"}],"all":[],"none":[],"impact":null,"html":"<a href=\"/candidate/jobadvert/B0306-25-0022?keyword=Carer&amp;location=London&amp;distance=5&amp;language=en\" data-test=\"search-result-job-title\">\n              Specialist Carer - Band 3 (Part-time)\n            </a>","target":["#job-title-6 > a[data-test=\"search-result-job-title\"]"]},{"any":[{"id":"region","data":{"isIframe":false},"relatedNodes":[],"impact":"moderate","message":"All page content is contained by landmarks"}],"all":[],"none":[],"impact":null,"html":"<div class=\"save-job nhsuk-u-margin-right-3\">","target":[".nhsuk-list-panel.search-result.nhsuk-u-padding-3:nth-child(6) > .nhsuk-grid-row:nth-child(1) > .save-job.nhsuk-u-margin-right-3"]},{"any":[{"id":"region","data":{"isIframe":false},"relatedNodes":[],"impact":"moderate","message":"All page content is contained by landmarks"}],"all":[],"none":[],"impact":null,"html":"<a href=\"/candidate/search/save-job/B0306-25-0022\" data-test=\"search-result-save-job\" aria-label=\"Save this job: Specialist Carer - Band 3 (Part-time) (Reference number: B0306-25-0022)\">\n              Save this job\n            </a>","target":[".nhsuk-list-panel.search-result.nhsuk-u-padding-3:nth-child(6) > .nhsuk-grid-row:nth-child(1) > .save-job.nhsuk-u-margin-right-3 > a[data-test=\"search-result-save-job\"]"]},{"any":[{"id":"region","data":{"isIframe":false},"relatedNodes":[],"impact":"moderate","message":"All page content is contained by landmarks"}],"all":[],"none":[],"impact":null,"html":"<div class=\"nhsuk-u-margin-bottom-4\" data-test=\"search-result-location\">\n        <h3 class=\"nhsuk-u-font-weight-bold\">\n          Noah’s Ark Children’s Hospice\n          <div class=\"location-font-size\">\n            \n              Barnet EN5 4NP\n            \n          </div>\n        </h3>\n      </div>","target":[".nhsuk-list-panel.search-result.nhsuk-u-padding-3:nth-child(6) > .nhsuk-u-margin-bottom-4[data-test=\"search-result-location\"]"]},{"any":[{"id":"region","data":{"isIframe":false},"relatedNodes":[],"impact":"moderate","message":"All page content is contained by landmarks"}],"all":[],"none":[],"impact":null,"html":"<h3 class=\"nhsuk-u-font-weight-bold\">\n          Noah’s Ark Children’s Hospice\n          <div class=\"location-font-size\">\n            \n              Barnet EN5 4NP\n            \n          </div>\n        </h3>","target":[".nhsuk-list-panel.search-result.nhsuk-u-padding-3:nth-child(6) > .nhsuk-u-margin-bottom-4[data-test=\"search-result-location\"] > h3"]},{"any":[{"id":"region","data":{"isIframe":false},"relatedNodes":[],"impact":"moderate","message":"All page content is contained by landmarks"}],"all":[],"none":[],"impact":null,"html":"<div class=\"location-font-size\">\n            \n              Barnet EN5 4NP\n            \n          </div>","target":[".nhsuk-list-panel.search-result.nhsuk-u-padding-3:nth-child(6) > .nhsuk-u-margin-bottom-4[data-test=\"search-result-location\"] > h3 > .location-font-size"]},{"any":[{"id":"region","data":{"isIframe":false},"relatedNodes":[],"impact":"moderate","message":"All page content is contained by landmarks"}],"all":[],"none":[],"impact":null,"html":"<div class=\"nhsuk-grid-row\">","target":[".nhsuk-list-panel.search-result.nhsuk-u-padding-3:nth-child(6) > .nhsuk-grid-row:nth-child(3)"]},{"any":[{"id":"region","data":{"isIframe":false},"relatedNodes":[],"impact":"moderate","message":"All page content is contained by landmarks"}],"all":[],"none":[],"impact":null,"html":"<div class=\"nhsuk-grid-column-one-half\">","target":[".nhsuk-list-panel.search-result.nhsuk-u-padding-3:nth-child(6) > .nhsuk-grid-row:nth-child(3) > .nhsuk-grid-column-one-half:nth-child(1)"]},{"any":[{"id":"region","data":{"isIframe":false},"relatedNodes":[],"impact":"moderate","message":"All page content is contained by landmarks"}],"all":[],"none":[],"impact":null,"html":"<ul class=\"ad-job-info nhsuk-list first-ad-job-info\">","target":[".nhsuk-list-panel.search-result.nhsuk-u-padding-3:nth-child(6) > .nhsuk-grid-row:nth-child(3) > .nhsuk-grid-column-one-half:nth-child(1) > .first-ad-job-info.ad-job-info.nhsuk-list"]},{"any":[{"id":"region","data":{"isIframe":false},"relatedNodes":[],"impact":"moderate","message":"All page content is contained by landmarks"}],"all":[],"none":[],"impact":null,"html":"<li data-test=\"search-result-salary\" class=\"marginBt\">\n                Salary: \n                <strong class=\"nhsuk-u-font-weight-bold\">\n                  £29,060 to £30,689\n                  \n                    a year\n                  \n                </strong>\n              </li>","target":[".nhsuk-list-panel.search-result.nhsuk-u-padding-3:nth-child(6) > .nhsuk-grid-row:nth-child(3) > .nhsuk-grid-column-one-half:nth-child(1) > .first-ad-job-info.ad-job-info.nhsuk-list > .marginBt[data-test=\"search-result-salary\"]"]},{"any":[{"id":"region","data":{"isIframe":false},"relatedNodes":[],"impact":"moderate","message":"All page content is contained by landmarks"}],"all":[],"none":[],"impact":null,"html":"<strong class=\"nhsuk-u-font-weight-bold\">\n                  £29,060 to £30,689\n                  \n                    a year\n                  \n                </strong>","target":[".nhsuk-list-panel.search-result.nhsuk-u-padding-3:nth-child(6) > .nhsuk-grid-row:nth-child(3) > .nhsuk-grid-column-one-half:nth-child(1) > .first-ad-job-info.ad-job-info.nhsuk-list > .marginBt[data-test=\"search-result-salary\"] > strong"]},{"any":[{"id":"region","data":{"isIframe":false},"relatedNodes":[],"impact":"moderate","message":"All page content is contained by landmarks"}],"all":[],"none":[],"impact":null,"html":"<li data-test=\"search-result-publicationDate\">\n                Date posted: \n                <strong class=\"nhsuk-u-font-weight-bold\">\n                  13 June 2025\n                </strong>\n              </li>","target":[".nhsuk-list-panel.search-result.nhsuk-u-padding-3:nth-child(6) > .nhsuk-grid-row:nth-child(3) > .nhsuk-grid-column-one-half:nth-child(1) > .first-ad-job-info.ad-job-info.nhsuk-list > li[data-test=\"search-result-publicationDate\"]"]},{"any":[{"id":"region","data":{"isIframe":false},"relatedNodes":[],"impact":"moderate","message":"All page content is contained by landmarks"}],"all":[],"none":[],"impact":null,"html":"<strong class=\"nhsuk-u-font-weight-bold\">\n                  13 June 2025\n                </strong>","target":[".nhsuk-list-panel.search-result.nhsuk-u-padding-3:nth-child(6) > .nhsuk-grid-row:nth-child(3) > .nhsuk-grid-column-one-half:nth-child(1) > .first-ad-job-info.ad-job-info.nhsuk-list > li[data-test=\"search-result-publicationDate\"] > strong"]},{"any":[{"id":"region","data":{"isIframe":false},"relatedNodes":[],"impact":"moderate","message":"All page content is contained by landmarks"}],"all":[],"none":[],"impact":null,"html":"<li data-test=\"search-result-closingDate\">\n                Closing date: \n                <strong class=\"nhsuk-u-font-weight-bold\">\n                  30 June 2025\n                </strong>\n              </li>","target":[".nhsuk-list-panel.search-result.nhsuk-u-padding-3:nth-child(6) > .nhsuk-grid-row:nth-child(3) > .nhsuk-grid-column-one-half:nth-child(1) > .first-ad-job-info.ad-job-info.nhsuk-list > li[data-test=\"search-result-closingDate\"]"]},{"any":[{"id":"region","data":{"isIframe":false},"relatedNodes":[],"impact":"moderate","message":"All page content is contained by landmarks"}],"all":[],"none":[],"impact":null,"html":"<strong class=\"nhsuk-u-font-weight-bold\">\n                  30 June 2025\n                </strong>","target":[".nhsuk-list-panel.search-result.nhsuk-u-padding-3:nth-child(6) > .nhsuk-grid-row:nth-child(3) > .nhsuk-grid-column-one-half:nth-child(1) > .first-ad-job-info.ad-job-info.nhsuk-list > li[data-test=\"search-result-closingDate\"] > strong"]},{"any":[{"id":"region","data":{"isIframe":false},"relatedNodes":[],"impact":"moderate","message":"All page content is contained by landmarks"}],"all":[],"none":[],"impact":null,"html":"<div class=\"nhsuk-grid-column-one-half\">","target":[".nhsuk-list-panel.search-result.nhsuk-u-padding-3:nth-child(6) > .nhsuk-grid-row:nth-child(3) > .nhsuk-grid-column-one-half:nth-child(2)"]},{"any":[{"id":"region","data":{"isIframe":false},"relatedNodes":[],"impact":"moderate","message":"All page content is contained by landmarks"}],"all":[],"none":[],"impact":null,"html":"<ul class=\"ad-job-info nhsuk-list\">","target":[".nhsuk-list-panel.search-result.nhsuk-u-padding-3:nth-child(6) > .nhsuk-grid-row:nth-child(3) > .nhsuk-grid-column-one-half:nth-child(2) > .ad-job-info.nhsuk-list"]},{"any":[{"id":"region","data":{"isIframe":false},"relatedNodes":[],"impact":"moderate","message":"All page content is contained by landmarks"}],"all":[],"none":[],"impact":null,"html":"<li data-test=\"search-result-jobType\" class=\"marginBt\">\n              Contract type: \n              <strong class=\"nhsuk-u-font-weight-bold\">\n                Permanent\n              </strong>\n            </li>","target":[".nhsuk-list-panel.search-result.nhsuk-u-padding-3:nth-child(6) > .nhsuk-grid-row:nth-child(3) > .nhsuk-grid-column-one-half:nth-child(2) > .ad-job-info.nhsuk-list > .marginBt[data-test=\"search-result-jobType\"]"]},{"any":[{"id":"region","data":{"isIframe":false},"relatedNodes":[],"impact":"moderate","message":"All page content is contained by landmarks"}],"all":[],"none":[],"impact":null,"html":"<strong class=\"nhsuk-u-font-weight-bold\">\n                Permanent\n              </strong>","target":[".nhsuk-list-panel.search-result.nhsuk-u-padding-3:nth-child(6) > .nhsuk-grid-row:nth-child(3) > .nhsuk-grid-column-one-half:nth-child(2) > .ad-job-info.nhsuk-list > .marginBt[data-test=\"search-result-jobType\"] > strong"]},{"any":[{"id":"region","data":{"isIframe":false},"relatedNodes":[],"impact":"moderate","message":"All page content is contained by landmarks"}],"all":[],"none":[],"impact":null,"html":"<li data-test=\"search-result-workingPattern\" class=\"marginBt\">\n              Working pattern: \n              <strong class=\"nhsuk-u-font-weight-bold\">\n                Part time\n              </strong>\n            </li>","target":[".nhsuk-list-panel.search-result.nhsuk-u-padding-3:nth-child(6) > .nhsuk-grid-row:nth-child(3) > .nhsuk-grid-column-one-half:nth-child(2) > .ad-job-info.nhsuk-list > .marginBt[data-test=\"search-result-workingPattern\"]"]},{"any":[{"id":"region","data":{"isIframe":false},"relatedNodes":[],"impact":"moderate","message":"All page content is contained by landmarks"}],"all":[],"none":[],"impact":null,"html":"<strong class=\"nhsuk-u-font-weight-bold\">\n                Part time\n              </strong>","target":[".nhsuk-list-panel.search-result.nhsuk-u-padding-3:nth-child(6) > .nhsuk-grid-row:nth-child(3) > .nhsuk-grid-column-one-half:nth-child(2) > .ad-job-info.nhsuk-list > .marginBt[data-test=\"search-result-workingPattern\"] > strong"]},{"any":[{"id":"region","data":{"isIframe":false},"relatedNodes":[],"impact":"moderate","message":"All page content is contained by landmarks"}],"all":[],"none":[],"impact":null,"html":"<li class=\"nhsuk-list-panel search-result nhsuk-u-padding-3\" data-test=\"search-result\">","target":[".nhsuk-list-panel.search-result.nhsuk-u-padding-3:nth-child(7)"]},{"any":[{"id":"region","data":{"isIframe":false},"relatedNodes":[],"impact":"moderate","message":"All page content is contained by landmarks"}],"all":[],"none":[],"impact":null,"html":"<div class=\"nhsuk-grid-row\">","target":[".nhsuk-list-panel.search-result.nhsuk-u-padding-3:nth-child(7) > .nhsuk-grid-row:nth-child(1)"]},{"any":[{"id":"region","data":{"isIframe":false},"relatedNodes":[],"impact":"moderate","message":"All page content is contained by landmarks"}],"all":[],"none":[],"impact":null,"html":"<div class=\"nhsuk-grid-column-two-thirds\">","target":[".nhsuk-list-panel.search-result.nhsuk-u-padding-3:nth-child(7) > .nhsuk-grid-row:nth-child(1) > .nhsuk-grid-column-two-thirds"]},{"any":[{"id":"region","data":{"isIframe":false},"relatedNodes":[],"impact":"moderate","message":"All page content is contained by landmarks"}],"all":[],"none":[],"impact":null,"html":"<h2 class=\"nhsuk-heading-m nhsuk-u-margin-bottom-2\" id=\"job-title-7\">","target":["#job-title-7"]},{"any":[{"id":"region","data":{"isIframe":false},"relatedNodes":[],"impact":"moderate","message":"All page content is contained by landmarks"}],"all":[],"none":[],"impact":null,"html":"<a href=\"/candidate/jobadvert/E0279-25-1036?keyword=Carer&amp;location=London&amp;distance=5&amp;language=en\" data-test=\"search-result-job-title\">\n              Senior Children's Community Carer - NE Surrey\n            </a>","target":["#job-title-7 > a[data-test=\"search-result-job-title\"]"]},{"any":[{"id":"region","data":{"isIframe":false},"relatedNodes":[],"impact":"moderate","message":"All page content is contained by landmarks"}],"all":[],"none":[],"impact":null,"html":"<div class=\"save-job nhsuk-u-margin-right-3\">","target":[".nhsuk-list-panel.search-result.nhsuk-u-padding-3:nth-child(7) > .nhsuk-grid-row:nth-child(1) > .save-job.nhsuk-u-margin-right-3"]},{"any":[{"id":"region","data":{"isIframe":false},"relatedNodes":[],"impact":"moderate","message":"All page content is contained by landmarks"}],"all":[],"none":[],"impact":null,"html":"<a href=\"/candidate/search/save-job/E0279-25-1036\" data-test=\"search-result-save-job\" aria-label=\"Save this job: Senior Children's Community Carer - NE Surrey (Reference number: E0279-25-1036)\">\n              Save this job\n            </a>","target":[".nhsuk-list-panel.search-result.nhsuk-u-padding-3:nth-child(7) > .nhsuk-grid-row:nth-child(1) > .save-job.nhsuk-u-margin-right-3 > a[data-test=\"search-result-save-job\"]"]},{"any":[{"id":"region","data":{"isIframe":false},"relatedNodes":[],"impact":"moderate","message":"All page content is contained by landmarks"}],"all":[],"none":[],"impact":null,"html":"<div class=\"nhsuk-u-margin-bottom-4\" data-test=\"search-result-location\">\n        <h3 class=\"nhsuk-u-font-weight-bold\">\n          HCRG Care Group\n          <div class=\"location-font-size\">\n            \n              Chertsey KT16 8LA\n            \n          </div>\n        </h3>\n      </div>","target":[".nhsuk-list-panel.search-result.nhsuk-u-padding-3:nth-child(7) > .nhsuk-u-margin-bottom-4[data-test=\"search-result-location\"]"]},{"any":[{"id":"region","data":{"isIframe":false},"relatedNodes":[],"impact":"moderate","message":"All page content is contained by landmarks"}],"all":[],"none":[],"impact":null,"html":"<h3 class=\"nhsuk-u-font-weight-bold\">\n          HCRG Care Group\n          <div class=\"location-font-size\">\n            \n              Chertsey KT16 8LA\n            \n          </div>\n        </h3>","target":[".nhsuk-list-panel.search-result.nhsuk-u-padding-3:nth-child(7) > .nhsuk-u-margin-bottom-4[data-test=\"search-result-location\"] > h3"]},{"any":[{"id":"region","data":{"isIframe":false},"relatedNodes":[],"impact":"moderate","message":"All page content is contained by landmarks"}],"all":[],"none":[],"impact":null,"html":"<div class=\"location-font-size\">\n            \n              Chertsey KT16 8LA\n            \n          </div>","target":[".nhsuk-list-panel.search-result.nhsuk-u-padding-3:nth-child(7) > .nhsuk-u-margin-bottom-4[data-test=\"search-result-location\"] > h3 > .location-font-size"]},{"any":[{"id":"region","data":{"isIframe":false},"relatedNodes":[],"impact":"moderate","message":"All page content is contained by landmarks"}],"all":[],"none":[],"impact":null,"html":"<div class=\"nhsuk-grid-row\">","target":[".nhsuk-list-panel.search-result.nhsuk-u-padding-3:nth-child(7) > .nhsuk-grid-row:nth-child(3)"]},{"any":[{"id":"region","data":{"isIframe":false},"relatedNodes":[],"impact":"moderate","message":"All page content is contained by landmarks"}],"all":[],"none":[],"impact":null,"html":"<div class=\"nhsuk-grid-column-one-half\">","target":[".nhsuk-list-panel.search-result.nhsuk-u-padding-3:nth-child(7) > .nhsuk-grid-row:nth-child(3) > .nhsuk-grid-column-one-half:nth-child(1)"]},{"any":[{"id":"region","data":{"isIframe":false},"relatedNodes":[],"impact":"moderate","message":"All page content is contained by landmarks"}],"all":[],"none":[],"impact":null,"html":"<ul class=\"ad-job-info nhsuk-list first-ad-job-info\">","target":[".nhsuk-list-panel.search-result.nhsuk-u-padding-3:nth-child(7) > .nhsuk-grid-row:nth-child(3) > .nhsuk-grid-column-one-half:nth-child(1) > .first-ad-job-info.ad-job-info.nhsuk-list"]},{"any":[{"id":"region","data":{"isIframe":false},"relatedNodes":[],"impact":"moderate","message":"All page content is contained by landmarks"}],"all":[],"none":[],"impact":null,"html":"<li data-test=\"search-result-salary\" class=\"marginBt\">\n                Salary: \n                <strong class=\"nhsuk-u-font-weight-bold\">\n                  £26,712 to £29,494.50\n                  \n                    a year\n                  \n                </strong>\n              </li>","target":[".nhsuk-list-panel.search-result.nhsuk-u-padding-3:nth-child(7) > .nhsuk-grid-row:nth-child(3) > .nhsuk-grid-column-one-half:nth-child(1) > .first-ad-job-info.ad-job-info.nhsuk-list > .marginBt[data-test=\"search-result-salary\"]"]},{"any":[{"id":"region","data":{"isIframe":false},"relatedNodes":[],"impact":"moderate","message":"All page content is contained by landmarks"}],"all":[],"none":[],"impact":null,"html":"<strong class=\"nhsuk-u-font-weight-bold\">\n                  £26,712 to £29,494.50\n                  \n                    a year\n                  \n                </strong>","target":[".nhsuk-list-panel.search-result.nhsuk-u-padding-3:nth-child(7) > .nhsuk-grid-row:nth-child(3) > .nhsuk-grid-column-one-half:nth-child(1) > .first-ad-job-info.ad-job-info.nhsuk-list > .marginBt[data-test=\"search-result-salary\"] > strong"]},{"any":[{"id":"region","data":{"isIframe":false},"relatedNodes":[],"impact":"moderate","message":"All page content is contained by landmarks"}],"all":[],"none":[],"impact":null,"html":"<li data-test=\"search-result-publicationDate\">\n                Date posted: \n                <strong class=\"nhsuk-u-font-weight-bold\">\n                  9 June 2025\n                </strong>\n              </li>","target":[".nhsuk-list-panel.search-result.nhsuk-u-padding-3:nth-child(7) > .nhsuk-grid-row:nth-child(3) > .nhsuk-grid-column-one-half:nth-child(1) > .first-ad-job-info.ad-job-info.nhsuk-list > li[data-test=\"search-result-publicationDate\"]"]},{"any":[{"id":"region","data":{"isIframe":false},"relatedNodes":[],"impact":"moderate","message":"All page content is contained by landmarks"}],"all":[],"none":[],"impact":null,"html":"<strong class=\"nhsuk-u-font-weight-bold\">\n                  9 June 2025\n                </strong>","target":[".nhsuk-list-panel.search-result.nhsuk-u-padding-3:nth-child(7) > .nhsuk-grid-row:nth-child(3) > .nhsuk-grid-column-one-half:nth-child(1) > .first-ad-job-info.ad-job-info.nhsuk-list > li[data-test=\"search-result-publicationDate\"] > strong"]},{"any":[{"id":"region","data":{"isIframe":false},"relatedNodes":[],"impact":"moderate","message":"All page content is contained by landmarks"}],"all":[],"none":[],"impact":null,"html":"<li data-test=\"search-result-closingDate\">\n                Closing date: \n                <strong class=\"nhsuk-u-font-weight-bold\">\n                  29 June 2025\n                </strong>\n              </li>","target":[".nhsuk-list-panel.search-result.nhsuk-u-padding-3:nth-child(7) > .nhsuk-grid-row:nth-child(3) > .nhsuk-grid-column-one-half:nth-child(1) > .first-ad-job-info.ad-job-info.nhsuk-list > li[data-test=\"search-result-closingDate\"]"]},{"any":[{"id":"region","data":{"isIframe":false},"relatedNodes":[],"impact":"moderate","message":"All page content is contained by landmarks"}],"all":[],"none":[],"impact":null,"html":"<strong class=\"nhsuk-u-font-weight-bold\">\n                  29 June 2025\n                </strong>","target":[".nhsuk-list-panel.search-result.nhsuk-u-padding-3:nth-child(7) > .nhsuk-grid-row:nth-child(3) > .nhsuk-grid-column-one-half:nth-child(1) > .first-ad-job-info.ad-job-info.nhsuk-list > li[data-test=\"search-result-closingDate\"] > strong"]},{"any":[{"id":"region","data":{"isIframe":false},"relatedNodes":[],"impact":"moderate","message":"All page content is contained by landmarks"}],"all":[],"none":[],"impact":null,"html":"<div class=\"nhsuk-grid-column-one-half\">","target":[".nhsuk-list-panel.search-result.nhsuk-u-padding-3:nth-child(7) > .nhsuk-grid-row:nth-child(3) > .nhsuk-grid-column-one-half:nth-child(2)"]},{"any":[{"id":"region","data":{"isIframe":false},"relatedNodes":[],"impact":"moderate","message":"All page content is contained by landmarks"}],"all":[],"none":[],"impact":null,"html":"<ul class=\"ad-job-info nhsuk-list\">","target":[".nhsuk-list-panel.search-result.nhsuk-u-padding-3:nth-child(7) > .nhsuk-grid-row:nth-child(3) > .nhsuk-grid-column-one-half:nth-child(2) > .ad-job-info.nhsuk-list"]},{"any":[{"id":"region","data":{"isIframe":false},"relatedNodes":[],"impact":"moderate","message":"All page content is contained by landmarks"}],"all":[],"none":[],"impact":null,"html":"<li data-test=\"search-result-jobType\" class=\"marginBt\">\n              Contract type: \n              <strong class=\"nhsuk-u-font-weight-bold\">\n                Permanent\n              </strong>\n            </li>","target":[".nhsuk-list-panel.search-result.nhsuk-u-padding-3:nth-child(7) > .nhsuk-grid-row:nth-child(3) > .nhsuk-grid-column-one-half:nth-child(2) > .ad-job-info.nhsuk-list > .marginBt[data-test=\"search-result-jobType\"]"]},{"any":[{"id":"region","data":{"isIframe":false},"relatedNodes":[],"impact":"moderate","message":"All page content is contained by landmarks"}],"all":[],"none":[],"impact":null,"html":"<strong class=\"nhsuk-u-font-weight-bold\">\n                Permanent\n              </strong>","target":[".nhsuk-list-panel.search-result.nhsuk-u-padding-3:nth-child(7) > .nhsuk-grid-row:nth-child(3) > .nhsuk-grid-column-one-half:nth-child(2) > .ad-job-info.nhsuk-list > .marginBt[data-test=\"search-result-jobType\"] > strong"]},{"any":[{"id":"region","data":{"isIframe":false},"relatedNodes":[],"impact":"moderate","message":"All page content is contained by landmarks"}],"all":[],"none":[],"impact":null,"html":"<li data-test=\"search-result-workingPattern\" class=\"marginBt\">\n              Working pattern: \n              <strong class=\"nhsuk-u-font-weight-bold\">\n                Full time\n              </strong>\n            </li>","target":[".nhsuk-list-panel.search-result.nhsuk-u-padding-3:nth-child(7) > .nhsuk-grid-row:nth-child(3) > .nhsuk-grid-column-one-half:nth-child(2) > .ad-job-info.nhsuk-list > .marginBt[data-test=\"search-result-workingPattern\"]"]},{"any":[{"id":"region","data":{"isIframe":false},"relatedNodes":[],"impact":"moderate","message":"All page content is contained by landmarks"}],"all":[],"none":[],"impact":null,"html":"<strong class=\"nhsuk-u-font-weight-bold\">\n                Full time\n              </strong>","target":[".nhsuk-list-panel.search-result.nhsuk-u-padding-3:nth-child(7) > .nhsuk-grid-row:nth-child(3) > .nhsuk-grid-column-one-half:nth-child(2) > .ad-job-info.nhsuk-list > .marginBt[data-test=\"search-result-workingPattern\"] > strong"]},{"any":[{"id":"region","data":{"isIframe":false},"relatedNodes":[],"impact":"moderate","message":"All page content is contained by landmarks"}],"all":[],"none":[],"impact":null,"html":"<li class=\"nhsuk-list-panel search-result nhsuk-u-padding-3\" data-test=\"search-result\">","target":[".nhsuk-list-panel.search-result.nhsuk-u-padding-3:nth-child(8)"]},{"any":[{"id":"region","data":{"isIframe":false},"relatedNodes":[],"impact":"moderate","message":"All page content is contained by landmarks"}],"all":[],"none":[],"impact":null,"html":"<div class=\"nhsuk-grid-row\">","target":[".nhsuk-list-panel.search-result.nhsuk-u-padding-3:nth-child(8) > .nhsuk-grid-row:nth-child(1)"]},{"any":[{"id":"region","data":{"isIframe":false},"relatedNodes":[],"impact":"moderate","message":"All page content is contained by landmarks"}],"all":[],"none":[],"impact":null,"html":"<div class=\"nhsuk-grid-column-two-thirds\">","target":[".nhsuk-list-panel.search-result.nhsuk-u-padding-3:nth-child(8) > .nhsuk-grid-row:nth-child(1) > .nhsuk-grid-column-two-thirds"]},{"any":[{"id":"region","data":{"isIframe":false},"relatedNodes":[],"impact":"moderate","message":"All page content is contained by landmarks"}],"all":[],"none":[],"impact":null,"html":"<h2 class=\"nhsuk-heading-m nhsuk-u-margin-bottom-2\" id=\"job-title-8\">","target":["#job-title-8"]},{"any":[{"id":"region","data":{"isIframe":false},"relatedNodes":[],"impact":"moderate","message":"All page content is contained by landmarks"}],"all":[],"none":[],"impact":null,"html":"<a href=\"/candidate/jobadvert/E0279-25-1030?keyword=Carer&amp;location=London&amp;distance=5&amp;language=en\" data-test=\"search-result-job-title\">\n              Children\\'s Community Carer - NE Surrey\n            </a>","target":["#job-title-8 > a[data-test=\"search-result-job-title\"]"]},{"any":[{"id":"region","data":{"isIframe":false},"relatedNodes":[],"impact":"moderate","message":"All page content is contained by landmarks"}],"all":[],"none":[],"impact":null,"html":"<div class=\"save-job nhsuk-u-margin-right-3\">","target":[".nhsuk-list-panel.search-result.nhsuk-u-padding-3:nth-child(8) > .nhsuk-grid-row:nth-child(1) > .save-job.nhsuk-u-margin-right-3"]},{"any":[{"id":"region","data":{"isIframe":false},"relatedNodes":[],"impact":"moderate","message":"All page content is contained by landmarks"}],"all":[],"none":[],"impact":null,"html":"<a href=\"/candidate/search/save-job/E0279-25-1030\" data-test=\"search-result-save-job\" aria-label=\"Save this job: Children\\'s Community Carer - NE Surrey (Reference number: E0279-25-1030)\">\n              Save this job\n            </a>","target":[".nhsuk-list-panel.search-result.nhsuk-u-padding-3:nth-child(8) > .nhsuk-grid-row:nth-child(1) > .save-job.nhsuk-u-margin-right-3 > a[data-test=\"search-result-save-job\"]"]},{"any":[{"id":"region","data":{"isIframe":false},"relatedNodes":[],"impact":"moderate","message":"All page content is contained by landmarks"}],"all":[],"none":[],"impact":null,"html":"<div class=\"nhsuk-u-margin-bottom-4\" data-test=\"search-result-location\">\n        <h3 class=\"nhsuk-u-font-weight-bold\">\n          HCRG Care Group\n          <div class=\"location-font-size\">\n            \n              Chertsey KT16 8LA\n            \n          </div>\n        </h3>\n      </div>","target":[".nhsuk-list-panel.search-result.nhsuk-u-padding-3:nth-child(8) > .nhsuk-u-margin-bottom-4[data-test=\"search-result-location\"]"]},{"any":[{"id":"region","data":{"isIframe":false},"relatedNodes":[],"impact":"moderate","message":"All page content is contained by landmarks"}],"all":[],"none":[],"impact":null,"html":"<h3 class=\"nhsuk-u-font-weight-bold\">\n          HCRG Care Group\n          <div class=\"location-font-size\">\n            \n              Chertsey KT16 8LA\n            \n          </div>\n        </h3>","target":[".nhsuk-list-panel.search-result.nhsuk-u-padding-3:nth-child(8) > .nhsuk-u-margin-bottom-4[data-test=\"search-result-location\"] > h3"]},{"any":[{"id":"region","data":{"isIframe":false},"relatedNodes":[],"impact":"moderate","message":"All page content is contained by landmarks"}],"all":[],"none":[],"impact":null,"html":"<div class=\"location-font-size\">\n            \n              Chertsey KT16 8LA\n            \n          </div>","target":[".nhsuk-list-panel.search-result.nhsuk-u-padding-3:nth-child(8) > .nhsuk-u-margin-bottom-4[data-test=\"search-result-location\"] > h3 > .location-font-size"]},{"any":[{"id":"region","data":{"isIframe":false},"relatedNodes":[],"impact":"moderate","message":"All page content is contained by landmarks"}],"all":[],"none":[],"impact":null,"html":"<div class=\"nhsuk-grid-row\">","target":[".nhsuk-list-panel.search-result.nhsuk-u-padding-3:nth-child(8) > .nhsuk-grid-row:nth-child(3)"]},{"any":[{"id":"region","data":{"isIframe":false},"relatedNodes":[],"impact":"moderate","message":"All page content is contained by landmarks"}],"all":[],"none":[],"impact":null,"html":"<div class=\"nhsuk-grid-column-one-half\">","target":[".nhsuk-list-panel.search-result.nhsuk-u-padding-3:nth-child(8) > .nhsuk-grid-row:nth-child(3) > .nhsuk-grid-column-one-half:nth-child(1)"]},{"any":[{"id":"region","data":{"isIframe":false},"relatedNodes":[],"impact":"moderate","message":"All page content is contained by landmarks"}],"all":[],"none":[],"impact":null,"html":"<ul class=\"ad-job-info nhsuk-list first-ad-job-info\">","target":[".nhsuk-list-panel.search-result.nhsuk-u-padding-3:nth-child(8) > .nhsuk-grid-row:nth-child(3) > .nhsuk-grid-column-one-half:nth-child(1) > .first-ad-job-info.ad-job-info.nhsuk-list"]},{"any":[{"id":"region","data":{"isIframe":false},"relatedNodes":[],"impact":"moderate","message":"All page content is contained by landmarks"}],"all":[],"none":[],"impact":null,"html":"<li data-test=\"search-result-salary\" class=\"marginBt\">\n                Salary: \n                <strong class=\"nhsuk-u-font-weight-bold\">\n                  £24,486 to £26,155.50\n                  \n                    a year\n                  \n                </strong>\n              </li>","target":[".nhsuk-list-panel.search-result.nhsuk-u-padding-3:nth-child(8) > .nhsuk-grid-row:nth-child(3) > .nhsuk-grid-column-one-half:nth-child(1) > .first-ad-job-info.ad-job-info.nhsuk-list > .marginBt[data-test=\"search-result-salary\"]"]},{"any":[{"id":"region","data":{"isIframe":false},"relatedNodes":[],"impact":"moderate","message":"All page content is contained by landmarks"}],"all":[],"none":[],"impact":null,"html":"<strong class=\"nhsuk-u-font-weight-bold\">\n                  £24,486 to £26,155.50\n                  \n                    a year\n                  \n                </strong>","target":[".nhsuk-list-panel.search-result.nhsuk-u-padding-3:nth-child(8) > .nhsuk-grid-row:nth-child(3) > .nhsuk-grid-column-one-half:nth-child(1) > .first-ad-job-info.ad-job-info.nhsuk-list > .marginBt[data-test=\"search-result-salary\"] > strong"]},{"any":[{"id":"region","data":{"isIframe":false},"relatedNodes":[],"impact":"moderate","message":"All page content is contained by landmarks"}],"all":[],"none":[],"impact":null,"html":"<li data-test=\"search-result-publicationDate\">\n                Date posted: \n                <strong class=\"nhsuk-u-font-weight-bold\">\n                  9 June 2025\n                </strong>\n              </li>","target":[".nhsuk-list-panel.search-result.nhsuk-u-padding-3:nth-child(8) > .nhsuk-grid-row:nth-child(3) > .nhsuk-grid-column-one-half:nth-child(1) > .first-ad-job-info.ad-job-info.nhsuk-list > li[data-test=\"search-result-publicationDate\"]"]},{"any":[{"id":"region","data":{"isIframe":false},"relatedNodes":[],"impact":"moderate","message":"All page content is contained by landmarks"}],"all":[],"none":[],"impact":null,"html":"<strong class=\"nhsuk-u-font-weight-bold\">\n                  9 June 2025\n                </strong>","target":[".nhsuk-list-panel.search-result.nhsuk-u-padding-3:nth-child(8) > .nhsuk-grid-row:nth-child(3) > .nhsuk-grid-column-one-half:nth-child(1) > .first-ad-job-info.ad-job-info.nhsuk-list > li[data-test=\"search-result-publicationDate\"] > strong"]},{"any":[{"id":"region","data":{"isIframe":false},"relatedNodes":[],"impact":"moderate","message":"All page content is contained by landmarks"}],"all":[],"none":[],"impact":null,"html":"<li data-test=\"search-result-closingDate\">\n                Closing date: \n                <strong class=\"nhsuk-u-font-weight-bold\">\n                  29 June 2025\n                </strong>\n              </li>","target":[".nhsuk-list-panel.search-result.nhsuk-u-padding-3:nth-child(8) > .nhsuk-grid-row:nth-child(3) > .nhsuk-grid-column-one-half:nth-child(1) > .first-ad-job-info.ad-job-info.nhsuk-list > li[data-test=\"search-result-closingDate\"]"]},{"any":[{"id":"region","data":{"isIframe":false},"relatedNodes":[],"impact":"moderate","message":"All page content is contained by landmarks"}],"all":[],"none":[],"impact":null,"html":"<strong class=\"nhsuk-u-font-weight-bold\">\n                  29 June 2025\n                </strong>","target":[".nhsuk-list-panel.search-result.nhsuk-u-padding-3:nth-child(8) > .nhsuk-grid-row:nth-child(3) > .nhsuk-grid-column-one-half:nth-child(1) > .first-ad-job-info.ad-job-info.nhsuk-list > li[data-test=\"search-result-closingDate\"] > strong"]},{"any":[{"id":"region","data":{"isIframe":false},"relatedNodes":[],"impact":"moderate","message":"All page content is contained by landmarks"}],"all":[],"none":[],"impact":null,"html":"<div class=\"nhsuk-grid-column-one-half\">","target":[".nhsuk-list-panel.search-result.nhsuk-u-padding-3:nth-child(8) > .nhsuk-grid-row:nth-child(3) > .nhsuk-grid-column-one-half:nth-child(2)"]},{"any":[{"id":"region","data":{"isIframe":false},"relatedNodes":[],"impact":"moderate","message":"All page content is contained by landmarks"}],"all":[],"none":[],"impact":null,"html":"<ul class=\"ad-job-info nhsuk-list\">","target":[".nhsuk-list-panel.search-result.nhsuk-u-padding-3:nth-child(8) > .nhsuk-grid-row:nth-child(3) > .nhsuk-grid-column-one-half:nth-child(2) > .ad-job-info.nhsuk-list"]},{"any":[{"id":"region","data":{"isIframe":false},"relatedNodes":[],"impact":"moderate","message":"All page content is contained by landmarks"}],"all":[],"none":[],"impact":null,"html":"<li data-test=\"search-result-jobType\" class=\"marginBt\">\n              Contract type: \n              <strong class=\"nhsuk-u-font-weight-bold\">\n                Permanent\n              </strong>\n            </li>","target":[".nhsuk-list-panel.search-result.nhsuk-u-padding-3:nth-child(8) > .nhsuk-grid-row:nth-child(3) > .nhsuk-grid-column-one-half:nth-child(2) > .ad-job-info.nhsuk-list > .marginBt[data-test=\"search-result-jobType\"]"]},{"any":[{"id":"region","data":{"isIframe":false},"relatedNodes":[],"impact":"moderate","message":"All page content is contained by landmarks"}],"all":[],"none":[],"impact":null,"html":"<strong class=\"nhsuk-u-font-weight-bold\">\n                Permanent\n              </strong>","target":[".nhsuk-list-panel.search-result.nhsuk-u-padding-3:nth-child(8) > .nhsuk-grid-row:nth-child(3) > .nhsuk-grid-column-one-half:nth-child(2) > .ad-job-info.nhsuk-list > .marginBt[data-test=\"search-result-jobType\"] > strong"]},{"any":[{"id":"region","data":{"isIframe":false},"relatedNodes":[],"impact":"moderate","message":"All page content is contained by landmarks"}],"all":[],"none":[],"impact":null,"html":"<li data-test=\"search-result-workingPattern\" class=\"marginBt\">\n              Working pattern: \n              <strong class=\"nhsuk-u-font-weight-bold\">\n                Full time\n              </strong>\n            </li>","target":[".nhsuk-list-panel.search-result.nhsuk-u-padding-3:nth-child(8) > .nhsuk-grid-row:nth-child(3) > .nhsuk-grid-column-one-half:nth-child(2) > .ad-job-info.nhsuk-list > .marginBt[data-test=\"search-result-workingPattern\"]"]},{"any":[{"id":"region","data":{"isIframe":false},"relatedNodes":[],"impact":"moderate","message":"All page content is contained by landmarks"}],"all":[],"none":[],"impact":null,"html":"<strong class=\"nhsuk-u-font-weight-bold\">\n                Full time\n              </strong>","target":[".nhsuk-list-panel.search-result.nhsuk-u-padding-3:nth-child(8) > .nhsuk-grid-row:nth-child(3) > .nhsuk-grid-column-one-half:nth-child(2) > .ad-job-info.nhsuk-list > .marginBt[data-test=\"search-result-workingPattern\"] > strong"]},{"any":[{"id":"region","data":{"isIframe":false},"relatedNodes":[],"impact":"moderate","message":"All page content is contained by landmarks"}],"all":[],"none":[],"impact":null,"html":"<li class=\"nhsuk-list-panel search-result nhsuk-u-padding-3\" data-test=\"search-result\">","target":[".nhsuk-list-panel.search-result.nhsuk-u-padding-3:nth-child(9)"]},{"any":[{"id":"region","data":{"isIframe":false},"relatedNodes":[],"impact":"moderate","message":"All page content is contained by landmarks"}],"all":[],"none":[],"impact":null,"html":"<div class=\"nhsuk-grid-row\">","target":[".nhsuk-list-panel.search-result.nhsuk-u-padding-3:nth-child(9) > .nhsuk-grid-row:nth-child(1)"]},{"any":[{"id":"region","data":{"isIframe":false},"relatedNodes":[],"impact":"moderate","message":"All page content is contained by landmarks"}],"all":[],"none":[],"impact":null,"html":"<div class=\"nhsuk-grid-column-two-thirds\">","target":[".nhsuk-list-panel.search-result.nhsuk-u-padding-3:nth-child(9) > .nhsuk-grid-row:nth-child(1) > .nhsuk-grid-column-two-thirds"]},{"any":[{"id":"region","data":{"isIframe":false},"relatedNodes":[],"impact":"moderate","message":"All page content is contained by landmarks"}],"all":[],"none":[],"impact":null,"html":"<h2 class=\"nhsuk-heading-m nhsuk-u-margin-bottom-2\" id=\"job-title-9\">","target":["#job-title-9"]},{"any":[{"id":"region","data":{"isIframe":false},"relatedNodes":[],"impact":"moderate","message":"All page content is contained by landmarks"}],"all":[],"none":[],"impact":null,"html":"<a href=\"/candidate/jobadvert/E0279-25-1031?keyword=Carer&amp;location=London&amp;distance=5&amp;language=en\" data-test=\"search-result-job-title\">\n              Bank Children's Community Carer - NE Surrey\n            </a>","target":["#job-title-9 > a[data-test=\"search-result-job-title\"]"]},{"any":[{"id":"region","data":{"isIframe":false},"relatedNodes":[],"impact":"moderate","message":"All page content is contained by landmarks"}],"all":[],"none":[],"impact":null,"html":"<div class=\"save-job nhsuk-u-margin-right-3\">","target":[".nhsuk-list-panel.search-result.nhsuk-u-padding-3:nth-child(9) > .nhsuk-grid-row:nth-child(1) > .save-job.nhsuk-u-margin-right-3"]},{"any":[{"id":"region","data":{"isIframe":false},"relatedNodes":[],"impact":"moderate","message":"All page content is contained by landmarks"}],"all":[],"none":[],"impact":null,"html":"<a href=\"/candidate/search/save-job/E0279-25-1031\" data-test=\"search-result-save-job\" aria-label=\"Save this job: Bank Children's Community Carer - NE Surrey (Reference number: E0279-25-1031)\">\n              Save this job\n            </a>","target":[".nhsuk-list-panel.search-result.nhsuk-u-padding-3:nth-child(9) > .nhsuk-grid-row:nth-child(1) > .save-job.nhsuk-u-margin-right-3 > a[data-test=\"search-result-save-job\"]"]},{"any":[{"id":"region","data":{"isIframe":false},"relatedNodes":[],"impact":"moderate","message":"All page content is contained by landmarks"}],"all":[],"none":[],"impact":null,"html":"<div class=\"nhsuk-u-margin-bottom-4\" data-test=\"search-result-location\">\n        <h3 class=\"nhsuk-u-font-weight-bold\">\n          HCRG Care Group\n          <div class=\"location-font-size\">\n            \n              Chertsey KT16 8LA\n            \n          </div>\n        </h3>\n      </div>","target":[".nhsuk-list-panel.search-result.nhsuk-u-padding-3:nth-child(9) > .nhsuk-u-margin-bottom-4[data-test=\"search-result-location\"]"]},{"any":[{"id":"region","data":{"isIframe":false},"relatedNodes":[],"impact":"moderate","message":"All page content is contained by landmarks"}],"all":[],"none":[],"impact":null,"html":"<h3 class=\"nhsuk-u-font-weight-bold\">\n          HCRG Care Group\n          <div class=\"location-font-size\">\n            \n              Chertsey KT16 8LA\n            \n          </div>\n        </h3>","target":[".nhsuk-list-panel.search-result.nhsuk-u-padding-3:nth-child(9) > .nhsuk-u-margin-bottom-4[data-test=\"search-result-location\"] > h3"]},{"any":[{"id":"region","data":{"isIframe":false},"relatedNodes":[],"impact":"moderate","message":"All page content is contained by landmarks"}],"all":[],"none":[],"impact":null,"html":"<div class=\"location-font-size\">\n            \n              Chertsey KT16 8LA\n            \n          </div>","target":[".nhsuk-list-panel.search-result.nhsuk-u-padding-3:nth-child(9) > .nhsuk-u-margin-bottom-4[data-test=\"search-result-location\"] > h3 > .location-font-size"]},{"any":[{"id":"region","data":{"isIframe":false},"relatedNodes":[],"impact":"moderate","message":"All page content is contained by landmarks"}],"all":[],"none":[],"impact":null,"html":"<div class=\"nhsuk-grid-row\">","target":[".nhsuk-list-panel.search-result.nhsuk-u-padding-3:nth-child(9) > .nhsuk-grid-row:nth-child(3)"]},{"any":[{"id":"region","data":{"isIframe":false},"relatedNodes":[],"impact":"moderate","message":"All page content is contained by landmarks"}],"all":[],"none":[],"impact":null,"html":"<div class=\"nhsuk-grid-column-one-half\">","target":[".nhsuk-list-panel.search-result.nhsuk-u-padding-3:nth-child(9) > .nhsuk-grid-row:nth-child(3) > .nhsuk-grid-column-one-half:nth-child(1)"]},{"any":[{"id":"region","data":{"isIframe":false},"relatedNodes":[],"impact":"moderate","message":"All page content is contained by landmarks"}],"all":[],"none":[],"impact":null,"html":"<ul class=\"ad-job-info nhsuk-list first-ad-job-info\">","target":[".nhsuk-list-panel.search-result.nhsuk-u-padding-3:nth-child(9) > .nhsuk-grid-row:nth-child(3) > .nhsuk-grid-column-one-half:nth-child(1) > .first-ad-job-info.ad-job-info.nhsuk-list"]},{"any":[{"id":"region","data":{"isIframe":false},"relatedNodes":[],"impact":"moderate","message":"All page content is contained by landmarks"}],"all":[],"none":[],"impact":null,"html":"<li data-test=\"search-result-salary\" class=\"marginBt\">\n                Salary: \n                <strong class=\"nhsuk-u-font-weight-bold\">\n                  £13.17 to £13.17\n                  \n                    an hour\n                  \n                </strong>\n              </li>","target":[".nhsuk-list-panel.search-result.nhsuk-u-padding-3:nth-child(9) > .nhsuk-grid-row:nth-child(3) > .nhsuk-grid-column-one-half:nth-child(1) > .first-ad-job-info.ad-job-info.nhsuk-list > .marginBt[data-test=\"search-result-salary\"]"]},{"any":[{"id":"region","data":{"isIframe":false},"relatedNodes":[],"impact":"moderate","message":"All page content is contained by landmarks"}],"all":[],"none":[],"impact":null,"html":"<strong class=\"nhsuk-u-font-weight-bold\">\n                  £13.17 to £13.17\n                  \n                    an hour\n                  \n                </strong>","target":[".nhsuk-list-panel.search-result.nhsuk-u-padding-3:nth-child(9) > .nhsuk-grid-row:nth-child(3) > .nhsuk-grid-column-one-half:nth-child(1) > .first-ad-job-info.ad-job-info.nhsuk-list > .marginBt[data-test=\"search-result-salary\"] > strong"]},{"any":[{"id":"region","data":{"isIframe":false},"relatedNodes":[],"impact":"moderate","message":"All page content is contained by landmarks"}],"all":[],"none":[],"impact":null,"html":"<li data-test=\"search-result-publicationDate\">\n                Date posted: \n                <strong class=\"nhsuk-u-font-weight-bold\">\n                  9 June 2025\n                </strong>\n              </li>","target":[".nhsuk-list-panel.search-result.nhsuk-u-padding-3:nth-child(9) > .nhsuk-grid-row:nth-child(3) > .nhsuk-grid-column-one-half:nth-child(1) > .first-ad-job-info.ad-job-info.nhsuk-list > li[data-test=\"search-result-publicationDate\"]"]},{"any":[{"id":"region","data":{"isIframe":false},"relatedNodes":[],"impact":"moderate","message":"All page content is contained by landmarks"}],"all":[],"none":[],"impact":null,"html":"<strong class=\"nhsuk-u-font-weight-bold\">\n                  9 June 2025\n                </strong>","target":[".nhsuk-list-panel.search-result.nhsuk-u-padding-3:nth-child(9) > .nhsuk-grid-row:nth-child(3) > .nhsuk-grid-column-one-half:nth-child(1) > .first-ad-job-info.ad-job-info.nhsuk-list > li[data-test=\"search-result-publicationDate\"] > strong"]},{"any":[{"id":"region","data":{"isIframe":false},"relatedNodes":[],"impact":"moderate","message":"All page content is contained by landmarks"}],"all":[],"none":[],"impact":null,"html":"<li data-test=\"search-result-closingDate\">\n                Closing date: \n                <strong class=\"nhsuk-u-font-weight-bold\">\n                  29 June 2025\n                </strong>\n              </li>","target":[".nhsuk-list-panel.search-result.nhsuk-u-padding-3:nth-child(9) > .nhsuk-grid-row:nth-child(3) > .nhsuk-grid-column-one-half:nth-child(1) > .first-ad-job-info.ad-job-info.nhsuk-list > li[data-test=\"search-result-closingDate\"]"]},{"any":[{"id":"region","data":{"isIframe":false},"relatedNodes":[],"impact":"moderate","message":"All page content is contained by landmarks"}],"all":[],"none":[],"impact":null,"html":"<strong class=\"nhsuk-u-font-weight-bold\">\n                  29 June 2025\n                </strong>","target":[".nhsuk-list-panel.search-result.nhsuk-u-padding-3:nth-child(9) > .nhsuk-grid-row:nth-child(3) > .nhsuk-grid-column-one-half:nth-child(1) > .first-ad-job-info.ad-job-info.nhsuk-list > li[data-test=\"search-result-closingDate\"] > strong"]},{"any":[{"id":"region","data":{"isIframe":false},"relatedNodes":[],"impact":"moderate","message":"All page content is contained by landmarks"}],"all":[],"none":[],"impact":null,"html":"<div class=\"nhsuk-grid-column-one-half\">","target":[".nhsuk-list-panel.search-result.nhsuk-u-padding-3:nth-child(9) > .nhsuk-grid-row:nth-child(3) > .nhsuk-grid-column-one-half:nth-child(2)"]},{"any":[{"id":"region","data":{"isIframe":false},"relatedNodes":[],"impact":"moderate","message":"All page content is contained by landmarks"}],"all":[],"none":[],"impact":null,"html":"<ul class=\"ad-job-info nhsuk-list\">","target":[".nhsuk-list-panel.search-result.nhsuk-u-padding-3:nth-child(9) > .nhsuk-grid-row:nth-child(3) > .nhsuk-grid-column-one-half:nth-child(2) > .ad-job-info.nhsuk-list"]},{"any":[{"id":"region","data":{"isIframe":false},"relatedNodes":[],"impact":"moderate","message":"All page content is contained by landmarks"}],"all":[],"none":[],"impact":null,"html":"<li data-test=\"search-result-jobType\" class=\"marginBt\">\n              Contract type: \n              <strong class=\"nhsuk-u-font-weight-bold\">\n                Bank\n              </strong>\n            </li>","target":[".nhsuk-list-panel.search-result.nhsuk-u-padding-3:nth-child(9) > .nhsuk-grid-row:nth-child(3) > .nhsuk-grid-column-one-half:nth-child(2) > .ad-job-info.nhsuk-list > .marginBt[data-test=\"search-result-jobType\"]"]},{"any":[{"id":"region","data":{"isIframe":false},"relatedNodes":[],"impact":"moderate","message":"All page content is contained by landmarks"}],"all":[],"none":[],"impact":null,"html":"<strong class=\"nhsuk-u-font-weight-bold\">\n                Bank\n              </strong>","target":[".nhsuk-list-panel.search-result.nhsuk-u-padding-3:nth-child(9) > .nhsuk-grid-row:nth-child(3) > .nhsuk-grid-column-one-half:nth-child(2) > .ad-job-info.nhsuk-list > .marginBt[data-test=\"search-result-jobType\"] > strong"]},{"any":[{"id":"region","data":{"isIframe":false},"relatedNodes":[],"impact":"moderate","message":"All page content is contained by landmarks"}],"all":[],"none":[],"impact":null,"html":"<li data-test=\"search-result-workingPattern\" class=\"marginBt\">\n              Working pattern: \n              <strong class=\"nhsuk-u-font-weight-bold\">\n                Part time\n              </strong>\n            </li>","target":[".nhsuk-list-panel.search-result.nhsuk-u-padding-3:nth-child(9) > .nhsuk-grid-row:nth-child(3) > .nhsuk-grid-column-one-half:nth-child(2) > .ad-job-info.nhsuk-list > .marginBt[data-test=\"search-result-workingPattern\"]"]},{"any":[{"id":"region","data":{"isIframe":false},"relatedNodes":[],"impact":"moderate","message":"All page content is contained by landmarks"}],"all":[],"none":[],"impact":null,"html":"<strong class=\"nhsuk-u-font-weight-bold\">\n                Part time\n              </strong>","target":[".nhsuk-list-panel.search-result.nhsuk-u-padding-3:nth-child(9) > .nhsuk-grid-row:nth-child(3) > .nhsuk-grid-column-one-half:nth-child(2) > .ad-job-info.nhsuk-list > .marginBt[data-test=\"search-result-workingPattern\"] > strong"]},{"any":[{"id":"region","data":{"isIframe":false},"relatedNodes":[],"impact":"moderate","message":"All page content is contained by landmarks"}],"all":[],"none":[],"impact":null,"html":"<li class=\"nhsuk-list-panel search-result nhsuk-u-padding-3\" data-test=\"search-result\">","target":[".nhsuk-list-panel.search-result.nhsuk-u-padding-3:nth-child(10)"]},{"any":[{"id":"region","data":{"isIframe":false},"relatedNodes":[],"impact":"moderate","message":"All page content is contained by landmarks"}],"all":[],"none":[],"impact":null,"html":"<div class=\"nhsuk-grid-row\">","target":[".nhsuk-list-panel.search-result.nhsuk-u-padding-3:nth-child(10) > .nhsuk-grid-row:nth-child(1)"]},{"any":[{"id":"region","data":{"isIframe":false},"relatedNodes":[],"impact":"moderate","message":"All page content is contained by landmarks"}],"all":[],"none":[],"impact":null,"html":"<div class=\"nhsuk-grid-column-two-thirds\">","target":[".nhsuk-list-panel.search-result.nhsuk-u-padding-3:nth-child(10) > .nhsuk-grid-row:nth-child(1) > .nhsuk-grid-column-two-thirds"]},{"any":[{"id":"region","data":{"isIframe":false},"relatedNodes":[],"impact":"moderate","message":"All page content is contained by landmarks"}],"all":[],"none":[],"impact":null,"html":"<h2 class=\"nhsuk-heading-m nhsuk-u-margin-bottom-2\" id=\"job-title-10\">","target":["#job-title-10"]},{"any":[{"id":"region","data":{"isIframe":false},"relatedNodes":[],"impact":"moderate","message":"All page content is contained by landmarks"}],"all":[],"none":[],"impact":null,"html":"<a href=\"/candidate/jobadvert/E0279-25-1040?keyword=Carer&amp;location=London&amp;distance=5&amp;language=en\" data-test=\"search-result-job-title\">\n              Bank Senior Children's Community Carer - NE Surrey\n            </a>","target":["#job-title-10 > a[data-test=\"search-result-job-title\"]"]},{"any":[{"id":"region","data":{"isIframe":false},"relatedNodes":[],"impact":"moderate","message":"All page content is contained by landmarks"}],"all":[],"none":[],"impact":null,"html":"<div class=\"save-job nhsuk-u-margin-right-3\">","target":[".nhsuk-list-panel.search-result.nhsuk-u-padding-3:nth-child(10) > .nhsuk-grid-row:nth-child(1) > .save-job.nhsuk-u-margin-right-3"]},{"any":[{"id":"region","data":{"isIframe":false},"relatedNodes":[],"impact":"moderate","message":"All page content is contained by landmarks"}],"all":[],"none":[],"impact":null,"html":"<a href=\"/candidate/search/save-job/E0279-25-1040\" data-test=\"search-result-save-job\" aria-label=\"Save this job: Bank Senior Children's Community Carer - NE Surrey (Reference number: E0279-25-1040)\">\n              Save this job\n            </a>","target":[".nhsuk-list-panel.search-result.nhsuk-u-padding-3:nth-child(10) > .nhsuk-grid-row:nth-child(1) > .save-job.nhsuk-u-margin-right-3 > a[data-test=\"search-result-save-job\"]"]},{"any":[{"id":"region","data":{"isIframe":false},"relatedNodes":[],"impact":"moderate","message":"All page content is contained by landmarks"}],"all":[],"none":[],"impact":null,"html":"<div class=\"nhsuk-u-margin-bottom-4\" data-test=\"search-result-location\">\n        <h3 class=\"nhsuk-u-font-weight-bold\">\n          HCRG Care Group\n          <div class=\"location-font-size\">\n            \n              Chertsey KT16 8LA\n            \n          </div>\n        </h3>\n      </div>","target":[".nhsuk-list-panel.search-result.nhsuk-u-padding-3:nth-child(10) > .nhsuk-u-margin-bottom-4[data-test=\"search-result-location\"]"]},{"any":[{"id":"region","data":{"isIframe":false},"relatedNodes":[],"impact":"moderate","message":"All page content is contained by landmarks"}],"all":[],"none":[],"impact":null,"html":"<h3 class=\"nhsuk-u-font-weight-bold\">\n          HCRG Care Group\n          <div class=\"location-font-size\">\n            \n              Chertsey KT16 8LA\n            \n          </div>\n        </h3>","target":[".nhsuk-list-panel.search-result.nhsuk-u-padding-3:nth-child(10) > .nhsuk-u-margin-bottom-4[data-test=\"search-result-location\"] > h3"]},{"any":[{"id":"region","data":{"isIframe":false},"relatedNodes":[],"impact":"moderate","message":"All page content is contained by landmarks"}],"all":[],"none":[],"impact":null,"html":"<div class=\"location-font-size\">\n            \n              Chertsey KT16 8LA\n            \n          </div>","target":[".nhsuk-list-panel.search-result.nhsuk-u-padding-3:nth-child(10) > .nhsuk-u-margin-bottom-4[data-test=\"search-result-location\"] > h3 > .location-font-size"]},{"any":[{"id":"region","data":{"isIframe":false},"relatedNodes":[],"impact":"moderate","message":"All page content is contained by landmarks"}],"all":[],"none":[],"impact":null,"html":"<div class=\"nhsuk-grid-row\">","target":[".nhsuk-list-panel.search-result.nhsuk-u-padding-3:nth-child(10) > .nhsuk-grid-row:nth-child(3)"]},{"any":[{"id":"region","data":{"isIframe":false},"relatedNodes":[],"impact":"moderate","message":"All page content is contained by landmarks"}],"all":[],"none":[],"impact":null,"html":"<div class=\"nhsuk-grid-column-one-half\">","target":[".nhsuk-list-panel.search-result.nhsuk-u-padding-3:nth-child(10) > .nhsuk-grid-row:nth-child(3) > .nhsuk-grid-column-one-half:nth-child(1)"]},{"any":[{"id":"region","data":{"isIframe":false},"relatedNodes":[],"impact":"moderate","message":"All page content is contained by landmarks"}],"all":[],"none":[],"impact":null,"html":"<ul class=\"ad-job-info nhsuk-list first-ad-job-info\">","target":[".nhsuk-list-panel.search-result.nhsuk-u-padding-3:nth-child(10) > .nhsuk-grid-row:nth-child(3) > .nhsuk-grid-column-one-half:nth-child(1) > .first-ad-job-info.ad-job-info.nhsuk-list"]},{"any":[{"id":"region","data":{"isIframe":false},"relatedNodes":[],"impact":"moderate","message":"All page content is contained by landmarks"}],"all":[],"none":[],"impact":null,"html":"<li data-test=\"search-result-salary\" class=\"marginBt\">\n                Salary: \n                <strong class=\"nhsuk-u-font-weight-bold\">\n                  £14.93 to £14.93\n                  \n                    an hour\n                  \n                </strong>\n              </li>","target":[".nhsuk-list-panel.search-result.nhsuk-u-padding-3:nth-child(10) > .nhsuk-grid-row:nth-child(3) > .nhsuk-grid-column-one-half:nth-child(1) > .first-ad-job-info.ad-job-info.nhsuk-list > .marginBt[data-test=\"search-result-salary\"]"]},{"any":[{"id":"region","data":{"isIframe":false},"relatedNodes":[],"impact":"moderate","message":"All page content is contained by landmarks"}],"all":[],"none":[],"impact":null,"html":"<strong class=\"nhsuk-u-font-weight-bold\">\n                  £14.93 to £14.93\n                  \n                    an hour\n                  \n                </strong>","target":[".nhsuk-list-panel.search-result.nhsuk-u-padding-3:nth-child(10) > .nhsuk-grid-row:nth-child(3) > .nhsuk-grid-column-one-half:nth-child(1) > .first-ad-job-info.ad-job-info.nhsuk-list > .marginBt[data-test=\"search-result-salary\"] > strong"]},{"any":[{"id":"region","data":{"isIframe":false},"relatedNodes":[],"impact":"moderate","message":"All page content is contained by landmarks"}],"all":[],"none":[],"impact":null,"html":"<li data-test=\"search-result-publicationDate\">\n                Date posted: \n                <strong class=\"nhsuk-u-font-weight-bold\">\n                  9 June 2025\n                </strong>\n              </li>","target":[".nhsuk-list-panel.search-result.nhsuk-u-padding-3:nth-child(10) > .nhsuk-grid-row:nth-child(3) > .nhsuk-grid-column-one-half:nth-child(1) > .first-ad-job-info.ad-job-info.nhsuk-list > li[data-test=\"search-result-publicationDate\"]"]},{"any":[{"id":"region","data":{"isIframe":false},"relatedNodes":[],"impact":"moderate","message":"All page content is contained by landmarks"}],"all":[],"none":[],"impact":null,"html":"<strong class=\"nhsuk-u-font-weight-bold\">\n                  9 June 2025\n                </strong>","target":[".nhsuk-list-panel.search-result.nhsuk-u-padding-3:nth-child(10) > .nhsuk-grid-row:nth-child(3) > .nhsuk-grid-column-one-half:nth-child(1) > .first-ad-job-info.ad-job-info.nhsuk-list > li[data-test=\"search-result-publicationDate\"] > strong"]},{"any":[{"id":"region","data":{"isIframe":false},"relatedNodes":[],"impact":"moderate","message":"All page content is contained by landmarks"}],"all":[],"none":[],"impact":null,"html":"<li data-test=\"search-result-closingDate\">\n                Closing date: \n                <strong class=\"nhsuk-u-font-weight-bold\">\n                  29 June 2025\n                </strong>\n              </li>","target":[".nhsuk-list-panel.search-result.nhsuk-u-padding-3:nth-child(10) > .nhsuk-grid-row:nth-child(3) > .nhsuk-grid-column-one-half:nth-child(1) > .first-ad-job-info.ad-job-info.nhsuk-list > li[data-test=\"search-result-closingDate\"]"]},{"any":[{"id":"region","data":{"isIframe":false},"relatedNodes":[],"impact":"moderate","message":"All page content is contained by landmarks"}],"all":[],"none":[],"impact":null,"html":"<strong class=\"nhsuk-u-font-weight-bold\">\n                  29 June 2025\n                </strong>","target":[".nhsuk-list-panel.search-result.nhsuk-u-padding-3:nth-child(10) > .nhsuk-grid-row:nth-child(3) > .nhsuk-grid-column-one-half:nth-child(1) > .first-ad-job-info.ad-job-info.nhsuk-list > li[data-test=\"search-result-closingDate\"] > strong"]},{"any":[{"id":"region","data":{"isIframe":false},"relatedNodes":[],"impact":"moderate","message":"All page content is contained by landmarks"}],"all":[],"none":[],"impact":null,"html":"<div class=\"nhsuk-grid-column-one-half\">","target":[".nhsuk-list-panel.search-result.nhsuk-u-padding-3:nth-child(10) > .nhsuk-grid-row:nth-child(3) > .nhsuk-grid-column-one-half:nth-child(2)"]},{"any":[{"id":"region","data":{"isIframe":false},"relatedNodes":[],"impact":"moderate","message":"All page content is contained by landmarks"}],"all":[],"none":[],"impact":null,"html":"<ul class=\"ad-job-info nhsuk-list\">","target":[".nhsuk-list-panel.search-result.nhsuk-u-padding-3:nth-child(10) > .nhsuk-grid-row:nth-child(3) > .nhsuk-grid-column-one-half:nth-child(2) > .ad-job-info.nhsuk-list"]},{"any":[{"id":"region","data":{"isIframe":false},"relatedNodes":[],"impact":"moderate","message":"All page content is contained by landmarks"}],"all":[],"none":[],"impact":null,"html":"<li data-test=\"search-result-jobType\" class=\"marginBt\">\n              Contract type: \n              <strong class=\"nhsuk-u-font-weight-bold\">\n                Bank\n              </strong>\n            </li>","target":[".nhsuk-list-panel.search-result.nhsuk-u-padding-3:nth-child(10) > .nhsuk-grid-row:nth-child(3) > .nhsuk-grid-column-one-half:nth-child(2) > .ad-job-info.nhsuk-list > .marginBt[data-test=\"search-result-jobType\"]"]},{"any":[{"id":"region","data":{"isIframe":false},"relatedNodes":[],"impact":"moderate","message":"All page content is contained by landmarks"}],"all":[],"none":[],"impact":null,"html":"<strong class=\"nhsuk-u-font-weight-bold\">\n                Bank\n              </strong>","target":[".nhsuk-list-panel.search-result.nhsuk-u-padding-3:nth-child(10) > .nhsuk-grid-row:nth-child(3) > .nhsuk-grid-column-one-half:nth-child(2) > .ad-job-info.nhsuk-list > .marginBt[data-test=\"search-result-jobType\"] > strong"]},{"any":[{"id":"region","data":{"isIframe":false},"relatedNodes":[],"impact":"moderate","message":"All page content is contained by landmarks"}],"all":[],"none":[],"impact":null,"html":"<li data-test=\"search-result-workingPattern\" class=\"marginBt\">\n              Working pattern: \n              <strong class=\"nhsuk-u-font-weight-bold\">\n                Part time\n              </strong>\n            </li>","target":[".nhsuk-list-panel.search-result.nhsuk-u-padding-3:nth-child(10) > .nhsuk-grid-row:nth-child(3) > .nhsuk-grid-column-one-half:nth-child(2) > .ad-job-info.nhsuk-list > .marginBt[data-test=\"search-result-workingPattern\"]"]},{"any":[{"id":"region","data":{"isIframe":false},"relatedNodes":[],"impact":"moderate","message":"All page content is contained by landmarks"}],"all":[],"none":[],"impact":null,"html":"<strong class=\"nhsuk-u-font-weight-bold\">\n                Part time\n              </strong>","target":[".nhsuk-list-panel.search-result.nhsuk-u-padding-3:nth-child(10) > .nhsuk-grid-row:nth-child(3) > .nhsuk-grid-column-one-half:nth-child(2) > .ad-job-info.nhsuk-list > .marginBt[data-test=\"search-result-workingPattern\"] > strong"]},{"any":[{"id":"region","data":{"isIframe":false},"relatedNodes":[],"impact":"moderate","message":"All page content is contained by landmarks"}],"all":[],"none":[],"impact":null,"html":"<nav class=\"nhsuk-pagination\" role=\"navigation\" aria-label=\"Pagination\">","target":[".nhsuk-pagination"]},{"any":[{"id":"region","data":{"isIframe":false},"relatedNodes":[],"impact":"moderate","message":"All page content is contained by landmarks"}],"all":[],"none":[],"impact":null,"html":"<ul class=\"nhsuk-list nhsuk-pagination__list\">","target":[".nhsuk-pagination__list"]},{"any":[{"id":"region","data":{"isIframe":false},"relatedNodes":[],"impact":"moderate","message":"All page content is contained by landmarks"}],"all":[],"none":[],"impact":null,"html":"<li class=\"nhsuk-pagination-item--previous\">\n      \n    </li>","target":[".nhsuk-pagination-item--previous"]},{"any":[{"id":"region","data":{"isIframe":false},"relatedNodes":[],"impact":"moderate","message":"All page content is contained by landmarks"}],"all":[],"none":[],"impact":null,"html":"<li class=\"nhsuk-pagination-item--next\">","target":[".nhsuk-pagination-item--next"]},{"any":[{"id":"region","data":{"isIframe":false},"relatedNodes":[],"impact":"moderate","message":"All page content is contained by landmarks"}],"all":[],"none":[],"impact":null,"html":"<a class=\"nhsuk-pagination__link nhsuk-pagination__link--next\" href=\"/candidate/search/results?keyword=Carer&amp;location=London&amp;language=en&amp;page=2\" data-test=\"search-next-page\">","target":[".nhsuk-pagination__link"]},{"any":[{"id":"region","data":{"isIframe":false},"relatedNodes":[],"impact":"moderate","message":"All page content is contained by landmarks"}],"all":[],"none":[],"impact":null,"html":"<span class=\"nhsuk-pagination__title\">Next</span>","target":[".nhsuk-pagination__title"]},{"any":[{"id":"region","data":{"isIframe":false},"relatedNodes":[],"impact":"moderate","message":"All page content is contained by landmarks"}],"all":[],"none":[],"impact":null,"html":"<span class=\"nhsuk-pagination__page\">Page 2 of 57</span>","target":[".nhsuk-pagination__page"]},{"any":[{"id":"region","data":{"isIframe":false},"relatedNodes":[],"impact":"moderate","message":"All page content is contained by landmarks"}],"all":[],"none":[],"impact":null,"html":"<footer role=\"contentinfo\">","target":["footer"]},{"any":[{"id":"region","data":{"isIframe":false},"relatedNodes":[],"impact":"moderate","message":"All page content is contained by landmarks"}],"all":[],"none":[],"impact":null,"html":"<div class=\"nhsuk-footer\" id=\"nhsuk-footer\">","target":["#nhsuk-footer"]},{"any":[{"id":"region","data":{"isIframe":false},"relatedNodes":[],"impact":"moderate","message":"All page content is contained by landmarks"}],"all":[],"none":[],"impact":null,"html":"<div class=\"nhsuk-width-container\">","target":["#nhsuk-footer > .nhsuk-width-container"]},{"any":[{"id":"region","data":{"isIframe":false},"relatedNodes":[],"impact":"moderate","message":"All page content is contained by landmarks"}],"all":[],"none":[],"impact":null,"html":"<h2 class=\"nhsuk-u-visually-hidden\">Support links</h2>","target":[".nhsuk-width-container > .nhsuk-u-visually-hidden"]},{"any":[{"id":"region","data":{"isIframe":false},"relatedNodes":[],"impact":"moderate","message":"All page content is contained by landmarks"}],"all":[],"none":[],"impact":null,"html":"<ul class=\"nhsuk-footer__list adjust-width\">","target":[".nhsuk-footer__list"]},{"any":[{"id":"region","data":{"isIframe":false},"relatedNodes":[],"impact":"moderate","message":"All page content is contained by landmarks"}],"all":[],"none":[],"impact":null,"html":"<li class=\"nhsuk-footer__list-item\">\n          <a class=\"nhsuk-footer__list-item-link\" target=\"_blank\" id=\"privacy\" href=\"/candidate/privacy-policy\">Privacy policy</a>\n        </li>","target":[".nhsuk-footer__list-item:nth-child(1)"]},{"any":[{"id":"region","data":{"isIframe":false},"relatedNodes":[],"impact":"moderate","message":"All page content is contained by landmarks"}],"all":[],"none":[],"impact":null,"html":"<a class=\"nhsuk-footer__list-item-link\" target=\"_blank\" id=\"privacy\" href=\"/candidate/privacy-policy\">Privacy policy</a>","target":["#privacy"]},{"any":[{"id":"region","data":{"isIframe":false},"relatedNodes":[],"impact":"moderate","message":"All page content is contained by landmarks"}],"all":[],"none":[],"impact":null,"html":"<li class=\"nhsuk-footer__list-item\">\n          <a class=\"nhsuk-footer__list-item-link\" target=\"_blank\" id=\"acceptableUse\" href=\"/candidate/acceptable-use\">Terms and conditions</a>\n        </li>","target":[".nhsuk-footer__list-item:nth-child(2)"]},{"any":[{"id":"region","data":{"isIframe":false},"relatedNodes":[],"impact":"moderate","message":"All page content is contained by landmarks"}],"all":[],"none":[],"impact":null,"html":"<a class=\"nhsuk-footer__list-item-link\" target=\"_blank\" id=\"acceptableUse\" href=\"/candidate/acceptable-use\">Terms and conditions</a>","target":["#acceptableUse"]},{"any":[{"id":"region","data":{"isIframe":false},"relatedNodes":[],"impact":"moderate","message":"All page content is contained by landmarks"}],"all":[],"none":[],"impact":null,"html":"<li class=\"nhsuk-footer__list-item\">\n          <a class=\"nhsuk-footer__list-item-link\" target=\"_blank\" id=\"accessibility\" href=\"https://www.nhsbsa.nhs.uk/our-policies/accessibility/accessibility-statement-nhs-jobs-applicants\">Accessibility Statement</a>\n        </li>","target":[".nhsuk-footer__list-item:nth-child(3)"]},{"any":[{"id":"region","data":{"isIframe":false},"relatedNodes":[],"impact":"moderate","message":"All page content is contained by landmarks"}],"all":[],"none":[],"impact":null,"html":"<a class=\"nhsuk-footer__list-item-link\" target=\"_blank\" id=\"accessibility\" href=\"https://www.nhsbsa.nhs.uk/our-policies/accessibility/accessibility-statement-nhs-jobs-applicants\">Accessibility Statement</a>","target":["#accessibility"]},{"any":[{"id":"region","data":{"isIframe":false},"relatedNodes":[],"impact":"moderate","message":"All page content is contained by landmarks"}],"all":[],"none":[],"impact":null,"html":"<li class=\"nhsuk-footer__list-item\">\n          <a class=\"nhsuk-footer__list-item-link\" target=\"_blank\" id=\"cookies\" href=\"/candidate/cookies\">Cookies</a>\n        </li>","target":[".nhsuk-footer__list-item:nth-child(4)"]},{"any":[{"id":"region","data":{"isIframe":false},"relatedNodes":[],"impact":"moderate","message":"All page content is contained by landmarks"}],"all":[],"none":[],"impact":null,"html":"<a class=\"nhsuk-footer__list-item-link\" target=\"_blank\" id=\"cookies\" href=\"/candidate/cookies\">Cookies</a>","target":["#cookies"]},{"any":[{"id":"region","data":{"isIframe":false},"relatedNodes":[],"impact":"moderate","message":"All page content is contained by landmarks"}],"all":[],"none":[],"impact":null,"html":"<li class=\"nhsuk-footer__list-item\">\n          <a class=\"nhsuk-footer__list-item-link\" target=\"_blank\" id=\"helpText\" href=\"https://www.nhsbsa.nhs.uk/new-nhs-jobs-service/help-and-support-applicants\">How to apply for jobs</a>\n        </li>","target":[".nhsuk-footer__list-item:nth-child(5)"]},{"any":[{"id":"region","data":{"isIframe":false},"relatedNodes":[],"impact":"moderate","message":"All page content is contained by landmarks"}],"all":[],"none":[],"impact":null,"html":"<a class=\"nhsuk-footer__list-item-link\" target=\"_blank\" id=\"helpText\" href=\"https://www.nhsbsa.nhs.uk/new-nhs-jobs-service/help-and-support-applicants\">How to apply for jobs</a>","target":["#helpText"]},{"any":[{"id":"region","data":{"isIframe":false},"relatedNodes":[],"impact":"moderate","message":"All page content is contained by landmarks"}],"all":[],"none":[],"impact":null,"html":"<p class=\"nhsuk-footer__copyright\">© Crown copyright</p>","target":[".nhsuk-footer__copyright"]}]},{"id":"scrollable-region-focusable","impact":null,"tags":["cat.keyboard","wcag2a","wcag211","TTv5","TT4.a"],"description":"Ensure elements that have scrollable content are accessible by keyboard","help":"Scrollable region must have keyboard access","helpUrl":"https://dequeuniversity.com/rules/axe/4.7/scrollable-region-focusable?application=axeAPI","nodes":[{"any":[{"id":"focusable-content","data":null,"relatedNodes":[],"impact":"serious","message":"Element contains focusable elements"}],"all":[],"none":[],"impact":null,"html":"<html lang=\"en\" style=\"\">","target":["html"]}]},{"id":"select-name","impact":null,"tags":["cat.forms","wcag2a","wcag412","section508","section508.22.n","ACT","TTv5","TT5.c"],"description":"Ensures select element has an accessible name","help":"Select element must have an accessible name","helpUrl":"https://dequeuniversity.com/rules/axe/4.7/select-name?application=axeAPI","nodes":[{"any":[{"id":"explicit-label","data":{"explicitLabel":"Sort by"},"relatedNodes":[{"html":"<label class=\"nhsuk-label nhsuk-inline-label\" for=\"sort\">Sort by</label>","target":[".nhsuk-inline-label"]}],"impact":"critical","message":"Form element has an explicit <label>"}],"all":[],"none":[{"id":"hidden-explicit-label","data":null,"relatedNodes":[],"impact":"critical","message":"Form element has a visible explicit <label>"}],"impact":null,"html":"<select class=\"nhsuk-select nhsuk-inline-select\" id=\"sort\" name=\"sort\" data-test=\"sort-input\" value=\"\" onchange=\"sortform.submit()\">","target":["#sort"]}]},{"id":"skip-link","impact":null,"tags":["cat.keyboard","best-practice"],"description":"Ensure all skip links have a focusable target","help":"The skip-link target should exist and be focusable","helpUrl":"https://dequeuniversity.com/rules/axe/4.7/skip-link?application=axeAPI","nodes":[{"any":[{"id":"skip-link","data":null,"relatedNodes":[],"impact":"moderate","message":"Skip link target exists"}],"all":[],"none":[],"impact":null,"html":"<a class=\"nhsuk-skip-link\" href=\"#search-results-heading\" aria-label=\"562 jobs found for Carer in London. Sorted by: Best Match . Skip to search filters\" id=\"skip_to_search_filters\">Skip to search filters</a>","target":["#skip_to_search_filters"]},{"any":[{"id":"skip-link","data":null,"relatedNodes":[],"impact":"moderate","message":"Skip link target exists"}],"all":[],"none":[],"impact":null,"html":"<a class=\"nhsuk-skip-link\" href=\"#first-result-title\" id=\"skipToSearchResults\" aria-label=\"Skip to search results\">Skip to search results</a>","target":["#skipToSearchResults"]}]},{"id":"valid-lang","impact":null,"tags":["cat.language","wcag2aa","wcag312","ACT","TTv5","TT11.b"],"description":"Ensures lang attributes have valid values","help":"lang attribute must have a valid value","helpUrl":"https://dequeuniversity.com/rules/axe/4.7/valid-lang?application=axeAPI","nodes":[{"any":[],"all":[],"none":[{"id":"valid-lang","data":null,"relatedNodes":[],"impact":"serious","message":"Value of lang attribute is included in the list of valid languages"}],"impact":null,"html":"<a lang=\"en\" href=\"/candidate/search/locale/en\" class=\"language-toggle-selected\" data-test=\"english-language-link\">English</a>","target":[".language-toggle-selected"]},{"any":[],"all":[],"none":[{"id":"valid-lang","data":null,"relatedNodes":[],"impact":"serious","message":"Value of lang attribute is included in the list of valid languages"}],"impact":null,"html":"<a lang=\"cy\" href=\"/candidate/search/locale/cy\" class=\"language-toggle\" data-test=\"welsh-language-link\">Cymraeg</a>","target":[".language-toggle"]}]}],"incomplete":[],"violations":[{"id":"duplicate-id","impact":"minor","tags":["cat.parsing","wcag2a","wcag411"],"description":"Ensures every id attribute value is unique","help":"id attribute value must be unique","helpUrl":"https://dequeuniversity.com/rules/axe/4.7/duplicate-id?application=axeAPI","nodes":[{"any":[{"id":"duplicate-id","data":"heading-body","relatedNodes":[{"html":"<header class=\"nhsuk-header\" role=\"banner\" id=\"heading-body\">","target":["header"]}],"impact":"minor","message":"Document has multiple static elements with the same id attribute: heading-body"}],"all":[],"none":[],"impact":"minor","html":"<div id=\"heading-body\">","target":["#main-body > div:nth-child(3)"],"failureSummary":"Fix any of the following:\n  Document has multiple static elements with the same id attribute: heading-body"}]}]}
  Then I should get a list of jobs that match my preferences                   # stepdefinitions.NHSJobSearchSteps.verifyResults()
  And I sort my search results with the sort option "Date Posted (newest)"     # stepdefinitions.NHSJobSearchSteps.sortResults(java.lang.String)
]]></system-out>
    <system-err><![CDATA[Jun 24, 2025 10:43:51 PM org.openqa.selenium.devtools.CdpVersionFinder findNearestMatch
WARNING: Unable to find CDP implementation matching 137
Jun 24, 2025 10:43:51 PM org.openqa.selenium.chromium.ChromiumDriver lambda$new$5
WARNING: Unable to find version of CDP to use for 137.0.7151.120. You may need to include a dependency on a specific version of the CDP using something similar to `org.seleniumhq.selenium:selenium-devtools-v86:4.11.0` where the version ("v86") matches the version of the chromium-based browser you're using and the version number of the artifact is the same as Selenium's.
]]></system-err>
  </testcase>
  <testcase name="runScenario[&quot;NHS job Search with preferences in multiple browsers&quot;, &quot;NHS Job Search functionality&quot;](4)" classname="runner.TestRunner" time="11.843">
    <system-out><![CDATA[
@crossbrowser
Scenario Outline: NHS job Search with preferences in multiple browsers             # src/test/resources/Features/jobsearch.feature:18
Accepted Cookies
  Given I open the NHS job search page on "firefox"                                # stepdefinitions.NHSJobSearchSteps.openNhsJobSearch(java.lang.String)
  When I put my preferences "Admin" and "Manchester" into the Search functionality # stepdefinitions.NHSJobSearchSteps.putPreferences(java.lang.String,java.lang.String)
Result title displayed: Admin jobs within 5 miles of Manchester - NHS Jobs
Search result: 17 jobs found for Admin within 5 miles of Manchester
Axe Results: {"testEngine":{"name":"axe-core","version":"4.7.2"},"testRunner":{"name":"axe"},"testEnvironment":{"userAgent":"Mozilla/5.0 (Windows NT 10.0; Win64; x64; rv:139.0) Gecko/20100101 Firefox/139.0","windowWidth":1536,"windowHeight":731,"orientationAngle":0,"orientationType":"landscape-primary"},"timestamp":"2025-06-24T17:14:09.485Z","url":"https://www.jobs.nhs.uk/candidate/search/results?keyword=Admin&location=Manchester&distance=5&language=en","toolOptions":{"reporter":"v1"},"inapplicable":[{"id":"accesskeys","impact":null,"tags":["cat.keyboard","best-practice"],"description":"Ensures every accesskey attribute value is unique","help":"accesskey attribute value should be unique","helpUrl":"https://dequeuniversity.com/rules/axe/4.7/accesskeys?application=axeAPI","nodes":[]},{"id":"area-alt","impact":null,"tags":["cat.text-alternatives","wcag2a","wcag244","wcag412","section508","section508.22.a","ACT","TTv5","TT6.a"],"description":"Ensures <area> elements of image maps have alternate text","help":"Active <area> elements must have alternate text","helpUrl":"https://dequeuniversity.com/rules/axe/4.7/area-alt?application=axeAPI","nodes":[]},{"id":"aria-command-name","impact":null,"tags":["cat.aria","wcag2a","wcag412","ACT","TTv5","TT6.a"],"description":"Ensures every ARIA button, link and menuitem has an accessible name","help":"ARIA commands must have an accessible name","helpUrl":"https://dequeuniversity.com/rules/axe/4.7/aria-command-name?application=axeAPI","nodes":[]},{"id":"aria-dialog-name","impact":null,"tags":["cat.aria","best-practice"],"description":"Ensures every ARIA dialog and alertdialog node has an accessible name","help":"ARIA dialog and alertdialog nodes should have an accessible name","helpUrl":"https://dequeuniversity.com/rules/axe/4.7/aria-dialog-name?application=axeAPI","nodes":[]},{"id":"aria-input-field-name","impact":null,"tags":["cat.aria","wcag2a","wcag412","ACT","TTv5","TT5.c"],"description":"Ensures every ARIA input field has an accessible name","help":"ARIA input fields must have an accessible name","helpUrl":"https://dequeuniversity.com/rules/axe/4.7/aria-input-field-name?application=axeAPI","nodes":[]},{"id":"aria-meter-name","impact":null,"tags":["cat.aria","wcag2a","wcag111"],"description":"Ensures every ARIA meter node has an accessible name","help":"ARIA meter nodes must have an accessible name","helpUrl":"https://dequeuniversity.com/rules/axe/4.7/aria-meter-name?application=axeAPI","nodes":[]},{"id":"aria-progressbar-name","impact":null,"tags":["cat.aria","wcag2a","wcag111"],"description":"Ensures every ARIA progressbar node has an accessible name","help":"ARIA progressbar nodes must have an accessible name","helpUrl":"https://dequeuniversity.com/rules/axe/4.7/aria-progressbar-name?application=axeAPI","nodes":[]},{"id":"aria-required-children","impact":null,"tags":["cat.aria","wcag2a","wcag131"],"description":"Ensures elements with an ARIA role that require child roles contain them","help":"Certain ARIA roles must contain particular children","helpUrl":"https://dequeuniversity.com/rules/axe/4.7/aria-required-children?application=axeAPI","nodes":[]},{"id":"aria-required-parent","impact":null,"tags":["cat.aria","wcag2a","wcag131"],"description":"Ensures elements with an ARIA role that require parent roles are contained by them","help":"Certain ARIA roles must be contained by particular parents","helpUrl":"https://dequeuniversity.com/rules/axe/4.7/aria-required-parent?application=axeAPI","nodes":[]},{"id":"aria-text","impact":null,"tags":["cat.aria","best-practice"],"description":"Ensures \"role=text\" is used on elements with no focusable descendants","help":"\"role=text\" should have no focusable descendants","helpUrl":"https://dequeuniversity.com/rules/axe/4.7/aria-text?application=axeAPI","nodes":[]},{"id":"aria-toggle-field-name","impact":null,"tags":["cat.aria","wcag2a","wcag412","ACT","TTv5","TT5.c"],"description":"Ensures every ARIA toggle field has an accessible name","help":"ARIA toggle fields must have an accessible name","helpUrl":"https://dequeuniversity.com/rules/axe/4.7/aria-toggle-field-name?application=axeAPI","nodes":[]},{"id":"aria-tooltip-name","impact":null,"tags":["cat.aria","wcag2a","wcag412"],"description":"Ensures every ARIA tooltip node has an accessible name","help":"ARIA tooltip nodes must have an accessible name","helpUrl":"https://dequeuniversity.com/rules/axe/4.7/aria-tooltip-name?application=axeAPI","nodes":[]},{"id":"aria-treeitem-name","impact":null,"tags":["cat.aria","best-practice"],"description":"Ensures every ARIA treeitem node has an accessible name","help":"ARIA treeitem nodes should have an accessible name","helpUrl":"https://dequeuniversity.com/rules/axe/4.7/aria-treeitem-name?application=axeAPI","nodes":[]},{"id":"blink","impact":null,"tags":["cat.time-and-media","wcag2a","wcag222","section508","section508.22.j","TTv5","TT2.b"],"description":"Ensures <blink> elements are not used","help":"<blink> elements are deprecated and must not be used","helpUrl":"https://dequeuniversity.com/rules/axe/4.7/blink?application=axeAPI","nodes":[]},{"id":"definition-list","impact":null,"tags":["cat.structure","wcag2a","wcag131"],"description":"Ensures <dl> elements are structured correctly","help":"<dl> elements must only directly contain properly-ordered <dt> and <dd> groups, <script>, <template> or <div> elements","helpUrl":"https://dequeuniversity.com/rules/axe/4.7/definition-list?application=axeAPI","nodes":[]},{"id":"dlitem","impact":null,"tags":["cat.structure","wcag2a","wcag131"],"description":"Ensures <dt> and <dd> elements are contained by a <dl>","help":"<dt> and <dd> elements must be contained by a <dl>","helpUrl":"https://dequeuniversity.com/rules/axe/4.7/dlitem?application=axeAPI","nodes":[]},{"id":"empty-table-header","impact":null,"tags":["cat.name-role-value","best-practice"],"description":"Ensures table headers have discernible text","help":"Table header text should not be empty","helpUrl":"https://dequeuniversity.com/rules/axe/4.7/empty-table-header?application=axeAPI","nodes":[]},{"id":"frame-focusable-content","impact":null,"tags":["cat.keyboard","wcag2a","wcag211","TTv5","TT4.a"],"description":"Ensures <frame> and <iframe> elements with focusable content do not have tabindex=-1","help":"Frames with focusable content must not have tabindex=-1","helpUrl":"https://dequeuniversity.com/rules/axe/4.7/frame-focusable-content?application=axeAPI","nodes":[]},{"id":"frame-tested","impact":null,"tags":["cat.structure","review-item","best-practice"],"description":"Ensures <iframe> and <frame> elements contain the axe-core script","help":"Frames should be tested with axe-core","helpUrl":"https://dequeuniversity.com/rules/axe/4.7/frame-tested?application=axeAPI","nodes":[]},{"id":"frame-title-unique","impact":null,"tags":["cat.text-alternatives","wcag412","wcag2a","TTv5","TT12.d"],"description":"Ensures <iframe> and <frame> elements contain a unique title attribute","help":"Frames must have a unique title attribute","helpUrl":"https://dequeuniversity.com/rules/axe/4.7/frame-title-unique?application=axeAPI","nodes":[]},{"id":"frame-title","impact":null,"tags":["cat.text-alternatives","wcag2a","wcag412","section508","section508.22.i","TTv5","TT12.d"],"description":"Ensures <iframe> and <frame> elements have an accessible name","help":"Frames must have an accessible name","helpUrl":"https://dequeuniversity.com/rules/axe/4.7/frame-title?application=axeAPI","nodes":[]},{"id":"html-xml-lang-mismatch","impact":null,"tags":["cat.language","wcag2a","wcag311","ACT"],"description":"Ensure that HTML elements with both valid lang and xml:lang attributes agree on the base language of the page","help":"HTML elements with lang and xml:lang must have the same base language","helpUrl":"https://dequeuniversity.com/rules/axe/4.7/html-xml-lang-mismatch?application=axeAPI","nodes":[]},{"id":"image-alt","impact":null,"tags":["cat.text-alternatives","wcag2a","wcag111","section508","section508.22.a","ACT","TTv5","TT7.a","TT7.b"],"description":"Ensures <img> elements have alternate text or a role of none or presentation","help":"Images must have alternate text","helpUrl":"https://dequeuniversity.com/rules/axe/4.7/image-alt?application=axeAPI","nodes":[]},{"id":"image-redundant-alt","impact":null,"tags":["cat.text-alternatives","best-practice"],"description":"Ensure image alternative is not repeated as text","help":"Alternative text of images should not be repeated as text","helpUrl":"https://dequeuniversity.com/rules/axe/4.7/image-redundant-alt?application=axeAPI","nodes":[]},{"id":"input-image-alt","impact":null,"tags":["cat.text-alternatives","wcag2a","wcag111","wcag412","section508","section508.22.a","ACT","TTv5","TT7.a"],"description":"Ensures <input type=\"image\"> elements have alternate text","help":"Image buttons must have alternate text","helpUrl":"https://dequeuniversity.com/rules/axe/4.7/input-image-alt?application=axeAPI","nodes":[]},{"id":"marquee","impact":null,"tags":["cat.parsing","wcag2a","wcag222","TTv5","TT2.b"],"description":"Ensures <marquee> elements are not used","help":"<marquee> elements are deprecated and must not be used","helpUrl":"https://dequeuniversity.com/rules/axe/4.7/marquee?application=axeAPI","nodes":[]},{"id":"meta-refresh","impact":null,"tags":["cat.time-and-media","wcag2a","wcag221","TTv5","TT8.a"],"description":"Ensures <meta http-equiv=\"refresh\"> is not used for delayed refresh","help":"Delayed refresh under 20 hours must not be used","helpUrl":"https://dequeuniversity.com/rules/axe/4.7/meta-refresh?application=axeAPI","nodes":[]},{"id":"object-alt","impact":null,"tags":["cat.text-alternatives","wcag2a","wcag111","section508","section508.22.a"],"description":"Ensures <object> elements have alternate text","help":"<object> elements must have alternate text","helpUrl":"https://dequeuniversity.com/rules/axe/4.7/object-alt?application=axeAPI","nodes":[]},{"id":"presentation-role-conflict","impact":null,"tags":["cat.aria","best-practice","ACT"],"description":"Elements marked as presentational should not have global ARIA or tabindex to ensure all screen readers ignore them","help":"Ensure elements marked as presentational are consistently ignored","helpUrl":"https://dequeuniversity.com/rules/axe/4.7/presentation-role-conflict?application=axeAPI","nodes":[]},{"id":"role-img-alt","impact":null,"tags":["cat.text-alternatives","wcag2a","wcag111","section508","section508.22.a","ACT","TTv5","TT7.a"],"description":"Ensures [role='img'] elements have alternate text","help":"[role='img'] elements must have an alternative text","helpUrl":"https://dequeuniversity.com/rules/axe/4.7/role-img-alt?application=axeAPI","nodes":[]},{"id":"scope-attr-valid","impact":null,"tags":["cat.tables","best-practice"],"description":"Ensures the scope attribute is used correctly on tables","help":"scope attribute should be used correctly","helpUrl":"https://dequeuniversity.com/rules/axe/4.7/scope-attr-valid?application=axeAPI","nodes":[]},{"id":"server-side-image-map","impact":null,"tags":["cat.text-alternatives","wcag2a","wcag211","section508","section508.22.f","TTv5","TT4.a"],"description":"Ensures that server-side image maps are not used","help":"Server-side image maps must not be used","helpUrl":"https://dequeuniversity.com/rules/axe/4.7/server-side-image-map?application=axeAPI","nodes":[]},{"id":"svg-img-alt","impact":null,"tags":["cat.text-alternatives","wcag2a","wcag111","section508","section508.22.a","ACT","TTv5","TT7.a"],"description":"Ensures <svg> elements with an img, graphics-document or graphics-symbol role have an accessible text","help":"<svg> elements with an img role must have an alternative text","helpUrl":"https://dequeuniversity.com/rules/axe/4.7/svg-img-alt?application=axeAPI","nodes":[]},{"id":"tabindex","impact":null,"tags":["cat.keyboard","best-practice"],"description":"Ensures tabindex attribute values are not greater than 0","help":"Elements should not have tabindex greater than zero","helpUrl":"https://dequeuniversity.com/rules/axe/4.7/tabindex?application=axeAPI","nodes":[]},{"id":"table-duplicate-name","impact":null,"tags":["cat.tables","best-practice"],"description":"Ensure the <caption> element does not contain the same text as the summary attribute","help":"tables should not have the same summary and caption","helpUrl":"https://dequeuniversity.com/rules/axe/4.7/table-duplicate-name?application=axeAPI","nodes":[]},{"id":"td-headers-attr","impact":null,"tags":["cat.tables","wcag2a","wcag131","section508","section508.22.g","TTv5","TT14.b"],"description":"Ensure that each cell in a table that uses the headers attribute refers only to other cells in that table","help":"Table cells that use the headers attribute must only refer to cells in the same table","helpUrl":"https://dequeuniversity.com/rules/axe/4.7/td-headers-attr?application=axeAPI","nodes":[]},{"id":"th-has-data-cells","impact":null,"tags":["cat.tables","wcag2a","wcag131","section508","section508.22.g","TTv5","14.b"],"description":"Ensure that <th> elements and elements with role=columnheader/rowheader have data cells they describe","help":"Table headers in a data table must refer to data cells","helpUrl":"https://dequeuniversity.com/rules/axe/4.7/th-has-data-cells?application=axeAPI","nodes":[]},{"id":"video-caption","impact":null,"tags":["cat.text-alternatives","wcag2a","wcag122","section508","section508.22.a","TTv5","TT17.a"],"description":"Ensures <video> elements have captions","help":"<video> elements must have captions","helpUrl":"https://dequeuniversity.com/rules/axe/4.7/video-caption?application=axeAPI","nodes":[]},{"id":"no-autoplay-audio","impact":null,"tags":["cat.time-and-media","wcag2a","wcag142","ACT","TTv5","TT2.a"],"description":"Ensures <video> or <audio> elements do not autoplay audio for more than 3 seconds without a control mechanism to stop or mute the audio","help":"<video> or <audio> elements must not play automatically","helpUrl":"https://dequeuniversity.com/rules/axe/4.7/no-autoplay-audio?application=axeAPI","nodes":[]}],"passes":[{"id":"aria-allowed-attr","impact":null,"tags":["cat.aria","wcag2a","wcag412"],"description":"Ensures ARIA attributes are allowed for an element's role","help":"Elements must only use allowed ARIA attributes","helpUrl":"https://dequeuniversity.com/rules/axe/4.7/aria-allowed-attr?application=axeAPI","nodes":[{"any":[],"all":[{"id":"aria-allowed-attr","data":null,"relatedNodes":[],"impact":"critical","message":"ARIA attributes are used correctly for the defined role"},{"id":"aria-conditional-attr","data":null,"relatedNodes":[],"impact":"serious","message":"ARIA attribute is allowed"}],"none":[{"id":"aria-unsupported-attr","data":null,"relatedNodes":[],"impact":"critical","message":"ARIA attribute is supported"},{"id":"aria-prohibited-attr","data":null,"relatedNodes":[],"impact":"serious","message":"ARIA attribute is allowed"}],"impact":null,"html":"<a class=\"nhsuk-skip-link\" href=\"#search-results-heading\" aria-label=\"17 jobs found for Admin within 5 miles of Manchester. Sorted by: Best Match . Skip to search filters\" id=\"skip_to_search_filters\">Skip to search filters</a>","target":["#skip_to_search_filters"]},{"any":[],"all":[{"id":"aria-allowed-attr","data":null,"relatedNodes":[],"impact":"critical","message":"ARIA attributes are used correctly for the defined role"},{"id":"aria-conditional-attr","data":null,"relatedNodes":[],"impact":"serious","message":"ARIA attribute is allowed"}],"none":[{"id":"aria-unsupported-attr","data":null,"relatedNodes":[],"impact":"critical","message":"ARIA attribute is supported"},{"id":"aria-prohibited-attr","data":null,"relatedNodes":[],"impact":"serious","message":"ARIA attribute is allowed"}],"impact":null,"html":"<a class=\"nhsuk-skip-link\" href=\"#first-result-title\" id=\"skipToSearchResults\" aria-label=\"Skip to search results\">Skip to search results</a>","target":["#skipToSearchResults"]},{"any":[],"all":[{"id":"aria-allowed-attr","data":null,"relatedNodes":[],"impact":"critical","message":"ARIA attributes are used correctly for the defined role"},{"id":"aria-conditional-attr","data":null,"relatedNodes":[],"impact":"serious","message":"ARIA attribute is allowed"}],"none":[{"id":"aria-unsupported-attr","data":null,"relatedNodes":[],"impact":"critical","message":"ARIA attribute is supported"},{"id":"aria-prohibited-attr","data":null,"relatedNodes":[],"impact":"serious","message":"ARIA attribute is allowed"}],"impact":null,"html":"<a href=\"/candidate/cookies\" id=\"change-cookies-settings\" aria-label=\"Go to the cookie information page\">change your cookie settings</a>","target":["#change-cookies-settings"]},{"any":[],"all":[{"id":"aria-allowed-attr","data":null,"relatedNodes":[],"impact":"critical","message":"ARIA attributes are used correctly for the defined role"},{"id":"aria-conditional-attr","data":null,"relatedNodes":[],"impact":"serious","message":"ARIA attribute is allowed"}],"none":[{"id":"aria-unsupported-attr","data":null,"relatedNodes":[],"impact":"critical","message":"ARIA attribute is supported"},{"id":"aria-prohibited-attr","data":null,"relatedNodes":[],"impact":"serious","message":"ARIA attribute is allowed"}],"impact":null,"html":"<a href=\"/candidate/dismiss-cookie-messages\" id=\"dismiss-cookie-messages\" aria-label=\"Dismiss information about cookie preferences\" style=\"float: right\">Hide</a>","target":["#dismiss-cookie-messages"]},{"any":[],"all":[{"id":"aria-allowed-attr","data":null,"relatedNodes":[],"impact":"critical","message":"ARIA attributes are used correctly for the defined role"},{"id":"aria-conditional-attr","data":null,"relatedNodes":[],"impact":"serious","message":"ARIA attribute is allowed"}],"none":[{"id":"aria-unsupported-attr","data":null,"relatedNodes":[],"impact":"critical","message":"ARIA attribute is supported"},{"id":"aria-prohibited-attr","data":null,"relatedNodes":[],"impact":"serious","message":"ARIA attribute is allowed"}],"impact":null,"html":"<a class=\"nhsuk-header__link nhsuk-header__link--service nhsuk-header__link--service-short-name\" href=\"/candidate\" aria-label=\"NHS jobs homepage\">","target":[".nhsuk-header__link"]},{"any":[],"all":[{"id":"aria-allowed-attr","data":null,"relatedNodes":[],"impact":"critical","message":"ARIA attributes are used correctly for the defined role"},{"id":"aria-conditional-attr","data":null,"relatedNodes":[],"impact":"serious","message":"ARIA attribute is allowed"}],"none":[{"id":"aria-unsupported-attr","data":null,"relatedNodes":[],"impact":"critical","message":"ARIA attribute is supported"},{"id":"aria-prohibited-attr","data":null,"relatedNodes":[],"impact":"serious","message":"ARIA attribute is allowed"}],"impact":null,"html":"<nav class=\"gem-c-translation-nav hide-mobile nhsuk-u-margin-0 nhsuk-u-padding-left-7\" aria-label=\"Translations\">","target":[".gem-c-translation-nav"]},{"any":[],"all":[{"id":"aria-allowed-attr","data":null,"relatedNodes":[],"impact":"critical","message":"ARIA attributes are used correctly for the defined role"},{"id":"aria-conditional-attr","data":null,"relatedNodes":[],"impact":"serious","message":"ARIA attribute is allowed"}],"none":[{"id":"aria-unsupported-attr","data":null,"relatedNodes":[],"impact":"critical","message":"ARIA attribute is supported"},{"id":"aria-prohibited-attr","data":null,"relatedNodes":[],"impact":"serious","message":"ARIA attribute is allowed"}],"impact":null,"html":"<nav class=\"nhsuk-header__navigation\" id=\"header-navigation\" role=\"navigation\" aria-label=\"Primary navigation\" aria-labelledby=\"label-navigation\">","target":["#header-navigation"]},{"any":[],"all":[{"id":"aria-allowed-attr","data":null,"relatedNodes":[],"impact":"critical","message":"ARIA attributes are used correctly for the defined role"},{"id":"aria-conditional-attr","data":null,"relatedNodes":[],"impact":"serious","message":"ARIA attribute is allowed"}],"none":[{"id":"aria-unsupported-attr","data":null,"relatedNodes":[],"impact":"critical","message":"ARIA attribute is supported"},{"id":"aria-prohibited-attr","data":null,"relatedNodes":[],"impact":"serious","message":"ARIA attribute is allowed"}],"impact":null,"html":"<div class=\"beta-banner\" aria-label=\"beta-banner\" role=\"complementary\">","target":[".beta-banner"]},{"any":[],"all":[{"id":"aria-allowed-attr","data":null,"relatedNodes":[],"impact":"critical","message":"ARIA attributes are used correctly for the defined role"},{"id":"aria-conditional-attr","data":null,"relatedNodes":[],"impact":"serious","message":"ARIA attribute is allowed"}],"none":[{"id":"aria-unsupported-attr","data":null,"relatedNodes":[],"impact":"critical","message":"ARIA attribute is supported"},{"id":"aria-prohibited-attr","data":null,"relatedNodes":[],"impact":"serious","message":"ARIA attribute is allowed"}],"impact":null,"html":"<h1 data-test=\"search-result-query\" id=\"search-results-heading\" class=\"nhsuk-heading-xl nhsuk-u-padding-left-4 nhsuk-u-margin-bottom-4\" aria-label=\"17 jobs found for Admin within 5 miles of Manchester. Sorted by: Best Match\">","target":["#search-results-heading"]},{"any":[],"all":[{"id":"aria-allowed-attr","data":null,"relatedNodes":[],"impact":"critical","message":"ARIA attributes are used correctly for the defined role"},{"id":"aria-conditional-attr","data":null,"relatedNodes":[],"impact":"serious","message":"ARIA attribute is allowed"}],"none":[{"id":"aria-unsupported-attr","data":null,"relatedNodes":[],"impact":"critical","message":"ARIA attribute is supported"},{"id":"aria-prohibited-attr","data":null,"relatedNodes":[],"impact":"serious","message":"ARIA attribute is allowed"}],"impact":null,"html":"<input name=\"keyword\" id=\"keyword\" value=\"Admin\" class=\"nhsuk-input nhsuk-u--width-full\" type=\"search\" data-test=\"search-jobTitle-input\" aria-label=\"Search What? For example, job title or skills\">","target":["#keyword"]},{"any":[],"all":[{"id":"aria-allowed-attr","data":null,"relatedNodes":[],"impact":"critical","message":"ARIA attributes are used correctly for the defined role"},{"id":"aria-conditional-attr","data":null,"relatedNodes":[],"impact":"serious","message":"ARIA attribute is allowed"}],"none":[{"id":"aria-unsupported-attr","data":null,"relatedNodes":[],"impact":"critical","message":"ARIA attribute is supported"},{"id":"aria-prohibited-attr","data":null,"relatedNodes":[],"impact":"serious","message":"ARIA attribute is allowed"}],"impact":null,"html":"<div id=\"location__status--A\" role=\"status\" aria-atomic=\"true\" aria-live=\"polite\"></div>","target":["#location__status--A"]},{"any":[],"all":[{"id":"aria-allowed-attr","data":null,"relatedNodes":[],"impact":"critical","message":"ARIA attributes are used correctly for the defined role"},{"id":"aria-conditional-attr","data":null,"relatedNodes":[],"impact":"serious","message":"ARIA attribute is allowed"}],"none":[{"id":"aria-unsupported-attr","data":null,"relatedNodes":[],"impact":"critical","message":"ARIA attribute is supported"},{"id":"aria-prohibited-attr","data":null,"relatedNodes":[],"impact":"serious","message":"ARIA attribute is allowed"}],"impact":null,"html":"<div id=\"location__status--B\" role=\"status\" aria-atomic=\"true\" aria-live=\"polite\"></div>","target":["#location__status--B"]},{"any":[],"all":[{"id":"aria-allowed-attr","data":null,"relatedNodes":[],"impact":"critical","message":"ARIA attributes are used correctly for the defined role"},{"id":"aria-conditional-attr","data":null,"relatedNodes":[],"impact":"serious","message":"ARIA attribute is allowed"}],"none":[{"id":"aria-unsupported-attr","data":null,"relatedNodes":[],"impact":"critical","message":"ARIA attribute is supported"},{"id":"aria-prohibited-attr","data":null,"relatedNodes":[],"impact":"serious","message":"ARIA attribute is allowed"}],"impact":null,"html":"<input aria-describedby=\"location__assistiveHint\" aria-expanded=\"false\" aria-controls=\"location__listbox\" aria-autocomplete=\"list\" autocomplete=\"off\" class=\"nhsuk-input nhsuk-u--width-full\" id=\"location\" name=\"location\" placeholder=\"\" type=\"search\" role=\"combobox\" data-test=\"search-location-input\" aria-label=\"Search Where? For example, a postcode, town or city, search text field\">","target":["#location"]},{"any":[],"all":[{"id":"aria-allowed-attr","data":null,"relatedNodes":[],"impact":"critical","message":"ARIA attributes are used correctly for the defined role"},{"id":"aria-conditional-attr","data":null,"relatedNodes":[],"impact":"serious","message":"ARIA attribute is allowed"}],"none":[{"id":"aria-unsupported-attr","data":null,"relatedNodes":[],"impact":"critical","message":"ARIA attribute is supported"},{"id":"aria-prohibited-attr","data":null,"relatedNodes":[],"impact":"serious","message":"ARIA attribute is allowed"}],"impact":null,"html":"<summary class=\"nhsuk-details__summary\" role=\"button\" aria-controls=\"distance-details\" aria-expanded=\"false\" data-test=\"distance\">\n                <span class=\"nhsuk-details__summary-text\">\n                    Distance\n                </span>\n            </summary>","target":["summary[aria-controls=\"distance-details\"]"]},{"any":[],"all":[{"id":"aria-allowed-attr","data":null,"relatedNodes":[],"impact":"critical","message":"ARIA attributes are used correctly for the defined role"},{"id":"aria-conditional-attr","data":null,"relatedNodes":[],"impact":"serious","message":"ARIA attribute is allowed"}],"none":[{"id":"aria-unsupported-attr","data":null,"relatedNodes":[],"impact":"critical","message":"ARIA attribute is supported"},{"id":"aria-prohibited-attr","data":null,"relatedNodes":[],"impact":"serious","message":"ARIA attribute is allowed"}],"impact":null,"html":"<div class=\"nhsuk-details__text\" id=\"distance_wrapper\" aria-hidden=\"false\">","target":["#distance_wrapper"]},{"any":[],"all":[{"id":"aria-allowed-attr","data":null,"relatedNodes":[],"impact":"critical","message":"ARIA attributes are used correctly for the defined role"},{"id":"aria-conditional-attr","data":null,"relatedNodes":[],"impact":"serious","message":"ARIA attribute is allowed"}],"none":[{"id":"aria-unsupported-attr","data":null,"relatedNodes":[],"impact":"critical","message":"ARIA attribute is supported"},{"id":"aria-prohibited-attr","data":null,"relatedNodes":[],"impact":"serious","message":"ARIA attribute is allowed"}],"impact":null,"html":"<summary class=\"nhsuk-details__summary\" role=\"button\" aria-controls=\"covid-jobs-only\" aria-expanded=\"false\" data-test=\"filter-covid-only\">\n                <span class=\"nhsuk-details__summary-text\">\n                    COVID-19\n                </span>\n            </summary>","target":["summary[aria-controls=\"covid-jobs-only\"]"]},{"any":[],"all":[{"id":"aria-allowed-attr","data":null,"relatedNodes":[],"impact":"critical","message":"ARIA attributes are used correctly for the defined role"},{"id":"aria-conditional-attr","data":null,"relatedNodes":[],"impact":"serious","message":"ARIA attribute is allowed"}],"none":[{"id":"aria-unsupported-attr","data":null,"relatedNodes":[],"impact":"critical","message":"ARIA attribute is supported"},{"id":"aria-prohibited-attr","data":null,"relatedNodes":[],"impact":"serious","message":"ARIA attribute is allowed"}],"impact":null,"html":"<summary id=\"working-patterns-expander\" class=\"nhsuk-details__summary \" role=\"button\" aria-controls=\"working-pattern-details\" aria-expanded=\"false\" data-test=\"filter-working-pattern\">","target":["#working-patterns-expander"]},{"any":[],"all":[{"id":"aria-allowed-attr","data":null,"relatedNodes":[],"impact":"critical","message":"ARIA attributes are used correctly for the defined role"},{"id":"aria-conditional-attr","data":null,"relatedNodes":[],"impact":"serious","message":"ARIA attribute is allowed"}],"none":[{"id":"aria-unsupported-attr","data":null,"relatedNodes":[],"impact":"critical","message":"ARIA attribute is supported"},{"id":"aria-prohibited-attr","data":null,"relatedNodes":[],"impact":"serious","message":"ARIA attribute is allowed"}],"impact":null,"html":"<summary class=\"nhsuk-details__summary\" role=\"button\" aria-controls=\"contract-type-details\" aria-expanded=\"false\" data-test=\"filter-contract-type\">\n                <span class=\"nhsuk-details__summary-text\">Contract type</span>\n            </summary>","target":["summary[aria-controls=\"contract-type-details\"]"]},{"any":[],"all":[{"id":"aria-allowed-attr","data":null,"relatedNodes":[],"impact":"critical","message":"ARIA attributes are used correctly for the defined role"},{"id":"aria-conditional-attr","data":null,"relatedNodes":[],"impact":"serious","message":"ARIA attribute is allowed"}],"none":[{"id":"aria-unsupported-attr","data":null,"relatedNodes":[],"impact":"critical","message":"ARIA attribute is supported"},{"id":"aria-prohibited-attr","data":null,"relatedNodes":[],"impact":"serious","message":"ARIA attribute is allowed"}],"impact":null,"html":"<summary class=\"nhsuk-details__summary\" role=\"button\" aria-controls=\"staff-group-details\" aria-expanded=\"false\" data-test=\"filter-staff-group\">\n                <span class=\"nhsuk-details__summary-text\">\n                    Staff group\n                </span>\n            </summary>","target":["summary[aria-controls=\"staff-group-details\"]"]},{"any":[],"all":[{"id":"aria-allowed-attr","data":null,"relatedNodes":[],"impact":"critical","message":"ARIA attributes are used correctly for the defined role"},{"id":"aria-conditional-attr","data":null,"relatedNodes":[],"impact":"serious","message":"ARIA attribute is allowed"}],"none":[{"id":"aria-unsupported-attr","data":null,"relatedNodes":[],"impact":"critical","message":"ARIA attribute is supported"},{"id":"aria-prohibited-attr","data":null,"relatedNodes":[],"impact":"serious","message":"ARIA attribute is allowed"}],"impact":null,"html":"<summary class=\"nhsuk-details__summary\" role=\"button\" aria-controls=\"pay-range-details\" aria-expanded=\"false\" data-test=\"filter-pay-range\">\n                <span class=\"nhsuk-details__summary-text\">\n                    Pay range\n                </span>\n            </summary>","target":["summary[aria-controls=\"pay-range-details\"]"]},{"any":[],"all":[{"id":"aria-allowed-attr","data":null,"relatedNodes":[],"impact":"critical","message":"ARIA attributes are used correctly for the defined role"},{"id":"aria-conditional-attr","data":null,"relatedNodes":[],"impact":"serious","message":"ARIA attribute is allowed"}],"none":[{"id":"aria-unsupported-attr","data":null,"relatedNodes":[],"impact":"critical","message":"ARIA attribute is supported"},{"id":"aria-prohibited-attr","data":null,"relatedNodes":[],"impact":"serious","message":"ARIA attribute is allowed"}],"impact":null,"html":"<summary class=\"nhsuk-details__summary\" role=\"button\" aria-controls=\"pay-band-details\" aria-expanded=\"false\" data-test=\"filter-pay-band\">","target":["summary[aria-controls=\"pay-band-details\"]"]},{"any":[],"all":[{"id":"aria-allowed-attr","data":null,"relatedNodes":[],"impact":"critical","message":"ARIA attributes are used correctly for the defined role"},{"id":"aria-conditional-attr","data":null,"relatedNodes":[],"impact":"serious","message":"ARIA attribute is allowed"}],"none":[{"id":"aria-unsupported-attr","data":null,"relatedNodes":[],"impact":"critical","message":"ARIA attribute is supported"},{"id":"aria-prohibited-attr","data":null,"relatedNodes":[],"impact":"serious","message":"ARIA attribute is allowed"}],"impact":null,"html":"<a href=\"/candidate/search/save-job/A1797-25-00491\" data-test=\"search-result-save-job\" aria-label=\"Save this job: Assistant Admin Manager (Reference number: A1797-25-00491)\">\n              Save this job\n            </a>","target":[".nhsuk-list-panel.search-result.nhsuk-u-padding-3:nth-child(1) > .nhsuk-grid-row:nth-child(1) > .save-job.nhsuk-u-margin-right-3 > a[data-test=\"search-result-save-job\"]"]},{"any":[],"all":[{"id":"aria-allowed-attr","data":null,"relatedNodes":[],"impact":"critical","message":"ARIA attributes are used correctly for the defined role"},{"id":"aria-conditional-attr","data":null,"relatedNodes":[],"impact":"serious","message":"ARIA attribute is allowed"}],"none":[{"id":"aria-unsupported-attr","data":null,"relatedNodes":[],"impact":"critical","message":"ARIA attribute is supported"},{"id":"aria-prohibited-attr","data":null,"relatedNodes":[],"impact":"serious","message":"ARIA attribute is allowed"}],"impact":null,"html":"<a href=\"/candidate/search/save-job/C9349-25-1873\" data-test=\"search-result-save-job\" aria-label=\"Save this job: Reception &amp; Admin Assistant (Reference number: C9349-25-1873)\">\n              Save this job\n            </a>","target":[".nhsuk-list-panel.search-result.nhsuk-u-padding-3:nth-child(2) > .nhsuk-grid-row:nth-child(1) > .save-job.nhsuk-u-margin-right-3 > a[data-test=\"search-result-save-job\"]"]},{"any":[],"all":[{"id":"aria-allowed-attr","data":null,"relatedNodes":[],"impact":"critical","message":"ARIA attributes are used correctly for the defined role"},{"id":"aria-conditional-attr","data":null,"relatedNodes":[],"impact":"serious","message":"ARIA attribute is allowed"}],"none":[{"id":"aria-unsupported-attr","data":null,"relatedNodes":[],"impact":"critical","message":"ARIA attribute is supported"},{"id":"aria-prohibited-attr","data":null,"relatedNodes":[],"impact":"serious","message":"ARIA attribute is allowed"}],"impact":null,"html":"<a href=\"/candidate/search/save-job/A3462-25-0001\" data-test=\"search-result-save-job\" aria-label=\"Save this job: Experienced Medical Receptionist (Reference number: A3462-25-0001)\">\n              Save this job\n            </a>","target":[".nhsuk-list-panel.search-result.nhsuk-u-padding-3:nth-child(3) > .nhsuk-grid-row:nth-child(1) > .save-job.nhsuk-u-margin-right-3 > a[data-test=\"search-result-save-job\"]"]},{"any":[],"all":[{"id":"aria-allowed-attr","data":null,"relatedNodes":[],"impact":"critical","message":"ARIA attributes are used correctly for the defined role"},{"id":"aria-conditional-attr","data":null,"relatedNodes":[],"impact":"serious","message":"ARIA attribute is allowed"}],"none":[{"id":"aria-unsupported-attr","data":null,"relatedNodes":[],"impact":"critical","message":"ARIA attribute is supported"},{"id":"aria-prohibited-attr","data":null,"relatedNodes":[],"impact":"serious","message":"ARIA attribute is allowed"}],"impact":null,"html":"<a href=\"/candidate/search/save-job/C9437-25-0495\" data-test=\"search-result-save-job\" aria-label=\"Save this job: Senior Administrator (Reference number: C9437-25-0495)\">\n              Save this job\n            </a>","target":[".nhsuk-list-panel.search-result.nhsuk-u-padding-3:nth-child(4) > .nhsuk-grid-row:nth-child(1) > .save-job.nhsuk-u-margin-right-3 > a[data-test=\"search-result-save-job\"]"]},{"any":[],"all":[{"id":"aria-allowed-attr","data":null,"relatedNodes":[],"impact":"critical","message":"ARIA attributes are used correctly for the defined role"},{"id":"aria-conditional-attr","data":null,"relatedNodes":[],"impact":"serious","message":"ARIA attribute is allowed"}],"none":[{"id":"aria-unsupported-attr","data":null,"relatedNodes":[],"impact":"critical","message":"ARIA attribute is supported"},{"id":"aria-prohibited-attr","data":null,"relatedNodes":[],"impact":"serious","message":"ARIA attribute is allowed"}],"impact":null,"html":"<a href=\"/candidate/search/save-job/C9437-25-0503\" data-test=\"search-result-save-job\" aria-label=\"Save this job: Team Administrator (Reference number: C9437-25-0503)\">\n              Save this job\n            </a>","target":[".nhsuk-list-panel.search-result.nhsuk-u-padding-3:nth-child(5) > .nhsuk-grid-row:nth-child(1) > .save-job.nhsuk-u-margin-right-3 > a[data-test=\"search-result-save-job\"]"]},{"any":[],"all":[{"id":"aria-allowed-attr","data":null,"relatedNodes":[],"impact":"critical","message":"ARIA attributes are used correctly for the defined role"},{"id":"aria-conditional-attr","data":null,"relatedNodes":[],"impact":"serious","message":"ARIA attribute is allowed"}],"none":[{"id":"aria-unsupported-attr","data":null,"relatedNodes":[],"impact":"critical","message":"ARIA attribute is supported"},{"id":"aria-prohibited-attr","data":null,"relatedNodes":[],"impact":"serious","message":"ARIA attribute is allowed"}],"impact":null,"html":"<a href=\"/candidate/search/save-job/C9413-25-0429\" data-test=\"search-result-save-job\" aria-label=\"Save this job: Locum Consultant in Medical Oncology - HPB &amp; NET (Reference number: C9413-25-0429)\">\n              Save this job\n            </a>","target":[".nhsuk-list-panel.search-result.nhsuk-u-padding-3:nth-child(6) > .nhsuk-grid-row:nth-child(1) > .save-job.nhsuk-u-margin-right-3 > a[data-test=\"search-result-save-job\"]"]},{"any":[],"all":[{"id":"aria-allowed-attr","data":null,"relatedNodes":[],"impact":"critical","message":"ARIA attributes are used correctly for the defined role"},{"id":"aria-conditional-attr","data":null,"relatedNodes":[],"impact":"serious","message":"ARIA attribute is allowed"}],"none":[{"id":"aria-unsupported-attr","data":null,"relatedNodes":[],"impact":"critical","message":"ARIA attribute is supported"},{"id":"aria-prohibited-attr","data":null,"relatedNodes":[],"impact":"serious","message":"ARIA attribute is allowed"}],"impact":null,"html":"<a href=\"/candidate/search/save-job/A4025-25-0005\" data-test=\"search-result-save-job\" aria-label=\"Save this job: Medical Receptionist (Reference number: A4025-25-0005)\">\n              Save this job\n            </a>","target":[".nhsuk-list-panel.search-result.nhsuk-u-padding-3:nth-child(7) > .nhsuk-grid-row:nth-child(1) > .save-job.nhsuk-u-margin-right-3 > a[data-test=\"search-result-save-job\"]"]},{"any":[],"all":[{"id":"aria-allowed-attr","data":null,"relatedNodes":[],"impact":"critical","message":"ARIA attributes are used correctly for the defined role"},{"id":"aria-conditional-attr","data":null,"relatedNodes":[],"impact":"serious","message":"ARIA attribute is allowed"}],"none":[{"id":"aria-unsupported-attr","data":null,"relatedNodes":[],"impact":"critical","message":"ARIA attribute is supported"},{"id":"aria-prohibited-attr","data":null,"relatedNodes":[],"impact":"serious","message":"ARIA attribute is allowed"}],"impact":null,"html":"<a href=\"/candidate/search/save-job/C9413-25-0388\" data-test=\"search-result-save-job\" aria-label=\"Save this job: Consultant Clinical Oncology – Gynaecological Cancers. (Reference number: C9413-25-0388)\">\n              Save this job\n            </a>","target":[".nhsuk-list-panel.search-result.nhsuk-u-padding-3:nth-child(8) > .nhsuk-grid-row:nth-child(1) > .save-job.nhsuk-u-margin-right-3 > a[data-test=\"search-result-save-job\"]"]},{"any":[],"all":[{"id":"aria-allowed-attr","data":null,"relatedNodes":[],"impact":"critical","message":"ARIA attributes are used correctly for the defined role"},{"id":"aria-conditional-attr","data":null,"relatedNodes":[],"impact":"serious","message":"ARIA attribute is allowed"}],"none":[{"id":"aria-unsupported-attr","data":null,"relatedNodes":[],"impact":"critical","message":"ARIA attribute is supported"},{"id":"aria-prohibited-attr","data":null,"relatedNodes":[],"impact":"serious","message":"ARIA attribute is allowed"}],"impact":null,"html":"<a href=\"/candidate/search/save-job/C9413-25-0427\" data-test=\"search-result-save-job\" aria-label=\"Save this job: Support Secretary/Scheduler (Reference number: C9413-25-0427)\">\n              Save this job\n            </a>","target":[".nhsuk-list-panel.search-result.nhsuk-u-padding-3:nth-child(9) > .nhsuk-grid-row:nth-child(1) > .save-job.nhsuk-u-margin-right-3 > a[data-test=\"search-result-save-job\"]"]},{"any":[],"all":[{"id":"aria-allowed-attr","data":null,"relatedNodes":[],"impact":"critical","message":"ARIA attributes are used correctly for the defined role"},{"id":"aria-conditional-attr","data":null,"relatedNodes":[],"impact":"serious","message":"ARIA attribute is allowed"}],"none":[{"id":"aria-unsupported-attr","data":null,"relatedNodes":[],"impact":"critical","message":"ARIA attribute is supported"},{"id":"aria-prohibited-attr","data":null,"relatedNodes":[],"impact":"serious","message":"ARIA attribute is allowed"}],"impact":null,"html":"<a href=\"/candidate/search/save-job/E0459-25-0014\" data-test=\"search-result-save-job\" aria-label=\"Save this job: Psychologist Autism Assessor (ADOS and/or ADIR trained) - CYP (Reference number: E0459-25-0014)\">\n              Save this job\n            </a>","target":[".nhsuk-list-panel.search-result.nhsuk-u-padding-3:nth-child(10) > .nhsuk-grid-row:nth-child(1) > .save-job.nhsuk-u-margin-right-3 > a[data-test=\"search-result-save-job\"]"]},{"any":[],"all":[{"id":"aria-allowed-attr","data":null,"relatedNodes":[],"impact":"critical","message":"ARIA attributes are used correctly for the defined role"},{"id":"aria-conditional-attr","data":null,"relatedNodes":[],"impact":"serious","message":"ARIA attribute is allowed"}],"none":[{"id":"aria-unsupported-attr","data":null,"relatedNodes":[],"impact":"critical","message":"ARIA attribute is supported"},{"id":"aria-prohibited-attr","data":null,"relatedNodes":[],"impact":"serious","message":"ARIA attribute is allowed"}],"impact":null,"html":"<nav class=\"nhsuk-pagination\" role=\"navigation\" aria-label=\"Pagination\">","target":[".nhsuk-pagination"]}]},{"id":"aria-allowed-role","impact":null,"tags":["cat.aria","best-practice"],"description":"Ensures role attribute has an appropriate value for the element","help":"ARIA role should be appropriate for the element","helpUrl":"https://dequeuniversity.com/rules/axe/4.7/aria-allowed-role?application=axeAPI","nodes":[{"any":[{"id":"aria-allowed-role","data":null,"relatedNodes":[],"impact":"minor","message":"ARIA role is allowed for given element"}],"all":[],"none":[],"impact":null,"html":"<header class=\"nhsuk-header\" role=\"banner\" id=\"heading-body\">","target":["header"]},{"any":[{"id":"aria-allowed-role","data":null,"relatedNodes":[],"impact":"minor","message":"ARIA role is allowed for given element"}],"all":[],"none":[],"impact":null,"html":"<nav class=\"nhsuk-header__navigation\" id=\"header-navigation\" role=\"navigation\" aria-label=\"Primary navigation\" aria-labelledby=\"label-navigation\">","target":["#header-navigation"]},{"any":[{"id":"aria-allowed-role","data":null,"relatedNodes":[],"impact":"minor","message":"ARIA role is allowed for given element"}],"all":[],"none":[],"impact":null,"html":"<div class=\"beta-banner\" aria-label=\"beta-banner\" role=\"complementary\">","target":[".beta-banner"]},{"any":[{"id":"aria-allowed-role","data":null,"relatedNodes":[],"impact":"minor","message":"ARIA role is allowed for given element"}],"all":[],"none":[],"impact":null,"html":"<section class=\"nhsuk-hero\" role=\"search\">","target":["section"]},{"any":[{"id":"aria-allowed-role","data":null,"relatedNodes":[],"impact":"minor","message":"ARIA role is allowed for given element"}],"all":[],"none":[],"impact":null,"html":"<div id=\"location__status--A\" role=\"status\" aria-atomic=\"true\" aria-live=\"polite\"></div>","target":["#location__status--A"]},{"any":[{"id":"aria-allowed-role","data":null,"relatedNodes":[],"impact":"minor","message":"ARIA role is allowed for given element"}],"all":[],"none":[],"impact":null,"html":"<div id=\"location__status--B\" role=\"status\" aria-atomic=\"true\" aria-live=\"polite\"></div>","target":["#location__status--B"]},{"any":[{"id":"aria-allowed-role","data":null,"relatedNodes":[],"impact":"minor","message":"ARIA role is allowed for given element"}],"all":[],"none":[],"impact":null,"html":"<input aria-describedby=\"location__assistiveHint\" aria-expanded=\"false\" aria-controls=\"location__listbox\" aria-autocomplete=\"list\" autocomplete=\"off\" class=\"nhsuk-input nhsuk-u--width-full\" id=\"location\" name=\"location\" placeholder=\"\" type=\"search\" role=\"combobox\" data-test=\"search-location-input\" aria-label=\"Search Where? For example, a postcode, town or city, search text field\">","target":["#location"]},{"any":[{"id":"aria-allowed-role","data":null,"relatedNodes":[],"impact":"minor","message":"ARIA role is allowed for given element"}],"all":[],"none":[],"impact":null,"html":"<ul aria-labelledby=\"location\" id=\"location__listbox\" role=\"listbox\" class=\"autocomplete__menu autocomplete__menu--inline autocomplete__menu--hidden\">","target":["#location__listbox"]},{"any":[{"id":"aria-allowed-role","data":null,"relatedNodes":[],"impact":"minor","message":"ARIA role is allowed for given element"}],"all":[],"none":[],"impact":null,"html":"<li aria-selected=\"false\" class=\"autocomplete__option\" id=\"location__option--0\" role=\"option\" tabindex=\"-1\" aria-posinset=\"1\" aria-setsize=\"1\">Manchester</li>","target":["#location__option--0"]},{"any":[{"id":"aria-allowed-role","data":null,"relatedNodes":[],"impact":"minor","message":"ARIA role is allowed for given element"}],"all":[],"none":[],"impact":null,"html":"<main class=\"nhsuk-main-wrapper \" id=\"maincontent\" role=\"main\">","target":["#maincontent"]},{"any":[{"id":"aria-allowed-role","data":null,"relatedNodes":[],"impact":"minor","message":"ARIA role is allowed for given element"}],"all":[],"none":[],"impact":null,"html":"<summary class=\"nhsuk-details__summary\" role=\"button\" aria-controls=\"distance-details\" aria-expanded=\"false\" data-test=\"distance\">\n                <span class=\"nhsuk-details__summary-text\">\n                    Distance\n                </span>\n            </summary>","target":["summary[aria-controls=\"distance-details\"]"]},{"any":[{"id":"aria-allowed-role","data":null,"relatedNodes":[],"impact":"minor","message":"ARIA role is allowed for given element"}],"all":[],"none":[],"impact":null,"html":"<summary class=\"nhsuk-details__summary\" role=\"button\" aria-controls=\"covid-jobs-only\" aria-expanded=\"false\" data-test=\"filter-covid-only\">\n                <span class=\"nhsuk-details__summary-text\">\n                    COVID-19\n                </span>\n            </summary>","target":["summary[aria-controls=\"covid-jobs-only\"]"]},{"any":[{"id":"aria-allowed-role","data":null,"relatedNodes":[],"impact":"minor","message":"ARIA role is allowed for given element"}],"all":[],"none":[],"impact":null,"html":"<summary id=\"working-patterns-expander\" class=\"nhsuk-details__summary \" role=\"button\" aria-controls=\"working-pattern-details\" aria-expanded=\"false\" data-test=\"filter-working-pattern\">","target":["#working-patterns-expander"]},{"any":[{"id":"aria-allowed-role","data":null,"relatedNodes":[],"impact":"minor","message":"ARIA role is allowed for given element"}],"all":[],"none":[],"impact":null,"html":"<summary class=\"nhsuk-details__summary\" role=\"button\" aria-controls=\"contract-type-details\" aria-expanded=\"false\" data-test=\"filter-contract-type\">\n                <span class=\"nhsuk-details__summary-text\">Contract type</span>\n            </summary>","target":["summary[aria-controls=\"contract-type-details\"]"]},{"any":[{"id":"aria-allowed-role","data":null,"relatedNodes":[],"impact":"minor","message":"ARIA role is allowed for given element"}],"all":[],"none":[],"impact":null,"html":"<summary class=\"nhsuk-details__summary\" role=\"button\" aria-controls=\"staff-group-details\" aria-expanded=\"false\" data-test=\"filter-staff-group\">\n                <span class=\"nhsuk-details__summary-text\">\n                    Staff group\n                </span>\n            </summary>","target":["summary[aria-controls=\"staff-group-details\"]"]},{"any":[{"id":"aria-allowed-role","data":null,"relatedNodes":[],"impact":"minor","message":"ARIA role is allowed for given element"}],"all":[],"none":[],"impact":null,"html":"<summary class=\"nhsuk-details__summary\" role=\"button\" aria-controls=\"pay-range-details\" aria-expanded=\"false\" data-test=\"filter-pay-range\">\n                <span class=\"nhsuk-details__summary-text\">\n                    Pay range\n                </span>\n            </summary>","target":["summary[aria-controls=\"pay-range-details\"]"]},{"any":[{"id":"aria-allowed-role","data":null,"relatedNodes":[],"impact":"minor","message":"ARIA role is allowed for given element"}],"all":[],"none":[],"impact":null,"html":"<summary class=\"nhsuk-details__summary\" role=\"button\" aria-controls=\"pay-band-details\" aria-expanded=\"false\" data-test=\"filter-pay-band\">","target":["summary[aria-controls=\"pay-band-details\"]"]},{"any":[{"id":"aria-allowed-role","data":null,"relatedNodes":[],"impact":"minor","message":"ARIA role is allowed for given element"}],"all":[],"none":[],"impact":null,"html":"<svg style=\"height:25px; padding-right: 10px\" class=\"nhsuk-icon nhsuk-icon__search\" aria-hidden=\"true\" focusable=\"false\" data-prefix=\"far\" data-icon=\"bell\" role=\"img\" xmlns=\"http://www.w3.org/2000/svg\" viewBox=\"0 0 448 512\">","target":["svg[data-prefix=\"far\"]"]},{"any":[{"id":"aria-allowed-role","data":null,"relatedNodes":[],"impact":"minor","message":"ARIA role is allowed for given element"}],"all":[],"none":[],"impact":null,"html":"<nav class=\"nhsuk-pagination\" role=\"navigation\" aria-label=\"Pagination\">","target":[".nhsuk-pagination"]},{"any":[{"id":"aria-allowed-role","data":null,"relatedNodes":[],"impact":"minor","message":"ARIA role is allowed for given element"}],"all":[],"none":[],"impact":null,"html":"<footer role=\"contentinfo\">","target":["footer"]}]},{"id":"aria-hidden-body","impact":null,"tags":["cat.aria","wcag2a","wcag412"],"description":"Ensures aria-hidden='true' is not present on the document body.","help":"aria-hidden='true' must not be present on the document body","helpUrl":"https://dequeuniversity.com/rules/axe/4.7/aria-hidden-body?application=axeAPI","nodes":[{"any":[{"id":"aria-hidden-body","data":null,"relatedNodes":[],"impact":"critical","message":"No aria-hidden attribute is present on document body"}],"all":[],"none":[],"impact":null,"html":"<body class=\" govuk-frontend-supported js-enabled\" id=\"main-body\">","target":["#main-body"]}]},{"id":"aria-hidden-focus","impact":null,"tags":["cat.name-role-value","wcag2a","wcag412","TTv5","TT6.a"],"description":"Ensures aria-hidden elements are not focusable nor contain focusable elements","help":"ARIA hidden element must not be focusable or contain focusable elements","helpUrl":"https://dequeuniversity.com/rules/axe/4.7/aria-hidden-focus?application=axeAPI","nodes":[{"any":[],"all":[{"id":"focusable-modal-open","data":null,"relatedNodes":[],"impact":"serious","message":"No focusable elements while a modal is open"},{"id":"focusable-disabled","data":null,"relatedNodes":[],"impact":"serious","message":"No focusable elements contained within element"},{"id":"focusable-not-tabbable","data":null,"relatedNodes":[],"impact":"serious","message":"No focusable elements contained within element"}],"none":[],"impact":null,"html":"<svg class=\"nhsuk-icon nhsuk-icon__search\" xmlns=\"http://www.w3.org/2000/svg\" viewBox=\"0 0 24 24\" aria-hidden=\"true\" focusable=\"false\" width=\"27\" height=\"27\">","target":["svg[width=\"27\"]"]},{"any":[],"all":[{"id":"focusable-modal-open","data":null,"relatedNodes":[],"impact":"serious","message":"No focusable elements while a modal is open"},{"id":"focusable-disabled","data":null,"relatedNodes":[],"impact":"serious","message":"No focusable elements contained within element"},{"id":"focusable-not-tabbable","data":null,"relatedNodes":[],"impact":"serious","message":"No focusable elements contained within element"}],"none":[],"impact":null,"html":"<svg class=\"nhsuk-icon nhsuk-icon__chevron-right\" xmlns=\"http://www.w3.org/2000/svg\" viewBox=\"0 0 24 24\" aria-hidden=\"true\" width=\"34\" height=\"34\">\n        <path d=\"M15.5 12a1 1 0 0 1-.29.71l-5 5a1 1 0 0 1-1.42-1.42l4.3-4.29-4.3-4.29a1 1 0 0 1 1.42-1.42l5 5a1 1 0 0 1 .29.71z\"></path>\n      </svg>","target":["a[href=\"/\"] > .nhsuk-icon__chevron-right[width=\"34\"][height=\"34\"]"]},{"any":[],"all":[{"id":"focusable-modal-open","data":null,"relatedNodes":[],"impact":"serious","message":"No focusable elements while a modal is open"},{"id":"focusable-disabled","data":null,"relatedNodes":[],"impact":"serious","message":"No focusable elements contained within element"},{"id":"focusable-not-tabbable","data":null,"relatedNodes":[],"impact":"serious","message":"No focusable elements contained within element"}],"none":[],"impact":null,"html":"<svg class=\"nhsuk-icon nhsuk-icon__chevron-right\" xmlns=\"http://www.w3.org/2000/svg\" viewBox=\"0 0 24 24\" aria-hidden=\"true\" width=\"34\" height=\"34\">\n        <path d=\"M15.5 12a1 1 0 0 1-.29.71l-5 5a1 1 0 0 1-1.42-1.42l4.3-4.29-4.3-4.29a1 1 0 0 1 1.42-1.42l5 5a1 1 0 0 1 .29.71z\"></path>\n      </svg>","target":["a[href$=\"search\"] > .nhsuk-icon__chevron-right[width=\"34\"][height=\"34\"]"]},{"any":[],"all":[{"id":"focusable-modal-open","data":null,"relatedNodes":[],"impact":"serious","message":"No focusable elements while a modal is open"},{"id":"focusable-disabled","data":null,"relatedNodes":[],"impact":"serious","message":"No focusable elements contained within element"},{"id":"focusable-not-tabbable","data":null,"relatedNodes":[],"impact":"serious","message":"No focusable elements contained within element"}],"none":[],"impact":null,"html":"<svg class=\"nhsuk-icon nhsuk-icon__chevron-right\" xmlns=\"http://www.w3.org/2000/svg\" viewBox=\"0 0 24 24\" aria-hidden=\"true\" width=\"34\" height=\"34\">\n        <path d=\"M15.5 12a1 1 0 0 1-.29.71l-5 5a1 1 0 0 1-1.42-1.42l4.3-4.29-4.3-4.29a1 1 0 0 1 1.42-1.42l5 5a1 1 0 0 1 .29.71z\"></path>\n      </svg>","target":["#candidate_sign_in_mobile > .nhsuk-icon__chevron-right[width=\"34\"][height=\"34\"]"]},{"any":[],"all":[{"id":"focusable-modal-open","data":null,"relatedNodes":[],"impact":"serious","message":"No focusable elements while a modal is open"},{"id":"focusable-disabled","data":null,"relatedNodes":[],"impact":"serious","message":"No focusable elements contained within element"},{"id":"focusable-not-tabbable","data":null,"relatedNodes":[],"impact":"serious","message":"No focusable elements contained within element"}],"none":[],"impact":null,"html":"<svg class=\"nhsuk-icon nhsuk-icon__chevron-right\" xmlns=\"http://www.w3.org/2000/svg\" viewBox=\"0 0 24 24\" aria-hidden=\"true\" width=\"34\" height=\"34\">\n        <path d=\"M15.5 12a1 1 0 0 1-.29.71l-5 5a1 1 0 0 1-1.42-1.42l4.3-4.29-4.3-4.29a1 1 0 0 1 1.42-1.42l5 5a1 1 0 0 1 .29.71z\"></path>\n      </svg>","target":[".nhsuk-header__navigation-link[data-test=\"header-create-account\"] > .nhsuk-icon__chevron-right[width=\"34\"][height=\"34\"]"]},{"any":[],"all":[{"id":"focusable-modal-open","data":null,"relatedNodes":[],"impact":"serious","message":"No focusable elements while a modal is open"},{"id":"focusable-disabled","data":null,"relatedNodes":[],"impact":"serious","message":"No focusable elements contained within element"},{"id":"focusable-not-tabbable","data":null,"relatedNodes":[],"impact":"serious","message":"No focusable elements contained within element"}],"none":[],"impact":null,"html":"<svg class=\"nhsuk-icon nhsuk-icon__chevron-right\" xmlns=\"http://www.w3.org/2000/svg\" viewBox=\"0 0 24 24\" aria-hidden=\"true\" width=\"34\" height=\"34\">\n        <path d=\"M15.5 12a1 1 0 0 1-.29.71l-5 5a1 1 0 0 1-1.42-1.42l4.3-4.29-4.3-4.29a1 1 0 0 1 1.42-1.42l5 5a1 1 0 0 1 .29.71z\"></path>\n      </svg>","target":[".nhsuk-header__navigation-link[href=\"/candidate/search/locale/en\"] > .nhsuk-icon__chevron-right[width=\"34\"][height=\"34\"]"]},{"any":[],"all":[{"id":"focusable-modal-open","data":null,"relatedNodes":[],"impact":"serious","message":"No focusable elements while a modal is open"},{"id":"focusable-disabled","data":null,"relatedNodes":[],"impact":"serious","message":"No focusable elements contained within element"},{"id":"focusable-not-tabbable","data":null,"relatedNodes":[],"impact":"serious","message":"No focusable elements contained within element"}],"none":[],"impact":null,"html":"<svg class=\"nhsuk-icon nhsuk-icon__chevron-right\" xmlns=\"http://www.w3.org/2000/svg\" viewBox=\"0 0 24 24\" aria-hidden=\"true\" width=\"34\" height=\"34\">\n        <path d=\"M15.5 12a1 1 0 0 1-.29.71l-5 5a1 1 0 0 1-1.42-1.42l4.3-4.29-4.3-4.29a1 1 0 0 1 1.42-1.42l5 5a1 1 0 0 1 .29.71z\"></path>\n      </svg>","target":[".nhsuk-header__navigation-link[href=\"/candidate/search/locale/cy\"] > .nhsuk-icon__chevron-right[width=\"34\"][height=\"34\"]"]},{"any":[],"all":[{"id":"focusable-modal-open","data":null,"relatedNodes":[],"impact":"serious","message":"No focusable elements while a modal is open"},{"id":"focusable-disabled","data":null,"relatedNodes":[],"impact":"serious","message":"No focusable elements contained within element"},{"id":"focusable-not-tabbable","data":null,"relatedNodes":[],"impact":"serious","message":"No focusable elements contained within element"}],"none":[],"impact":null,"html":"<legend class=\"nhsuk-heading-l nhsuk-u-visually-hidden\" id=\"additional-search-legend\" aria-hidden=\"true\">\n            Additional search options\n          </legend>","target":["#additional-search-legend"]},{"any":[],"all":[{"id":"focusable-modal-open","data":null,"relatedNodes":[],"impact":"serious","message":"No focusable elements while a modal is open"},{"id":"focusable-disabled","data":null,"relatedNodes":[],"impact":"serious","message":"No focusable elements contained within element"},{"id":"focusable-not-tabbable","data":null,"relatedNodes":[],"impact":"serious","message":"No focusable elements contained within element"}],"none":[],"impact":null,"html":"<legend class=\"nhsuk-heading-l nhsuk-u-visually-hidden\" id=\"search-controls-legend\" aria-hidden=\"true\">\n            Search controls\n          </legend>","target":["#search-controls-legend"]},{"any":[],"all":[{"id":"focusable-modal-open","data":null,"relatedNodes":[],"impact":"serious","message":"No focusable elements while a modal is open"},{"id":"focusable-disabled","data":null,"relatedNodes":[],"impact":"serious","message":"No focusable elements contained within element"},{"id":"focusable-not-tabbable","data":null,"relatedNodes":[],"impact":"serious","message":"No focusable elements contained within element"}],"none":[],"impact":null,"html":"<svg style=\"height:25px; padding-right: 10px\" class=\"nhsuk-icon nhsuk-icon__search\" aria-hidden=\"true\" focusable=\"false\" data-prefix=\"far\" data-icon=\"bell\" role=\"img\" xmlns=\"http://www.w3.org/2000/svg\" viewBox=\"0 0 448 512\">","target":["svg[data-prefix=\"far\"]"]},{"any":[],"all":[{"id":"focusable-modal-open","data":null,"relatedNodes":[],"impact":"serious","message":"No focusable elements while a modal is open"},{"id":"focusable-disabled","data":null,"relatedNodes":[],"impact":"serious","message":"No focusable elements contained within element"},{"id":"focusable-not-tabbable","data":null,"relatedNodes":[],"impact":"serious","message":"No focusable elements contained within element"}],"none":[],"impact":null,"html":"<svg class=\"nhsuk-icon nhsuk-icon__arrow-right\" xmlns=\"http://www.w3.org/2000/svg\" viewBox=\"0 0 24 24\" aria-hidden=\"true\">","target":[".nhsuk-icon__arrow-right"]}]},{"id":"aria-required-attr","impact":null,"tags":["cat.aria","wcag2a","wcag412"],"description":"Ensures elements with ARIA roles have all required ARIA attributes","help":"Required ARIA attributes must be provided","helpUrl":"https://dequeuniversity.com/rules/axe/4.7/aria-required-attr?application=axeAPI","nodes":[{"any":[{"id":"aria-required-attr","data":null,"relatedNodes":[],"impact":"critical","message":"All required ARIA attributes are present"}],"all":[],"none":[],"impact":null,"html":"<header class=\"nhsuk-header\" role=\"banner\" id=\"heading-body\">","target":["header"]},{"any":[{"id":"aria-required-attr","data":null,"relatedNodes":[],"impact":"critical","message":"All required ARIA attributes are present"}],"all":[],"none":[],"impact":null,"html":"<nav class=\"nhsuk-header__navigation\" id=\"header-navigation\" role=\"navigation\" aria-label=\"Primary navigation\" aria-labelledby=\"label-navigation\">","target":["#header-navigation"]},{"any":[{"id":"aria-required-attr","data":null,"relatedNodes":[],"impact":"critical","message":"All required ARIA attributes are present"}],"all":[],"none":[],"impact":null,"html":"<div class=\"beta-banner\" aria-label=\"beta-banner\" role=\"complementary\">","target":[".beta-banner"]},{"any":[{"id":"aria-required-attr","data":null,"relatedNodes":[],"impact":"critical","message":"All required ARIA attributes are present"}],"all":[],"none":[],"impact":null,"html":"<section class=\"nhsuk-hero\" role=\"search\">","target":["section"]},{"any":[{"id":"aria-required-attr","data":null,"relatedNodes":[],"impact":"critical","message":"All required ARIA attributes are present"}],"all":[],"none":[],"impact":null,"html":"<div id=\"location__status--A\" role=\"status\" aria-atomic=\"true\" aria-live=\"polite\"></div>","target":["#location__status--A"]},{"any":[{"id":"aria-required-attr","data":null,"relatedNodes":[],"impact":"critical","message":"All required ARIA attributes are present"}],"all":[],"none":[],"impact":null,"html":"<div id=\"location__status--B\" role=\"status\" aria-atomic=\"true\" aria-live=\"polite\"></div>","target":["#location__status--B"]},{"any":[{"id":"aria-required-attr","data":null,"relatedNodes":[],"impact":"critical","message":"All required ARIA attributes are present"}],"all":[],"none":[],"impact":null,"html":"<input aria-describedby=\"location__assistiveHint\" aria-expanded=\"false\" aria-controls=\"location__listbox\" aria-autocomplete=\"list\" autocomplete=\"off\" class=\"nhsuk-input nhsuk-u--width-full\" id=\"location\" name=\"location\" placeholder=\"\" type=\"search\" role=\"combobox\" data-test=\"search-location-input\" aria-label=\"Search Where? For example, a postcode, town or city, search text field\">","target":["#location"]},{"any":[{"id":"aria-required-attr","data":null,"relatedNodes":[],"impact":"critical","message":"All required ARIA attributes are present"}],"all":[],"none":[],"impact":null,"html":"<main class=\"nhsuk-main-wrapper \" id=\"maincontent\" role=\"main\">","target":["#maincontent"]},{"any":[{"id":"aria-required-attr","data":null,"relatedNodes":[],"impact":"critical","message":"All required ARIA attributes are present"}],"all":[],"none":[],"impact":null,"html":"<summary class=\"nhsuk-details__summary\" role=\"button\" aria-controls=\"distance-details\" aria-expanded=\"false\" data-test=\"distance\">\n                <span class=\"nhsuk-details__summary-text\">\n                    Distance\n                </span>\n            </summary>","target":["summary[aria-controls=\"distance-details\"]"]},{"any":[{"id":"aria-required-attr","data":null,"relatedNodes":[],"impact":"critical","message":"All required ARIA attributes are present"}],"all":[],"none":[],"impact":null,"html":"<summary class=\"nhsuk-details__summary\" role=\"button\" aria-controls=\"covid-jobs-only\" aria-expanded=\"false\" data-test=\"filter-covid-only\">\n                <span class=\"nhsuk-details__summary-text\">\n                    COVID-19\n                </span>\n            </summary>","target":["summary[aria-controls=\"covid-jobs-only\"]"]},{"any":[{"id":"aria-required-attr","data":null,"relatedNodes":[],"impact":"critical","message":"All required ARIA attributes are present"}],"all":[],"none":[],"impact":null,"html":"<summary id=\"working-patterns-expander\" class=\"nhsuk-details__summary \" role=\"button\" aria-controls=\"working-pattern-details\" aria-expanded=\"false\" data-test=\"filter-working-pattern\">","target":["#working-patterns-expander"]},{"any":[{"id":"aria-required-attr","data":null,"relatedNodes":[],"impact":"critical","message":"All required ARIA attributes are present"}],"all":[],"none":[],"impact":null,"html":"<summary class=\"nhsuk-details__summary\" role=\"button\" aria-controls=\"contract-type-details\" aria-expanded=\"false\" data-test=\"filter-contract-type\">\n                <span class=\"nhsuk-details__summary-text\">Contract type</span>\n            </summary>","target":["summary[aria-controls=\"contract-type-details\"]"]},{"any":[{"id":"aria-required-attr","data":null,"relatedNodes":[],"impact":"critical","message":"All required ARIA attributes are present"}],"all":[],"none":[],"impact":null,"html":"<summary class=\"nhsuk-details__summary\" role=\"button\" aria-controls=\"staff-group-details\" aria-expanded=\"false\" data-test=\"filter-staff-group\">\n                <span class=\"nhsuk-details__summary-text\">\n                    Staff group\n                </span>\n            </summary>","target":["summary[aria-controls=\"staff-group-details\"]"]},{"any":[{"id":"aria-required-attr","data":null,"relatedNodes":[],"impact":"critical","message":"All required ARIA attributes are present"}],"all":[],"none":[],"impact":null,"html":"<summary class=\"nhsuk-details__summary\" role=\"button\" aria-controls=\"pay-range-details\" aria-expanded=\"false\" data-test=\"filter-pay-range\">\n                <span class=\"nhsuk-details__summary-text\">\n                    Pay range\n                </span>\n            </summary>","target":["summary[aria-controls=\"pay-range-details\"]"]},{"any":[{"id":"aria-required-attr","data":null,"relatedNodes":[],"impact":"critical","message":"All required ARIA attributes are present"}],"all":[],"none":[],"impact":null,"html":"<summary class=\"nhsuk-details__summary\" role=\"button\" aria-controls=\"pay-band-details\" aria-expanded=\"false\" data-test=\"filter-pay-band\">","target":["summary[aria-controls=\"pay-band-details\"]"]},{"any":[{"id":"aria-required-attr","data":null,"relatedNodes":[],"impact":"critical","message":"All required ARIA attributes are present"}],"all":[],"none":[],"impact":null,"html":"<nav class=\"nhsuk-pagination\" role=\"navigation\" aria-label=\"Pagination\">","target":[".nhsuk-pagination"]},{"any":[{"id":"aria-required-attr","data":null,"relatedNodes":[],"impact":"critical","message":"All required ARIA attributes are present"}],"all":[],"none":[],"impact":null,"html":"<footer role=\"contentinfo\">","target":["footer"]}]},{"id":"aria-roles","impact":null,"tags":["cat.aria","wcag2a","wcag412"],"description":"Ensures all elements with a role attribute use a valid value","help":"ARIA roles used must conform to valid values","helpUrl":"https://dequeuniversity.com/rules/axe/4.7/aria-roles?application=axeAPI","nodes":[{"any":[],"all":[],"none":[{"id":"invalidrole","data":null,"relatedNodes":[],"impact":"critical","message":"ARIA role is valid"},{"id":"abstractrole","data":null,"relatedNodes":[],"impact":"serious","message":"Abstract roles are not used"},{"id":"unsupportedrole","data":null,"relatedNodes":[],"impact":"critical","message":"ARIA role is supported"},{"id":"deprecatedrole","data":null,"relatedNodes":[],"impact":"minor","message":"ARIA role is not deprecated"}],"impact":null,"html":"<header class=\"nhsuk-header\" role=\"banner\" id=\"heading-body\">","target":["header"]},{"any":[],"all":[],"none":[{"id":"invalidrole","data":null,"relatedNodes":[],"impact":"critical","message":"ARIA role is valid"},{"id":"abstractrole","data":null,"relatedNodes":[],"impact":"serious","message":"Abstract roles are not used"},{"id":"unsupportedrole","data":null,"relatedNodes":[],"impact":"critical","message":"ARIA role is supported"},{"id":"deprecatedrole","data":null,"relatedNodes":[],"impact":"minor","message":"ARIA role is not deprecated"}],"impact":null,"html":"<nav class=\"nhsuk-header__navigation\" id=\"header-navigation\" role=\"navigation\" aria-label=\"Primary navigation\" aria-labelledby=\"label-navigation\">","target":["#header-navigation"]},{"any":[],"all":[],"none":[{"id":"invalidrole","data":null,"relatedNodes":[],"impact":"critical","message":"ARIA role is valid"},{"id":"abstractrole","data":null,"relatedNodes":[],"impact":"serious","message":"Abstract roles are not used"},{"id":"unsupportedrole","data":null,"relatedNodes":[],"impact":"critical","message":"ARIA role is supported"},{"id":"deprecatedrole","data":null,"relatedNodes":[],"impact":"minor","message":"ARIA role is not deprecated"}],"impact":null,"html":"<div class=\"beta-banner\" aria-label=\"beta-banner\" role=\"complementary\">","target":[".beta-banner"]},{"any":[],"all":[],"none":[{"id":"invalidrole","data":null,"relatedNodes":[],"impact":"critical","message":"ARIA role is valid"},{"id":"abstractrole","data":null,"relatedNodes":[],"impact":"serious","message":"Abstract roles are not used"},{"id":"unsupportedrole","data":null,"relatedNodes":[],"impact":"critical","message":"ARIA role is supported"},{"id":"deprecatedrole","data":null,"relatedNodes":[],"impact":"minor","message":"ARIA role is not deprecated"}],"impact":null,"html":"<section class=\"nhsuk-hero\" role=\"search\">","target":["section"]},{"any":[],"all":[],"none":[{"id":"invalidrole","data":null,"relatedNodes":[],"impact":"critical","message":"ARIA role is valid"},{"id":"abstractrole","data":null,"relatedNodes":[],"impact":"serious","message":"Abstract roles are not used"},{"id":"unsupportedrole","data":null,"relatedNodes":[],"impact":"critical","message":"ARIA role is supported"},{"id":"deprecatedrole","data":null,"relatedNodes":[],"impact":"minor","message":"ARIA role is not deprecated"}],"impact":null,"html":"<div id=\"location__status--A\" role=\"status\" aria-atomic=\"true\" aria-live=\"polite\"></div>","target":["#location__status--A"]},{"any":[],"all":[],"none":[{"id":"invalidrole","data":null,"relatedNodes":[],"impact":"critical","message":"ARIA role is valid"},{"id":"abstractrole","data":null,"relatedNodes":[],"impact":"serious","message":"Abstract roles are not used"},{"id":"unsupportedrole","data":null,"relatedNodes":[],"impact":"critical","message":"ARIA role is supported"},{"id":"deprecatedrole","data":null,"relatedNodes":[],"impact":"minor","message":"ARIA role is not deprecated"}],"impact":null,"html":"<div id=\"location__status--B\" role=\"status\" aria-atomic=\"true\" aria-live=\"polite\"></div>","target":["#location__status--B"]},{"any":[],"all":[],"none":[{"id":"invalidrole","data":null,"relatedNodes":[],"impact":"critical","message":"ARIA role is valid"},{"id":"abstractrole","data":null,"relatedNodes":[],"impact":"serious","message":"Abstract roles are not used"},{"id":"unsupportedrole","data":null,"relatedNodes":[],"impact":"critical","message":"ARIA role is supported"},{"id":"deprecatedrole","data":null,"relatedNodes":[],"impact":"minor","message":"ARIA role is not deprecated"}],"impact":null,"html":"<input aria-describedby=\"location__assistiveHint\" aria-expanded=\"false\" aria-controls=\"location__listbox\" aria-autocomplete=\"list\" autocomplete=\"off\" class=\"nhsuk-input nhsuk-u--width-full\" id=\"location\" name=\"location\" placeholder=\"\" type=\"search\" role=\"combobox\" data-test=\"search-location-input\" aria-label=\"Search Where? For example, a postcode, town or city, search text field\">","target":["#location"]},{"any":[],"all":[],"none":[{"id":"invalidrole","data":null,"relatedNodes":[],"impact":"critical","message":"ARIA role is valid"},{"id":"abstractrole","data":null,"relatedNodes":[],"impact":"serious","message":"Abstract roles are not used"},{"id":"unsupportedrole","data":null,"relatedNodes":[],"impact":"critical","message":"ARIA role is supported"},{"id":"deprecatedrole","data":null,"relatedNodes":[],"impact":"minor","message":"ARIA role is not deprecated"}],"impact":null,"html":"<main class=\"nhsuk-main-wrapper \" id=\"maincontent\" role=\"main\">","target":["#maincontent"]},{"any":[],"all":[],"none":[{"id":"invalidrole","data":null,"relatedNodes":[],"impact":"critical","message":"ARIA role is valid"},{"id":"abstractrole","data":null,"relatedNodes":[],"impact":"serious","message":"Abstract roles are not used"},{"id":"unsupportedrole","data":null,"relatedNodes":[],"impact":"critical","message":"ARIA role is supported"},{"id":"deprecatedrole","data":null,"relatedNodes":[],"impact":"minor","message":"ARIA role is not deprecated"}],"impact":null,"html":"<summary class=\"nhsuk-details__summary\" role=\"button\" aria-controls=\"distance-details\" aria-expanded=\"false\" data-test=\"distance\">\n                <span class=\"nhsuk-details__summary-text\">\n                    Distance\n                </span>\n            </summary>","target":["summary[aria-controls=\"distance-details\"]"]},{"any":[],"all":[],"none":[{"id":"invalidrole","data":null,"relatedNodes":[],"impact":"critical","message":"ARIA role is valid"},{"id":"abstractrole","data":null,"relatedNodes":[],"impact":"serious","message":"Abstract roles are not used"},{"id":"unsupportedrole","data":null,"relatedNodes":[],"impact":"critical","message":"ARIA role is supported"},{"id":"deprecatedrole","data":null,"relatedNodes":[],"impact":"minor","message":"ARIA role is not deprecated"}],"impact":null,"html":"<summary class=\"nhsuk-details__summary\" role=\"button\" aria-controls=\"covid-jobs-only\" aria-expanded=\"false\" data-test=\"filter-covid-only\">\n                <span class=\"nhsuk-details__summary-text\">\n                    COVID-19\n                </span>\n            </summary>","target":["summary[aria-controls=\"covid-jobs-only\"]"]},{"any":[],"all":[],"none":[{"id":"invalidrole","data":null,"relatedNodes":[],"impact":"critical","message":"ARIA role is valid"},{"id":"abstractrole","data":null,"relatedNodes":[],"impact":"serious","message":"Abstract roles are not used"},{"id":"unsupportedrole","data":null,"relatedNodes":[],"impact":"critical","message":"ARIA role is supported"},{"id":"deprecatedrole","data":null,"relatedNodes":[],"impact":"minor","message":"ARIA role is not deprecated"}],"impact":null,"html":"<summary id=\"working-patterns-expander\" class=\"nhsuk-details__summary \" role=\"button\" aria-controls=\"working-pattern-details\" aria-expanded=\"false\" data-test=\"filter-working-pattern\">","target":["#working-patterns-expander"]},{"any":[],"all":[],"none":[{"id":"invalidrole","data":null,"relatedNodes":[],"impact":"critical","message":"ARIA role is valid"},{"id":"abstractrole","data":null,"relatedNodes":[],"impact":"serious","message":"Abstract roles are not used"},{"id":"unsupportedrole","data":null,"relatedNodes":[],"impact":"critical","message":"ARIA role is supported"},{"id":"deprecatedrole","data":null,"relatedNodes":[],"impact":"minor","message":"ARIA role is not deprecated"}],"impact":null,"html":"<summary class=\"nhsuk-details__summary\" role=\"button\" aria-controls=\"contract-type-details\" aria-expanded=\"false\" data-test=\"filter-contract-type\">\n                <span class=\"nhsuk-details__summary-text\">Contract type</span>\n            </summary>","target":["summary[aria-controls=\"contract-type-details\"]"]},{"any":[],"all":[],"none":[{"id":"invalidrole","data":null,"relatedNodes":[],"impact":"critical","message":"ARIA role is valid"},{"id":"abstractrole","data":null,"relatedNodes":[],"impact":"serious","message":"Abstract roles are not used"},{"id":"unsupportedrole","data":null,"relatedNodes":[],"impact":"critical","message":"ARIA role is supported"},{"id":"deprecatedrole","data":null,"relatedNodes":[],"impact":"minor","message":"ARIA role is not deprecated"}],"impact":null,"html":"<summary class=\"nhsuk-details__summary\" role=\"button\" aria-controls=\"staff-group-details\" aria-expanded=\"false\" data-test=\"filter-staff-group\">\n                <span class=\"nhsuk-details__summary-text\">\n                    Staff group\n                </span>\n            </summary>","target":["summary[aria-controls=\"staff-group-details\"]"]},{"any":[],"all":[],"none":[{"id":"invalidrole","data":null,"relatedNodes":[],"impact":"critical","message":"ARIA role is valid"},{"id":"abstractrole","data":null,"relatedNodes":[],"impact":"serious","message":"Abstract roles are not used"},{"id":"unsupportedrole","data":null,"relatedNodes":[],"impact":"critical","message":"ARIA role is supported"},{"id":"deprecatedrole","data":null,"relatedNodes":[],"impact":"minor","message":"ARIA role is not deprecated"}],"impact":null,"html":"<summary class=\"nhsuk-details__summary\" role=\"button\" aria-controls=\"pay-range-details\" aria-expanded=\"false\" data-test=\"filter-pay-range\">\n                <span class=\"nhsuk-details__summary-text\">\n                    Pay range\n                </span>\n            </summary>","target":["summary[aria-controls=\"pay-range-details\"]"]},{"any":[],"all":[],"none":[{"id":"invalidrole","data":null,"relatedNodes":[],"impact":"critical","message":"ARIA role is valid"},{"id":"abstractrole","data":null,"relatedNodes":[],"impact":"serious","message":"Abstract roles are not used"},{"id":"unsupportedrole","data":null,"relatedNodes":[],"impact":"critical","message":"ARIA role is supported"},{"id":"deprecatedrole","data":null,"relatedNodes":[],"impact":"minor","message":"ARIA role is not deprecated"}],"impact":null,"html":"<summary class=\"nhsuk-details__summary\" role=\"button\" aria-controls=\"pay-band-details\" aria-expanded=\"false\" data-test=\"filter-pay-band\">","target":["summary[aria-controls=\"pay-band-details\"]"]},{"any":[],"all":[],"none":[{"id":"invalidrole","data":null,"relatedNodes":[],"impact":"critical","message":"ARIA role is valid"},{"id":"abstractrole","data":null,"relatedNodes":[],"impact":"serious","message":"Abstract roles are not used"},{"id":"unsupportedrole","data":null,"relatedNodes":[],"impact":"critical","message":"ARIA role is supported"},{"id":"deprecatedrole","data":null,"relatedNodes":[],"impact":"minor","message":"ARIA role is not deprecated"}],"impact":null,"html":"<nav class=\"nhsuk-pagination\" role=\"navigation\" aria-label=\"Pagination\">","target":[".nhsuk-pagination"]},{"any":[],"all":[],"none":[{"id":"invalidrole","data":null,"relatedNodes":[],"impact":"critical","message":"ARIA role is valid"},{"id":"abstractrole","data":null,"relatedNodes":[],"impact":"serious","message":"Abstract roles are not used"},{"id":"unsupportedrole","data":null,"relatedNodes":[],"impact":"critical","message":"ARIA role is supported"},{"id":"deprecatedrole","data":null,"relatedNodes":[],"impact":"minor","message":"ARIA role is not deprecated"}],"impact":null,"html":"<footer role=\"contentinfo\">","target":["footer"]}]},{"id":"aria-valid-attr-value","impact":null,"tags":["cat.aria","wcag2a","wcag412"],"description":"Ensures all ARIA attributes have valid values","help":"ARIA attributes must conform to valid values","helpUrl":"https://dequeuniversity.com/rules/axe/4.7/aria-valid-attr-value?application=axeAPI","nodes":[{"any":[],"all":[{"id":"aria-valid-attr-value","data":null,"relatedNodes":[],"impact":"critical","message":"ARIA attribute values are valid"},{"id":"aria-errormessage","data":null,"relatedNodes":[],"impact":"critical","message":"aria-errormessage exists and references elements visible to screen readers that use a supported aria-errormessage technique"},{"id":"aria-level","data":null,"relatedNodes":[],"impact":"serious","message":"aria-level values are valid"}],"none":[],"impact":null,"html":"<a class=\"nhsuk-skip-link\" href=\"#search-results-heading\" aria-label=\"17 jobs found for Admin within 5 miles of Manchester. Sorted by: Best Match . Skip to search filters\" id=\"skip_to_search_filters\">Skip to search filters</a>","target":["#skip_to_search_filters"]},{"any":[],"all":[{"id":"aria-valid-attr-value","data":null,"relatedNodes":[],"impact":"critical","message":"ARIA attribute values are valid"},{"id":"aria-errormessage","data":null,"relatedNodes":[],"impact":"critical","message":"aria-errormessage exists and references elements visible to screen readers that use a supported aria-errormessage technique"},{"id":"aria-level","data":null,"relatedNodes":[],"impact":"serious","message":"aria-level values are valid"}],"none":[],"impact":null,"html":"<a class=\"nhsuk-skip-link\" href=\"#first-result-title\" id=\"skipToSearchResults\" aria-label=\"Skip to search results\">Skip to search results</a>","target":["#skipToSearchResults"]},{"any":[],"all":[{"id":"aria-valid-attr-value","data":null,"relatedNodes":[],"impact":"critical","message":"ARIA attribute values are valid"},{"id":"aria-errormessage","data":null,"relatedNodes":[],"impact":"critical","message":"aria-errormessage exists and references elements visible to screen readers that use a supported aria-errormessage technique"},{"id":"aria-level","data":null,"relatedNodes":[],"impact":"serious","message":"aria-level values are valid"}],"none":[],"impact":null,"html":"<a href=\"/candidate/cookies\" id=\"change-cookies-settings\" aria-label=\"Go to the cookie information page\">change your cookie settings</a>","target":["#change-cookies-settings"]},{"any":[],"all":[{"id":"aria-valid-attr-value","data":null,"relatedNodes":[],"impact":"critical","message":"ARIA attribute values are valid"},{"id":"aria-errormessage","data":null,"relatedNodes":[],"impact":"critical","message":"aria-errormessage exists and references elements visible to screen readers that use a supported aria-errormessage technique"},{"id":"aria-level","data":null,"relatedNodes":[],"impact":"serious","message":"aria-level values are valid"}],"none":[],"impact":null,"html":"<a href=\"/candidate/dismiss-cookie-messages\" id=\"dismiss-cookie-messages\" aria-label=\"Dismiss information about cookie preferences\" style=\"float: right\">Hide</a>","target":["#dismiss-cookie-messages"]},{"any":[],"all":[{"id":"aria-valid-attr-value","data":null,"relatedNodes":[],"impact":"critical","message":"ARIA attribute values are valid"},{"id":"aria-errormessage","data":null,"relatedNodes":[],"impact":"critical","message":"aria-errormessage exists and references elements visible to screen readers that use a supported aria-errormessage technique"},{"id":"aria-level","data":null,"relatedNodes":[],"impact":"serious","message":"aria-level values are valid"}],"none":[],"impact":null,"html":"<a class=\"nhsuk-header__link nhsuk-header__link--service nhsuk-header__link--service-short-name\" href=\"/candidate\" aria-label=\"NHS jobs homepage\">","target":[".nhsuk-header__link"]},{"any":[],"all":[{"id":"aria-valid-attr-value","data":null,"relatedNodes":[],"impact":"critical","message":"ARIA attribute values are valid"},{"id":"aria-errormessage","data":null,"relatedNodes":[],"impact":"critical","message":"aria-errormessage exists and references elements visible to screen readers that use a supported aria-errormessage technique"},{"id":"aria-level","data":null,"relatedNodes":[],"impact":"serious","message":"aria-level values are valid"}],"none":[],"impact":null,"html":"<nav class=\"gem-c-translation-nav hide-mobile nhsuk-u-margin-0 nhsuk-u-padding-left-7\" aria-label=\"Translations\">","target":[".gem-c-translation-nav"]},{"any":[],"all":[{"id":"aria-valid-attr-value","data":null,"relatedNodes":[],"impact":"critical","message":"ARIA attribute values are valid"},{"id":"aria-errormessage","data":null,"relatedNodes":[],"impact":"critical","message":"aria-errormessage exists and references elements visible to screen readers that use a supported aria-errormessage technique"},{"id":"aria-level","data":null,"relatedNodes":[],"impact":"serious","message":"aria-level values are valid"}],"none":[],"impact":null,"html":"<nav class=\"nhsuk-header__navigation\" id=\"header-navigation\" role=\"navigation\" aria-label=\"Primary navigation\" aria-labelledby=\"label-navigation\">","target":["#header-navigation"]},{"any":[],"all":[{"id":"aria-valid-attr-value","data":null,"relatedNodes":[],"impact":"critical","message":"ARIA attribute values are valid"},{"id":"aria-errormessage","data":null,"relatedNodes":[],"impact":"critical","message":"aria-errormessage exists and references elements visible to screen readers that use a supported aria-errormessage technique"},{"id":"aria-level","data":null,"relatedNodes":[],"impact":"serious","message":"aria-level values are valid"}],"none":[],"impact":null,"html":"<div class=\"beta-banner\" aria-label=\"beta-banner\" role=\"complementary\">","target":[".beta-banner"]},{"any":[],"all":[{"id":"aria-valid-attr-value","data":null,"relatedNodes":[],"impact":"critical","message":"ARIA attribute values are valid"},{"id":"aria-errormessage","data":null,"relatedNodes":[],"impact":"critical","message":"aria-errormessage exists and references elements visible to screen readers that use a supported aria-errormessage technique"},{"id":"aria-level","data":null,"relatedNodes":[],"impact":"serious","message":"aria-level values are valid"}],"none":[],"impact":null,"html":"<h1 data-test=\"search-result-query\" id=\"search-results-heading\" class=\"nhsuk-heading-xl nhsuk-u-padding-left-4 nhsuk-u-margin-bottom-4\" aria-label=\"17 jobs found for Admin within 5 miles of Manchester. Sorted by: Best Match\">","target":["#search-results-heading"]},{"any":[],"all":[{"id":"aria-valid-attr-value","data":null,"relatedNodes":[],"impact":"critical","message":"ARIA attribute values are valid"},{"id":"aria-errormessage","data":null,"relatedNodes":[],"impact":"critical","message":"aria-errormessage exists and references elements visible to screen readers that use a supported aria-errormessage technique"},{"id":"aria-level","data":null,"relatedNodes":[],"impact":"serious","message":"aria-level values are valid"}],"none":[],"impact":null,"html":"<input name=\"keyword\" id=\"keyword\" value=\"Admin\" class=\"nhsuk-input nhsuk-u--width-full\" type=\"search\" data-test=\"search-jobTitle-input\" aria-label=\"Search What? For example, job title or skills\">","target":["#keyword"]},{"any":[],"all":[{"id":"aria-valid-attr-value","data":null,"relatedNodes":[],"impact":"critical","message":"ARIA attribute values are valid"},{"id":"aria-errormessage","data":null,"relatedNodes":[],"impact":"critical","message":"aria-errormessage exists and references elements visible to screen readers that use a supported aria-errormessage technique"},{"id":"aria-level","data":null,"relatedNodes":[],"impact":"serious","message":"aria-level values are valid"}],"none":[],"impact":null,"html":"<div id=\"location__status--A\" role=\"status\" aria-atomic=\"true\" aria-live=\"polite\"></div>","target":["#location__status--A"]},{"any":[],"all":[{"id":"aria-valid-attr-value","data":null,"relatedNodes":[],"impact":"critical","message":"ARIA attribute values are valid"},{"id":"aria-errormessage","data":null,"relatedNodes":[],"impact":"critical","message":"aria-errormessage exists and references elements visible to screen readers that use a supported aria-errormessage technique"},{"id":"aria-level","data":null,"relatedNodes":[],"impact":"serious","message":"aria-level values are valid"}],"none":[],"impact":null,"html":"<div id=\"location__status--B\" role=\"status\" aria-atomic=\"true\" aria-live=\"polite\"></div>","target":["#location__status--B"]},{"any":[],"all":[{"id":"aria-valid-attr-value","data":null,"relatedNodes":[],"impact":"critical","message":"ARIA attribute values are valid"},{"id":"aria-errormessage","data":null,"relatedNodes":[],"impact":"critical","message":"aria-errormessage exists and references elements visible to screen readers that use a supported aria-errormessage technique"},{"id":"aria-level","data":null,"relatedNodes":[],"impact":"serious","message":"aria-level values are valid"}],"none":[],"impact":null,"html":"<input aria-describedby=\"location__assistiveHint\" aria-expanded=\"false\" aria-controls=\"location__listbox\" aria-autocomplete=\"list\" autocomplete=\"off\" class=\"nhsuk-input nhsuk-u--width-full\" id=\"location\" name=\"location\" placeholder=\"\" type=\"search\" role=\"combobox\" data-test=\"search-location-input\" aria-label=\"Search Where? For example, a postcode, town or city, search text field\">","target":["#location"]},{"any":[],"all":[{"id":"aria-valid-attr-value","data":null,"relatedNodes":[],"impact":"critical","message":"ARIA attribute values are valid"},{"id":"aria-errormessage","data":null,"relatedNodes":[],"impact":"critical","message":"aria-errormessage exists and references elements visible to screen readers that use a supported aria-errormessage technique"},{"id":"aria-level","data":null,"relatedNodes":[],"impact":"serious","message":"aria-level values are valid"}],"none":[],"impact":null,"html":"<summary class=\"nhsuk-details__summary\" role=\"button\" aria-controls=\"distance-details\" aria-expanded=\"false\" data-test=\"distance\">\n                <span class=\"nhsuk-details__summary-text\">\n                    Distance\n                </span>\n            </summary>","target":["summary[aria-controls=\"distance-details\"]"]},{"any":[],"all":[{"id":"aria-valid-attr-value","data":null,"relatedNodes":[],"impact":"critical","message":"ARIA attribute values are valid"},{"id":"aria-errormessage","data":null,"relatedNodes":[],"impact":"critical","message":"aria-errormessage exists and references elements visible to screen readers that use a supported aria-errormessage technique"},{"id":"aria-level","data":null,"relatedNodes":[],"impact":"serious","message":"aria-level values are valid"}],"none":[],"impact":null,"html":"<div class=\"nhsuk-details__text\" id=\"distance_wrapper\" aria-hidden=\"false\">","target":["#distance_wrapper"]},{"any":[],"all":[{"id":"aria-valid-attr-value","data":null,"relatedNodes":[],"impact":"critical","message":"ARIA attribute values are valid"},{"id":"aria-errormessage","data":null,"relatedNodes":[],"impact":"critical","message":"aria-errormessage exists and references elements visible to screen readers that use a supported aria-errormessage technique"},{"id":"aria-level","data":null,"relatedNodes":[],"impact":"serious","message":"aria-level values are valid"}],"none":[],"impact":null,"html":"<summary class=\"nhsuk-details__summary\" role=\"button\" aria-controls=\"covid-jobs-only\" aria-expanded=\"false\" data-test=\"filter-covid-only\">\n                <span class=\"nhsuk-details__summary-text\">\n                    COVID-19\n                </span>\n            </summary>","target":["summary[aria-controls=\"covid-jobs-only\"]"]},{"any":[],"all":[{"id":"aria-valid-attr-value","data":null,"relatedNodes":[],"impact":"critical","message":"ARIA attribute values are valid"},{"id":"aria-errormessage","data":null,"relatedNodes":[],"impact":"critical","message":"aria-errormessage exists and references elements visible to screen readers that use a supported aria-errormessage technique"},{"id":"aria-level","data":null,"relatedNodes":[],"impact":"serious","message":"aria-level values are valid"}],"none":[],"impact":null,"html":"<summary id=\"working-patterns-expander\" class=\"nhsuk-details__summary \" role=\"button\" aria-controls=\"working-pattern-details\" aria-expanded=\"false\" data-test=\"filter-working-pattern\">","target":["#working-patterns-expander"]},{"any":[],"all":[{"id":"aria-valid-attr-value","data":null,"relatedNodes":[],"impact":"critical","message":"ARIA attribute values are valid"},{"id":"aria-errormessage","data":null,"relatedNodes":[],"impact":"critical","message":"aria-errormessage exists and references elements visible to screen readers that use a supported aria-errormessage technique"},{"id":"aria-level","data":null,"relatedNodes":[],"impact":"serious","message":"aria-level values are valid"}],"none":[],"impact":null,"html":"<summary class=\"nhsuk-details__summary\" role=\"button\" aria-controls=\"contract-type-details\" aria-expanded=\"false\" data-test=\"filter-contract-type\">\n                <span class=\"nhsuk-details__summary-text\">Contract type</span>\n            </summary>","target":["summary[aria-controls=\"contract-type-details\"]"]},{"any":[],"all":[{"id":"aria-valid-attr-value","data":null,"relatedNodes":[],"impact":"critical","message":"ARIA attribute values are valid"},{"id":"aria-errormessage","data":null,"relatedNodes":[],"impact":"critical","message":"aria-errormessage exists and references elements visible to screen readers that use a supported aria-errormessage technique"},{"id":"aria-level","data":null,"relatedNodes":[],"impact":"serious","message":"aria-level values are valid"}],"none":[],"impact":null,"html":"<summary class=\"nhsuk-details__summary\" role=\"button\" aria-controls=\"staff-group-details\" aria-expanded=\"false\" data-test=\"filter-staff-group\">\n                <span class=\"nhsuk-details__summary-text\">\n                    Staff group\n                </span>\n            </summary>","target":["summary[aria-controls=\"staff-group-details\"]"]},{"any":[],"all":[{"id":"aria-valid-attr-value","data":null,"relatedNodes":[],"impact":"critical","message":"ARIA attribute values are valid"},{"id":"aria-errormessage","data":null,"relatedNodes":[],"impact":"critical","message":"aria-errormessage exists and references elements visible to screen readers that use a supported aria-errormessage technique"},{"id":"aria-level","data":null,"relatedNodes":[],"impact":"serious","message":"aria-level values are valid"}],"none":[],"impact":null,"html":"<summary class=\"nhsuk-details__summary\" role=\"button\" aria-controls=\"pay-range-details\" aria-expanded=\"false\" data-test=\"filter-pay-range\">\n                <span class=\"nhsuk-details__summary-text\">\n                    Pay range\n                </span>\n            </summary>","target":["summary[aria-controls=\"pay-range-details\"]"]},{"any":[],"all":[{"id":"aria-valid-attr-value","data":null,"relatedNodes":[],"impact":"critical","message":"ARIA attribute values are valid"},{"id":"aria-errormessage","data":null,"relatedNodes":[],"impact":"critical","message":"aria-errormessage exists and references elements visible to screen readers that use a supported aria-errormessage technique"},{"id":"aria-level","data":null,"relatedNodes":[],"impact":"serious","message":"aria-level values are valid"}],"none":[],"impact":null,"html":"<summary class=\"nhsuk-details__summary\" role=\"button\" aria-controls=\"pay-band-details\" aria-expanded=\"false\" data-test=\"filter-pay-band\">","target":["summary[aria-controls=\"pay-band-details\"]"]},{"any":[],"all":[{"id":"aria-valid-attr-value","data":null,"relatedNodes":[],"impact":"critical","message":"ARIA attribute values are valid"},{"id":"aria-errormessage","data":null,"relatedNodes":[],"impact":"critical","message":"aria-errormessage exists and references elements visible to screen readers that use a supported aria-errormessage technique"},{"id":"aria-level","data":null,"relatedNodes":[],"impact":"serious","message":"aria-level values are valid"}],"none":[],"impact":null,"html":"<a href=\"/candidate/search/save-job/A1797-25-00491\" data-test=\"search-result-save-job\" aria-label=\"Save this job: Assistant Admin Manager (Reference number: A1797-25-00491)\">\n              Save this job\n            </a>","target":[".nhsuk-list-panel.search-result.nhsuk-u-padding-3:nth-child(1) > .nhsuk-grid-row:nth-child(1) > .save-job.nhsuk-u-margin-right-3 > a[data-test=\"search-result-save-job\"]"]},{"any":[],"all":[{"id":"aria-valid-attr-value","data":null,"relatedNodes":[],"impact":"critical","message":"ARIA attribute values are valid"},{"id":"aria-errormessage","data":null,"relatedNodes":[],"impact":"critical","message":"aria-errormessage exists and references elements visible to screen readers that use a supported aria-errormessage technique"},{"id":"aria-level","data":null,"relatedNodes":[],"impact":"serious","message":"aria-level values are valid"}],"none":[],"impact":null,"html":"<a href=\"/candidate/search/save-job/C9349-25-1873\" data-test=\"search-result-save-job\" aria-label=\"Save this job: Reception &amp; Admin Assistant (Reference number: C9349-25-1873)\">\n              Save this job\n            </a>","target":[".nhsuk-list-panel.search-result.nhsuk-u-padding-3:nth-child(2) > .nhsuk-grid-row:nth-child(1) > .save-job.nhsuk-u-margin-right-3 > a[data-test=\"search-result-save-job\"]"]},{"any":[],"all":[{"id":"aria-valid-attr-value","data":null,"relatedNodes":[],"impact":"critical","message":"ARIA attribute values are valid"},{"id":"aria-errormessage","data":null,"relatedNodes":[],"impact":"critical","message":"aria-errormessage exists and references elements visible to screen readers that use a supported aria-errormessage technique"},{"id":"aria-level","data":null,"relatedNodes":[],"impact":"serious","message":"aria-level values are valid"}],"none":[],"impact":null,"html":"<a href=\"/candidate/search/save-job/A3462-25-0001\" data-test=\"search-result-save-job\" aria-label=\"Save this job: Experienced Medical Receptionist (Reference number: A3462-25-0001)\">\n              Save this job\n            </a>","target":[".nhsuk-list-panel.search-result.nhsuk-u-padding-3:nth-child(3) > .nhsuk-grid-row:nth-child(1) > .save-job.nhsuk-u-margin-right-3 > a[data-test=\"search-result-save-job\"]"]},{"any":[],"all":[{"id":"aria-valid-attr-value","data":null,"relatedNodes":[],"impact":"critical","message":"ARIA attribute values are valid"},{"id":"aria-errormessage","data":null,"relatedNodes":[],"impact":"critical","message":"aria-errormessage exists and references elements visible to screen readers that use a supported aria-errormessage technique"},{"id":"aria-level","data":null,"relatedNodes":[],"impact":"serious","message":"aria-level values are valid"}],"none":[],"impact":null,"html":"<a href=\"/candidate/search/save-job/C9437-25-0495\" data-test=\"search-result-save-job\" aria-label=\"Save this job: Senior Administrator (Reference number: C9437-25-0495)\">\n              Save this job\n            </a>","target":[".nhsuk-list-panel.search-result.nhsuk-u-padding-3:nth-child(4) > .nhsuk-grid-row:nth-child(1) > .save-job.nhsuk-u-margin-right-3 > a[data-test=\"search-result-save-job\"]"]},{"any":[],"all":[{"id":"aria-valid-attr-value","data":null,"relatedNodes":[],"impact":"critical","message":"ARIA attribute values are valid"},{"id":"aria-errormessage","data":null,"relatedNodes":[],"impact":"critical","message":"aria-errormessage exists and references elements visible to screen readers that use a supported aria-errormessage technique"},{"id":"aria-level","data":null,"relatedNodes":[],"impact":"serious","message":"aria-level values are valid"}],"none":[],"impact":null,"html":"<a href=\"/candidate/search/save-job/C9437-25-0503\" data-test=\"search-result-save-job\" aria-label=\"Save this job: Team Administrator (Reference number: C9437-25-0503)\">\n              Save this job\n            </a>","target":[".nhsuk-list-panel.search-result.nhsuk-u-padding-3:nth-child(5) > .nhsuk-grid-row:nth-child(1) > .save-job.nhsuk-u-margin-right-3 > a[data-test=\"search-result-save-job\"]"]},{"any":[],"all":[{"id":"aria-valid-attr-value","data":null,"relatedNodes":[],"impact":"critical","message":"ARIA attribute values are valid"},{"id":"aria-errormessage","data":null,"relatedNodes":[],"impact":"critical","message":"aria-errormessage exists and references elements visible to screen readers that use a supported aria-errormessage technique"},{"id":"aria-level","data":null,"relatedNodes":[],"impact":"serious","message":"aria-level values are valid"}],"none":[],"impact":null,"html":"<a href=\"/candidate/search/save-job/C9413-25-0429\" data-test=\"search-result-save-job\" aria-label=\"Save this job: Locum Consultant in Medical Oncology - HPB &amp; NET (Reference number: C9413-25-0429)\">\n              Save this job\n            </a>","target":[".nhsuk-list-panel.search-result.nhsuk-u-padding-3:nth-child(6) > .nhsuk-grid-row:nth-child(1) > .save-job.nhsuk-u-margin-right-3 > a[data-test=\"search-result-save-job\"]"]},{"any":[],"all":[{"id":"aria-valid-attr-value","data":null,"relatedNodes":[],"impact":"critical","message":"ARIA attribute values are valid"},{"id":"aria-errormessage","data":null,"relatedNodes":[],"impact":"critical","message":"aria-errormessage exists and references elements visible to screen readers that use a supported aria-errormessage technique"},{"id":"aria-level","data":null,"relatedNodes":[],"impact":"serious","message":"aria-level values are valid"}],"none":[],"impact":null,"html":"<a href=\"/candidate/search/save-job/A4025-25-0005\" data-test=\"search-result-save-job\" aria-label=\"Save this job: Medical Receptionist (Reference number: A4025-25-0005)\">\n              Save this job\n            </a>","target":[".nhsuk-list-panel.search-result.nhsuk-u-padding-3:nth-child(7) > .nhsuk-grid-row:nth-child(1) > .save-job.nhsuk-u-margin-right-3 > a[data-test=\"search-result-save-job\"]"]},{"any":[],"all":[{"id":"aria-valid-attr-value","data":null,"relatedNodes":[],"impact":"critical","message":"ARIA attribute values are valid"},{"id":"aria-errormessage","data":null,"relatedNodes":[],"impact":"critical","message":"aria-errormessage exists and references elements visible to screen readers that use a supported aria-errormessage technique"},{"id":"aria-level","data":null,"relatedNodes":[],"impact":"serious","message":"aria-level values are valid"}],"none":[],"impact":null,"html":"<a href=\"/candidate/search/save-job/C9413-25-0388\" data-test=\"search-result-save-job\" aria-label=\"Save this job: Consultant Clinical Oncology – Gynaecological Cancers. (Reference number: C9413-25-0388)\">\n              Save this job\n            </a>","target":[".nhsuk-list-panel.search-result.nhsuk-u-padding-3:nth-child(8) > .nhsuk-grid-row:nth-child(1) > .save-job.nhsuk-u-margin-right-3 > a[data-test=\"search-result-save-job\"]"]},{"any":[],"all":[{"id":"aria-valid-attr-value","data":null,"relatedNodes":[],"impact":"critical","message":"ARIA attribute values are valid"},{"id":"aria-errormessage","data":null,"relatedNodes":[],"impact":"critical","message":"aria-errormessage exists and references elements visible to screen readers that use a supported aria-errormessage technique"},{"id":"aria-level","data":null,"relatedNodes":[],"impact":"serious","message":"aria-level values are valid"}],"none":[],"impact":null,"html":"<a href=\"/candidate/search/save-job/C9413-25-0427\" data-test=\"search-result-save-job\" aria-label=\"Save this job: Support Secretary/Scheduler (Reference number: C9413-25-0427)\">\n              Save this job\n            </a>","target":[".nhsuk-list-panel.search-result.nhsuk-u-padding-3:nth-child(9) > .nhsuk-grid-row:nth-child(1) > .save-job.nhsuk-u-margin-right-3 > a[data-test=\"search-result-save-job\"]"]},{"any":[],"all":[{"id":"aria-valid-attr-value","data":null,"relatedNodes":[],"impact":"critical","message":"ARIA attribute values are valid"},{"id":"aria-errormessage","data":null,"relatedNodes":[],"impact":"critical","message":"aria-errormessage exists and references elements visible to screen readers that use a supported aria-errormessage technique"},{"id":"aria-level","data":null,"relatedNodes":[],"impact":"serious","message":"aria-level values are valid"}],"none":[],"impact":null,"html":"<a href=\"/candidate/search/save-job/E0459-25-0014\" data-test=\"search-result-save-job\" aria-label=\"Save this job: Psychologist Autism Assessor (ADOS and/or ADIR trained) - CYP (Reference number: E0459-25-0014)\">\n              Save this job\n            </a>","target":[".nhsuk-list-panel.search-result.nhsuk-u-padding-3:nth-child(10) > .nhsuk-grid-row:nth-child(1) > .save-job.nhsuk-u-margin-right-3 > a[data-test=\"search-result-save-job\"]"]},{"any":[],"all":[{"id":"aria-valid-attr-value","data":null,"relatedNodes":[],"impact":"critical","message":"ARIA attribute values are valid"},{"id":"aria-errormessage","data":null,"relatedNodes":[],"impact":"critical","message":"aria-errormessage exists and references elements visible to screen readers that use a supported aria-errormessage technique"},{"id":"aria-level","data":null,"relatedNodes":[],"impact":"serious","message":"aria-level values are valid"}],"none":[],"impact":null,"html":"<nav class=\"nhsuk-pagination\" role=\"navigation\" aria-label=\"Pagination\">","target":[".nhsuk-pagination"]}]},{"id":"aria-valid-attr","impact":null,"tags":["cat.aria","wcag2a","wcag412"],"description":"Ensures attributes that begin with aria- are valid ARIA attributes","help":"ARIA attributes must conform to valid names","helpUrl":"https://dequeuniversity.com/rules/axe/4.7/aria-valid-attr?application=axeAPI","nodes":[{"any":[{"id":"aria-valid-attr","data":null,"relatedNodes":[],"impact":"critical","message":"ARIA attribute name is valid"}],"all":[],"none":[],"impact":null,"html":"<a class=\"nhsuk-skip-link\" href=\"#search-results-heading\" aria-label=\"17 jobs found for Admin within 5 miles of Manchester. Sorted by: Best Match . Skip to search filters\" id=\"skip_to_search_filters\">Skip to search filters</a>","target":["#skip_to_search_filters"]},{"any":[{"id":"aria-valid-attr","data":null,"relatedNodes":[],"impact":"critical","message":"ARIA attribute name is valid"}],"all":[],"none":[],"impact":null,"html":"<a class=\"nhsuk-skip-link\" href=\"#first-result-title\" id=\"skipToSearchResults\" aria-label=\"Skip to search results\">Skip to search results</a>","target":["#skipToSearchResults"]},{"any":[{"id":"aria-valid-attr","data":null,"relatedNodes":[],"impact":"critical","message":"ARIA attribute name is valid"}],"all":[],"none":[],"impact":null,"html":"<a href=\"/candidate/cookies\" id=\"change-cookies-settings\" aria-label=\"Go to the cookie information page\">change your cookie settings</a>","target":["#change-cookies-settings"]},{"any":[{"id":"aria-valid-attr","data":null,"relatedNodes":[],"impact":"critical","message":"ARIA attribute name is valid"}],"all":[],"none":[],"impact":null,"html":"<a href=\"/candidate/dismiss-cookie-messages\" id=\"dismiss-cookie-messages\" aria-label=\"Dismiss information about cookie preferences\" style=\"float: right\">Hide</a>","target":["#dismiss-cookie-messages"]},{"any":[{"id":"aria-valid-attr","data":null,"relatedNodes":[],"impact":"critical","message":"ARIA attribute name is valid"}],"all":[],"none":[],"impact":null,"html":"<a class=\"nhsuk-header__link nhsuk-header__link--service nhsuk-header__link--service-short-name\" href=\"/candidate\" aria-label=\"NHS jobs homepage\">","target":[".nhsuk-header__link"]},{"any":[{"id":"aria-valid-attr","data":null,"relatedNodes":[],"impact":"critical","message":"ARIA attribute name is valid"}],"all":[],"none":[],"impact":null,"html":"<nav class=\"gem-c-translation-nav hide-mobile nhsuk-u-margin-0 nhsuk-u-padding-left-7\" aria-label=\"Translations\">","target":[".gem-c-translation-nav"]},{"any":[{"id":"aria-valid-attr","data":null,"relatedNodes":[],"impact":"critical","message":"ARIA attribute name is valid"}],"all":[],"none":[],"impact":null,"html":"<nav class=\"nhsuk-header__navigation\" id=\"header-navigation\" role=\"navigation\" aria-label=\"Primary navigation\" aria-labelledby=\"label-navigation\">","target":["#header-navigation"]},{"any":[{"id":"aria-valid-attr","data":null,"relatedNodes":[],"impact":"critical","message":"ARIA attribute name is valid"}],"all":[],"none":[],"impact":null,"html":"<div class=\"beta-banner\" aria-label=\"beta-banner\" role=\"complementary\">","target":[".beta-banner"]},{"any":[{"id":"aria-valid-attr","data":null,"relatedNodes":[],"impact":"critical","message":"ARIA attribute name is valid"}],"all":[],"none":[],"impact":null,"html":"<h1 data-test=\"search-result-query\" id=\"search-results-heading\" class=\"nhsuk-heading-xl nhsuk-u-padding-left-4 nhsuk-u-margin-bottom-4\" aria-label=\"17 jobs found for Admin within 5 miles of Manchester. Sorted by: Best Match\">","target":["#search-results-heading"]},{"any":[{"id":"aria-valid-attr","data":null,"relatedNodes":[],"impact":"critical","message":"ARIA attribute name is valid"}],"all":[],"none":[],"impact":null,"html":"<input name=\"keyword\" id=\"keyword\" value=\"Admin\" class=\"nhsuk-input nhsuk-u--width-full\" type=\"search\" data-test=\"search-jobTitle-input\" aria-label=\"Search What? For example, job title or skills\">","target":["#keyword"]},{"any":[{"id":"aria-valid-attr","data":null,"relatedNodes":[],"impact":"critical","message":"ARIA attribute name is valid"}],"all":[],"none":[],"impact":null,"html":"<div id=\"location__status--A\" role=\"status\" aria-atomic=\"true\" aria-live=\"polite\"></div>","target":["#location__status--A"]},{"any":[{"id":"aria-valid-attr","data":null,"relatedNodes":[],"impact":"critical","message":"ARIA attribute name is valid"}],"all":[],"none":[],"impact":null,"html":"<div id=\"location__status--B\" role=\"status\" aria-atomic=\"true\" aria-live=\"polite\"></div>","target":["#location__status--B"]},{"any":[{"id":"aria-valid-attr","data":null,"relatedNodes":[],"impact":"critical","message":"ARIA attribute name is valid"}],"all":[],"none":[],"impact":null,"html":"<input aria-describedby=\"location__assistiveHint\" aria-expanded=\"false\" aria-controls=\"location__listbox\" aria-autocomplete=\"list\" autocomplete=\"off\" class=\"nhsuk-input nhsuk-u--width-full\" id=\"location\" name=\"location\" placeholder=\"\" type=\"search\" role=\"combobox\" data-test=\"search-location-input\" aria-label=\"Search Where? For example, a postcode, town or city, search text field\">","target":["#location"]},{"any":[{"id":"aria-valid-attr","data":null,"relatedNodes":[],"impact":"critical","message":"ARIA attribute name is valid"}],"all":[],"none":[],"impact":null,"html":"<summary class=\"nhsuk-details__summary\" role=\"button\" aria-controls=\"distance-details\" aria-expanded=\"false\" data-test=\"distance\">\n                <span class=\"nhsuk-details__summary-text\">\n                    Distance\n                </span>\n            </summary>","target":["summary[aria-controls=\"distance-details\"]"]},{"any":[{"id":"aria-valid-attr","data":null,"relatedNodes":[],"impact":"critical","message":"ARIA attribute name is valid"}],"all":[],"none":[],"impact":null,"html":"<div class=\"nhsuk-details__text\" id=\"distance_wrapper\" aria-hidden=\"false\">","target":["#distance_wrapper"]},{"any":[{"id":"aria-valid-attr","data":null,"relatedNodes":[],"impact":"critical","message":"ARIA attribute name is valid"}],"all":[],"none":[],"impact":null,"html":"<summary class=\"nhsuk-details__summary\" role=\"button\" aria-controls=\"covid-jobs-only\" aria-expanded=\"false\" data-test=\"filter-covid-only\">\n                <span class=\"nhsuk-details__summary-text\">\n                    COVID-19\n                </span>\n            </summary>","target":["summary[aria-controls=\"covid-jobs-only\"]"]},{"any":[{"id":"aria-valid-attr","data":null,"relatedNodes":[],"impact":"critical","message":"ARIA attribute name is valid"}],"all":[],"none":[],"impact":null,"html":"<summary id=\"working-patterns-expander\" class=\"nhsuk-details__summary \" role=\"button\" aria-controls=\"working-pattern-details\" aria-expanded=\"false\" data-test=\"filter-working-pattern\">","target":["#working-patterns-expander"]},{"any":[{"id":"aria-valid-attr","data":null,"relatedNodes":[],"impact":"critical","message":"ARIA attribute name is valid"}],"all":[],"none":[],"impact":null,"html":"<summary class=\"nhsuk-details__summary\" role=\"button\" aria-controls=\"contract-type-details\" aria-expanded=\"false\" data-test=\"filter-contract-type\">\n                <span class=\"nhsuk-details__summary-text\">Contract type</span>\n            </summary>","target":["summary[aria-controls=\"contract-type-details\"]"]},{"any":[{"id":"aria-valid-attr","data":null,"relatedNodes":[],"impact":"critical","message":"ARIA attribute name is valid"}],"all":[],"none":[],"impact":null,"html":"<summary class=\"nhsuk-details__summary\" role=\"button\" aria-controls=\"staff-group-details\" aria-expanded=\"false\" data-test=\"filter-staff-group\">\n                <span class=\"nhsuk-details__summary-text\">\n                    Staff group\n                </span>\n            </summary>","target":["summary[aria-controls=\"staff-group-details\"]"]},{"any":[{"id":"aria-valid-attr","data":null,"relatedNodes":[],"impact":"critical","message":"ARIA attribute name is valid"}],"all":[],"none":[],"impact":null,"html":"<summary class=\"nhsuk-details__summary\" role=\"button\" aria-controls=\"pay-range-details\" aria-expanded=\"false\" data-test=\"filter-pay-range\">\n                <span class=\"nhsuk-details__summary-text\">\n                    Pay range\n                </span>\n            </summary>","target":["summary[aria-controls=\"pay-range-details\"]"]},{"any":[{"id":"aria-valid-attr","data":null,"relatedNodes":[],"impact":"critical","message":"ARIA attribute name is valid"}],"all":[],"none":[],"impact":null,"html":"<summary class=\"nhsuk-details__summary\" role=\"button\" aria-controls=\"pay-band-details\" aria-expanded=\"false\" data-test=\"filter-pay-band\">","target":["summary[aria-controls=\"pay-band-details\"]"]},{"any":[{"id":"aria-valid-attr","data":null,"relatedNodes":[],"impact":"critical","message":"ARIA attribute name is valid"}],"all":[],"none":[],"impact":null,"html":"<a href=\"/candidate/search/save-job/A1797-25-00491\" data-test=\"search-result-save-job\" aria-label=\"Save this job: Assistant Admin Manager (Reference number: A1797-25-00491)\">\n              Save this job\n            </a>","target":[".nhsuk-list-panel.search-result.nhsuk-u-padding-3:nth-child(1) > .nhsuk-grid-row:nth-child(1) > .save-job.nhsuk-u-margin-right-3 > a[data-test=\"search-result-save-job\"]"]},{"any":[{"id":"aria-valid-attr","data":null,"relatedNodes":[],"impact":"critical","message":"ARIA attribute name is valid"}],"all":[],"none":[],"impact":null,"html":"<a href=\"/candidate/search/save-job/C9349-25-1873\" data-test=\"search-result-save-job\" aria-label=\"Save this job: Reception &amp; Admin Assistant (Reference number: C9349-25-1873)\">\n              Save this job\n            </a>","target":[".nhsuk-list-panel.search-result.nhsuk-u-padding-3:nth-child(2) > .nhsuk-grid-row:nth-child(1) > .save-job.nhsuk-u-margin-right-3 > a[data-test=\"search-result-save-job\"]"]},{"any":[{"id":"aria-valid-attr","data":null,"relatedNodes":[],"impact":"critical","message":"ARIA attribute name is valid"}],"all":[],"none":[],"impact":null,"html":"<a href=\"/candidate/search/save-job/A3462-25-0001\" data-test=\"search-result-save-job\" aria-label=\"Save this job: Experienced Medical Receptionist (Reference number: A3462-25-0001)\">\n              Save this job\n            </a>","target":[".nhsuk-list-panel.search-result.nhsuk-u-padding-3:nth-child(3) > .nhsuk-grid-row:nth-child(1) > .save-job.nhsuk-u-margin-right-3 > a[data-test=\"search-result-save-job\"]"]},{"any":[{"id":"aria-valid-attr","data":null,"relatedNodes":[],"impact":"critical","message":"ARIA attribute name is valid"}],"all":[],"none":[],"impact":null,"html":"<a href=\"/candidate/search/save-job/C9437-25-0495\" data-test=\"search-result-save-job\" aria-label=\"Save this job: Senior Administrator (Reference number: C9437-25-0495)\">\n              Save this job\n            </a>","target":[".nhsuk-list-panel.search-result.nhsuk-u-padding-3:nth-child(4) > .nhsuk-grid-row:nth-child(1) > .save-job.nhsuk-u-margin-right-3 > a[data-test=\"search-result-save-job\"]"]},{"any":[{"id":"aria-valid-attr","data":null,"relatedNodes":[],"impact":"critical","message":"ARIA attribute name is valid"}],"all":[],"none":[],"impact":null,"html":"<a href=\"/candidate/search/save-job/C9437-25-0503\" data-test=\"search-result-save-job\" aria-label=\"Save this job: Team Administrator (Reference number: C9437-25-0503)\">\n              Save this job\n            </a>","target":[".nhsuk-list-panel.search-result.nhsuk-u-padding-3:nth-child(5) > .nhsuk-grid-row:nth-child(1) > .save-job.nhsuk-u-margin-right-3 > a[data-test=\"search-result-save-job\"]"]},{"any":[{"id":"aria-valid-attr","data":null,"relatedNodes":[],"impact":"critical","message":"ARIA attribute name is valid"}],"all":[],"none":[],"impact":null,"html":"<a href=\"/candidate/search/save-job/C9413-25-0429\" data-test=\"search-result-save-job\" aria-label=\"Save this job: Locum Consultant in Medical Oncology - HPB &amp; NET (Reference number: C9413-25-0429)\">\n              Save this job\n            </a>","target":[".nhsuk-list-panel.search-result.nhsuk-u-padding-3:nth-child(6) > .nhsuk-grid-row:nth-child(1) > .save-job.nhsuk-u-margin-right-3 > a[data-test=\"search-result-save-job\"]"]},{"any":[{"id":"aria-valid-attr","data":null,"relatedNodes":[],"impact":"critical","message":"ARIA attribute name is valid"}],"all":[],"none":[],"impact":null,"html":"<a href=\"/candidate/search/save-job/A4025-25-0005\" data-test=\"search-result-save-job\" aria-label=\"Save this job: Medical Receptionist (Reference number: A4025-25-0005)\">\n              Save this job\n            </a>","target":[".nhsuk-list-panel.search-result.nhsuk-u-padding-3:nth-child(7) > .nhsuk-grid-row:nth-child(1) > .save-job.nhsuk-u-margin-right-3 > a[data-test=\"search-result-save-job\"]"]},{"any":[{"id":"aria-valid-attr","data":null,"relatedNodes":[],"impact":"critical","message":"ARIA attribute name is valid"}],"all":[],"none":[],"impact":null,"html":"<a href=\"/candidate/search/save-job/C9413-25-0388\" data-test=\"search-result-save-job\" aria-label=\"Save this job: Consultant Clinical Oncology – Gynaecological Cancers. (Reference number: C9413-25-0388)\">\n              Save this job\n            </a>","target":[".nhsuk-list-panel.search-result.nhsuk-u-padding-3:nth-child(8) > .nhsuk-grid-row:nth-child(1) > .save-job.nhsuk-u-margin-right-3 > a[data-test=\"search-result-save-job\"]"]},{"any":[{"id":"aria-valid-attr","data":null,"relatedNodes":[],"impact":"critical","message":"ARIA attribute name is valid"}],"all":[],"none":[],"impact":null,"html":"<a href=\"/candidate/search/save-job/C9413-25-0427\" data-test=\"search-result-save-job\" aria-label=\"Save this job: Support Secretary/Scheduler (Reference number: C9413-25-0427)\">\n              Save this job\n            </a>","target":[".nhsuk-list-panel.search-result.nhsuk-u-padding-3:nth-child(9) > .nhsuk-grid-row:nth-child(1) > .save-job.nhsuk-u-margin-right-3 > a[data-test=\"search-result-save-job\"]"]},{"any":[{"id":"aria-valid-attr","data":null,"relatedNodes":[],"impact":"critical","message":"ARIA attribute name is valid"}],"all":[],"none":[],"impact":null,"html":"<a href=\"/candidate/search/save-job/E0459-25-0014\" data-test=\"search-result-save-job\" aria-label=\"Save this job: Psychologist Autism Assessor (ADOS and/or ADIR trained) - CYP (Reference number: E0459-25-0014)\">\n              Save this job\n            </a>","target":[".nhsuk-list-panel.search-result.nhsuk-u-padding-3:nth-child(10) > .nhsuk-grid-row:nth-child(1) > .save-job.nhsuk-u-margin-right-3 > a[data-test=\"search-result-save-job\"]"]},{"any":[{"id":"aria-valid-attr","data":null,"relatedNodes":[],"impact":"critical","message":"ARIA attribute name is valid"}],"all":[],"none":[],"impact":null,"html":"<nav class=\"nhsuk-pagination\" role=\"navigation\" aria-label=\"Pagination\">","target":[".nhsuk-pagination"]}]},{"id":"autocomplete-valid","impact":null,"tags":["cat.forms","wcag21aa","wcag135","ACT"],"description":"Ensure the autocomplete attribute is correct and suitable for the form field","help":"autocomplete attribute must be used correctly","helpUrl":"https://dequeuniversity.com/rules/axe/4.7/autocomplete-valid?application=axeAPI","nodes":[{"any":[],"all":[{"id":"autocomplete-valid","data":null,"relatedNodes":[],"impact":"serious","message":"the autocomplete attribute is correctly formatted"}],"none":[],"impact":null,"html":"<input aria-describedby=\"location__assistiveHint\" aria-expanded=\"false\" aria-controls=\"location__listbox\" aria-autocomplete=\"list\" autocomplete=\"off\" class=\"nhsuk-input nhsuk-u--width-full\" id=\"location\" name=\"location\" placeholder=\"\" type=\"search\" role=\"combobox\" data-test=\"search-location-input\" aria-label=\"Search Where? For example, a postcode, town or city, search text field\">","target":["#location"]}]},{"id":"avoid-inline-spacing","impact":null,"tags":["cat.structure","wcag21aa","wcag1412","ACT"],"description":"Ensure that text spacing set through style attributes can be adjusted with custom stylesheets","help":"Inline text spacing must be adjustable with custom stylesheets","helpUrl":"https://dequeuniversity.com/rules/axe/4.7/avoid-inline-spacing?application=axeAPI","nodes":[{"any":[],"all":[{"id":"important-letter-spacing","data":null,"relatedNodes":[],"impact":"serious","message":"Letter-spacing in the style attribute is not set to !important, or meets the minimum"},{"id":"important-word-spacing","data":null,"relatedNodes":[],"impact":"serious","message":"word-spacing in the style attribute is not set to !important, or meets the minimum"},{"id":"important-line-height","data":null,"relatedNodes":[],"impact":"serious","message":"line-height in the style attribute is not set to !important, or meets the minimum"}],"none":[],"impact":null,"html":"<html lang=\"en\" style=\"\">","target":["html"]},{"any":[],"all":[{"id":"important-letter-spacing","data":null,"relatedNodes":[],"impact":"serious","message":"Letter-spacing in the style attribute is not set to !important, or meets the minimum"},{"id":"important-word-spacing","data":null,"relatedNodes":[],"impact":"serious","message":"word-spacing in the style attribute is not set to !important, or meets the minimum"},{"id":"important-line-height","data":null,"relatedNodes":[],"impact":"serious","message":"line-height in the style attribute is not set to !important, or meets the minimum"}],"none":[],"impact":null,"html":"<a href=\"/candidate/dismiss-cookie-messages\" id=\"dismiss-cookie-messages\" aria-label=\"Dismiss information about cookie preferences\" style=\"float: right\">Hide</a>","target":["#dismiss-cookie-messages"]},{"any":[],"all":[{"id":"important-letter-spacing","data":null,"relatedNodes":[],"impact":"serious","message":"Letter-spacing in the style attribute is not set to !important, or meets the minimum"},{"id":"important-word-spacing","data":null,"relatedNodes":[],"impact":"serious","message":"word-spacing in the style attribute is not set to !important, or meets the minimum"},{"id":"important-line-height","data":null,"relatedNodes":[],"impact":"serious","message":"line-height in the style attribute is not set to !important, or meets the minimum"}],"none":[],"impact":null,"html":"<div class=\"nhsuk-grid-row\" style=\"padding-left: 1em;\">","target":["#searchFilterRibbon > .nhsuk-grid-row"]},{"any":[],"all":[{"id":"important-letter-spacing","data":null,"relatedNodes":[],"impact":"serious","message":"Letter-spacing in the style attribute is not set to !important, or meets the minimum"},{"id":"important-word-spacing","data":null,"relatedNodes":[],"impact":"serious","message":"word-spacing in the style attribute is not set to !important, or meets the minimum"},{"id":"important-line-height","data":null,"relatedNodes":[],"impact":"serious","message":"line-height in the style attribute is not set to !important, or meets the minimum"}],"none":[],"impact":null,"html":"<div class=\"nhsuk-grid-column-two-quarters\" style=\"padding-top: 30px;\">","target":[".nhsuk-grid-column-two-quarters"]},{"any":[],"all":[{"id":"important-letter-spacing","data":null,"relatedNodes":[],"impact":"serious","message":"Letter-spacing in the style attribute is not set to !important, or meets the minimum"},{"id":"important-word-spacing","data":null,"relatedNodes":[],"impact":"serious","message":"word-spacing in the style attribute is not set to !important, or meets the minimum"},{"id":"important-line-height","data":null,"relatedNodes":[],"impact":"serious","message":"line-height in the style attribute is not set to !important, or meets the minimum"}],"none":[],"impact":null,"html":"<div class=\"hide-label nhsuk-u-margin-bottom-3 search-sort-wrapper results-found\" style=\"display: flex; align-items: center;\">","target":[".hide-label"]},{"any":[],"all":[{"id":"important-letter-spacing","data":null,"relatedNodes":[],"impact":"serious","message":"Letter-spacing in the style attribute is not set to !important, or meets the minimum"},{"id":"important-word-spacing","data":null,"relatedNodes":[],"impact":"serious","message":"word-spacing in the style attribute is not set to !important, or meets the minimum"},{"id":"important-line-height","data":null,"relatedNodes":[],"impact":"serious","message":"line-height in the style attribute is not set to !important, or meets the minimum"}],"none":[],"impact":null,"html":"<div class=\"nhsuk-form-group nhsuk-grid-column-auto\" style=\"margin-left: auto;\">","target":[".nhsuk-grid-column-auto"]}]},{"id":"button-name","impact":null,"tags":["cat.name-role-value","wcag2a","wcag412","section508","section508.22.a","ACT","TTv5","TT6.a"],"description":"Ensures buttons have discernible text","help":"Buttons must have discernible text","helpUrl":"https://dequeuniversity.com/rules/axe/4.7/button-name?application=axeAPI","nodes":[{"any":[{"id":"button-has-visible-text","data":null,"relatedNodes":[],"impact":"critical","message":"Element has inner text that is visible to screen readers"}],"all":[],"none":[],"impact":null,"html":"<button class=\"nhsuk-button  nhsuk-u-padding-top-2 nhsuk-u-padding-bottom-2\" type=\"submit\" id=\"search\" data-test=\"search-button\">Search</button>","target":["#search"]}]},{"id":"bypass","impact":null,"tags":["cat.keyboard","wcag2a","wcag241","section508","section508.22.o","TTv5","TT9.a"],"description":"Ensures each page has at least one mechanism for a user to bypass navigation and jump straight to the content","help":"Page must have means to bypass repeated blocks","helpUrl":"https://dequeuniversity.com/rules/axe/4.7/bypass?application=axeAPI","nodes":[{"any":[{"id":"internal-link-present","data":null,"relatedNodes":[],"impact":"serious","message":"Valid skip link found"},{"id":"header-present","data":null,"relatedNodes":[{"html":"<h1 data-test=\"search-result-query\" id=\"search-results-heading\" class=\"nhsuk-heading-xl nhsuk-u-padding-left-4 nhsuk-u-margin-bottom-4\" aria-label=\"17 jobs found for Admin within 5 miles of Manchester. Sorted by: Best Match\">","target":["#search-results-heading"]},{"html":"<h2 class=\"nhsuk-heading-s\">Refine your search</h2>","target":[".nhsuk-heading-s"]},{"html":"<h3 class=\"nhsuk-heading-m\">\n    <a href=\"/candidate/search/save/alerts\" data-test=\"save-search\">Save this search</a>\n</h3>","target":[".hide-mobile > h3"]},{"html":"<h2 class=\"nhsuk-heading-m nhsuk-u-margin-bottom-2\" id=\"job-title-1\">","target":["#job-title-1"]},{"html":"<h3 class=\"nhsuk-u-font-weight-bold\">\n          Omnes Healthcare Limited \n          <div class=\"location-font-size\">\n            \n              Manchester M3 5NA\n            \n          </div>\n        </h3>","target":[".nhsuk-list-panel.search-result.nhsuk-u-padding-3:nth-child(1) > .nhsuk-u-margin-bottom-4[data-test=\"search-result-location\"] > h3"]},{"html":"<h2 class=\"nhsuk-heading-m nhsuk-u-margin-bottom-2\" id=\"job-title-2\">","target":["#job-title-2"]},{"html":"<h3 class=\"nhsuk-u-font-weight-bold\">\n          Manchester University NHS Foundation Trust\n          <div class=\"location-font-size\">\n            \n              Manchester M8 5RB\n            \n          </div>\n        </h3>","target":[".nhsuk-list-panel.search-result.nhsuk-u-padding-3:nth-child(2) > .nhsuk-u-margin-bottom-4[data-test=\"search-result-location\"] > h3"]},{"html":"<h2 class=\"nhsuk-heading-m nhsuk-u-margin-bottom-2\" id=\"job-title-3\">","target":["#job-title-3"]},{"html":"<h3 class=\"nhsuk-u-font-weight-bold\">\n          West Point Medical Centre\n          <div class=\"location-font-size\">\n            \n              Manchester M19 2AF\n            \n          </div>\n        </h3>","target":[".nhsuk-list-panel.search-result.nhsuk-u-padding-3:nth-child(3) > .nhsuk-u-margin-bottom-4[data-test=\"search-result-location\"] > h3"]},{"html":"<h2 class=\"nhsuk-heading-m nhsuk-u-margin-bottom-2\" id=\"job-title-4\">","target":["#job-title-4"]},{"html":"<h3 class=\"nhsuk-u-font-weight-bold\">\n          Greater Manchester Mental Health NHSFT\n          <div class=\"location-font-size\">\n            \n              Salford M7 2YL\n            \n          </div>\n        </h3>","target":[".nhsuk-list-panel.search-result.nhsuk-u-padding-3:nth-child(4) > .nhsuk-u-margin-bottom-4[data-test=\"search-result-location\"] > h3"]},{"html":"<h2 class=\"nhsuk-heading-m nhsuk-u-margin-bottom-2\" id=\"job-title-5\">","target":["#job-title-5"]},{"html":"<h3 class=\"nhsuk-u-font-weight-bold\">\n          Greater Manchester Mental Health NHSFT\n          <div class=\"location-font-size\">\n            \n              Manchester M60 9AH\n            \n          </div>\n        </h3>","target":[".nhsuk-list-panel.search-result.nhsuk-u-padding-3:nth-child(5) > .nhsuk-u-margin-bottom-4[data-test=\"search-result-location\"] > h3"]},{"html":"<h2 class=\"nhsuk-heading-m nhsuk-u-margin-bottom-2\" id=\"job-title-6\">","target":["#job-title-6"]},{"html":"<h3 class=\"nhsuk-u-font-weight-bold\">\n          The Christie NHS FT\n          <div class=\"location-font-size\">\n            \n              Manchester M20 4BX\n            \n          </div>\n        </h3>","target":[".nhsuk-list-panel.search-result.nhsuk-u-padding-3:nth-child(6) > .nhsuk-u-margin-bottom-4[data-test=\"search-result-location\"] > h3"]},{"html":"<h2 class=\"nhsuk-heading-m nhsuk-u-margin-bottom-2\" id=\"job-title-7\">","target":["#job-title-7"]},{"html":"<h3 class=\"nhsuk-u-font-weight-bold\">\n          North Trafford Group Practice\n          <div class=\"location-font-size\">\n            \n              Manchester M32 0PA, \n            \n              Manchester M160LW\n            \n          </div>\n        </h3>","target":[".nhsuk-list-panel.search-result.nhsuk-u-padding-3:nth-child(7) > .nhsuk-u-margin-bottom-4[data-test=\"search-result-location\"] > h3"]},{"html":"<h2 class=\"nhsuk-heading-m nhsuk-u-margin-bottom-2\" id=\"job-title-8\">","target":["#job-title-8"]},{"html":"<h3 class=\"nhsuk-u-font-weight-bold\">\n          The Christie NHS FT\n          <div class=\"location-font-size\">\n            \n              Manchester M20 4BX\n            \n          </div>\n        </h3>","target":[".nhsuk-list-panel.search-result.nhsuk-u-padding-3:nth-child(8) > .nhsuk-u-margin-bottom-4[data-test=\"search-result-location\"] > h3"]},{"html":"<h2 class=\"nhsuk-heading-m nhsuk-u-margin-bottom-2\" id=\"job-title-9\">","target":["#job-title-9"]},{"html":"<h3 class=\"nhsuk-u-font-weight-bold\">\n          The Christie NHS FT\n          <div class=\"location-font-size\">\n            \n              Manchester M20 4BX\n            \n          </div>\n        </h3>","target":[".nhsuk-list-panel.search-result.nhsuk-u-padding-3:nth-child(9) > .nhsuk-u-margin-bottom-4[data-test=\"search-result-location\"] > h3"]},{"html":"<h2 class=\"nhsuk-heading-m nhsuk-u-margin-bottom-2\" id=\"job-title-10\">","target":["#job-title-10"]},{"html":"<h3 class=\"nhsuk-u-font-weight-bold\">","target":[".nhsuk-list-panel.search-result.nhsuk-u-padding-3:nth-child(10) > .nhsuk-u-margin-bottom-4[data-test=\"search-result-location\"] > h3"]},{"html":"<h2 class=\"nhsuk-u-visually-hidden\">Support links</h2>","target":[".nhsuk-width-container > .nhsuk-u-visually-hidden"]}],"impact":"serious","message":"Page has a heading"},{"id":"landmark","data":null,"relatedNodes":[{"html":"<main class=\"nhsuk-main-wrapper \" id=\"maincontent\" role=\"main\">","target":["#maincontent"]}],"impact":"serious","message":"Page has a landmark region"}],"all":[],"none":[],"impact":null,"html":"<html lang=\"en\" style=\"\">","target":["html"]}]},{"id":"color-contrast","impact":null,"tags":["cat.color","wcag2aa","wcag143","ACT","TTv5","TT13.c"],"description":"Ensures the contrast between foreground and background colors meets WCAG 2 AA minimum contrast ratio thresholds","help":"Elements must meet minimum color contrast ratio thresholds","helpUrl":"https://dequeuniversity.com/rules/axe/4.7/color-contrast?application=axeAPI","nodes":[{"any":[{"id":"color-contrast","data":{"fgColor":"#212b32","bgColor":"#ffffff","contrastRatio":14.42,"fontSize":"12.0pt (16px)","fontWeight":"normal","expectedContrastRatio":"4.5:1"},"relatedNodes":[],"impact":"serious","message":"Element has sufficient color contrast of 14.42"}],"all":[],"none":[],"impact":null,"html":"<span id=\"accepted-cookies-message\">You’ve accepted analytics cookies. You can \n      <a href=\"/candidate/cookies\" id=\"change-cookies-settings\" aria-label=\"Go to the cookie information page\">change your cookie settings</a> at any time.</span>","target":["#accepted-cookies-message"]},{"any":[{"id":"color-contrast","data":{"fgColor":"#005eb8","bgColor":"#ffffff","contrastRatio":6.37,"fontSize":"12.0pt (16px)","fontWeight":"normal","expectedContrastRatio":"4.5:1"},"relatedNodes":[],"impact":"serious","message":"Element has sufficient color contrast of 6.37"}],"all":[],"none":[],"impact":null,"html":"<a href=\"/candidate/cookies\" id=\"change-cookies-settings\" aria-label=\"Go to the cookie information page\">change your cookie settings</a>","target":["#change-cookies-settings"]},{"any":[{"id":"color-contrast","data":{"fgColor":"#005eb8","bgColor":"#ffffff","contrastRatio":6.37,"fontSize":"12.0pt (16px)","fontWeight":"normal","expectedContrastRatio":"4.5:1"},"relatedNodes":[],"impact":"serious","message":"Element has sufficient color contrast of 6.37"}],"all":[],"none":[],"impact":null,"html":"<a href=\"/candidate/dismiss-cookie-messages\" id=\"dismiss-cookie-messages\" aria-label=\"Dismiss information about cookie preferences\" style=\"float: right\">Hide</a>","target":["#dismiss-cookie-messages"]},{"any":[{"id":"color-contrast","data":{"fgColor":"#ffffff","bgColor":"#005eb8","contrastRatio":6.37,"fontSize":"14.3pt (19px)","fontWeight":"normal","expectedContrastRatio":"4.5:1"},"relatedNodes":[],"impact":"serious","message":"Element has sufficient color contrast of 6.37"}],"all":[],"none":[],"impact":null,"html":"<div class=\"nhsuk-header__service-name\">Jobs</div>","target":[".nhsuk-header__service-name"]},{"any":[{"id":"color-contrast","data":{"fgColor":"#ffffff","bgColor":"#005eb8","contrastRatio":6.37,"fontSize":"14.3pt (19px)","fontWeight":"normal","expectedContrastRatio":"4.5:1"},"relatedNodes":[],"impact":"serious","message":"Element has sufficient color contrast of 6.37"}],"all":[],"none":[],"impact":null,"html":"<a class=\"sign-in-link\" id=\"candidate_sign_in\" href=\"/candidate/auth/login\">\n        Sign in\n      </a>","target":["#candidate_sign_in"]},{"any":[{"id":"color-contrast","data":{"fgColor":"#ffffff","bgColor":"#005eb8","contrastRatio":6.37,"fontSize":"14.3pt (19px)","fontWeight":"normal","expectedContrastRatio":"4.5:1"},"relatedNodes":[],"impact":"serious","message":"Element has sufficient color contrast of 6.37"}],"all":[],"none":[],"impact":null,"html":"<a href=\"/candidate/auth/register/first-last-name\" class=\"sign-in-link\" data-test=\"header-create-account\">Create an account</a>","target":[".sign-in-link[data-test=\"header-create-account\"]"]},{"any":[{"id":"color-contrast","data":{"fgColor":"#ffffff","bgColor":"#005eb8","contrastRatio":6.37,"fontSize":"14.3pt (19px)","fontWeight":"normal","expectedContrastRatio":"4.5:1"},"relatedNodes":[],"impact":"serious","message":"Element has sufficient color contrast of 6.37"}],"all":[],"none":[],"impact":null,"html":"<a lang=\"en\" href=\"/candidate/search/locale/en\" class=\"language-toggle-selected\" data-test=\"english-language-link\">English</a>","target":[".language-toggle-selected"]},{"any":[{"id":"color-contrast","data":{"fgColor":"#ffffff","bgColor":"#005eb8","contrastRatio":6.37,"fontSize":"14.3pt (19px)","fontWeight":"normal","expectedContrastRatio":"4.5:1"},"relatedNodes":[],"impact":"serious","message":"Element has sufficient color contrast of 6.37"}],"all":[],"none":[],"impact":null,"html":"<a lang=\"cy\" href=\"/candidate/search/locale/cy\" class=\"language-toggle\" data-test=\"welsh-language-link\">Cymraeg</a>","target":[".language-toggle"]},{"any":[{"id":"color-contrast","data":{"fgColor":"#ffffff","bgColor":"#005eb8","contrastRatio":6.37,"fontSize":"12.0pt (16px)","fontWeight":"normal","expectedContrastRatio":"4.5:1"},"relatedNodes":[],"impact":"serious","message":"Element has sufficient color contrast of 6.37"}],"all":[],"none":[],"impact":null,"html":"<a class=\"nhsuk-header__navigation-link\" href=\"/candidate/search\">","target":["a[href$=\"search\"]"]},{"any":[{"id":"color-contrast","data":{"fgColor":"#ffffff","bgColor":"#005eb8","contrastRatio":6.37,"fontSize":"15.0pt (20px)","fontWeight":"bold","expectedContrastRatio":"3:1"},"relatedNodes":[],"impact":"serious","message":"Element has sufficient color contrast of 6.37"}],"all":[],"none":[],"impact":null,"html":"<strong class=\"status-box status-box-blue\">BETA</strong>","target":[".status-box"]},{"any":[{"id":"color-contrast","data":{"fgColor":"#212b32","bgColor":"#ffffff","contrastRatio":14.42,"fontSize":"12.0pt (16px)","fontWeight":"normal","expectedContrastRatio":"4.5:1"},"relatedNodes":[],"impact":"serious","message":"Element has sufficient color contrast of 14.42"}],"all":[],"none":[],"impact":null,"html":"<span>Your\n            <a href=\"mailto:nhsbsa.nhsjobs@nhsbsa.nhs.uk?subject=How could we improve NHS Jobs service?\">feedback</a>\n            will help us to improve this service.</span>","target":[".beta-banner > .nhsuk-width-container > span"]},{"any":[{"id":"color-contrast","data":{"fgColor":"#005eb8","bgColor":"#ffffff","contrastRatio":6.37,"fontSize":"12.0pt (16px)","fontWeight":"normal","expectedContrastRatio":"4.5:1"},"relatedNodes":[],"impact":"serious","message":"Element has sufficient color contrast of 6.37"}],"all":[],"none":[],"impact":null,"html":"<a href=\"mailto:nhsbsa.nhsjobs@nhsbsa.nhs.uk?subject=How could we improve NHS Jobs service?\">feedback</a>","target":[".beta-banner > .nhsuk-width-container > span > a"]},{"any":[{"id":"color-contrast","data":{"fgColor":"#ffffff","bgColor":"#005eb8","contrastRatio":6.37,"fontSize":"36.0pt (48px)","fontWeight":"normal","expectedContrastRatio":"3:1"},"relatedNodes":[],"impact":"serious","message":"Element has sufficient color contrast of 6.37"}],"all":[],"none":[],"impact":null,"html":"<h1 data-test=\"search-result-query\" id=\"search-results-heading\" class=\"nhsuk-heading-xl nhsuk-u-padding-left-4 nhsuk-u-margin-bottom-4\" aria-label=\"17 jobs found for Admin within 5 miles of Manchester. Sorted by: Best Match\">","target":["#search-results-heading"]},{"any":[{"id":"color-contrast","data":{"fgColor":"#ffffff","bgColor":"#005eb8","contrastRatio":6.37,"fontSize":"14.3pt (19px)","fontWeight":"normal","expectedContrastRatio":"4.5:1"},"relatedNodes":[],"impact":"serious","message":"Element has sufficient color contrast of 6.37"}],"all":[],"none":[],"impact":null,"html":"<label class=\"nhsuk-label nhsuk-u-font-weight-bold white-text\" for=\"keyword\">What?</label>","target":["label[for=\"keyword\"]"]},{"any":[{"id":"color-contrast","data":{"fgColor":"#ffffff","bgColor":"#005eb8","contrastRatio":6.37,"fontSize":"12.0pt (16px)","fontWeight":"normal","expectedContrastRatio":"4.5:1"},"relatedNodes":[],"impact":"serious","message":"Element has sufficient color contrast of 6.37"}],"all":[],"none":[],"impact":null,"html":"<div class=\"nhsuk-u-font-size-16 nhsuk-hint-white\">For example, job title or skills</div>","target":["fieldset:nth-child(4) > .nhsuk-grid-column-one-half:nth-child(2) > .nhsuk-hero.nhsuk-form-group > .nhsuk-u-font-size-16.nhsuk-hint-white"]},{"any":[{"id":"color-contrast","data":{"fgColor":"#000000","bgColor":"#ffffff","contrastRatio":21,"fontSize":"14.3pt (19px)","fontWeight":"normal","expectedContrastRatio":"4.5:1"},"relatedNodes":[],"impact":"serious","message":"Element has sufficient color contrast of 21"}],"all":[],"none":[],"impact":null,"html":"<input name=\"keyword\" id=\"keyword\" value=\"Admin\" class=\"nhsuk-input nhsuk-u--width-full\" type=\"search\" data-test=\"search-jobTitle-input\" aria-label=\"Search What? For example, job title or skills\">","target":["#keyword"]},{"any":[{"id":"color-contrast","data":{"fgColor":"#ffffff","bgColor":"#005eb8","contrastRatio":6.37,"fontSize":"14.3pt (19px)","fontWeight":"normal","expectedContrastRatio":"4.5:1"},"relatedNodes":[],"impact":"serious","message":"Element has sufficient color contrast of 6.37"}],"all":[],"none":[],"impact":null,"html":"<label class=\"nhsuk-label nhsuk-u-font-weight-bold white-text\" for=\"location\">Where?</label>","target":["label[for=\"location\"]"]},{"any":[{"id":"color-contrast","data":{"fgColor":"#ffffff","bgColor":"#005eb8","contrastRatio":6.37,"fontSize":"12.0pt (16px)","fontWeight":"normal","expectedContrastRatio":"4.5:1"},"relatedNodes":[],"impact":"serious","message":"Element has sufficient color contrast of 6.37"}],"all":[],"none":[],"impact":null,"html":"<div class=\"nhsuk-u-font-size-16 nhsuk-hint-white\">For example, a postcode, town or city</div>","target":["fieldset:nth-child(4) > .nhsuk-grid-column-one-half:nth-child(3) > .nhsuk-hero.nhsuk-form-group > .nhsuk-u-font-size-16.nhsuk-hint-white"]},{"any":[{"id":"color-contrast","data":{"fgColor":"#000000","bgColor":"#ffffff","contrastRatio":21,"fontSize":"14.3pt (19px)","fontWeight":"normal","expectedContrastRatio":"4.5:1"},"relatedNodes":[],"impact":"serious","message":"Element has sufficient color contrast of 21"}],"all":[],"none":[],"impact":null,"html":"<input aria-describedby=\"location__assistiveHint\" aria-expanded=\"false\" aria-controls=\"location__listbox\" aria-autocomplete=\"list\" autocomplete=\"off\" class=\"nhsuk-input nhsuk-u--width-full\" id=\"location\" name=\"location\" placeholder=\"\" type=\"search\" role=\"combobox\" data-test=\"search-location-input\" aria-label=\"Search Where? For example, a postcode, town or city, search text field\">","target":["#location"]},{"any":[{"id":"color-contrast","data":{"messageKey":"hidden"},"relatedNodes":[],"impact":"serious","message":"Element is hidden"}],"all":[],"none":[],"impact":null,"html":"<input name=\"jobReference\" id=\"jobReference\" value=\"\" class=\"nhsuk-input nhsuk-u--width-full\" type=\"search\" data-test=\"search-jobReference-input\" aria-label=\"Search Job reference, e.g. C0987-23-1234 / 914-JOBREF-a\">","target":["#jobReference"]},{"any":[{"id":"color-contrast","data":{"messageKey":"hidden"},"relatedNodes":[],"impact":"serious","message":"Element is hidden"}],"all":[],"none":[],"impact":null,"html":"<input name=\"employer\" id=\"employer\" value=\"\" class=\"nhsuk-input nhsuk-u--width-full\" type=\"search\" data-test=\"search-employer-input\" aria-label=\"Search Employer, e.g. NHS Business Services Authority\">","target":["#employer"]},{"any":[{"id":"color-contrast","data":{"fgColor":"#ffffff","bgColor":"#005eb8","contrastRatio":6.37,"fontSize":"12.0pt (16px)","fontWeight":"normal","expectedContrastRatio":"4.5:1"},"relatedNodes":[],"impact":"serious","message":"Element has sufficient color contrast of 6.37"}],"all":[],"none":[],"impact":null,"html":"<a href=\"javascript:void(0)\" id=\"searchOptionsBtn\" class=\"nhsuk-u-font-weight-bold white-text\">\n                  \n                  More search options\n                  \n                  </a>","target":["#searchOptionsBtn"]},{"any":[{"id":"color-contrast","data":{"fgColor":"#ffffff","bgColor":"#007f3b","contrastRatio":5.12,"fontSize":"14.3pt (19px)","fontWeight":"normal","expectedContrastRatio":"4.5:1"},"relatedNodes":[],"impact":"serious","message":"Element has sufficient color contrast of 5.12"}],"all":[],"none":[],"impact":null,"html":"<button class=\"nhsuk-button  nhsuk-u-padding-top-2 nhsuk-u-padding-bottom-2\" type=\"submit\" id=\"search\" data-test=\"search-button\">Search</button>","target":["#search"]},{"any":[{"id":"color-contrast","data":{"fgColor":"#212b32","bgColor":"#f0f4f5","contrastRatio":13.02,"fontSize":"16.5pt (22px)","fontWeight":"normal","expectedContrastRatio":"4.5:1"},"relatedNodes":[],"impact":"serious","message":"Element has sufficient color contrast of 13.02"}],"all":[],"none":[],"impact":null,"html":"<h2 class=\"nhsuk-heading-s\">Refine your search</h2>","target":[".nhsuk-heading-s"]},{"any":[{"id":"color-contrast","data":{"fgColor":"#005eb8","bgColor":"#ffffff","contrastRatio":6.37,"fontSize":"14.3pt (19px)","fontWeight":"normal","expectedContrastRatio":"4.5:1"},"relatedNodes":[],"impact":"serious","message":"Element has sufficient color contrast of 6.37"}],"all":[],"none":[],"impact":null,"html":"<span class=\"nhsuk-details__summary-text\">\n                    Distance\n                </span>","target":["summary[aria-controls=\"distance-details\"] > .nhsuk-details__summary-text"]},{"any":[{"id":"color-contrast","data":{"fgColor":"#000000","bgColor":"#e9e9ed","contrastRatio":17.34,"fontSize":"14.3pt (19px)","fontWeight":"normal","expectedContrastRatio":"4.5:1"},"relatedNodes":[],"impact":"serious","message":"Element has sufficient color contrast of 17.34"}],"all":[],"none":[],"impact":null,"html":"<select class=\"nhsuk-select\" id=\"distance\" name=\"distance\" data-test=\"search-distance-input\">","target":["#distance"]},{"any":[{"id":"color-contrast","data":{"fgColor":"#005eb8","bgColor":"#ffffff","contrastRatio":6.37,"fontSize":"14.3pt (19px)","fontWeight":"normal","expectedContrastRatio":"4.5:1"},"relatedNodes":[],"impact":"serious","message":"Element has sufficient color contrast of 6.37"}],"all":[],"none":[],"impact":null,"html":"<span class=\"nhsuk-details__summary-text\">\n                    COVID-19\n                </span>","target":["summary[aria-controls=\"covid-jobs-only\"] > .nhsuk-details__summary-text"]},{"any":[{"id":"color-contrast","data":{"fgColor":"#005eb8","bgColor":"#ffffff","contrastRatio":6.37,"fontSize":"14.3pt (19px)","fontWeight":"normal","expectedContrastRatio":"4.5:1"},"relatedNodes":[],"impact":"serious","message":"Element has sufficient color contrast of 6.37"}],"all":[],"none":[],"impact":null,"html":"<span class=\"nhsuk-details__summary-text\">\n                    Working pattern\n                </span>","target":["#working-patterns-expander > .nhsuk-details__summary-text"]},{"any":[{"id":"color-contrast","data":{"fgColor":"#005eb8","bgColor":"#ffffff","contrastRatio":6.37,"fontSize":"14.3pt (19px)","fontWeight":"normal","expectedContrastRatio":"4.5:1"},"relatedNodes":[],"impact":"serious","message":"Element has sufficient color contrast of 6.37"}],"all":[],"none":[],"impact":null,"html":"<span class=\"nhsuk-details__summary-text\">Contract type</span>","target":["summary[aria-controls=\"contract-type-details\"] > .nhsuk-details__summary-text"]},{"any":[{"id":"color-contrast","data":{"fgColor":"#005eb8","bgColor":"#ffffff","contrastRatio":6.37,"fontSize":"14.3pt (19px)","fontWeight":"normal","expectedContrastRatio":"4.5:1"},"relatedNodes":[],"impact":"serious","message":"Element has sufficient color contrast of 6.37"}],"all":[],"none":[],"impact":null,"html":"<span class=\"nhsuk-details__summary-text\">\n                    Staff group\n                </span>","target":["summary[aria-controls=\"staff-group-details\"] > .nhsuk-details__summary-text"]},{"any":[{"id":"color-contrast","data":{"fgColor":"#005eb8","bgColor":"#ffffff","contrastRatio":6.37,"fontSize":"14.3pt (19px)","fontWeight":"normal","expectedContrastRatio":"4.5:1"},"relatedNodes":[],"impact":"serious","message":"Element has sufficient color contrast of 6.37"}],"all":[],"none":[],"impact":null,"html":"<span class=\"nhsuk-details__summary-text\">\n                    Pay range\n                </span>","target":["summary[aria-controls=\"pay-range-details\"] > .nhsuk-details__summary-text"]},{"any":[{"id":"color-contrast","data":{"fgColor":"#005eb8","bgColor":"#ffffff","contrastRatio":6.37,"fontSize":"14.3pt (19px)","fontWeight":"normal","expectedContrastRatio":"4.5:1"},"relatedNodes":[],"impact":"serious","message":"Element has sufficient color contrast of 6.37"}],"all":[],"none":[],"impact":null,"html":"<span class=\"vsm-payband nhsuk-details__summary-text\">\n                    NHS pay grades and schemes\n                </span>","target":[".vsm-payband"]},{"any":[{"id":"color-contrast","data":{"fgColor":"#ffffff","bgColor":"#007f3b","contrastRatio":5.12,"fontSize":"14.3pt (19px)","fontWeight":"normal","expectedContrastRatio":"4.5:1"},"relatedNodes":[],"impact":"serious","message":"Element has sufficient color contrast of 5.12"}],"all":[],"none":[],"impact":null,"html":"<input class=\"nhsuk-button nhsuk-button--primary\" type=\"submit\" id=\"refine-search\" value=\"Apply filters\" data-test=\"refine-search-button\">","target":["#refine-search"]},{"any":[{"id":"color-contrast","data":{"fgColor":"#005eb8","bgColor":"#f0f4f5","contrastRatio":5.75,"fontSize":"14.3pt (19px)","fontWeight":"normal","expectedContrastRatio":"4.5:1"},"relatedNodes":[],"impact":"serious","message":"Element has sufficient color contrast of 5.75"}],"all":[],"none":[],"impact":null,"html":"<a href=\"/candidate/search/results?keyword=Admin&amp;location=Manchester\" data-test=\"filter-clear\">Clear filters\n        </a>","target":["a[data-test=\"filter-clear\"]"]},{"any":[{"id":"color-contrast","data":{"fgColor":"#005eb8","bgColor":"#f0f4f5","contrastRatio":5.75,"fontSize":"18.0pt (24px)","fontWeight":"normal","expectedContrastRatio":"3:1"},"relatedNodes":[],"impact":"serious","message":"Element has sufficient color contrast of 5.75"}],"all":[],"none":[],"impact":null,"html":"<a href=\"/candidate/search/save/alerts\" data-test=\"save-search\">Save this search</a>","target":[".hide-mobile > h3 > a[data-test=\"save-search\"][href$=\"alerts\"]"]},{"any":[{"id":"color-contrast","data":{"fgColor":"#212b32","bgColor":"#f0f4f5","contrastRatio":13.02,"fontSize":"14.3pt (19px)","fontWeight":"normal","expectedContrastRatio":"4.5:1"},"relatedNodes":[],"impact":"serious","message":"Element has sufficient color contrast of 13.02"}],"all":[],"none":[],"impact":null,"html":"<p class=\"nhsuk-body\">You’ll also be able to set up job alert emails for your saved search.</p>","target":[".hide-mobile > .nhsuk-body"]},{"any":[{"id":"color-contrast","data":{"fgColor":"#212b32","bgColor":"#f0f4f5","contrastRatio":13.02,"fontSize":"14.3pt (19px)","fontWeight":"normal","expectedContrastRatio":"4.5:1"},"relatedNodes":[],"impact":"serious","message":"Element has sufficient color contrast of 13.02"}],"all":[],"none":[],"impact":null,"html":"<label class=\"nhsuk-label nhsuk-inline-label\" for=\"sort\">Sort by</label>","target":[".nhsuk-inline-label"]},{"any":[{"id":"color-contrast","data":{"fgColor":"#000000","bgColor":"#e9e9ed","contrastRatio":17.34,"fontSize":"14.3pt (19px)","fontWeight":"normal","expectedContrastRatio":"4.5:1"},"relatedNodes":[],"impact":"serious","message":"Element has sufficient color contrast of 17.34"}],"all":[],"none":[],"impact":null,"html":"<select class=\"nhsuk-select nhsuk-inline-select\" id=\"sort\" name=\"sort\" data-test=\"sort-input\" value=\"\" onchange=\"sortform.submit()\">","target":["#sort"]},{"any":[{"id":"color-contrast","data":{"fgColor":"#005eb8","bgColor":"#f0f4f5","contrastRatio":5.75,"fontSize":"14.3pt (19px)","fontWeight":"normal","expectedContrastRatio":"4.5:1"},"relatedNodes":[],"impact":"serious","message":"Element has sufficient color contrast of 5.75"}],"all":[],"none":[],"impact":null,"html":"<span>Create job alert</span>","target":["#create-job-alert > span"]},{"any":[{"id":"color-contrast","data":{"fgColor":"#005eb8","bgColor":"#f0f4f5","contrastRatio":5.75,"fontSize":"18.0pt (24px)","fontWeight":"normal","expectedContrastRatio":"3:1"},"relatedNodes":[],"impact":"serious","message":"Element has sufficient color contrast of 5.75"}],"all":[],"none":[],"impact":null,"html":"<a href=\"/candidate/jobadvert/A1797-25-00491?keyword=Admin&amp;location=Manchester&amp;distance=5&amp;language=en\" id=\"first-result-title\" data-test=\"search-result-job-title\">\n              Assistant Admin Manager\n            </a>","target":["#first-result-title"]},{"any":[{"id":"color-contrast","data":{"fgColor":"#005eb8","bgColor":"#f0f4f5","contrastRatio":5.75,"fontSize":"14.3pt (19px)","fontWeight":"normal","expectedContrastRatio":"4.5:1"},"relatedNodes":[],"impact":"serious","message":"Element has sufficient color contrast of 5.75"}],"all":[],"none":[],"impact":null,"html":"<a href=\"/candidate/search/save-job/A1797-25-00491\" data-test=\"search-result-save-job\" aria-label=\"Save this job: Assistant Admin Manager (Reference number: A1797-25-00491)\">\n              Save this job\n            </a>","target":[".nhsuk-list-panel.search-result.nhsuk-u-padding-3:nth-child(1) > .nhsuk-grid-row:nth-child(1) > .save-job.nhsuk-u-margin-right-3 > a[data-test=\"search-result-save-job\"]"]},{"any":[{"id":"color-contrast","data":{"fgColor":"#212b32","bgColor":"#f0f4f5","contrastRatio":13.02,"fontSize":"18.0pt (24px)","fontWeight":"normal","expectedContrastRatio":"3:1"},"relatedNodes":[],"impact":"serious","message":"Element has sufficient color contrast of 13.02"}],"all":[],"none":[],"impact":null,"html":"<h3 class=\"nhsuk-u-font-weight-bold\">\n          Omnes Healthcare Limited \n          <div class=\"location-font-size\">\n            \n              Manchester M3 5NA\n            \n          </div>\n        </h3>","target":[".nhsuk-list-panel.search-result.nhsuk-u-padding-3:nth-child(1) > .nhsuk-u-margin-bottom-4[data-test=\"search-result-location\"] > h3"]},{"any":[{"id":"color-contrast","data":{"fgColor":"#212b32","bgColor":"#f0f4f5","contrastRatio":13.02,"fontSize":"12.0pt (16px)","fontWeight":"normal","expectedContrastRatio":"4.5:1"},"relatedNodes":[],"impact":"serious","message":"Element has sufficient color contrast of 13.02"}],"all":[],"none":[],"impact":null,"html":"<div class=\"location-font-size\">\n            \n              Manchester M3 5NA\n            \n          </div>","target":[".nhsuk-list-panel.search-result.nhsuk-u-padding-3:nth-child(1) > .nhsuk-u-margin-bottom-4[data-test=\"search-result-location\"] > h3 > .location-font-size"]},{"any":[{"id":"color-contrast","data":{"fgColor":"#212b32","bgColor":"#f0f4f5","contrastRatio":13.02,"fontSize":"14.3pt (19px)","fontWeight":"normal","expectedContrastRatio":"4.5:1"},"relatedNodes":[],"impact":"serious","message":"Element has sufficient color contrast of 13.02"}],"all":[],"none":[],"impact":null,"html":"<li data-test=\"search-result-salary\" class=\"marginBt\">\n                Salary: \n                <strong class=\"nhsuk-u-font-weight-bold\">\n                  Depends on experience\n                </strong>\n              </li>","target":[".nhsuk-list-panel.search-result.nhsuk-u-padding-3:nth-child(1) > .nhsuk-grid-row:nth-child(3) > .nhsuk-grid-column-one-half:nth-child(1) > .first-ad-job-info.ad-job-info.nhsuk-list > .marginBt[data-test=\"search-result-salary\"]"]},{"any":[{"id":"color-contrast","data":{"fgColor":"#212b32","bgColor":"#f0f4f5","contrastRatio":13.02,"fontSize":"14.3pt (19px)","fontWeight":"normal","expectedContrastRatio":"4.5:1"},"relatedNodes":[],"impact":"serious","message":"Element has sufficient color contrast of 13.02"}],"all":[],"none":[],"impact":null,"html":"<strong class=\"nhsuk-u-font-weight-bold\">\n                  Depends on experience\n                </strong>","target":[".nhsuk-list-panel.search-result.nhsuk-u-padding-3:nth-child(1) > .nhsuk-grid-row:nth-child(3) > .nhsuk-grid-column-one-half:nth-child(1) > .first-ad-job-info.ad-job-info.nhsuk-list > .marginBt[data-test=\"search-result-salary\"] > strong"]},{"any":[{"id":"color-contrast","data":{"fgColor":"#212b32","bgColor":"#f0f4f5","contrastRatio":13.02,"fontSize":"14.3pt (19px)","fontWeight":"normal","expectedContrastRatio":"4.5:1"},"relatedNodes":[],"impact":"serious","message":"Element has sufficient color contrast of 13.02"}],"all":[],"none":[],"impact":null,"html":"<li data-test=\"search-result-distance\" class=\"marginBt\">\n                Distance: \n                <strong class=\"nhsuk-u-font-weight-bold\">\n                  0.9 miles\n                </strong>\n              </li>","target":[".nhsuk-list-panel.search-result.nhsuk-u-padding-3:nth-child(1) > .nhsuk-grid-row:nth-child(3) > .nhsuk-grid-column-one-half:nth-child(1) > .first-ad-job-info.ad-job-info.nhsuk-list > .marginBt[data-test=\"search-result-distance\"]"]},{"any":[{"id":"color-contrast","data":{"fgColor":"#212b32","bgColor":"#f0f4f5","contrastRatio":13.02,"fontSize":"14.3pt (19px)","fontWeight":"normal","expectedContrastRatio":"4.5:1"},"relatedNodes":[],"impact":"serious","message":"Element has sufficient color contrast of 13.02"}],"all":[],"none":[],"impact":null,"html":"<strong class=\"nhsuk-u-font-weight-bold\">\n                  0.9 miles\n                </strong>","target":[".nhsuk-list-panel.search-result.nhsuk-u-padding-3:nth-child(1) > .nhsuk-grid-row:nth-child(3) > .nhsuk-grid-column-one-half:nth-child(1) > .first-ad-job-info.ad-job-info.nhsuk-list > .marginBt[data-test=\"search-result-distance\"] > strong"]},{"any":[{"id":"color-contrast","data":{"fgColor":"#212b32","bgColor":"#f0f4f5","contrastRatio":13.02,"fontSize":"14.3pt (19px)","fontWeight":"normal","expectedContrastRatio":"4.5:1"},"relatedNodes":[],"impact":"serious","message":"Element has sufficient color contrast of 13.02"}],"all":[],"none":[],"impact":null,"html":"<li data-test=\"search-result-publicationDate\">\n                Date posted: \n                <strong class=\"nhsuk-u-font-weight-bold\">\n                  20 June 2025\n                </strong>\n              </li>","target":[".nhsuk-list-panel.search-result.nhsuk-u-padding-3:nth-child(1) > .nhsuk-grid-row:nth-child(3) > .nhsuk-grid-column-one-half:nth-child(1) > .first-ad-job-info.ad-job-info.nhsuk-list > li[data-test=\"search-result-publicationDate\"]"]},{"any":[{"id":"color-contrast","data":{"fgColor":"#212b32","bgColor":"#f0f4f5","contrastRatio":13.02,"fontSize":"14.3pt (19px)","fontWeight":"normal","expectedContrastRatio":"4.5:1"},"relatedNodes":[],"impact":"serious","message":"Element has sufficient color contrast of 13.02"}],"all":[],"none":[],"impact":null,"html":"<strong class=\"nhsuk-u-font-weight-bold\">\n                  20 June 2025\n                </strong>","target":[".nhsuk-list-panel.search-result.nhsuk-u-padding-3:nth-child(1) > .nhsuk-grid-row:nth-child(3) > .nhsuk-grid-column-one-half:nth-child(1) > .first-ad-job-info.ad-job-info.nhsuk-list > li[data-test=\"search-result-publicationDate\"] > strong"]},{"any":[{"id":"color-contrast","data":{"fgColor":"#212b32","bgColor":"#f0f4f5","contrastRatio":13.02,"fontSize":"14.3pt (19px)","fontWeight":"normal","expectedContrastRatio":"4.5:1"},"relatedNodes":[],"impact":"serious","message":"Element has sufficient color contrast of 13.02"}],"all":[],"none":[],"impact":null,"html":"<li data-test=\"search-result-jobType\" class=\"marginBt\">\n              Contract type: \n              <strong class=\"nhsuk-u-font-weight-bold\">\n                Permanent\n              </strong>\n            </li>","target":[".nhsuk-list-panel.search-result.nhsuk-u-padding-3:nth-child(1) > .nhsuk-grid-row:nth-child(3) > .nhsuk-grid-column-one-half:nth-child(2) > .ad-job-info.nhsuk-list > .marginBt[data-test=\"search-result-jobType\"]"]},{"any":[{"id":"color-contrast","data":{"fgColor":"#212b32","bgColor":"#f0f4f5","contrastRatio":13.02,"fontSize":"14.3pt (19px)","fontWeight":"normal","expectedContrastRatio":"4.5:1"},"relatedNodes":[],"impact":"serious","message":"Element has sufficient color contrast of 13.02"}],"all":[],"none":[],"impact":null,"html":"<strong class=\"nhsuk-u-font-weight-bold\">\n                Permanent\n              </strong>","target":[".nhsuk-list-panel.search-result.nhsuk-u-padding-3:nth-child(1) > .nhsuk-grid-row:nth-child(3) > .nhsuk-grid-column-one-half:nth-child(2) > .ad-job-info.nhsuk-list > .marginBt[data-test=\"search-result-jobType\"] > strong"]},{"any":[{"id":"color-contrast","data":{"fgColor":"#212b32","bgColor":"#f0f4f5","contrastRatio":13.02,"fontSize":"14.3pt (19px)","fontWeight":"normal","expectedContrastRatio":"4.5:1"},"relatedNodes":[],"impact":"serious","message":"Element has sufficient color contrast of 13.02"}],"all":[],"none":[],"impact":null,"html":"<li data-test=\"search-result-workingPattern\" class=\"marginBt\">\n              Working pattern: \n              <strong class=\"nhsuk-u-font-weight-bold\">\n                Full time\n              </strong>\n            </li>","target":[".nhsuk-list-panel.search-result.nhsuk-u-padding-3:nth-child(1) > .nhsuk-grid-row:nth-child(3) > .nhsuk-grid-column-one-half:nth-child(2) > .ad-job-info.nhsuk-list > .marginBt[data-test=\"search-result-workingPattern\"]"]},{"any":[{"id":"color-contrast","data":{"fgColor":"#212b32","bgColor":"#f0f4f5","contrastRatio":13.02,"fontSize":"14.3pt (19px)","fontWeight":"normal","expectedContrastRatio":"4.5:1"},"relatedNodes":[],"impact":"serious","message":"Element has sufficient color contrast of 13.02"}],"all":[],"none":[],"impact":null,"html":"<strong class=\"nhsuk-u-font-weight-bold\">\n                Full time\n              </strong>","target":[".nhsuk-list-panel.search-result.nhsuk-u-padding-3:nth-child(1) > .nhsuk-grid-row:nth-child(3) > .nhsuk-grid-column-one-half:nth-child(2) > .ad-job-info.nhsuk-list > .marginBt[data-test=\"search-result-workingPattern\"] > strong"]},{"any":[{"id":"color-contrast","data":{"fgColor":"#212b32","bgColor":"#f0f4f5","contrastRatio":13.02,"fontSize":"14.3pt (19px)","fontWeight":"normal","expectedContrastRatio":"4.5:1"},"relatedNodes":[],"impact":"serious","message":"Element has sufficient color contrast of 13.02"}],"all":[],"none":[],"impact":null,"html":"<li data-test=\"search-result-closingDate\">\n                Closing date: \n                <strong class=\"nhsuk-u-font-weight-bold\">\n                  30 June 2025\n                </strong>\n              </li>","target":[".nhsuk-list-panel.search-result.nhsuk-u-padding-3:nth-child(1) > .nhsuk-grid-row:nth-child(3) > .nhsuk-grid-column-one-half:nth-child(2) > .ad-job-info.nhsuk-list > li[data-test=\"search-result-closingDate\"]"]},{"any":[{"id":"color-contrast","data":{"fgColor":"#212b32","bgColor":"#f0f4f5","contrastRatio":13.02,"fontSize":"14.3pt (19px)","fontWeight":"normal","expectedContrastRatio":"4.5:1"},"relatedNodes":[],"impact":"serious","message":"Element has sufficient color contrast of 13.02"}],"all":[],"none":[],"impact":null,"html":"<strong class=\"nhsuk-u-font-weight-bold\">\n                  30 June 2025\n                </strong>","target":[".nhsuk-list-panel.search-result.nhsuk-u-padding-3:nth-child(1) > .nhsuk-grid-row:nth-child(3) > .nhsuk-grid-column-one-half:nth-child(2) > .ad-job-info.nhsuk-list > li[data-test=\"search-result-closingDate\"] > strong"]},{"any":[{"id":"color-contrast","data":{"fgColor":"#005eb8","bgColor":"#f0f4f5","contrastRatio":5.75,"fontSize":"18.0pt (24px)","fontWeight":"normal","expectedContrastRatio":"3:1"},"relatedNodes":[],"impact":"serious","message":"Element has sufficient color contrast of 5.75"}],"all":[],"none":[],"impact":null,"html":"<a href=\"/candidate/jobadvert/C9349-25-1873?keyword=Admin&amp;location=Manchester&amp;distance=5&amp;language=en\" data-test=\"search-result-job-title\">\n              Reception &amp; Admin Assistant\n            </a>","target":["#job-title-2 > a[data-test=\"search-result-job-title\"]"]},{"any":[{"id":"color-contrast","data":{"fgColor":"#005eb8","bgColor":"#f0f4f5","contrastRatio":5.75,"fontSize":"14.3pt (19px)","fontWeight":"normal","expectedContrastRatio":"4.5:1"},"relatedNodes":[],"impact":"serious","message":"Element has sufficient color contrast of 5.75"}],"all":[],"none":[],"impact":null,"html":"<a href=\"/candidate/search/save-job/C9349-25-1873\" data-test=\"search-result-save-job\" aria-label=\"Save this job: Reception &amp; Admin Assistant (Reference number: C9349-25-1873)\">\n              Save this job\n            </a>","target":[".nhsuk-list-panel.search-result.nhsuk-u-padding-3:nth-child(2) > .nhsuk-grid-row:nth-child(1) > .save-job.nhsuk-u-margin-right-3 > a[data-test=\"search-result-save-job\"]"]},{"any":[{"id":"color-contrast","data":{"fgColor":"#212b32","bgColor":"#f0f4f5","contrastRatio":13.02,"fontSize":"18.0pt (24px)","fontWeight":"normal","expectedContrastRatio":"3:1"},"relatedNodes":[],"impact":"serious","message":"Element has sufficient color contrast of 13.02"}],"all":[],"none":[],"impact":null,"html":"<h3 class=\"nhsuk-u-font-weight-bold\">\n          Manchester University NHS Foundation Trust\n          <div class=\"location-font-size\">\n            \n              Manchester M8 5RB\n            \n          </div>\n        </h3>","target":[".nhsuk-list-panel.search-result.nhsuk-u-padding-3:nth-child(2) > .nhsuk-u-margin-bottom-4[data-test=\"search-result-location\"] > h3"]},{"any":[{"id":"color-contrast","data":{"fgColor":"#212b32","bgColor":"#f0f4f5","contrastRatio":13.02,"fontSize":"12.0pt (16px)","fontWeight":"normal","expectedContrastRatio":"4.5:1"},"relatedNodes":[],"impact":"serious","message":"Element has sufficient color contrast of 13.02"}],"all":[],"none":[],"impact":null,"html":"<div class=\"location-font-size\">\n            \n              Manchester M8 5RB\n            \n          </div>","target":[".nhsuk-list-panel.search-result.nhsuk-u-padding-3:nth-child(2) > .nhsuk-u-margin-bottom-4[data-test=\"search-result-location\"] > h3 > .location-font-size"]},{"any":[{"id":"color-contrast","data":{"fgColor":"#212b32","bgColor":"#f0f4f5","contrastRatio":13.02,"fontSize":"14.3pt (19px)","fontWeight":"normal","expectedContrastRatio":"4.5:1"},"relatedNodes":[],"impact":"serious","message":"Element has sufficient color contrast of 13.02"}],"all":[],"none":[],"impact":null,"html":"<li data-test=\"search-result-salary\" class=\"marginBt\">\n                Salary: \n                <strong class=\"nhsuk-u-font-weight-bold\">\n                  £24,169\n                  \n                    a year\n                  \n                </strong>\n              </li>","target":[".nhsuk-list-panel.search-result.nhsuk-u-padding-3:nth-child(2) > .nhsuk-grid-row:nth-child(3) > .nhsuk-grid-column-one-half:nth-child(1) > .first-ad-job-info.ad-job-info.nhsuk-list > .marginBt[data-test=\"search-result-salary\"]"]},{"any":[{"id":"color-contrast","data":{"fgColor":"#212b32","bgColor":"#f0f4f5","contrastRatio":13.02,"fontSize":"14.3pt (19px)","fontWeight":"normal","expectedContrastRatio":"4.5:1"},"relatedNodes":[],"impact":"serious","message":"Element has sufficient color contrast of 13.02"}],"all":[],"none":[],"impact":null,"html":"<strong class=\"nhsuk-u-font-weight-bold\">\n                  £24,169\n                  \n                    a year\n                  \n                </strong>","target":[".nhsuk-list-panel.search-result.nhsuk-u-padding-3:nth-child(2) > .nhsuk-grid-row:nth-child(3) > .nhsuk-grid-column-one-half:nth-child(1) > .first-ad-job-info.ad-job-info.nhsuk-list > .marginBt[data-test=\"search-result-salary\"] > strong"]},{"any":[{"id":"color-contrast","data":{"fgColor":"#212b32","bgColor":"#f0f4f5","contrastRatio":13.02,"fontSize":"14.3pt (19px)","fontWeight":"normal","expectedContrastRatio":"4.5:1"},"relatedNodes":[],"impact":"serious","message":"Element has sufficient color contrast of 13.02"}],"all":[],"none":[],"impact":null,"html":"<li data-test=\"search-result-distance\" class=\"marginBt\">\n                Distance: \n                <strong class=\"nhsuk-u-font-weight-bold\">\n                  3.1 miles\n                </strong>\n              </li>","target":[".nhsuk-list-panel.search-result.nhsuk-u-padding-3:nth-child(2) > .nhsuk-grid-row:nth-child(3) > .nhsuk-grid-column-one-half:nth-child(1) > .first-ad-job-info.ad-job-info.nhsuk-list > .marginBt[data-test=\"search-result-distance\"]"]},{"any":[{"id":"color-contrast","data":{"fgColor":"#212b32","bgColor":"#f0f4f5","contrastRatio":13.02,"fontSize":"14.3pt (19px)","fontWeight":"normal","expectedContrastRatio":"4.5:1"},"relatedNodes":[],"impact":"serious","message":"Element has sufficient color contrast of 13.02"}],"all":[],"none":[],"impact":null,"html":"<strong class=\"nhsuk-u-font-weight-bold\">\n                  3.1 miles\n                </strong>","target":[".nhsuk-list-panel.search-result.nhsuk-u-padding-3:nth-child(2) > .nhsuk-grid-row:nth-child(3) > .nhsuk-grid-column-one-half:nth-child(1) > .first-ad-job-info.ad-job-info.nhsuk-list > .marginBt[data-test=\"search-result-distance\"] > strong"]},{"any":[{"id":"color-contrast","data":{"fgColor":"#212b32","bgColor":"#f0f4f5","contrastRatio":13.02,"fontSize":"14.3pt (19px)","fontWeight":"normal","expectedContrastRatio":"4.5:1"},"relatedNodes":[],"impact":"serious","message":"Element has sufficient color contrast of 13.02"}],"all":[],"none":[],"impact":null,"html":"<li data-test=\"search-result-publicationDate\">\n                Date posted: \n                <strong class=\"nhsuk-u-font-weight-bold\">\n                  17 June 2025\n                </strong>\n              </li>","target":[".nhsuk-list-panel.search-result.nhsuk-u-padding-3:nth-child(2) > .nhsuk-grid-row:nth-child(3) > .nhsuk-grid-column-one-half:nth-child(1) > .first-ad-job-info.ad-job-info.nhsuk-list > li[data-test=\"search-result-publicationDate\"]"]},{"any":[{"id":"color-contrast","data":{"fgColor":"#212b32","bgColor":"#f0f4f5","contrastRatio":13.02,"fontSize":"14.3pt (19px)","fontWeight":"normal","expectedContrastRatio":"4.5:1"},"relatedNodes":[],"impact":"serious","message":"Element has sufficient color contrast of 13.02"}],"all":[],"none":[],"impact":null,"html":"<strong class=\"nhsuk-u-font-weight-bold\">\n                  17 June 2025\n                </strong>","target":[".nhsuk-list-panel.search-result.nhsuk-u-padding-3:nth-child(2) > .nhsuk-grid-row:nth-child(3) > .nhsuk-grid-column-one-half:nth-child(1) > .first-ad-job-info.ad-job-info.nhsuk-list > li[data-test=\"search-result-publicationDate\"] > strong"]},{"any":[{"id":"color-contrast","data":{"fgColor":"#212b32","bgColor":"#f0f4f5","contrastRatio":13.02,"fontSize":"14.3pt (19px)","fontWeight":"normal","expectedContrastRatio":"4.5:1"},"relatedNodes":[],"impact":"serious","message":"Element has sufficient color contrast of 13.02"}],"all":[],"none":[],"impact":null,"html":"<li data-test=\"search-result-jobType\" class=\"marginBt\">\n              Contract type: \n              <strong class=\"nhsuk-u-font-weight-bold\">\n                Permanent\n              </strong>\n            </li>","target":[".nhsuk-list-panel.search-result.nhsuk-u-padding-3:nth-child(2) > .nhsuk-grid-row:nth-child(3) > .nhsuk-grid-column-one-half:nth-child(2) > .ad-job-info.nhsuk-list > .marginBt[data-test=\"search-result-jobType\"]"]},{"any":[{"id":"color-contrast","data":{"fgColor":"#212b32","bgColor":"#f0f4f5","contrastRatio":13.02,"fontSize":"14.3pt (19px)","fontWeight":"normal","expectedContrastRatio":"4.5:1"},"relatedNodes":[],"impact":"serious","message":"Element has sufficient color contrast of 13.02"}],"all":[],"none":[],"impact":null,"html":"<strong class=\"nhsuk-u-font-weight-bold\">\n                Permanent\n              </strong>","target":[".nhsuk-list-panel.search-result.nhsuk-u-padding-3:nth-child(2) > .nhsuk-grid-row:nth-child(3) > .nhsuk-grid-column-one-half:nth-child(2) > .ad-job-info.nhsuk-list > .marginBt[data-test=\"search-result-jobType\"] > strong"]},{"any":[{"id":"color-contrast","data":{"fgColor":"#212b32","bgColor":"#f0f4f5","contrastRatio":13.02,"fontSize":"14.3pt (19px)","fontWeight":"normal","expectedContrastRatio":"4.5:1"},"relatedNodes":[],"impact":"serious","message":"Element has sufficient color contrast of 13.02"}],"all":[],"none":[],"impact":null,"html":"<li data-test=\"search-result-workingPattern\" class=\"marginBt\">\n              Working pattern: \n              <strong class=\"nhsuk-u-font-weight-bold\">\n                Part time\n              </strong>\n            </li>","target":[".nhsuk-list-panel.search-result.nhsuk-u-padding-3:nth-child(2) > .nhsuk-grid-row:nth-child(3) > .nhsuk-grid-column-one-half:nth-child(2) > .ad-job-info.nhsuk-list > .marginBt[data-test=\"search-result-workingPattern\"]"]},{"any":[{"id":"color-contrast","data":{"fgColor":"#212b32","bgColor":"#f0f4f5","contrastRatio":13.02,"fontSize":"14.3pt (19px)","fontWeight":"normal","expectedContrastRatio":"4.5:1"},"relatedNodes":[],"impact":"serious","message":"Element has sufficient color contrast of 13.02"}],"all":[],"none":[],"impact":null,"html":"<strong class=\"nhsuk-u-font-weight-bold\">\n                Part time\n              </strong>","target":[".nhsuk-list-panel.search-result.nhsuk-u-padding-3:nth-child(2) > .nhsuk-grid-row:nth-child(3) > .nhsuk-grid-column-one-half:nth-child(2) > .ad-job-info.nhsuk-list > .marginBt[data-test=\"search-result-workingPattern\"] > strong"]},{"any":[{"id":"color-contrast","data":{"fgColor":"#212b32","bgColor":"#f0f4f5","contrastRatio":13.02,"fontSize":"14.3pt (19px)","fontWeight":"normal","expectedContrastRatio":"4.5:1"},"relatedNodes":[],"impact":"serious","message":"Element has sufficient color contrast of 13.02"}],"all":[],"none":[],"impact":null,"html":"<li data-test=\"search-result-closingDate\">\n                Closing date: \n                <strong class=\"nhsuk-u-font-weight-bold\">\n                  1 July 2025\n                </strong>\n              </li>","target":[".nhsuk-list-panel.search-result.nhsuk-u-padding-3:nth-child(2) > .nhsuk-grid-row:nth-child(3) > .nhsuk-grid-column-one-half:nth-child(2) > .ad-job-info.nhsuk-list > li[data-test=\"search-result-closingDate\"]"]},{"any":[{"id":"color-contrast","data":{"fgColor":"#212b32","bgColor":"#f0f4f5","contrastRatio":13.02,"fontSize":"14.3pt (19px)","fontWeight":"normal","expectedContrastRatio":"4.5:1"},"relatedNodes":[],"impact":"serious","message":"Element has sufficient color contrast of 13.02"}],"all":[],"none":[],"impact":null,"html":"<strong class=\"nhsuk-u-font-weight-bold\">\n                  1 July 2025\n                </strong>","target":[".nhsuk-list-panel.search-result.nhsuk-u-padding-3:nth-child(2) > .nhsuk-grid-row:nth-child(3) > .nhsuk-grid-column-one-half:nth-child(2) > .ad-job-info.nhsuk-list > li[data-test=\"search-result-closingDate\"] > strong"]},{"any":[{"id":"color-contrast","data":{"fgColor":"#005eb8","bgColor":"#f0f4f5","contrastRatio":5.75,"fontSize":"18.0pt (24px)","fontWeight":"normal","expectedContrastRatio":"3:1"},"relatedNodes":[],"impact":"serious","message":"Element has sufficient color contrast of 5.75"}],"all":[],"none":[],"impact":null,"html":"<a href=\"/candidate/jobadvert/A3462-25-0001?keyword=Admin&amp;location=Manchester&amp;distance=5&amp;language=en\" data-test=\"search-result-job-title\">\n              Experienced Medical Receptionist\n            </a>","target":["#job-title-3 > a[data-test=\"search-result-job-title\"]"]},{"any":[{"id":"color-contrast","data":{"fgColor":"#005eb8","bgColor":"#f0f4f5","contrastRatio":5.75,"fontSize":"14.3pt (19px)","fontWeight":"normal","expectedContrastRatio":"4.5:1"},"relatedNodes":[],"impact":"serious","message":"Element has sufficient color contrast of 5.75"}],"all":[],"none":[],"impact":null,"html":"<a href=\"/candidate/search/save-job/A3462-25-0001\" data-test=\"search-result-save-job\" aria-label=\"Save this job: Experienced Medical Receptionist (Reference number: A3462-25-0001)\">\n              Save this job\n            </a>","target":[".nhsuk-list-panel.search-result.nhsuk-u-padding-3:nth-child(3) > .nhsuk-grid-row:nth-child(1) > .save-job.nhsuk-u-margin-right-3 > a[data-test=\"search-result-save-job\"]"]},{"any":[{"id":"color-contrast","data":{"fgColor":"#212b32","bgColor":"#f0f4f5","contrastRatio":13.02,"fontSize":"18.0pt (24px)","fontWeight":"normal","expectedContrastRatio":"3:1"},"relatedNodes":[],"impact":"serious","message":"Element has sufficient color contrast of 13.02"}],"all":[],"none":[],"impact":null,"html":"<h3 class=\"nhsuk-u-font-weight-bold\">\n          West Point Medical Centre\n          <div class=\"location-font-size\">\n            \n              Manchester M19 2AF\n            \n          </div>\n        </h3>","target":[".nhsuk-list-panel.search-result.nhsuk-u-padding-3:nth-child(3) > .nhsuk-u-margin-bottom-4[data-test=\"search-result-location\"] > h3"]},{"any":[{"id":"color-contrast","data":{"fgColor":"#212b32","bgColor":"#f0f4f5","contrastRatio":13.02,"fontSize":"12.0pt (16px)","fontWeight":"normal","expectedContrastRatio":"4.5:1"},"relatedNodes":[],"impact":"serious","message":"Element has sufficient color contrast of 13.02"}],"all":[],"none":[],"impact":null,"html":"<div class=\"location-font-size\">\n            \n              Manchester M19 2AF\n            \n          </div>","target":[".nhsuk-list-panel.search-result.nhsuk-u-padding-3:nth-child(3) > .nhsuk-u-margin-bottom-4[data-test=\"search-result-location\"] > h3 > .location-font-size"]},{"any":[{"id":"color-contrast","data":{"fgColor":"#212b32","bgColor":"#f0f4f5","contrastRatio":13.02,"fontSize":"14.3pt (19px)","fontWeight":"normal","expectedContrastRatio":"4.5:1"},"relatedNodes":[],"impact":"serious","message":"Element has sufficient color contrast of 13.02"}],"all":[],"none":[],"impact":null,"html":"<li data-test=\"search-result-salary\" class=\"marginBt\">\n                Salary: \n                <strong class=\"nhsuk-u-font-weight-bold\">\n                  Depends on experience\n                </strong>\n              </li>","target":[".nhsuk-list-panel.search-result.nhsuk-u-padding-3:nth-child(3) > .nhsuk-grid-row:nth-child(3) > .nhsuk-grid-column-one-half:nth-child(1) > .first-ad-job-info.ad-job-info.nhsuk-list > .marginBt[data-test=\"search-result-salary\"]"]},{"any":[{"id":"color-contrast","data":{"fgColor":"#212b32","bgColor":"#f0f4f5","contrastRatio":13.02,"fontSize":"14.3pt (19px)","fontWeight":"normal","expectedContrastRatio":"4.5:1"},"relatedNodes":[],"impact":"serious","message":"Element has sufficient color contrast of 13.02"}],"all":[],"none":[],"impact":null,"html":"<strong class=\"nhsuk-u-font-weight-bold\">\n                  Depends on experience\n                </strong>","target":[".nhsuk-list-panel.search-result.nhsuk-u-padding-3:nth-child(3) > .nhsuk-grid-row:nth-child(3) > .nhsuk-grid-column-one-half:nth-child(1) > .first-ad-job-info.ad-job-info.nhsuk-list > .marginBt[data-test=\"search-result-salary\"] > strong"]},{"any":[{"id":"color-contrast","data":{"fgColor":"#212b32","bgColor":"#f0f4f5","contrastRatio":13.02,"fontSize":"14.3pt (19px)","fontWeight":"normal","expectedContrastRatio":"4.5:1"},"relatedNodes":[],"impact":"serious","message":"Element has sufficient color contrast of 13.02"}],"all":[],"none":[],"impact":null,"html":"<li data-test=\"search-result-distance\" class=\"marginBt\">\n                Distance: \n                <strong class=\"nhsuk-u-font-weight-bold\">\n                  3.7 miles\n                </strong>\n              </li>","target":[".nhsuk-list-panel.search-result.nhsuk-u-padding-3:nth-child(3) > .nhsuk-grid-row:nth-child(3) > .nhsuk-grid-column-one-half:nth-child(1) > .first-ad-job-info.ad-job-info.nhsuk-list > .marginBt[data-test=\"search-result-distance\"]"]},{"any":[{"id":"color-contrast","data":{"fgColor":"#212b32","bgColor":"#f0f4f5","contrastRatio":13.02,"fontSize":"14.3pt (19px)","fontWeight":"normal","expectedContrastRatio":"4.5:1"},"relatedNodes":[],"impact":"serious","message":"Element has sufficient color contrast of 13.02"}],"all":[],"none":[],"impact":null,"html":"<strong class=\"nhsuk-u-font-weight-bold\">\n                  3.7 miles\n                </strong>","target":[".nhsuk-list-panel.search-result.nhsuk-u-padding-3:nth-child(3) > .nhsuk-grid-row:nth-child(3) > .nhsuk-grid-column-one-half:nth-child(1) > .first-ad-job-info.ad-job-info.nhsuk-list > .marginBt[data-test=\"search-result-distance\"] > strong"]},{"any":[{"id":"color-contrast","data":{"fgColor":"#212b32","bgColor":"#f0f4f5","contrastRatio":13.02,"fontSize":"14.3pt (19px)","fontWeight":"normal","expectedContrastRatio":"4.5:1"},"relatedNodes":[],"impact":"serious","message":"Element has sufficient color contrast of 13.02"}],"all":[],"none":[],"impact":null,"html":"<li data-test=\"search-result-publicationDate\">\n                Date posted: \n                <strong class=\"nhsuk-u-font-weight-bold\">\n                  6 June 2025\n                </strong>\n              </li>","target":[".nhsuk-list-panel.search-result.nhsuk-u-padding-3:nth-child(3) > .nhsuk-grid-row:nth-child(3) > .nhsuk-grid-column-one-half:nth-child(1) > .first-ad-job-info.ad-job-info.nhsuk-list > li[data-test=\"search-result-publicationDate\"]"]},{"any":[{"id":"color-contrast","data":{"fgColor":"#212b32","bgColor":"#f0f4f5","contrastRatio":13.02,"fontSize":"14.3pt (19px)","fontWeight":"normal","expectedContrastRatio":"4.5:1"},"relatedNodes":[],"impact":"serious","message":"Element has sufficient color contrast of 13.02"}],"all":[],"none":[],"impact":null,"html":"<strong class=\"nhsuk-u-font-weight-bold\">\n                  6 June 2025\n                </strong>","target":[".nhsuk-list-panel.search-result.nhsuk-u-padding-3:nth-child(3) > .nhsuk-grid-row:nth-child(3) > .nhsuk-grid-column-one-half:nth-child(1) > .first-ad-job-info.ad-job-info.nhsuk-list > li[data-test=\"search-result-publicationDate\"] > strong"]},{"any":[{"id":"color-contrast","data":{"fgColor":"#212b32","bgColor":"#f0f4f5","contrastRatio":13.02,"fontSize":"14.3pt (19px)","fontWeight":"normal","expectedContrastRatio":"4.5:1"},"relatedNodes":[],"impact":"serious","message":"Element has sufficient color contrast of 13.02"}],"all":[],"none":[],"impact":null,"html":"<li data-test=\"search-result-jobType\" class=\"marginBt\">\n              Contract type: \n              <strong class=\"nhsuk-u-font-weight-bold\">\n                Permanent\n              </strong>\n            </li>","target":[".nhsuk-list-panel.search-result.nhsuk-u-padding-3:nth-child(3) > .nhsuk-grid-row:nth-child(3) > .nhsuk-grid-column-one-half:nth-child(2) > .ad-job-info.nhsuk-list > .marginBt[data-test=\"search-result-jobType\"]"]},{"any":[{"id":"color-contrast","data":{"fgColor":"#212b32","bgColor":"#f0f4f5","contrastRatio":13.02,"fontSize":"14.3pt (19px)","fontWeight":"normal","expectedContrastRatio":"4.5:1"},"relatedNodes":[],"impact":"serious","message":"Element has sufficient color contrast of 13.02"}],"all":[],"none":[],"impact":null,"html":"<strong class=\"nhsuk-u-font-weight-bold\">\n                Permanent\n              </strong>","target":[".nhsuk-list-panel.search-result.nhsuk-u-padding-3:nth-child(3) > .nhsuk-grid-row:nth-child(3) > .nhsuk-grid-column-one-half:nth-child(2) > .ad-job-info.nhsuk-list > .marginBt[data-test=\"search-result-jobType\"] > strong"]},{"any":[{"id":"color-contrast","data":{"fgColor":"#212b32","bgColor":"#f0f4f5","contrastRatio":13.02,"fontSize":"14.3pt (19px)","fontWeight":"normal","expectedContrastRatio":"4.5:1"},"relatedNodes":[],"impact":"serious","message":"Element has sufficient color contrast of 13.02"}],"all":[],"none":[],"impact":null,"html":"<li data-test=\"search-result-workingPattern\" class=\"marginBt\">\n              Working pattern: \n              <strong class=\"nhsuk-u-font-weight-bold\">\n                Full time, Part time\n              </strong>\n            </li>","target":[".nhsuk-list-panel.search-result.nhsuk-u-padding-3:nth-child(3) > .nhsuk-grid-row:nth-child(3) > .nhsuk-grid-column-one-half:nth-child(2) > .ad-job-info.nhsuk-list > .marginBt[data-test=\"search-result-workingPattern\"]"]},{"any":[{"id":"color-contrast","data":{"fgColor":"#212b32","bgColor":"#f0f4f5","contrastRatio":13.02,"fontSize":"14.3pt (19px)","fontWeight":"normal","expectedContrastRatio":"4.5:1"},"relatedNodes":[],"impact":"serious","message":"Element has sufficient color contrast of 13.02"}],"all":[],"none":[],"impact":null,"html":"<strong class=\"nhsuk-u-font-weight-bold\">\n                Full time, Part time\n              </strong>","target":[".nhsuk-list-panel.search-result.nhsuk-u-padding-3:nth-child(3) > .nhsuk-grid-row:nth-child(3) > .nhsuk-grid-column-one-half:nth-child(2) > .ad-job-info.nhsuk-list > .marginBt[data-test=\"search-result-workingPattern\"] > strong"]},{"any":[{"id":"color-contrast","data":{"fgColor":"#212b32","bgColor":"#f0f4f5","contrastRatio":13.02,"fontSize":"14.3pt (19px)","fontWeight":"normal","expectedContrastRatio":"4.5:1"},"relatedNodes":[],"impact":"serious","message":"Element has sufficient color contrast of 13.02"}],"all":[],"none":[],"impact":null,"html":"<li data-test=\"search-result-closingDate\">\n                Closing date: \n                <strong class=\"nhsuk-u-font-weight-bold\">\n                  15 July 2025\n                </strong>\n              </li>","target":[".nhsuk-list-panel.search-result.nhsuk-u-padding-3:nth-child(3) > .nhsuk-grid-row:nth-child(3) > .nhsuk-grid-column-one-half:nth-child(2) > .ad-job-info.nhsuk-list > li[data-test=\"search-result-closingDate\"]"]},{"any":[{"id":"color-contrast","data":{"fgColor":"#212b32","bgColor":"#f0f4f5","contrastRatio":13.02,"fontSize":"14.3pt (19px)","fontWeight":"normal","expectedContrastRatio":"4.5:1"},"relatedNodes":[],"impact":"serious","message":"Element has sufficient color contrast of 13.02"}],"all":[],"none":[],"impact":null,"html":"<strong class=\"nhsuk-u-font-weight-bold\">\n                  15 July 2025\n                </strong>","target":[".nhsuk-list-panel.search-result.nhsuk-u-padding-3:nth-child(3) > .nhsuk-grid-row:nth-child(3) > .nhsuk-grid-column-one-half:nth-child(2) > .ad-job-info.nhsuk-list > li[data-test=\"search-result-closingDate\"] > strong"]},{"any":[{"id":"color-contrast","data":{"fgColor":"#005eb8","bgColor":"#f0f4f5","contrastRatio":5.75,"fontSize":"18.0pt (24px)","fontWeight":"normal","expectedContrastRatio":"3:1"},"relatedNodes":[],"impact":"serious","message":"Element has sufficient color contrast of 5.75"}],"all":[],"none":[],"impact":null,"html":"<a href=\"/candidate/jobadvert/C9437-25-0495?keyword=Admin&amp;location=Manchester&amp;distance=5&amp;language=en\" data-test=\"search-result-job-title\">\n              Senior Administrator\n            </a>","target":["#job-title-4 > a[data-test=\"search-result-job-title\"]"]},{"any":[{"id":"color-contrast","data":{"fgColor":"#005eb8","bgColor":"#f0f4f5","contrastRatio":5.75,"fontSize":"14.3pt (19px)","fontWeight":"normal","expectedContrastRatio":"4.5:1"},"relatedNodes":[],"impact":"serious","message":"Element has sufficient color contrast of 5.75"}],"all":[],"none":[],"impact":null,"html":"<a href=\"/candidate/search/save-job/C9437-25-0495\" data-test=\"search-result-save-job\" aria-label=\"Save this job: Senior Administrator (Reference number: C9437-25-0495)\">\n              Save this job\n            </a>","target":[".nhsuk-list-panel.search-result.nhsuk-u-padding-3:nth-child(4) > .nhsuk-grid-row:nth-child(1) > .save-job.nhsuk-u-margin-right-3 > a[data-test=\"search-result-save-job\"]"]},{"any":[{"id":"color-contrast","data":{"fgColor":"#212b32","bgColor":"#f0f4f5","contrastRatio":13.02,"fontSize":"18.0pt (24px)","fontWeight":"normal","expectedContrastRatio":"3:1"},"relatedNodes":[],"impact":"serious","message":"Element has sufficient color contrast of 13.02"}],"all":[],"none":[],"impact":null,"html":"<h3 class=\"nhsuk-u-font-weight-bold\">\n          Greater Manchester Mental Health NHSFT\n          <div class=\"location-font-size\">\n            \n              Salford M7 2YL\n            \n          </div>\n        </h3>","target":[".nhsuk-list-panel.search-result.nhsuk-u-padding-3:nth-child(4) > .nhsuk-u-margin-bottom-4[data-test=\"search-result-location\"] > h3"]},{"any":[{"id":"color-contrast","data":{"fgColor":"#212b32","bgColor":"#f0f4f5","contrastRatio":13.02,"fontSize":"12.0pt (16px)","fontWeight":"normal","expectedContrastRatio":"4.5:1"},"relatedNodes":[],"impact":"serious","message":"Element has sufficient color contrast of 13.02"}],"all":[],"none":[],"impact":null,"html":"<div class=\"location-font-size\">\n            \n              Salford M7 2YL\n            \n          </div>","target":[".nhsuk-list-panel.search-result.nhsuk-u-padding-3:nth-child(4) > .nhsuk-u-margin-bottom-4[data-test=\"search-result-location\"] > h3 > .location-font-size"]},{"any":[{"id":"color-contrast","data":{"fgColor":"#212b32","bgColor":"#f0f4f5","contrastRatio":13.02,"fontSize":"14.3pt (19px)","fontWeight":"normal","expectedContrastRatio":"4.5:1"},"relatedNodes":[],"impact":"serious","message":"Element has sufficient color contrast of 13.02"}],"all":[],"none":[],"impact":null,"html":"<li data-test=\"search-result-salary\" class=\"marginBt\">\n                Salary: \n                <strong class=\"nhsuk-u-font-weight-bold\">\n                  £26,530 to £29,114\n                  \n                    a year\n                  \n                </strong>\n              </li>","target":[".nhsuk-list-panel.search-result.nhsuk-u-padding-3:nth-child(4) > .nhsuk-grid-row:nth-child(3) > .nhsuk-grid-column-one-half:nth-child(1) > .first-ad-job-info.ad-job-info.nhsuk-list > .marginBt[data-test=\"search-result-salary\"]"]},{"any":[{"id":"color-contrast","data":{"fgColor":"#212b32","bgColor":"#f0f4f5","contrastRatio":13.02,"fontSize":"14.3pt (19px)","fontWeight":"normal","expectedContrastRatio":"4.5:1"},"relatedNodes":[],"impact":"serious","message":"Element has sufficient color contrast of 13.02"}],"all":[],"none":[],"impact":null,"html":"<strong class=\"nhsuk-u-font-weight-bold\">\n                  £26,530 to £29,114\n                  \n                    a year\n                  \n                </strong>","target":[".nhsuk-list-panel.search-result.nhsuk-u-padding-3:nth-child(4) > .nhsuk-grid-row:nth-child(3) > .nhsuk-grid-column-one-half:nth-child(1) > .first-ad-job-info.ad-job-info.nhsuk-list > .marginBt[data-test=\"search-result-salary\"] > strong"]},{"any":[{"id":"color-contrast","data":{"fgColor":"#212b32","bgColor":"#f0f4f5","contrastRatio":13.02,"fontSize":"14.3pt (19px)","fontWeight":"normal","expectedContrastRatio":"4.5:1"},"relatedNodes":[],"impact":"serious","message":"Element has sufficient color contrast of 13.02"}],"all":[],"none":[],"impact":null,"html":"<li data-test=\"search-result-distance\" class=\"marginBt\">\n                Distance: \n                <strong class=\"nhsuk-u-font-weight-bold\">\n                  1.3 miles\n                </strong>\n              </li>","target":[".nhsuk-list-panel.search-result.nhsuk-u-padding-3:nth-child(4) > .nhsuk-grid-row:nth-child(3) > .nhsuk-grid-column-one-half:nth-child(1) > .first-ad-job-info.ad-job-info.nhsuk-list > .marginBt[data-test=\"search-result-distance\"]"]},{"any":[{"id":"color-contrast","data":{"fgColor":"#212b32","bgColor":"#f0f4f5","contrastRatio":13.02,"fontSize":"14.3pt (19px)","fontWeight":"normal","expectedContrastRatio":"4.5:1"},"relatedNodes":[],"impact":"serious","message":"Element has sufficient color contrast of 13.02"}],"all":[],"none":[],"impact":null,"html":"<strong class=\"nhsuk-u-font-weight-bold\">\n                  1.3 miles\n                </strong>","target":[".nhsuk-list-panel.search-result.nhsuk-u-padding-3:nth-child(4) > .nhsuk-grid-row:nth-child(3) > .nhsuk-grid-column-one-half:nth-child(1) > .first-ad-job-info.ad-job-info.nhsuk-list > .marginBt[data-test=\"search-result-distance\"] > strong"]},{"any":[{"id":"color-contrast","data":{"fgColor":"#212b32","bgColor":"#f0f4f5","contrastRatio":13.02,"fontSize":"14.3pt (19px)","fontWeight":"normal","expectedContrastRatio":"4.5:1"},"relatedNodes":[],"impact":"serious","message":"Element has sufficient color contrast of 13.02"}],"all":[],"none":[],"impact":null,"html":"<li data-test=\"search-result-publicationDate\">\n                Date posted: \n                <strong class=\"nhsuk-u-font-weight-bold\">\n                  23 June 2025\n                </strong>\n              </li>","target":[".nhsuk-list-panel.search-result.nhsuk-u-padding-3:nth-child(4) > .nhsuk-grid-row:nth-child(3) > .nhsuk-grid-column-one-half:nth-child(1) > .first-ad-job-info.ad-job-info.nhsuk-list > li[data-test=\"search-result-publicationDate\"]"]},{"any":[{"id":"color-contrast","data":{"fgColor":"#212b32","bgColor":"#f0f4f5","contrastRatio":13.02,"fontSize":"14.3pt (19px)","fontWeight":"normal","expectedContrastRatio":"4.5:1"},"relatedNodes":[],"impact":"serious","message":"Element has sufficient color contrast of 13.02"}],"all":[],"none":[],"impact":null,"html":"<strong class=\"nhsuk-u-font-weight-bold\">\n                  23 June 2025\n                </strong>","target":[".nhsuk-list-panel.search-result.nhsuk-u-padding-3:nth-child(4) > .nhsuk-grid-row:nth-child(3) > .nhsuk-grid-column-one-half:nth-child(1) > .first-ad-job-info.ad-job-info.nhsuk-list > li[data-test=\"search-result-publicationDate\"] > strong"]},{"any":[{"id":"color-contrast","data":{"fgColor":"#212b32","bgColor":"#f0f4f5","contrastRatio":13.02,"fontSize":"14.3pt (19px)","fontWeight":"normal","expectedContrastRatio":"4.5:1"},"relatedNodes":[],"impact":"serious","message":"Element has sufficient color contrast of 13.02"}],"all":[],"none":[],"impact":null,"html":"<li data-test=\"search-result-jobType\" class=\"marginBt\">\n              Contract type: \n              <strong class=\"nhsuk-u-font-weight-bold\">\n                Permanent\n              </strong>\n            </li>","target":[".nhsuk-list-panel.search-result.nhsuk-u-padding-3:nth-child(4) > .nhsuk-grid-row:nth-child(3) > .nhsuk-grid-column-one-half:nth-child(2) > .ad-job-info.nhsuk-list > .marginBt[data-test=\"search-result-jobType\"]"]},{"any":[{"id":"color-contrast","data":{"fgColor":"#212b32","bgColor":"#f0f4f5","contrastRatio":13.02,"fontSize":"14.3pt (19px)","fontWeight":"normal","expectedContrastRatio":"4.5:1"},"relatedNodes":[],"impact":"serious","message":"Element has sufficient color contrast of 13.02"}],"all":[],"none":[],"impact":null,"html":"<strong class=\"nhsuk-u-font-weight-bold\">\n                Permanent\n              </strong>","target":[".nhsuk-list-panel.search-result.nhsuk-u-padding-3:nth-child(4) > .nhsuk-grid-row:nth-child(3) > .nhsuk-grid-column-one-half:nth-child(2) > .ad-job-info.nhsuk-list > .marginBt[data-test=\"search-result-jobType\"] > strong"]},{"any":[{"id":"color-contrast","data":{"fgColor":"#212b32","bgColor":"#f0f4f5","contrastRatio":13.02,"fontSize":"14.3pt (19px)","fontWeight":"normal","expectedContrastRatio":"4.5:1"},"relatedNodes":[],"impact":"serious","message":"Element has sufficient color contrast of 13.02"}],"all":[],"none":[],"impact":null,"html":"<li data-test=\"search-result-workingPattern\" class=\"marginBt\">\n              Working pattern: \n              <strong class=\"nhsuk-u-font-weight-bold\">\n                Full time\n              </strong>\n            </li>","target":[".nhsuk-list-panel.search-result.nhsuk-u-padding-3:nth-child(4) > .nhsuk-grid-row:nth-child(3) > .nhsuk-grid-column-one-half:nth-child(2) > .ad-job-info.nhsuk-list > .marginBt[data-test=\"search-result-workingPattern\"]"]},{"any":[{"id":"color-contrast","data":{"fgColor":"#212b32","bgColor":"#f0f4f5","contrastRatio":13.02,"fontSize":"14.3pt (19px)","fontWeight":"normal","expectedContrastRatio":"4.5:1"},"relatedNodes":[],"impact":"serious","message":"Element has sufficient color contrast of 13.02"}],"all":[],"none":[],"impact":null,"html":"<strong class=\"nhsuk-u-font-weight-bold\">\n                Full time\n              </strong>","target":[".nhsuk-list-panel.search-result.nhsuk-u-padding-3:nth-child(4) > .nhsuk-grid-row:nth-child(3) > .nhsuk-grid-column-one-half:nth-child(2) > .ad-job-info.nhsuk-list > .marginBt[data-test=\"search-result-workingPattern\"] > strong"]},{"any":[{"id":"color-contrast","data":{"fgColor":"#212b32","bgColor":"#f0f4f5","contrastRatio":13.02,"fontSize":"14.3pt (19px)","fontWeight":"normal","expectedContrastRatio":"4.5:1"},"relatedNodes":[],"impact":"serious","message":"Element has sufficient color contrast of 13.02"}],"all":[],"none":[],"impact":null,"html":"<li data-test=\"search-result-closingDate\">\n                Closing date: \n                <strong class=\"nhsuk-u-font-weight-bold\">\n                  7 July 2025\n                </strong>\n              </li>","target":[".nhsuk-list-panel.search-result.nhsuk-u-padding-3:nth-child(4) > .nhsuk-grid-row:nth-child(3) > .nhsuk-grid-column-one-half:nth-child(2) > .ad-job-info.nhsuk-list > li[data-test=\"search-result-closingDate\"]"]},{"any":[{"id":"color-contrast","data":{"fgColor":"#212b32","bgColor":"#f0f4f5","contrastRatio":13.02,"fontSize":"14.3pt (19px)","fontWeight":"normal","expectedContrastRatio":"4.5:1"},"relatedNodes":[],"impact":"serious","message":"Element has sufficient color contrast of 13.02"}],"all":[],"none":[],"impact":null,"html":"<strong class=\"nhsuk-u-font-weight-bold\">\n                  7 July 2025\n                </strong>","target":[".nhsuk-list-panel.search-result.nhsuk-u-padding-3:nth-child(4) > .nhsuk-grid-row:nth-child(3) > .nhsuk-grid-column-one-half:nth-child(2) > .ad-job-info.nhsuk-list > li[data-test=\"search-result-closingDate\"] > strong"]},{"any":[{"id":"color-contrast","data":{"fgColor":"#005eb8","bgColor":"#f0f4f5","contrastRatio":5.75,"fontSize":"18.0pt (24px)","fontWeight":"normal","expectedContrastRatio":"3:1"},"relatedNodes":[],"impact":"serious","message":"Element has sufficient color contrast of 5.75"}],"all":[],"none":[],"impact":null,"html":"<a href=\"/candidate/jobadvert/C9437-25-0503?keyword=Admin&amp;location=Manchester&amp;distance=5&amp;language=en\" data-test=\"search-result-job-title\">\n              Team Administrator\n            </a>","target":["#job-title-5 > a[data-test=\"search-result-job-title\"]"]},{"any":[{"id":"color-contrast","data":{"fgColor":"#005eb8","bgColor":"#f0f4f5","contrastRatio":5.75,"fontSize":"14.3pt (19px)","fontWeight":"normal","expectedContrastRatio":"4.5:1"},"relatedNodes":[],"impact":"serious","message":"Element has sufficient color contrast of 5.75"}],"all":[],"none":[],"impact":null,"html":"<a href=\"/candidate/search/save-job/C9437-25-0503\" data-test=\"search-result-save-job\" aria-label=\"Save this job: Team Administrator (Reference number: C9437-25-0503)\">\n              Save this job\n            </a>","target":[".nhsuk-list-panel.search-result.nhsuk-u-padding-3:nth-child(5) > .nhsuk-grid-row:nth-child(1) > .save-job.nhsuk-u-margin-right-3 > a[data-test=\"search-result-save-job\"]"]},{"any":[{"id":"color-contrast","data":{"fgColor":"#212b32","bgColor":"#f0f4f5","contrastRatio":13.02,"fontSize":"18.0pt (24px)","fontWeight":"normal","expectedContrastRatio":"3:1"},"relatedNodes":[],"impact":"serious","message":"Element has sufficient color contrast of 13.02"}],"all":[],"none":[],"impact":null,"html":"<h3 class=\"nhsuk-u-font-weight-bold\">\n          Greater Manchester Mental Health NHSFT\n          <div class=\"location-font-size\">\n            \n              Manchester M60 9AH\n            \n          </div>\n        </h3>","target":[".nhsuk-list-panel.search-result.nhsuk-u-padding-3:nth-child(5) > .nhsuk-u-margin-bottom-4[data-test=\"search-result-location\"] > h3"]},{"any":[{"id":"color-contrast","data":{"fgColor":"#212b32","bgColor":"#f0f4f5","contrastRatio":13.02,"fontSize":"12.0pt (16px)","fontWeight":"normal","expectedContrastRatio":"4.5:1"},"relatedNodes":[],"impact":"serious","message":"Element has sufficient color contrast of 13.02"}],"all":[],"none":[],"impact":null,"html":"<div class=\"location-font-size\">\n            \n              Manchester M60 9AH\n            \n          </div>","target":[".nhsuk-list-panel.search-result.nhsuk-u-padding-3:nth-child(5) > .nhsuk-u-margin-bottom-4[data-test=\"search-result-location\"] > h3 > .location-font-size"]},{"any":[{"id":"color-contrast","data":{"fgColor":"#212b32","bgColor":"#f0f4f5","contrastRatio":13.02,"fontSize":"14.3pt (19px)","fontWeight":"normal","expectedContrastRatio":"4.5:1"},"relatedNodes":[],"impact":"serious","message":"Element has sufficient color contrast of 13.02"}],"all":[],"none":[],"impact":null,"html":"<li data-test=\"search-result-salary\" class=\"marginBt\">\n                Salary: \n                <strong class=\"nhsuk-u-font-weight-bold\">\n                  £24,625 to £25,674\n                  \n                    a year\n                  \n                </strong>\n              </li>","target":[".nhsuk-list-panel.search-result.nhsuk-u-padding-3:nth-child(5) > .nhsuk-grid-row:nth-child(3) > .nhsuk-grid-column-one-half:nth-child(1) > .first-ad-job-info.ad-job-info.nhsuk-list > .marginBt[data-test=\"search-result-salary\"]"]},{"any":[{"id":"color-contrast","data":{"fgColor":"#212b32","bgColor":"#f0f4f5","contrastRatio":13.02,"fontSize":"14.3pt (19px)","fontWeight":"normal","expectedContrastRatio":"4.5:1"},"relatedNodes":[],"impact":"serious","message":"Element has sufficient color contrast of 13.02"}],"all":[],"none":[],"impact":null,"html":"<strong class=\"nhsuk-u-font-weight-bold\">\n                  £24,625 to £25,674\n                  \n                    a year\n                  \n                </strong>","target":[".nhsuk-list-panel.search-result.nhsuk-u-padding-3:nth-child(5) > .nhsuk-grid-row:nth-child(3) > .nhsuk-grid-column-one-half:nth-child(1) > .first-ad-job-info.ad-job-info.nhsuk-list > .marginBt[data-test=\"search-result-salary\"] > strong"]},{"any":[{"id":"color-contrast","data":{"fgColor":"#212b32","bgColor":"#f0f4f5","contrastRatio":13.02,"fontSize":"14.3pt (19px)","fontWeight":"normal","expectedContrastRatio":"4.5:1"},"relatedNodes":[],"impact":"serious","message":"Element has sufficient color contrast of 13.02"}],"all":[],"none":[],"impact":null,"html":"<li data-test=\"search-result-distance\" class=\"marginBt\">\n                Distance: \n                <strong class=\"nhsuk-u-font-weight-bold\">\n                  1.2 miles\n                </strong>\n              </li>","target":[".nhsuk-list-panel.search-result.nhsuk-u-padding-3:nth-child(5) > .nhsuk-grid-row:nth-child(3) > .nhsuk-grid-column-one-half:nth-child(1) > .first-ad-job-info.ad-job-info.nhsuk-list > .marginBt[data-test=\"search-result-distance\"]"]},{"any":[{"id":"color-contrast","data":{"fgColor":"#212b32","bgColor":"#f0f4f5","contrastRatio":13.02,"fontSize":"14.3pt (19px)","fontWeight":"normal","expectedContrastRatio":"4.5:1"},"relatedNodes":[],"impact":"serious","message":"Element has sufficient color contrast of 13.02"}],"all":[],"none":[],"impact":null,"html":"<strong class=\"nhsuk-u-font-weight-bold\">\n                  1.2 miles\n                </strong>","target":[".nhsuk-list-panel.search-result.nhsuk-u-padding-3:nth-child(5) > .nhsuk-grid-row:nth-child(3) > .nhsuk-grid-column-one-half:nth-child(1) > .first-ad-job-info.ad-job-info.nhsuk-list > .marginBt[data-test=\"search-result-distance\"] > strong"]},{"any":[{"id":"color-contrast","data":{"fgColor":"#212b32","bgColor":"#f0f4f5","contrastRatio":13.02,"fontSize":"14.3pt (19px)","fontWeight":"normal","expectedContrastRatio":"4.5:1"},"relatedNodes":[],"impact":"serious","message":"Element has sufficient color contrast of 13.02"}],"all":[],"none":[],"impact":null,"html":"<li data-test=\"search-result-publicationDate\">\n                Date posted: \n                <strong class=\"nhsuk-u-font-weight-bold\">\n                  24 June 2025\n                </strong>\n              </li>","target":[".nhsuk-list-panel.search-result.nhsuk-u-padding-3:nth-child(5) > .nhsuk-grid-row:nth-child(3) > .nhsuk-grid-column-one-half:nth-child(1) > .first-ad-job-info.ad-job-info.nhsuk-list > li[data-test=\"search-result-publicationDate\"]"]},{"any":[{"id":"color-contrast","data":{"fgColor":"#212b32","bgColor":"#f0f4f5","contrastRatio":13.02,"fontSize":"14.3pt (19px)","fontWeight":"normal","expectedContrastRatio":"4.5:1"},"relatedNodes":[],"impact":"serious","message":"Element has sufficient color contrast of 13.02"}],"all":[],"none":[],"impact":null,"html":"<strong class=\"nhsuk-u-font-weight-bold\">\n                  24 June 2025\n                </strong>","target":[".nhsuk-list-panel.search-result.nhsuk-u-padding-3:nth-child(5) > .nhsuk-grid-row:nth-child(3) > .nhsuk-grid-column-one-half:nth-child(1) > .first-ad-job-info.ad-job-info.nhsuk-list > li[data-test=\"search-result-publicationDate\"] > strong"]},{"any":[{"id":"color-contrast","data":{"fgColor":"#212b32","bgColor":"#f0f4f5","contrastRatio":13.02,"fontSize":"14.3pt (19px)","fontWeight":"normal","expectedContrastRatio":"4.5:1"},"relatedNodes":[],"impact":"serious","message":"Element has sufficient color contrast of 13.02"}],"all":[],"none":[],"impact":null,"html":"<li data-test=\"search-result-jobType\" class=\"marginBt\">\n              Contract type: \n              <strong class=\"nhsuk-u-font-weight-bold\">\n                Permanent\n              </strong>\n            </li>","target":[".nhsuk-list-panel.search-result.nhsuk-u-padding-3:nth-child(5) > .nhsuk-grid-row:nth-child(3) > .nhsuk-grid-column-one-half:nth-child(2) > .ad-job-info.nhsuk-list > .marginBt[data-test=\"search-result-jobType\"]"]},{"any":[{"id":"color-contrast","data":{"fgColor":"#212b32","bgColor":"#f0f4f5","contrastRatio":13.02,"fontSize":"14.3pt (19px)","fontWeight":"normal","expectedContrastRatio":"4.5:1"},"relatedNodes":[],"impact":"serious","message":"Element has sufficient color contrast of 13.02"}],"all":[],"none":[],"impact":null,"html":"<strong class=\"nhsuk-u-font-weight-bold\">\n                Permanent\n              </strong>","target":[".nhsuk-list-panel.search-result.nhsuk-u-padding-3:nth-child(5) > .nhsuk-grid-row:nth-child(3) > .nhsuk-grid-column-one-half:nth-child(2) > .ad-job-info.nhsuk-list > .marginBt[data-test=\"search-result-jobType\"] > strong"]},{"any":[{"id":"color-contrast","data":{"fgColor":"#212b32","bgColor":"#f0f4f5","contrastRatio":13.02,"fontSize":"14.3pt (19px)","fontWeight":"normal","expectedContrastRatio":"4.5:1"},"relatedNodes":[],"impact":"serious","message":"Element has sufficient color contrast of 13.02"}],"all":[],"none":[],"impact":null,"html":"<li data-test=\"search-result-workingPattern\" class=\"marginBt\">\n              Working pattern: \n              <strong class=\"nhsuk-u-font-weight-bold\">\n                Part time\n              </strong>\n            </li>","target":[".nhsuk-list-panel.search-result.nhsuk-u-padding-3:nth-child(5) > .nhsuk-grid-row:nth-child(3) > .nhsuk-grid-column-one-half:nth-child(2) > .ad-job-info.nhsuk-list > .marginBt[data-test=\"search-result-workingPattern\"]"]},{"any":[{"id":"color-contrast","data":{"fgColor":"#212b32","bgColor":"#f0f4f5","contrastRatio":13.02,"fontSize":"14.3pt (19px)","fontWeight":"normal","expectedContrastRatio":"4.5:1"},"relatedNodes":[],"impact":"serious","message":"Element has sufficient color contrast of 13.02"}],"all":[],"none":[],"impact":null,"html":"<strong class=\"nhsuk-u-font-weight-bold\">\n                Part time\n              </strong>","target":[".nhsuk-list-panel.search-result.nhsuk-u-padding-3:nth-child(5) > .nhsuk-grid-row:nth-child(3) > .nhsuk-grid-column-one-half:nth-child(2) > .ad-job-info.nhsuk-list > .marginBt[data-test=\"search-result-workingPattern\"] > strong"]},{"any":[{"id":"color-contrast","data":{"fgColor":"#212b32","bgColor":"#f0f4f5","contrastRatio":13.02,"fontSize":"14.3pt (19px)","fontWeight":"normal","expectedContrastRatio":"4.5:1"},"relatedNodes":[],"impact":"serious","message":"Element has sufficient color contrast of 13.02"}],"all":[],"none":[],"impact":null,"html":"<li data-test=\"search-result-closingDate\">\n                Closing date: \n                <strong class=\"nhsuk-u-font-weight-bold\">\n                  8 July 2025\n                </strong>\n              </li>","target":[".nhsuk-list-panel.search-result.nhsuk-u-padding-3:nth-child(5) > .nhsuk-grid-row:nth-child(3) > .nhsuk-grid-column-one-half:nth-child(2) > .ad-job-info.nhsuk-list > li[data-test=\"search-result-closingDate\"]"]},{"any":[{"id":"color-contrast","data":{"fgColor":"#212b32","bgColor":"#f0f4f5","contrastRatio":13.02,"fontSize":"14.3pt (19px)","fontWeight":"normal","expectedContrastRatio":"4.5:1"},"relatedNodes":[],"impact":"serious","message":"Element has sufficient color contrast of 13.02"}],"all":[],"none":[],"impact":null,"html":"<strong class=\"nhsuk-u-font-weight-bold\">\n                  8 July 2025\n                </strong>","target":[".nhsuk-list-panel.search-result.nhsuk-u-padding-3:nth-child(5) > .nhsuk-grid-row:nth-child(3) > .nhsuk-grid-column-one-half:nth-child(2) > .ad-job-info.nhsuk-list > li[data-test=\"search-result-closingDate\"] > strong"]},{"any":[{"id":"color-contrast","data":{"fgColor":"#005eb8","bgColor":"#f0f4f5","contrastRatio":5.75,"fontSize":"18.0pt (24px)","fontWeight":"normal","expectedContrastRatio":"3:1"},"relatedNodes":[],"impact":"serious","message":"Element has sufficient color contrast of 5.75"}],"all":[],"none":[],"impact":null,"html":"<a href=\"/candidate/jobadvert/C9413-25-0429?keyword=Admin&amp;location=Manchester&amp;distance=5&amp;language=en\" data-test=\"search-result-job-title\">\n              Locum Consultant in Medical Oncology - HPB &amp; NET\n            </a>","target":["#job-title-6 > a[data-test=\"search-result-job-title\"]"]},{"any":[{"id":"color-contrast","data":{"fgColor":"#005eb8","bgColor":"#f0f4f5","contrastRatio":5.75,"fontSize":"14.3pt (19px)","fontWeight":"normal","expectedContrastRatio":"4.5:1"},"relatedNodes":[],"impact":"serious","message":"Element has sufficient color contrast of 5.75"}],"all":[],"none":[],"impact":null,"html":"<a href=\"/candidate/search/save-job/C9413-25-0429\" data-test=\"search-result-save-job\" aria-label=\"Save this job: Locum Consultant in Medical Oncology - HPB &amp; NET (Reference number: C9413-25-0429)\">\n              Save this job\n            </a>","target":[".nhsuk-list-panel.search-result.nhsuk-u-padding-3:nth-child(6) > .nhsuk-grid-row:nth-child(1) > .save-job.nhsuk-u-margin-right-3 > a[data-test=\"search-result-save-job\"]"]},{"any":[{"id":"color-contrast","data":{"fgColor":"#212b32","bgColor":"#f0f4f5","contrastRatio":13.02,"fontSize":"18.0pt (24px)","fontWeight":"normal","expectedContrastRatio":"3:1"},"relatedNodes":[],"impact":"serious","message":"Element has sufficient color contrast of 13.02"}],"all":[],"none":[],"impact":null,"html":"<h3 class=\"nhsuk-u-font-weight-bold\">\n          The Christie NHS FT\n          <div class=\"location-font-size\">\n            \n              Manchester M20 4BX\n            \n          </div>\n        </h3>","target":[".nhsuk-list-panel.search-result.nhsuk-u-padding-3:nth-child(6) > .nhsuk-u-margin-bottom-4[data-test=\"search-result-location\"] > h3"]},{"any":[{"id":"color-contrast","data":{"fgColor":"#212b32","bgColor":"#f0f4f5","contrastRatio":13.02,"fontSize":"12.0pt (16px)","fontWeight":"normal","expectedContrastRatio":"4.5:1"},"relatedNodes":[],"impact":"serious","message":"Element has sufficient color contrast of 13.02"}],"all":[],"none":[],"impact":null,"html":"<div class=\"location-font-size\">\n            \n              Manchester M20 4BX\n            \n          </div>","target":[".nhsuk-list-panel.search-result.nhsuk-u-padding-3:nth-child(6) > .nhsuk-u-margin-bottom-4[data-test=\"search-result-location\"] > h3 > .location-font-size"]},{"any":[{"id":"color-contrast","data":{"fgColor":"#212b32","bgColor":"#f0f4f5","contrastRatio":13.02,"fontSize":"14.3pt (19px)","fontWeight":"normal","expectedContrastRatio":"4.5:1"},"relatedNodes":[],"impact":"serious","message":"Element has sufficient color contrast of 13.02"}],"all":[],"none":[],"impact":null,"html":"<li data-test=\"search-result-salary\" class=\"marginBt\">\n                Salary: \n                <strong class=\"nhsuk-u-font-weight-bold\">\n                  £105,504 to £139,882\n                  \n                    a year\n                  \n                </strong>\n              </li>","target":[".nhsuk-list-panel.search-result.nhsuk-u-padding-3:nth-child(6) > .nhsuk-grid-row:nth-child(3) > .nhsuk-grid-column-one-half:nth-child(1) > .first-ad-job-info.ad-job-info.nhsuk-list > .marginBt[data-test=\"search-result-salary\"]"]},{"any":[{"id":"color-contrast","data":{"fgColor":"#212b32","bgColor":"#f0f4f5","contrastRatio":13.02,"fontSize":"14.3pt (19px)","fontWeight":"normal","expectedContrastRatio":"4.5:1"},"relatedNodes":[],"impact":"serious","message":"Element has sufficient color contrast of 13.02"}],"all":[],"none":[],"impact":null,"html":"<strong class=\"nhsuk-u-font-weight-bold\">\n                  £105,504 to £139,882\n                  \n                    a year\n                  \n                </strong>","target":[".nhsuk-list-panel.search-result.nhsuk-u-padding-3:nth-child(6) > .nhsuk-grid-row:nth-child(3) > .nhsuk-grid-column-one-half:nth-child(1) > .first-ad-job-info.ad-job-info.nhsuk-list > .marginBt[data-test=\"search-result-salary\"] > strong"]},{"any":[{"id":"color-contrast","data":{"fgColor":"#212b32","bgColor":"#f0f4f5","contrastRatio":13.02,"fontSize":"14.3pt (19px)","fontWeight":"normal","expectedContrastRatio":"4.5:1"},"relatedNodes":[],"impact":"serious","message":"Element has sufficient color contrast of 13.02"}],"all":[],"none":[],"impact":null,"html":"<li data-test=\"search-result-distance\" class=\"marginBt\">\n                Distance: \n                <strong class=\"nhsuk-u-font-weight-bold\">\n                  3.8 miles\n                </strong>\n              </li>","target":[".nhsuk-list-panel.search-result.nhsuk-u-padding-3:nth-child(6) > .nhsuk-grid-row:nth-child(3) > .nhsuk-grid-column-one-half:nth-child(1) > .first-ad-job-info.ad-job-info.nhsuk-list > .marginBt[data-test=\"search-result-distance\"]"]},{"any":[{"id":"color-contrast","data":{"fgColor":"#212b32","bgColor":"#f0f4f5","contrastRatio":13.02,"fontSize":"14.3pt (19px)","fontWeight":"normal","expectedContrastRatio":"4.5:1"},"relatedNodes":[],"impact":"serious","message":"Element has sufficient color contrast of 13.02"}],"all":[],"none":[],"impact":null,"html":"<strong class=\"nhsuk-u-font-weight-bold\">\n                  3.8 miles\n                </strong>","target":[".nhsuk-list-panel.search-result.nhsuk-u-padding-3:nth-child(6) > .nhsuk-grid-row:nth-child(3) > .nhsuk-grid-column-one-half:nth-child(1) > .first-ad-job-info.ad-job-info.nhsuk-list > .marginBt[data-test=\"search-result-distance\"] > strong"]},{"any":[{"id":"color-contrast","data":{"fgColor":"#212b32","bgColor":"#f0f4f5","contrastRatio":13.02,"fontSize":"14.3pt (19px)","fontWeight":"normal","expectedContrastRatio":"4.5:1"},"relatedNodes":[],"impact":"serious","message":"Element has sufficient color contrast of 13.02"}],"all":[],"none":[],"impact":null,"html":"<li data-test=\"search-result-publicationDate\">\n                Date posted: \n                <strong class=\"nhsuk-u-font-weight-bold\">\n                  20 June 2025\n                </strong>\n              </li>","target":[".nhsuk-list-panel.search-result.nhsuk-u-padding-3:nth-child(6) > .nhsuk-grid-row:nth-child(3) > .nhsuk-grid-column-one-half:nth-child(1) > .first-ad-job-info.ad-job-info.nhsuk-list > li[data-test=\"search-result-publicationDate\"]"]},{"any":[{"id":"color-contrast","data":{"fgColor":"#212b32","bgColor":"#f0f4f5","contrastRatio":13.02,"fontSize":"14.3pt (19px)","fontWeight":"normal","expectedContrastRatio":"4.5:1"},"relatedNodes":[],"impact":"serious","message":"Element has sufficient color contrast of 13.02"}],"all":[],"none":[],"impact":null,"html":"<strong class=\"nhsuk-u-font-weight-bold\">\n                  20 June 2025\n                </strong>","target":[".nhsuk-list-panel.search-result.nhsuk-u-padding-3:nth-child(6) > .nhsuk-grid-row:nth-child(3) > .nhsuk-grid-column-one-half:nth-child(1) > .first-ad-job-info.ad-job-info.nhsuk-list > li[data-test=\"search-result-publicationDate\"] > strong"]},{"any":[{"id":"color-contrast","data":{"fgColor":"#212b32","bgColor":"#f0f4f5","contrastRatio":13.02,"fontSize":"14.3pt (19px)","fontWeight":"normal","expectedContrastRatio":"4.5:1"},"relatedNodes":[],"impact":"serious","message":"Element has sufficient color contrast of 13.02"}],"all":[],"none":[],"impact":null,"html":"<li data-test=\"search-result-jobType\" class=\"marginBt\">\n              Contract type: \n              <strong class=\"nhsuk-u-font-weight-bold\">\n                Fixed-Term\n              </strong>\n            </li>","target":[".nhsuk-list-panel.search-result.nhsuk-u-padding-3:nth-child(6) > .nhsuk-grid-row:nth-child(3) > .nhsuk-grid-column-one-half:nth-child(2) > .ad-job-info.nhsuk-list > .marginBt[data-test=\"search-result-jobType\"]"]},{"any":[{"id":"color-contrast","data":{"fgColor":"#212b32","bgColor":"#f0f4f5","contrastRatio":13.02,"fontSize":"14.3pt (19px)","fontWeight":"normal","expectedContrastRatio":"4.5:1"},"relatedNodes":[],"impact":"serious","message":"Element has sufficient color contrast of 13.02"}],"all":[],"none":[],"impact":null,"html":"<strong class=\"nhsuk-u-font-weight-bold\">\n                Fixed-Term\n              </strong>","target":[".nhsuk-list-panel.search-result.nhsuk-u-padding-3:nth-child(6) > .nhsuk-grid-row:nth-child(3) > .nhsuk-grid-column-one-half:nth-child(2) > .ad-job-info.nhsuk-list > .marginBt[data-test=\"search-result-jobType\"] > strong"]},{"any":[{"id":"color-contrast","data":{"fgColor":"#212b32","bgColor":"#f0f4f5","contrastRatio":13.02,"fontSize":"14.3pt (19px)","fontWeight":"normal","expectedContrastRatio":"4.5:1"},"relatedNodes":[],"impact":"serious","message":"Element has sufficient color contrast of 13.02"}],"all":[],"none":[],"impact":null,"html":"<li data-test=\"search-result-workingPattern\" class=\"marginBt\">\n              Working pattern: \n              <strong class=\"nhsuk-u-font-weight-bold\">\n                Full time\n              </strong>\n            </li>","target":[".nhsuk-list-panel.search-result.nhsuk-u-padding-3:nth-child(6) > .nhsuk-grid-row:nth-child(3) > .nhsuk-grid-column-one-half:nth-child(2) > .ad-job-info.nhsuk-list > .marginBt[data-test=\"search-result-workingPattern\"]"]},{"any":[{"id":"color-contrast","data":{"fgColor":"#212b32","bgColor":"#f0f4f5","contrastRatio":13.02,"fontSize":"14.3pt (19px)","fontWeight":"normal","expectedContrastRatio":"4.5:1"},"relatedNodes":[],"impact":"serious","message":"Element has sufficient color contrast of 13.02"}],"all":[],"none":[],"impact":null,"html":"<strong class=\"nhsuk-u-font-weight-bold\">\n                Full time\n              </strong>","target":[".nhsuk-list-panel.search-result.nhsuk-u-padding-3:nth-child(6) > .nhsuk-grid-row:nth-child(3) > .nhsuk-grid-column-one-half:nth-child(2) > .ad-job-info.nhsuk-list > .marginBt[data-test=\"search-result-workingPattern\"] > strong"]},{"any":[{"id":"color-contrast","data":{"fgColor":"#212b32","bgColor":"#f0f4f5","contrastRatio":13.02,"fontSize":"14.3pt (19px)","fontWeight":"normal","expectedContrastRatio":"4.5:1"},"relatedNodes":[],"impact":"serious","message":"Element has sufficient color contrast of 13.02"}],"all":[],"none":[],"impact":null,"html":"<li data-test=\"search-result-closingDate\">\n                Closing date: \n                <strong class=\"nhsuk-u-font-weight-bold\">\n                  4 July 2025\n                </strong>\n              </li>","target":[".nhsuk-list-panel.search-result.nhsuk-u-padding-3:nth-child(6) > .nhsuk-grid-row:nth-child(3) > .nhsuk-grid-column-one-half:nth-child(2) > .ad-job-info.nhsuk-list > li[data-test=\"search-result-closingDate\"]"]},{"any":[{"id":"color-contrast","data":{"fgColor":"#212b32","bgColor":"#f0f4f5","contrastRatio":13.02,"fontSize":"14.3pt (19px)","fontWeight":"normal","expectedContrastRatio":"4.5:1"},"relatedNodes":[],"impact":"serious","message":"Element has sufficient color contrast of 13.02"}],"all":[],"none":[],"impact":null,"html":"<strong class=\"nhsuk-u-font-weight-bold\">\n                  4 July 2025\n                </strong>","target":[".nhsuk-list-panel.search-result.nhsuk-u-padding-3:nth-child(6) > .nhsuk-grid-row:nth-child(3) > .nhsuk-grid-column-one-half:nth-child(2) > .ad-job-info.nhsuk-list > li[data-test=\"search-result-closingDate\"] > strong"]},{"any":[{"id":"color-contrast","data":{"fgColor":"#005eb8","bgColor":"#f0f4f5","contrastRatio":5.75,"fontSize":"18.0pt (24px)","fontWeight":"normal","expectedContrastRatio":"3:1"},"relatedNodes":[],"impact":"serious","message":"Element has sufficient color contrast of 5.75"}],"all":[],"none":[],"impact":null,"html":"<a href=\"/candidate/jobadvert/A4025-25-0005?keyword=Admin&amp;location=Manchester&amp;distance=5&amp;language=en\" data-test=\"search-result-job-title\">\n              Medical Receptionist\n            </a>","target":["#job-title-7 > a[data-test=\"search-result-job-title\"]"]},{"any":[{"id":"color-contrast","data":{"fgColor":"#005eb8","bgColor":"#f0f4f5","contrastRatio":5.75,"fontSize":"14.3pt (19px)","fontWeight":"normal","expectedContrastRatio":"4.5:1"},"relatedNodes":[],"impact":"serious","message":"Element has sufficient color contrast of 5.75"}],"all":[],"none":[],"impact":null,"html":"<a href=\"/candidate/search/save-job/A4025-25-0005\" data-test=\"search-result-save-job\" aria-label=\"Save this job: Medical Receptionist (Reference number: A4025-25-0005)\">\n              Save this job\n            </a>","target":[".nhsuk-list-panel.search-result.nhsuk-u-padding-3:nth-child(7) > .nhsuk-grid-row:nth-child(1) > .save-job.nhsuk-u-margin-right-3 > a[data-test=\"search-result-save-job\"]"]},{"any":[{"id":"color-contrast","data":{"fgColor":"#212b32","bgColor":"#f0f4f5","contrastRatio":13.02,"fontSize":"18.0pt (24px)","fontWeight":"normal","expectedContrastRatio":"3:1"},"relatedNodes":[],"impact":"serious","message":"Element has sufficient color contrast of 13.02"}],"all":[],"none":[],"impact":null,"html":"<h3 class=\"nhsuk-u-font-weight-bold\">\n          North Trafford Group Practice\n          <div class=\"location-font-size\">\n            \n              Manchester M32 0PA, \n            \n              Manchester M160LW\n            \n          </div>\n        </h3>","target":[".nhsuk-list-panel.search-result.nhsuk-u-padding-3:nth-child(7) > .nhsuk-u-margin-bottom-4[data-test=\"search-result-location\"] > h3"]},{"any":[{"id":"color-contrast","data":{"fgColor":"#212b32","bgColor":"#f0f4f5","contrastRatio":13.02,"fontSize":"12.0pt (16px)","fontWeight":"normal","expectedContrastRatio":"4.5:1"},"relatedNodes":[],"impact":"serious","message":"Element has sufficient color contrast of 13.02"}],"all":[],"none":[],"impact":null,"html":"<div class=\"location-font-size\">\n            \n              Manchester M32 0PA, \n            \n              Manchester M160LW\n            \n          </div>","target":[".nhsuk-list-panel.search-result.nhsuk-u-padding-3:nth-child(7) > .nhsuk-u-margin-bottom-4[data-test=\"search-result-location\"] > h3 > .location-font-size"]},{"any":[{"id":"color-contrast","data":{"fgColor":"#212b32","bgColor":"#f0f4f5","contrastRatio":13.02,"fontSize":"14.3pt (19px)","fontWeight":"normal","expectedContrastRatio":"4.5:1"},"relatedNodes":[],"impact":"serious","message":"Element has sufficient color contrast of 13.02"}],"all":[],"none":[],"impact":null,"html":"<li data-test=\"search-result-salary\" class=\"marginBt\">\n                Salary: \n                <strong class=\"nhsuk-u-font-weight-bold\">\n                  Depends on experience\n                </strong>\n              </li>","target":[".nhsuk-list-panel.search-result.nhsuk-u-padding-3:nth-child(7) > .nhsuk-grid-row:nth-child(3) > .nhsuk-grid-column-one-half:nth-child(1) > .first-ad-job-info.ad-job-info.nhsuk-list > .marginBt[data-test=\"search-result-salary\"]"]},{"any":[{"id":"color-contrast","data":{"fgColor":"#212b32","bgColor":"#f0f4f5","contrastRatio":13.02,"fontSize":"14.3pt (19px)","fontWeight":"normal","expectedContrastRatio":"4.5:1"},"relatedNodes":[],"impact":"serious","message":"Element has sufficient color contrast of 13.02"}],"all":[],"none":[],"impact":null,"html":"<strong class=\"nhsuk-u-font-weight-bold\">\n                  Depends on experience\n                </strong>","target":[".nhsuk-list-panel.search-result.nhsuk-u-padding-3:nth-child(7) > .nhsuk-grid-row:nth-child(3) > .nhsuk-grid-column-one-half:nth-child(1) > .first-ad-job-info.ad-job-info.nhsuk-list > .marginBt[data-test=\"search-result-salary\"] > strong"]},{"any":[{"id":"color-contrast","data":{"fgColor":"#212b32","bgColor":"#f0f4f5","contrastRatio":13.02,"fontSize":"14.3pt (19px)","fontWeight":"normal","expectedContrastRatio":"4.5:1"},"relatedNodes":[],"impact":"serious","message":"Element has sufficient color contrast of 13.02"}],"all":[],"none":[],"impact":null,"html":"<li data-test=\"search-result-distance\" class=\"marginBt\">\n                Distance: \n                <strong class=\"nhsuk-u-font-weight-bold\">\n                  1.5 miles\n                </strong>\n              </li>","target":[".nhsuk-list-panel.search-result.nhsuk-u-padding-3:nth-child(7) > .nhsuk-grid-row:nth-child(3) > .nhsuk-grid-column-one-half:nth-child(1) > .first-ad-job-info.ad-job-info.nhsuk-list > .marginBt[data-test=\"search-result-distance\"]"]},{"any":[{"id":"color-contrast","data":{"fgColor":"#212b32","bgColor":"#f0f4f5","contrastRatio":13.02,"fontSize":"14.3pt (19px)","fontWeight":"normal","expectedContrastRatio":"4.5:1"},"relatedNodes":[],"impact":"serious","message":"Element has sufficient color contrast of 13.02"}],"all":[],"none":[],"impact":null,"html":"<strong class=\"nhsuk-u-font-weight-bold\">\n                  1.5 miles\n                </strong>","target":[".nhsuk-list-panel.search-result.nhsuk-u-padding-3:nth-child(7) > .nhsuk-grid-row:nth-child(3) > .nhsuk-grid-column-one-half:nth-child(1) > .first-ad-job-info.ad-job-info.nhsuk-list > .marginBt[data-test=\"search-result-distance\"] > strong"]},{"any":[{"id":"color-contrast","data":{"fgColor":"#212b32","bgColor":"#f0f4f5","contrastRatio":13.02,"fontSize":"14.3pt (19px)","fontWeight":"normal","expectedContrastRatio":"4.5:1"},"relatedNodes":[],"impact":"serious","message":"Element has sufficient color contrast of 13.02"}],"all":[],"none":[],"impact":null,"html":"<li data-test=\"search-result-publicationDate\">\n                Date posted: \n                <strong class=\"nhsuk-u-font-weight-bold\">\n                  27 May 2025\n                </strong>\n              </li>","target":[".nhsuk-list-panel.search-result.nhsuk-u-padding-3:nth-child(7) > .nhsuk-grid-row:nth-child(3) > .nhsuk-grid-column-one-half:nth-child(1) > .first-ad-job-info.ad-job-info.nhsuk-list > li[data-test=\"search-result-publicationDate\"]"]},{"any":[{"id":"color-contrast","data":{"fgColor":"#212b32","bgColor":"#f0f4f5","contrastRatio":13.02,"fontSize":"14.3pt (19px)","fontWeight":"normal","expectedContrastRatio":"4.5:1"},"relatedNodes":[],"impact":"serious","message":"Element has sufficient color contrast of 13.02"}],"all":[],"none":[],"impact":null,"html":"<strong class=\"nhsuk-u-font-weight-bold\">\n                  27 May 2025\n                </strong>","target":[".nhsuk-list-panel.search-result.nhsuk-u-padding-3:nth-child(7) > .nhsuk-grid-row:nth-child(3) > .nhsuk-grid-column-one-half:nth-child(1) > .first-ad-job-info.ad-job-info.nhsuk-list > li[data-test=\"search-result-publicationDate\"] > strong"]},{"any":[{"id":"color-contrast","data":{"fgColor":"#212b32","bgColor":"#f0f4f5","contrastRatio":13.02,"fontSize":"14.3pt (19px)","fontWeight":"normal","expectedContrastRatio":"4.5:1"},"relatedNodes":[],"impact":"serious","message":"Element has sufficient color contrast of 13.02"}],"all":[],"none":[],"impact":null,"html":"<li data-test=\"search-result-jobType\" class=\"marginBt\">\n              Contract type: \n              <strong class=\"nhsuk-u-font-weight-bold\">\n                Permanent\n              </strong>\n            </li>","target":[".nhsuk-list-panel.search-result.nhsuk-u-padding-3:nth-child(7) > .nhsuk-grid-row:nth-child(3) > .nhsuk-grid-column-one-half:nth-child(2) > .ad-job-info.nhsuk-list > .marginBt[data-test=\"search-result-jobType\"]"]},{"any":[{"id":"color-contrast","data":{"fgColor":"#212b32","bgColor":"#f0f4f5","contrastRatio":13.02,"fontSize":"14.3pt (19px)","fontWeight":"normal","expectedContrastRatio":"4.5:1"},"relatedNodes":[],"impact":"serious","message":"Element has sufficient color contrast of 13.02"}],"all":[],"none":[],"impact":null,"html":"<strong class=\"nhsuk-u-font-weight-bold\">\n                Permanent\n              </strong>","target":[".nhsuk-list-panel.search-result.nhsuk-u-padding-3:nth-child(7) > .nhsuk-grid-row:nth-child(3) > .nhsuk-grid-column-one-half:nth-child(2) > .ad-job-info.nhsuk-list > .marginBt[data-test=\"search-result-jobType\"] > strong"]},{"any":[{"id":"color-contrast","data":{"fgColor":"#212b32","bgColor":"#f0f4f5","contrastRatio":13.02,"fontSize":"14.3pt (19px)","fontWeight":"normal","expectedContrastRatio":"4.5:1"},"relatedNodes":[],"impact":"serious","message":"Element has sufficient color contrast of 13.02"}],"all":[],"none":[],"impact":null,"html":"<li data-test=\"search-result-workingPattern\" class=\"marginBt\">\n              Working pattern: \n              <strong class=\"nhsuk-u-font-weight-bold\">\n                Full time, Part time\n              </strong>\n            </li>","target":[".nhsuk-list-panel.search-result.nhsuk-u-padding-3:nth-child(7) > .nhsuk-grid-row:nth-child(3) > .nhsuk-grid-column-one-half:nth-child(2) > .ad-job-info.nhsuk-list > .marginBt[data-test=\"search-result-workingPattern\"]"]},{"any":[{"id":"color-contrast","data":{"fgColor":"#212b32","bgColor":"#f0f4f5","contrastRatio":13.02,"fontSize":"14.3pt (19px)","fontWeight":"normal","expectedContrastRatio":"4.5:1"},"relatedNodes":[],"impact":"serious","message":"Element has sufficient color contrast of 13.02"}],"all":[],"none":[],"impact":null,"html":"<strong class=\"nhsuk-u-font-weight-bold\">\n                Full time, Part time\n              </strong>","target":[".nhsuk-list-panel.search-result.nhsuk-u-padding-3:nth-child(7) > .nhsuk-grid-row:nth-child(3) > .nhsuk-grid-column-one-half:nth-child(2) > .ad-job-info.nhsuk-list > .marginBt[data-test=\"search-result-workingPattern\"] > strong"]},{"any":[{"id":"color-contrast","data":{"fgColor":"#212b32","bgColor":"#f0f4f5","contrastRatio":13.02,"fontSize":"14.3pt (19px)","fontWeight":"normal","expectedContrastRatio":"4.5:1"},"relatedNodes":[],"impact":"serious","message":"Element has sufficient color contrast of 13.02"}],"all":[],"none":[],"impact":null,"html":"<li data-test=\"search-result-closingDate\">\n                Closing date: \n                <strong class=\"nhsuk-u-font-weight-bold\">\n                  27 June 2025\n                </strong>\n              </li>","target":[".nhsuk-list-panel.search-result.nhsuk-u-padding-3:nth-child(7) > .nhsuk-grid-row:nth-child(3) > .nhsuk-grid-column-one-half:nth-child(2) > .ad-job-info.nhsuk-list > li[data-test=\"search-result-closingDate\"]"]},{"any":[{"id":"color-contrast","data":{"fgColor":"#212b32","bgColor":"#f0f4f5","contrastRatio":13.02,"fontSize":"14.3pt (19px)","fontWeight":"normal","expectedContrastRatio":"4.5:1"},"relatedNodes":[],"impact":"serious","message":"Element has sufficient color contrast of 13.02"}],"all":[],"none":[],"impact":null,"html":"<strong class=\"nhsuk-u-font-weight-bold\">\n                  27 June 2025\n                </strong>","target":[".nhsuk-list-panel.search-result.nhsuk-u-padding-3:nth-child(7) > .nhsuk-grid-row:nth-child(3) > .nhsuk-grid-column-one-half:nth-child(2) > .ad-job-info.nhsuk-list > li[data-test=\"search-result-closingDate\"] > strong"]},{"any":[{"id":"color-contrast","data":{"fgColor":"#005eb8","bgColor":"#f0f4f5","contrastRatio":5.75,"fontSize":"18.0pt (24px)","fontWeight":"normal","expectedContrastRatio":"3:1"},"relatedNodes":[],"impact":"serious","message":"Element has sufficient color contrast of 5.75"}],"all":[],"none":[],"impact":null,"html":"<a href=\"/candidate/jobadvert/C9413-25-0388?keyword=Admin&amp;location=Manchester&amp;distance=5&amp;language=en\" data-test=\"search-result-job-title\">\n              Consultant Clinical Oncology – Gynaecological Cancers.\n            </a>","target":["#job-title-8 > a[data-test=\"search-result-job-title\"]"]},{"any":[{"id":"color-contrast","data":{"fgColor":"#005eb8","bgColor":"#f0f4f5","contrastRatio":5.75,"fontSize":"14.3pt (19px)","fontWeight":"normal","expectedContrastRatio":"4.5:1"},"relatedNodes":[],"impact":"serious","message":"Element has sufficient color contrast of 5.75"}],"all":[],"none":[],"impact":null,"html":"<a href=\"/candidate/search/save-job/C9413-25-0388\" data-test=\"search-result-save-job\" aria-label=\"Save this job: Consultant Clinical Oncology – Gynaecological Cancers. (Reference number: C9413-25-0388)\">\n              Save this job\n            </a>","target":[".nhsuk-list-panel.search-result.nhsuk-u-padding-3:nth-child(8) > .nhsuk-grid-row:nth-child(1) > .save-job.nhsuk-u-margin-right-3 > a[data-test=\"search-result-save-job\"]"]},{"any":[{"id":"color-contrast","data":{"fgColor":"#212b32","bgColor":"#f0f4f5","contrastRatio":13.02,"fontSize":"18.0pt (24px)","fontWeight":"normal","expectedContrastRatio":"3:1"},"relatedNodes":[],"impact":"serious","message":"Element has sufficient color contrast of 13.02"}],"all":[],"none":[],"impact":null,"html":"<h3 class=\"nhsuk-u-font-weight-bold\">\n          The Christie NHS FT\n          <div class=\"location-font-size\">\n            \n              Manchester M20 4BX\n            \n          </div>\n        </h3>","target":[".nhsuk-list-panel.search-result.nhsuk-u-padding-3:nth-child(8) > .nhsuk-u-margin-bottom-4[data-test=\"search-result-location\"] > h3"]},{"any":[{"id":"color-contrast","data":{"fgColor":"#212b32","bgColor":"#f0f4f5","contrastRatio":13.02,"fontSize":"12.0pt (16px)","fontWeight":"normal","expectedContrastRatio":"4.5:1"},"relatedNodes":[],"impact":"serious","message":"Element has sufficient color contrast of 13.02"}],"all":[],"none":[],"impact":null,"html":"<div class=\"location-font-size\">\n            \n              Manchester M20 4BX\n            \n          </div>","target":[".nhsuk-list-panel.search-result.nhsuk-u-padding-3:nth-child(8) > .nhsuk-u-margin-bottom-4[data-test=\"search-result-location\"] > h3 > .location-font-size"]},{"any":[{"id":"color-contrast","data":{"fgColor":"#212b32","bgColor":"#f0f4f5","contrastRatio":13.02,"fontSize":"14.3pt (19px)","fontWeight":"normal","expectedContrastRatio":"4.5:1"},"relatedNodes":[],"impact":"serious","message":"Element has sufficient color contrast of 13.02"}],"all":[],"none":[],"impact":null,"html":"<li data-test=\"search-result-salary\" class=\"marginBt\">\n                Salary: \n                <strong class=\"nhsuk-u-font-weight-bold\">\n                  £105,504 to £139,882\n                  \n                    a year\n                  \n                </strong>\n              </li>","target":[".nhsuk-list-panel.search-result.nhsuk-u-padding-3:nth-child(8) > .nhsuk-grid-row:nth-child(3) > .nhsuk-grid-column-one-half:nth-child(1) > .first-ad-job-info.ad-job-info.nhsuk-list > .marginBt[data-test=\"search-result-salary\"]"]},{"any":[{"id":"color-contrast","data":{"fgColor":"#212b32","bgColor":"#f0f4f5","contrastRatio":13.02,"fontSize":"14.3pt (19px)","fontWeight":"normal","expectedContrastRatio":"4.5:1"},"relatedNodes":[],"impact":"serious","message":"Element has sufficient color contrast of 13.02"}],"all":[],"none":[],"impact":null,"html":"<strong class=\"nhsuk-u-font-weight-bold\">\n                  £105,504 to £139,882\n                  \n                    a year\n                  \n                </strong>","target":[".nhsuk-list-panel.search-result.nhsuk-u-padding-3:nth-child(8) > .nhsuk-grid-row:nth-child(3) > .nhsuk-grid-column-one-half:nth-child(1) > .first-ad-job-info.ad-job-info.nhsuk-list > .marginBt[data-test=\"search-result-salary\"] > strong"]},{"any":[{"id":"color-contrast","data":{"fgColor":"#212b32","bgColor":"#f0f4f5","contrastRatio":13.02,"fontSize":"14.3pt (19px)","fontWeight":"normal","expectedContrastRatio":"4.5:1"},"relatedNodes":[],"impact":"serious","message":"Element has sufficient color contrast of 13.02"}],"all":[],"none":[],"impact":null,"html":"<li data-test=\"search-result-distance\" class=\"marginBt\">\n                Distance: \n                <strong class=\"nhsuk-u-font-weight-bold\">\n                  3.8 miles\n                </strong>\n              </li>","target":[".nhsuk-list-panel.search-result.nhsuk-u-padding-3:nth-child(8) > .nhsuk-grid-row:nth-child(3) > .nhsuk-grid-column-one-half:nth-child(1) > .first-ad-job-info.ad-job-info.nhsuk-list > .marginBt[data-test=\"search-result-distance\"]"]},{"any":[{"id":"color-contrast","data":{"fgColor":"#212b32","bgColor":"#f0f4f5","contrastRatio":13.02,"fontSize":"14.3pt (19px)","fontWeight":"normal","expectedContrastRatio":"4.5:1"},"relatedNodes":[],"impact":"serious","message":"Element has sufficient color contrast of 13.02"}],"all":[],"none":[],"impact":null,"html":"<strong class=\"nhsuk-u-font-weight-bold\">\n                  3.8 miles\n                </strong>","target":[".nhsuk-list-panel.search-result.nhsuk-u-padding-3:nth-child(8) > .nhsuk-grid-row:nth-child(3) > .nhsuk-grid-column-one-half:nth-child(1) > .first-ad-job-info.ad-job-info.nhsuk-list > .marginBt[data-test=\"search-result-distance\"] > strong"]},{"any":[{"id":"color-contrast","data":{"fgColor":"#212b32","bgColor":"#f0f4f5","contrastRatio":13.02,"fontSize":"14.3pt (19px)","fontWeight":"normal","expectedContrastRatio":"4.5:1"},"relatedNodes":[],"impact":"serious","message":"Element has sufficient color contrast of 13.02"}],"all":[],"none":[],"impact":null,"html":"<li data-test=\"search-result-publicationDate\">\n                Date posted: \n                <strong class=\"nhsuk-u-font-weight-bold\">\n                  4 June 2025\n                </strong>\n              </li>","target":[".nhsuk-list-panel.search-result.nhsuk-u-padding-3:nth-child(8) > .nhsuk-grid-row:nth-child(3) > .nhsuk-grid-column-one-half:nth-child(1) > .first-ad-job-info.ad-job-info.nhsuk-list > li[data-test=\"search-result-publicationDate\"]"]},{"any":[{"id":"color-contrast","data":{"fgColor":"#212b32","bgColor":"#f0f4f5","contrastRatio":13.02,"fontSize":"14.3pt (19px)","fontWeight":"normal","expectedContrastRatio":"4.5:1"},"relatedNodes":[],"impact":"serious","message":"Element has sufficient color contrast of 13.02"}],"all":[],"none":[],"impact":null,"html":"<strong class=\"nhsuk-u-font-weight-bold\">\n                  4 June 2025\n                </strong>","target":[".nhsuk-list-panel.search-result.nhsuk-u-padding-3:nth-child(8) > .nhsuk-grid-row:nth-child(3) > .nhsuk-grid-column-one-half:nth-child(1) > .first-ad-job-info.ad-job-info.nhsuk-list > li[data-test=\"search-result-publicationDate\"] > strong"]},{"any":[{"id":"color-contrast","data":{"fgColor":"#212b32","bgColor":"#f0f4f5","contrastRatio":13.02,"fontSize":"14.3pt (19px)","fontWeight":"normal","expectedContrastRatio":"4.5:1"},"relatedNodes":[],"impact":"serious","message":"Element has sufficient color contrast of 13.02"}],"all":[],"none":[],"impact":null,"html":"<li data-test=\"search-result-jobType\" class=\"marginBt\">\n              Contract type: \n              <strong class=\"nhsuk-u-font-weight-bold\">\n                Permanent\n              </strong>\n            </li>","target":[".nhsuk-list-panel.search-result.nhsuk-u-padding-3:nth-child(8) > .nhsuk-grid-row:nth-child(3) > .nhsuk-grid-column-one-half:nth-child(2) > .ad-job-info.nhsuk-list > .marginBt[data-test=\"search-result-jobType\"]"]},{"any":[{"id":"color-contrast","data":{"fgColor":"#212b32","bgColor":"#f0f4f5","contrastRatio":13.02,"fontSize":"14.3pt (19px)","fontWeight":"normal","expectedContrastRatio":"4.5:1"},"relatedNodes":[],"impact":"serious","message":"Element has sufficient color contrast of 13.02"}],"all":[],"none":[],"impact":null,"html":"<strong class=\"nhsuk-u-font-weight-bold\">\n                Permanent\n              </strong>","target":[".nhsuk-list-panel.search-result.nhsuk-u-padding-3:nth-child(8) > .nhsuk-grid-row:nth-child(3) > .nhsuk-grid-column-one-half:nth-child(2) > .ad-job-info.nhsuk-list > .marginBt[data-test=\"search-result-jobType\"] > strong"]},{"any":[{"id":"color-contrast","data":{"fgColor":"#212b32","bgColor":"#f0f4f5","contrastRatio":13.02,"fontSize":"14.3pt (19px)","fontWeight":"normal","expectedContrastRatio":"4.5:1"},"relatedNodes":[],"impact":"serious","message":"Element has sufficient color contrast of 13.02"}],"all":[],"none":[],"impact":null,"html":"<li data-test=\"search-result-workingPattern\" class=\"marginBt\">\n              Working pattern: \n              <strong class=\"nhsuk-u-font-weight-bold\">\n                Full time\n              </strong>\n            </li>","target":[".nhsuk-list-panel.search-result.nhsuk-u-padding-3:nth-child(8) > .nhsuk-grid-row:nth-child(3) > .nhsuk-grid-column-one-half:nth-child(2) > .ad-job-info.nhsuk-list > .marginBt[data-test=\"search-result-workingPattern\"]"]},{"any":[{"id":"color-contrast","data":{"fgColor":"#212b32","bgColor":"#f0f4f5","contrastRatio":13.02,"fontSize":"14.3pt (19px)","fontWeight":"normal","expectedContrastRatio":"4.5:1"},"relatedNodes":[],"impact":"serious","message":"Element has sufficient color contrast of 13.02"}],"all":[],"none":[],"impact":null,"html":"<strong class=\"nhsuk-u-font-weight-bold\">\n                Full time\n              </strong>","target":[".nhsuk-list-panel.search-result.nhsuk-u-padding-3:nth-child(8) > .nhsuk-grid-row:nth-child(3) > .nhsuk-grid-column-one-half:nth-child(2) > .ad-job-info.nhsuk-list > .marginBt[data-test=\"search-result-workingPattern\"] > strong"]},{"any":[{"id":"color-contrast","data":{"fgColor":"#212b32","bgColor":"#f0f4f5","contrastRatio":13.02,"fontSize":"14.3pt (19px)","fontWeight":"normal","expectedContrastRatio":"4.5:1"},"relatedNodes":[],"impact":"serious","message":"Element has sufficient color contrast of 13.02"}],"all":[],"none":[],"impact":null,"html":"<li data-test=\"search-result-closingDate\">\n                Closing date: \n                <strong class=\"nhsuk-u-font-weight-bold\">\n                  25 June 2025\n                </strong>\n              </li>","target":[".nhsuk-list-panel.search-result.nhsuk-u-padding-3:nth-child(8) > .nhsuk-grid-row:nth-child(3) > .nhsuk-grid-column-one-half:nth-child(2) > .ad-job-info.nhsuk-list > li[data-test=\"search-result-closingDate\"]"]},{"any":[{"id":"color-contrast","data":{"fgColor":"#212b32","bgColor":"#f0f4f5","contrastRatio":13.02,"fontSize":"14.3pt (19px)","fontWeight":"normal","expectedContrastRatio":"4.5:1"},"relatedNodes":[],"impact":"serious","message":"Element has sufficient color contrast of 13.02"}],"all":[],"none":[],"impact":null,"html":"<strong class=\"nhsuk-u-font-weight-bold\">\n                  25 June 2025\n                </strong>","target":[".nhsuk-list-panel.search-result.nhsuk-u-padding-3:nth-child(8) > .nhsuk-grid-row:nth-child(3) > .nhsuk-grid-column-one-half:nth-child(2) > .ad-job-info.nhsuk-list > li[data-test=\"search-result-closingDate\"] > strong"]},{"any":[{"id":"color-contrast","data":{"fgColor":"#005eb8","bgColor":"#f0f4f5","contrastRatio":5.75,"fontSize":"18.0pt (24px)","fontWeight":"normal","expectedContrastRatio":"3:1"},"relatedNodes":[],"impact":"serious","message":"Element has sufficient color contrast of 5.75"}],"all":[],"none":[],"impact":null,"html":"<a href=\"/candidate/jobadvert/C9413-25-0427?keyword=Admin&amp;location=Manchester&amp;distance=5&amp;language=en\" data-test=\"search-result-job-title\">\n              Support Secretary/Scheduler\n            </a>","target":["#job-title-9 > a[data-test=\"search-result-job-title\"]"]},{"any":[{"id":"color-contrast","data":{"fgColor":"#005eb8","bgColor":"#f0f4f5","contrastRatio":5.75,"fontSize":"14.3pt (19px)","fontWeight":"normal","expectedContrastRatio":"4.5:1"},"relatedNodes":[],"impact":"serious","message":"Element has sufficient color contrast of 5.75"}],"all":[],"none":[],"impact":null,"html":"<a href=\"/candidate/search/save-job/C9413-25-0427\" data-test=\"search-result-save-job\" aria-label=\"Save this job: Support Secretary/Scheduler (Reference number: C9413-25-0427)\">\n              Save this job\n            </a>","target":[".nhsuk-list-panel.search-result.nhsuk-u-padding-3:nth-child(9) > .nhsuk-grid-row:nth-child(1) > .save-job.nhsuk-u-margin-right-3 > a[data-test=\"search-result-save-job\"]"]},{"any":[{"id":"color-contrast","data":{"fgColor":"#212b32","bgColor":"#f0f4f5","contrastRatio":13.02,"fontSize":"18.0pt (24px)","fontWeight":"normal","expectedContrastRatio":"3:1"},"relatedNodes":[],"impact":"serious","message":"Element has sufficient color contrast of 13.02"}],"all":[],"none":[],"impact":null,"html":"<h3 class=\"nhsuk-u-font-weight-bold\">\n          The Christie NHS FT\n          <div class=\"location-font-size\">\n            \n              Manchester M20 4BX\n            \n          </div>\n        </h3>","target":[".nhsuk-list-panel.search-result.nhsuk-u-padding-3:nth-child(9) > .nhsuk-u-margin-bottom-4[data-test=\"search-result-location\"] > h3"]},{"any":[{"id":"color-contrast","data":{"fgColor":"#212b32","bgColor":"#f0f4f5","contrastRatio":13.02,"fontSize":"12.0pt (16px)","fontWeight":"normal","expectedContrastRatio":"4.5:1"},"relatedNodes":[],"impact":"serious","message":"Element has sufficient color contrast of 13.02"}],"all":[],"none":[],"impact":null,"html":"<div class=\"location-font-size\">\n            \n              Manchester M20 4BX\n            \n          </div>","target":[".nhsuk-list-panel.search-result.nhsuk-u-padding-3:nth-child(9) > .nhsuk-u-margin-bottom-4[data-test=\"search-result-location\"] > h3 > .location-font-size"]},{"any":[{"id":"color-contrast","data":{"fgColor":"#212b32","bgColor":"#f0f4f5","contrastRatio":13.02,"fontSize":"14.3pt (19px)","fontWeight":"normal","expectedContrastRatio":"4.5:1"},"relatedNodes":[],"impact":"serious","message":"Element has sufficient color contrast of 13.02"}],"all":[],"none":[],"impact":null,"html":"<li data-test=\"search-result-salary\" class=\"marginBt\">\n                Salary: \n                <strong class=\"nhsuk-u-font-weight-bold\">\n                  £24,625 to £25,674\n                  \n                    a year\n                  \n                </strong>\n              </li>","target":[".nhsuk-list-panel.search-result.nhsuk-u-padding-3:nth-child(9) > .nhsuk-grid-row:nth-child(3) > .nhsuk-grid-column-one-half:nth-child(1) > .first-ad-job-info.ad-job-info.nhsuk-list > .marginBt[data-test=\"search-result-salary\"]"]},{"any":[{"id":"color-contrast","data":{"fgColor":"#212b32","bgColor":"#f0f4f5","contrastRatio":13.02,"fontSize":"14.3pt (19px)","fontWeight":"normal","expectedContrastRatio":"4.5:1"},"relatedNodes":[],"impact":"serious","message":"Element has sufficient color contrast of 13.02"}],"all":[],"none":[],"impact":null,"html":"<strong class=\"nhsuk-u-font-weight-bold\">\n                  £24,625 to £25,674\n                  \n                    a year\n                  \n                </strong>","target":[".nhsuk-list-panel.search-result.nhsuk-u-padding-3:nth-child(9) > .nhsuk-grid-row:nth-child(3) > .nhsuk-grid-column-one-half:nth-child(1) > .first-ad-job-info.ad-job-info.nhsuk-list > .marginBt[data-test=\"search-result-salary\"] > strong"]},{"any":[{"id":"color-contrast","data":{"fgColor":"#212b32","bgColor":"#f0f4f5","contrastRatio":13.02,"fontSize":"14.3pt (19px)","fontWeight":"normal","expectedContrastRatio":"4.5:1"},"relatedNodes":[],"impact":"serious","message":"Element has sufficient color contrast of 13.02"}],"all":[],"none":[],"impact":null,"html":"<li data-test=\"search-result-distance\" class=\"marginBt\">\n                Distance: \n                <strong class=\"nhsuk-u-font-weight-bold\">\n                  3.8 miles\n                </strong>\n              </li>","target":[".nhsuk-list-panel.search-result.nhsuk-u-padding-3:nth-child(9) > .nhsuk-grid-row:nth-child(3) > .nhsuk-grid-column-one-half:nth-child(1) > .first-ad-job-info.ad-job-info.nhsuk-list > .marginBt[data-test=\"search-result-distance\"]"]},{"any":[{"id":"color-contrast","data":{"fgColor":"#212b32","bgColor":"#f0f4f5","contrastRatio":13.02,"fontSize":"14.3pt (19px)","fontWeight":"normal","expectedContrastRatio":"4.5:1"},"relatedNodes":[],"impact":"serious","message":"Element has sufficient color contrast of 13.02"}],"all":[],"none":[],"impact":null,"html":"<strong class=\"nhsuk-u-font-weight-bold\">\n                  3.8 miles\n                </strong>","target":[".nhsuk-list-panel.search-result.nhsuk-u-padding-3:nth-child(9) > .nhsuk-grid-row:nth-child(3) > .nhsuk-grid-column-one-half:nth-child(1) > .first-ad-job-info.ad-job-info.nhsuk-list > .marginBt[data-test=\"search-result-distance\"] > strong"]},{"any":[{"id":"color-contrast","data":{"fgColor":"#212b32","bgColor":"#f0f4f5","contrastRatio":13.02,"fontSize":"14.3pt (19px)","fontWeight":"normal","expectedContrastRatio":"4.5:1"},"relatedNodes":[],"impact":"serious","message":"Element has sufficient color contrast of 13.02"}],"all":[],"none":[],"impact":null,"html":"<li data-test=\"search-result-publicationDate\">\n                Date posted: \n                <strong class=\"nhsuk-u-font-weight-bold\">\n                  19 June 2025\n                </strong>\n              </li>","target":[".nhsuk-list-panel.search-result.nhsuk-u-padding-3:nth-child(9) > .nhsuk-grid-row:nth-child(3) > .nhsuk-grid-column-one-half:nth-child(1) > .first-ad-job-info.ad-job-info.nhsuk-list > li[data-test=\"search-result-publicationDate\"]"]},{"any":[{"id":"color-contrast","data":{"fgColor":"#212b32","bgColor":"#f0f4f5","contrastRatio":13.02,"fontSize":"14.3pt (19px)","fontWeight":"normal","expectedContrastRatio":"4.5:1"},"relatedNodes":[],"impact":"serious","message":"Element has sufficient color contrast of 13.02"}],"all":[],"none":[],"impact":null,"html":"<strong class=\"nhsuk-u-font-weight-bold\">\n                  19 June 2025\n                </strong>","target":[".nhsuk-list-panel.search-result.nhsuk-u-padding-3:nth-child(9) > .nhsuk-grid-row:nth-child(3) > .nhsuk-grid-column-one-half:nth-child(1) > .first-ad-job-info.ad-job-info.nhsuk-list > li[data-test=\"search-result-publicationDate\"] > strong"]},{"any":[{"id":"color-contrast","data":{"fgColor":"#212b32","bgColor":"#f0f4f5","contrastRatio":13.02,"fontSize":"14.3pt (19px)","fontWeight":"normal","expectedContrastRatio":"4.5:1"},"relatedNodes":[],"impact":"serious","message":"Element has sufficient color contrast of 13.02"}],"all":[],"none":[],"impact":null,"html":"<li data-test=\"search-result-jobType\" class=\"marginBt\">\n              Contract type: \n              <strong class=\"nhsuk-u-font-weight-bold\">\n                Permanent\n              </strong>\n            </li>","target":[".nhsuk-list-panel.search-result.nhsuk-u-padding-3:nth-child(9) > .nhsuk-grid-row:nth-child(3) > .nhsuk-grid-column-one-half:nth-child(2) > .ad-job-info.nhsuk-list > .marginBt[data-test=\"search-result-jobType\"]"]},{"any":[{"id":"color-contrast","data":{"fgColor":"#212b32","bgColor":"#f0f4f5","contrastRatio":13.02,"fontSize":"14.3pt (19px)","fontWeight":"normal","expectedContrastRatio":"4.5:1"},"relatedNodes":[],"impact":"serious","message":"Element has sufficient color contrast of 13.02"}],"all":[],"none":[],"impact":null,"html":"<strong class=\"nhsuk-u-font-weight-bold\">\n                Permanent\n              </strong>","target":[".nhsuk-list-panel.search-result.nhsuk-u-padding-3:nth-child(9) > .nhsuk-grid-row:nth-child(3) > .nhsuk-grid-column-one-half:nth-child(2) > .ad-job-info.nhsuk-list > .marginBt[data-test=\"search-result-jobType\"] > strong"]},{"any":[{"id":"color-contrast","data":{"fgColor":"#212b32","bgColor":"#f0f4f5","contrastRatio":13.02,"fontSize":"14.3pt (19px)","fontWeight":"normal","expectedContrastRatio":"4.5:1"},"relatedNodes":[],"impact":"serious","message":"Element has sufficient color contrast of 13.02"}],"all":[],"none":[],"impact":null,"html":"<li data-test=\"search-result-workingPattern\" class=\"marginBt\">\n              Working pattern: \n              <strong class=\"nhsuk-u-font-weight-bold\">\n                Part time\n              </strong>\n            </li>","target":[".nhsuk-list-panel.search-result.nhsuk-u-padding-3:nth-child(9) > .nhsuk-grid-row:nth-child(3) > .nhsuk-grid-column-one-half:nth-child(2) > .ad-job-info.nhsuk-list > .marginBt[data-test=\"search-result-workingPattern\"]"]},{"any":[{"id":"color-contrast","data":{"fgColor":"#212b32","bgColor":"#f0f4f5","contrastRatio":13.02,"fontSize":"14.3pt (19px)","fontWeight":"normal","expectedContrastRatio":"4.5:1"},"relatedNodes":[],"impact":"serious","message":"Element has sufficient color contrast of 13.02"}],"all":[],"none":[],"impact":null,"html":"<strong class=\"nhsuk-u-font-weight-bold\">\n                Part time\n              </strong>","target":[".nhsuk-list-panel.search-result.nhsuk-u-padding-3:nth-child(9) > .nhsuk-grid-row:nth-child(3) > .nhsuk-grid-column-one-half:nth-child(2) > .ad-job-info.nhsuk-list > .marginBt[data-test=\"search-result-workingPattern\"] > strong"]},{"any":[{"id":"color-contrast","data":{"fgColor":"#212b32","bgColor":"#f0f4f5","contrastRatio":13.02,"fontSize":"14.3pt (19px)","fontWeight":"normal","expectedContrastRatio":"4.5:1"},"relatedNodes":[],"impact":"serious","message":"Element has sufficient color contrast of 13.02"}],"all":[],"none":[],"impact":null,"html":"<li data-test=\"search-result-closingDate\">\n                Closing date: \n                <strong class=\"nhsuk-u-font-weight-bold\">\n                  3 July 2025\n                </strong>\n              </li>","target":[".nhsuk-list-panel.search-result.nhsuk-u-padding-3:nth-child(9) > .nhsuk-grid-row:nth-child(3) > .nhsuk-grid-column-one-half:nth-child(2) > .ad-job-info.nhsuk-list > li[data-test=\"search-result-closingDate\"]"]},{"any":[{"id":"color-contrast","data":{"fgColor":"#212b32","bgColor":"#f0f4f5","contrastRatio":13.02,"fontSize":"14.3pt (19px)","fontWeight":"normal","expectedContrastRatio":"4.5:1"},"relatedNodes":[],"impact":"serious","message":"Element has sufficient color contrast of 13.02"}],"all":[],"none":[],"impact":null,"html":"<strong class=\"nhsuk-u-font-weight-bold\">\n                  3 July 2025\n                </strong>","target":[".nhsuk-list-panel.search-result.nhsuk-u-padding-3:nth-child(9) > .nhsuk-grid-row:nth-child(3) > .nhsuk-grid-column-one-half:nth-child(2) > .ad-job-info.nhsuk-list > li[data-test=\"search-result-closingDate\"] > strong"]},{"any":[{"id":"color-contrast","data":{"fgColor":"#005eb8","bgColor":"#f0f4f5","contrastRatio":5.75,"fontSize":"18.0pt (24px)","fontWeight":"normal","expectedContrastRatio":"3:1"},"relatedNodes":[],"impact":"serious","message":"Element has sufficient color contrast of 5.75"}],"all":[],"none":[],"impact":null,"html":"<a href=\"/candidate/jobadvert/E0459-25-0014?keyword=Admin&amp;location=Manchester&amp;distance=5&amp;language=en\" data-test=\"search-result-job-title\">\n              Psychologist Autism Assessor (ADOS and/or ADIR trained) - CYP\n            </a>","target":["#job-title-10 > a[data-test=\"search-result-job-title\"]"]},{"any":[{"id":"color-contrast","data":{"fgColor":"#005eb8","bgColor":"#f0f4f5","contrastRatio":5.75,"fontSize":"14.3pt (19px)","fontWeight":"normal","expectedContrastRatio":"4.5:1"},"relatedNodes":[],"impact":"serious","message":"Element has sufficient color contrast of 5.75"}],"all":[],"none":[],"impact":null,"html":"<a href=\"/candidate/search/save-job/E0459-25-0014\" data-test=\"search-result-save-job\" aria-label=\"Save this job: Psychologist Autism Assessor (ADOS and/or ADIR trained) - CYP (Reference number: E0459-25-0014)\">\n              Save this job\n            </a>","target":[".nhsuk-list-panel.search-result.nhsuk-u-padding-3:nth-child(10) > .nhsuk-grid-row:nth-child(1) > .save-job.nhsuk-u-margin-right-3 > a[data-test=\"search-result-save-job\"]"]},{"any":[{"id":"color-contrast","data":{"fgColor":"#212b32","bgColor":"#f0f4f5","contrastRatio":13.02,"fontSize":"18.0pt (24px)","fontWeight":"normal","expectedContrastRatio":"3:1"},"relatedNodes":[],"impact":"serious","message":"Element has sufficient color contrast of 13.02"}],"all":[],"none":[],"impact":null,"html":"<h3 class=\"nhsuk-u-font-weight-bold\">","target":[".nhsuk-list-panel.search-result.nhsuk-u-padding-3:nth-child(10) > .nhsuk-u-margin-bottom-4[data-test=\"search-result-location\"] > h3"]},{"any":[{"id":"color-contrast","data":{"fgColor":"#212b32","bgColor":"#f0f4f5","contrastRatio":13.02,"fontSize":"12.0pt (16px)","fontWeight":"normal","expectedContrastRatio":"4.5:1"},"relatedNodes":[],"impact":"serious","message":"Element has sufficient color contrast of 13.02"}],"all":[],"none":[],"impact":null,"html":"<div class=\"location-font-size\">","target":[".nhsuk-list-panel.search-result.nhsuk-u-padding-3:nth-child(10) > .nhsuk-u-margin-bottom-4[data-test=\"search-result-location\"] > h3 > .location-font-size"]},{"any":[{"id":"color-contrast","data":{"fgColor":"#212b32","bgColor":"#f0f4f5","contrastRatio":13.02,"fontSize":"14.3pt (19px)","fontWeight":"normal","expectedContrastRatio":"4.5:1"},"relatedNodes":[],"impact":"serious","message":"Element has sufficient color contrast of 13.02"}],"all":[],"none":[],"impact":null,"html":"<li data-test=\"search-result-salary\" class=\"marginBt\">\n                Salary: \n                <strong class=\"nhsuk-u-font-weight-bold\">\n                  £66,000 to £80,000\n                  \n                    a year\n                  \n                </strong>\n              </li>","target":[".nhsuk-list-panel.search-result.nhsuk-u-padding-3:nth-child(10) > .nhsuk-grid-row:nth-child(3) > .nhsuk-grid-column-one-half:nth-child(1) > .first-ad-job-info.ad-job-info.nhsuk-list > .marginBt[data-test=\"search-result-salary\"]"]},{"any":[{"id":"color-contrast","data":{"fgColor":"#212b32","bgColor":"#f0f4f5","contrastRatio":13.02,"fontSize":"14.3pt (19px)","fontWeight":"normal","expectedContrastRatio":"4.5:1"},"relatedNodes":[],"impact":"serious","message":"Element has sufficient color contrast of 13.02"}],"all":[],"none":[],"impact":null,"html":"<strong class=\"nhsuk-u-font-weight-bold\">\n                  £66,000 to £80,000\n                  \n                    a year\n                  \n                </strong>","target":[".nhsuk-list-panel.search-result.nhsuk-u-padding-3:nth-child(10) > .nhsuk-grid-row:nth-child(3) > .nhsuk-grid-column-one-half:nth-child(1) > .first-ad-job-info.ad-job-info.nhsuk-list > .marginBt[data-test=\"search-result-salary\"] > strong"]},{"any":[{"id":"color-contrast","data":{"fgColor":"#212b32","bgColor":"#f0f4f5","contrastRatio":13.02,"fontSize":"14.3pt (19px)","fontWeight":"normal","expectedContrastRatio":"4.5:1"},"relatedNodes":[],"impact":"serious","message":"Element has sufficient color contrast of 13.02"}],"all":[],"none":[],"impact":null,"html":"<li data-test=\"search-result-distance\" class=\"marginBt\">\n                Distance: \n                <strong class=\"nhsuk-u-font-weight-bold\">\n                  1.3 miles\n                </strong>\n              </li>","target":[".nhsuk-list-panel.search-result.nhsuk-u-padding-3:nth-child(10) > .nhsuk-grid-row:nth-child(3) > .nhsuk-grid-column-one-half:nth-child(1) > .first-ad-job-info.ad-job-info.nhsuk-list > .marginBt[data-test=\"search-result-distance\"]"]},{"any":[{"id":"color-contrast","data":{"fgColor":"#212b32","bgColor":"#f0f4f5","contrastRatio":13.02,"fontSize":"14.3pt (19px)","fontWeight":"normal","expectedContrastRatio":"4.5:1"},"relatedNodes":[],"impact":"serious","message":"Element has sufficient color contrast of 13.02"}],"all":[],"none":[],"impact":null,"html":"<strong class=\"nhsuk-u-font-weight-bold\">\n                  1.3 miles\n                </strong>","target":[".nhsuk-list-panel.search-result.nhsuk-u-padding-3:nth-child(10) > .nhsuk-grid-row:nth-child(3) > .nhsuk-grid-column-one-half:nth-child(1) > .first-ad-job-info.ad-job-info.nhsuk-list > .marginBt[data-test=\"search-result-distance\"] > strong"]},{"any":[{"id":"color-contrast","data":{"fgColor":"#212b32","bgColor":"#f0f4f5","contrastRatio":13.02,"fontSize":"14.3pt (19px)","fontWeight":"normal","expectedContrastRatio":"4.5:1"},"relatedNodes":[],"impact":"serious","message":"Element has sufficient color contrast of 13.02"}],"all":[],"none":[],"impact":null,"html":"<li data-test=\"search-result-publicationDate\">\n                Date posted: \n                <strong class=\"nhsuk-u-font-weight-bold\">\n                  5 June 2025\n                </strong>\n              </li>","target":[".nhsuk-list-panel.search-result.nhsuk-u-padding-3:nth-child(10) > .nhsuk-grid-row:nth-child(3) > .nhsuk-grid-column-one-half:nth-child(1) > .first-ad-job-info.ad-job-info.nhsuk-list > li[data-test=\"search-result-publicationDate\"]"]},{"any":[{"id":"color-contrast","data":{"fgColor":"#212b32","bgColor":"#f0f4f5","contrastRatio":13.02,"fontSize":"14.3pt (19px)","fontWeight":"normal","expectedContrastRatio":"4.5:1"},"relatedNodes":[],"impact":"serious","message":"Element has sufficient color contrast of 13.02"}],"all":[],"none":[],"impact":null,"html":"<strong class=\"nhsuk-u-font-weight-bold\">\n                  5 June 2025\n                </strong>","target":[".nhsuk-list-panel.search-result.nhsuk-u-padding-3:nth-child(10) > .nhsuk-grid-row:nth-child(3) > .nhsuk-grid-column-one-half:nth-child(1) > .first-ad-job-info.ad-job-info.nhsuk-list > li[data-test=\"search-result-publicationDate\"] > strong"]},{"any":[{"id":"color-contrast","data":{"fgColor":"#212b32","bgColor":"#f0f4f5","contrastRatio":13.02,"fontSize":"14.3pt (19px)","fontWeight":"normal","expectedContrastRatio":"4.5:1"},"relatedNodes":[],"impact":"serious","message":"Element has sufficient color contrast of 13.02"}],"all":[],"none":[],"impact":null,"html":"<li data-test=\"search-result-jobType\" class=\"marginBt\">\n              Contract type: \n              <strong class=\"nhsuk-u-font-weight-bold\">\n                Permanent\n              </strong>\n            </li>","target":[".nhsuk-list-panel.search-result.nhsuk-u-padding-3:nth-child(10) > .nhsuk-grid-row:nth-child(3) > .nhsuk-grid-column-one-half:nth-child(2) > .ad-job-info.nhsuk-list > .marginBt[data-test=\"search-result-jobType\"]"]},{"any":[{"id":"color-contrast","data":{"fgColor":"#212b32","bgColor":"#f0f4f5","contrastRatio":13.02,"fontSize":"14.3pt (19px)","fontWeight":"normal","expectedContrastRatio":"4.5:1"},"relatedNodes":[],"impact":"serious","message":"Element has sufficient color contrast of 13.02"}],"all":[],"none":[],"impact":null,"html":"<strong class=\"nhsuk-u-font-weight-bold\">\n                Permanent\n              </strong>","target":[".nhsuk-list-panel.search-result.nhsuk-u-padding-3:nth-child(10) > .nhsuk-grid-row:nth-child(3) > .nhsuk-grid-column-one-half:nth-child(2) > .ad-job-info.nhsuk-list > .marginBt[data-test=\"search-result-jobType\"] > strong"]},{"any":[{"id":"color-contrast","data":{"fgColor":"#212b32","bgColor":"#f0f4f5","contrastRatio":13.02,"fontSize":"14.3pt (19px)","fontWeight":"normal","expectedContrastRatio":"4.5:1"},"relatedNodes":[],"impact":"serious","message":"Element has sufficient color contrast of 13.02"}],"all":[],"none":[],"impact":null,"html":"<li data-test=\"search-result-workingPattern\" class=\"marginBt\">\n              Working pattern: \n              <strong class=\"nhsuk-u-font-weight-bold\">\n                Full time, Part time, Home or remote working\n              </strong>\n            </li>","target":[".nhsuk-list-panel.search-result.nhsuk-u-padding-3:nth-child(10) > .nhsuk-grid-row:nth-child(3) > .nhsuk-grid-column-one-half:nth-child(2) > .ad-job-info.nhsuk-list > .marginBt[data-test=\"search-result-workingPattern\"]"]},{"any":[{"id":"color-contrast","data":{"fgColor":"#212b32","bgColor":"#f0f4f5","contrastRatio":13.02,"fontSize":"14.3pt (19px)","fontWeight":"normal","expectedContrastRatio":"4.5:1"},"relatedNodes":[],"impact":"serious","message":"Element has sufficient color contrast of 13.02"}],"all":[],"none":[],"impact":null,"html":"<strong class=\"nhsuk-u-font-weight-bold\">\n                Full time, Part time, Home or remote working\n              </strong>","target":[".nhsuk-list-panel.search-result.nhsuk-u-padding-3:nth-child(10) > .nhsuk-grid-row:nth-child(3) > .nhsuk-grid-column-one-half:nth-child(2) > .ad-job-info.nhsuk-list > .marginBt[data-test=\"search-result-workingPattern\"] > strong"]},{"any":[{"id":"color-contrast","data":{"fgColor":"#212b32","bgColor":"#f0f4f5","contrastRatio":13.02,"fontSize":"14.3pt (19px)","fontWeight":"normal","expectedContrastRatio":"4.5:1"},"relatedNodes":[],"impact":"serious","message":"Element has sufficient color contrast of 13.02"}],"all":[],"none":[],"impact":null,"html":"<li data-test=\"search-result-closingDate\">\n                Closing date: \n                <strong class=\"nhsuk-u-font-weight-bold\">\n                  29 June 2025\n                </strong>\n              </li>","target":[".nhsuk-list-panel.search-result.nhsuk-u-padding-3:nth-child(10) > .nhsuk-grid-row:nth-child(3) > .nhsuk-grid-column-one-half:nth-child(2) > .ad-job-info.nhsuk-list > li[data-test=\"search-result-closingDate\"]"]},{"any":[{"id":"color-contrast","data":{"fgColor":"#212b32","bgColor":"#f0f4f5","contrastRatio":13.02,"fontSize":"14.3pt (19px)","fontWeight":"normal","expectedContrastRatio":"4.5:1"},"relatedNodes":[],"impact":"serious","message":"Element has sufficient color contrast of 13.02"}],"all":[],"none":[],"impact":null,"html":"<strong class=\"nhsuk-u-font-weight-bold\">\n                  29 June 2025\n                </strong>","target":[".nhsuk-list-panel.search-result.nhsuk-u-padding-3:nth-child(10) > .nhsuk-grid-row:nth-child(3) > .nhsuk-grid-column-one-half:nth-child(2) > .ad-job-info.nhsuk-list > li[data-test=\"search-result-closingDate\"] > strong"]},{"any":[{"id":"color-contrast","data":{"fgColor":"#005eb8","bgColor":"#f0f4f5","contrastRatio":5.75,"fontSize":"18.0pt (24px)","fontWeight":"normal","expectedContrastRatio":"3:1"},"relatedNodes":[],"impact":"serious","message":"Element has sufficient color contrast of 5.75"}],"all":[],"none":[],"impact":null,"html":"<span class=\"nhsuk-pagination__title\">Next</span>","target":[".nhsuk-pagination__title"]},{"any":[{"id":"color-contrast","data":{"fgColor":"#005eb8","bgColor":"#f0f4f5","contrastRatio":5.75,"fontSize":"12.0pt (16px)","fontWeight":"normal","expectedContrastRatio":"4.5:1"},"relatedNodes":[],"impact":"serious","message":"Element has sufficient color contrast of 5.75"}],"all":[],"none":[],"impact":null,"html":"<span class=\"nhsuk-pagination__page\">Page 2 of 2</span>","target":[".nhsuk-pagination__page"]},{"any":[{"id":"color-contrast","data":{"fgColor":"#4c6272","bgColor":"#d8dde0","contrastRatio":4.65,"fontSize":"12.0pt (16px)","fontWeight":"normal","expectedContrastRatio":"4.5:1"},"relatedNodes":[],"impact":"serious","message":"Element has sufficient color contrast of 4.65"}],"all":[],"none":[],"impact":null,"html":"<a class=\"nhsuk-footer__list-item-link\" target=\"_blank\" id=\"privacy\" href=\"/candidate/privacy-policy\">Privacy policy</a>","target":["#privacy"]},{"any":[{"id":"color-contrast","data":{"fgColor":"#4c6272","bgColor":"#d8dde0","contrastRatio":4.65,"fontSize":"12.0pt (16px)","fontWeight":"normal","expectedContrastRatio":"4.5:1"},"relatedNodes":[],"impact":"serious","message":"Element has sufficient color contrast of 4.65"}],"all":[],"none":[],"impact":null,"html":"<a class=\"nhsuk-footer__list-item-link\" target=\"_blank\" id=\"acceptableUse\" href=\"/candidate/acceptable-use\">Terms and conditions</a>","target":["#acceptableUse"]},{"any":[{"id":"color-contrast","data":{"fgColor":"#4c6272","bgColor":"#d8dde0","contrastRatio":4.65,"fontSize":"12.0pt (16px)","fontWeight":"normal","expectedContrastRatio":"4.5:1"},"relatedNodes":[],"impact":"serious","message":"Element has sufficient color contrast of 4.65"}],"all":[],"none":[],"impact":null,"html":"<a class=\"nhsuk-footer__list-item-link\" target=\"_blank\" id=\"accessibility\" href=\"https://www.nhsbsa.nhs.uk/our-policies/accessibility/accessibility-statement-nhs-jobs-applicants\">Accessibility Statement</a>","target":["#accessibility"]},{"any":[{"id":"color-contrast","data":{"fgColor":"#4c6272","bgColor":"#d8dde0","contrastRatio":4.65,"fontSize":"12.0pt (16px)","fontWeight":"normal","expectedContrastRatio":"4.5:1"},"relatedNodes":[],"impact":"serious","message":"Element has sufficient color contrast of 4.65"}],"all":[],"none":[],"impact":null,"html":"<a class=\"nhsuk-footer__list-item-link\" target=\"_blank\" id=\"cookies\" href=\"/candidate/cookies\">Cookies</a>","target":["#cookies"]},{"any":[{"id":"color-contrast","data":{"fgColor":"#4c6272","bgColor":"#d8dde0","contrastRatio":4.65,"fontSize":"12.0pt (16px)","fontWeight":"normal","expectedContrastRatio":"4.5:1"},"relatedNodes":[],"impact":"serious","message":"Element has sufficient color contrast of 4.65"}],"all":[],"none":[],"impact":null,"html":"<a class=\"nhsuk-footer__list-item-link\" target=\"_blank\" id=\"helpText\" href=\"https://www.nhsbsa.nhs.uk/new-nhs-jobs-service/help-and-support-applicants\">How to apply for jobs</a>","target":["#helpText"]},{"any":[{"id":"color-contrast","data":{"fgColor":"#4c6272","bgColor":"#d8dde0","contrastRatio":4.65,"fontSize":"12.0pt (16px)","fontWeight":"normal","expectedContrastRatio":"4.5:1"},"relatedNodes":[],"impact":"serious","message":"Element has sufficient color contrast of 4.65"}],"all":[],"none":[],"impact":null,"html":"<p class=\"nhsuk-footer__copyright\">© Crown copyright</p>","target":[".nhsuk-footer__copyright"]}]},{"id":"document-title","impact":null,"tags":["cat.text-alternatives","wcag2a","wcag242","ACT","TTv5","TT12.a"],"description":"Ensures each HTML document contains a non-empty <title> element","help":"Documents must have <title> element to aid in navigation","helpUrl":"https://dequeuniversity.com/rules/axe/4.7/document-title?application=axeAPI","nodes":[{"any":[{"id":"doc-has-title","data":null,"relatedNodes":[],"impact":"serious","message":"Document has a non-empty <title> element"}],"all":[],"none":[],"impact":null,"html":"<html lang=\"en\" style=\"\">","target":["html"]}]},{"id":"duplicate-id-active","impact":null,"tags":["cat.parsing","wcag2a","wcag411"],"description":"Ensures every id attribute value of active elements is unique","help":"IDs of active elements must be unique","helpUrl":"https://dequeuniversity.com/rules/axe/4.7/duplicate-id-active?application=axeAPI","nodes":[{"any":[{"id":"duplicate-id-active","data":"skip_to_search_filters","relatedNodes":[],"impact":"serious","message":"Document has no active elements that share the same id attribute"}],"all":[],"none":[],"impact":null,"html":"<a class=\"nhsuk-skip-link\" href=\"#search-results-heading\" aria-label=\"17 jobs found for Admin within 5 miles of Manchester. Sorted by: Best Match . Skip to search filters\" id=\"skip_to_search_filters\">Skip to search filters</a>","target":["#skip_to_search_filters"]},{"any":[{"id":"duplicate-id-active","data":"skipToSearchResults","relatedNodes":[],"impact":"serious","message":"Document has no active elements that share the same id attribute"}],"all":[],"none":[],"impact":null,"html":"<a class=\"nhsuk-skip-link\" href=\"#first-result-title\" id=\"skipToSearchResults\" aria-label=\"Skip to search results\">Skip to search results</a>","target":["#skipToSearchResults"]},{"any":[{"id":"duplicate-id-active","data":"change-cookies-settings","relatedNodes":[],"impact":"serious","message":"Document has no active elements that share the same id attribute"}],"all":[],"none":[],"impact":null,"html":"<a href=\"/candidate/cookies\" id=\"change-cookies-settings\" aria-label=\"Go to the cookie information page\">change your cookie settings</a>","target":["#change-cookies-settings"]},{"any":[{"id":"duplicate-id-active","data":"dismiss-cookie-messages","relatedNodes":[],"impact":"serious","message":"Document has no active elements that share the same id attribute"}],"all":[],"none":[],"impact":null,"html":"<a href=\"/candidate/dismiss-cookie-messages\" id=\"dismiss-cookie-messages\" aria-label=\"Dismiss information about cookie preferences\" style=\"float: right\">Hide</a>","target":["#dismiss-cookie-messages"]},{"any":[{"id":"duplicate-id-active","data":"candidate_sign_in","relatedNodes":[],"impact":"serious","message":"Document has no active elements that share the same id attribute"}],"all":[],"none":[],"impact":null,"html":"<a class=\"sign-in-link\" id=\"candidate_sign_in\" href=\"/candidate/auth/login\">\n        Sign in\n      </a>","target":["#candidate_sign_in"]},{"any":[{"id":"duplicate-id-active","data":"searchOptionsBtn","relatedNodes":[],"impact":"serious","message":"Document has no active elements that share the same id attribute"}],"all":[],"none":[],"impact":null,"html":"<a href=\"javascript:void(0)\" id=\"searchOptionsBtn\" class=\"nhsuk-u-font-weight-bold white-text\">\n                  \n                  More search options\n                  \n                  </a>","target":["#searchOptionsBtn"]},{"any":[{"id":"duplicate-id-active","data":"search","relatedNodes":[],"impact":"serious","message":"Document has no active elements that share the same id attribute"}],"all":[],"none":[],"impact":null,"html":"<button class=\"nhsuk-button  nhsuk-u-padding-top-2 nhsuk-u-padding-bottom-2\" type=\"submit\" id=\"search\" data-test=\"search-button\">Search</button>","target":["#search"]},{"any":[{"id":"duplicate-id-active","data":"working-patterns-expander","relatedNodes":[],"impact":"serious","message":"Document has no active elements that share the same id attribute"}],"all":[],"none":[],"impact":null,"html":"<summary id=\"working-patterns-expander\" class=\"nhsuk-details__summary \" role=\"button\" aria-controls=\"working-pattern-details\" aria-expanded=\"false\" data-test=\"filter-working-pattern\">","target":["#working-patterns-expander"]},{"any":[{"id":"duplicate-id-active","data":"refine-search","relatedNodes":[],"impact":"serious","message":"Document has no active elements that share the same id attribute"}],"all":[],"none":[],"impact":null,"html":"<input class=\"nhsuk-button nhsuk-button--primary\" type=\"submit\" id=\"refine-search\" value=\"Apply filters\" data-test=\"refine-search-button\">","target":["#refine-search"]},{"any":[{"id":"duplicate-id-active","data":"create-job-alert","relatedNodes":[],"impact":"serious","message":"Document has no active elements that share the same id attribute"}],"all":[],"none":[],"impact":null,"html":"<a href=\"/candidate/search/save/alerts\" class=\"save-job-3\" id=\"create-job-alert\">","target":["#create-job-alert"]},{"any":[{"id":"duplicate-id-active","data":"first-result-title","relatedNodes":[],"impact":"serious","message":"Document has no active elements that share the same id attribute"}],"all":[],"none":[],"impact":null,"html":"<a href=\"/candidate/jobadvert/A1797-25-00491?keyword=Admin&amp;location=Manchester&amp;distance=5&amp;language=en\" id=\"first-result-title\" data-test=\"search-result-job-title\">\n              Assistant Admin Manager\n            </a>","target":["#first-result-title"]},{"any":[{"id":"duplicate-id-active","data":"privacy","relatedNodes":[],"impact":"serious","message":"Document has no active elements that share the same id attribute"}],"all":[],"none":[],"impact":null,"html":"<a class=\"nhsuk-footer__list-item-link\" target=\"_blank\" id=\"privacy\" href=\"/candidate/privacy-policy\">Privacy policy</a>","target":["#privacy"]},{"any":[{"id":"duplicate-id-active","data":"acceptableUse","relatedNodes":[],"impact":"serious","message":"Document has no active elements that share the same id attribute"}],"all":[],"none":[],"impact":null,"html":"<a class=\"nhsuk-footer__list-item-link\" target=\"_blank\" id=\"acceptableUse\" href=\"/candidate/acceptable-use\">Terms and conditions</a>","target":["#acceptableUse"]},{"any":[{"id":"duplicate-id-active","data":"accessibility","relatedNodes":[],"impact":"serious","message":"Document has no active elements that share the same id attribute"}],"all":[],"none":[],"impact":null,"html":"<a class=\"nhsuk-footer__list-item-link\" target=\"_blank\" id=\"accessibility\" href=\"https://www.nhsbsa.nhs.uk/our-policies/accessibility/accessibility-statement-nhs-jobs-applicants\">Accessibility Statement</a>","target":["#accessibility"]},{"any":[{"id":"duplicate-id-active","data":"cookies","relatedNodes":[],"impact":"serious","message":"Document has no active elements that share the same id attribute"}],"all":[],"none":[],"impact":null,"html":"<a class=\"nhsuk-footer__list-item-link\" target=\"_blank\" id=\"cookies\" href=\"/candidate/cookies\">Cookies</a>","target":["#cookies"]},{"any":[{"id":"duplicate-id-active","data":"helpText","relatedNodes":[],"impact":"serious","message":"Document has no active elements that share the same id attribute"}],"all":[],"none":[],"impact":null,"html":"<a class=\"nhsuk-footer__list-item-link\" target=\"_blank\" id=\"helpText\" href=\"https://www.nhsbsa.nhs.uk/new-nhs-jobs-service/help-and-support-applicants\">How to apply for jobs</a>","target":["#helpText"]}]},{"id":"duplicate-id-aria","impact":null,"tags":["cat.parsing","wcag2a","wcag411"],"description":"Ensures every id attribute value used in ARIA and in labels is unique","help":"IDs used in ARIA and labels must be unique","helpUrl":"https://dequeuniversity.com/rules/axe/4.7/duplicate-id-aria?application=axeAPI","nodes":[{"any":[{"id":"duplicate-id-aria","data":"header-navigation","relatedNodes":[],"impact":"critical","message":"Document has no elements referenced with ARIA or labels that share the same id attribute"}],"all":[],"none":[],"impact":null,"html":"<nav class=\"nhsuk-header__navigation\" id=\"header-navigation\" role=\"navigation\" aria-label=\"Primary navigation\" aria-labelledby=\"label-navigation\">","target":["#header-navigation"]},{"any":[{"id":"duplicate-id-aria","data":"label-navigation","relatedNodes":[],"impact":"critical","message":"Document has no elements referenced with ARIA or labels that share the same id attribute"}],"all":[],"none":[],"impact":null,"html":"<span id=\"label-navigation\">Menu</span>","target":["#label-navigation"]},{"any":[{"id":"duplicate-id-aria","data":"keyword","relatedNodes":[],"impact":"critical","message":"Document has no elements referenced with ARIA or labels that share the same id attribute"}],"all":[],"none":[],"impact":null,"html":"<input name=\"keyword\" id=\"keyword\" value=\"Admin\" class=\"nhsuk-input nhsuk-u--width-full\" type=\"search\" data-test=\"search-jobTitle-input\" aria-label=\"Search What? For example, job title or skills\">","target":["#keyword"]},{"any":[{"id":"duplicate-id-aria","data":"location","relatedNodes":[],"impact":"critical","message":"Document has no elements referenced with ARIA or labels that share the same id attribute"}],"all":[],"none":[],"impact":null,"html":"<input aria-describedby=\"location__assistiveHint\" aria-expanded=\"false\" aria-controls=\"location__listbox\" aria-autocomplete=\"list\" autocomplete=\"off\" class=\"nhsuk-input nhsuk-u--width-full\" id=\"location\" name=\"location\" placeholder=\"\" type=\"search\" role=\"combobox\" data-test=\"search-location-input\" aria-label=\"Search Where? For example, a postcode, town or city, search text field\">","target":["#location"]},{"any":[{"id":"duplicate-id-aria","data":"location__listbox","relatedNodes":[],"impact":"critical","message":"Document has no elements referenced with ARIA or labels that share the same id attribute"}],"all":[],"none":[],"impact":null,"html":"<ul aria-labelledby=\"location\" id=\"location__listbox\" role=\"listbox\" class=\"autocomplete__menu autocomplete__menu--inline autocomplete__menu--hidden\">","target":["#location__listbox"]},{"any":[{"id":"duplicate-id-aria","data":"location__assistiveHint","relatedNodes":[],"impact":"critical","message":"Document has no elements referenced with ARIA or labels that share the same id attribute"}],"all":[],"none":[],"impact":null,"html":"<span id=\"location__assistiveHint\" style=\"display: none;\">When autocomplete results are available use up and down arrows to review and enter to select.  Touch device users, explore by touch or with swipe gestures.</span>","target":["#location__assistiveHint"]},{"any":[{"id":"duplicate-id-aria","data":"jobReference","relatedNodes":[],"impact":"critical","message":"Document has no elements referenced with ARIA or labels that share the same id attribute"}],"all":[],"none":[],"impact":null,"html":"<input name=\"jobReference\" id=\"jobReference\" value=\"\" class=\"nhsuk-input nhsuk-u--width-full\" type=\"search\" data-test=\"search-jobReference-input\" aria-label=\"Search Job reference, e.g. C0987-23-1234 / 914-JOBREF-a\">","target":["#jobReference"]},{"any":[{"id":"duplicate-id-aria","data":"employer","relatedNodes":[],"impact":"critical","message":"Document has no elements referenced with ARIA or labels that share the same id attribute"}],"all":[],"none":[],"impact":null,"html":"<input name=\"employer\" id=\"employer\" value=\"\" class=\"nhsuk-input nhsuk-u--width-full\" type=\"search\" data-test=\"search-employer-input\" aria-label=\"Search Employer, e.g. NHS Business Services Authority\">","target":["#employer"]},{"any":[{"id":"duplicate-id-aria","data":"distance","relatedNodes":[],"impact":"critical","message":"Document has no elements referenced with ARIA or labels that share the same id attribute"}],"all":[],"none":[],"impact":null,"html":"<select class=\"nhsuk-select\" id=\"distance\" name=\"distance\" data-test=\"search-distance-input\">","target":["#distance"]},{"any":[{"id":"duplicate-id-aria","data":"covidJobsOnly","relatedNodes":[],"impact":"critical","message":"Document has no elements referenced with ARIA or labels that share the same id attribute"}],"all":[],"none":[],"impact":null,"html":"<input class=\"nhsuk-checkboxes__input\" id=\"covidJobsOnly\" name=\"covidJobsOnly\" type=\"checkbox\" value=\"true\" data-test=\"covidJobsOnly\">","target":["#covidJobsOnly"]},{"any":[{"id":"duplicate-id-aria","data":"working-pattern-details","relatedNodes":[],"impact":"critical","message":"Document has no elements referenced with ARIA or labels that share the same id attribute"}],"all":[],"none":[],"impact":null,"html":"<div class=\"nhsuk-details__text\" id=\"working-pattern-details\" aria-hidden=\"false\">","target":["#working-pattern-details"]},{"any":[{"id":"duplicate-id-aria","data":"working-pattern-full-time","relatedNodes":[],"impact":"critical","message":"Document has no elements referenced with ARIA or labels that share the same id attribute"}],"all":[],"none":[],"impact":null,"html":"<input class=\"nhsuk-checkboxes__input\" id=\"working-pattern-full-time\" name=\"workingPattern\" type=\"checkbox\" value=\"full-time\" data-test=\"working-pattern-full-time\">","target":["#working-pattern-full-time"]},{"any":[{"id":"duplicate-id-aria","data":"working-pattern-part-time","relatedNodes":[],"impact":"critical","message":"Document has no elements referenced with ARIA or labels that share the same id attribute"}],"all":[],"none":[],"impact":null,"html":"<input class=\"nhsuk-checkboxes__input\" id=\"working-pattern-part-time\" name=\"workingPattern\" type=\"checkbox\" value=\"part-time\" data-test=\"working-pattern-part-time\">","target":["#working-pattern-part-time"]},{"any":[{"id":"duplicate-id-aria","data":"working-pattern-job-share","relatedNodes":[],"impact":"critical","message":"Document has no elements referenced with ARIA or labels that share the same id attribute"}],"all":[],"none":[],"impact":null,"html":"<input class=\"nhsuk-checkboxes__input\" id=\"working-pattern-job-share\" name=\"workingPattern\" type=\"checkbox\" value=\"job-share\" data-test=\"working-pattern-job-share\">","target":["#working-pattern-job-share"]},{"any":[{"id":"duplicate-id-aria","data":"working-pattern-flexible","relatedNodes":[],"impact":"critical","message":"Document has no elements referenced with ARIA or labels that share the same id attribute"}],"all":[],"none":[],"impact":null,"html":"<input class=\"nhsuk-checkboxes__input\" id=\"working-pattern-flexible\" name=\"workingPattern\" type=\"checkbox\" value=\"flexible-working\" data-test=\"working-pattern-flexible\">","target":["#working-pattern-flexible"]},{"any":[{"id":"duplicate-id-aria","data":"working-pattern-remote","relatedNodes":[],"impact":"critical","message":"Document has no elements referenced with ARIA or labels that share the same id attribute"}],"all":[],"none":[],"impact":null,"html":"<input class=\"nhsuk-checkboxes__input\" id=\"working-pattern-remote\" name=\"workingPattern\" type=\"checkbox\" value=\"remote-working\" data-test=\"working-pattern-remote\">","target":["#working-pattern-remote"]},{"any":[{"id":"duplicate-id-aria","data":"working-pattern-compressed","relatedNodes":[],"impact":"critical","message":"Document has no elements referenced with ARIA or labels that share the same id attribute"}],"all":[],"none":[],"impact":null,"html":"<input class=\"nhsuk-checkboxes__input\" id=\"working-pattern-compressed\" name=\"workingPattern\" type=\"checkbox\" value=\"compressed-hours\" data-test=\"working-pattern-compressed\">","target":["#working-pattern-compressed"]},{"any":[{"id":"duplicate-id-aria","data":"working-pattern-term-time","relatedNodes":[],"impact":"critical","message":"Document has no elements referenced with ARIA or labels that share the same id attribute"}],"all":[],"none":[],"impact":null,"html":"<input class=\"nhsuk-checkboxes__input\" id=\"working-pattern-term-time\" name=\"workingPattern\" type=\"checkbox\" value=\"term-time-hours\" data-test=\"working-pattern-term-time\">","target":["#working-pattern-term-time"]},{"any":[{"id":"duplicate-id-aria","data":"working-pattern-annualised","relatedNodes":[],"impact":"critical","message":"Document has no elements referenced with ARIA or labels that share the same id attribute"}],"all":[],"none":[],"impact":null,"html":"<input class=\"nhsuk-checkboxes__input\" id=\"working-pattern-annualised\" name=\"workingPattern\" type=\"checkbox\" value=\"annualised-hours\" data-test=\"working-pattern-annualised\">","target":["#working-pattern-annualised"]},{"any":[{"id":"duplicate-id-aria","data":"contract-type-details","relatedNodes":[],"impact":"critical","message":"Document has no elements referenced with ARIA or labels that share the same id attribute"}],"all":[],"none":[],"impact":null,"html":"<div class=\"nhsuk-details__text\" id=\"contract-type-details\" aria-hidden=\"false\">","target":["#contract-type-details"]},{"any":[{"id":"duplicate-id-aria","data":"contract-type-permanent","relatedNodes":[],"impact":"critical","message":"Document has no elements referenced with ARIA or labels that share the same id attribute"}],"all":[],"none":[],"impact":null,"html":"<input class=\"nhsuk-checkboxes__input\" id=\"contract-type-permanent\" name=\"contractType\" type=\"checkbox\" value=\"Permanent\" data-test=\"contract-type-permanent\">","target":["#contract-type-permanent"]},{"any":[{"id":"duplicate-id-aria","data":"contract-type-fixed-term","relatedNodes":[],"impact":"critical","message":"Document has no elements referenced with ARIA or labels that share the same id attribute"}],"all":[],"none":[],"impact":null,"html":"<input class=\"nhsuk-checkboxes__input\" id=\"contract-type-fixed-term\" name=\"contractType\" type=\"checkbox\" value=\"Fixed-Term\" data-test=\"contract-type-fixed-term\">","target":["#contract-type-fixed-term"]},{"any":[{"id":"duplicate-id-aria","data":"contract-type-apprenticeship","relatedNodes":[],"impact":"critical","message":"Document has no elements referenced with ARIA or labels that share the same id attribute"}],"all":[],"none":[],"impact":null,"html":"<input class=\"nhsuk-checkboxes__input\" id=\"contract-type-apprenticeship\" name=\"contractType\" type=\"checkbox\" value=\"Apprenticeship\" data-test=\"contract-type-apprenticeship\">","target":["#contract-type-apprenticeship"]},{"any":[{"id":"duplicate-id-aria","data":"contract-type-voluntary","relatedNodes":[],"impact":"critical","message":"Document has no elements referenced with ARIA or labels that share the same id attribute"}],"all":[],"none":[],"impact":null,"html":"<input class=\"nhsuk-checkboxes__input\" id=\"contract-type-voluntary\" name=\"contractType\" type=\"checkbox\" value=\"Voluntary\" data-test=\"contract-type-voluntary\">","target":["#contract-type-voluntary"]},{"any":[{"id":"duplicate-id-aria","data":"contract-type-locum","relatedNodes":[],"impact":"critical","message":"Document has no elements referenced with ARIA or labels that share the same id attribute"}],"all":[],"none":[],"impact":null,"html":"<input class=\"nhsuk-checkboxes__input\" id=\"contract-type-locum\" name=\"contractType\" type=\"checkbox\" value=\"Locum\" data-test=\"contract-type-locum\">","target":["#contract-type-locum"]},{"any":[{"id":"duplicate-id-aria","data":"contract-type-training","relatedNodes":[],"impact":"critical","message":"Document has no elements referenced with ARIA or labels that share the same id attribute"}],"all":[],"none":[],"impact":null,"html":"<input class=\"nhsuk-checkboxes__input\" id=\"contract-type-training\" name=\"contractType\" type=\"checkbox\" value=\"Training\" data-test=\"contract-type-training\">","target":["#contract-type-training"]},{"any":[{"id":"duplicate-id-aria","data":"contract-type-secondment","relatedNodes":[],"impact":"critical","message":"Document has no elements referenced with ARIA or labels that share the same id attribute"}],"all":[],"none":[],"impact":null,"html":"<input class=\"nhsuk-checkboxes__input\" id=\"contract-type-secondment\" name=\"contractType\" type=\"checkbox\" value=\"Secondment\" data-test=\"contract-type-secondment\">","target":["#contract-type-secondment"]},{"any":[{"id":"duplicate-id-aria","data":"contract-type-honorary","relatedNodes":[],"impact":"critical","message":"Document has no elements referenced with ARIA or labels that share the same id attribute"}],"all":[],"none":[],"impact":null,"html":"<input class=\"nhsuk-checkboxes__input\" id=\"contract-type-honorary\" name=\"contractType\" type=\"checkbox\" value=\"Honorary\" data-test=\"contract-type-honorary\">","target":["#contract-type-honorary"]},{"any":[{"id":"duplicate-id-aria","data":"contract-type-bank","relatedNodes":[],"impact":"critical","message":"Document has no elements referenced with ARIA or labels that share the same id attribute"}],"all":[],"none":[],"impact":null,"html":"<input class=\"nhsuk-checkboxes__input\" id=\"contract-type-bank\" name=\"contractType\" type=\"checkbox\" value=\"Bank\" data-test=\"contract-type-bank\">","target":["#contract-type-bank"]},{"any":[{"id":"duplicate-id-aria","data":"contract-type-nhs-reservist","relatedNodes":[],"impact":"critical","message":"Document has no elements referenced with ARIA or labels that share the same id attribute"}],"all":[],"none":[],"impact":null,"html":"<input class=\"nhsuk-checkboxes__input\" id=\"contract-type-nhs-reservist\" name=\"contractType\" type=\"checkbox\" value=\"NHS Reservist\" data-test=\"contract-type-nhs-reservist\">","target":["#contract-type-nhs-reservist"]},{"any":[{"id":"duplicate-id-aria","data":"staff-group-details","relatedNodes":[],"impact":"critical","message":"Document has no elements referenced with ARIA or labels that share the same id attribute"}],"all":[],"none":[],"impact":null,"html":"<div class=\"nhsuk-details__text\" id=\"staff-group-details\" aria-hidden=\"false\">","target":["#staff-group-details"]},{"any":[{"id":"duplicate-id-aria","data":"staff-group-additional-clincial","relatedNodes":[],"impact":"critical","message":"Document has no elements referenced with ARIA or labels that share the same id attribute"}],"all":[],"none":[],"impact":null,"html":"<input class=\"nhsuk-checkboxes__input\" id=\"staff-group-additional-clincial\" name=\"staffGroup\" type=\"checkbox\" value=\"CLINICAL_SERVICES\" data-test=\"staff-group-additional-clincial\">","target":["#staff-group-additional-clincial"]},{"any":[{"id":"duplicate-id-aria","data":"staff-group--professional-scientific-and-technical","relatedNodes":[],"impact":"critical","message":"Document has no elements referenced with ARIA or labels that share the same id attribute"}],"all":[],"none":[],"impact":null,"html":"<input class=\"nhsuk-checkboxes__input\" id=\"staff-group--professional-scientific-and-technical\" name=\"staffGroup\" type=\"checkbox\" value=\"PROF_SCIENTIFIC_AND_TECHNICAL\" data-test=\"staff-group--professional-scientific-and-technical\">","target":["#staff-group--professional-scientific-and-technical"]},{"any":[{"id":"duplicate-id-aria","data":"staff-group-administrative-clerical","relatedNodes":[],"impact":"critical","message":"Document has no elements referenced with ARIA or labels that share the same id attribute"}],"all":[],"none":[],"impact":null,"html":"<input class=\"nhsuk-checkboxes__input\" id=\"staff-group-administrative-clerical\" name=\"staffGroup\" type=\"checkbox\" value=\"ADMINISTRATIVE_AND_CLERICAL\" data-test=\"staff-group-administrative-clerical\">","target":["#staff-group-administrative-clerical"]},{"any":[{"id":"duplicate-id-aria","data":"staff-group-allied-health-professionals","relatedNodes":[],"impact":"critical","message":"Document has no elements referenced with ARIA or labels that share the same id attribute"}],"all":[],"none":[],"impact":null,"html":"<input class=\"nhsuk-checkboxes__input\" id=\"staff-group-allied-health-professionals\" name=\"staffGroup\" type=\"checkbox\" value=\"ALLIED_HEALTH_PROF\" data-test=\"staff-group-allied-health-professionals\">","target":["#staff-group-allied-health-professionals"]},{"any":[{"id":"duplicate-id-aria","data":"staff-group-estates-and-ancillary","relatedNodes":[],"impact":"critical","message":"Document has no elements referenced with ARIA or labels that share the same id attribute"}],"all":[],"none":[],"impact":null,"html":"<input class=\"nhsuk-checkboxes__input\" id=\"staff-group-estates-and-ancillary\" name=\"staffGroup\" type=\"checkbox\" value=\"ESTATES_AND_ANCILLARY\" data-test=\"staff-group-estates-and-ancillary\">","target":["#staff-group-estates-and-ancillary"]},{"any":[{"id":"duplicate-id-aria","data":"staff-group-healthcare-scientists","relatedNodes":[],"impact":"critical","message":"Document has no elements referenced with ARIA or labels that share the same id attribute"}],"all":[],"none":[],"impact":null,"html":"<input class=\"nhsuk-checkboxes__input\" id=\"staff-group-healthcare-scientists\" name=\"staffGroup\" type=\"checkbox\" value=\"HEALTHCARE_SCIENTISTS\" data-test=\"staff-group-healthcare-scientists\">","target":["#staff-group-healthcare-scientists"]},{"any":[{"id":"duplicate-id-aria","data":"staff-group-medical-and-dental","relatedNodes":[],"impact":"critical","message":"Document has no elements referenced with ARIA or labels that share the same id attribute"}],"all":[],"none":[],"impact":null,"html":"<input class=\"nhsuk-checkboxes__input\" id=\"staff-group-medical-and-dental\" name=\"staffGroup\" type=\"checkbox\" value=\"MEDICAL_AND_DENTAL\" data-test=\"staff-group-medical-and-dental\">","target":["#staff-group-medical-and-dental"]},{"any":[{"id":"duplicate-id-aria","data":"staff-group-nursing-and-midwifery-registered","relatedNodes":[],"impact":"critical","message":"Document has no elements referenced with ARIA or labels that share the same id attribute"}],"all":[],"none":[],"impact":null,"html":"<input class=\"nhsuk-checkboxes__input\" id=\"staff-group-nursing-and-midwifery-registered\" name=\"staffGroup\" type=\"checkbox\" value=\"NURSING_AND_MIDWIFERY_REGD\" data-test=\"staff-group-nursing-and-midwifery-registered\">","target":["#staff-group-nursing-and-midwifery-registered"]},{"any":[{"id":"duplicate-id-aria","data":"staff-group-students","relatedNodes":[],"impact":"critical","message":"Document has no elements referenced with ARIA or labels that share the same id attribute"}],"all":[],"none":[],"impact":null,"html":"<input class=\"nhsuk-checkboxes__input\" id=\"staff-group-students\" name=\"staffGroup\" type=\"checkbox\" value=\"STUDENTS\" data-test=\"staff-group-students\">","target":["#staff-group-students"]},{"any":[{"id":"duplicate-id-aria","data":"pay-range-details","relatedNodes":[],"impact":"critical","message":"Document has no elements referenced with ARIA or labels that share the same id attribute"}],"all":[],"none":[],"impact":null,"html":"<div class=\"nhsuk-details__text\" id=\"pay-range-details\" aria-hidden=\"false\">","target":["#pay-range-details"]},{"any":[{"id":"duplicate-id-aria","data":"pay-range-0-10","relatedNodes":[],"impact":"critical","message":"Document has no elements referenced with ARIA or labels that share the same id attribute"}],"all":[],"none":[],"impact":null,"html":"<input class=\"nhsuk-checkboxes__input\" id=\"pay-range-0-10\" name=\"payRange\" type=\"checkbox\" value=\"0-10\" data-test=\"pay-range-0-10\">","target":["#pay-range-0-10"]},{"any":[{"id":"duplicate-id-aria","data":"pay-range-10-20","relatedNodes":[],"impact":"critical","message":"Document has no elements referenced with ARIA or labels that share the same id attribute"}],"all":[],"none":[],"impact":null,"html":"<input class=\"nhsuk-checkboxes__input\" id=\"pay-range-10-20\" name=\"payRange\" type=\"checkbox\" value=\"10-20\" data-test=\"pay-range-10-20\">","target":["#pay-range-10-20"]},{"any":[{"id":"duplicate-id-aria","data":"pay-range-20-30","relatedNodes":[],"impact":"critical","message":"Document has no elements referenced with ARIA or labels that share the same id attribute"}],"all":[],"none":[],"impact":null,"html":"<input class=\"nhsuk-checkboxes__input\" id=\"pay-range-20-30\" name=\"payRange\" type=\"checkbox\" value=\"20-30\" data-test=\"pay-range-20-30\">","target":["#pay-range-20-30"]},{"any":[{"id":"duplicate-id-aria","data":"pay-range-30-40","relatedNodes":[],"impact":"critical","message":"Document has no elements referenced with ARIA or labels that share the same id attribute"}],"all":[],"none":[],"impact":null,"html":"<input class=\"nhsuk-checkboxes__input\" id=\"pay-range-30-40\" name=\"payRange\" type=\"checkbox\" value=\"30-40\" data-test=\"pay-range-30-40\">","target":["#pay-range-30-40"]},{"any":[{"id":"duplicate-id-aria","data":"pay-range-40-50","relatedNodes":[],"impact":"critical","message":"Document has no elements referenced with ARIA or labels that share the same id attribute"}],"all":[],"none":[],"impact":null,"html":"<input class=\"nhsuk-checkboxes__input\" id=\"pay-range-40-50\" name=\"payRange\" type=\"checkbox\" value=\"40-50\" data-test=\"pay-range-40-50\">","target":["#pay-range-40-50"]},{"any":[{"id":"duplicate-id-aria","data":"pay-range-50-60","relatedNodes":[],"impact":"critical","message":"Document has no elements referenced with ARIA or labels that share the same id attribute"}],"all":[],"none":[],"impact":null,"html":"<input class=\"nhsuk-checkboxes__input\" id=\"pay-range-50-60\" name=\"payRange\" type=\"checkbox\" value=\"50-60\" data-test=\"pay-range-50-60\">","target":["#pay-range-50-60"]},{"any":[{"id":"duplicate-id-aria","data":"pay-range-60-70","relatedNodes":[],"impact":"critical","message":"Document has no elements referenced with ARIA or labels that share the same id attribute"}],"all":[],"none":[],"impact":null,"html":"<input class=\"nhsuk-checkboxes__input\" id=\"pay-range-60-70\" name=\"payRange\" type=\"checkbox\" value=\"60-70\" data-test=\"pay-range-60-70\">","target":["#pay-range-60-70"]},{"any":[{"id":"duplicate-id-aria","data":"pay-range-70-80","relatedNodes":[],"impact":"critical","message":"Document has no elements referenced with ARIA or labels that share the same id attribute"}],"all":[],"none":[],"impact":null,"html":"<input class=\"nhsuk-checkboxes__input\" id=\"pay-range-70-80\" name=\"payRange\" type=\"checkbox\" value=\"70-80\" data-test=\"pay-range-70-80\">","target":["#pay-range-70-80"]},{"any":[{"id":"duplicate-id-aria","data":"pay-range-80-90","relatedNodes":[],"impact":"critical","message":"Document has no elements referenced with ARIA or labels that share the same id attribute"}],"all":[],"none":[],"impact":null,"html":"<input class=\"nhsuk-checkboxes__input\" id=\"pay-range-80-90\" name=\"payRange\" type=\"checkbox\" value=\"80-90\" data-test=\"pay-range-80-90\">","target":["#pay-range-80-90"]},{"any":[{"id":"duplicate-id-aria","data":"pay-range-90-100","relatedNodes":[],"impact":"critical","message":"Document has no elements referenced with ARIA or labels that share the same id attribute"}],"all":[],"none":[],"impact":null,"html":"<input class=\"nhsuk-checkboxes__input\" id=\"pay-range-90-100\" name=\"payRange\" type=\"checkbox\" value=\"90-100\" data-test=\"pay-range-90-100\">","target":["#pay-range-90-100"]},{"any":[{"id":"duplicate-id-aria","data":"pay-range-100","relatedNodes":[],"impact":"critical","message":"Document has no elements referenced with ARIA or labels that share the same id attribute"}],"all":[],"none":[],"impact":null,"html":"<input class=\"nhsuk-checkboxes__input\" id=\"pay-range-100\" name=\"payRange\" type=\"checkbox\" value=\"100\" data-test=\"pay-range-100\">","target":["#pay-range-100"]},{"any":[{"id":"duplicate-id-aria","data":"pay-band-details","relatedNodes":[],"impact":"critical","message":"Document has no elements referenced with ARIA or labels that share the same id attribute"}],"all":[],"none":[],"impact":null,"html":"<div class=\"nhsuk-details__text\" id=\"pay-band-details\" aria-hidden=\"false\">","target":["#pay-band-details"]},{"any":[{"id":"duplicate-id-aria","data":"pay-band-2","relatedNodes":[],"impact":"critical","message":"Document has no elements referenced with ARIA or labels that share the same id attribute"}],"all":[],"none":[],"impact":null,"html":"<input class=\"nhsuk-checkboxes__input\" id=\"pay-band-2\" name=\"payBand\" type=\"checkbox\" value=\"BAND_2\" data-test=\"pay-band-2\">","target":["#pay-band-2"]},{"any":[{"id":"duplicate-id-aria","data":"pay-band-3","relatedNodes":[],"impact":"critical","message":"Document has no elements referenced with ARIA or labels that share the same id attribute"}],"all":[],"none":[],"impact":null,"html":"<input class=\"nhsuk-checkboxes__input\" id=\"pay-band-3\" name=\"payBand\" type=\"checkbox\" value=\"BAND_3\" data-test=\"pay-band-3\">","target":["#pay-band-3"]},{"any":[{"id":"duplicate-id-aria","data":"pay-band-4","relatedNodes":[],"impact":"critical","message":"Document has no elements referenced with ARIA or labels that share the same id attribute"}],"all":[],"none":[],"impact":null,"html":"<input class=\"nhsuk-checkboxes__input\" id=\"pay-band-4\" name=\"payBand\" type=\"checkbox\" value=\"BAND_4\" data-test=\"pay-band-4\">","target":["#pay-band-4"]},{"any":[{"id":"duplicate-id-aria","data":"pay-band-5","relatedNodes":[],"impact":"critical","message":"Document has no elements referenced with ARIA or labels that share the same id attribute"}],"all":[],"none":[],"impact":null,"html":"<input class=\"nhsuk-checkboxes__input\" id=\"pay-band-5\" name=\"payBand\" type=\"checkbox\" value=\"BAND_5\" data-test=\"pay-band-5\">","target":["#pay-band-5"]},{"any":[{"id":"duplicate-id-aria","data":"pay-band-6","relatedNodes":[],"impact":"critical","message":"Document has no elements referenced with ARIA or labels that share the same id attribute"}],"all":[],"none":[],"impact":null,"html":"<input class=\"nhsuk-checkboxes__input\" id=\"pay-band-6\" name=\"payBand\" type=\"checkbox\" value=\"BAND_6\" data-test=\"pay-band-6\">","target":["#pay-band-6"]},{"any":[{"id":"duplicate-id-aria","data":"pay-band-7","relatedNodes":[],"impact":"critical","message":"Document has no elements referenced with ARIA or labels that share the same id attribute"}],"all":[],"none":[],"impact":null,"html":"<input class=\"nhsuk-checkboxes__input\" id=\"pay-band-7\" name=\"payBand\" type=\"checkbox\" value=\"BAND_7\" data-test=\"pay-band-7\">","target":["#pay-band-7"]},{"any":[{"id":"duplicate-id-aria","data":"pay-band-8a","relatedNodes":[],"impact":"critical","message":"Document has no elements referenced with ARIA or labels that share the same id attribute"}],"all":[],"none":[],"impact":null,"html":"<input class=\"nhsuk-checkboxes__input\" id=\"pay-band-8a\" name=\"payBand\" type=\"checkbox\" value=\"BAND_8A\" data-test=\"pay-band-8a\">","target":["#pay-band-8a"]},{"any":[{"id":"duplicate-id-aria","data":"pay-band-8b","relatedNodes":[],"impact":"critical","message":"Document has no elements referenced with ARIA or labels that share the same id attribute"}],"all":[],"none":[],"impact":null,"html":"<input class=\"nhsuk-checkboxes__input\" id=\"pay-band-8b\" name=\"payBand\" type=\"checkbox\" value=\"BAND_8B\" data-test=\"pay-band-8b\">","target":["#pay-band-8b"]},{"any":[{"id":"duplicate-id-aria","data":"pay-band-8c","relatedNodes":[],"impact":"critical","message":"Document has no elements referenced with ARIA or labels that share the same id attribute"}],"all":[],"none":[],"impact":null,"html":"<input class=\"nhsuk-checkboxes__input\" id=\"pay-band-8c\" name=\"payBand\" type=\"checkbox\" value=\"BAND_8C\" data-test=\"pay-band-8c\">","target":["#pay-band-8c"]},{"any":[{"id":"duplicate-id-aria","data":"pay-band-8d","relatedNodes":[],"impact":"critical","message":"Document has no elements referenced with ARIA or labels that share the same id attribute"}],"all":[],"none":[],"impact":null,"html":"<input class=\"nhsuk-checkboxes__input\" id=\"pay-band-8d\" name=\"payBand\" type=\"checkbox\" value=\"BAND_8D\" data-test=\"pay-band-8d\">","target":["#pay-band-8d"]},{"any":[{"id":"duplicate-id-aria","data":"pay-band-9","relatedNodes":[],"impact":"critical","message":"Document has no elements referenced with ARIA or labels that share the same id attribute"}],"all":[],"none":[],"impact":null,"html":"<input class=\"nhsuk-checkboxes__input\" id=\"pay-band-9\" name=\"payBand\" type=\"checkbox\" value=\"BAND_9\" data-test=\"pay-band-9\">","target":["#pay-band-9"]},{"any":[{"id":"duplicate-id-aria","data":"specialty-doctor","relatedNodes":[],"impact":"critical","message":"Document has no elements referenced with ARIA or labels that share the same id attribute"}],"all":[],"none":[],"impact":null,"html":"<input class=\"nhsuk-checkboxes__input\" id=\"specialty-doctor\" name=\"payBand\" type=\"checkbox\" value=\"SPECIALTY_DOCTOR\" data-test=\"specialty-doctor\">","target":["#specialty-doctor"]},{"any":[{"id":"duplicate-id-aria","data":"foundation-doctor","relatedNodes":[],"impact":"critical","message":"Document has no elements referenced with ARIA or labels that share the same id attribute"}],"all":[],"none":[],"impact":null,"html":"<input class=\"nhsuk-checkboxes__input\" id=\"foundation-doctor\" name=\"payBand\" type=\"checkbox\" value=\"FOUNDATION_DOCTOR\" data-test=\"foundation-doctor\">","target":["#foundation-doctor"]},{"any":[{"id":"duplicate-id-aria","data":"consultant","relatedNodes":[],"impact":"critical","message":"Document has no elements referenced with ARIA or labels that share the same id attribute"}],"all":[],"none":[],"impact":null,"html":"<input class=\"nhsuk-checkboxes__input\" id=\"consultant\" name=\"payBand\" type=\"checkbox\" value=\"CONSULTANT\" data-test=\"consultant\">","target":["#consultant"]},{"any":[{"id":"duplicate-id-aria","data":"specialty-registrar","relatedNodes":[],"impact":"critical","message":"Document has no elements referenced with ARIA or labels that share the same id attribute"}],"all":[],"none":[],"impact":null,"html":"<input class=\"nhsuk-checkboxes__input\" id=\"specialty-registrar\" name=\"payBand\" type=\"checkbox\" value=\"SPECIALTY_REGISTRAR\" data-test=\"specialty-registrar\">","target":["#specialty-registrar"]},{"any":[{"id":"duplicate-id-aria","data":"doctor-other","relatedNodes":[],"impact":"critical","message":"Document has no elements referenced with ARIA or labels that share the same id attribute"}],"all":[],"none":[],"impact":null,"html":"<input class=\"nhsuk-checkboxes__input\" id=\"doctor-other\" name=\"payBand\" type=\"checkbox\" value=\"DOCTOR_OTHER\" data-test=\"doctor-other\">","target":["#doctor-other"]},{"any":[{"id":"duplicate-id-aria","data":"specialist","relatedNodes":[],"impact":"critical","message":"Document has no elements referenced with ARIA or labels that share the same id attribute"}],"all":[],"none":[],"impact":null,"html":"<input class=\"nhsuk-checkboxes__input\" id=\"specialist\" name=\"payBand\" type=\"checkbox\" value=\"SPECIALIST\" data-test=\"specialist\">","target":["#specialist"]},{"any":[{"id":"duplicate-id-aria","data":"very-senior-manager","relatedNodes":[],"impact":"critical","message":"Document has no elements referenced with ARIA or labels that share the same id attribute"}],"all":[],"none":[],"impact":null,"html":"<input class=\"nhsuk-checkboxes__input\" id=\"very-senior-manager\" name=\"payBand\" type=\"checkbox\" value=\"VERY_SENIOR_MANAGER\" data-test=\"very-senior-manager\">","target":["#very-senior-manager"]},{"any":[{"id":"duplicate-id-aria","data":"sort","relatedNodes":[],"impact":"critical","message":"Document has no elements referenced with ARIA or labels that share the same id attribute"}],"all":[],"none":[],"impact":null,"html":"<select class=\"nhsuk-select nhsuk-inline-select\" id=\"sort\" name=\"sort\" data-test=\"sort-input\" value=\"\" onchange=\"sortform.submit()\">","target":["#sort"]}]},{"id":"duplicate-id","impact":"minor","tags":["cat.parsing","wcag2a","wcag411"],"description":"Ensures every id attribute value is unique","help":"id attribute value must be unique","helpUrl":"https://dequeuniversity.com/rules/axe/4.7/duplicate-id?application=axeAPI","nodes":[{"any":[{"id":"duplicate-id","data":"main-body","relatedNodes":[],"impact":"minor","message":"Document has no static elements that share the same id attribute"}],"all":[],"none":[],"impact":null,"html":"<body class=\" govuk-frontend-supported js-enabled\" id=\"main-body\">","target":["#main-body"]},{"any":[{"id":"duplicate-id","data":"accepted-cookies-message","relatedNodes":[],"impact":"minor","message":"Document has no static elements that share the same id attribute"}],"all":[],"none":[],"impact":null,"html":"<span id=\"accepted-cookies-message\">You’ve accepted analytics cookies. You can \n      <a href=\"/candidate/cookies\" id=\"change-cookies-settings\" aria-label=\"Go to the cookie information page\">change your cookie settings</a> at any time.</span>","target":["#accepted-cookies-message"]},{"any":[{"id":"duplicate-id","data":"content-header","relatedNodes":[],"impact":"minor","message":"Document has no static elements that share the same id attribute"}],"all":[],"none":[],"impact":null,"html":"<div class=\"nhsuk-header__content\" id=\"content-header\">","target":["#content-header"]},{"any":[{"id":"duplicate-id","data":"toggle-menu","relatedNodes":[],"impact":"minor","message":"Document has no static elements that share the same id attribute"}],"all":[],"none":[],"impact":null,"html":"<button class=\"nhsuk-header__menu-toggle\" id=\"toggle-menu\" aria-controls=\"header-navigation\" aria-label=\"Open menu\">\n          Menu\n        </button>","target":["#toggle-menu"]},{"any":[{"id":"duplicate-id","data":"toggle-search","relatedNodes":[],"impact":"minor","message":"Document has no static elements that share the same id attribute"}],"all":[],"none":[],"impact":null,"html":"<button class=\"nhsuk-header__search-toggle\" id=\"toggle-search\" aria-label=\"Open search\">","target":["#toggle-search"]},{"any":[{"id":"duplicate-id","data":"close-menu","relatedNodes":[],"impact":"minor","message":"Document has no static elements that share the same id attribute"}],"all":[],"none":[],"impact":null,"html":"<button class=\"nhsuk-header__navigation-close\" id=\"close-menu\">\n          <img src=\"/candidate/search/public/images/icons-close.svg\" alt=\"Close\">\n          <span class=\"nhsuk-u-visually-hidden\">Close menu</span>\n        </button>","target":["#close-menu"]},{"any":[{"id":"duplicate-id","data":"candidate_sign_in_mobile","relatedNodes":[],"impact":"minor","message":"Document has no static elements that share the same id attribute"}],"all":[],"none":[],"impact":null,"html":"<a class=\"nhsuk-header__navigation-link\" href=\"/candidate/auth/login\" id=\"candidate_sign_in_mobile\">","target":["#candidate_sign_in_mobile"]},{"any":[{"id":"duplicate-id","data":"searchFilterRibbon","relatedNodes":[],"impact":"minor","message":"Document has no static elements that share the same id attribute"}],"all":[],"none":[],"impact":null,"html":"<div class=\"nhsuk-width-container nhsuk-hero--border  nhsuk-u-padding-top-3 searchRibbon\" id=\"searchFilterRibbon\">","target":["#searchFilterRibbon"]},{"any":[{"id":"duplicate-id","data":"search-results-heading","relatedNodes":[],"impact":"minor","message":"Document has no static elements that share the same id attribute"}],"all":[],"none":[],"impact":null,"html":"<h1 data-test=\"search-result-query\" id=\"search-results-heading\" class=\"nhsuk-heading-xl nhsuk-u-padding-left-4 nhsuk-u-margin-bottom-4\" aria-label=\"17 jobs found for Admin within 5 miles of Manchester. Sorted by: Best Match\">","target":["#search-results-heading"]},{"any":[{"id":"duplicate-id","data":"search_form","relatedNodes":[],"impact":"minor","message":"Document has no static elements that share the same id attribute"}],"all":[],"none":[],"impact":null,"html":"<form method=\"post\" id=\"search_form\">","target":["#search_form"]},{"any":[{"id":"duplicate-id","data":"search-group-label","relatedNodes":[],"impact":"minor","message":"Document has no static elements that share the same id attribute"}],"all":[],"none":[],"impact":null,"html":"<legend class=\"js-hidden\" id=\"search-group-label\">Search for jobs in the NHS</legend>","target":["#search-group-label"]},{"any":[{"id":"duplicate-id","data":"autocomplete-container","relatedNodes":[],"impact":"minor","message":"Document has no static elements that share the same id attribute"}],"all":[],"none":[],"impact":null,"html":"<div id=\"autocomplete-container\">","target":["#autocomplete-container"]},{"any":[{"id":"duplicate-id","data":"location__status--A","relatedNodes":[],"impact":"minor","message":"Document has no static elements that share the same id attribute"}],"all":[],"none":[],"impact":null,"html":"<div id=\"location__status--A\" role=\"status\" aria-atomic=\"true\" aria-live=\"polite\"></div>","target":["#location__status--A"]},{"any":[{"id":"duplicate-id","data":"location__status--B","relatedNodes":[],"impact":"minor","message":"Document has no static elements that share the same id attribute"}],"all":[],"none":[],"impact":null,"html":"<div id=\"location__status--B\" role=\"status\" aria-atomic=\"true\" aria-live=\"polite\"></div>","target":["#location__status--B"]},{"any":[{"id":"duplicate-id","data":"location__option--0","relatedNodes":[],"impact":"minor","message":"Document has no static elements that share the same id attribute"}],"all":[],"none":[],"impact":null,"html":"<li aria-selected=\"false\" class=\"autocomplete__option\" id=\"location__option--0\" role=\"option\" tabindex=\"-1\" aria-posinset=\"1\" aria-setsize=\"1\">Manchester</li>","target":["#location__option--0"]},{"any":[{"id":"duplicate-id","data":"additionalSearchPanel","relatedNodes":[],"impact":"minor","message":"Document has no static elements that share the same id attribute"}],"all":[],"none":[],"impact":null,"html":"<fieldset class=\"nhsuk-fieldset searchOptionStateHide\" id=\"additionalSearchPanel\">","target":["#additionalSearchPanel"]},{"any":[{"id":"duplicate-id","data":"additional-search-legend","relatedNodes":[],"impact":"minor","message":"Document has no static elements that share the same id attribute"}],"all":[],"none":[],"impact":null,"html":"<legend class=\"nhsuk-heading-l nhsuk-u-visually-hidden\" id=\"additional-search-legend\" aria-hidden=\"true\">\n            Additional search options\n          </legend>","target":["#additional-search-legend"]},{"any":[{"id":"duplicate-id","data":"search-controls-legend","relatedNodes":[],"impact":"minor","message":"Document has no static elements that share the same id attribute"}],"all":[],"none":[],"impact":null,"html":"<legend class=\"nhsuk-heading-l nhsuk-u-visually-hidden\" id=\"search-controls-legend\" aria-hidden=\"true\">\n            Search controls\n          </legend>","target":["#search-controls-legend"]},{"any":[{"id":"duplicate-id","data":"maincontent","relatedNodes":[],"impact":"minor","message":"Document has no static elements that share the same id attribute"}],"all":[],"none":[],"impact":null,"html":"<main class=\"nhsuk-main-wrapper \" id=\"maincontent\" role=\"main\">","target":["#maincontent"]},{"any":[{"id":"duplicate-id","data":"refineFilterHideShow","relatedNodes":[],"impact":"minor","message":"Document has no static elements that share the same id attribute"}],"all":[],"none":[],"impact":null,"html":"<h2 class=\"nhsuk-heading-m  show-mobile show-tab\" id=\"refineFilterHideShow\">\n        <a data-test=\"refine-search\">Refine your search (1)</a>\n      </h2>","target":["#refineFilterHideShow"]},{"any":[{"id":"duplicate-id","data":"refineFilter","relatedNodes":[],"impact":"minor","message":"Document has no static elements that share the same id attribute"}],"all":[],"none":[],"impact":null,"html":"<div id=\"refineFilter\">","target":["#refineFilter"]},{"any":[{"id":"duplicate-id","data":"distance_wrapper","relatedNodes":[],"impact":"minor","message":"Document has no static elements that share the same id attribute"}],"all":[],"none":[],"impact":null,"html":"<div class=\"nhsuk-details__text\" id=\"distance_wrapper\" aria-hidden=\"false\">","target":["#distance_wrapper"]},{"any":[{"id":"duplicate-id","data":"covid-only-details","relatedNodes":[],"impact":"minor","message":"Document has no static elements that share the same id attribute"}],"all":[],"none":[],"impact":null,"html":"<div class=\"nhsuk-details__text\" id=\"covid-only-details\" aria-hidden=\"false\">","target":["#covid-only-details"]},{"any":[{"id":"duplicate-id","data":"job-title-1","relatedNodes":[],"impact":"minor","message":"Document has no static elements that share the same id attribute"}],"all":[],"none":[],"impact":null,"html":"<h2 class=\"nhsuk-heading-m nhsuk-u-margin-bottom-2\" id=\"job-title-1\">","target":["#job-title-1"]},{"any":[{"id":"duplicate-id","data":"job-title-2","relatedNodes":[],"impact":"minor","message":"Document has no static elements that share the same id attribute"}],"all":[],"none":[],"impact":null,"html":"<h2 class=\"nhsuk-heading-m nhsuk-u-margin-bottom-2\" id=\"job-title-2\">","target":["#job-title-2"]},{"any":[{"id":"duplicate-id","data":"job-title-3","relatedNodes":[],"impact":"minor","message":"Document has no static elements that share the same id attribute"}],"all":[],"none":[],"impact":null,"html":"<h2 class=\"nhsuk-heading-m nhsuk-u-margin-bottom-2\" id=\"job-title-3\">","target":["#job-title-3"]},{"any":[{"id":"duplicate-id","data":"job-title-4","relatedNodes":[],"impact":"minor","message":"Document has no static elements that share the same id attribute"}],"all":[],"none":[],"impact":null,"html":"<h2 class=\"nhsuk-heading-m nhsuk-u-margin-bottom-2\" id=\"job-title-4\">","target":["#job-title-4"]},{"any":[{"id":"duplicate-id","data":"job-title-5","relatedNodes":[],"impact":"minor","message":"Document has no static elements that share the same id attribute"}],"all":[],"none":[],"impact":null,"html":"<h2 class=\"nhsuk-heading-m nhsuk-u-margin-bottom-2\" id=\"job-title-5\">","target":["#job-title-5"]},{"any":[{"id":"duplicate-id","data":"job-title-6","relatedNodes":[],"impact":"minor","message":"Document has no static elements that share the same id attribute"}],"all":[],"none":[],"impact":null,"html":"<h2 class=\"nhsuk-heading-m nhsuk-u-margin-bottom-2\" id=\"job-title-6\">","target":["#job-title-6"]},{"any":[{"id":"duplicate-id","data":"job-title-7","relatedNodes":[],"impact":"minor","message":"Document has no static elements that share the same id attribute"}],"all":[],"none":[],"impact":null,"html":"<h2 class=\"nhsuk-heading-m nhsuk-u-margin-bottom-2\" id=\"job-title-7\">","target":["#job-title-7"]},{"any":[{"id":"duplicate-id","data":"job-title-8","relatedNodes":[],"impact":"minor","message":"Document has no static elements that share the same id attribute"}],"all":[],"none":[],"impact":null,"html":"<h2 class=\"nhsuk-heading-m nhsuk-u-margin-bottom-2\" id=\"job-title-8\">","target":["#job-title-8"]},{"any":[{"id":"duplicate-id","data":"job-title-9","relatedNodes":[],"impact":"minor","message":"Document has no static elements that share the same id attribute"}],"all":[],"none":[],"impact":null,"html":"<h2 class=\"nhsuk-heading-m nhsuk-u-margin-bottom-2\" id=\"job-title-9\">","target":["#job-title-9"]},{"any":[{"id":"duplicate-id","data":"job-title-10","relatedNodes":[],"impact":"minor","message":"Document has no static elements that share the same id attribute"}],"all":[],"none":[],"impact":null,"html":"<h2 class=\"nhsuk-heading-m nhsuk-u-margin-bottom-2\" id=\"job-title-10\">","target":["#job-title-10"]},{"any":[{"id":"duplicate-id","data":"nhsuk-footer","relatedNodes":[],"impact":"minor","message":"Document has no static elements that share the same id attribute"}],"all":[],"none":[],"impact":null,"html":"<div class=\"nhsuk-footer\" id=\"nhsuk-footer\">","target":["#nhsuk-footer"]}]},{"id":"empty-heading","impact":null,"tags":["cat.name-role-value","best-practice"],"description":"Ensures headings have discernible text","help":"Headings should not be empty","helpUrl":"https://dequeuniversity.com/rules/axe/4.7/empty-heading?application=axeAPI","nodes":[{"any":[{"id":"has-visible-text","data":null,"relatedNodes":[],"impact":"minor","message":"Element has text that is visible to screen readers"},{"id":"aria-label","data":null,"relatedNodes":[],"impact":"minor","message":"aria-label attribute exists and is not empty"}],"all":[],"none":[],"impact":null,"html":"<h1 data-test=\"search-result-query\" id=\"search-results-heading\" class=\"nhsuk-heading-xl nhsuk-u-padding-left-4 nhsuk-u-margin-bottom-4\" aria-label=\"17 jobs found for Admin within 5 miles of Manchester. Sorted by: Best Match\">","target":["#search-results-heading"]},{"any":[{"id":"has-visible-text","data":null,"relatedNodes":[],"impact":"minor","message":"Element has text that is visible to screen readers"}],"all":[],"none":[],"impact":null,"html":"<h2 class=\"nhsuk-heading-s\">Refine your search</h2>","target":[".nhsuk-heading-s"]},{"any":[{"id":"has-visible-text","data":null,"relatedNodes":[],"impact":"minor","message":"Element has text that is visible to screen readers"}],"all":[],"none":[],"impact":null,"html":"<h3 class=\"nhsuk-heading-m\">\n    <a href=\"/candidate/search/save/alerts\" data-test=\"save-search\">Save this search</a>\n</h3>","target":[".hide-mobile > h3"]},{"any":[{"id":"has-visible-text","data":null,"relatedNodes":[],"impact":"minor","message":"Element has text that is visible to screen readers"}],"all":[],"none":[],"impact":null,"html":"<h2 class=\"nhsuk-heading-m nhsuk-u-margin-bottom-2\" id=\"job-title-1\">","target":["#job-title-1"]},{"any":[{"id":"has-visible-text","data":null,"relatedNodes":[],"impact":"minor","message":"Element has text that is visible to screen readers"}],"all":[],"none":[],"impact":null,"html":"<h3 class=\"nhsuk-u-font-weight-bold\">\n          Omnes Healthcare Limited \n          <div class=\"location-font-size\">\n            \n              Manchester M3 5NA\n            \n          </div>\n        </h3>","target":[".nhsuk-list-panel.search-result.nhsuk-u-padding-3:nth-child(1) > .nhsuk-u-margin-bottom-4[data-test=\"search-result-location\"] > h3"]},{"any":[{"id":"has-visible-text","data":null,"relatedNodes":[],"impact":"minor","message":"Element has text that is visible to screen readers"}],"all":[],"none":[],"impact":null,"html":"<h2 class=\"nhsuk-heading-m nhsuk-u-margin-bottom-2\" id=\"job-title-2\">","target":["#job-title-2"]},{"any":[{"id":"has-visible-text","data":null,"relatedNodes":[],"impact":"minor","message":"Element has text that is visible to screen readers"}],"all":[],"none":[],"impact":null,"html":"<h3 class=\"nhsuk-u-font-weight-bold\">\n          Manchester University NHS Foundation Trust\n          <div class=\"location-font-size\">\n            \n              Manchester M8 5RB\n            \n          </div>\n        </h3>","target":[".nhsuk-list-panel.search-result.nhsuk-u-padding-3:nth-child(2) > .nhsuk-u-margin-bottom-4[data-test=\"search-result-location\"] > h3"]},{"any":[{"id":"has-visible-text","data":null,"relatedNodes":[],"impact":"minor","message":"Element has text that is visible to screen readers"}],"all":[],"none":[],"impact":null,"html":"<h2 class=\"nhsuk-heading-m nhsuk-u-margin-bottom-2\" id=\"job-title-3\">","target":["#job-title-3"]},{"any":[{"id":"has-visible-text","data":null,"relatedNodes":[],"impact":"minor","message":"Element has text that is visible to screen readers"}],"all":[],"none":[],"impact":null,"html":"<h3 class=\"nhsuk-u-font-weight-bold\">\n          West Point Medical Centre\n          <div class=\"location-font-size\">\n            \n              Manchester M19 2AF\n            \n          </div>\n        </h3>","target":[".nhsuk-list-panel.search-result.nhsuk-u-padding-3:nth-child(3) > .nhsuk-u-margin-bottom-4[data-test=\"search-result-location\"] > h3"]},{"any":[{"id":"has-visible-text","data":null,"relatedNodes":[],"impact":"minor","message":"Element has text that is visible to screen readers"}],"all":[],"none":[],"impact":null,"html":"<h2 class=\"nhsuk-heading-m nhsuk-u-margin-bottom-2\" id=\"job-title-4\">","target":["#job-title-4"]},{"any":[{"id":"has-visible-text","data":null,"relatedNodes":[],"impact":"minor","message":"Element has text that is visible to screen readers"}],"all":[],"none":[],"impact":null,"html":"<h3 class=\"nhsuk-u-font-weight-bold\">\n          Greater Manchester Mental Health NHSFT\n          <div class=\"location-font-size\">\n            \n              Salford M7 2YL\n            \n          </div>\n        </h3>","target":[".nhsuk-list-panel.search-result.nhsuk-u-padding-3:nth-child(4) > .nhsuk-u-margin-bottom-4[data-test=\"search-result-location\"] > h3"]},{"any":[{"id":"has-visible-text","data":null,"relatedNodes":[],"impact":"minor","message":"Element has text that is visible to screen readers"}],"all":[],"none":[],"impact":null,"html":"<h2 class=\"nhsuk-heading-m nhsuk-u-margin-bottom-2\" id=\"job-title-5\">","target":["#job-title-5"]},{"any":[{"id":"has-visible-text","data":null,"relatedNodes":[],"impact":"minor","message":"Element has text that is visible to screen readers"}],"all":[],"none":[],"impact":null,"html":"<h3 class=\"nhsuk-u-font-weight-bold\">\n          Greater Manchester Mental Health NHSFT\n          <div class=\"location-font-size\">\n            \n              Manchester M60 9AH\n            \n          </div>\n        </h3>","target":[".nhsuk-list-panel.search-result.nhsuk-u-padding-3:nth-child(5) > .nhsuk-u-margin-bottom-4[data-test=\"search-result-location\"] > h3"]},{"any":[{"id":"has-visible-text","data":null,"relatedNodes":[],"impact":"minor","message":"Element has text that is visible to screen readers"}],"all":[],"none":[],"impact":null,"html":"<h2 class=\"nhsuk-heading-m nhsuk-u-margin-bottom-2\" id=\"job-title-6\">","target":["#job-title-6"]},{"any":[{"id":"has-visible-text","data":null,"relatedNodes":[],"impact":"minor","message":"Element has text that is visible to screen readers"}],"all":[],"none":[],"impact":null,"html":"<h3 class=\"nhsuk-u-font-weight-bold\">\n          The Christie NHS FT\n          <div class=\"location-font-size\">\n            \n              Manchester M20 4BX\n            \n          </div>\n        </h3>","target":[".nhsuk-list-panel.search-result.nhsuk-u-padding-3:nth-child(6) > .nhsuk-u-margin-bottom-4[data-test=\"search-result-location\"] > h3"]},{"any":[{"id":"has-visible-text","data":null,"relatedNodes":[],"impact":"minor","message":"Element has text that is visible to screen readers"}],"all":[],"none":[],"impact":null,"html":"<h2 class=\"nhsuk-heading-m nhsuk-u-margin-bottom-2\" id=\"job-title-7\">","target":["#job-title-7"]},{"any":[{"id":"has-visible-text","data":null,"relatedNodes":[],"impact":"minor","message":"Element has text that is visible to screen readers"}],"all":[],"none":[],"impact":null,"html":"<h3 class=\"nhsuk-u-font-weight-bold\">\n          North Trafford Group Practice\n          <div class=\"location-font-size\">\n            \n              Manchester M32 0PA, \n            \n              Manchester M160LW\n            \n          </div>\n        </h3>","target":[".nhsuk-list-panel.search-result.nhsuk-u-padding-3:nth-child(7) > .nhsuk-u-margin-bottom-4[data-test=\"search-result-location\"] > h3"]},{"any":[{"id":"has-visible-text","data":null,"relatedNodes":[],"impact":"minor","message":"Element has text that is visible to screen readers"}],"all":[],"none":[],"impact":null,"html":"<h2 class=\"nhsuk-heading-m nhsuk-u-margin-bottom-2\" id=\"job-title-8\">","target":["#job-title-8"]},{"any":[{"id":"has-visible-text","data":null,"relatedNodes":[],"impact":"minor","message":"Element has text that is visible to screen readers"}],"all":[],"none":[],"impact":null,"html":"<h3 class=\"nhsuk-u-font-weight-bold\">\n          The Christie NHS FT\n          <div class=\"location-font-size\">\n            \n              Manchester M20 4BX\n            \n          </div>\n        </h3>","target":[".nhsuk-list-panel.search-result.nhsuk-u-padding-3:nth-child(8) > .nhsuk-u-margin-bottom-4[data-test=\"search-result-location\"] > h3"]},{"any":[{"id":"has-visible-text","data":null,"relatedNodes":[],"impact":"minor","message":"Element has text that is visible to screen readers"}],"all":[],"none":[],"impact":null,"html":"<h2 class=\"nhsuk-heading-m nhsuk-u-margin-bottom-2\" id=\"job-title-9\">","target":["#job-title-9"]},{"any":[{"id":"has-visible-text","data":null,"relatedNodes":[],"impact":"minor","message":"Element has text that is visible to screen readers"}],"all":[],"none":[],"impact":null,"html":"<h3 class=\"nhsuk-u-font-weight-bold\">\n          The Christie NHS FT\n          <div class=\"location-font-size\">\n            \n              Manchester M20 4BX\n            \n          </div>\n        </h3>","target":[".nhsuk-list-panel.search-result.nhsuk-u-padding-3:nth-child(9) > .nhsuk-u-margin-bottom-4[data-test=\"search-result-location\"] > h3"]},{"any":[{"id":"has-visible-text","data":null,"relatedNodes":[],"impact":"minor","message":"Element has text that is visible to screen readers"}],"all":[],"none":[],"impact":null,"html":"<h2 class=\"nhsuk-heading-m nhsuk-u-margin-bottom-2\" id=\"job-title-10\">","target":["#job-title-10"]},{"any":[{"id":"has-visible-text","data":null,"relatedNodes":[],"impact":"minor","message":"Element has text that is visible to screen readers"}],"all":[],"none":[],"impact":null,"html":"<h3 class=\"nhsuk-u-font-weight-bold\">","target":[".nhsuk-list-panel.search-result.nhsuk-u-padding-3:nth-child(10) > .nhsuk-u-margin-bottom-4[data-test=\"search-result-location\"] > h3"]},{"any":[{"id":"has-visible-text","data":null,"relatedNodes":[],"impact":"minor","message":"Element has text that is visible to screen readers"}],"all":[],"none":[],"impact":null,"html":"<h2 class=\"nhsuk-u-visually-hidden\">Support links</h2>","target":[".nhsuk-width-container > .nhsuk-u-visually-hidden"]}]},{"id":"form-field-multiple-labels","impact":null,"tags":["cat.forms","wcag2a","wcag332","TTv5","TT5.c"],"description":"Ensures form field does not have multiple label elements","help":"Form field must not have multiple label elements","helpUrl":"https://dequeuniversity.com/rules/axe/4.7/form-field-multiple-labels?application=axeAPI","nodes":[{"any":[],"all":[],"none":[{"id":"multiple-label","data":null,"relatedNodes":[{"html":"<label class=\"nhsuk-label nhsuk-u-font-weight-bold white-text\" for=\"keyword\">What?</label>","target":["label[for=\"keyword\"]"]}],"impact":"moderate","message":"Form field does not have multiple label elements"}],"impact":null,"html":"<input name=\"keyword\" id=\"keyword\" value=\"Admin\" class=\"nhsuk-input nhsuk-u--width-full\" type=\"search\" data-test=\"search-jobTitle-input\" aria-label=\"Search What? For example, job title or skills\">","target":["#keyword"]},{"any":[],"all":[],"none":[{"id":"multiple-label","data":null,"relatedNodes":[{"html":"<label class=\"nhsuk-label nhsuk-u-font-weight-bold white-text\" for=\"location\">Where?</label>","target":["label[for=\"location\"]"]}],"impact":"moderate","message":"Form field does not have multiple label elements"}],"impact":null,"html":"<input aria-describedby=\"location__assistiveHint\" aria-expanded=\"false\" aria-controls=\"location__listbox\" aria-autocomplete=\"list\" autocomplete=\"off\" class=\"nhsuk-input nhsuk-u--width-full\" id=\"location\" name=\"location\" placeholder=\"\" type=\"search\" role=\"combobox\" data-test=\"search-location-input\" aria-label=\"Search Where? For example, a postcode, town or city, search text field\">","target":["#location"]},{"any":[],"all":[],"none":[{"id":"multiple-label","data":null,"relatedNodes":[{"html":"<label class=\"nhsuk-u-visually-hidden\" for=\"distance\"> Distance </label>","target":["label[for=\"distance\"]"]}],"impact":"moderate","message":"Form field does not have multiple label elements"}],"impact":null,"html":"<select class=\"nhsuk-select\" id=\"distance\" name=\"distance\" data-test=\"search-distance-input\">","target":["#distance"]},{"any":[],"all":[],"none":[{"id":"multiple-label","data":null,"relatedNodes":[{"html":"<label class=\"nhsuk-label nhsuk-inline-label\" for=\"sort\">Sort by</label>","target":[".nhsuk-inline-label"]}],"impact":"moderate","message":"Form field does not have multiple label elements"}],"impact":null,"html":"<select class=\"nhsuk-select nhsuk-inline-select\" id=\"sort\" name=\"sort\" data-test=\"sort-input\" value=\"\" onchange=\"sortform.submit()\">","target":["#sort"]}]},{"id":"heading-order","impact":null,"tags":["cat.semantics","best-practice"],"description":"Ensures the order of headings is semantically correct","help":"Heading levels should only increase by one","helpUrl":"https://dequeuniversity.com/rules/axe/4.7/heading-order?application=axeAPI","nodes":[{"any":[{"id":"heading-order","data":{"headingOrder":[{"ancestry":["html > body > section:nth-child(4) > div > div > div:nth-child(1) > h1"],"level":1},{"ancestry":["html > body > div:nth-child(5) > main > div:nth-child(2) > div:nth-child(1) > div:nth-child(1) > form > fieldset:nth-child(1) > legend:nth-child(1) > h2"],"level":2},{"ancestry":["html > body > div:nth-child(5) > main > div:nth-child(2) > div:nth-child(1) > div:nth-child(2) > h3:nth-child(1)"],"level":3},{"ancestry":["html > body > div:nth-child(5) > main > div:nth-child(2) > div:nth-child(2) > ul:nth-child(2) > li:nth-child(1) > div:nth-child(1) > div:nth-child(1) > h2"],"level":2},{"ancestry":["html > body > div:nth-child(5) > main > div:nth-child(2) > div:nth-child(2) > ul:nth-child(2) > li:nth-child(1) > div:nth-child(2) > h3"],"level":3},{"ancestry":["html > body > div:nth-child(5) > main > div:nth-child(2) > div:nth-child(2) > ul:nth-child(2) > li:nth-child(2) > div:nth-child(1) > div:nth-child(1) > h2"],"level":2},{"ancestry":["html > body > div:nth-child(5) > main > div:nth-child(2) > div:nth-child(2) > ul:nth-child(2) > li:nth-child(2) > div:nth-child(2) > h3"],"level":3},{"ancestry":["html > body > div:nth-child(5) > main > div:nth-child(2) > div:nth-child(2) > ul:nth-child(2) > li:nth-child(3) > div:nth-child(1) > div:nth-child(1) > h2"],"level":2},{"ancestry":["html > body > div:nth-child(5) > main > div:nth-child(2) > div:nth-child(2) > ul:nth-child(2) > li:nth-child(3) > div:nth-child(2) > h3"],"level":3},{"ancestry":["html > body > div:nth-child(5) > main > div:nth-child(2) > div:nth-child(2) > ul:nth-child(2) > li:nth-child(4) > div:nth-child(1) > div:nth-child(1) > h2"],"level":2},{"ancestry":["html > body > div:nth-child(5) > main > div:nth-child(2) > div:nth-child(2) > ul:nth-child(2) > li:nth-child(4) > div:nth-child(2) > h3"],"level":3},{"ancestry":["html > body > div:nth-child(5) > main > div:nth-child(2) > div:nth-child(2) > ul:nth-child(2) > li:nth-child(5) > div:nth-child(1) > div:nth-child(1) > h2"],"level":2},{"ancestry":["html > body > div:nth-child(5) > main > div:nth-child(2) > div:nth-child(2) > ul:nth-child(2) > li:nth-child(5) > div:nth-child(2) > h3"],"level":3},{"ancestry":["html > body > div:nth-child(5) > main > div:nth-child(2) > div:nth-child(2) > ul:nth-child(2) > li:nth-child(6) > div:nth-child(1) > div:nth-child(1) > h2"],"level":2},{"ancestry":["html > body > div:nth-child(5) > main > div:nth-child(2) > div:nth-child(2) > ul:nth-child(2) > li:nth-child(6) > div:nth-child(2) > h3"],"level":3},{"ancestry":["html > body > div:nth-child(5) > main > div:nth-child(2) > div:nth-child(2) > ul:nth-child(2) > li:nth-child(7) > div:nth-child(1) > div:nth-child(1) > h2"],"level":2},{"ancestry":["html > body > div:nth-child(5) > main > div:nth-child(2) > div:nth-child(2) > ul:nth-child(2) > li:nth-child(7) > div:nth-child(2) > h3"],"level":3},{"ancestry":["html > body > div:nth-child(5) > main > div:nth-child(2) > div:nth-child(2) > ul:nth-child(2) > li:nth-child(8) > div:nth-child(1) > div:nth-child(1) > h2"],"level":2},{"ancestry":["html > body > div:nth-child(5) > main > div:nth-child(2) > div:nth-child(2) > ul:nth-child(2) > li:nth-child(8) > div:nth-child(2) > h3"],"level":3},{"ancestry":["html > body > div:nth-child(5) > main > div:nth-child(2) > div:nth-child(2) > ul:nth-child(2) > li:nth-child(9) > div:nth-child(1) > div:nth-child(1) > h2"],"level":2},{"ancestry":["html > body > div:nth-child(5) > main > div:nth-child(2) > div:nth-child(2) > ul:nth-child(2) > li:nth-child(9) > div:nth-child(2) > h3"],"level":3},{"ancestry":["html > body > div:nth-child(5) > main > div:nth-child(2) > div:nth-child(2) > ul:nth-child(2) > li:nth-child(10) > div:nth-child(1) > div:nth-child(1) > h2"],"level":2},{"ancestry":["html > body > div:nth-child(5) > main > div:nth-child(2) > div:nth-child(2) > ul:nth-child(2) > li:nth-child(10) > div:nth-child(2) > h3"],"level":3},{"ancestry":["html > body > footer:nth-child(6) > div > div > h2:nth-child(1)"],"level":2}]},"relatedNodes":[],"impact":"moderate","message":"Heading order valid"}],"all":[],"none":[],"impact":null,"html":"<h1 data-test=\"search-result-query\" id=\"search-results-heading\" class=\"nhsuk-heading-xl nhsuk-u-padding-left-4 nhsuk-u-margin-bottom-4\" aria-label=\"17 jobs found for Admin within 5 miles of Manchester. Sorted by: Best Match\">","target":["#search-results-heading"]},{"any":[{"id":"heading-order","data":null,"relatedNodes":[],"impact":"moderate","message":"Heading order valid"}],"all":[],"none":[],"impact":null,"html":"<h2 class=\"nhsuk-heading-s\">Refine your search</h2>","target":[".nhsuk-heading-s"]},{"any":[{"id":"heading-order","data":null,"relatedNodes":[],"impact":"moderate","message":"Heading order valid"}],"all":[],"none":[],"impact":null,"html":"<h3 class=\"nhsuk-heading-m\">\n    <a href=\"/candidate/search/save/alerts\" data-test=\"save-search\">Save this search</a>\n</h3>","target":[".hide-mobile > h3"]},{"any":[{"id":"heading-order","data":null,"relatedNodes":[],"impact":"moderate","message":"Heading order valid"}],"all":[],"none":[],"impact":null,"html":"<h2 class=\"nhsuk-heading-m nhsuk-u-margin-bottom-2\" id=\"job-title-1\">","target":["#job-title-1"]},{"any":[{"id":"heading-order","data":null,"relatedNodes":[],"impact":"moderate","message":"Heading order valid"}],"all":[],"none":[],"impact":null,"html":"<h3 class=\"nhsuk-u-font-weight-bold\">\n          Omnes Healthcare Limited \n          <div class=\"location-font-size\">\n            \n              Manchester M3 5NA\n            \n          </div>\n        </h3>","target":[".nhsuk-list-panel.search-result.nhsuk-u-padding-3:nth-child(1) > .nhsuk-u-margin-bottom-4[data-test=\"search-result-location\"] > h3"]},{"any":[{"id":"heading-order","data":null,"relatedNodes":[],"impact":"moderate","message":"Heading order valid"}],"all":[],"none":[],"impact":null,"html":"<h2 class=\"nhsuk-heading-m nhsuk-u-margin-bottom-2\" id=\"job-title-2\">","target":["#job-title-2"]},{"any":[{"id":"heading-order","data":null,"relatedNodes":[],"impact":"moderate","message":"Heading order valid"}],"all":[],"none":[],"impact":null,"html":"<h3 class=\"nhsuk-u-font-weight-bold\">\n          Manchester University NHS Foundation Trust\n          <div class=\"location-font-size\">\n            \n              Manchester M8 5RB\n            \n          </div>\n        </h3>","target":[".nhsuk-list-panel.search-result.nhsuk-u-padding-3:nth-child(2) > .nhsuk-u-margin-bottom-4[data-test=\"search-result-location\"] > h3"]},{"any":[{"id":"heading-order","data":null,"relatedNodes":[],"impact":"moderate","message":"Heading order valid"}],"all":[],"none":[],"impact":null,"html":"<h2 class=\"nhsuk-heading-m nhsuk-u-margin-bottom-2\" id=\"job-title-3\">","target":["#job-title-3"]},{"any":[{"id":"heading-order","data":null,"relatedNodes":[],"impact":"moderate","message":"Heading order valid"}],"all":[],"none":[],"impact":null,"html":"<h3 class=\"nhsuk-u-font-weight-bold\">\n          West Point Medical Centre\n          <div class=\"location-font-size\">\n            \n              Manchester M19 2AF\n            \n          </div>\n        </h3>","target":[".nhsuk-list-panel.search-result.nhsuk-u-padding-3:nth-child(3) > .nhsuk-u-margin-bottom-4[data-test=\"search-result-location\"] > h3"]},{"any":[{"id":"heading-order","data":null,"relatedNodes":[],"impact":"moderate","message":"Heading order valid"}],"all":[],"none":[],"impact":null,"html":"<h2 class=\"nhsuk-heading-m nhsuk-u-margin-bottom-2\" id=\"job-title-4\">","target":["#job-title-4"]},{"any":[{"id":"heading-order","data":null,"relatedNodes":[],"impact":"moderate","message":"Heading order valid"}],"all":[],"none":[],"impact":null,"html":"<h3 class=\"nhsuk-u-font-weight-bold\">\n          Greater Manchester Mental Health NHSFT\n          <div class=\"location-font-size\">\n            \n              Salford M7 2YL\n            \n          </div>\n        </h3>","target":[".nhsuk-list-panel.search-result.nhsuk-u-padding-3:nth-child(4) > .nhsuk-u-margin-bottom-4[data-test=\"search-result-location\"] > h3"]},{"any":[{"id":"heading-order","data":null,"relatedNodes":[],"impact":"moderate","message":"Heading order valid"}],"all":[],"none":[],"impact":null,"html":"<h2 class=\"nhsuk-heading-m nhsuk-u-margin-bottom-2\" id=\"job-title-5\">","target":["#job-title-5"]},{"any":[{"id":"heading-order","data":null,"relatedNodes":[],"impact":"moderate","message":"Heading order valid"}],"all":[],"none":[],"impact":null,"html":"<h3 class=\"nhsuk-u-font-weight-bold\">\n          Greater Manchester Mental Health NHSFT\n          <div class=\"location-font-size\">\n            \n              Manchester M60 9AH\n            \n          </div>\n        </h3>","target":[".nhsuk-list-panel.search-result.nhsuk-u-padding-3:nth-child(5) > .nhsuk-u-margin-bottom-4[data-test=\"search-result-location\"] > h3"]},{"any":[{"id":"heading-order","data":null,"relatedNodes":[],"impact":"moderate","message":"Heading order valid"}],"all":[],"none":[],"impact":null,"html":"<h2 class=\"nhsuk-heading-m nhsuk-u-margin-bottom-2\" id=\"job-title-6\">","target":["#job-title-6"]},{"any":[{"id":"heading-order","data":null,"relatedNodes":[],"impact":"moderate","message":"Heading order valid"}],"all":[],"none":[],"impact":null,"html":"<h3 class=\"nhsuk-u-font-weight-bold\">\n          The Christie NHS FT\n          <div class=\"location-font-size\">\n            \n              Manchester M20 4BX\n            \n          </div>\n        </h3>","target":[".nhsuk-list-panel.search-result.nhsuk-u-padding-3:nth-child(6) > .nhsuk-u-margin-bottom-4[data-test=\"search-result-location\"] > h3"]},{"any":[{"id":"heading-order","data":null,"relatedNodes":[],"impact":"moderate","message":"Heading order valid"}],"all":[],"none":[],"impact":null,"html":"<h2 class=\"nhsuk-heading-m nhsuk-u-margin-bottom-2\" id=\"job-title-7\">","target":["#job-title-7"]},{"any":[{"id":"heading-order","data":null,"relatedNodes":[],"impact":"moderate","message":"Heading order valid"}],"all":[],"none":[],"impact":null,"html":"<h3 class=\"nhsuk-u-font-weight-bold\">\n          North Trafford Group Practice\n          <div class=\"location-font-size\">\n            \n              Manchester M32 0PA, \n            \n              Manchester M160LW\n            \n          </div>\n        </h3>","target":[".nhsuk-list-panel.search-result.nhsuk-u-padding-3:nth-child(7) > .nhsuk-u-margin-bottom-4[data-test=\"search-result-location\"] > h3"]},{"any":[{"id":"heading-order","data":null,"relatedNodes":[],"impact":"moderate","message":"Heading order valid"}],"all":[],"none":[],"impact":null,"html":"<h2 class=\"nhsuk-heading-m nhsuk-u-margin-bottom-2\" id=\"job-title-8\">","target":["#job-title-8"]},{"any":[{"id":"heading-order","data":null,"relatedNodes":[],"impact":"moderate","message":"Heading order valid"}],"all":[],"none":[],"impact":null,"html":"<h3 class=\"nhsuk-u-font-weight-bold\">\n          The Christie NHS FT\n          <div class=\"location-font-size\">\n            \n              Manchester M20 4BX\n            \n          </div>\n        </h3>","target":[".nhsuk-list-panel.search-result.nhsuk-u-padding-3:nth-child(8) > .nhsuk-u-margin-bottom-4[data-test=\"search-result-location\"] > h3"]},{"any":[{"id":"heading-order","data":null,"relatedNodes":[],"impact":"moderate","message":"Heading order valid"}],"all":[],"none":[],"impact":null,"html":"<h2 class=\"nhsuk-heading-m nhsuk-u-margin-bottom-2\" id=\"job-title-9\">","target":["#job-title-9"]},{"any":[{"id":"heading-order","data":null,"relatedNodes":[],"impact":"moderate","message":"Heading order valid"}],"all":[],"none":[],"impact":null,"html":"<h3 class=\"nhsuk-u-font-weight-bold\">\n          The Christie NHS FT\n          <div class=\"location-font-size\">\n            \n              Manchester M20 4BX\n            \n          </div>\n        </h3>","target":[".nhsuk-list-panel.search-result.nhsuk-u-padding-3:nth-child(9) > .nhsuk-u-margin-bottom-4[data-test=\"search-result-location\"] > h3"]},{"any":[{"id":"heading-order","data":null,"relatedNodes":[],"impact":"moderate","message":"Heading order valid"}],"all":[],"none":[],"impact":null,"html":"<h2 class=\"nhsuk-heading-m nhsuk-u-margin-bottom-2\" id=\"job-title-10\">","target":["#job-title-10"]},{"any":[{"id":"heading-order","data":null,"relatedNodes":[],"impact":"moderate","message":"Heading order valid"}],"all":[],"none":[],"impact":null,"html":"<h3 class=\"nhsuk-u-font-weight-bold\">","target":[".nhsuk-list-panel.search-result.nhsuk-u-padding-3:nth-child(10) > .nhsuk-u-margin-bottom-4[data-test=\"search-result-location\"] > h3"]},{"any":[{"id":"heading-order","data":null,"relatedNodes":[],"impact":"moderate","message":"Heading order valid"}],"all":[],"none":[],"impact":null,"html":"<h2 class=\"nhsuk-u-visually-hidden\">Support links</h2>","target":[".nhsuk-width-container > .nhsuk-u-visually-hidden"]}]},{"id":"html-has-lang","impact":null,"tags":["cat.language","wcag2a","wcag311","ACT","TTv5","TT11.a"],"description":"Ensures every HTML document has a lang attribute","help":"<html> element must have a lang attribute","helpUrl":"https://dequeuniversity.com/rules/axe/4.7/html-has-lang?application=axeAPI","nodes":[{"any":[{"id":"has-lang","data":null,"relatedNodes":[],"impact":"serious","message":"The <html> element has a lang attribute"}],"all":[],"none":[],"impact":null,"html":"<html lang=\"en\" style=\"\">","target":["html"]}]},{"id":"html-lang-valid","impact":null,"tags":["cat.language","wcag2a","wcag311","ACT","TTv5","TT11.a"],"description":"Ensures the lang attribute of the <html> element has a valid value","help":"<html> element must have a valid value for the lang attribute","helpUrl":"https://dequeuniversity.com/rules/axe/4.7/html-lang-valid?application=axeAPI","nodes":[{"any":[],"all":[],"none":[{"id":"valid-lang","data":null,"relatedNodes":[],"impact":"serious","message":"Value of lang attribute is included in the list of valid languages"}],"impact":null,"html":"<html lang=\"en\" style=\"\">","target":["html"]}]},{"id":"input-button-name","impact":null,"tags":["cat.name-role-value","wcag2a","wcag412","section508","section508.22.a","ACT","TTv5","TT5.c"],"description":"Ensures input buttons have discernible text","help":"Input buttons must have discernible text","helpUrl":"https://dequeuniversity.com/rules/axe/4.7/input-button-name?application=axeAPI","nodes":[{"any":[{"id":"non-empty-value","data":null,"relatedNodes":[],"impact":"critical","message":"Element has a non-empty value attribute"}],"all":[],"none":[],"impact":null,"html":"<input class=\"nhsuk-button nhsuk-button--primary\" type=\"submit\" id=\"refine-search\" value=\"Apply filters\" data-test=\"refine-search-button\">","target":["#refine-search"]}]},{"id":"label-title-only","impact":null,"tags":["cat.forms","best-practice"],"description":"Ensures that every form element has a visible label and is not solely labeled using hidden labels, or the title or aria-describedby attributes","help":"Form elements should have a visible label","helpUrl":"https://dequeuniversity.com/rules/axe/4.7/label-title-only?application=axeAPI","nodes":[{"any":[],"all":[],"none":[{"id":"title-only","data":null,"relatedNodes":[],"impact":"serious","message":"Form element does not solely use title attribute for its label"}],"impact":null,"html":"<input name=\"keyword\" id=\"keyword\" value=\"Admin\" class=\"nhsuk-input nhsuk-u--width-full\" type=\"search\" data-test=\"search-jobTitle-input\" aria-label=\"Search What? For example, job title or skills\">","target":["#keyword"]},{"any":[],"all":[],"none":[{"id":"title-only","data":null,"relatedNodes":[],"impact":"serious","message":"Form element does not solely use title attribute for its label"}],"impact":null,"html":"<input aria-describedby=\"location__assistiveHint\" aria-expanded=\"false\" aria-controls=\"location__listbox\" aria-autocomplete=\"list\" autocomplete=\"off\" class=\"nhsuk-input nhsuk-u--width-full\" id=\"location\" name=\"location\" placeholder=\"\" type=\"search\" role=\"combobox\" data-test=\"search-location-input\" aria-label=\"Search Where? For example, a postcode, town or city, search text field\">","target":["#location"]},{"any":[],"all":[],"none":[{"id":"title-only","data":null,"relatedNodes":[],"impact":"serious","message":"Form element does not solely use title attribute for its label"}],"impact":null,"html":"<select class=\"nhsuk-select\" id=\"distance\" name=\"distance\" data-test=\"search-distance-input\">","target":["#distance"]},{"any":[],"all":[],"none":[{"id":"title-only","data":null,"relatedNodes":[],"impact":"serious","message":"Form element does not solely use title attribute for its label"}],"impact":null,"html":"<select class=\"nhsuk-select nhsuk-inline-select\" id=\"sort\" name=\"sort\" data-test=\"sort-input\" value=\"\" onchange=\"sortform.submit()\">","target":["#sort"]}]},{"id":"label","impact":null,"tags":["cat.forms","wcag2a","wcag412","section508","section508.22.n","ACT","TTv5","TT5.c"],"description":"Ensures every form element has a label","help":"Form elements must have labels","helpUrl":"https://dequeuniversity.com/rules/axe/4.7/label?application=axeAPI","nodes":[{"any":[{"id":"explicit-label","data":{"explicitLabel":"What?"},"relatedNodes":[{"html":"<label class=\"nhsuk-label nhsuk-u-font-weight-bold white-text\" for=\"keyword\">What?</label>","target":["label[for=\"keyword\"]"]}],"impact":"critical","message":"Form element has an explicit <label>"},{"id":"aria-label","data":null,"relatedNodes":[],"impact":"serious","message":"aria-label attribute exists and is not empty"}],"all":[],"none":[{"id":"hidden-explicit-label","data":null,"relatedNodes":[],"impact":"critical","message":"Form element has a visible explicit <label>"}],"impact":null,"html":"<input name=\"keyword\" id=\"keyword\" value=\"Admin\" class=\"nhsuk-input nhsuk-u--width-full\" type=\"search\" data-test=\"search-jobTitle-input\" aria-label=\"Search What? For example, job title or skills\">","target":["#keyword"]},{"any":[{"id":"explicit-label","data":{"explicitLabel":"Where?"},"relatedNodes":[{"html":"<label class=\"nhsuk-label nhsuk-u-font-weight-bold white-text\" for=\"location\">Where?</label>","target":["label[for=\"location\"]"]}],"impact":"critical","message":"Form element has an explicit <label>"},{"id":"aria-label","data":null,"relatedNodes":[],"impact":"serious","message":"aria-label attribute exists and is not empty"}],"all":[],"none":[{"id":"hidden-explicit-label","data":null,"relatedNodes":[],"impact":"critical","message":"Form element has a visible explicit <label>"}],"impact":null,"html":"<input aria-describedby=\"location__assistiveHint\" aria-expanded=\"false\" aria-controls=\"location__listbox\" aria-autocomplete=\"list\" autocomplete=\"off\" class=\"nhsuk-input nhsuk-u--width-full\" id=\"location\" name=\"location\" placeholder=\"\" type=\"search\" role=\"combobox\" data-test=\"search-location-input\" aria-label=\"Search Where? For example, a postcode, town or city, search text field\">","target":["#location"]}]},{"id":"landmark-banner-is-top-level","impact":null,"tags":["cat.semantics","best-practice"],"description":"Ensures the banner landmark is at top level","help":"Banner landmark should not be contained in another landmark","helpUrl":"https://dequeuniversity.com/rules/axe/4.7/landmark-banner-is-top-level?application=axeAPI","nodes":[{"any":[{"id":"landmark-is-top-level","data":{"role":"banner"},"relatedNodes":[],"impact":"moderate","message":"The banner landmark is at the top level."}],"all":[],"none":[],"impact":null,"html":"<header class=\"nhsuk-header\" role=\"banner\" id=\"heading-body\">","target":["header"]}]},{"id":"landmark-complementary-is-top-level","impact":null,"tags":["cat.semantics","best-practice"],"description":"Ensures the complementary landmark or aside is at top level","help":"Aside should not be contained in another landmark","helpUrl":"https://dequeuniversity.com/rules/axe/4.7/landmark-complementary-is-top-level?application=axeAPI","nodes":[{"any":[{"id":"landmark-is-top-level","data":{"role":"complementary"},"relatedNodes":[],"impact":"moderate","message":"The complementary landmark is at the top level."}],"all":[],"none":[],"impact":null,"html":"<div class=\"beta-banner\" aria-label=\"beta-banner\" role=\"complementary\">","target":[".beta-banner"]}]},{"id":"landmark-contentinfo-is-top-level","impact":null,"tags":["cat.semantics","best-practice"],"description":"Ensures the contentinfo landmark is at top level","help":"Contentinfo landmark should not be contained in another landmark","helpUrl":"https://dequeuniversity.com/rules/axe/4.7/landmark-contentinfo-is-top-level?application=axeAPI","nodes":[{"any":[{"id":"landmark-is-top-level","data":{"role":"contentinfo"},"relatedNodes":[],"impact":"moderate","message":"The contentinfo landmark is at the top level."}],"all":[],"none":[],"impact":null,"html":"<footer role=\"contentinfo\">","target":["footer"]}]},{"id":"landmark-main-is-top-level","impact":null,"tags":["cat.semantics","best-practice"],"description":"Ensures the main landmark is at top level","help":"Main landmark should not be contained in another landmark","helpUrl":"https://dequeuniversity.com/rules/axe/4.7/landmark-main-is-top-level?application=axeAPI","nodes":[{"any":[{"id":"landmark-is-top-level","data":{"role":"main"},"relatedNodes":[],"impact":"moderate","message":"The main landmark is at the top level."}],"all":[],"none":[],"impact":null,"html":"<main class=\"nhsuk-main-wrapper \" id=\"maincontent\" role=\"main\">","target":["#maincontent"]}]},{"id":"landmark-no-duplicate-banner","impact":null,"tags":["cat.semantics","best-practice"],"description":"Ensures the document has at most one banner landmark","help":"Document should not have more than one banner landmark","helpUrl":"https://dequeuniversity.com/rules/axe/4.7/landmark-no-duplicate-banner?application=axeAPI","nodes":[{"any":[{"id":"page-no-duplicate-banner","data":null,"relatedNodes":[],"impact":"moderate","message":"Document does not have more than one banner landmark"}],"all":[],"none":[],"impact":null,"html":"<header class=\"nhsuk-header\" role=\"banner\" id=\"heading-body\">","target":["header"]}]},{"id":"landmark-no-duplicate-contentinfo","impact":null,"tags":["cat.semantics","best-practice"],"description":"Ensures the document has at most one contentinfo landmark","help":"Document should not have more than one contentinfo landmark","helpUrl":"https://dequeuniversity.com/rules/axe/4.7/landmark-no-duplicate-contentinfo?application=axeAPI","nodes":[{"any":[{"id":"page-no-duplicate-contentinfo","data":null,"relatedNodes":[],"impact":"moderate","message":"Document does not have more than one contentinfo landmark"}],"all":[],"none":[],"impact":null,"html":"<footer role=\"contentinfo\">","target":["footer"]}]},{"id":"landmark-no-duplicate-main","impact":null,"tags":["cat.semantics","best-practice"],"description":"Ensures the document has at most one main landmark","help":"Document should not have more than one main landmark","helpUrl":"https://dequeuniversity.com/rules/axe/4.7/landmark-no-duplicate-main?application=axeAPI","nodes":[{"any":[{"id":"page-no-duplicate-main","data":null,"relatedNodes":[],"impact":"moderate","message":"Document does not have more than one main landmark"}],"all":[],"none":[],"impact":null,"html":"<main class=\"nhsuk-main-wrapper \" id=\"maincontent\" role=\"main\">","target":["#maincontent"]}]},{"id":"landmark-one-main","impact":null,"tags":["cat.semantics","best-practice"],"description":"Ensures the document has a main landmark","help":"Document should have one main landmark","helpUrl":"https://dequeuniversity.com/rules/axe/4.7/landmark-one-main?application=axeAPI","nodes":[{"any":[],"all":[{"id":"page-has-main","data":null,"relatedNodes":[{"html":"<main class=\"nhsuk-main-wrapper \" id=\"maincontent\" role=\"main\">","target":["#maincontent"]}],"impact":"moderate","message":"Document has at least one main landmark"}],"none":[],"impact":null,"html":"<html lang=\"en\" style=\"\">","target":["html"]}]},{"id":"landmark-unique","impact":null,"tags":["cat.semantics","best-practice"],"help":"Ensures landmarks are unique","description":"Landmarks should have a unique role or role/label/title (i.e. accessible name) combination","helpUrl":"https://dequeuniversity.com/rules/axe/4.7/landmark-unique?application=axeAPI","nodes":[{"any":[{"id":"landmark-is-unique","data":{"role":"banner","accessibleText":null},"relatedNodes":[],"impact":"moderate","message":"Landmarks must have a unique role or role/label/title (i.e. accessible name) combination"}],"all":[],"none":[],"impact":null,"html":"<header class=\"nhsuk-header\" role=\"banner\" id=\"heading-body\">","target":["header"]},{"any":[{"id":"landmark-is-unique","data":{"role":"navigation","accessibleText":"translations"},"relatedNodes":[],"impact":"moderate","message":"Landmarks must have a unique role or role/label/title (i.e. accessible name) combination"}],"all":[],"none":[],"impact":null,"html":"<nav class=\"gem-c-translation-nav hide-mobile nhsuk-u-margin-0 nhsuk-u-padding-left-7\" aria-label=\"Translations\">","target":[".gem-c-translation-nav"]},{"any":[{"id":"landmark-is-unique","data":{"role":"navigation","accessibleText":"menu"},"relatedNodes":[],"impact":"moderate","message":"Landmarks must have a unique role or role/label/title (i.e. accessible name) combination"}],"all":[],"none":[],"impact":null,"html":"<nav class=\"nhsuk-header__navigation\" id=\"header-navigation\" role=\"navigation\" aria-label=\"Primary navigation\" aria-labelledby=\"label-navigation\">","target":["#header-navigation"]},{"any":[{"id":"landmark-is-unique","data":{"role":"complementary","accessibleText":"beta-banner"},"relatedNodes":[],"impact":"moderate","message":"Landmarks must have a unique role or role/label/title (i.e. accessible name) combination"}],"all":[],"none":[],"impact":null,"html":"<div class=\"beta-banner\" aria-label=\"beta-banner\" role=\"complementary\">","target":[".beta-banner"]},{"any":[{"id":"landmark-is-unique","data":{"role":"main","accessibleText":null},"relatedNodes":[],"impact":"moderate","message":"Landmarks must have a unique role or role/label/title (i.e. accessible name) combination"}],"all":[],"none":[],"impact":null,"html":"<main class=\"nhsuk-main-wrapper \" id=\"maincontent\" role=\"main\">","target":["#maincontent"]},{"any":[{"id":"landmark-is-unique","data":{"role":"navigation","accessibleText":"pagination"},"relatedNodes":[],"impact":"moderate","message":"Landmarks must have a unique role or role/label/title (i.e. accessible name) combination"}],"all":[],"none":[],"impact":null,"html":"<nav class=\"nhsuk-pagination\" role=\"navigation\" aria-label=\"Pagination\">","target":[".nhsuk-pagination"]},{"any":[{"id":"landmark-is-unique","data":{"role":"contentinfo","accessibleText":null},"relatedNodes":[],"impact":"moderate","message":"Landmarks must have a unique role or role/label/title (i.e. accessible name) combination"}],"all":[],"none":[],"impact":null,"html":"<footer role=\"contentinfo\">","target":["footer"]}]},{"id":"link-in-text-block","impact":null,"tags":["cat.color","wcag2a","wcag141","TTv5","TT13.a"],"description":"Ensure links are distinguished from surrounding text in a way that does not rely on color","help":"Links must be distinguishable without relying on color","helpUrl":"https://dequeuniversity.com/rules/axe/4.7/link-in-text-block?application=axeAPI","nodes":[{"any":[{"id":"link-in-text-block-style","data":null,"relatedNodes":[{"html":"<div class=\"nhsuk-width-container\">","target":[".top-banner > .nhsuk-width-container"]}],"impact":"serious","message":"Links can be distinguished from surrounding text by visual styling"}],"all":[],"none":[],"impact":null,"html":"<a href=\"/candidate/cookies\" id=\"change-cookies-settings\" aria-label=\"Go to the cookie information page\">change your cookie settings</a>","target":["#change-cookies-settings"]},{"any":[{"id":"link-in-text-block-style","data":null,"relatedNodes":[{"html":"<div class=\"nhsuk-width-container \">","target":[".beta-banner > .nhsuk-width-container"]}],"impact":"serious","message":"Links can be distinguished from surrounding text by visual styling"}],"all":[],"none":[],"impact":null,"html":"<a href=\"mailto:nhsbsa.nhsjobs@nhsbsa.nhs.uk?subject=How could we improve NHS Jobs service?\">feedback</a>","target":[".beta-banner > .nhsuk-width-container > span > a"]}]},{"id":"link-name","impact":null,"tags":["cat.name-role-value","wcag2a","wcag412","wcag244","section508","section508.22.a","ACT","TTv5","TT6.a"],"description":"Ensures links have discernible text","help":"Links must have discernible text","helpUrl":"https://dequeuniversity.com/rules/axe/4.7/link-name?application=axeAPI","nodes":[{"any":[{"id":"has-visible-text","data":null,"relatedNodes":[],"impact":"minor","message":"Element has text that is visible to screen readers"},{"id":"aria-label","data":null,"relatedNodes":[],"impact":"serious","message":"aria-label attribute exists and is not empty"}],"all":[],"none":[{"id":"focusable-no-name","data":null,"relatedNodes":[],"impact":"serious","message":"Element is not in tab order or has accessible text"}],"impact":null,"html":"<a class=\"nhsuk-skip-link\" href=\"#search-results-heading\" aria-label=\"17 jobs found for Admin within 5 miles of Manchester. Sorted by: Best Match . Skip to search filters\" id=\"skip_to_search_filters\">Skip to search filters</a>","target":["#skip_to_search_filters"]},{"any":[{"id":"has-visible-text","data":null,"relatedNodes":[],"impact":"minor","message":"Element has text that is visible to screen readers"},{"id":"aria-label","data":null,"relatedNodes":[],"impact":"serious","message":"aria-label attribute exists and is not empty"}],"all":[],"none":[{"id":"focusable-no-name","data":null,"relatedNodes":[],"impact":"serious","message":"Element is not in tab order or has accessible text"}],"impact":null,"html":"<a class=\"nhsuk-skip-link\" href=\"#first-result-title\" id=\"skipToSearchResults\" aria-label=\"Skip to search results\">Skip to search results</a>","target":["#skipToSearchResults"]},{"any":[{"id":"has-visible-text","data":null,"relatedNodes":[],"impact":"minor","message":"Element has text that is visible to screen readers"},{"id":"aria-label","data":null,"relatedNodes":[],"impact":"serious","message":"aria-label attribute exists and is not empty"}],"all":[],"none":[{"id":"focusable-no-name","data":null,"relatedNodes":[],"impact":"serious","message":"Element is not in tab order or has accessible text"}],"impact":null,"html":"<a href=\"/candidate/cookies\" id=\"change-cookies-settings\" aria-label=\"Go to the cookie information page\">change your cookie settings</a>","target":["#change-cookies-settings"]},{"any":[{"id":"has-visible-text","data":null,"relatedNodes":[],"impact":"minor","message":"Element has text that is visible to screen readers"},{"id":"aria-label","data":null,"relatedNodes":[],"impact":"serious","message":"aria-label attribute exists and is not empty"}],"all":[],"none":[{"id":"focusable-no-name","data":null,"relatedNodes":[],"impact":"serious","message":"Element is not in tab order or has accessible text"}],"impact":null,"html":"<a href=\"/candidate/dismiss-cookie-messages\" id=\"dismiss-cookie-messages\" aria-label=\"Dismiss information about cookie preferences\" style=\"float: right\">Hide</a>","target":["#dismiss-cookie-messages"]},{"any":[{"id":"has-visible-text","data":null,"relatedNodes":[],"impact":"minor","message":"Element has text that is visible to screen readers"},{"id":"aria-label","data":null,"relatedNodes":[],"impact":"serious","message":"aria-label attribute exists and is not empty"}],"all":[],"none":[{"id":"focusable-no-name","data":null,"relatedNodes":[],"impact":"serious","message":"Element is not in tab order or has accessible text"}],"impact":null,"html":"<a class=\"nhsuk-header__link nhsuk-header__link--service nhsuk-header__link--service-short-name\" href=\"/candidate\" aria-label=\"NHS jobs homepage\">","target":[".nhsuk-header__link"]},{"any":[{"id":"has-visible-text","data":null,"relatedNodes":[],"impact":"minor","message":"Element has text that is visible to screen readers"}],"all":[],"none":[{"id":"focusable-no-name","data":null,"relatedNodes":[],"impact":"serious","message":"Element is not in tab order or has accessible text"}],"impact":null,"html":"<a class=\"sign-in-link\" id=\"candidate_sign_in\" href=\"/candidate/auth/login\">\n        Sign in\n      </a>","target":["#candidate_sign_in"]},{"any":[{"id":"has-visible-text","data":null,"relatedNodes":[],"impact":"minor","message":"Element has text that is visible to screen readers"}],"all":[],"none":[{"id":"focusable-no-name","data":null,"relatedNodes":[],"impact":"serious","message":"Element is not in tab order or has accessible text"}],"impact":null,"html":"<a href=\"/candidate/auth/register/first-last-name\" class=\"sign-in-link\" data-test=\"header-create-account\">Create an account</a>","target":[".sign-in-link[data-test=\"header-create-account\"]"]},{"any":[{"id":"has-visible-text","data":null,"relatedNodes":[],"impact":"minor","message":"Element has text that is visible to screen readers"}],"all":[],"none":[{"id":"focusable-no-name","data":null,"relatedNodes":[],"impact":"serious","message":"Element is not in tab order or has accessible text"}],"impact":null,"html":"<a lang=\"en\" href=\"/candidate/search/locale/en\" class=\"language-toggle-selected\" data-test=\"english-language-link\">English</a>","target":[".language-toggle-selected"]},{"any":[{"id":"has-visible-text","data":null,"relatedNodes":[],"impact":"minor","message":"Element has text that is visible to screen readers"}],"all":[],"none":[{"id":"focusable-no-name","data":null,"relatedNodes":[],"impact":"serious","message":"Element is not in tab order or has accessible text"}],"impact":null,"html":"<a lang=\"cy\" href=\"/candidate/search/locale/cy\" class=\"language-toggle\" data-test=\"welsh-language-link\">Cymraeg</a>","target":[".language-toggle"]},{"any":[{"id":"has-visible-text","data":null,"relatedNodes":[],"impact":"minor","message":"Element has text that is visible to screen readers"}],"all":[],"none":[{"id":"focusable-no-name","data":null,"relatedNodes":[],"impact":"serious","message":"Element is not in tab order or has accessible text"}],"impact":null,"html":"<a class=\"nhsuk-header__navigation-link\" href=\"/candidate/search\">","target":["a[href$=\"search\"]"]},{"any":[{"id":"has-visible-text","data":null,"relatedNodes":[],"impact":"minor","message":"Element has text that is visible to screen readers"}],"all":[],"none":[{"id":"focusable-no-name","data":null,"relatedNodes":[],"impact":"serious","message":"Element is not in tab order or has accessible text"}],"impact":null,"html":"<a href=\"mailto:nhsbsa.nhsjobs@nhsbsa.nhs.uk?subject=How could we improve NHS Jobs service?\">feedback</a>","target":[".beta-banner > .nhsuk-width-container > span > a"]},{"any":[{"id":"has-visible-text","data":null,"relatedNodes":[],"impact":"minor","message":"Element has text that is visible to screen readers"}],"all":[],"none":[{"id":"focusable-no-name","data":null,"relatedNodes":[],"impact":"serious","message":"Element is not in tab order or has accessible text"}],"impact":null,"html":"<a href=\"javascript:void(0)\" id=\"searchOptionsBtn\" class=\"nhsuk-u-font-weight-bold white-text\">\n                  \n                  More search options\n                  \n                  </a>","target":["#searchOptionsBtn"]},{"any":[{"id":"has-visible-text","data":null,"relatedNodes":[],"impact":"minor","message":"Element has text that is visible to screen readers"}],"all":[],"none":[{"id":"focusable-no-name","data":null,"relatedNodes":[],"impact":"serious","message":"Element is not in tab order or has accessible text"}],"impact":null,"html":"<a href=\"/candidate/search/results?keyword=Admin&amp;location=Manchester\" data-test=\"filter-clear\">Clear filters\n        </a>","target":["a[data-test=\"filter-clear\"]"]},{"any":[{"id":"has-visible-text","data":null,"relatedNodes":[],"impact":"minor","message":"Element has text that is visible to screen readers"}],"all":[],"none":[{"id":"focusable-no-name","data":null,"relatedNodes":[],"impact":"serious","message":"Element is not in tab order or has accessible text"}],"impact":null,"html":"<a href=\"/candidate/search/save/alerts\" data-test=\"save-search\">Save this search</a>","target":[".hide-mobile > h3 > a[data-test=\"save-search\"][href$=\"alerts\"]"]},{"any":[{"id":"has-visible-text","data":null,"relatedNodes":[],"impact":"minor","message":"Element has text that is visible to screen readers"}],"all":[],"none":[{"id":"focusable-no-name","data":null,"relatedNodes":[],"impact":"serious","message":"Element is not in tab order or has accessible text"}],"impact":null,"html":"<a href=\"/candidate/search/save/alerts\" class=\"save-job-3\" id=\"create-job-alert\">","target":["#create-job-alert"]},{"any":[{"id":"has-visible-text","data":null,"relatedNodes":[],"impact":"minor","message":"Element has text that is visible to screen readers"}],"all":[],"none":[{"id":"focusable-no-name","data":null,"relatedNodes":[],"impact":"serious","message":"Element is not in tab order or has accessible text"}],"impact":null,"html":"<a href=\"/candidate/jobadvert/A1797-25-00491?keyword=Admin&amp;location=Manchester&amp;distance=5&amp;language=en\" id=\"first-result-title\" data-test=\"search-result-job-title\">\n              Assistant Admin Manager\n            </a>","target":["#first-result-title"]},{"any":[{"id":"has-visible-text","data":null,"relatedNodes":[],"impact":"minor","message":"Element has text that is visible to screen readers"},{"id":"aria-label","data":null,"relatedNodes":[],"impact":"serious","message":"aria-label attribute exists and is not empty"}],"all":[],"none":[{"id":"focusable-no-name","data":null,"relatedNodes":[],"impact":"serious","message":"Element is not in tab order or has accessible text"}],"impact":null,"html":"<a href=\"/candidate/search/save-job/A1797-25-00491\" data-test=\"search-result-save-job\" aria-label=\"Save this job: Assistant Admin Manager (Reference number: A1797-25-00491)\">\n              Save this job\n            </a>","target":[".nhsuk-list-panel.search-result.nhsuk-u-padding-3:nth-child(1) > .nhsuk-grid-row:nth-child(1) > .save-job.nhsuk-u-margin-right-3 > a[data-test=\"search-result-save-job\"]"]},{"any":[{"id":"has-visible-text","data":null,"relatedNodes":[],"impact":"minor","message":"Element has text that is visible to screen readers"}],"all":[],"none":[{"id":"focusable-no-name","data":null,"relatedNodes":[],"impact":"serious","message":"Element is not in tab order or has accessible text"}],"impact":null,"html":"<a href=\"/candidate/jobadvert/C9349-25-1873?keyword=Admin&amp;location=Manchester&amp;distance=5&amp;language=en\" data-test=\"search-result-job-title\">\n              Reception &amp; Admin Assistant\n            </a>","target":["#job-title-2 > a[data-test=\"search-result-job-title\"]"]},{"any":[{"id":"has-visible-text","data":null,"relatedNodes":[],"impact":"minor","message":"Element has text that is visible to screen readers"},{"id":"aria-label","data":null,"relatedNodes":[],"impact":"serious","message":"aria-label attribute exists and is not empty"}],"all":[],"none":[{"id":"focusable-no-name","data":null,"relatedNodes":[],"impact":"serious","message":"Element is not in tab order or has accessible text"}],"impact":null,"html":"<a href=\"/candidate/search/save-job/C9349-25-1873\" data-test=\"search-result-save-job\" aria-label=\"Save this job: Reception &amp; Admin Assistant (Reference number: C9349-25-1873)\">\n              Save this job\n            </a>","target":[".nhsuk-list-panel.search-result.nhsuk-u-padding-3:nth-child(2) > .nhsuk-grid-row:nth-child(1) > .save-job.nhsuk-u-margin-right-3 > a[data-test=\"search-result-save-job\"]"]},{"any":[{"id":"has-visible-text","data":null,"relatedNodes":[],"impact":"minor","message":"Element has text that is visible to screen readers"}],"all":[],"none":[{"id":"focusable-no-name","data":null,"relatedNodes":[],"impact":"serious","message":"Element is not in tab order or has accessible text"}],"impact":null,"html":"<a href=\"/candidate/jobadvert/A3462-25-0001?keyword=Admin&amp;location=Manchester&amp;distance=5&amp;language=en\" data-test=\"search-result-job-title\">\n              Experienced Medical Receptionist\n            </a>","target":["#job-title-3 > a[data-test=\"search-result-job-title\"]"]},{"any":[{"id":"has-visible-text","data":null,"relatedNodes":[],"impact":"minor","message":"Element has text that is visible to screen readers"},{"id":"aria-label","data":null,"relatedNodes":[],"impact":"serious","message":"aria-label attribute exists and is not empty"}],"all":[],"none":[{"id":"focusable-no-name","data":null,"relatedNodes":[],"impact":"serious","message":"Element is not in tab order or has accessible text"}],"impact":null,"html":"<a href=\"/candidate/search/save-job/A3462-25-0001\" data-test=\"search-result-save-job\" aria-label=\"Save this job: Experienced Medical Receptionist (Reference number: A3462-25-0001)\">\n              Save this job\n            </a>","target":[".nhsuk-list-panel.search-result.nhsuk-u-padding-3:nth-child(3) > .nhsuk-grid-row:nth-child(1) > .save-job.nhsuk-u-margin-right-3 > a[data-test=\"search-result-save-job\"]"]},{"any":[{"id":"has-visible-text","data":null,"relatedNodes":[],"impact":"minor","message":"Element has text that is visible to screen readers"}],"all":[],"none":[{"id":"focusable-no-name","data":null,"relatedNodes":[],"impact":"serious","message":"Element is not in tab order or has accessible text"}],"impact":null,"html":"<a href=\"/candidate/jobadvert/C9437-25-0495?keyword=Admin&amp;location=Manchester&amp;distance=5&amp;language=en\" data-test=\"search-result-job-title\">\n              Senior Administrator\n            </a>","target":["#job-title-4 > a[data-test=\"search-result-job-title\"]"]},{"any":[{"id":"has-visible-text","data":null,"relatedNodes":[],"impact":"minor","message":"Element has text that is visible to screen readers"},{"id":"aria-label","data":null,"relatedNodes":[],"impact":"serious","message":"aria-label attribute exists and is not empty"}],"all":[],"none":[{"id":"focusable-no-name","data":null,"relatedNodes":[],"impact":"serious","message":"Element is not in tab order or has accessible text"}],"impact":null,"html":"<a href=\"/candidate/search/save-job/C9437-25-0495\" data-test=\"search-result-save-job\" aria-label=\"Save this job: Senior Administrator (Reference number: C9437-25-0495)\">\n              Save this job\n            </a>","target":[".nhsuk-list-panel.search-result.nhsuk-u-padding-3:nth-child(4) > .nhsuk-grid-row:nth-child(1) > .save-job.nhsuk-u-margin-right-3 > a[data-test=\"search-result-save-job\"]"]},{"any":[{"id":"has-visible-text","data":null,"relatedNodes":[],"impact":"minor","message":"Element has text that is visible to screen readers"}],"all":[],"none":[{"id":"focusable-no-name","data":null,"relatedNodes":[],"impact":"serious","message":"Element is not in tab order or has accessible text"}],"impact":null,"html":"<a href=\"/candidate/jobadvert/C9437-25-0503?keyword=Admin&amp;location=Manchester&amp;distance=5&amp;language=en\" data-test=\"search-result-job-title\">\n              Team Administrator\n            </a>","target":["#job-title-5 > a[data-test=\"search-result-job-title\"]"]},{"any":[{"id":"has-visible-text","data":null,"relatedNodes":[],"impact":"minor","message":"Element has text that is visible to screen readers"},{"id":"aria-label","data":null,"relatedNodes":[],"impact":"serious","message":"aria-label attribute exists and is not empty"}],"all":[],"none":[{"id":"focusable-no-name","data":null,"relatedNodes":[],"impact":"serious","message":"Element is not in tab order or has accessible text"}],"impact":null,"html":"<a href=\"/candidate/search/save-job/C9437-25-0503\" data-test=\"search-result-save-job\" aria-label=\"Save this job: Team Administrator (Reference number: C9437-25-0503)\">\n              Save this job\n            </a>","target":[".nhsuk-list-panel.search-result.nhsuk-u-padding-3:nth-child(5) > .nhsuk-grid-row:nth-child(1) > .save-job.nhsuk-u-margin-right-3 > a[data-test=\"search-result-save-job\"]"]},{"any":[{"id":"has-visible-text","data":null,"relatedNodes":[],"impact":"minor","message":"Element has text that is visible to screen readers"}],"all":[],"none":[{"id":"focusable-no-name","data":null,"relatedNodes":[],"impact":"serious","message":"Element is not in tab order or has accessible text"}],"impact":null,"html":"<a href=\"/candidate/jobadvert/C9413-25-0429?keyword=Admin&amp;location=Manchester&amp;distance=5&amp;language=en\" data-test=\"search-result-job-title\">\n              Locum Consultant in Medical Oncology - HPB &amp; NET\n            </a>","target":["#job-title-6 > a[data-test=\"search-result-job-title\"]"]},{"any":[{"id":"has-visible-text","data":null,"relatedNodes":[],"impact":"minor","message":"Element has text that is visible to screen readers"},{"id":"aria-label","data":null,"relatedNodes":[],"impact":"serious","message":"aria-label attribute exists and is not empty"}],"all":[],"none":[{"id":"focusable-no-name","data":null,"relatedNodes":[],"impact":"serious","message":"Element is not in tab order or has accessible text"}],"impact":null,"html":"<a href=\"/candidate/search/save-job/C9413-25-0429\" data-test=\"search-result-save-job\" aria-label=\"Save this job: Locum Consultant in Medical Oncology - HPB &amp; NET (Reference number: C9413-25-0429)\">\n              Save this job\n            </a>","target":[".nhsuk-list-panel.search-result.nhsuk-u-padding-3:nth-child(6) > .nhsuk-grid-row:nth-child(1) > .save-job.nhsuk-u-margin-right-3 > a[data-test=\"search-result-save-job\"]"]},{"any":[{"id":"has-visible-text","data":null,"relatedNodes":[],"impact":"minor","message":"Element has text that is visible to screen readers"}],"all":[],"none":[{"id":"focusable-no-name","data":null,"relatedNodes":[],"impact":"serious","message":"Element is not in tab order or has accessible text"}],"impact":null,"html":"<a href=\"/candidate/jobadvert/A4025-25-0005?keyword=Admin&amp;location=Manchester&amp;distance=5&amp;language=en\" data-test=\"search-result-job-title\">\n              Medical Receptionist\n            </a>","target":["#job-title-7 > a[data-test=\"search-result-job-title\"]"]},{"any":[{"id":"has-visible-text","data":null,"relatedNodes":[],"impact":"minor","message":"Element has text that is visible to screen readers"},{"id":"aria-label","data":null,"relatedNodes":[],"impact":"serious","message":"aria-label attribute exists and is not empty"}],"all":[],"none":[{"id":"focusable-no-name","data":null,"relatedNodes":[],"impact":"serious","message":"Element is not in tab order or has accessible text"}],"impact":null,"html":"<a href=\"/candidate/search/save-job/A4025-25-0005\" data-test=\"search-result-save-job\" aria-label=\"Save this job: Medical Receptionist (Reference number: A4025-25-0005)\">\n              Save this job\n            </a>","target":[".nhsuk-list-panel.search-result.nhsuk-u-padding-3:nth-child(7) > .nhsuk-grid-row:nth-child(1) > .save-job.nhsuk-u-margin-right-3 > a[data-test=\"search-result-save-job\"]"]},{"any":[{"id":"has-visible-text","data":null,"relatedNodes":[],"impact":"minor","message":"Element has text that is visible to screen readers"}],"all":[],"none":[{"id":"focusable-no-name","data":null,"relatedNodes":[],"impact":"serious","message":"Element is not in tab order or has accessible text"}],"impact":null,"html":"<a href=\"/candidate/jobadvert/C9413-25-0388?keyword=Admin&amp;location=Manchester&amp;distance=5&amp;language=en\" data-test=\"search-result-job-title\">\n              Consultant Clinical Oncology – Gynaecological Cancers.\n            </a>","target":["#job-title-8 > a[data-test=\"search-result-job-title\"]"]},{"any":[{"id":"has-visible-text","data":null,"relatedNodes":[],"impact":"minor","message":"Element has text that is visible to screen readers"},{"id":"aria-label","data":null,"relatedNodes":[],"impact":"serious","message":"aria-label attribute exists and is not empty"}],"all":[],"none":[{"id":"focusable-no-name","data":null,"relatedNodes":[],"impact":"serious","message":"Element is not in tab order or has accessible text"}],"impact":null,"html":"<a href=\"/candidate/search/save-job/C9413-25-0388\" data-test=\"search-result-save-job\" aria-label=\"Save this job: Consultant Clinical Oncology – Gynaecological Cancers. (Reference number: C9413-25-0388)\">\n              Save this job\n            </a>","target":[".nhsuk-list-panel.search-result.nhsuk-u-padding-3:nth-child(8) > .nhsuk-grid-row:nth-child(1) > .save-job.nhsuk-u-margin-right-3 > a[data-test=\"search-result-save-job\"]"]},{"any":[{"id":"has-visible-text","data":null,"relatedNodes":[],"impact":"minor","message":"Element has text that is visible to screen readers"}],"all":[],"none":[{"id":"focusable-no-name","data":null,"relatedNodes":[],"impact":"serious","message":"Element is not in tab order or has accessible text"}],"impact":null,"html":"<a href=\"/candidate/jobadvert/C9413-25-0427?keyword=Admin&amp;location=Manchester&amp;distance=5&amp;language=en\" data-test=\"search-result-job-title\">\n              Support Secretary/Scheduler\n            </a>","target":["#job-title-9 > a[data-test=\"search-result-job-title\"]"]},{"any":[{"id":"has-visible-text","data":null,"relatedNodes":[],"impact":"minor","message":"Element has text that is visible to screen readers"},{"id":"aria-label","data":null,"relatedNodes":[],"impact":"serious","message":"aria-label attribute exists and is not empty"}],"all":[],"none":[{"id":"focusable-no-name","data":null,"relatedNodes":[],"impact":"serious","message":"Element is not in tab order or has accessible text"}],"impact":null,"html":"<a href=\"/candidate/search/save-job/C9413-25-0427\" data-test=\"search-result-save-job\" aria-label=\"Save this job: Support Secretary/Scheduler (Reference number: C9413-25-0427)\">\n              Save this job\n            </a>","target":[".nhsuk-list-panel.search-result.nhsuk-u-padding-3:nth-child(9) > .nhsuk-grid-row:nth-child(1) > .save-job.nhsuk-u-margin-right-3 > a[data-test=\"search-result-save-job\"]"]},{"any":[{"id":"has-visible-text","data":null,"relatedNodes":[],"impact":"minor","message":"Element has text that is visible to screen readers"}],"all":[],"none":[{"id":"focusable-no-name","data":null,"relatedNodes":[],"impact":"serious","message":"Element is not in tab order or has accessible text"}],"impact":null,"html":"<a href=\"/candidate/jobadvert/E0459-25-0014?keyword=Admin&amp;location=Manchester&amp;distance=5&amp;language=en\" data-test=\"search-result-job-title\">\n              Psychologist Autism Assessor (ADOS and/or ADIR trained) - CYP\n            </a>","target":["#job-title-10 > a[data-test=\"search-result-job-title\"]"]},{"any":[{"id":"has-visible-text","data":null,"relatedNodes":[],"impact":"minor","message":"Element has text that is visible to screen readers"},{"id":"aria-label","data":null,"relatedNodes":[],"impact":"serious","message":"aria-label attribute exists and is not empty"}],"all":[],"none":[{"id":"focusable-no-name","data":null,"relatedNodes":[],"impact":"serious","message":"Element is not in tab order or has accessible text"}],"impact":null,"html":"<a href=\"/candidate/search/save-job/E0459-25-0014\" data-test=\"search-result-save-job\" aria-label=\"Save this job: Psychologist Autism Assessor (ADOS and/or ADIR trained) - CYP (Reference number: E0459-25-0014)\">\n              Save this job\n            </a>","target":[".nhsuk-list-panel.search-result.nhsuk-u-padding-3:nth-child(10) > .nhsuk-grid-row:nth-child(1) > .save-job.nhsuk-u-margin-right-3 > a[data-test=\"search-result-save-job\"]"]},{"any":[{"id":"has-visible-text","data":null,"relatedNodes":[],"impact":"minor","message":"Element has text that is visible to screen readers"}],"all":[],"none":[{"id":"focusable-no-name","data":null,"relatedNodes":[],"impact":"serious","message":"Element is not in tab order or has accessible text"}],"impact":null,"html":"<a class=\"nhsuk-pagination__link nhsuk-pagination__link--next\" href=\"/candidate/search/results?keyword=Admin&amp;location=Manchester&amp;distance=5&amp;language=en&amp;page=2\" data-test=\"search-next-page\">","target":[".nhsuk-pagination__link"]},{"any":[{"id":"has-visible-text","data":null,"relatedNodes":[],"impact":"minor","message":"Element has text that is visible to screen readers"}],"all":[],"none":[{"id":"focusable-no-name","data":null,"relatedNodes":[],"impact":"serious","message":"Element is not in tab order or has accessible text"}],"impact":null,"html":"<a class=\"nhsuk-footer__list-item-link\" target=\"_blank\" id=\"privacy\" href=\"/candidate/privacy-policy\">Privacy policy</a>","target":["#privacy"]},{"any":[{"id":"has-visible-text","data":null,"relatedNodes":[],"impact":"minor","message":"Element has text that is visible to screen readers"}],"all":[],"none":[{"id":"focusable-no-name","data":null,"relatedNodes":[],"impact":"serious","message":"Element is not in tab order or has accessible text"}],"impact":null,"html":"<a class=\"nhsuk-footer__list-item-link\" target=\"_blank\" id=\"acceptableUse\" href=\"/candidate/acceptable-use\">Terms and conditions</a>","target":["#acceptableUse"]},{"any":[{"id":"has-visible-text","data":null,"relatedNodes":[],"impact":"minor","message":"Element has text that is visible to screen readers"}],"all":[],"none":[{"id":"focusable-no-name","data":null,"relatedNodes":[],"impact":"serious","message":"Element is not in tab order or has accessible text"}],"impact":null,"html":"<a class=\"nhsuk-footer__list-item-link\" target=\"_blank\" id=\"accessibility\" href=\"https://www.nhsbsa.nhs.uk/our-policies/accessibility/accessibility-statement-nhs-jobs-applicants\">Accessibility Statement</a>","target":["#accessibility"]},{"any":[{"id":"has-visible-text","data":null,"relatedNodes":[],"impact":"minor","message":"Element has text that is visible to screen readers"}],"all":[],"none":[{"id":"focusable-no-name","data":null,"relatedNodes":[],"impact":"serious","message":"Element is not in tab order or has accessible text"}],"impact":null,"html":"<a class=\"nhsuk-footer__list-item-link\" target=\"_blank\" id=\"cookies\" href=\"/candidate/cookies\">Cookies</a>","target":["#cookies"]},{"any":[{"id":"has-visible-text","data":null,"relatedNodes":[],"impact":"minor","message":"Element has text that is visible to screen readers"}],"all":[],"none":[{"id":"focusable-no-name","data":null,"relatedNodes":[],"impact":"serious","message":"Element is not in tab order or has accessible text"}],"impact":null,"html":"<a class=\"nhsuk-footer__list-item-link\" target=\"_blank\" id=\"helpText\" href=\"https://www.nhsbsa.nhs.uk/new-nhs-jobs-service/help-and-support-applicants\">How to apply for jobs</a>","target":["#helpText"]}]},{"id":"list","impact":null,"tags":["cat.structure","wcag2a","wcag131"],"description":"Ensures that lists are structured correctly","help":"<ul> and <ol> must only directly contain <li>, <script> or <template> elements","helpUrl":"https://dequeuniversity.com/rules/axe/4.7/list?application=axeAPI","nodes":[{"any":[],"all":[],"none":[{"id":"only-listitems","data":null,"relatedNodes":[],"impact":"serious","message":"List element only has direct children that are allowed inside <li> elements"}],"impact":null,"html":"<ul class=\"nhsuk-header__navigation-list-right\">","target":[".nhsuk-header__navigation-list-right:nth-child(1)"]},{"any":[],"all":[],"none":[{"id":"only-listitems","data":null,"relatedNodes":[],"impact":"serious","message":"List element only has direct children that are allowed inside <li> elements"}],"impact":null,"html":"<ul class=\"nhsuk-header__navigation-list-right\">","target":[".nhsuk-header__navigation-list-right:nth-child(2)"]},{"any":[],"all":[],"none":[{"id":"only-listitems","data":null,"relatedNodes":[],"impact":"serious","message":"List element only has direct children that are allowed inside <li> elements"}],"impact":null,"html":"<ul class=\"nhsuk-header__navigation-list\">","target":[".nhsuk-header__navigation-list"]},{"any":[],"all":[],"none":[{"id":"only-listitems","data":null,"relatedNodes":[],"impact":"serious","message":"List element only has direct children that are allowed inside <li> elements"}],"impact":null,"html":"<ul class=\"nhsuk-list search-results\">","target":[".search-results"]},{"any":[],"all":[],"none":[{"id":"only-listitems","data":null,"relatedNodes":[],"impact":"serious","message":"List element only has direct children that are allowed inside <li> elements"}],"impact":null,"html":"<ul class=\"ad-job-info nhsuk-list first-ad-job-info\">","target":[".nhsuk-list-panel.search-result.nhsuk-u-padding-3:nth-child(1) > .nhsuk-grid-row:nth-child(3) > .nhsuk-grid-column-one-half:nth-child(1) > .first-ad-job-info.ad-job-info.nhsuk-list"]},{"any":[],"all":[],"none":[{"id":"only-listitems","data":null,"relatedNodes":[],"impact":"serious","message":"List element only has direct children that are allowed inside <li> elements"}],"impact":null,"html":"<ul class=\"ad-job-info nhsuk-list\">","target":[".nhsuk-list-panel.search-result.nhsuk-u-padding-3:nth-child(1) > .nhsuk-grid-row:nth-child(3) > .nhsuk-grid-column-one-half:nth-child(2) > .ad-job-info.nhsuk-list"]},{"any":[],"all":[],"none":[{"id":"only-listitems","data":null,"relatedNodes":[],"impact":"serious","message":"List element only has direct children that are allowed inside <li> elements"}],"impact":null,"html":"<ul class=\"ad-job-info nhsuk-list first-ad-job-info\">","target":[".nhsuk-list-panel.search-result.nhsuk-u-padding-3:nth-child(2) > .nhsuk-grid-row:nth-child(3) > .nhsuk-grid-column-one-half:nth-child(1) > .first-ad-job-info.ad-job-info.nhsuk-list"]},{"any":[],"all":[],"none":[{"id":"only-listitems","data":null,"relatedNodes":[],"impact":"serious","message":"List element only has direct children that are allowed inside <li> elements"}],"impact":null,"html":"<ul class=\"ad-job-info nhsuk-list\">","target":[".nhsuk-list-panel.search-result.nhsuk-u-padding-3:nth-child(2) > .nhsuk-grid-row:nth-child(3) > .nhsuk-grid-column-one-half:nth-child(2) > .ad-job-info.nhsuk-list"]},{"any":[],"all":[],"none":[{"id":"only-listitems","data":null,"relatedNodes":[],"impact":"serious","message":"List element only has direct children that are allowed inside <li> elements"}],"impact":null,"html":"<ul class=\"ad-job-info nhsuk-list first-ad-job-info\">","target":[".nhsuk-list-panel.search-result.nhsuk-u-padding-3:nth-child(3) > .nhsuk-grid-row:nth-child(3) > .nhsuk-grid-column-one-half:nth-child(1) > .first-ad-job-info.ad-job-info.nhsuk-list"]},{"any":[],"all":[],"none":[{"id":"only-listitems","data":null,"relatedNodes":[],"impact":"serious","message":"List element only has direct children that are allowed inside <li> elements"}],"impact":null,"html":"<ul class=\"ad-job-info nhsuk-list\">","target":[".nhsuk-list-panel.search-result.nhsuk-u-padding-3:nth-child(3) > .nhsuk-grid-row:nth-child(3) > .nhsuk-grid-column-one-half:nth-child(2) > .ad-job-info.nhsuk-list"]},{"any":[],"all":[],"none":[{"id":"only-listitems","data":null,"relatedNodes":[],"impact":"serious","message":"List element only has direct children that are allowed inside <li> elements"}],"impact":null,"html":"<ul class=\"ad-job-info nhsuk-list first-ad-job-info\">","target":[".nhsuk-list-panel.search-result.nhsuk-u-padding-3:nth-child(4) > .nhsuk-grid-row:nth-child(3) > .nhsuk-grid-column-one-half:nth-child(1) > .first-ad-job-info.ad-job-info.nhsuk-list"]},{"any":[],"all":[],"none":[{"id":"only-listitems","data":null,"relatedNodes":[],"impact":"serious","message":"List element only has direct children that are allowed inside <li> elements"}],"impact":null,"html":"<ul class=\"ad-job-info nhsuk-list\">","target":[".nhsuk-list-panel.search-result.nhsuk-u-padding-3:nth-child(4) > .nhsuk-grid-row:nth-child(3) > .nhsuk-grid-column-one-half:nth-child(2) > .ad-job-info.nhsuk-list"]},{"any":[],"all":[],"none":[{"id":"only-listitems","data":null,"relatedNodes":[],"impact":"serious","message":"List element only has direct children that are allowed inside <li> elements"}],"impact":null,"html":"<ul class=\"ad-job-info nhsuk-list first-ad-job-info\">","target":[".nhsuk-list-panel.search-result.nhsuk-u-padding-3:nth-child(5) > .nhsuk-grid-row:nth-child(3) > .nhsuk-grid-column-one-half:nth-child(1) > .first-ad-job-info.ad-job-info.nhsuk-list"]},{"any":[],"all":[],"none":[{"id":"only-listitems","data":null,"relatedNodes":[],"impact":"serious","message":"List element only has direct children that are allowed inside <li> elements"}],"impact":null,"html":"<ul class=\"ad-job-info nhsuk-list\">","target":[".nhsuk-list-panel.search-result.nhsuk-u-padding-3:nth-child(5) > .nhsuk-grid-row:nth-child(3) > .nhsuk-grid-column-one-half:nth-child(2) > .ad-job-info.nhsuk-list"]},{"any":[],"all":[],"none":[{"id":"only-listitems","data":null,"relatedNodes":[],"impact":"serious","message":"List element only has direct children that are allowed inside <li> elements"}],"impact":null,"html":"<ul class=\"ad-job-info nhsuk-list first-ad-job-info\">","target":[".nhsuk-list-panel.search-result.nhsuk-u-padding-3:nth-child(6) > .nhsuk-grid-row:nth-child(3) > .nhsuk-grid-column-one-half:nth-child(1) > .first-ad-job-info.ad-job-info.nhsuk-list"]},{"any":[],"all":[],"none":[{"id":"only-listitems","data":null,"relatedNodes":[],"impact":"serious","message":"List element only has direct children that are allowed inside <li> elements"}],"impact":null,"html":"<ul class=\"ad-job-info nhsuk-list\">","target":[".nhsuk-list-panel.search-result.nhsuk-u-padding-3:nth-child(6) > .nhsuk-grid-row:nth-child(3) > .nhsuk-grid-column-one-half:nth-child(2) > .ad-job-info.nhsuk-list"]},{"any":[],"all":[],"none":[{"id":"only-listitems","data":null,"relatedNodes":[],"impact":"serious","message":"List element only has direct children that are allowed inside <li> elements"}],"impact":null,"html":"<ul class=\"ad-job-info nhsuk-list first-ad-job-info\">","target":[".nhsuk-list-panel.search-result.nhsuk-u-padding-3:nth-child(7) > .nhsuk-grid-row:nth-child(3) > .nhsuk-grid-column-one-half:nth-child(1) > .first-ad-job-info.ad-job-info.nhsuk-list"]},{"any":[],"all":[],"none":[{"id":"only-listitems","data":null,"relatedNodes":[],"impact":"serious","message":"List element only has direct children that are allowed inside <li> elements"}],"impact":null,"html":"<ul class=\"ad-job-info nhsuk-list\">","target":[".nhsuk-list-panel.search-result.nhsuk-u-padding-3:nth-child(7) > .nhsuk-grid-row:nth-child(3) > .nhsuk-grid-column-one-half:nth-child(2) > .ad-job-info.nhsuk-list"]},{"any":[],"all":[],"none":[{"id":"only-listitems","data":null,"relatedNodes":[],"impact":"serious","message":"List element only has direct children that are allowed inside <li> elements"}],"impact":null,"html":"<ul class=\"ad-job-info nhsuk-list first-ad-job-info\">","target":[".nhsuk-list-panel.search-result.nhsuk-u-padding-3:nth-child(8) > .nhsuk-grid-row:nth-child(3) > .nhsuk-grid-column-one-half:nth-child(1) > .first-ad-job-info.ad-job-info.nhsuk-list"]},{"any":[],"all":[],"none":[{"id":"only-listitems","data":null,"relatedNodes":[],"impact":"serious","message":"List element only has direct children that are allowed inside <li> elements"}],"impact":null,"html":"<ul class=\"ad-job-info nhsuk-list\">","target":[".nhsuk-list-panel.search-result.nhsuk-u-padding-3:nth-child(8) > .nhsuk-grid-row:nth-child(3) > .nhsuk-grid-column-one-half:nth-child(2) > .ad-job-info.nhsuk-list"]},{"any":[],"all":[],"none":[{"id":"only-listitems","data":null,"relatedNodes":[],"impact":"serious","message":"List element only has direct children that are allowed inside <li> elements"}],"impact":null,"html":"<ul class=\"ad-job-info nhsuk-list first-ad-job-info\">","target":[".nhsuk-list-panel.search-result.nhsuk-u-padding-3:nth-child(9) > .nhsuk-grid-row:nth-child(3) > .nhsuk-grid-column-one-half:nth-child(1) > .first-ad-job-info.ad-job-info.nhsuk-list"]},{"any":[],"all":[],"none":[{"id":"only-listitems","data":null,"relatedNodes":[],"impact":"serious","message":"List element only has direct children that are allowed inside <li> elements"}],"impact":null,"html":"<ul class=\"ad-job-info nhsuk-list\">","target":[".nhsuk-list-panel.search-result.nhsuk-u-padding-3:nth-child(9) > .nhsuk-grid-row:nth-child(3) > .nhsuk-grid-column-one-half:nth-child(2) > .ad-job-info.nhsuk-list"]},{"any":[],"all":[],"none":[{"id":"only-listitems","data":null,"relatedNodes":[],"impact":"serious","message":"List element only has direct children that are allowed inside <li> elements"}],"impact":null,"html":"<ul class=\"ad-job-info nhsuk-list first-ad-job-info\">","target":[".nhsuk-list-panel.search-result.nhsuk-u-padding-3:nth-child(10) > .nhsuk-grid-row:nth-child(3) > .nhsuk-grid-column-one-half:nth-child(1) > .first-ad-job-info.ad-job-info.nhsuk-list"]},{"any":[],"all":[],"none":[{"id":"only-listitems","data":null,"relatedNodes":[],"impact":"serious","message":"List element only has direct children that are allowed inside <li> elements"}],"impact":null,"html":"<ul class=\"ad-job-info nhsuk-list\">","target":[".nhsuk-list-panel.search-result.nhsuk-u-padding-3:nth-child(10) > .nhsuk-grid-row:nth-child(3) > .nhsuk-grid-column-one-half:nth-child(2) > .ad-job-info.nhsuk-list"]},{"any":[],"all":[],"none":[{"id":"only-listitems","data":null,"relatedNodes":[],"impact":"serious","message":"List element only has direct children that are allowed inside <li> elements"}],"impact":null,"html":"<ul class=\"nhsuk-list nhsuk-pagination__list\">","target":[".nhsuk-pagination__list"]},{"any":[],"all":[],"none":[{"id":"only-listitems","data":null,"relatedNodes":[],"impact":"serious","message":"List element only has direct children that are allowed inside <li> elements"}],"impact":null,"html":"<ul class=\"nhsuk-footer__list adjust-width\">","target":[".nhsuk-footer__list"]}]},{"id":"listitem","impact":null,"tags":["cat.structure","wcag2a","wcag131"],"description":"Ensures <li> elements are used semantically","help":"<li> elements must be contained in a <ul> or <ol>","helpUrl":"https://dequeuniversity.com/rules/axe/4.7/listitem?application=axeAPI","nodes":[{"any":[{"id":"listitem","data":null,"relatedNodes":[],"impact":"serious","message":"List item has a <ul>, <ol> or role=\"list\" parent element"}],"all":[],"none":[],"impact":null,"html":"<li class=\"gem-c-translation-nav__list-item\">\n      <a class=\"sign-in-link\" id=\"candidate_sign_in\" href=\"/candidate/auth/login\">\n        Sign in\n      </a>\n    </li>","target":[".nhsuk-header__navigation-list-right:nth-child(1) > .gem-c-translation-nav__list-item"]},{"any":[{"id":"listitem","data":null,"relatedNodes":[],"impact":"serious","message":"List item has a <ul>, <ol> or role=\"list\" parent element"}],"all":[],"none":[],"impact":null,"html":"<li class=\"gem-c-translation-nav__list-item-none-border\">\n      <a href=\"/candidate/auth/register/first-last-name\" class=\"sign-in-link\" data-test=\"header-create-account\">Create an account</a>\n    </li>","target":[".nhsuk-header__navigation-list-right:nth-child(1) > .gem-c-translation-nav__list-item-none-border"]},{"any":[{"id":"listitem","data":null,"relatedNodes":[],"impact":"serious","message":"List item has a <ul>, <ol> or role=\"list\" parent element"}],"all":[],"none":[],"impact":null,"html":"<li class=\"gem-c-translation-nav__list-item\">\n      <a lang=\"en\" href=\"/candidate/search/locale/en\" class=\"language-toggle-selected\" data-test=\"english-language-link\">English</a>\n    </li>","target":[".nhsuk-header__navigation-list-right:nth-child(2) > .gem-c-translation-nav__list-item"]},{"any":[{"id":"listitem","data":null,"relatedNodes":[],"impact":"serious","message":"List item has a <ul>, <ol> or role=\"list\" parent element"}],"all":[],"none":[],"impact":null,"html":"<li class=\"gem-c-translation-nav__list-item-none-border\">\n      <a lang=\"cy\" href=\"/candidate/search/locale/cy\" class=\"language-toggle\" data-test=\"welsh-language-link\">Cymraeg</a>\n    </li>","target":[".nhsuk-header__navigation-list-right:nth-child(2) > .gem-c-translation-nav__list-item-none-border"]},{"any":[{"id":"listitem","data":null,"relatedNodes":[],"impact":"serious","message":"List item has a <ul>, <ol> or role=\"list\" parent element"}],"all":[],"none":[],"impact":null,"html":"<li class=\"nhsuk-header__navigation-item\">","target":[".nhsuk-header__navigation-item:nth-child(2)"]},{"any":[{"id":"listitem","data":null,"relatedNodes":[],"impact":"serious","message":"List item has a <ul>, <ol> or role=\"list\" parent element"}],"all":[],"none":[],"impact":null,"html":"<li class=\"nhsuk-list-panel search-result nhsuk-u-padding-3\" data-test=\"search-result\">","target":[".nhsuk-list-panel.search-result.nhsuk-u-padding-3:nth-child(1)"]},{"any":[{"id":"listitem","data":null,"relatedNodes":[],"impact":"serious","message":"List item has a <ul>, <ol> or role=\"list\" parent element"}],"all":[],"none":[],"impact":null,"html":"<li data-test=\"search-result-salary\" class=\"marginBt\">\n                Salary: \n                <strong class=\"nhsuk-u-font-weight-bold\">\n                  Depends on experience\n                </strong>\n              </li>","target":[".nhsuk-list-panel.search-result.nhsuk-u-padding-3:nth-child(1) > .nhsuk-grid-row:nth-child(3) > .nhsuk-grid-column-one-half:nth-child(1) > .first-ad-job-info.ad-job-info.nhsuk-list > .marginBt[data-test=\"search-result-salary\"]"]},{"any":[{"id":"listitem","data":null,"relatedNodes":[],"impact":"serious","message":"List item has a <ul>, <ol> or role=\"list\" parent element"}],"all":[],"none":[],"impact":null,"html":"<li data-test=\"search-result-distance\" class=\"marginBt\">\n                Distance: \n                <strong class=\"nhsuk-u-font-weight-bold\">\n                  0.9 miles\n                </strong>\n              </li>","target":[".nhsuk-list-panel.search-result.nhsuk-u-padding-3:nth-child(1) > .nhsuk-grid-row:nth-child(3) > .nhsuk-grid-column-one-half:nth-child(1) > .first-ad-job-info.ad-job-info.nhsuk-list > .marginBt[data-test=\"search-result-distance\"]"]},{"any":[{"id":"listitem","data":null,"relatedNodes":[],"impact":"serious","message":"List item has a <ul>, <ol> or role=\"list\" parent element"}],"all":[],"none":[],"impact":null,"html":"<li data-test=\"search-result-publicationDate\">\n                Date posted: \n                <strong class=\"nhsuk-u-font-weight-bold\">\n                  20 June 2025\n                </strong>\n              </li>","target":[".nhsuk-list-panel.search-result.nhsuk-u-padding-3:nth-child(1) > .nhsuk-grid-row:nth-child(3) > .nhsuk-grid-column-one-half:nth-child(1) > .first-ad-job-info.ad-job-info.nhsuk-list > li[data-test=\"search-result-publicationDate\"]"]},{"any":[{"id":"listitem","data":null,"relatedNodes":[],"impact":"serious","message":"List item has a <ul>, <ol> or role=\"list\" parent element"}],"all":[],"none":[],"impact":null,"html":"<li data-test=\"search-result-jobType\" class=\"marginBt\">\n              Contract type: \n              <strong class=\"nhsuk-u-font-weight-bold\">\n                Permanent\n              </strong>\n            </li>","target":[".nhsuk-list-panel.search-result.nhsuk-u-padding-3:nth-child(1) > .nhsuk-grid-row:nth-child(3) > .nhsuk-grid-column-one-half:nth-child(2) > .ad-job-info.nhsuk-list > .marginBt[data-test=\"search-result-jobType\"]"]},{"any":[{"id":"listitem","data":null,"relatedNodes":[],"impact":"serious","message":"List item has a <ul>, <ol> or role=\"list\" parent element"}],"all":[],"none":[],"impact":null,"html":"<li data-test=\"search-result-workingPattern\" class=\"marginBt\">\n              Working pattern: \n              <strong class=\"nhsuk-u-font-weight-bold\">\n                Full time\n              </strong>\n            </li>","target":[".nhsuk-list-panel.search-result.nhsuk-u-padding-3:nth-child(1) > .nhsuk-grid-row:nth-child(3) > .nhsuk-grid-column-one-half:nth-child(2) > .ad-job-info.nhsuk-list > .marginBt[data-test=\"search-result-workingPattern\"]"]},{"any":[{"id":"listitem","data":null,"relatedNodes":[],"impact":"serious","message":"List item has a <ul>, <ol> or role=\"list\" parent element"}],"all":[],"none":[],"impact":null,"html":"<li data-test=\"search-result-closingDate\">\n                Closing date: \n                <strong class=\"nhsuk-u-font-weight-bold\">\n                  30 June 2025\n                </strong>\n              </li>","target":[".nhsuk-list-panel.search-result.nhsuk-u-padding-3:nth-child(1) > .nhsuk-grid-row:nth-child(3) > .nhsuk-grid-column-one-half:nth-child(2) > .ad-job-info.nhsuk-list > li[data-test=\"search-result-closingDate\"]"]},{"any":[{"id":"listitem","data":null,"relatedNodes":[],"impact":"serious","message":"List item has a <ul>, <ol> or role=\"list\" parent element"}],"all":[],"none":[],"impact":null,"html":"<li class=\"nhsuk-list-panel search-result nhsuk-u-padding-3\" data-test=\"search-result\">","target":[".nhsuk-list-panel.search-result.nhsuk-u-padding-3:nth-child(2)"]},{"any":[{"id":"listitem","data":null,"relatedNodes":[],"impact":"serious","message":"List item has a <ul>, <ol> or role=\"list\" parent element"}],"all":[],"none":[],"impact":null,"html":"<li data-test=\"search-result-salary\" class=\"marginBt\">\n                Salary: \n                <strong class=\"nhsuk-u-font-weight-bold\">\n                  £24,169\n                  \n                    a year\n                  \n                </strong>\n              </li>","target":[".nhsuk-list-panel.search-result.nhsuk-u-padding-3:nth-child(2) > .nhsuk-grid-row:nth-child(3) > .nhsuk-grid-column-one-half:nth-child(1) > .first-ad-job-info.ad-job-info.nhsuk-list > .marginBt[data-test=\"search-result-salary\"]"]},{"any":[{"id":"listitem","data":null,"relatedNodes":[],"impact":"serious","message":"List item has a <ul>, <ol> or role=\"list\" parent element"}],"all":[],"none":[],"impact":null,"html":"<li data-test=\"search-result-distance\" class=\"marginBt\">\n                Distance: \n                <strong class=\"nhsuk-u-font-weight-bold\">\n                  3.1 miles\n                </strong>\n              </li>","target":[".nhsuk-list-panel.search-result.nhsuk-u-padding-3:nth-child(2) > .nhsuk-grid-row:nth-child(3) > .nhsuk-grid-column-one-half:nth-child(1) > .first-ad-job-info.ad-job-info.nhsuk-list > .marginBt[data-test=\"search-result-distance\"]"]},{"any":[{"id":"listitem","data":null,"relatedNodes":[],"impact":"serious","message":"List item has a <ul>, <ol> or role=\"list\" parent element"}],"all":[],"none":[],"impact":null,"html":"<li data-test=\"search-result-publicationDate\">\n                Date posted: \n                <strong class=\"nhsuk-u-font-weight-bold\">\n                  17 June 2025\n                </strong>\n              </li>","target":[".nhsuk-list-panel.search-result.nhsuk-u-padding-3:nth-child(2) > .nhsuk-grid-row:nth-child(3) > .nhsuk-grid-column-one-half:nth-child(1) > .first-ad-job-info.ad-job-info.nhsuk-list > li[data-test=\"search-result-publicationDate\"]"]},{"any":[{"id":"listitem","data":null,"relatedNodes":[],"impact":"serious","message":"List item has a <ul>, <ol> or role=\"list\" parent element"}],"all":[],"none":[],"impact":null,"html":"<li data-test=\"search-result-jobType\" class=\"marginBt\">\n              Contract type: \n              <strong class=\"nhsuk-u-font-weight-bold\">\n                Permanent\n              </strong>\n            </li>","target":[".nhsuk-list-panel.search-result.nhsuk-u-padding-3:nth-child(2) > .nhsuk-grid-row:nth-child(3) > .nhsuk-grid-column-one-half:nth-child(2) > .ad-job-info.nhsuk-list > .marginBt[data-test=\"search-result-jobType\"]"]},{"any":[{"id":"listitem","data":null,"relatedNodes":[],"impact":"serious","message":"List item has a <ul>, <ol> or role=\"list\" parent element"}],"all":[],"none":[],"impact":null,"html":"<li data-test=\"search-result-workingPattern\" class=\"marginBt\">\n              Working pattern: \n              <strong class=\"nhsuk-u-font-weight-bold\">\n                Part time\n              </strong>\n            </li>","target":[".nhsuk-list-panel.search-result.nhsuk-u-padding-3:nth-child(2) > .nhsuk-grid-row:nth-child(3) > .nhsuk-grid-column-one-half:nth-child(2) > .ad-job-info.nhsuk-list > .marginBt[data-test=\"search-result-workingPattern\"]"]},{"any":[{"id":"listitem","data":null,"relatedNodes":[],"impact":"serious","message":"List item has a <ul>, <ol> or role=\"list\" parent element"}],"all":[],"none":[],"impact":null,"html":"<li data-test=\"search-result-closingDate\">\n                Closing date: \n                <strong class=\"nhsuk-u-font-weight-bold\">\n                  1 July 2025\n                </strong>\n              </li>","target":[".nhsuk-list-panel.search-result.nhsuk-u-padding-3:nth-child(2) > .nhsuk-grid-row:nth-child(3) > .nhsuk-grid-column-one-half:nth-child(2) > .ad-job-info.nhsuk-list > li[data-test=\"search-result-closingDate\"]"]},{"any":[{"id":"listitem","data":null,"relatedNodes":[],"impact":"serious","message":"List item has a <ul>, <ol> or role=\"list\" parent element"}],"all":[],"none":[],"impact":null,"html":"<li class=\"nhsuk-list-panel search-result nhsuk-u-padding-3\" data-test=\"search-result\">","target":[".nhsuk-list-panel.search-result.nhsuk-u-padding-3:nth-child(3)"]},{"any":[{"id":"listitem","data":null,"relatedNodes":[],"impact":"serious","message":"List item has a <ul>, <ol> or role=\"list\" parent element"}],"all":[],"none":[],"impact":null,"html":"<li data-test=\"search-result-salary\" class=\"marginBt\">\n                Salary: \n                <strong class=\"nhsuk-u-font-weight-bold\">\n                  Depends on experience\n                </strong>\n              </li>","target":[".nhsuk-list-panel.search-result.nhsuk-u-padding-3:nth-child(3) > .nhsuk-grid-row:nth-child(3) > .nhsuk-grid-column-one-half:nth-child(1) > .first-ad-job-info.ad-job-info.nhsuk-list > .marginBt[data-test=\"search-result-salary\"]"]},{"any":[{"id":"listitem","data":null,"relatedNodes":[],"impact":"serious","message":"List item has a <ul>, <ol> or role=\"list\" parent element"}],"all":[],"none":[],"impact":null,"html":"<li data-test=\"search-result-distance\" class=\"marginBt\">\n                Distance: \n                <strong class=\"nhsuk-u-font-weight-bold\">\n                  3.7 miles\n                </strong>\n              </li>","target":[".nhsuk-list-panel.search-result.nhsuk-u-padding-3:nth-child(3) > .nhsuk-grid-row:nth-child(3) > .nhsuk-grid-column-one-half:nth-child(1) > .first-ad-job-info.ad-job-info.nhsuk-list > .marginBt[data-test=\"search-result-distance\"]"]},{"any":[{"id":"listitem","data":null,"relatedNodes":[],"impact":"serious","message":"List item has a <ul>, <ol> or role=\"list\" parent element"}],"all":[],"none":[],"impact":null,"html":"<li data-test=\"search-result-publicationDate\">\n                Date posted: \n                <strong class=\"nhsuk-u-font-weight-bold\">\n                  6 June 2025\n                </strong>\n              </li>","target":[".nhsuk-list-panel.search-result.nhsuk-u-padding-3:nth-child(3) > .nhsuk-grid-row:nth-child(3) > .nhsuk-grid-column-one-half:nth-child(1) > .first-ad-job-info.ad-job-info.nhsuk-list > li[data-test=\"search-result-publicationDate\"]"]},{"any":[{"id":"listitem","data":null,"relatedNodes":[],"impact":"serious","message":"List item has a <ul>, <ol> or role=\"list\" parent element"}],"all":[],"none":[],"impact":null,"html":"<li data-test=\"search-result-jobType\" class=\"marginBt\">\n              Contract type: \n              <strong class=\"nhsuk-u-font-weight-bold\">\n                Permanent\n              </strong>\n            </li>","target":[".nhsuk-list-panel.search-result.nhsuk-u-padding-3:nth-child(3) > .nhsuk-grid-row:nth-child(3) > .nhsuk-grid-column-one-half:nth-child(2) > .ad-job-info.nhsuk-list > .marginBt[data-test=\"search-result-jobType\"]"]},{"any":[{"id":"listitem","data":null,"relatedNodes":[],"impact":"serious","message":"List item has a <ul>, <ol> or role=\"list\" parent element"}],"all":[],"none":[],"impact":null,"html":"<li data-test=\"search-result-workingPattern\" class=\"marginBt\">\n              Working pattern: \n              <strong class=\"nhsuk-u-font-weight-bold\">\n                Full time, Part time\n              </strong>\n            </li>","target":[".nhsuk-list-panel.search-result.nhsuk-u-padding-3:nth-child(3) > .nhsuk-grid-row:nth-child(3) > .nhsuk-grid-column-one-half:nth-child(2) > .ad-job-info.nhsuk-list > .marginBt[data-test=\"search-result-workingPattern\"]"]},{"any":[{"id":"listitem","data":null,"relatedNodes":[],"impact":"serious","message":"List item has a <ul>, <ol> or role=\"list\" parent element"}],"all":[],"none":[],"impact":null,"html":"<li data-test=\"search-result-closingDate\">\n                Closing date: \n                <strong class=\"nhsuk-u-font-weight-bold\">\n                  15 July 2025\n                </strong>\n              </li>","target":[".nhsuk-list-panel.search-result.nhsuk-u-padding-3:nth-child(3) > .nhsuk-grid-row:nth-child(3) > .nhsuk-grid-column-one-half:nth-child(2) > .ad-job-info.nhsuk-list > li[data-test=\"search-result-closingDate\"]"]},{"any":[{"id":"listitem","data":null,"relatedNodes":[],"impact":"serious","message":"List item has a <ul>, <ol> or role=\"list\" parent element"}],"all":[],"none":[],"impact":null,"html":"<li class=\"nhsuk-list-panel search-result nhsuk-u-padding-3\" data-test=\"search-result\">","target":[".nhsuk-list-panel.search-result.nhsuk-u-padding-3:nth-child(4)"]},{"any":[{"id":"listitem","data":null,"relatedNodes":[],"impact":"serious","message":"List item has a <ul>, <ol> or role=\"list\" parent element"}],"all":[],"none":[],"impact":null,"html":"<li data-test=\"search-result-salary\" class=\"marginBt\">\n                Salary: \n                <strong class=\"nhsuk-u-font-weight-bold\">\n                  £26,530 to £29,114\n                  \n                    a year\n                  \n                </strong>\n              </li>","target":[".nhsuk-list-panel.search-result.nhsuk-u-padding-3:nth-child(4) > .nhsuk-grid-row:nth-child(3) > .nhsuk-grid-column-one-half:nth-child(1) > .first-ad-job-info.ad-job-info.nhsuk-list > .marginBt[data-test=\"search-result-salary\"]"]},{"any":[{"id":"listitem","data":null,"relatedNodes":[],"impact":"serious","message":"List item has a <ul>, <ol> or role=\"list\" parent element"}],"all":[],"none":[],"impact":null,"html":"<li data-test=\"search-result-distance\" class=\"marginBt\">\n                Distance: \n                <strong class=\"nhsuk-u-font-weight-bold\">\n                  1.3 miles\n                </strong>\n              </li>","target":[".nhsuk-list-panel.search-result.nhsuk-u-padding-3:nth-child(4) > .nhsuk-grid-row:nth-child(3) > .nhsuk-grid-column-one-half:nth-child(1) > .first-ad-job-info.ad-job-info.nhsuk-list > .marginBt[data-test=\"search-result-distance\"]"]},{"any":[{"id":"listitem","data":null,"relatedNodes":[],"impact":"serious","message":"List item has a <ul>, <ol> or role=\"list\" parent element"}],"all":[],"none":[],"impact":null,"html":"<li data-test=\"search-result-publicationDate\">\n                Date posted: \n                <strong class=\"nhsuk-u-font-weight-bold\">\n                  23 June 2025\n                </strong>\n              </li>","target":[".nhsuk-list-panel.search-result.nhsuk-u-padding-3:nth-child(4) > .nhsuk-grid-row:nth-child(3) > .nhsuk-grid-column-one-half:nth-child(1) > .first-ad-job-info.ad-job-info.nhsuk-list > li[data-test=\"search-result-publicationDate\"]"]},{"any":[{"id":"listitem","data":null,"relatedNodes":[],"impact":"serious","message":"List item has a <ul>, <ol> or role=\"list\" parent element"}],"all":[],"none":[],"impact":null,"html":"<li data-test=\"search-result-jobType\" class=\"marginBt\">\n              Contract type: \n              <strong class=\"nhsuk-u-font-weight-bold\">\n                Permanent\n              </strong>\n            </li>","target":[".nhsuk-list-panel.search-result.nhsuk-u-padding-3:nth-child(4) > .nhsuk-grid-row:nth-child(3) > .nhsuk-grid-column-one-half:nth-child(2) > .ad-job-info.nhsuk-list > .marginBt[data-test=\"search-result-jobType\"]"]},{"any":[{"id":"listitem","data":null,"relatedNodes":[],"impact":"serious","message":"List item has a <ul>, <ol> or role=\"list\" parent element"}],"all":[],"none":[],"impact":null,"html":"<li data-test=\"search-result-workingPattern\" class=\"marginBt\">\n              Working pattern: \n              <strong class=\"nhsuk-u-font-weight-bold\">\n                Full time\n              </strong>\n            </li>","target":[".nhsuk-list-panel.search-result.nhsuk-u-padding-3:nth-child(4) > .nhsuk-grid-row:nth-child(3) > .nhsuk-grid-column-one-half:nth-child(2) > .ad-job-info.nhsuk-list > .marginBt[data-test=\"search-result-workingPattern\"]"]},{"any":[{"id":"listitem","data":null,"relatedNodes":[],"impact":"serious","message":"List item has a <ul>, <ol> or role=\"list\" parent element"}],"all":[],"none":[],"impact":null,"html":"<li data-test=\"search-result-closingDate\">\n                Closing date: \n                <strong class=\"nhsuk-u-font-weight-bold\">\n                  7 July 2025\n                </strong>\n              </li>","target":[".nhsuk-list-panel.search-result.nhsuk-u-padding-3:nth-child(4) > .nhsuk-grid-row:nth-child(3) > .nhsuk-grid-column-one-half:nth-child(2) > .ad-job-info.nhsuk-list > li[data-test=\"search-result-closingDate\"]"]},{"any":[{"id":"listitem","data":null,"relatedNodes":[],"impact":"serious","message":"List item has a <ul>, <ol> or role=\"list\" parent element"}],"all":[],"none":[],"impact":null,"html":"<li class=\"nhsuk-list-panel search-result nhsuk-u-padding-3\" data-test=\"search-result\">","target":[".nhsuk-list-panel.search-result.nhsuk-u-padding-3:nth-child(5)"]},{"any":[{"id":"listitem","data":null,"relatedNodes":[],"impact":"serious","message":"List item has a <ul>, <ol> or role=\"list\" parent element"}],"all":[],"none":[],"impact":null,"html":"<li data-test=\"search-result-salary\" class=\"marginBt\">\n                Salary: \n                <strong class=\"nhsuk-u-font-weight-bold\">\n                  £24,625 to £25,674\n                  \n                    a year\n                  \n                </strong>\n              </li>","target":[".nhsuk-list-panel.search-result.nhsuk-u-padding-3:nth-child(5) > .nhsuk-grid-row:nth-child(3) > .nhsuk-grid-column-one-half:nth-child(1) > .first-ad-job-info.ad-job-info.nhsuk-list > .marginBt[data-test=\"search-result-salary\"]"]},{"any":[{"id":"listitem","data":null,"relatedNodes":[],"impact":"serious","message":"List item has a <ul>, <ol> or role=\"list\" parent element"}],"all":[],"none":[],"impact":null,"html":"<li data-test=\"search-result-distance\" class=\"marginBt\">\n                Distance: \n                <strong class=\"nhsuk-u-font-weight-bold\">\n                  1.2 miles\n                </strong>\n              </li>","target":[".nhsuk-list-panel.search-result.nhsuk-u-padding-3:nth-child(5) > .nhsuk-grid-row:nth-child(3) > .nhsuk-grid-column-one-half:nth-child(1) > .first-ad-job-info.ad-job-info.nhsuk-list > .marginBt[data-test=\"search-result-distance\"]"]},{"any":[{"id":"listitem","data":null,"relatedNodes":[],"impact":"serious","message":"List item has a <ul>, <ol> or role=\"list\" parent element"}],"all":[],"none":[],"impact":null,"html":"<li data-test=\"search-result-publicationDate\">\n                Date posted: \n                <strong class=\"nhsuk-u-font-weight-bold\">\n                  24 June 2025\n                </strong>\n              </li>","target":[".nhsuk-list-panel.search-result.nhsuk-u-padding-3:nth-child(5) > .nhsuk-grid-row:nth-child(3) > .nhsuk-grid-column-one-half:nth-child(1) > .first-ad-job-info.ad-job-info.nhsuk-list > li[data-test=\"search-result-publicationDate\"]"]},{"any":[{"id":"listitem","data":null,"relatedNodes":[],"impact":"serious","message":"List item has a <ul>, <ol> or role=\"list\" parent element"}],"all":[],"none":[],"impact":null,"html":"<li data-test=\"search-result-jobType\" class=\"marginBt\">\n              Contract type: \n              <strong class=\"nhsuk-u-font-weight-bold\">\n                Permanent\n              </strong>\n            </li>","target":[".nhsuk-list-panel.search-result.nhsuk-u-padding-3:nth-child(5) > .nhsuk-grid-row:nth-child(3) > .nhsuk-grid-column-one-half:nth-child(2) > .ad-job-info.nhsuk-list > .marginBt[data-test=\"search-result-jobType\"]"]},{"any":[{"id":"listitem","data":null,"relatedNodes":[],"impact":"serious","message":"List item has a <ul>, <ol> or role=\"list\" parent element"}],"all":[],"none":[],"impact":null,"html":"<li data-test=\"search-result-workingPattern\" class=\"marginBt\">\n              Working pattern: \n              <strong class=\"nhsuk-u-font-weight-bold\">\n                Part time\n              </strong>\n            </li>","target":[".nhsuk-list-panel.search-result.nhsuk-u-padding-3:nth-child(5) > .nhsuk-grid-row:nth-child(3) > .nhsuk-grid-column-one-half:nth-child(2) > .ad-job-info.nhsuk-list > .marginBt[data-test=\"search-result-workingPattern\"]"]},{"any":[{"id":"listitem","data":null,"relatedNodes":[],"impact":"serious","message":"List item has a <ul>, <ol> or role=\"list\" parent element"}],"all":[],"none":[],"impact":null,"html":"<li data-test=\"search-result-closingDate\">\n                Closing date: \n                <strong class=\"nhsuk-u-font-weight-bold\">\n                  8 July 2025\n                </strong>\n              </li>","target":[".nhsuk-list-panel.search-result.nhsuk-u-padding-3:nth-child(5) > .nhsuk-grid-row:nth-child(3) > .nhsuk-grid-column-one-half:nth-child(2) > .ad-job-info.nhsuk-list > li[data-test=\"search-result-closingDate\"]"]},{"any":[{"id":"listitem","data":null,"relatedNodes":[],"impact":"serious","message":"List item has a <ul>, <ol> or role=\"list\" parent element"}],"all":[],"none":[],"impact":null,"html":"<li class=\"nhsuk-list-panel search-result nhsuk-u-padding-3\" data-test=\"search-result\">","target":[".nhsuk-list-panel.search-result.nhsuk-u-padding-3:nth-child(6)"]},{"any":[{"id":"listitem","data":null,"relatedNodes":[],"impact":"serious","message":"List item has a <ul>, <ol> or role=\"list\" parent element"}],"all":[],"none":[],"impact":null,"html":"<li data-test=\"search-result-salary\" class=\"marginBt\">\n                Salary: \n                <strong class=\"nhsuk-u-font-weight-bold\">\n                  £105,504 to £139,882\n                  \n                    a year\n                  \n                </strong>\n              </li>","target":[".nhsuk-list-panel.search-result.nhsuk-u-padding-3:nth-child(6) > .nhsuk-grid-row:nth-child(3) > .nhsuk-grid-column-one-half:nth-child(1) > .first-ad-job-info.ad-job-info.nhsuk-list > .marginBt[data-test=\"search-result-salary\"]"]},{"any":[{"id":"listitem","data":null,"relatedNodes":[],"impact":"serious","message":"List item has a <ul>, <ol> or role=\"list\" parent element"}],"all":[],"none":[],"impact":null,"html":"<li data-test=\"search-result-distance\" class=\"marginBt\">\n                Distance: \n                <strong class=\"nhsuk-u-font-weight-bold\">\n                  3.8 miles\n                </strong>\n              </li>","target":[".nhsuk-list-panel.search-result.nhsuk-u-padding-3:nth-child(6) > .nhsuk-grid-row:nth-child(3) > .nhsuk-grid-column-one-half:nth-child(1) > .first-ad-job-info.ad-job-info.nhsuk-list > .marginBt[data-test=\"search-result-distance\"]"]},{"any":[{"id":"listitem","data":null,"relatedNodes":[],"impact":"serious","message":"List item has a <ul>, <ol> or role=\"list\" parent element"}],"all":[],"none":[],"impact":null,"html":"<li data-test=\"search-result-publicationDate\">\n                Date posted: \n                <strong class=\"nhsuk-u-font-weight-bold\">\n                  20 June 2025\n                </strong>\n              </li>","target":[".nhsuk-list-panel.search-result.nhsuk-u-padding-3:nth-child(6) > .nhsuk-grid-row:nth-child(3) > .nhsuk-grid-column-one-half:nth-child(1) > .first-ad-job-info.ad-job-info.nhsuk-list > li[data-test=\"search-result-publicationDate\"]"]},{"any":[{"id":"listitem","data":null,"relatedNodes":[],"impact":"serious","message":"List item has a <ul>, <ol> or role=\"list\" parent element"}],"all":[],"none":[],"impact":null,"html":"<li data-test=\"search-result-jobType\" class=\"marginBt\">\n              Contract type: \n              <strong class=\"nhsuk-u-font-weight-bold\">\n                Fixed-Term\n              </strong>\n            </li>","target":[".nhsuk-list-panel.search-result.nhsuk-u-padding-3:nth-child(6) > .nhsuk-grid-row:nth-child(3) > .nhsuk-grid-column-one-half:nth-child(2) > .ad-job-info.nhsuk-list > .marginBt[data-test=\"search-result-jobType\"]"]},{"any":[{"id":"listitem","data":null,"relatedNodes":[],"impact":"serious","message":"List item has a <ul>, <ol> or role=\"list\" parent element"}],"all":[],"none":[],"impact":null,"html":"<li data-test=\"search-result-workingPattern\" class=\"marginBt\">\n              Working pattern: \n              <strong class=\"nhsuk-u-font-weight-bold\">\n                Full time\n              </strong>\n            </li>","target":[".nhsuk-list-panel.search-result.nhsuk-u-padding-3:nth-child(6) > .nhsuk-grid-row:nth-child(3) > .nhsuk-grid-column-one-half:nth-child(2) > .ad-job-info.nhsuk-list > .marginBt[data-test=\"search-result-workingPattern\"]"]},{"any":[{"id":"listitem","data":null,"relatedNodes":[],"impact":"serious","message":"List item has a <ul>, <ol> or role=\"list\" parent element"}],"all":[],"none":[],"impact":null,"html":"<li data-test=\"search-result-closingDate\">\n                Closing date: \n                <strong class=\"nhsuk-u-font-weight-bold\">\n                  4 July 2025\n                </strong>\n              </li>","target":[".nhsuk-list-panel.search-result.nhsuk-u-padding-3:nth-child(6) > .nhsuk-grid-row:nth-child(3) > .nhsuk-grid-column-one-half:nth-child(2) > .ad-job-info.nhsuk-list > li[data-test=\"search-result-closingDate\"]"]},{"any":[{"id":"listitem","data":null,"relatedNodes":[],"impact":"serious","message":"List item has a <ul>, <ol> or role=\"list\" parent element"}],"all":[],"none":[],"impact":null,"html":"<li class=\"nhsuk-list-panel search-result nhsuk-u-padding-3\" data-test=\"search-result\">","target":[".nhsuk-list-panel.search-result.nhsuk-u-padding-3:nth-child(7)"]},{"any":[{"id":"listitem","data":null,"relatedNodes":[],"impact":"serious","message":"List item has a <ul>, <ol> or role=\"list\" parent element"}],"all":[],"none":[],"impact":null,"html":"<li data-test=\"search-result-salary\" class=\"marginBt\">\n                Salary: \n                <strong class=\"nhsuk-u-font-weight-bold\">\n                  Depends on experience\n                </strong>\n              </li>","target":[".nhsuk-list-panel.search-result.nhsuk-u-padding-3:nth-child(7) > .nhsuk-grid-row:nth-child(3) > .nhsuk-grid-column-one-half:nth-child(1) > .first-ad-job-info.ad-job-info.nhsuk-list > .marginBt[data-test=\"search-result-salary\"]"]},{"any":[{"id":"listitem","data":null,"relatedNodes":[],"impact":"serious","message":"List item has a <ul>, <ol> or role=\"list\" parent element"}],"all":[],"none":[],"impact":null,"html":"<li data-test=\"search-result-distance\" class=\"marginBt\">\n                Distance: \n                <strong class=\"nhsuk-u-font-weight-bold\">\n                  1.5 miles\n                </strong>\n              </li>","target":[".nhsuk-list-panel.search-result.nhsuk-u-padding-3:nth-child(7) > .nhsuk-grid-row:nth-child(3) > .nhsuk-grid-column-one-half:nth-child(1) > .first-ad-job-info.ad-job-info.nhsuk-list > .marginBt[data-test=\"search-result-distance\"]"]},{"any":[{"id":"listitem","data":null,"relatedNodes":[],"impact":"serious","message":"List item has a <ul>, <ol> or role=\"list\" parent element"}],"all":[],"none":[],"impact":null,"html":"<li data-test=\"search-result-publicationDate\">\n                Date posted: \n                <strong class=\"nhsuk-u-font-weight-bold\">\n                  27 May 2025\n                </strong>\n              </li>","target":[".nhsuk-list-panel.search-result.nhsuk-u-padding-3:nth-child(7) > .nhsuk-grid-row:nth-child(3) > .nhsuk-grid-column-one-half:nth-child(1) > .first-ad-job-info.ad-job-info.nhsuk-list > li[data-test=\"search-result-publicationDate\"]"]},{"any":[{"id":"listitem","data":null,"relatedNodes":[],"impact":"serious","message":"List item has a <ul>, <ol> or role=\"list\" parent element"}],"all":[],"none":[],"impact":null,"html":"<li data-test=\"search-result-jobType\" class=\"marginBt\">\n              Contract type: \n              <strong class=\"nhsuk-u-font-weight-bold\">\n                Permanent\n              </strong>\n            </li>","target":[".nhsuk-list-panel.search-result.nhsuk-u-padding-3:nth-child(7) > .nhsuk-grid-row:nth-child(3) > .nhsuk-grid-column-one-half:nth-child(2) > .ad-job-info.nhsuk-list > .marginBt[data-test=\"search-result-jobType\"]"]},{"any":[{"id":"listitem","data":null,"relatedNodes":[],"impact":"serious","message":"List item has a <ul>, <ol> or role=\"list\" parent element"}],"all":[],"none":[],"impact":null,"html":"<li data-test=\"search-result-workingPattern\" class=\"marginBt\">\n              Working pattern: \n              <strong class=\"nhsuk-u-font-weight-bold\">\n                Full time, Part time\n              </strong>\n            </li>","target":[".nhsuk-list-panel.search-result.nhsuk-u-padding-3:nth-child(7) > .nhsuk-grid-row:nth-child(3) > .nhsuk-grid-column-one-half:nth-child(2) > .ad-job-info.nhsuk-list > .marginBt[data-test=\"search-result-workingPattern\"]"]},{"any":[{"id":"listitem","data":null,"relatedNodes":[],"impact":"serious","message":"List item has a <ul>, <ol> or role=\"list\" parent element"}],"all":[],"none":[],"impact":null,"html":"<li data-test=\"search-result-closingDate\">\n                Closing date: \n                <strong class=\"nhsuk-u-font-weight-bold\">\n                  27 June 2025\n                </strong>\n              </li>","target":[".nhsuk-list-panel.search-result.nhsuk-u-padding-3:nth-child(7) > .nhsuk-grid-row:nth-child(3) > .nhsuk-grid-column-one-half:nth-child(2) > .ad-job-info.nhsuk-list > li[data-test=\"search-result-closingDate\"]"]},{"any":[{"id":"listitem","data":null,"relatedNodes":[],"impact":"serious","message":"List item has a <ul>, <ol> or role=\"list\" parent element"}],"all":[],"none":[],"impact":null,"html":"<li class=\"nhsuk-list-panel search-result nhsuk-u-padding-3\" data-test=\"search-result\">","target":[".nhsuk-list-panel.search-result.nhsuk-u-padding-3:nth-child(8)"]},{"any":[{"id":"listitem","data":null,"relatedNodes":[],"impact":"serious","message":"List item has a <ul>, <ol> or role=\"list\" parent element"}],"all":[],"none":[],"impact":null,"html":"<li data-test=\"search-result-salary\" class=\"marginBt\">\n                Salary: \n                <strong class=\"nhsuk-u-font-weight-bold\">\n                  £105,504 to £139,882\n                  \n                    a year\n                  \n                </strong>\n              </li>","target":[".nhsuk-list-panel.search-result.nhsuk-u-padding-3:nth-child(8) > .nhsuk-grid-row:nth-child(3) > .nhsuk-grid-column-one-half:nth-child(1) > .first-ad-job-info.ad-job-info.nhsuk-list > .marginBt[data-test=\"search-result-salary\"]"]},{"any":[{"id":"listitem","data":null,"relatedNodes":[],"impact":"serious","message":"List item has a <ul>, <ol> or role=\"list\" parent element"}],"all":[],"none":[],"impact":null,"html":"<li data-test=\"search-result-distance\" class=\"marginBt\">\n                Distance: \n                <strong class=\"nhsuk-u-font-weight-bold\">\n                  3.8 miles\n                </strong>\n              </li>","target":[".nhsuk-list-panel.search-result.nhsuk-u-padding-3:nth-child(8) > .nhsuk-grid-row:nth-child(3) > .nhsuk-grid-column-one-half:nth-child(1) > .first-ad-job-info.ad-job-info.nhsuk-list > .marginBt[data-test=\"search-result-distance\"]"]},{"any":[{"id":"listitem","data":null,"relatedNodes":[],"impact":"serious","message":"List item has a <ul>, <ol> or role=\"list\" parent element"}],"all":[],"none":[],"impact":null,"html":"<li data-test=\"search-result-publicationDate\">\n                Date posted: \n                <strong class=\"nhsuk-u-font-weight-bold\">\n                  4 June 2025\n                </strong>\n              </li>","target":[".nhsuk-list-panel.search-result.nhsuk-u-padding-3:nth-child(8) > .nhsuk-grid-row:nth-child(3) > .nhsuk-grid-column-one-half:nth-child(1) > .first-ad-job-info.ad-job-info.nhsuk-list > li[data-test=\"search-result-publicationDate\"]"]},{"any":[{"id":"listitem","data":null,"relatedNodes":[],"impact":"serious","message":"List item has a <ul>, <ol> or role=\"list\" parent element"}],"all":[],"none":[],"impact":null,"html":"<li data-test=\"search-result-jobType\" class=\"marginBt\">\n              Contract type: \n              <strong class=\"nhsuk-u-font-weight-bold\">\n                Permanent\n              </strong>\n            </li>","target":[".nhsuk-list-panel.search-result.nhsuk-u-padding-3:nth-child(8) > .nhsuk-grid-row:nth-child(3) > .nhsuk-grid-column-one-half:nth-child(2) > .ad-job-info.nhsuk-list > .marginBt[data-test=\"search-result-jobType\"]"]},{"any":[{"id":"listitem","data":null,"relatedNodes":[],"impact":"serious","message":"List item has a <ul>, <ol> or role=\"list\" parent element"}],"all":[],"none":[],"impact":null,"html":"<li data-test=\"search-result-workingPattern\" class=\"marginBt\">\n              Working pattern: \n              <strong class=\"nhsuk-u-font-weight-bold\">\n                Full time\n              </strong>\n            </li>","target":[".nhsuk-list-panel.search-result.nhsuk-u-padding-3:nth-child(8) > .nhsuk-grid-row:nth-child(3) > .nhsuk-grid-column-one-half:nth-child(2) > .ad-job-info.nhsuk-list > .marginBt[data-test=\"search-result-workingPattern\"]"]},{"any":[{"id":"listitem","data":null,"relatedNodes":[],"impact":"serious","message":"List item has a <ul>, <ol> or role=\"list\" parent element"}],"all":[],"none":[],"impact":null,"html":"<li data-test=\"search-result-closingDate\">\n                Closing date: \n                <strong class=\"nhsuk-u-font-weight-bold\">\n                  25 June 2025\n                </strong>\n              </li>","target":[".nhsuk-list-panel.search-result.nhsuk-u-padding-3:nth-child(8) > .nhsuk-grid-row:nth-child(3) > .nhsuk-grid-column-one-half:nth-child(2) > .ad-job-info.nhsuk-list > li[data-test=\"search-result-closingDate\"]"]},{"any":[{"id":"listitem","data":null,"relatedNodes":[],"impact":"serious","message":"List item has a <ul>, <ol> or role=\"list\" parent element"}],"all":[],"none":[],"impact":null,"html":"<li class=\"nhsuk-list-panel search-result nhsuk-u-padding-3\" data-test=\"search-result\">","target":[".nhsuk-list-panel.search-result.nhsuk-u-padding-3:nth-child(9)"]},{"any":[{"id":"listitem","data":null,"relatedNodes":[],"impact":"serious","message":"List item has a <ul>, <ol> or role=\"list\" parent element"}],"all":[],"none":[],"impact":null,"html":"<li data-test=\"search-result-salary\" class=\"marginBt\">\n                Salary: \n                <strong class=\"nhsuk-u-font-weight-bold\">\n                  £24,625 to £25,674\n                  \n                    a year\n                  \n                </strong>\n              </li>","target":[".nhsuk-list-panel.search-result.nhsuk-u-padding-3:nth-child(9) > .nhsuk-grid-row:nth-child(3) > .nhsuk-grid-column-one-half:nth-child(1) > .first-ad-job-info.ad-job-info.nhsuk-list > .marginBt[data-test=\"search-result-salary\"]"]},{"any":[{"id":"listitem","data":null,"relatedNodes":[],"impact":"serious","message":"List item has a <ul>, <ol> or role=\"list\" parent element"}],"all":[],"none":[],"impact":null,"html":"<li data-test=\"search-result-distance\" class=\"marginBt\">\n                Distance: \n                <strong class=\"nhsuk-u-font-weight-bold\">\n                  3.8 miles\n                </strong>\n              </li>","target":[".nhsuk-list-panel.search-result.nhsuk-u-padding-3:nth-child(9) > .nhsuk-grid-row:nth-child(3) > .nhsuk-grid-column-one-half:nth-child(1) > .first-ad-job-info.ad-job-info.nhsuk-list > .marginBt[data-test=\"search-result-distance\"]"]},{"any":[{"id":"listitem","data":null,"relatedNodes":[],"impact":"serious","message":"List item has a <ul>, <ol> or role=\"list\" parent element"}],"all":[],"none":[],"impact":null,"html":"<li data-test=\"search-result-publicationDate\">\n                Date posted: \n                <strong class=\"nhsuk-u-font-weight-bold\">\n                  19 June 2025\n                </strong>\n              </li>","target":[".nhsuk-list-panel.search-result.nhsuk-u-padding-3:nth-child(9) > .nhsuk-grid-row:nth-child(3) > .nhsuk-grid-column-one-half:nth-child(1) > .first-ad-job-info.ad-job-info.nhsuk-list > li[data-test=\"search-result-publicationDate\"]"]},{"any":[{"id":"listitem","data":null,"relatedNodes":[],"impact":"serious","message":"List item has a <ul>, <ol> or role=\"list\" parent element"}],"all":[],"none":[],"impact":null,"html":"<li data-test=\"search-result-jobType\" class=\"marginBt\">\n              Contract type: \n              <strong class=\"nhsuk-u-font-weight-bold\">\n                Permanent\n              </strong>\n            </li>","target":[".nhsuk-list-panel.search-result.nhsuk-u-padding-3:nth-child(9) > .nhsuk-grid-row:nth-child(3) > .nhsuk-grid-column-one-half:nth-child(2) > .ad-job-info.nhsuk-list > .marginBt[data-test=\"search-result-jobType\"]"]},{"any":[{"id":"listitem","data":null,"relatedNodes":[],"impact":"serious","message":"List item has a <ul>, <ol> or role=\"list\" parent element"}],"all":[],"none":[],"impact":null,"html":"<li data-test=\"search-result-workingPattern\" class=\"marginBt\">\n              Working pattern: \n              <strong class=\"nhsuk-u-font-weight-bold\">\n                Part time\n              </strong>\n            </li>","target":[".nhsuk-list-panel.search-result.nhsuk-u-padding-3:nth-child(9) > .nhsuk-grid-row:nth-child(3) > .nhsuk-grid-column-one-half:nth-child(2) > .ad-job-info.nhsuk-list > .marginBt[data-test=\"search-result-workingPattern\"]"]},{"any":[{"id":"listitem","data":null,"relatedNodes":[],"impact":"serious","message":"List item has a <ul>, <ol> or role=\"list\" parent element"}],"all":[],"none":[],"impact":null,"html":"<li data-test=\"search-result-closingDate\">\n                Closing date: \n                <strong class=\"nhsuk-u-font-weight-bold\">\n                  3 July 2025\n                </strong>\n              </li>","target":[".nhsuk-list-panel.search-result.nhsuk-u-padding-3:nth-child(9) > .nhsuk-grid-row:nth-child(3) > .nhsuk-grid-column-one-half:nth-child(2) > .ad-job-info.nhsuk-list > li[data-test=\"search-result-closingDate\"]"]},{"any":[{"id":"listitem","data":null,"relatedNodes":[],"impact":"serious","message":"List item has a <ul>, <ol> or role=\"list\" parent element"}],"all":[],"none":[],"impact":null,"html":"<li class=\"nhsuk-list-panel search-result nhsuk-u-padding-3\" data-test=\"search-result\">","target":[".nhsuk-list-panel.search-result.nhsuk-u-padding-3:nth-child(10)"]},{"any":[{"id":"listitem","data":null,"relatedNodes":[],"impact":"serious","message":"List item has a <ul>, <ol> or role=\"list\" parent element"}],"all":[],"none":[],"impact":null,"html":"<li data-test=\"search-result-salary\" class=\"marginBt\">\n                Salary: \n                <strong class=\"nhsuk-u-font-weight-bold\">\n                  £66,000 to £80,000\n                  \n                    a year\n                  \n                </strong>\n              </li>","target":[".nhsuk-list-panel.search-result.nhsuk-u-padding-3:nth-child(10) > .nhsuk-grid-row:nth-child(3) > .nhsuk-grid-column-one-half:nth-child(1) > .first-ad-job-info.ad-job-info.nhsuk-list > .marginBt[data-test=\"search-result-salary\"]"]},{"any":[{"id":"listitem","data":null,"relatedNodes":[],"impact":"serious","message":"List item has a <ul>, <ol> or role=\"list\" parent element"}],"all":[],"none":[],"impact":null,"html":"<li data-test=\"search-result-distance\" class=\"marginBt\">\n                Distance: \n                <strong class=\"nhsuk-u-font-weight-bold\">\n                  1.3 miles\n                </strong>\n              </li>","target":[".nhsuk-list-panel.search-result.nhsuk-u-padding-3:nth-child(10) > .nhsuk-grid-row:nth-child(3) > .nhsuk-grid-column-one-half:nth-child(1) > .first-ad-job-info.ad-job-info.nhsuk-list > .marginBt[data-test=\"search-result-distance\"]"]},{"any":[{"id":"listitem","data":null,"relatedNodes":[],"impact":"serious","message":"List item has a <ul>, <ol> or role=\"list\" parent element"}],"all":[],"none":[],"impact":null,"html":"<li data-test=\"search-result-publicationDate\">\n                Date posted: \n                <strong class=\"nhsuk-u-font-weight-bold\">\n                  5 June 2025\n                </strong>\n              </li>","target":[".nhsuk-list-panel.search-result.nhsuk-u-padding-3:nth-child(10) > .nhsuk-grid-row:nth-child(3) > .nhsuk-grid-column-one-half:nth-child(1) > .first-ad-job-info.ad-job-info.nhsuk-list > li[data-test=\"search-result-publicationDate\"]"]},{"any":[{"id":"listitem","data":null,"relatedNodes":[],"impact":"serious","message":"List item has a <ul>, <ol> or role=\"list\" parent element"}],"all":[],"none":[],"impact":null,"html":"<li data-test=\"search-result-jobType\" class=\"marginBt\">\n              Contract type: \n              <strong class=\"nhsuk-u-font-weight-bold\">\n                Permanent\n              </strong>\n            </li>","target":[".nhsuk-list-panel.search-result.nhsuk-u-padding-3:nth-child(10) > .nhsuk-grid-row:nth-child(3) > .nhsuk-grid-column-one-half:nth-child(2) > .ad-job-info.nhsuk-list > .marginBt[data-test=\"search-result-jobType\"]"]},{"any":[{"id":"listitem","data":null,"relatedNodes":[],"impact":"serious","message":"List item has a <ul>, <ol> or role=\"list\" parent element"}],"all":[],"none":[],"impact":null,"html":"<li data-test=\"search-result-workingPattern\" class=\"marginBt\">\n              Working pattern: \n              <strong class=\"nhsuk-u-font-weight-bold\">\n                Full time, Part time, Home or remote working\n              </strong>\n            </li>","target":[".nhsuk-list-panel.search-result.nhsuk-u-padding-3:nth-child(10) > .nhsuk-grid-row:nth-child(3) > .nhsuk-grid-column-one-half:nth-child(2) > .ad-job-info.nhsuk-list > .marginBt[data-test=\"search-result-workingPattern\"]"]},{"any":[{"id":"listitem","data":null,"relatedNodes":[],"impact":"serious","message":"List item has a <ul>, <ol> or role=\"list\" parent element"}],"all":[],"none":[],"impact":null,"html":"<li data-test=\"search-result-closingDate\">\n                Closing date: \n                <strong class=\"nhsuk-u-font-weight-bold\">\n                  29 June 2025\n                </strong>\n              </li>","target":[".nhsuk-list-panel.search-result.nhsuk-u-padding-3:nth-child(10) > .nhsuk-grid-row:nth-child(3) > .nhsuk-grid-column-one-half:nth-child(2) > .ad-job-info.nhsuk-list > li[data-test=\"search-result-closingDate\"]"]},{"any":[{"id":"listitem","data":null,"relatedNodes":[],"impact":"serious","message":"List item has a <ul>, <ol> or role=\"list\" parent element"}],"all":[],"none":[],"impact":null,"html":"<li class=\"nhsuk-pagination-item--previous\">\n      \n    </li>","target":[".nhsuk-pagination-item--previous"]},{"any":[{"id":"listitem","data":null,"relatedNodes":[],"impact":"serious","message":"List item has a <ul>, <ol> or role=\"list\" parent element"}],"all":[],"none":[],"impact":null,"html":"<li class=\"nhsuk-pagination-item--next\">","target":[".nhsuk-pagination-item--next"]},{"any":[{"id":"listitem","data":null,"relatedNodes":[],"impact":"serious","message":"List item has a <ul>, <ol> or role=\"list\" parent element"}],"all":[],"none":[],"impact":null,"html":"<li class=\"nhsuk-footer__list-item\">\n          <a class=\"nhsuk-footer__list-item-link\" target=\"_blank\" id=\"privacy\" href=\"/candidate/privacy-policy\">Privacy policy</a>\n        </li>","target":[".nhsuk-footer__list-item:nth-child(1)"]},{"any":[{"id":"listitem","data":null,"relatedNodes":[],"impact":"serious","message":"List item has a <ul>, <ol> or role=\"list\" parent element"}],"all":[],"none":[],"impact":null,"html":"<li class=\"nhsuk-footer__list-item\">\n          <a class=\"nhsuk-footer__list-item-link\" target=\"_blank\" id=\"acceptableUse\" href=\"/candidate/acceptable-use\">Terms and conditions</a>\n        </li>","target":[".nhsuk-footer__list-item:nth-child(2)"]},{"any":[{"id":"listitem","data":null,"relatedNodes":[],"impact":"serious","message":"List item has a <ul>, <ol> or role=\"list\" parent element"}],"all":[],"none":[],"impact":null,"html":"<li class=\"nhsuk-footer__list-item\">\n          <a class=\"nhsuk-footer__list-item-link\" target=\"_blank\" id=\"accessibility\" href=\"https://www.nhsbsa.nhs.uk/our-policies/accessibility/accessibility-statement-nhs-jobs-applicants\">Accessibility Statement</a>\n        </li>","target":[".nhsuk-footer__list-item:nth-child(3)"]},{"any":[{"id":"listitem","data":null,"relatedNodes":[],"impact":"serious","message":"List item has a <ul>, <ol> or role=\"list\" parent element"}],"all":[],"none":[],"impact":null,"html":"<li class=\"nhsuk-footer__list-item\">\n          <a class=\"nhsuk-footer__list-item-link\" target=\"_blank\" id=\"cookies\" href=\"/candidate/cookies\">Cookies</a>\n        </li>","target":[".nhsuk-footer__list-item:nth-child(4)"]},{"any":[{"id":"listitem","data":null,"relatedNodes":[],"impact":"serious","message":"List item has a <ul>, <ol> or role=\"list\" parent element"}],"all":[],"none":[],"impact":null,"html":"<li class=\"nhsuk-footer__list-item\">\n          <a class=\"nhsuk-footer__list-item-link\" target=\"_blank\" id=\"helpText\" href=\"https://www.nhsbsa.nhs.uk/new-nhs-jobs-service/help-and-support-applicants\">How to apply for jobs</a>\n        </li>","target":[".nhsuk-footer__list-item:nth-child(5)"]}]},{"id":"meta-viewport-large","impact":null,"tags":["cat.sensory-and-visual-cues","best-practice"],"description":"Ensures <meta name=\"viewport\"> can scale a significant amount","help":"Users should be able to zoom and scale the text up to 500%","helpUrl":"https://dequeuniversity.com/rules/axe/4.7/meta-viewport-large?application=axeAPI","nodes":[{"any":[{"id":"meta-viewport-large","data":null,"relatedNodes":[],"impact":"minor","message":"<meta> tag does not prevent significant zooming on mobile devices"}],"all":[],"none":[],"impact":null,"html":"<meta name=\"viewport\" content=\"width=device-width, initial-scale=1, shrink-to-fit=no\">","target":["meta[name=\"viewport\"]"]}]},{"id":"meta-viewport","impact":null,"tags":["cat.sensory-and-visual-cues","wcag2aa","wcag144","ACT"],"description":"Ensures <meta name=\"viewport\"> does not disable text scaling and zooming","help":"Zooming and scaling must not be disabled","helpUrl":"https://dequeuniversity.com/rules/axe/4.7/meta-viewport?application=axeAPI","nodes":[{"any":[{"id":"meta-viewport","data":null,"relatedNodes":[],"impact":"critical","message":"<meta> tag does not disable zooming on mobile devices"}],"all":[],"none":[],"impact":null,"html":"<meta name=\"viewport\" content=\"width=device-width, initial-scale=1, shrink-to-fit=no\">","target":["meta[name=\"viewport\"]"]}]},{"id":"nested-interactive","impact":null,"tags":["cat.keyboard","wcag2a","wcag412","TTv5","TT6.a"],"description":"Ensures interactive controls are not nested as they are not always announced by screen readers or can cause focus problems for assistive technologies","help":"Interactive controls must not be nested","helpUrl":"https://dequeuniversity.com/rules/axe/4.7/nested-interactive?application=axeAPI","nodes":[{"any":[{"id":"no-focusable-content","data":null,"relatedNodes":[],"impact":"serious","message":"Element does not have focusable descendants"}],"all":[],"none":[],"impact":null,"html":"<button class=\"nhsuk-button  nhsuk-u-padding-top-2 nhsuk-u-padding-bottom-2\" type=\"submit\" id=\"search\" data-test=\"search-button\">Search</button>","target":["#search"]},{"any":[{"id":"no-focusable-content","data":null,"relatedNodes":[],"impact":"serious","message":"Element does not have focusable descendants"}],"all":[],"none":[],"impact":null,"html":"<summary class=\"nhsuk-details__summary\" role=\"button\" aria-controls=\"distance-details\" aria-expanded=\"false\" data-test=\"distance\">\n                <span class=\"nhsuk-details__summary-text\">\n                    Distance\n                </span>\n            </summary>","target":["summary[aria-controls=\"distance-details\"]"]},{"any":[{"id":"no-focusable-content","data":null,"relatedNodes":[],"impact":"serious","message":"Element does not have focusable descendants"}],"all":[],"none":[],"impact":null,"html":"<option selected=\"\" value=\"5\">+5 Miles</option>","target":["option[value=\"5\"]"]},{"any":[{"id":"no-focusable-content","data":null,"relatedNodes":[],"impact":"serious","message":"Element does not have focusable descendants"}],"all":[],"none":[],"impact":null,"html":"<option value=\"10\">+10 Miles</option>","target":["option[value=\"10\"]"]},{"any":[{"id":"no-focusable-content","data":null,"relatedNodes":[],"impact":"serious","message":"Element does not have focusable descendants"}],"all":[],"none":[],"impact":null,"html":"<option value=\"20\">+20 Miles</option>","target":["option[value=\"20\"]"]},{"any":[{"id":"no-focusable-content","data":null,"relatedNodes":[],"impact":"serious","message":"Element does not have focusable descendants"}],"all":[],"none":[],"impact":null,"html":"<option value=\"30\">+30 Miles</option>","target":["option[value=\"30\"]"]},{"any":[{"id":"no-focusable-content","data":null,"relatedNodes":[],"impact":"serious","message":"Element does not have focusable descendants"}],"all":[],"none":[],"impact":null,"html":"<option value=\"50\">+50 Miles</option>","target":["option[value=\"50\"]"]},{"any":[{"id":"no-focusable-content","data":null,"relatedNodes":[],"impact":"serious","message":"Element does not have focusable descendants"}],"all":[],"none":[],"impact":null,"html":"<option value=\"100\">+100 Miles</option>","target":["option[value=\"100\"]"]},{"any":[{"id":"no-focusable-content","data":null,"relatedNodes":[],"impact":"serious","message":"Element does not have focusable descendants"}],"all":[],"none":[],"impact":null,"html":"<option disabled=\"\" value=\"\">All locations</option>","target":["option:nth-child(7)"]},{"any":[{"id":"no-focusable-content","data":null,"relatedNodes":[],"impact":"serious","message":"Element does not have focusable descendants"}],"all":[],"none":[],"impact":null,"html":"<summary class=\"nhsuk-details__summary\" role=\"button\" aria-controls=\"covid-jobs-only\" aria-expanded=\"false\" data-test=\"filter-covid-only\">\n                <span class=\"nhsuk-details__summary-text\">\n                    COVID-19\n                </span>\n            </summary>","target":["summary[aria-controls=\"covid-jobs-only\"]"]},{"any":[{"id":"no-focusable-content","data":null,"relatedNodes":[],"impact":"serious","message":"Element does not have focusable descendants"}],"all":[],"none":[],"impact":null,"html":"<summary id=\"working-patterns-expander\" class=\"nhsuk-details__summary \" role=\"button\" aria-controls=\"working-pattern-details\" aria-expanded=\"false\" data-test=\"filter-working-pattern\">","target":["#working-patterns-expander"]},{"any":[{"id":"no-focusable-content","data":null,"relatedNodes":[],"impact":"serious","message":"Element does not have focusable descendants"}],"all":[],"none":[],"impact":null,"html":"<summary class=\"nhsuk-details__summary\" role=\"button\" aria-controls=\"contract-type-details\" aria-expanded=\"false\" data-test=\"filter-contract-type\">\n                <span class=\"nhsuk-details__summary-text\">Contract type</span>\n            </summary>","target":["summary[aria-controls=\"contract-type-details\"]"]},{"any":[{"id":"no-focusable-content","data":null,"relatedNodes":[],"impact":"serious","message":"Element does not have focusable descendants"}],"all":[],"none":[],"impact":null,"html":"<summary class=\"nhsuk-details__summary\" role=\"button\" aria-controls=\"staff-group-details\" aria-expanded=\"false\" data-test=\"filter-staff-group\">\n                <span class=\"nhsuk-details__summary-text\">\n                    Staff group\n                </span>\n            </summary>","target":["summary[aria-controls=\"staff-group-details\"]"]},{"any":[{"id":"no-focusable-content","data":null,"relatedNodes":[],"impact":"serious","message":"Element does not have focusable descendants"}],"all":[],"none":[],"impact":null,"html":"<summary class=\"nhsuk-details__summary\" role=\"button\" aria-controls=\"pay-range-details\" aria-expanded=\"false\" data-test=\"filter-pay-range\">\n                <span class=\"nhsuk-details__summary-text\">\n                    Pay range\n                </span>\n            </summary>","target":["summary[aria-controls=\"pay-range-details\"]"]},{"any":[{"id":"no-focusable-content","data":null,"relatedNodes":[],"impact":"serious","message":"Element does not have focusable descendants"}],"all":[],"none":[],"impact":null,"html":"<summary class=\"nhsuk-details__summary\" role=\"button\" aria-controls=\"pay-band-details\" aria-expanded=\"false\" data-test=\"filter-pay-band\">","target":["summary[aria-controls=\"pay-band-details\"]"]},{"any":[{"id":"no-focusable-content","data":null,"relatedNodes":[],"impact":"serious","message":"Element does not have focusable descendants"}],"all":[],"none":[],"impact":null,"html":"<input class=\"nhsuk-button nhsuk-button--primary\" type=\"submit\" id=\"refine-search\" value=\"Apply filters\" data-test=\"refine-search-button\">","target":["#refine-search"]},{"any":[{"id":"no-focusable-content","data":null,"relatedNodes":[],"impact":"serious","message":"Element does not have focusable descendants"}],"all":[],"none":[],"impact":null,"html":"<option selected=\"\" value=\"\">Best Match</option>","target":["#sort > option:nth-child(1)"]},{"any":[{"id":"no-focusable-content","data":null,"relatedNodes":[],"impact":"serious","message":"Element does not have focusable descendants"}],"all":[],"none":[],"impact":null,"html":"<option value=\"closingDate\">Closing Date</option>","target":["option[value=\"closingDate\"]"]},{"any":[{"id":"no-focusable-content","data":null,"relatedNodes":[],"impact":"serious","message":"Element does not have focusable descendants"}],"all":[],"none":[],"impact":null,"html":"<option value=\"publicationDateDesc\">Date Posted (newest)</option>","target":["option[value=\"publicationDateDesc\"]"]},{"any":[{"id":"no-focusable-content","data":null,"relatedNodes":[],"impact":"serious","message":"Element does not have focusable descendants"}],"all":[],"none":[],"impact":null,"html":"<option value=\"salaryAsc\">Salary lowest to highest</option>","target":["option[value=\"salaryAsc\"]"]},{"any":[{"id":"no-focusable-content","data":null,"relatedNodes":[],"impact":"serious","message":"Element does not have focusable descendants"}],"all":[],"none":[],"impact":null,"html":"<option value=\"salaryDesc\">Salary highest to lowest</option>","target":["option[value=\"salaryDesc\"]"]},{"any":[{"id":"no-focusable-content","data":null,"relatedNodes":[],"impact":"serious","message":"Element does not have focusable descendants"}],"all":[],"none":[],"impact":null,"html":"<option value=\"distance\">Distance</option>","target":["option[value=\"distance\"]"]}]},{"id":"page-has-heading-one","impact":null,"tags":["cat.semantics","best-practice"],"description":"Ensure that the page, or at least one of its frames contains a level-one heading","help":"Page should contain a level-one heading","helpUrl":"https://dequeuniversity.com/rules/axe/4.7/page-has-heading-one?application=axeAPI","nodes":[{"any":[],"all":[{"id":"page-has-heading-one","data":null,"relatedNodes":[{"html":"<h1 data-test=\"search-result-query\" id=\"search-results-heading\" class=\"nhsuk-heading-xl nhsuk-u-padding-left-4 nhsuk-u-margin-bottom-4\" aria-label=\"17 jobs found for Admin within 5 miles of Manchester. Sorted by: Best Match\">","target":["#search-results-heading"]}],"impact":"moderate","message":"Page has at least one level-one heading"}],"none":[],"impact":null,"html":"<html lang=\"en\" style=\"\">","target":["html"]}]},{"id":"region","impact":null,"tags":["cat.keyboard","best-practice"],"description":"Ensures all page content is contained by landmarks","help":"All page content should be contained by landmarks","helpUrl":"https://dequeuniversity.com/rules/axe/4.7/region?application=axeAPI","nodes":[{"any":[{"id":"region","data":{"isIframe":false},"relatedNodes":[],"impact":"moderate","message":"All page content is contained by landmarks"}],"all":[],"none":[],"impact":null,"html":"<a class=\"nhsuk-skip-link\" href=\"#search-results-heading\" aria-label=\"17 jobs found for Admin within 5 miles of Manchester. Sorted by: Best Match . Skip to search filters\" id=\"skip_to_search_filters\">Skip to search filters</a>","target":["#skip_to_search_filters"]},{"any":[{"id":"region","data":{"isIframe":false},"relatedNodes":[],"impact":"moderate","message":"All page content is contained by landmarks"}],"all":[],"none":[],"impact":null,"html":"<a class=\"nhsuk-skip-link\" href=\"#first-result-title\" id=\"skipToSearchResults\" aria-label=\"Skip to search results\">Skip to search results</a>","target":["#skipToSearchResults"]},{"any":[{"id":"region","data":{"isIframe":false},"relatedNodes":[],"impact":"moderate","message":"All page content is contained by landmarks"}],"all":[],"none":[],"impact":null,"html":"<div id=\"heading-body\">","target":["#main-body > div:nth-child(3)"]},{"any":[{"id":"region","data":{"isIframe":false},"relatedNodes":[],"impact":"moderate","message":"All page content is contained by landmarks"}],"all":[],"none":[],"impact":null,"html":"<header class=\"nhsuk-header\" role=\"banner\" id=\"heading-body\">","target":["header"]},{"any":[{"id":"region","data":{"isIframe":false},"relatedNodes":[],"impact":"moderate","message":"All page content is contained by landmarks"}],"all":[],"none":[],"impact":null,"html":"<div class=\"top-banner info\">","target":[".top-banner"]},{"any":[{"id":"region","data":{"isIframe":false},"relatedNodes":[],"impact":"moderate","message":"All page content is contained by landmarks"}],"all":[],"none":[],"impact":null,"html":"<div class=\"nhsuk-width-container\">","target":[".top-banner > .nhsuk-width-container"]},{"any":[{"id":"region","data":{"isIframe":false},"relatedNodes":[],"impact":"moderate","message":"All page content is contained by landmarks"}],"all":[],"none":[],"impact":null,"html":"<span id=\"accepted-cookies-message\">You’ve accepted analytics cookies. You can \n      <a href=\"/candidate/cookies\" id=\"change-cookies-settings\" aria-label=\"Go to the cookie information page\">change your cookie settings</a> at any time.</span>","target":["#accepted-cookies-message"]},{"any":[{"id":"region","data":{"isIframe":false},"relatedNodes":[],"impact":"moderate","message":"All page content is contained by landmarks"}],"all":[],"none":[],"impact":null,"html":"<a href=\"/candidate/cookies\" id=\"change-cookies-settings\" aria-label=\"Go to the cookie information page\">change your cookie settings</a>","target":["#change-cookies-settings"]},{"any":[{"id":"region","data":{"isIframe":false},"relatedNodes":[],"impact":"moderate","message":"All page content is contained by landmarks"}],"all":[],"none":[],"impact":null,"html":"<a href=\"/candidate/dismiss-cookie-messages\" id=\"dismiss-cookie-messages\" aria-label=\"Dismiss information about cookie preferences\" style=\"float: right\">Hide</a>","target":["#dismiss-cookie-messages"]},{"any":[{"id":"region","data":{"isIframe":false},"relatedNodes":[],"impact":"moderate","message":"All page content is contained by landmarks"}],"all":[],"none":[],"impact":null,"html":"<div class=\"nhsuk-width-container nhsuk-header__container\">","target":[".nhsuk-header__container"]},{"any":[{"id":"region","data":{"isIframe":false},"relatedNodes":[],"impact":"moderate","message":"All page content is contained by landmarks"}],"all":[],"none":[],"impact":null,"html":"<div class=\"nhsuk-header__logo\">","target":[".nhsuk-header__logo"]},{"any":[{"id":"region","data":{"isIframe":false},"relatedNodes":[],"impact":"moderate","message":"All page content is contained by landmarks"}],"all":[],"none":[],"impact":null,"html":"<a class=\"nhsuk-header__link nhsuk-header__link--service nhsuk-header__link--service-short-name\" href=\"/candidate\" aria-label=\"NHS jobs homepage\">","target":[".nhsuk-header__link"]},{"any":[{"id":"region","data":{"isIframe":false},"relatedNodes":[],"impact":"moderate","message":"All page content is contained by landmarks"}],"all":[],"none":[],"impact":null,"html":"<svg class=\"nhsuk-logo\" xmlns=\"http://www.w3.org/2000/svg\" viewBox=\"0 0 40 16\" height=\"40\" width=\"100\">","target":[".nhsuk-logo"]},{"any":[{"id":"region","data":{"isIframe":false},"relatedNodes":[],"impact":"moderate","message":"All page content is contained by landmarks"}],"all":[],"none":[],"impact":null,"html":"<path class=\"nhsuk-logo__background\" fill=\"#005eb8\" d=\"M0 0h40v16H0z\"></path>","target":[".nhsuk-logo__background"]},{"any":[{"id":"region","data":{"isIframe":false},"relatedNodes":[],"impact":"moderate","message":"All page content is contained by landmarks"}],"all":[],"none":[],"impact":null,"html":"<path class=\"nhsuk-logo__text\" fill=\"#fff\" d=\"M3.9 1.5h4.4l2.6 9h.1l1.8-9h3.3l-2.8 13H9l-2.7-9h-.1l-1.8 9H1.1M17.3 1.5h3.6l-1 4.9h4L25 1.5h3.5l-2.7 13h-3.5l1.1-5.6h-4.1l-1.2 5.6h-3.4M37.7 4.4c-.7-.3-1.6-.6-2.9-.6-1.4 0-2.5.2-2.5 1.3 0 1.8 5.1 1.2 5.1 5.1 0 3.6-3.3 4.5-6.4 4.5-1.3 0-2.9-.3-4-.7l.8-2.7c.7.4 2.1.7 3.2.7s2.8-.2 2.8-1.5c0-2.1-5.1-1.3-5.1-5 0-3.4 2.9-4.4 5.8-4.4 1.6 0 3.1.2 4 .6\">","target":[".nhsuk-logo__text"]},{"any":[{"id":"region","data":{"isIframe":false},"relatedNodes":[],"impact":"moderate","message":"All page content is contained by landmarks"}],"all":[],"none":[],"impact":null,"html":"<div class=\"nhsuk-header__service-name\">Jobs</div>","target":[".nhsuk-header__service-name"]},{"any":[{"id":"region","data":{"isIframe":false},"relatedNodes":[],"impact":"moderate","message":"All page content is contained by landmarks"}],"all":[],"none":[],"impact":null,"html":"<div class=\"nhsuk-header__content\" id=\"content-header\">","target":["#content-header"]},{"any":[{"id":"region","data":{"isIframe":false},"relatedNodes":[],"impact":"moderate","message":"All page content is contained by landmarks"}],"all":[],"none":[],"impact":null,"html":"<nav class=\"gem-c-translation-nav hide-mobile nhsuk-u-margin-0 nhsuk-u-padding-left-7\" aria-label=\"Translations\">","target":[".gem-c-translation-nav"]},{"any":[{"id":"region","data":{"isIframe":false},"relatedNodes":[],"impact":"moderate","message":"All page content is contained by landmarks"}],"all":[],"none":[],"impact":null,"html":"<ul class=\"nhsuk-header__navigation-list-right\">","target":[".nhsuk-header__navigation-list-right:nth-child(1)"]},{"any":[{"id":"region","data":{"isIframe":false},"relatedNodes":[],"impact":"moderate","message":"All page content is contained by landmarks"}],"all":[],"none":[],"impact":null,"html":"<li class=\"gem-c-translation-nav__list-item\">\n      <a class=\"sign-in-link\" id=\"candidate_sign_in\" href=\"/candidate/auth/login\">\n        Sign in\n      </a>\n    </li>","target":[".nhsuk-header__navigation-list-right:nth-child(1) > .gem-c-translation-nav__list-item"]},{"any":[{"id":"region","data":{"isIframe":false},"relatedNodes":[],"impact":"moderate","message":"All page content is contained by landmarks"}],"all":[],"none":[],"impact":null,"html":"<a class=\"sign-in-link\" id=\"candidate_sign_in\" href=\"/candidate/auth/login\">\n        Sign in\n      </a>","target":["#candidate_sign_in"]},{"any":[{"id":"region","data":{"isIframe":false},"relatedNodes":[],"impact":"moderate","message":"All page content is contained by landmarks"}],"all":[],"none":[],"impact":null,"html":"<li class=\"gem-c-translation-nav__list-item-none-border\">\n      <a href=\"/candidate/auth/register/first-last-name\" class=\"sign-in-link\" data-test=\"header-create-account\">Create an account</a>\n    </li>","target":[".nhsuk-header__navigation-list-right:nth-child(1) > .gem-c-translation-nav__list-item-none-border"]},{"any":[{"id":"region","data":{"isIframe":false},"relatedNodes":[],"impact":"moderate","message":"All page content is contained by landmarks"}],"all":[],"none":[],"impact":null,"html":"<a href=\"/candidate/auth/register/first-last-name\" class=\"sign-in-link\" data-test=\"header-create-account\">Create an account</a>","target":[".sign-in-link[data-test=\"header-create-account\"]"]},{"any":[{"id":"region","data":{"isIframe":false},"relatedNodes":[],"impact":"moderate","message":"All page content is contained by landmarks"}],"all":[],"none":[],"impact":null,"html":"<ul class=\"nhsuk-header__navigation-list-right\">","target":[".nhsuk-header__navigation-list-right:nth-child(2)"]},{"any":[{"id":"region","data":{"isIframe":false},"relatedNodes":[],"impact":"moderate","message":"All page content is contained by landmarks"}],"all":[],"none":[],"impact":null,"html":"<li class=\"gem-c-translation-nav__list-item\">\n      <a lang=\"en\" href=\"/candidate/search/locale/en\" class=\"language-toggle-selected\" data-test=\"english-language-link\">English</a>\n    </li>","target":[".nhsuk-header__navigation-list-right:nth-child(2) > .gem-c-translation-nav__list-item"]},{"any":[{"id":"region","data":{"isIframe":false},"relatedNodes":[],"impact":"moderate","message":"All page content is contained by landmarks"}],"all":[],"none":[],"impact":null,"html":"<a lang=\"en\" href=\"/candidate/search/locale/en\" class=\"language-toggle-selected\" data-test=\"english-language-link\">English</a>","target":[".language-toggle-selected"]},{"any":[{"id":"region","data":{"isIframe":false},"relatedNodes":[],"impact":"moderate","message":"All page content is contained by landmarks"}],"all":[],"none":[],"impact":null,"html":"<li class=\"gem-c-translation-nav__list-item-none-border\">\n      <a lang=\"cy\" href=\"/candidate/search/locale/cy\" class=\"language-toggle\" data-test=\"welsh-language-link\">Cymraeg</a>\n    </li>","target":[".nhsuk-header__navigation-list-right:nth-child(2) > .gem-c-translation-nav__list-item-none-border"]},{"any":[{"id":"region","data":{"isIframe":false},"relatedNodes":[],"impact":"moderate","message":"All page content is contained by landmarks"}],"all":[],"none":[],"impact":null,"html":"<a lang=\"cy\" href=\"/candidate/search/locale/cy\" class=\"language-toggle\" data-test=\"welsh-language-link\">Cymraeg</a>","target":[".language-toggle"]},{"any":[{"id":"region","data":{"isIframe":false},"relatedNodes":[],"impact":"moderate","message":"All page content is contained by landmarks"}],"all":[],"none":[],"impact":null,"html":"<nav class=\"nhsuk-header__navigation\" id=\"header-navigation\" role=\"navigation\" aria-label=\"Primary navigation\" aria-labelledby=\"label-navigation\">","target":["#header-navigation"]},{"any":[{"id":"region","data":{"isIframe":false},"relatedNodes":[],"impact":"moderate","message":"All page content is contained by landmarks"}],"all":[],"none":[],"impact":null,"html":"<div class=\"nhsuk-width-container nhsuk-width-ipad-container\">","target":[".nhsuk-width-ipad-container"]},{"any":[{"id":"region","data":{"isIframe":false},"relatedNodes":[],"impact":"moderate","message":"All page content is contained by landmarks"}],"all":[],"none":[],"impact":null,"html":"<ul class=\"nhsuk-header__navigation-list\">","target":[".nhsuk-header__navigation-list"]},{"any":[{"id":"region","data":{"isIframe":false},"relatedNodes":[],"impact":"moderate","message":"All page content is contained by landmarks"}],"all":[],"none":[],"impact":null,"html":"<li class=\"nhsuk-header__navigation-item\">","target":[".nhsuk-header__navigation-item:nth-child(2)"]},{"any":[{"id":"region","data":{"isIframe":false},"relatedNodes":[],"impact":"moderate","message":"All page content is contained by landmarks"}],"all":[],"none":[],"impact":null,"html":"<a class=\"nhsuk-header__navigation-link\" href=\"/candidate/search\">","target":["a[href$=\"search\"]"]},{"any":[{"id":"region","data":{"isIframe":false},"relatedNodes":[],"impact":"moderate","message":"All page content is contained by landmarks"}],"all":[],"none":[],"impact":null,"html":"<div class=\"beta-banner\" aria-label=\"beta-banner\" role=\"complementary\">","target":[".beta-banner"]},{"any":[{"id":"region","data":{"isIframe":false},"relatedNodes":[],"impact":"moderate","message":"All page content is contained by landmarks"}],"all":[],"none":[],"impact":null,"html":"<div class=\"nhsuk-width-container \">","target":[".beta-banner > .nhsuk-width-container"]},{"any":[{"id":"region","data":{"isIframe":false},"relatedNodes":[],"impact":"moderate","message":"All page content is contained by landmarks"}],"all":[],"none":[],"impact":null,"html":"<strong class=\"status-box status-box-blue\">BETA</strong>","target":[".status-box"]},{"any":[{"id":"region","data":{"isIframe":false},"relatedNodes":[],"impact":"moderate","message":"All page content is contained by landmarks"}],"all":[],"none":[],"impact":null,"html":"<span>Your\n            <a href=\"mailto:nhsbsa.nhsjobs@nhsbsa.nhs.uk?subject=How could we improve NHS Jobs service?\">feedback</a>\n            will help us to improve this service.</span>","target":[".beta-banner > .nhsuk-width-container > span"]},{"any":[{"id":"region","data":{"isIframe":false},"relatedNodes":[],"impact":"moderate","message":"All page content is contained by landmarks"}],"all":[],"none":[],"impact":null,"html":"<a href=\"mailto:nhsbsa.nhsjobs@nhsbsa.nhs.uk?subject=How could we improve NHS Jobs service?\">feedback</a>","target":[".beta-banner > .nhsuk-width-container > span > a"]},{"any":[{"id":"region","data":{"isIframe":false},"relatedNodes":[],"impact":"moderate","message":"All page content is contained by landmarks"}],"all":[],"none":[],"impact":null,"html":"<section class=\"nhsuk-hero\" role=\"search\">","target":["section"]},{"any":[{"id":"region","data":{"isIframe":false},"relatedNodes":[],"impact":"moderate","message":"All page content is contained by landmarks"}],"all":[],"none":[],"impact":null,"html":"<div class=\"nhsuk-width-container nhsuk-hero--border  nhsuk-u-padding-top-3 searchRibbon\" id=\"searchFilterRibbon\">","target":["#searchFilterRibbon"]},{"any":[{"id":"region","data":{"isIframe":false},"relatedNodes":[],"impact":"moderate","message":"All page content is contained by landmarks"}],"all":[],"none":[],"impact":null,"html":"<div class=\"nhsuk-grid-row\" style=\"padding-left: 1em;\">","target":["#searchFilterRibbon > .nhsuk-grid-row"]},{"any":[{"id":"region","data":{"isIframe":false},"relatedNodes":[],"impact":"moderate","message":"All page content is contained by landmarks"}],"all":[],"none":[],"impact":null,"html":"<div class=\"nhsuk-grid-column-two-quarters\" style=\"padding-top: 30px;\">","target":[".nhsuk-grid-column-two-quarters"]},{"any":[{"id":"region","data":{"isIframe":false},"relatedNodes":[],"impact":"moderate","message":"All page content is contained by landmarks"}],"all":[],"none":[],"impact":null,"html":"<h1 data-test=\"search-result-query\" id=\"search-results-heading\" class=\"nhsuk-heading-xl nhsuk-u-padding-left-4 nhsuk-u-margin-bottom-4\" aria-label=\"17 jobs found for Admin within 5 miles of Manchester. Sorted by: Best Match\">","target":["#search-results-heading"]},{"any":[{"id":"region","data":{"isIframe":false},"relatedNodes":[],"impact":"moderate","message":"All page content is contained by landmarks"}],"all":[],"none":[],"impact":null,"html":"<form method=\"post\" id=\"search_form\">","target":["#search_form"]},{"any":[{"id":"region","data":{"isIframe":false},"relatedNodes":[],"impact":"moderate","message":"All page content is contained by landmarks"}],"all":[],"none":[],"impact":null,"html":"<fieldset class=\"nhsuk-fieldset\">","target":["fieldset:nth-child(4)"]},{"any":[{"id":"region","data":{"isIframe":false},"relatedNodes":[],"impact":"moderate","message":"All page content is contained by landmarks"}],"all":[],"none":[],"impact":null,"html":"<div class=\"nhsuk-grid-column-full\">\n            <legend class=\"js-hidden\" id=\"search-group-label\">Search for jobs in the NHS</legend>\n          </div>","target":["fieldset:nth-child(4) > .nhsuk-grid-column-full"]},{"any":[{"id":"region","data":{"isIframe":false},"relatedNodes":[],"impact":"moderate","message":"All page content is contained by landmarks"}],"all":[],"none":[],"impact":null,"html":"<div class=\"nhsuk-grid-column-one-half\">","target":["fieldset:nth-child(4) > .nhsuk-grid-column-one-half:nth-child(2)"]},{"any":[{"id":"region","data":{"isIframe":false},"relatedNodes":[],"impact":"moderate","message":"All page content is contained by landmarks"}],"all":[],"none":[],"impact":null,"html":"<div class=\"nhsuk-form-group nhsuk-hero\">","target":["fieldset:nth-child(4) > .nhsuk-grid-column-one-half:nth-child(2) > .nhsuk-hero.nhsuk-form-group"]},{"any":[{"id":"region","data":{"isIframe":false},"relatedNodes":[],"impact":"moderate","message":"All page content is contained by landmarks"}],"all":[],"none":[],"impact":null,"html":"<label class=\"nhsuk-label nhsuk-u-font-weight-bold white-text\" for=\"keyword\">What?</label>","target":["label[for=\"keyword\"]"]},{"any":[{"id":"region","data":{"isIframe":false},"relatedNodes":[],"impact":"moderate","message":"All page content is contained by landmarks"}],"all":[],"none":[],"impact":null,"html":"<div class=\"nhsuk-u-font-size-16 nhsuk-hint-white\">For example, job title or skills</div>","target":["fieldset:nth-child(4) > .nhsuk-grid-column-one-half:nth-child(2) > .nhsuk-hero.nhsuk-form-group > .nhsuk-u-font-size-16.nhsuk-hint-white"]},{"any":[{"id":"region","data":{"isIframe":false},"relatedNodes":[],"impact":"moderate","message":"All page content is contained by landmarks"}],"all":[],"none":[],"impact":null,"html":"<input name=\"keyword\" id=\"keyword\" value=\"Admin\" class=\"nhsuk-input nhsuk-u--width-full\" type=\"search\" data-test=\"search-jobTitle-input\" aria-label=\"Search What? For example, job title or skills\">","target":["#keyword"]},{"any":[{"id":"region","data":{"isIframe":false},"relatedNodes":[],"impact":"moderate","message":"All page content is contained by landmarks"}],"all":[],"none":[],"impact":null,"html":"<div class=\"nhsuk-grid-column-one-half\">","target":["fieldset:nth-child(4) > .nhsuk-grid-column-one-half:nth-child(3)"]},{"any":[{"id":"region","data":{"isIframe":false},"relatedNodes":[],"impact":"moderate","message":"All page content is contained by landmarks"}],"all":[],"none":[],"impact":null,"html":"<div class=\"nhsuk-form-group nhsuk-hero\">","target":["fieldset:nth-child(4) > .nhsuk-grid-column-one-half:nth-child(3) > .nhsuk-hero.nhsuk-form-group"]},{"any":[{"id":"region","data":{"isIframe":false},"relatedNodes":[],"impact":"moderate","message":"All page content is contained by landmarks"}],"all":[],"none":[],"impact":null,"html":"<label class=\"nhsuk-label nhsuk-u-font-weight-bold white-text\" for=\"location\">Where?</label>","target":["label[for=\"location\"]"]},{"any":[{"id":"region","data":{"isIframe":false},"relatedNodes":[],"impact":"moderate","message":"All page content is contained by landmarks"}],"all":[],"none":[],"impact":null,"html":"<div class=\"nhsuk-u-font-size-16 nhsuk-hint-white\">For example, a postcode, town or city</div>","target":["fieldset:nth-child(4) > .nhsuk-grid-column-one-half:nth-child(3) > .nhsuk-hero.nhsuk-form-group > .nhsuk-u-font-size-16.nhsuk-hint-white"]},{"any":[{"id":"region","data":{"isIframe":false},"relatedNodes":[],"impact":"moderate","message":"All page content is contained by landmarks"}],"all":[],"none":[],"impact":null,"html":"<div id=\"autocomplete-container\">","target":["#autocomplete-container"]},{"any":[{"id":"region","data":{"isIframe":false},"relatedNodes":[],"impact":"moderate","message":"All page content is contained by landmarks"}],"all":[],"none":[],"impact":null,"html":"<div class=\"autocomplete__wrapper\">","target":[".autocomplete__wrapper"]},{"any":[{"id":"region","data":{"isIframe":false},"relatedNodes":[],"impact":"moderate","message":"All page content is contained by landmarks"}],"all":[],"none":[],"impact":null,"html":"<div class=\"autocomplete__status\" style=\"border: 0px; clip: rect(0px, 0px, 0px, 0px); height: 1px; margin-bottom: -1px; margin-right: -1px; overflow: hidden; padding: 0px; position: absolute; white-space: nowrap; width: 1px;\">","target":[".autocomplete__status"]},{"any":[{"id":"region","data":{"isIframe":false},"relatedNodes":[],"impact":"moderate","message":"All page content is contained by landmarks"}],"all":[],"none":[],"impact":null,"html":"<div id=\"location__status--A\" role=\"status\" aria-atomic=\"true\" aria-live=\"polite\"></div>","target":["#location__status--A"]},{"any":[{"id":"region","data":{"isIframe":false},"relatedNodes":[],"impact":"moderate","message":"All page content is contained by landmarks"}],"all":[],"none":[],"impact":null,"html":"<div id=\"location__status--B\" role=\"status\" aria-atomic=\"true\" aria-live=\"polite\"></div>","target":["#location__status--B"]},{"any":[{"id":"region","data":{"isIframe":false},"relatedNodes":[],"impact":"moderate","message":"All page content is contained by landmarks"}],"all":[],"none":[],"impact":null,"html":"<input aria-describedby=\"location__assistiveHint\" aria-expanded=\"false\" aria-controls=\"location__listbox\" aria-autocomplete=\"list\" autocomplete=\"off\" class=\"nhsuk-input nhsuk-u--width-full\" id=\"location\" name=\"location\" placeholder=\"\" type=\"search\" role=\"combobox\" data-test=\"search-location-input\" aria-label=\"Search Where? For example, a postcode, town or city, search text field\">","target":["#location"]},{"any":[{"id":"region","data":{"isIframe":false},"relatedNodes":[],"impact":"moderate","message":"All page content is contained by landmarks"}],"all":[],"none":[],"impact":null,"html":"<fieldset class=\"nhsuk-fieldset\">","target":["fieldset:nth-child(6)"]},{"any":[{"id":"region","data":{"isIframe":false},"relatedNodes":[],"impact":"moderate","message":"All page content is contained by landmarks"}],"all":[],"none":[],"impact":null,"html":"<div class=\"nhsuk-grid-column-full\">","target":["fieldset:nth-child(6) > .nhsuk-grid-column-full"]},{"any":[{"id":"region","data":{"isIframe":false},"relatedNodes":[],"impact":"moderate","message":"All page content is contained by landmarks"}],"all":[],"none":[],"impact":null,"html":"<div class=\"nhsuk-grid-column-one-half paddingLT0\">\n                <a href=\"javascript:void(0)\" id=\"searchOptionsBtn\" class=\"nhsuk-u-font-weight-bold white-text\">\n                  \n                  More search options\n                  \n                  </a>\n            </div>","target":[".paddingLT0"]},{"any":[{"id":"region","data":{"isIframe":false},"relatedNodes":[],"impact":"moderate","message":"All page content is contained by landmarks"}],"all":[],"none":[],"impact":null,"html":"<a href=\"javascript:void(0)\" id=\"searchOptionsBtn\" class=\"nhsuk-u-font-weight-bold white-text\">\n                  \n                  More search options\n                  \n                  </a>","target":["#searchOptionsBtn"]},{"any":[{"id":"region","data":{"isIframe":false},"relatedNodes":[],"impact":"moderate","message":"All page content is contained by landmarks"}],"all":[],"none":[],"impact":null,"html":"<div class=\"nhsuk-grid-column-one-half nhsuk-u-margin-bottom-1 paddingRT0 textAlignRT\">\n              <button class=\"nhsuk-button  nhsuk-u-padding-top-2 nhsuk-u-padding-bottom-2\" type=\"submit\" id=\"search\" data-test=\"search-button\">Search</button>\n            </div>","target":[".nhsuk-u-margin-bottom-1"]},{"any":[{"id":"region","data":{"isIframe":false},"relatedNodes":[],"impact":"moderate","message":"All page content is contained by landmarks"}],"all":[],"none":[],"impact":null,"html":"<button class=\"nhsuk-button  nhsuk-u-padding-top-2 nhsuk-u-padding-bottom-2\" type=\"submit\" id=\"search\" data-test=\"search-button\">Search</button>","target":["#search"]},{"any":[{"id":"region","data":{"isIframe":false},"relatedNodes":[],"impact":"moderate","message":"All page content is contained by landmarks"}],"all":[],"none":[],"impact":null,"html":"<div class=\"nhsuk-width-container \">","target":["#main-body > .nhsuk-width-container"]},{"any":[{"id":"region","data":{"isIframe":false},"relatedNodes":[],"impact":"moderate","message":"All page content is contained by landmarks"}],"all":[],"none":[],"impact":null,"html":"<main class=\"nhsuk-main-wrapper \" id=\"maincontent\" role=\"main\">","target":["#maincontent"]},{"any":[{"id":"region","data":{"isIframe":false},"relatedNodes":[],"impact":"moderate","message":"All page content is contained by landmarks"}],"all":[],"none":[],"impact":null,"html":"<div class=\"nhsuk-grid-row\">\n  <div class=\"nhsuk-grid-column-two-thirds\">\n    \n      <h2 class=\"nhsuk-heading-m  show-mobile show-tab\" id=\"refineFilterHideShow\">\n        <a data-test=\"refine-search\">Refine your search (1)</a>\n      </h2>\n  </div>\n</div>","target":["#maincontent > .nhsuk-grid-row:nth-child(1)"]},{"any":[{"id":"region","data":{"isIframe":false},"relatedNodes":[],"impact":"moderate","message":"All page content is contained by landmarks"}],"all":[],"none":[],"impact":null,"html":"<div class=\"nhsuk-grid-column-two-thirds\">\n    \n      <h2 class=\"nhsuk-heading-m  show-mobile show-tab\" id=\"refineFilterHideShow\">\n        <a data-test=\"refine-search\">Refine your search (1)</a>\n      </h2>\n  </div>","target":["#maincontent > .nhsuk-grid-row:nth-child(1) > .nhsuk-grid-column-two-thirds"]},{"any":[{"id":"region","data":{"isIframe":false},"relatedNodes":[],"impact":"moderate","message":"All page content is contained by landmarks"}],"all":[],"none":[],"impact":null,"html":"<div class=\"nhsuk-grid-row\">","target":[".nhsuk-grid-row:nth-child(2)"]},{"any":[{"id":"region","data":{"isIframe":false},"relatedNodes":[],"impact":"moderate","message":"All page content is contained by landmarks"}],"all":[],"none":[],"impact":null,"html":"<div class=\"nhsuk-grid-column-one-third no-top-padding-small-screen\">","target":[".no-top-padding-small-screen"]},{"any":[{"id":"region","data":{"isIframe":false},"relatedNodes":[],"impact":"moderate","message":"All page content is contained by landmarks"}],"all":[],"none":[],"impact":null,"html":"<div id=\"refineFilter\">","target":["#refineFilter"]},{"any":[{"id":"region","data":{"isIframe":false},"relatedNodes":[],"impact":"moderate","message":"All page content is contained by landmarks"}],"all":[],"none":[],"impact":null,"html":"<form method=\"post\">","target":["#refineFilter > form"]},{"any":[{"id":"region","data":{"isIframe":false},"relatedNodes":[],"impact":"moderate","message":"All page content is contained by landmarks"}],"all":[],"none":[],"impact":null,"html":"<fieldset class=\"nhsuk-fieldset\">","target":["#refineFilter > form > fieldset"]},{"any":[{"id":"region","data":{"isIframe":false},"relatedNodes":[],"impact":"moderate","message":"All page content is contained by landmarks"}],"all":[],"none":[],"impact":null,"html":"<legend class=\"nhsuk-heading-l hide-mobile hide-tab\">\n            <h2 class=\"nhsuk-heading-s\">Refine your search</h2>\n        </legend>","target":[".hide-tab"]},{"any":[{"id":"region","data":{"isIframe":false},"relatedNodes":[],"impact":"moderate","message":"All page content is contained by landmarks"}],"all":[],"none":[],"impact":null,"html":"<h2 class=\"nhsuk-heading-s\">Refine your search</h2>","target":[".nhsuk-heading-s"]},{"any":[{"id":"region","data":{"isIframe":false},"relatedNodes":[],"impact":"moderate","message":"All page content is contained by landmarks"}],"all":[],"none":[],"impact":null,"html":"<details class=\"nhsuk-details nhsuk-expander\" open=\"\">","target":["details[open=\"\"]"]},{"any":[{"id":"region","data":{"isIframe":false},"relatedNodes":[],"impact":"moderate","message":"All page content is contained by landmarks"}],"all":[],"none":[],"impact":null,"html":"<summary class=\"nhsuk-details__summary\" role=\"button\" aria-controls=\"distance-details\" aria-expanded=\"false\" data-test=\"distance\">\n                <span class=\"nhsuk-details__summary-text\">\n                    Distance\n                </span>\n            </summary>","target":["summary[aria-controls=\"distance-details\"]"]},{"any":[{"id":"region","data":{"isIframe":false},"relatedNodes":[],"impact":"moderate","message":"All page content is contained by landmarks"}],"all":[],"none":[],"impact":null,"html":"<span class=\"nhsuk-details__summary-text\">\n                    Distance\n                </span>","target":["summary[aria-controls=\"distance-details\"] > .nhsuk-details__summary-text"]},{"any":[{"id":"region","data":{"isIframe":false},"relatedNodes":[],"impact":"moderate","message":"All page content is contained by landmarks"}],"all":[],"none":[],"impact":null,"html":"<div class=\"nhsuk-details__text\" id=\"distance_wrapper\" aria-hidden=\"false\">","target":["#distance_wrapper"]},{"any":[{"id":"region","data":{"isIframe":false},"relatedNodes":[],"impact":"moderate","message":"All page content is contained by landmarks"}],"all":[],"none":[],"impact":null,"html":"<div class=\"nhsuk-form-group\">","target":["#distance_wrapper > .nhsuk-form-group"]},{"any":[{"id":"region","data":{"isIframe":false},"relatedNodes":[],"impact":"moderate","message":"All page content is contained by landmarks"}],"all":[],"none":[],"impact":null,"html":"<label class=\"nhsuk-u-visually-hidden\" for=\"distance\"> Distance </label>","target":["label[for=\"distance\"]"]},{"any":[{"id":"region","data":{"isIframe":false},"relatedNodes":[],"impact":"moderate","message":"All page content is contained by landmarks"}],"all":[],"none":[],"impact":null,"html":"<select class=\"nhsuk-select\" id=\"distance\" name=\"distance\" data-test=\"search-distance-input\">","target":["#distance"]},{"any":[{"id":"region","data":{"isIframe":false},"relatedNodes":[],"impact":"moderate","message":"All page content is contained by landmarks"}],"all":[],"none":[],"impact":null,"html":"<option selected=\"\" value=\"5\">+5 Miles</option>","target":["option[value=\"5\"]"]},{"any":[{"id":"region","data":{"isIframe":false},"relatedNodes":[],"impact":"moderate","message":"All page content is contained by landmarks"}],"all":[],"none":[],"impact":null,"html":"<option value=\"10\">+10 Miles</option>","target":["option[value=\"10\"]"]},{"any":[{"id":"region","data":{"isIframe":false},"relatedNodes":[],"impact":"moderate","message":"All page content is contained by landmarks"}],"all":[],"none":[],"impact":null,"html":"<option value=\"20\">+20 Miles</option>","target":["option[value=\"20\"]"]},{"any":[{"id":"region","data":{"isIframe":false},"relatedNodes":[],"impact":"moderate","message":"All page content is contained by landmarks"}],"all":[],"none":[],"impact":null,"html":"<option value=\"30\">+30 Miles</option>","target":["option[value=\"30\"]"]},{"any":[{"id":"region","data":{"isIframe":false},"relatedNodes":[],"impact":"moderate","message":"All page content is contained by landmarks"}],"all":[],"none":[],"impact":null,"html":"<option value=\"50\">+50 Miles</option>","target":["option[value=\"50\"]"]},{"any":[{"id":"region","data":{"isIframe":false},"relatedNodes":[],"impact":"moderate","message":"All page content is contained by landmarks"}],"all":[],"none":[],"impact":null,"html":"<option value=\"100\">+100 Miles</option>","target":["option[value=\"100\"]"]},{"any":[{"id":"region","data":{"isIframe":false},"relatedNodes":[],"impact":"moderate","message":"All page content is contained by landmarks"}],"all":[],"none":[],"impact":null,"html":"<option disabled=\"\" value=\"\">All locations</option>","target":["option:nth-child(7)"]},{"any":[{"id":"region","data":{"isIframe":false},"relatedNodes":[],"impact":"moderate","message":"All page content is contained by landmarks"}],"all":[],"none":[],"impact":null,"html":"<details class=\"nhsuk-details nhsuk-expander\">","target":["details:nth-child(14)"]},{"any":[{"id":"region","data":{"isIframe":false},"relatedNodes":[],"impact":"moderate","message":"All page content is contained by landmarks"}],"all":[],"none":[],"impact":null,"html":"<summary class=\"nhsuk-details__summary\" role=\"button\" aria-controls=\"covid-jobs-only\" aria-expanded=\"false\" data-test=\"filter-covid-only\">\n                <span class=\"nhsuk-details__summary-text\">\n                    COVID-19\n                </span>\n            </summary>","target":["summary[aria-controls=\"covid-jobs-only\"]"]},{"any":[{"id":"region","data":{"isIframe":false},"relatedNodes":[],"impact":"moderate","message":"All page content is contained by landmarks"}],"all":[],"none":[],"impact":null,"html":"<span class=\"nhsuk-details__summary-text\">\n                    COVID-19\n                </span>","target":["summary[aria-controls=\"covid-jobs-only\"] > .nhsuk-details__summary-text"]},{"any":[{"id":"region","data":{"isIframe":false},"relatedNodes":[],"impact":"moderate","message":"All page content is contained by landmarks"}],"all":[],"none":[],"impact":null,"html":"<details class=\"nhsuk-details nhsuk-expander\">","target":["details:nth-child(15)"]},{"any":[{"id":"region","data":{"isIframe":false},"relatedNodes":[],"impact":"moderate","message":"All page content is contained by landmarks"}],"all":[],"none":[],"impact":null,"html":"<summary id=\"working-patterns-expander\" class=\"nhsuk-details__summary \" role=\"button\" aria-controls=\"working-pattern-details\" aria-expanded=\"false\" data-test=\"filter-working-pattern\">","target":["#working-patterns-expander"]},{"any":[{"id":"region","data":{"isIframe":false},"relatedNodes":[],"impact":"moderate","message":"All page content is contained by landmarks"}],"all":[],"none":[],"impact":null,"html":"<span class=\"nhsuk-details__summary-text\">\n                    Working pattern\n                </span>","target":["#working-patterns-expander > .nhsuk-details__summary-text"]},{"any":[{"id":"region","data":{"isIframe":false},"relatedNodes":[],"impact":"moderate","message":"All page content is contained by landmarks"}],"all":[],"none":[],"impact":null,"html":"<details class=\"nhsuk-details nhsuk-expander\">","target":["details:nth-child(16)"]},{"any":[{"id":"region","data":{"isIframe":false},"relatedNodes":[],"impact":"moderate","message":"All page content is contained by landmarks"}],"all":[],"none":[],"impact":null,"html":"<summary class=\"nhsuk-details__summary\" role=\"button\" aria-controls=\"contract-type-details\" aria-expanded=\"false\" data-test=\"filter-contract-type\">\n                <span class=\"nhsuk-details__summary-text\">Contract type</span>\n            </summary>","target":["summary[aria-controls=\"contract-type-details\"]"]},{"any":[{"id":"region","data":{"isIframe":false},"relatedNodes":[],"impact":"moderate","message":"All page content is contained by landmarks"}],"all":[],"none":[],"impact":null,"html":"<span class=\"nhsuk-details__summary-text\">Contract type</span>","target":["summary[aria-controls=\"contract-type-details\"] > .nhsuk-details__summary-text"]},{"any":[{"id":"region","data":{"isIframe":false},"relatedNodes":[],"impact":"moderate","message":"All page content is contained by landmarks"}],"all":[],"none":[],"impact":null,"html":"<details class=\"nhsuk-details nhsuk-expander\">","target":["details:nth-child(17)"]},{"any":[{"id":"region","data":{"isIframe":false},"relatedNodes":[],"impact":"moderate","message":"All page content is contained by landmarks"}],"all":[],"none":[],"impact":null,"html":"<summary class=\"nhsuk-details__summary\" role=\"button\" aria-controls=\"staff-group-details\" aria-expanded=\"false\" data-test=\"filter-staff-group\">\n                <span class=\"nhsuk-details__summary-text\">\n                    Staff group\n                </span>\n            </summary>","target":["summary[aria-controls=\"staff-group-details\"]"]},{"any":[{"id":"region","data":{"isIframe":false},"relatedNodes":[],"impact":"moderate","message":"All page content is contained by landmarks"}],"all":[],"none":[],"impact":null,"html":"<span class=\"nhsuk-details__summary-text\">\n                    Staff group\n                </span>","target":["summary[aria-controls=\"staff-group-details\"] > .nhsuk-details__summary-text"]},{"any":[{"id":"region","data":{"isIframe":false},"relatedNodes":[],"impact":"moderate","message":"All page content is contained by landmarks"}],"all":[],"none":[],"impact":null,"html":"<details class=\"nhsuk-details nhsuk-expander\">","target":["details:nth-child(18)"]},{"any":[{"id":"region","data":{"isIframe":false},"relatedNodes":[],"impact":"moderate","message":"All page content is contained by landmarks"}],"all":[],"none":[],"impact":null,"html":"<summary class=\"nhsuk-details__summary\" role=\"button\" aria-controls=\"pay-range-details\" aria-expanded=\"false\" data-test=\"filter-pay-range\">\n                <span class=\"nhsuk-details__summary-text\">\n                    Pay range\n                </span>\n            </summary>","target":["summary[aria-controls=\"pay-range-details\"]"]},{"any":[{"id":"region","data":{"isIframe":false},"relatedNodes":[],"impact":"moderate","message":"All page content is contained by landmarks"}],"all":[],"none":[],"impact":null,"html":"<span class=\"nhsuk-details__summary-text\">\n                    Pay range\n                </span>","target":["summary[aria-controls=\"pay-range-details\"] > .nhsuk-details__summary-text"]},{"any":[{"id":"region","data":{"isIframe":false},"relatedNodes":[],"impact":"moderate","message":"All page content is contained by landmarks"}],"all":[],"none":[],"impact":null,"html":"<details class=\"nhsuk-details nhsuk-expander\">","target":["details:nth-child(19)"]},{"any":[{"id":"region","data":{"isIframe":false},"relatedNodes":[],"impact":"moderate","message":"All page content is contained by landmarks"}],"all":[],"none":[],"impact":null,"html":"<summary class=\"nhsuk-details__summary\" role=\"button\" aria-controls=\"pay-band-details\" aria-expanded=\"false\" data-test=\"filter-pay-band\">","target":["summary[aria-controls=\"pay-band-details\"]"]},{"any":[{"id":"region","data":{"isIframe":false},"relatedNodes":[],"impact":"moderate","message":"All page content is contained by landmarks"}],"all":[],"none":[],"impact":null,"html":"<span class=\"vsm-payband nhsuk-details__summary-text\">\n                    NHS pay grades and schemes\n                </span>","target":[".vsm-payband"]},{"any":[{"id":"region","data":{"isIframe":false},"relatedNodes":[],"impact":"moderate","message":"All page content is contained by landmarks"}],"all":[],"none":[],"impact":null,"html":"<input class=\"nhsuk-button nhsuk-button--primary\" type=\"submit\" id=\"refine-search\" value=\"Apply filters\" data-test=\"refine-search-button\">","target":["#refine-search"]},{"any":[{"id":"region","data":{"isIframe":false},"relatedNodes":[],"impact":"moderate","message":"All page content is contained by landmarks"}],"all":[],"none":[],"impact":null,"html":"<p>\n        <a href=\"/candidate/search/results?keyword=Admin&amp;location=Manchester\" data-test=\"filter-clear\">Clear filters\n        </a>\n    </p>","target":["form > p"]},{"any":[{"id":"region","data":{"isIframe":false},"relatedNodes":[],"impact":"moderate","message":"All page content is contained by landmarks"}],"all":[],"none":[],"impact":null,"html":"<a href=\"/candidate/search/results?keyword=Admin&amp;location=Manchester\" data-test=\"filter-clear\">Clear filters\n        </a>","target":["a[data-test=\"filter-clear\"]"]},{"any":[{"id":"region","data":{"isIframe":false},"relatedNodes":[],"impact":"moderate","message":"All page content is contained by landmarks"}],"all":[],"none":[],"impact":null,"html":"<div class=\"hide-mobile\">\n      \n        <h3 class=\"nhsuk-heading-m\">\n    <a href=\"/candidate/search/save/alerts\" data-test=\"save-search\">Save this search</a>\n</h3>\n<p class=\"nhsuk-body\">You’ll also be able to set up job alert emails for your saved search.</p>   \n      \n    </div>","target":[".no-top-padding-small-screen > .hide-mobile"]},{"any":[{"id":"region","data":{"isIframe":false},"relatedNodes":[],"impact":"moderate","message":"All page content is contained by landmarks"}],"all":[],"none":[],"impact":null,"html":"<h3 class=\"nhsuk-heading-m\">\n    <a href=\"/candidate/search/save/alerts\" data-test=\"save-search\">Save this search</a>\n</h3>","target":[".hide-mobile > h3"]},{"any":[{"id":"region","data":{"isIframe":false},"relatedNodes":[],"impact":"moderate","message":"All page content is contained by landmarks"}],"all":[],"none":[],"impact":null,"html":"<a href=\"/candidate/search/save/alerts\" data-test=\"save-search\">Save this search</a>","target":[".hide-mobile > h3 > a[data-test=\"save-search\"][href$=\"alerts\"]"]},{"any":[{"id":"region","data":{"isIframe":false},"relatedNodes":[],"impact":"moderate","message":"All page content is contained by landmarks"}],"all":[],"none":[],"impact":null,"html":"<p class=\"nhsuk-body\">You’ll also be able to set up job alert emails for your saved search.</p>","target":[".hide-mobile > .nhsuk-body"]},{"any":[{"id":"region","data":{"isIframe":false},"relatedNodes":[],"impact":"moderate","message":"All page content is contained by landmarks"}],"all":[],"none":[],"impact":null,"html":"<div class=\"nhsuk-grid-column-two-thirds \">","target":[".nhsuk-grid-row:nth-child(2) > .nhsuk-grid-column-two-thirds"]},{"any":[{"id":"region","data":{"isIframe":false},"relatedNodes":[],"impact":"moderate","message":"All page content is contained by landmarks"}],"all":[],"none":[],"impact":null,"html":"<form method=\"post\" name=\"sortform\">","target":["form[name=\"sortform\"]"]},{"any":[{"id":"region","data":{"isIframe":false},"relatedNodes":[],"impact":"moderate","message":"All page content is contained by landmarks"}],"all":[],"none":[],"impact":null,"html":"<div class=\"hide-label nhsuk-u-margin-bottom-3 search-sort-wrapper results-found\" style=\"display: flex; align-items: center;\">","target":[".hide-label"]},{"any":[{"id":"region","data":{"isIframe":false},"relatedNodes":[],"impact":"moderate","message":"All page content is contained by landmarks"}],"all":[],"none":[],"impact":null,"html":"<div class=\"nhsuk-form-group\">","target":[".hide-label > .nhsuk-form-group:nth-child(1)"]},{"any":[{"id":"region","data":{"isIframe":false},"relatedNodes":[],"impact":"moderate","message":"All page content is contained by landmarks"}],"all":[],"none":[],"impact":null,"html":"<label class=\"nhsuk-label nhsuk-inline-label\" for=\"sort\">Sort by</label>","target":[".nhsuk-inline-label"]},{"any":[{"id":"region","data":{"isIframe":false},"relatedNodes":[],"impact":"moderate","message":"All page content is contained by landmarks"}],"all":[],"none":[],"impact":null,"html":"<select class=\"nhsuk-select nhsuk-inline-select\" id=\"sort\" name=\"sort\" data-test=\"sort-input\" value=\"\" onchange=\"sortform.submit()\">","target":["#sort"]},{"any":[{"id":"region","data":{"isIframe":false},"relatedNodes":[],"impact":"moderate","message":"All page content is contained by landmarks"}],"all":[],"none":[],"impact":null,"html":"<option selected=\"\" value=\"\">Best Match</option>","target":["#sort > option:nth-child(1)"]},{"any":[{"id":"region","data":{"isIframe":false},"relatedNodes":[],"impact":"moderate","message":"All page content is contained by landmarks"}],"all":[],"none":[],"impact":null,"html":"<option value=\"closingDate\">Closing Date</option>","target":["option[value=\"closingDate\"]"]},{"any":[{"id":"region","data":{"isIframe":false},"relatedNodes":[],"impact":"moderate","message":"All page content is contained by landmarks"}],"all":[],"none":[],"impact":null,"html":"<option value=\"publicationDateDesc\">Date Posted (newest)</option>","target":["option[value=\"publicationDateDesc\"]"]},{"any":[{"id":"region","data":{"isIframe":false},"relatedNodes":[],"impact":"moderate","message":"All page content is contained by landmarks"}],"all":[],"none":[],"impact":null,"html":"<option value=\"salaryAsc\">Salary lowest to highest</option>","target":["option[value=\"salaryAsc\"]"]},{"any":[{"id":"region","data":{"isIframe":false},"relatedNodes":[],"impact":"moderate","message":"All page content is contained by landmarks"}],"all":[],"none":[],"impact":null,"html":"<option value=\"salaryDesc\">Salary highest to lowest</option>","target":["option[value=\"salaryDesc\"]"]},{"any":[{"id":"region","data":{"isIframe":false},"relatedNodes":[],"impact":"moderate","message":"All page content is contained by landmarks"}],"all":[],"none":[],"impact":null,"html":"<option value=\"distance\">Distance</option>","target":["option[value=\"distance\"]"]},{"any":[{"id":"region","data":{"isIframe":false},"relatedNodes":[],"impact":"moderate","message":"All page content is contained by landmarks"}],"all":[],"none":[],"impact":null,"html":"<div class=\"nhsuk-form-group nhsuk-grid-column-auto\" style=\"margin-left: auto;\">","target":[".nhsuk-grid-column-auto"]},{"any":[{"id":"region","data":{"isIframe":false},"relatedNodes":[],"impact":"moderate","message":"All page content is contained by landmarks"}],"all":[],"none":[],"impact":null,"html":"<a href=\"/candidate/search/save/alerts\" class=\"save-job-3\" id=\"create-job-alert\">","target":["#create-job-alert"]},{"any":[{"id":"region","data":{"isIframe":false},"relatedNodes":[],"impact":"moderate","message":"All page content is contained by landmarks"}],"all":[],"none":[],"impact":null,"html":"<span>Create job alert</span>","target":["#create-job-alert > span"]},{"any":[{"id":"region","data":{"isIframe":false},"relatedNodes":[],"impact":"moderate","message":"All page content is contained by landmarks"}],"all":[],"none":[],"impact":null,"html":"<ul class=\"nhsuk-list search-results\">","target":[".search-results"]},{"any":[{"id":"region","data":{"isIframe":false},"relatedNodes":[],"impact":"moderate","message":"All page content is contained by landmarks"}],"all":[],"none":[],"impact":null,"html":"<li class=\"nhsuk-list-panel search-result nhsuk-u-padding-3\" data-test=\"search-result\">","target":[".nhsuk-list-panel.search-result.nhsuk-u-padding-3:nth-child(1)"]},{"any":[{"id":"region","data":{"isIframe":false},"relatedNodes":[],"impact":"moderate","message":"All page content is contained by landmarks"}],"all":[],"none":[],"impact":null,"html":"<div class=\"nhsuk-grid-row\">","target":[".nhsuk-list-panel.search-result.nhsuk-u-padding-3:nth-child(1) > .nhsuk-grid-row:nth-child(1)"]},{"any":[{"id":"region","data":{"isIframe":false},"relatedNodes":[],"impact":"moderate","message":"All page content is contained by landmarks"}],"all":[],"none":[],"impact":null,"html":"<div class=\"nhsuk-grid-column-two-thirds\">","target":[".nhsuk-list-panel.search-result.nhsuk-u-padding-3:nth-child(1) > .nhsuk-grid-row:nth-child(1) > .nhsuk-grid-column-two-thirds"]},{"any":[{"id":"region","data":{"isIframe":false},"relatedNodes":[],"impact":"moderate","message":"All page content is contained by landmarks"}],"all":[],"none":[],"impact":null,"html":"<h2 class=\"nhsuk-heading-m nhsuk-u-margin-bottom-2\" id=\"job-title-1\">","target":["#job-title-1"]},{"any":[{"id":"region","data":{"isIframe":false},"relatedNodes":[],"impact":"moderate","message":"All page content is contained by landmarks"}],"all":[],"none":[],"impact":null,"html":"<a href=\"/candidate/jobadvert/A1797-25-00491?keyword=Admin&amp;location=Manchester&amp;distance=5&amp;language=en\" id=\"first-result-title\" data-test=\"search-result-job-title\">\n              Assistant Admin Manager\n            </a>","target":["#first-result-title"]},{"any":[{"id":"region","data":{"isIframe":false},"relatedNodes":[],"impact":"moderate","message":"All page content is contained by landmarks"}],"all":[],"none":[],"impact":null,"html":"<div class=\"save-job nhsuk-u-margin-right-3\">","target":[".nhsuk-list-panel.search-result.nhsuk-u-padding-3:nth-child(1) > .nhsuk-grid-row:nth-child(1) > .save-job.nhsuk-u-margin-right-3"]},{"any":[{"id":"region","data":{"isIframe":false},"relatedNodes":[],"impact":"moderate","message":"All page content is contained by landmarks"}],"all":[],"none":[],"impact":null,"html":"<a href=\"/candidate/search/save-job/A1797-25-00491\" data-test=\"search-result-save-job\" aria-label=\"Save this job: Assistant Admin Manager (Reference number: A1797-25-00491)\">\n              Save this job\n            </a>","target":[".nhsuk-list-panel.search-result.nhsuk-u-padding-3:nth-child(1) > .nhsuk-grid-row:nth-child(1) > .save-job.nhsuk-u-margin-right-3 > a[data-test=\"search-result-save-job\"]"]},{"any":[{"id":"region","data":{"isIframe":false},"relatedNodes":[],"impact":"moderate","message":"All page content is contained by landmarks"}],"all":[],"none":[],"impact":null,"html":"<div class=\"nhsuk-u-margin-bottom-4\" data-test=\"search-result-location\">\n        <h3 class=\"nhsuk-u-font-weight-bold\">\n          Omnes Healthcare Limited \n          <div class=\"location-font-size\">\n            \n              Manchester M3 5NA\n            \n          </div>\n        </h3>\n      </div>","target":[".nhsuk-list-panel.search-result.nhsuk-u-padding-3:nth-child(1) > .nhsuk-u-margin-bottom-4[data-test=\"search-result-location\"]"]},{"any":[{"id":"region","data":{"isIframe":false},"relatedNodes":[],"impact":"moderate","message":"All page content is contained by landmarks"}],"all":[],"none":[],"impact":null,"html":"<h3 class=\"nhsuk-u-font-weight-bold\">\n          Omnes Healthcare Limited \n          <div class=\"location-font-size\">\n            \n              Manchester M3 5NA\n            \n          </div>\n        </h3>","target":[".nhsuk-list-panel.search-result.nhsuk-u-padding-3:nth-child(1) > .nhsuk-u-margin-bottom-4[data-test=\"search-result-location\"] > h3"]},{"any":[{"id":"region","data":{"isIframe":false},"relatedNodes":[],"impact":"moderate","message":"All page content is contained by landmarks"}],"all":[],"none":[],"impact":null,"html":"<div class=\"location-font-size\">\n            \n              Manchester M3 5NA\n            \n          </div>","target":[".nhsuk-list-panel.search-result.nhsuk-u-padding-3:nth-child(1) > .nhsuk-u-margin-bottom-4[data-test=\"search-result-location\"] > h3 > .location-font-size"]},{"any":[{"id":"region","data":{"isIframe":false},"relatedNodes":[],"impact":"moderate","message":"All page content is contained by landmarks"}],"all":[],"none":[],"impact":null,"html":"<div class=\"nhsuk-grid-row\">","target":[".nhsuk-list-panel.search-result.nhsuk-u-padding-3:nth-child(1) > .nhsuk-grid-row:nth-child(3)"]},{"any":[{"id":"region","data":{"isIframe":false},"relatedNodes":[],"impact":"moderate","message":"All page content is contained by landmarks"}],"all":[],"none":[],"impact":null,"html":"<div class=\"nhsuk-grid-column-one-half\">","target":[".nhsuk-list-panel.search-result.nhsuk-u-padding-3:nth-child(1) > .nhsuk-grid-row:nth-child(3) > .nhsuk-grid-column-one-half:nth-child(1)"]},{"any":[{"id":"region","data":{"isIframe":false},"relatedNodes":[],"impact":"moderate","message":"All page content is contained by landmarks"}],"all":[],"none":[],"impact":null,"html":"<ul class=\"ad-job-info nhsuk-list first-ad-job-info\">","target":[".nhsuk-list-panel.search-result.nhsuk-u-padding-3:nth-child(1) > .nhsuk-grid-row:nth-child(3) > .nhsuk-grid-column-one-half:nth-child(1) > .first-ad-job-info.ad-job-info.nhsuk-list"]},{"any":[{"id":"region","data":{"isIframe":false},"relatedNodes":[],"impact":"moderate","message":"All page content is contained by landmarks"}],"all":[],"none":[],"impact":null,"html":"<li data-test=\"search-result-salary\" class=\"marginBt\">\n                Salary: \n                <strong class=\"nhsuk-u-font-weight-bold\">\n                  Depends on experience\n                </strong>\n              </li>","target":[".nhsuk-list-panel.search-result.nhsuk-u-padding-3:nth-child(1) > .nhsuk-grid-row:nth-child(3) > .nhsuk-grid-column-one-half:nth-child(1) > .first-ad-job-info.ad-job-info.nhsuk-list > .marginBt[data-test=\"search-result-salary\"]"]},{"any":[{"id":"region","data":{"isIframe":false},"relatedNodes":[],"impact":"moderate","message":"All page content is contained by landmarks"}],"all":[],"none":[],"impact":null,"html":"<strong class=\"nhsuk-u-font-weight-bold\">\n                  Depends on experience\n                </strong>","target":[".nhsuk-list-panel.search-result.nhsuk-u-padding-3:nth-child(1) > .nhsuk-grid-row:nth-child(3) > .nhsuk-grid-column-one-half:nth-child(1) > .first-ad-job-info.ad-job-info.nhsuk-list > .marginBt[data-test=\"search-result-salary\"] > strong"]},{"any":[{"id":"region","data":{"isIframe":false},"relatedNodes":[],"impact":"moderate","message":"All page content is contained by landmarks"}],"all":[],"none":[],"impact":null,"html":"<li data-test=\"search-result-distance\" class=\"marginBt\">\n                Distance: \n                <strong class=\"nhsuk-u-font-weight-bold\">\n                  0.9 miles\n                </strong>\n              </li>","target":[".nhsuk-list-panel.search-result.nhsuk-u-padding-3:nth-child(1) > .nhsuk-grid-row:nth-child(3) > .nhsuk-grid-column-one-half:nth-child(1) > .first-ad-job-info.ad-job-info.nhsuk-list > .marginBt[data-test=\"search-result-distance\"]"]},{"any":[{"id":"region","data":{"isIframe":false},"relatedNodes":[],"impact":"moderate","message":"All page content is contained by landmarks"}],"all":[],"none":[],"impact":null,"html":"<strong class=\"nhsuk-u-font-weight-bold\">\n                  0.9 miles\n                </strong>","target":[".nhsuk-list-panel.search-result.nhsuk-u-padding-3:nth-child(1) > .nhsuk-grid-row:nth-child(3) > .nhsuk-grid-column-one-half:nth-child(1) > .first-ad-job-info.ad-job-info.nhsuk-list > .marginBt[data-test=\"search-result-distance\"] > strong"]},{"any":[{"id":"region","data":{"isIframe":false},"relatedNodes":[],"impact":"moderate","message":"All page content is contained by landmarks"}],"all":[],"none":[],"impact":null,"html":"<li data-test=\"search-result-publicationDate\">\n                Date posted: \n                <strong class=\"nhsuk-u-font-weight-bold\">\n                  20 June 2025\n                </strong>\n              </li>","target":[".nhsuk-list-panel.search-result.nhsuk-u-padding-3:nth-child(1) > .nhsuk-grid-row:nth-child(3) > .nhsuk-grid-column-one-half:nth-child(1) > .first-ad-job-info.ad-job-info.nhsuk-list > li[data-test=\"search-result-publicationDate\"]"]},{"any":[{"id":"region","data":{"isIframe":false},"relatedNodes":[],"impact":"moderate","message":"All page content is contained by landmarks"}],"all":[],"none":[],"impact":null,"html":"<strong class=\"nhsuk-u-font-weight-bold\">\n                  20 June 2025\n                </strong>","target":[".nhsuk-list-panel.search-result.nhsuk-u-padding-3:nth-child(1) > .nhsuk-grid-row:nth-child(3) > .nhsuk-grid-column-one-half:nth-child(1) > .first-ad-job-info.ad-job-info.nhsuk-list > li[data-test=\"search-result-publicationDate\"] > strong"]},{"any":[{"id":"region","data":{"isIframe":false},"relatedNodes":[],"impact":"moderate","message":"All page content is contained by landmarks"}],"all":[],"none":[],"impact":null,"html":"<div class=\"nhsuk-grid-column-one-half\">","target":[".nhsuk-list-panel.search-result.nhsuk-u-padding-3:nth-child(1) > .nhsuk-grid-row:nth-child(3) > .nhsuk-grid-column-one-half:nth-child(2)"]},{"any":[{"id":"region","data":{"isIframe":false},"relatedNodes":[],"impact":"moderate","message":"All page content is contained by landmarks"}],"all":[],"none":[],"impact":null,"html":"<ul class=\"ad-job-info nhsuk-list\">","target":[".nhsuk-list-panel.search-result.nhsuk-u-padding-3:nth-child(1) > .nhsuk-grid-row:nth-child(3) > .nhsuk-grid-column-one-half:nth-child(2) > .ad-job-info.nhsuk-list"]},{"any":[{"id":"region","data":{"isIframe":false},"relatedNodes":[],"impact":"moderate","message":"All page content is contained by landmarks"}],"all":[],"none":[],"impact":null,"html":"<li data-test=\"search-result-jobType\" class=\"marginBt\">\n              Contract type: \n              <strong class=\"nhsuk-u-font-weight-bold\">\n                Permanent\n              </strong>\n            </li>","target":[".nhsuk-list-panel.search-result.nhsuk-u-padding-3:nth-child(1) > .nhsuk-grid-row:nth-child(3) > .nhsuk-grid-column-one-half:nth-child(2) > .ad-job-info.nhsuk-list > .marginBt[data-test=\"search-result-jobType\"]"]},{"any":[{"id":"region","data":{"isIframe":false},"relatedNodes":[],"impact":"moderate","message":"All page content is contained by landmarks"}],"all":[],"none":[],"impact":null,"html":"<strong class=\"nhsuk-u-font-weight-bold\">\n                Permanent\n              </strong>","target":[".nhsuk-list-panel.search-result.nhsuk-u-padding-3:nth-child(1) > .nhsuk-grid-row:nth-child(3) > .nhsuk-grid-column-one-half:nth-child(2) > .ad-job-info.nhsuk-list > .marginBt[data-test=\"search-result-jobType\"] > strong"]},{"any":[{"id":"region","data":{"isIframe":false},"relatedNodes":[],"impact":"moderate","message":"All page content is contained by landmarks"}],"all":[],"none":[],"impact":null,"html":"<li data-test=\"search-result-workingPattern\" class=\"marginBt\">\n              Working pattern: \n              <strong class=\"nhsuk-u-font-weight-bold\">\n                Full time\n              </strong>\n            </li>","target":[".nhsuk-list-panel.search-result.nhsuk-u-padding-3:nth-child(1) > .nhsuk-grid-row:nth-child(3) > .nhsuk-grid-column-one-half:nth-child(2) > .ad-job-info.nhsuk-list > .marginBt[data-test=\"search-result-workingPattern\"]"]},{"any":[{"id":"region","data":{"isIframe":false},"relatedNodes":[],"impact":"moderate","message":"All page content is contained by landmarks"}],"all":[],"none":[],"impact":null,"html":"<strong class=\"nhsuk-u-font-weight-bold\">\n                Full time\n              </strong>","target":[".nhsuk-list-panel.search-result.nhsuk-u-padding-3:nth-child(1) > .nhsuk-grid-row:nth-child(3) > .nhsuk-grid-column-one-half:nth-child(2) > .ad-job-info.nhsuk-list > .marginBt[data-test=\"search-result-workingPattern\"] > strong"]},{"any":[{"id":"region","data":{"isIframe":false},"relatedNodes":[],"impact":"moderate","message":"All page content is contained by landmarks"}],"all":[],"none":[],"impact":null,"html":"<li data-test=\"search-result-closingDate\">\n                Closing date: \n                <strong class=\"nhsuk-u-font-weight-bold\">\n                  30 June 2025\n                </strong>\n              </li>","target":[".nhsuk-list-panel.search-result.nhsuk-u-padding-3:nth-child(1) > .nhsuk-grid-row:nth-child(3) > .nhsuk-grid-column-one-half:nth-child(2) > .ad-job-info.nhsuk-list > li[data-test=\"search-result-closingDate\"]"]},{"any":[{"id":"region","data":{"isIframe":false},"relatedNodes":[],"impact":"moderate","message":"All page content is contained by landmarks"}],"all":[],"none":[],"impact":null,"html":"<strong class=\"nhsuk-u-font-weight-bold\">\n                  30 June 2025\n                </strong>","target":[".nhsuk-list-panel.search-result.nhsuk-u-padding-3:nth-child(1) > .nhsuk-grid-row:nth-child(3) > .nhsuk-grid-column-one-half:nth-child(2) > .ad-job-info.nhsuk-list > li[data-test=\"search-result-closingDate\"] > strong"]},{"any":[{"id":"region","data":{"isIframe":false},"relatedNodes":[],"impact":"moderate","message":"All page content is contained by landmarks"}],"all":[],"none":[],"impact":null,"html":"<li class=\"nhsuk-list-panel search-result nhsuk-u-padding-3\" data-test=\"search-result\">","target":[".nhsuk-list-panel.search-result.nhsuk-u-padding-3:nth-child(2)"]},{"any":[{"id":"region","data":{"isIframe":false},"relatedNodes":[],"impact":"moderate","message":"All page content is contained by landmarks"}],"all":[],"none":[],"impact":null,"html":"<div class=\"nhsuk-grid-row\">","target":[".nhsuk-list-panel.search-result.nhsuk-u-padding-3:nth-child(2) > .nhsuk-grid-row:nth-child(1)"]},{"any":[{"id":"region","data":{"isIframe":false},"relatedNodes":[],"impact":"moderate","message":"All page content is contained by landmarks"}],"all":[],"none":[],"impact":null,"html":"<div class=\"nhsuk-grid-column-two-thirds\">","target":[".nhsuk-list-panel.search-result.nhsuk-u-padding-3:nth-child(2) > .nhsuk-grid-row:nth-child(1) > .nhsuk-grid-column-two-thirds"]},{"any":[{"id":"region","data":{"isIframe":false},"relatedNodes":[],"impact":"moderate","message":"All page content is contained by landmarks"}],"all":[],"none":[],"impact":null,"html":"<h2 class=\"nhsuk-heading-m nhsuk-u-margin-bottom-2\" id=\"job-title-2\">","target":["#job-title-2"]},{"any":[{"id":"region","data":{"isIframe":false},"relatedNodes":[],"impact":"moderate","message":"All page content is contained by landmarks"}],"all":[],"none":[],"impact":null,"html":"<a href=\"/candidate/jobadvert/C9349-25-1873?keyword=Admin&amp;location=Manchester&amp;distance=5&amp;language=en\" data-test=\"search-result-job-title\">\n              Reception &amp; Admin Assistant\n            </a>","target":["#job-title-2 > a[data-test=\"search-result-job-title\"]"]},{"any":[{"id":"region","data":{"isIframe":false},"relatedNodes":[],"impact":"moderate","message":"All page content is contained by landmarks"}],"all":[],"none":[],"impact":null,"html":"<div class=\"save-job nhsuk-u-margin-right-3\">","target":[".nhsuk-list-panel.search-result.nhsuk-u-padding-3:nth-child(2) > .nhsuk-grid-row:nth-child(1) > .save-job.nhsuk-u-margin-right-3"]},{"any":[{"id":"region","data":{"isIframe":false},"relatedNodes":[],"impact":"moderate","message":"All page content is contained by landmarks"}],"all":[],"none":[],"impact":null,"html":"<a href=\"/candidate/search/save-job/C9349-25-1873\" data-test=\"search-result-save-job\" aria-label=\"Save this job: Reception &amp; Admin Assistant (Reference number: C9349-25-1873)\">\n              Save this job\n            </a>","target":[".nhsuk-list-panel.search-result.nhsuk-u-padding-3:nth-child(2) > .nhsuk-grid-row:nth-child(1) > .save-job.nhsuk-u-margin-right-3 > a[data-test=\"search-result-save-job\"]"]},{"any":[{"id":"region","data":{"isIframe":false},"relatedNodes":[],"impact":"moderate","message":"All page content is contained by landmarks"}],"all":[],"none":[],"impact":null,"html":"<div class=\"nhsuk-u-margin-bottom-4\" data-test=\"search-result-location\">","target":[".nhsuk-list-panel.search-result.nhsuk-u-padding-3:nth-child(2) > .nhsuk-u-margin-bottom-4[data-test=\"search-result-location\"]"]},{"any":[{"id":"region","data":{"isIframe":false},"relatedNodes":[],"impact":"moderate","message":"All page content is contained by landmarks"}],"all":[],"none":[],"impact":null,"html":"<h3 class=\"nhsuk-u-font-weight-bold\">\n          Manchester University NHS Foundation Trust\n          <div class=\"location-font-size\">\n            \n              Manchester M8 5RB\n            \n          </div>\n        </h3>","target":[".nhsuk-list-panel.search-result.nhsuk-u-padding-3:nth-child(2) > .nhsuk-u-margin-bottom-4[data-test=\"search-result-location\"] > h3"]},{"any":[{"id":"region","data":{"isIframe":false},"relatedNodes":[],"impact":"moderate","message":"All page content is contained by landmarks"}],"all":[],"none":[],"impact":null,"html":"<div class=\"location-font-size\">\n            \n              Manchester M8 5RB\n            \n          </div>","target":[".nhsuk-list-panel.search-result.nhsuk-u-padding-3:nth-child(2) > .nhsuk-u-margin-bottom-4[data-test=\"search-result-location\"] > h3 > .location-font-size"]},{"any":[{"id":"region","data":{"isIframe":false},"relatedNodes":[],"impact":"moderate","message":"All page content is contained by landmarks"}],"all":[],"none":[],"impact":null,"html":"<div class=\"nhsuk-grid-row\">","target":[".nhsuk-list-panel.search-result.nhsuk-u-padding-3:nth-child(2) > .nhsuk-grid-row:nth-child(3)"]},{"any":[{"id":"region","data":{"isIframe":false},"relatedNodes":[],"impact":"moderate","message":"All page content is contained by landmarks"}],"all":[],"none":[],"impact":null,"html":"<div class=\"nhsuk-grid-column-one-half\">","target":[".nhsuk-list-panel.search-result.nhsuk-u-padding-3:nth-child(2) > .nhsuk-grid-row:nth-child(3) > .nhsuk-grid-column-one-half:nth-child(1)"]},{"any":[{"id":"region","data":{"isIframe":false},"relatedNodes":[],"impact":"moderate","message":"All page content is contained by landmarks"}],"all":[],"none":[],"impact":null,"html":"<ul class=\"ad-job-info nhsuk-list first-ad-job-info\">","target":[".nhsuk-list-panel.search-result.nhsuk-u-padding-3:nth-child(2) > .nhsuk-grid-row:nth-child(3) > .nhsuk-grid-column-one-half:nth-child(1) > .first-ad-job-info.ad-job-info.nhsuk-list"]},{"any":[{"id":"region","data":{"isIframe":false},"relatedNodes":[],"impact":"moderate","message":"All page content is contained by landmarks"}],"all":[],"none":[],"impact":null,"html":"<li data-test=\"search-result-salary\" class=\"marginBt\">\n                Salary: \n                <strong class=\"nhsuk-u-font-weight-bold\">\n                  £24,169\n                  \n                    a year\n                  \n                </strong>\n              </li>","target":[".nhsuk-list-panel.search-result.nhsuk-u-padding-3:nth-child(2) > .nhsuk-grid-row:nth-child(3) > .nhsuk-grid-column-one-half:nth-child(1) > .first-ad-job-info.ad-job-info.nhsuk-list > .marginBt[data-test=\"search-result-salary\"]"]},{"any":[{"id":"region","data":{"isIframe":false},"relatedNodes":[],"impact":"moderate","message":"All page content is contained by landmarks"}],"all":[],"none":[],"impact":null,"html":"<strong class=\"nhsuk-u-font-weight-bold\">\n                  £24,169\n                  \n                    a year\n                  \n                </strong>","target":[".nhsuk-list-panel.search-result.nhsuk-u-padding-3:nth-child(2) > .nhsuk-grid-row:nth-child(3) > .nhsuk-grid-column-one-half:nth-child(1) > .first-ad-job-info.ad-job-info.nhsuk-list > .marginBt[data-test=\"search-result-salary\"] > strong"]},{"any":[{"id":"region","data":{"isIframe":false},"relatedNodes":[],"impact":"moderate","message":"All page content is contained by landmarks"}],"all":[],"none":[],"impact":null,"html":"<li data-test=\"search-result-distance\" class=\"marginBt\">\n                Distance: \n                <strong class=\"nhsuk-u-font-weight-bold\">\n                  3.1 miles\n                </strong>\n              </li>","target":[".nhsuk-list-panel.search-result.nhsuk-u-padding-3:nth-child(2) > .nhsuk-grid-row:nth-child(3) > .nhsuk-grid-column-one-half:nth-child(1) > .first-ad-job-info.ad-job-info.nhsuk-list > .marginBt[data-test=\"search-result-distance\"]"]},{"any":[{"id":"region","data":{"isIframe":false},"relatedNodes":[],"impact":"moderate","message":"All page content is contained by landmarks"}],"all":[],"none":[],"impact":null,"html":"<strong class=\"nhsuk-u-font-weight-bold\">\n                  3.1 miles\n                </strong>","target":[".nhsuk-list-panel.search-result.nhsuk-u-padding-3:nth-child(2) > .nhsuk-grid-row:nth-child(3) > .nhsuk-grid-column-one-half:nth-child(1) > .first-ad-job-info.ad-job-info.nhsuk-list > .marginBt[data-test=\"search-result-distance\"] > strong"]},{"any":[{"id":"region","data":{"isIframe":false},"relatedNodes":[],"impact":"moderate","message":"All page content is contained by landmarks"}],"all":[],"none":[],"impact":null,"html":"<li data-test=\"search-result-publicationDate\">\n                Date posted: \n                <strong class=\"nhsuk-u-font-weight-bold\">\n                  17 June 2025\n                </strong>\n              </li>","target":[".nhsuk-list-panel.search-result.nhsuk-u-padding-3:nth-child(2) > .nhsuk-grid-row:nth-child(3) > .nhsuk-grid-column-one-half:nth-child(1) > .first-ad-job-info.ad-job-info.nhsuk-list > li[data-test=\"search-result-publicationDate\"]"]},{"any":[{"id":"region","data":{"isIframe":false},"relatedNodes":[],"impact":"moderate","message":"All page content is contained by landmarks"}],"all":[],"none":[],"impact":null,"html":"<strong class=\"nhsuk-u-font-weight-bold\">\n                  17 June 2025\n                </strong>","target":[".nhsuk-list-panel.search-result.nhsuk-u-padding-3:nth-child(2) > .nhsuk-grid-row:nth-child(3) > .nhsuk-grid-column-one-half:nth-child(1) > .first-ad-job-info.ad-job-info.nhsuk-list > li[data-test=\"search-result-publicationDate\"] > strong"]},{"any":[{"id":"region","data":{"isIframe":false},"relatedNodes":[],"impact":"moderate","message":"All page content is contained by landmarks"}],"all":[],"none":[],"impact":null,"html":"<div class=\"nhsuk-grid-column-one-half\">","target":[".nhsuk-list-panel.search-result.nhsuk-u-padding-3:nth-child(2) > .nhsuk-grid-row:nth-child(3) > .nhsuk-grid-column-one-half:nth-child(2)"]},{"any":[{"id":"region","data":{"isIframe":false},"relatedNodes":[],"impact":"moderate","message":"All page content is contained by landmarks"}],"all":[],"none":[],"impact":null,"html":"<ul class=\"ad-job-info nhsuk-list\">","target":[".nhsuk-list-panel.search-result.nhsuk-u-padding-3:nth-child(2) > .nhsuk-grid-row:nth-child(3) > .nhsuk-grid-column-one-half:nth-child(2) > .ad-job-info.nhsuk-list"]},{"any":[{"id":"region","data":{"isIframe":false},"relatedNodes":[],"impact":"moderate","message":"All page content is contained by landmarks"}],"all":[],"none":[],"impact":null,"html":"<li data-test=\"search-result-jobType\" class=\"marginBt\">\n              Contract type: \n              <strong class=\"nhsuk-u-font-weight-bold\">\n                Permanent\n              </strong>\n            </li>","target":[".nhsuk-list-panel.search-result.nhsuk-u-padding-3:nth-child(2) > .nhsuk-grid-row:nth-child(3) > .nhsuk-grid-column-one-half:nth-child(2) > .ad-job-info.nhsuk-list > .marginBt[data-test=\"search-result-jobType\"]"]},{"any":[{"id":"region","data":{"isIframe":false},"relatedNodes":[],"impact":"moderate","message":"All page content is contained by landmarks"}],"all":[],"none":[],"impact":null,"html":"<strong class=\"nhsuk-u-font-weight-bold\">\n                Permanent\n              </strong>","target":[".nhsuk-list-panel.search-result.nhsuk-u-padding-3:nth-child(2) > .nhsuk-grid-row:nth-child(3) > .nhsuk-grid-column-one-half:nth-child(2) > .ad-job-info.nhsuk-list > .marginBt[data-test=\"search-result-jobType\"] > strong"]},{"any":[{"id":"region","data":{"isIframe":false},"relatedNodes":[],"impact":"moderate","message":"All page content is contained by landmarks"}],"all":[],"none":[],"impact":null,"html":"<li data-test=\"search-result-workingPattern\" class=\"marginBt\">\n              Working pattern: \n              <strong class=\"nhsuk-u-font-weight-bold\">\n                Part time\n              </strong>\n            </li>","target":[".nhsuk-list-panel.search-result.nhsuk-u-padding-3:nth-child(2) > .nhsuk-grid-row:nth-child(3) > .nhsuk-grid-column-one-half:nth-child(2) > .ad-job-info.nhsuk-list > .marginBt[data-test=\"search-result-workingPattern\"]"]},{"any":[{"id":"region","data":{"isIframe":false},"relatedNodes":[],"impact":"moderate","message":"All page content is contained by landmarks"}],"all":[],"none":[],"impact":null,"html":"<strong class=\"nhsuk-u-font-weight-bold\">\n                Part time\n              </strong>","target":[".nhsuk-list-panel.search-result.nhsuk-u-padding-3:nth-child(2) > .nhsuk-grid-row:nth-child(3) > .nhsuk-grid-column-one-half:nth-child(2) > .ad-job-info.nhsuk-list > .marginBt[data-test=\"search-result-workingPattern\"] > strong"]},{"any":[{"id":"region","data":{"isIframe":false},"relatedNodes":[],"impact":"moderate","message":"All page content is contained by landmarks"}],"all":[],"none":[],"impact":null,"html":"<li data-test=\"search-result-closingDate\">\n                Closing date: \n                <strong class=\"nhsuk-u-font-weight-bold\">\n                  1 July 2025\n                </strong>\n              </li>","target":[".nhsuk-list-panel.search-result.nhsuk-u-padding-3:nth-child(2) > .nhsuk-grid-row:nth-child(3) > .nhsuk-grid-column-one-half:nth-child(2) > .ad-job-info.nhsuk-list > li[data-test=\"search-result-closingDate\"]"]},{"any":[{"id":"region","data":{"isIframe":false},"relatedNodes":[],"impact":"moderate","message":"All page content is contained by landmarks"}],"all":[],"none":[],"impact":null,"html":"<strong class=\"nhsuk-u-font-weight-bold\">\n                  1 July 2025\n                </strong>","target":[".nhsuk-list-panel.search-result.nhsuk-u-padding-3:nth-child(2) > .nhsuk-grid-row:nth-child(3) > .nhsuk-grid-column-one-half:nth-child(2) > .ad-job-info.nhsuk-list > li[data-test=\"search-result-closingDate\"] > strong"]},{"any":[{"id":"region","data":{"isIframe":false},"relatedNodes":[],"impact":"moderate","message":"All page content is contained by landmarks"}],"all":[],"none":[],"impact":null,"html":"<li class=\"nhsuk-list-panel search-result nhsuk-u-padding-3\" data-test=\"search-result\">","target":[".nhsuk-list-panel.search-result.nhsuk-u-padding-3:nth-child(3)"]},{"any":[{"id":"region","data":{"isIframe":false},"relatedNodes":[],"impact":"moderate","message":"All page content is contained by landmarks"}],"all":[],"none":[],"impact":null,"html":"<div class=\"nhsuk-grid-row\">","target":[".nhsuk-list-panel.search-result.nhsuk-u-padding-3:nth-child(3) > .nhsuk-grid-row:nth-child(1)"]},{"any":[{"id":"region","data":{"isIframe":false},"relatedNodes":[],"impact":"moderate","message":"All page content is contained by landmarks"}],"all":[],"none":[],"impact":null,"html":"<div class=\"nhsuk-grid-column-two-thirds\">","target":[".nhsuk-list-panel.search-result.nhsuk-u-padding-3:nth-child(3) > .nhsuk-grid-row:nth-child(1) > .nhsuk-grid-column-two-thirds"]},{"any":[{"id":"region","data":{"isIframe":false},"relatedNodes":[],"impact":"moderate","message":"All page content is contained by landmarks"}],"all":[],"none":[],"impact":null,"html":"<h2 class=\"nhsuk-heading-m nhsuk-u-margin-bottom-2\" id=\"job-title-3\">","target":["#job-title-3"]},{"any":[{"id":"region","data":{"isIframe":false},"relatedNodes":[],"impact":"moderate","message":"All page content is contained by landmarks"}],"all":[],"none":[],"impact":null,"html":"<a href=\"/candidate/jobadvert/A3462-25-0001?keyword=Admin&amp;location=Manchester&amp;distance=5&amp;language=en\" data-test=\"search-result-job-title\">\n              Experienced Medical Receptionist\n            </a>","target":["#job-title-3 > a[data-test=\"search-result-job-title\"]"]},{"any":[{"id":"region","data":{"isIframe":false},"relatedNodes":[],"impact":"moderate","message":"All page content is contained by landmarks"}],"all":[],"none":[],"impact":null,"html":"<div class=\"save-job nhsuk-u-margin-right-3\">","target":[".nhsuk-list-panel.search-result.nhsuk-u-padding-3:nth-child(3) > .nhsuk-grid-row:nth-child(1) > .save-job.nhsuk-u-margin-right-3"]},{"any":[{"id":"region","data":{"isIframe":false},"relatedNodes":[],"impact":"moderate","message":"All page content is contained by landmarks"}],"all":[],"none":[],"impact":null,"html":"<a href=\"/candidate/search/save-job/A3462-25-0001\" data-test=\"search-result-save-job\" aria-label=\"Save this job: Experienced Medical Receptionist (Reference number: A3462-25-0001)\">\n              Save this job\n            </a>","target":[".nhsuk-list-panel.search-result.nhsuk-u-padding-3:nth-child(3) > .nhsuk-grid-row:nth-child(1) > .save-job.nhsuk-u-margin-right-3 > a[data-test=\"search-result-save-job\"]"]},{"any":[{"id":"region","data":{"isIframe":false},"relatedNodes":[],"impact":"moderate","message":"All page content is contained by landmarks"}],"all":[],"none":[],"impact":null,"html":"<div class=\"nhsuk-u-margin-bottom-4\" data-test=\"search-result-location\">\n        <h3 class=\"nhsuk-u-font-weight-bold\">\n          West Point Medical Centre\n          <div class=\"location-font-size\">\n            \n              Manchester M19 2AF\n            \n          </div>\n        </h3>\n      </div>","target":[".nhsuk-list-panel.search-result.nhsuk-u-padding-3:nth-child(3) > .nhsuk-u-margin-bottom-4[data-test=\"search-result-location\"]"]},{"any":[{"id":"region","data":{"isIframe":false},"relatedNodes":[],"impact":"moderate","message":"All page content is contained by landmarks"}],"all":[],"none":[],"impact":null,"html":"<h3 class=\"nhsuk-u-font-weight-bold\">\n          West Point Medical Centre\n          <div class=\"location-font-size\">\n            \n              Manchester M19 2AF\n            \n          </div>\n        </h3>","target":[".nhsuk-list-panel.search-result.nhsuk-u-padding-3:nth-child(3) > .nhsuk-u-margin-bottom-4[data-test=\"search-result-location\"] > h3"]},{"any":[{"id":"region","data":{"isIframe":false},"relatedNodes":[],"impact":"moderate","message":"All page content is contained by landmarks"}],"all":[],"none":[],"impact":null,"html":"<div class=\"location-font-size\">\n            \n              Manchester M19 2AF\n            \n          </div>","target":[".nhsuk-list-panel.search-result.nhsuk-u-padding-3:nth-child(3) > .nhsuk-u-margin-bottom-4[data-test=\"search-result-location\"] > h3 > .location-font-size"]},{"any":[{"id":"region","data":{"isIframe":false},"relatedNodes":[],"impact":"moderate","message":"All page content is contained by landmarks"}],"all":[],"none":[],"impact":null,"html":"<div class=\"nhsuk-grid-row\">","target":[".nhsuk-list-panel.search-result.nhsuk-u-padding-3:nth-child(3) > .nhsuk-grid-row:nth-child(3)"]},{"any":[{"id":"region","data":{"isIframe":false},"relatedNodes":[],"impact":"moderate","message":"All page content is contained by landmarks"}],"all":[],"none":[],"impact":null,"html":"<div class=\"nhsuk-grid-column-one-half\">","target":[".nhsuk-list-panel.search-result.nhsuk-u-padding-3:nth-child(3) > .nhsuk-grid-row:nth-child(3) > .nhsuk-grid-column-one-half:nth-child(1)"]},{"any":[{"id":"region","data":{"isIframe":false},"relatedNodes":[],"impact":"moderate","message":"All page content is contained by landmarks"}],"all":[],"none":[],"impact":null,"html":"<ul class=\"ad-job-info nhsuk-list first-ad-job-info\">","target":[".nhsuk-list-panel.search-result.nhsuk-u-padding-3:nth-child(3) > .nhsuk-grid-row:nth-child(3) > .nhsuk-grid-column-one-half:nth-child(1) > .first-ad-job-info.ad-job-info.nhsuk-list"]},{"any":[{"id":"region","data":{"isIframe":false},"relatedNodes":[],"impact":"moderate","message":"All page content is contained by landmarks"}],"all":[],"none":[],"impact":null,"html":"<li data-test=\"search-result-salary\" class=\"marginBt\">\n                Salary: \n                <strong class=\"nhsuk-u-font-weight-bold\">\n                  Depends on experience\n                </strong>\n              </li>","target":[".nhsuk-list-panel.search-result.nhsuk-u-padding-3:nth-child(3) > .nhsuk-grid-row:nth-child(3) > .nhsuk-grid-column-one-half:nth-child(1) > .first-ad-job-info.ad-job-info.nhsuk-list > .marginBt[data-test=\"search-result-salary\"]"]},{"any":[{"id":"region","data":{"isIframe":false},"relatedNodes":[],"impact":"moderate","message":"All page content is contained by landmarks"}],"all":[],"none":[],"impact":null,"html":"<strong class=\"nhsuk-u-font-weight-bold\">\n                  Depends on experience\n                </strong>","target":[".nhsuk-list-panel.search-result.nhsuk-u-padding-3:nth-child(3) > .nhsuk-grid-row:nth-child(3) > .nhsuk-grid-column-one-half:nth-child(1) > .first-ad-job-info.ad-job-info.nhsuk-list > .marginBt[data-test=\"search-result-salary\"] > strong"]},{"any":[{"id":"region","data":{"isIframe":false},"relatedNodes":[],"impact":"moderate","message":"All page content is contained by landmarks"}],"all":[],"none":[],"impact":null,"html":"<li data-test=\"search-result-distance\" class=\"marginBt\">\n                Distance: \n                <strong class=\"nhsuk-u-font-weight-bold\">\n                  3.7 miles\n                </strong>\n              </li>","target":[".nhsuk-list-panel.search-result.nhsuk-u-padding-3:nth-child(3) > .nhsuk-grid-row:nth-child(3) > .nhsuk-grid-column-one-half:nth-child(1) > .first-ad-job-info.ad-job-info.nhsuk-list > .marginBt[data-test=\"search-result-distance\"]"]},{"any":[{"id":"region","data":{"isIframe":false},"relatedNodes":[],"impact":"moderate","message":"All page content is contained by landmarks"}],"all":[],"none":[],"impact":null,"html":"<strong class=\"nhsuk-u-font-weight-bold\">\n                  3.7 miles\n                </strong>","target":[".nhsuk-list-panel.search-result.nhsuk-u-padding-3:nth-child(3) > .nhsuk-grid-row:nth-child(3) > .nhsuk-grid-column-one-half:nth-child(1) > .first-ad-job-info.ad-job-info.nhsuk-list > .marginBt[data-test=\"search-result-distance\"] > strong"]},{"any":[{"id":"region","data":{"isIframe":false},"relatedNodes":[],"impact":"moderate","message":"All page content is contained by landmarks"}],"all":[],"none":[],"impact":null,"html":"<li data-test=\"search-result-publicationDate\">\n                Date posted: \n                <strong class=\"nhsuk-u-font-weight-bold\">\n                  6 June 2025\n                </strong>\n              </li>","target":[".nhsuk-list-panel.search-result.nhsuk-u-padding-3:nth-child(3) > .nhsuk-grid-row:nth-child(3) > .nhsuk-grid-column-one-half:nth-child(1) > .first-ad-job-info.ad-job-info.nhsuk-list > li[data-test=\"search-result-publicationDate\"]"]},{"any":[{"id":"region","data":{"isIframe":false},"relatedNodes":[],"impact":"moderate","message":"All page content is contained by landmarks"}],"all":[],"none":[],"impact":null,"html":"<strong class=\"nhsuk-u-font-weight-bold\">\n                  6 June 2025\n                </strong>","target":[".nhsuk-list-panel.search-result.nhsuk-u-padding-3:nth-child(3) > .nhsuk-grid-row:nth-child(3) > .nhsuk-grid-column-one-half:nth-child(1) > .first-ad-job-info.ad-job-info.nhsuk-list > li[data-test=\"search-result-publicationDate\"] > strong"]},{"any":[{"id":"region","data":{"isIframe":false},"relatedNodes":[],"impact":"moderate","message":"All page content is contained by landmarks"}],"all":[],"none":[],"impact":null,"html":"<div class=\"nhsuk-grid-column-one-half\">","target":[".nhsuk-list-panel.search-result.nhsuk-u-padding-3:nth-child(3) > .nhsuk-grid-row:nth-child(3) > .nhsuk-grid-column-one-half:nth-child(2)"]},{"any":[{"id":"region","data":{"isIframe":false},"relatedNodes":[],"impact":"moderate","message":"All page content is contained by landmarks"}],"all":[],"none":[],"impact":null,"html":"<ul class=\"ad-job-info nhsuk-list\">","target":[".nhsuk-list-panel.search-result.nhsuk-u-padding-3:nth-child(3) > .nhsuk-grid-row:nth-child(3) > .nhsuk-grid-column-one-half:nth-child(2) > .ad-job-info.nhsuk-list"]},{"any":[{"id":"region","data":{"isIframe":false},"relatedNodes":[],"impact":"moderate","message":"All page content is contained by landmarks"}],"all":[],"none":[],"impact":null,"html":"<li data-test=\"search-result-jobType\" class=\"marginBt\">\n              Contract type: \n              <strong class=\"nhsuk-u-font-weight-bold\">\n                Permanent\n              </strong>\n            </li>","target":[".nhsuk-list-panel.search-result.nhsuk-u-padding-3:nth-child(3) > .nhsuk-grid-row:nth-child(3) > .nhsuk-grid-column-one-half:nth-child(2) > .ad-job-info.nhsuk-list > .marginBt[data-test=\"search-result-jobType\"]"]},{"any":[{"id":"region","data":{"isIframe":false},"relatedNodes":[],"impact":"moderate","message":"All page content is contained by landmarks"}],"all":[],"none":[],"impact":null,"html":"<strong class=\"nhsuk-u-font-weight-bold\">\n                Permanent\n              </strong>","target":[".nhsuk-list-panel.search-result.nhsuk-u-padding-3:nth-child(3) > .nhsuk-grid-row:nth-child(3) > .nhsuk-grid-column-one-half:nth-child(2) > .ad-job-info.nhsuk-list > .marginBt[data-test=\"search-result-jobType\"] > strong"]},{"any":[{"id":"region","data":{"isIframe":false},"relatedNodes":[],"impact":"moderate","message":"All page content is contained by landmarks"}],"all":[],"none":[],"impact":null,"html":"<li data-test=\"search-result-workingPattern\" class=\"marginBt\">\n              Working pattern: \n              <strong class=\"nhsuk-u-font-weight-bold\">\n                Full time, Part time\n              </strong>\n            </li>","target":[".nhsuk-list-panel.search-result.nhsuk-u-padding-3:nth-child(3) > .nhsuk-grid-row:nth-child(3) > .nhsuk-grid-column-one-half:nth-child(2) > .ad-job-info.nhsuk-list > .marginBt[data-test=\"search-result-workingPattern\"]"]},{"any":[{"id":"region","data":{"isIframe":false},"relatedNodes":[],"impact":"moderate","message":"All page content is contained by landmarks"}],"all":[],"none":[],"impact":null,"html":"<strong class=\"nhsuk-u-font-weight-bold\">\n                Full time, Part time\n              </strong>","target":[".nhsuk-list-panel.search-result.nhsuk-u-padding-3:nth-child(3) > .nhsuk-grid-row:nth-child(3) > .nhsuk-grid-column-one-half:nth-child(2) > .ad-job-info.nhsuk-list > .marginBt[data-test=\"search-result-workingPattern\"] > strong"]},{"any":[{"id":"region","data":{"isIframe":false},"relatedNodes":[],"impact":"moderate","message":"All page content is contained by landmarks"}],"all":[],"none":[],"impact":null,"html":"<li data-test=\"search-result-closingDate\">\n                Closing date: \n                <strong class=\"nhsuk-u-font-weight-bold\">\n                  15 July 2025\n                </strong>\n              </li>","target":[".nhsuk-list-panel.search-result.nhsuk-u-padding-3:nth-child(3) > .nhsuk-grid-row:nth-child(3) > .nhsuk-grid-column-one-half:nth-child(2) > .ad-job-info.nhsuk-list > li[data-test=\"search-result-closingDate\"]"]},{"any":[{"id":"region","data":{"isIframe":false},"relatedNodes":[],"impact":"moderate","message":"All page content is contained by landmarks"}],"all":[],"none":[],"impact":null,"html":"<strong class=\"nhsuk-u-font-weight-bold\">\n                  15 July 2025\n                </strong>","target":[".nhsuk-list-panel.search-result.nhsuk-u-padding-3:nth-child(3) > .nhsuk-grid-row:nth-child(3) > .nhsuk-grid-column-one-half:nth-child(2) > .ad-job-info.nhsuk-list > li[data-test=\"search-result-closingDate\"] > strong"]},{"any":[{"id":"region","data":{"isIframe":false},"relatedNodes":[],"impact":"moderate","message":"All page content is contained by landmarks"}],"all":[],"none":[],"impact":null,"html":"<li class=\"nhsuk-list-panel search-result nhsuk-u-padding-3\" data-test=\"search-result\">","target":[".nhsuk-list-panel.search-result.nhsuk-u-padding-3:nth-child(4)"]},{"any":[{"id":"region","data":{"isIframe":false},"relatedNodes":[],"impact":"moderate","message":"All page content is contained by landmarks"}],"all":[],"none":[],"impact":null,"html":"<div class=\"nhsuk-grid-row\">","target":[".nhsuk-list-panel.search-result.nhsuk-u-padding-3:nth-child(4) > .nhsuk-grid-row:nth-child(1)"]},{"any":[{"id":"region","data":{"isIframe":false},"relatedNodes":[],"impact":"moderate","message":"All page content is contained by landmarks"}],"all":[],"none":[],"impact":null,"html":"<div class=\"nhsuk-grid-column-two-thirds\">","target":[".nhsuk-list-panel.search-result.nhsuk-u-padding-3:nth-child(4) > .nhsuk-grid-row:nth-child(1) > .nhsuk-grid-column-two-thirds"]},{"any":[{"id":"region","data":{"isIframe":false},"relatedNodes":[],"impact":"moderate","message":"All page content is contained by landmarks"}],"all":[],"none":[],"impact":null,"html":"<h2 class=\"nhsuk-heading-m nhsuk-u-margin-bottom-2\" id=\"job-title-4\">","target":["#job-title-4"]},{"any":[{"id":"region","data":{"isIframe":false},"relatedNodes":[],"impact":"moderate","message":"All page content is contained by landmarks"}],"all":[],"none":[],"impact":null,"html":"<a href=\"/candidate/jobadvert/C9437-25-0495?keyword=Admin&amp;location=Manchester&amp;distance=5&amp;language=en\" data-test=\"search-result-job-title\">\n              Senior Administrator\n            </a>","target":["#job-title-4 > a[data-test=\"search-result-job-title\"]"]},{"any":[{"id":"region","data":{"isIframe":false},"relatedNodes":[],"impact":"moderate","message":"All page content is contained by landmarks"}],"all":[],"none":[],"impact":null,"html":"<div class=\"save-job nhsuk-u-margin-right-3\">","target":[".nhsuk-list-panel.search-result.nhsuk-u-padding-3:nth-child(4) > .nhsuk-grid-row:nth-child(1) > .save-job.nhsuk-u-margin-right-3"]},{"any":[{"id":"region","data":{"isIframe":false},"relatedNodes":[],"impact":"moderate","message":"All page content is contained by landmarks"}],"all":[],"none":[],"impact":null,"html":"<a href=\"/candidate/search/save-job/C9437-25-0495\" data-test=\"search-result-save-job\" aria-label=\"Save this job: Senior Administrator (Reference number: C9437-25-0495)\">\n              Save this job\n            </a>","target":[".nhsuk-list-panel.search-result.nhsuk-u-padding-3:nth-child(4) > .nhsuk-grid-row:nth-child(1) > .save-job.nhsuk-u-margin-right-3 > a[data-test=\"search-result-save-job\"]"]},{"any":[{"id":"region","data":{"isIframe":false},"relatedNodes":[],"impact":"moderate","message":"All page content is contained by landmarks"}],"all":[],"none":[],"impact":null,"html":"<div class=\"nhsuk-u-margin-bottom-4\" data-test=\"search-result-location\">","target":[".nhsuk-list-panel.search-result.nhsuk-u-padding-3:nth-child(4) > .nhsuk-u-margin-bottom-4[data-test=\"search-result-location\"]"]},{"any":[{"id":"region","data":{"isIframe":false},"relatedNodes":[],"impact":"moderate","message":"All page content is contained by landmarks"}],"all":[],"none":[],"impact":null,"html":"<h3 class=\"nhsuk-u-font-weight-bold\">\n          Greater Manchester Mental Health NHSFT\n          <div class=\"location-font-size\">\n            \n              Salford M7 2YL\n            \n          </div>\n        </h3>","target":[".nhsuk-list-panel.search-result.nhsuk-u-padding-3:nth-child(4) > .nhsuk-u-margin-bottom-4[data-test=\"search-result-location\"] > h3"]},{"any":[{"id":"region","data":{"isIframe":false},"relatedNodes":[],"impact":"moderate","message":"All page content is contained by landmarks"}],"all":[],"none":[],"impact":null,"html":"<div class=\"location-font-size\">\n            \n              Salford M7 2YL\n            \n          </div>","target":[".nhsuk-list-panel.search-result.nhsuk-u-padding-3:nth-child(4) > .nhsuk-u-margin-bottom-4[data-test=\"search-result-location\"] > h3 > .location-font-size"]},{"any":[{"id":"region","data":{"isIframe":false},"relatedNodes":[],"impact":"moderate","message":"All page content is contained by landmarks"}],"all":[],"none":[],"impact":null,"html":"<div class=\"nhsuk-grid-row\">","target":[".nhsuk-list-panel.search-result.nhsuk-u-padding-3:nth-child(4) > .nhsuk-grid-row:nth-child(3)"]},{"any":[{"id":"region","data":{"isIframe":false},"relatedNodes":[],"impact":"moderate","message":"All page content is contained by landmarks"}],"all":[],"none":[],"impact":null,"html":"<div class=\"nhsuk-grid-column-one-half\">","target":[".nhsuk-list-panel.search-result.nhsuk-u-padding-3:nth-child(4) > .nhsuk-grid-row:nth-child(3) > .nhsuk-grid-column-one-half:nth-child(1)"]},{"any":[{"id":"region","data":{"isIframe":false},"relatedNodes":[],"impact":"moderate","message":"All page content is contained by landmarks"}],"all":[],"none":[],"impact":null,"html":"<ul class=\"ad-job-info nhsuk-list first-ad-job-info\">","target":[".nhsuk-list-panel.search-result.nhsuk-u-padding-3:nth-child(4) > .nhsuk-grid-row:nth-child(3) > .nhsuk-grid-column-one-half:nth-child(1) > .first-ad-job-info.ad-job-info.nhsuk-list"]},{"any":[{"id":"region","data":{"isIframe":false},"relatedNodes":[],"impact":"moderate","message":"All page content is contained by landmarks"}],"all":[],"none":[],"impact":null,"html":"<li data-test=\"search-result-salary\" class=\"marginBt\">\n                Salary: \n                <strong class=\"nhsuk-u-font-weight-bold\">\n                  £26,530 to £29,114\n                  \n                    a year\n                  \n                </strong>\n              </li>","target":[".nhsuk-list-panel.search-result.nhsuk-u-padding-3:nth-child(4) > .nhsuk-grid-row:nth-child(3) > .nhsuk-grid-column-one-half:nth-child(1) > .first-ad-job-info.ad-job-info.nhsuk-list > .marginBt[data-test=\"search-result-salary\"]"]},{"any":[{"id":"region","data":{"isIframe":false},"relatedNodes":[],"impact":"moderate","message":"All page content is contained by landmarks"}],"all":[],"none":[],"impact":null,"html":"<strong class=\"nhsuk-u-font-weight-bold\">\n                  £26,530 to £29,114\n                  \n                    a year\n                  \n                </strong>","target":[".nhsuk-list-panel.search-result.nhsuk-u-padding-3:nth-child(4) > .nhsuk-grid-row:nth-child(3) > .nhsuk-grid-column-one-half:nth-child(1) > .first-ad-job-info.ad-job-info.nhsuk-list > .marginBt[data-test=\"search-result-salary\"] > strong"]},{"any":[{"id":"region","data":{"isIframe":false},"relatedNodes":[],"impact":"moderate","message":"All page content is contained by landmarks"}],"all":[],"none":[],"impact":null,"html":"<li data-test=\"search-result-distance\" class=\"marginBt\">\n                Distance: \n                <strong class=\"nhsuk-u-font-weight-bold\">\n                  1.3 miles\n                </strong>\n              </li>","target":[".nhsuk-list-panel.search-result.nhsuk-u-padding-3:nth-child(4) > .nhsuk-grid-row:nth-child(3) > .nhsuk-grid-column-one-half:nth-child(1) > .first-ad-job-info.ad-job-info.nhsuk-list > .marginBt[data-test=\"search-result-distance\"]"]},{"any":[{"id":"region","data":{"isIframe":false},"relatedNodes":[],"impact":"moderate","message":"All page content is contained by landmarks"}],"all":[],"none":[],"impact":null,"html":"<strong class=\"nhsuk-u-font-weight-bold\">\n                  1.3 miles\n                </strong>","target":[".nhsuk-list-panel.search-result.nhsuk-u-padding-3:nth-child(4) > .nhsuk-grid-row:nth-child(3) > .nhsuk-grid-column-one-half:nth-child(1) > .first-ad-job-info.ad-job-info.nhsuk-list > .marginBt[data-test=\"search-result-distance\"] > strong"]},{"any":[{"id":"region","data":{"isIframe":false},"relatedNodes":[],"impact":"moderate","message":"All page content is contained by landmarks"}],"all":[],"none":[],"impact":null,"html":"<li data-test=\"search-result-publicationDate\">\n                Date posted: \n                <strong class=\"nhsuk-u-font-weight-bold\">\n                  23 June 2025\n                </strong>\n              </li>","target":[".nhsuk-list-panel.search-result.nhsuk-u-padding-3:nth-child(4) > .nhsuk-grid-row:nth-child(3) > .nhsuk-grid-column-one-half:nth-child(1) > .first-ad-job-info.ad-job-info.nhsuk-list > li[data-test=\"search-result-publicationDate\"]"]},{"any":[{"id":"region","data":{"isIframe":false},"relatedNodes":[],"impact":"moderate","message":"All page content is contained by landmarks"}],"all":[],"none":[],"impact":null,"html":"<strong class=\"nhsuk-u-font-weight-bold\">\n                  23 June 2025\n                </strong>","target":[".nhsuk-list-panel.search-result.nhsuk-u-padding-3:nth-child(4) > .nhsuk-grid-row:nth-child(3) > .nhsuk-grid-column-one-half:nth-child(1) > .first-ad-job-info.ad-job-info.nhsuk-list > li[data-test=\"search-result-publicationDate\"] > strong"]},{"any":[{"id":"region","data":{"isIframe":false},"relatedNodes":[],"impact":"moderate","message":"All page content is contained by landmarks"}],"all":[],"none":[],"impact":null,"html":"<div class=\"nhsuk-grid-column-one-half\">","target":[".nhsuk-list-panel.search-result.nhsuk-u-padding-3:nth-child(4) > .nhsuk-grid-row:nth-child(3) > .nhsuk-grid-column-one-half:nth-child(2)"]},{"any":[{"id":"region","data":{"isIframe":false},"relatedNodes":[],"impact":"moderate","message":"All page content is contained by landmarks"}],"all":[],"none":[],"impact":null,"html":"<ul class=\"ad-job-info nhsuk-list\">","target":[".nhsuk-list-panel.search-result.nhsuk-u-padding-3:nth-child(4) > .nhsuk-grid-row:nth-child(3) > .nhsuk-grid-column-one-half:nth-child(2) > .ad-job-info.nhsuk-list"]},{"any":[{"id":"region","data":{"isIframe":false},"relatedNodes":[],"impact":"moderate","message":"All page content is contained by landmarks"}],"all":[],"none":[],"impact":null,"html":"<li data-test=\"search-result-jobType\" class=\"marginBt\">\n              Contract type: \n              <strong class=\"nhsuk-u-font-weight-bold\">\n                Permanent\n              </strong>\n            </li>","target":[".nhsuk-list-panel.search-result.nhsuk-u-padding-3:nth-child(4) > .nhsuk-grid-row:nth-child(3) > .nhsuk-grid-column-one-half:nth-child(2) > .ad-job-info.nhsuk-list > .marginBt[data-test=\"search-result-jobType\"]"]},{"any":[{"id":"region","data":{"isIframe":false},"relatedNodes":[],"impact":"moderate","message":"All page content is contained by landmarks"}],"all":[],"none":[],"impact":null,"html":"<strong class=\"nhsuk-u-font-weight-bold\">\n                Permanent\n              </strong>","target":[".nhsuk-list-panel.search-result.nhsuk-u-padding-3:nth-child(4) > .nhsuk-grid-row:nth-child(3) > .nhsuk-grid-column-one-half:nth-child(2) > .ad-job-info.nhsuk-list > .marginBt[data-test=\"search-result-jobType\"] > strong"]},{"any":[{"id":"region","data":{"isIframe":false},"relatedNodes":[],"impact":"moderate","message":"All page content is contained by landmarks"}],"all":[],"none":[],"impact":null,"html":"<li data-test=\"search-result-workingPattern\" class=\"marginBt\">\n              Working pattern: \n              <strong class=\"nhsuk-u-font-weight-bold\">\n                Full time\n              </strong>\n            </li>","target":[".nhsuk-list-panel.search-result.nhsuk-u-padding-3:nth-child(4) > .nhsuk-grid-row:nth-child(3) > .nhsuk-grid-column-one-half:nth-child(2) > .ad-job-info.nhsuk-list > .marginBt[data-test=\"search-result-workingPattern\"]"]},{"any":[{"id":"region","data":{"isIframe":false},"relatedNodes":[],"impact":"moderate","message":"All page content is contained by landmarks"}],"all":[],"none":[],"impact":null,"html":"<strong class=\"nhsuk-u-font-weight-bold\">\n                Full time\n              </strong>","target":[".nhsuk-list-panel.search-result.nhsuk-u-padding-3:nth-child(4) > .nhsuk-grid-row:nth-child(3) > .nhsuk-grid-column-one-half:nth-child(2) > .ad-job-info.nhsuk-list > .marginBt[data-test=\"search-result-workingPattern\"] > strong"]},{"any":[{"id":"region","data":{"isIframe":false},"relatedNodes":[],"impact":"moderate","message":"All page content is contained by landmarks"}],"all":[],"none":[],"impact":null,"html":"<li data-test=\"search-result-closingDate\">\n                Closing date: \n                <strong class=\"nhsuk-u-font-weight-bold\">\n                  7 July 2025\n                </strong>\n              </li>","target":[".nhsuk-list-panel.search-result.nhsuk-u-padding-3:nth-child(4) > .nhsuk-grid-row:nth-child(3) > .nhsuk-grid-column-one-half:nth-child(2) > .ad-job-info.nhsuk-list > li[data-test=\"search-result-closingDate\"]"]},{"any":[{"id":"region","data":{"isIframe":false},"relatedNodes":[],"impact":"moderate","message":"All page content is contained by landmarks"}],"all":[],"none":[],"impact":null,"html":"<strong class=\"nhsuk-u-font-weight-bold\">\n                  7 July 2025\n                </strong>","target":[".nhsuk-list-panel.search-result.nhsuk-u-padding-3:nth-child(4) > .nhsuk-grid-row:nth-child(3) > .nhsuk-grid-column-one-half:nth-child(2) > .ad-job-info.nhsuk-list > li[data-test=\"search-result-closingDate\"] > strong"]},{"any":[{"id":"region","data":{"isIframe":false},"relatedNodes":[],"impact":"moderate","message":"All page content is contained by landmarks"}],"all":[],"none":[],"impact":null,"html":"<li class=\"nhsuk-list-panel search-result nhsuk-u-padding-3\" data-test=\"search-result\">","target":[".nhsuk-list-panel.search-result.nhsuk-u-padding-3:nth-child(5)"]},{"any":[{"id":"region","data":{"isIframe":false},"relatedNodes":[],"impact":"moderate","message":"All page content is contained by landmarks"}],"all":[],"none":[],"impact":null,"html":"<div class=\"nhsuk-grid-row\">","target":[".nhsuk-list-panel.search-result.nhsuk-u-padding-3:nth-child(5) > .nhsuk-grid-row:nth-child(1)"]},{"any":[{"id":"region","data":{"isIframe":false},"relatedNodes":[],"impact":"moderate","message":"All page content is contained by landmarks"}],"all":[],"none":[],"impact":null,"html":"<div class=\"nhsuk-grid-column-two-thirds\">","target":[".nhsuk-list-panel.search-result.nhsuk-u-padding-3:nth-child(5) > .nhsuk-grid-row:nth-child(1) > .nhsuk-grid-column-two-thirds"]},{"any":[{"id":"region","data":{"isIframe":false},"relatedNodes":[],"impact":"moderate","message":"All page content is contained by landmarks"}],"all":[],"none":[],"impact":null,"html":"<h2 class=\"nhsuk-heading-m nhsuk-u-margin-bottom-2\" id=\"job-title-5\">","target":["#job-title-5"]},{"any":[{"id":"region","data":{"isIframe":false},"relatedNodes":[],"impact":"moderate","message":"All page content is contained by landmarks"}],"all":[],"none":[],"impact":null,"html":"<a href=\"/candidate/jobadvert/C9437-25-0503?keyword=Admin&amp;location=Manchester&amp;distance=5&amp;language=en\" data-test=\"search-result-job-title\">\n              Team Administrator\n            </a>","target":["#job-title-5 > a[data-test=\"search-result-job-title\"]"]},{"any":[{"id":"region","data":{"isIframe":false},"relatedNodes":[],"impact":"moderate","message":"All page content is contained by landmarks"}],"all":[],"none":[],"impact":null,"html":"<div class=\"save-job nhsuk-u-margin-right-3\">","target":[".nhsuk-list-panel.search-result.nhsuk-u-padding-3:nth-child(5) > .nhsuk-grid-row:nth-child(1) > .save-job.nhsuk-u-margin-right-3"]},{"any":[{"id":"region","data":{"isIframe":false},"relatedNodes":[],"impact":"moderate","message":"All page content is contained by landmarks"}],"all":[],"none":[],"impact":null,"html":"<a href=\"/candidate/search/save-job/C9437-25-0503\" data-test=\"search-result-save-job\" aria-label=\"Save this job: Team Administrator (Reference number: C9437-25-0503)\">\n              Save this job\n            </a>","target":[".nhsuk-list-panel.search-result.nhsuk-u-padding-3:nth-child(5) > .nhsuk-grid-row:nth-child(1) > .save-job.nhsuk-u-margin-right-3 > a[data-test=\"search-result-save-job\"]"]},{"any":[{"id":"region","data":{"isIframe":false},"relatedNodes":[],"impact":"moderate","message":"All page content is contained by landmarks"}],"all":[],"none":[],"impact":null,"html":"<div class=\"nhsuk-u-margin-bottom-4\" data-test=\"search-result-location\">","target":[".nhsuk-list-panel.search-result.nhsuk-u-padding-3:nth-child(5) > .nhsuk-u-margin-bottom-4[data-test=\"search-result-location\"]"]},{"any":[{"id":"region","data":{"isIframe":false},"relatedNodes":[],"impact":"moderate","message":"All page content is contained by landmarks"}],"all":[],"none":[],"impact":null,"html":"<h3 class=\"nhsuk-u-font-weight-bold\">\n          Greater Manchester Mental Health NHSFT\n          <div class=\"location-font-size\">\n            \n              Manchester M60 9AH\n            \n          </div>\n        </h3>","target":[".nhsuk-list-panel.search-result.nhsuk-u-padding-3:nth-child(5) > .nhsuk-u-margin-bottom-4[data-test=\"search-result-location\"] > h3"]},{"any":[{"id":"region","data":{"isIframe":false},"relatedNodes":[],"impact":"moderate","message":"All page content is contained by landmarks"}],"all":[],"none":[],"impact":null,"html":"<div class=\"location-font-size\">\n            \n              Manchester M60 9AH\n            \n          </div>","target":[".nhsuk-list-panel.search-result.nhsuk-u-padding-3:nth-child(5) > .nhsuk-u-margin-bottom-4[data-test=\"search-result-location\"] > h3 > .location-font-size"]},{"any":[{"id":"region","data":{"isIframe":false},"relatedNodes":[],"impact":"moderate","message":"All page content is contained by landmarks"}],"all":[],"none":[],"impact":null,"html":"<div class=\"nhsuk-grid-row\">","target":[".nhsuk-list-panel.search-result.nhsuk-u-padding-3:nth-child(5) > .nhsuk-grid-row:nth-child(3)"]},{"any":[{"id":"region","data":{"isIframe":false},"relatedNodes":[],"impact":"moderate","message":"All page content is contained by landmarks"}],"all":[],"none":[],"impact":null,"html":"<div class=\"nhsuk-grid-column-one-half\">","target":[".nhsuk-list-panel.search-result.nhsuk-u-padding-3:nth-child(5) > .nhsuk-grid-row:nth-child(3) > .nhsuk-grid-column-one-half:nth-child(1)"]},{"any":[{"id":"region","data":{"isIframe":false},"relatedNodes":[],"impact":"moderate","message":"All page content is contained by landmarks"}],"all":[],"none":[],"impact":null,"html":"<ul class=\"ad-job-info nhsuk-list first-ad-job-info\">","target":[".nhsuk-list-panel.search-result.nhsuk-u-padding-3:nth-child(5) > .nhsuk-grid-row:nth-child(3) > .nhsuk-grid-column-one-half:nth-child(1) > .first-ad-job-info.ad-job-info.nhsuk-list"]},{"any":[{"id":"region","data":{"isIframe":false},"relatedNodes":[],"impact":"moderate","message":"All page content is contained by landmarks"}],"all":[],"none":[],"impact":null,"html":"<li data-test=\"search-result-salary\" class=\"marginBt\">\n                Salary: \n                <strong class=\"nhsuk-u-font-weight-bold\">\n                  £24,625 to £25,674\n                  \n                    a year\n                  \n                </strong>\n              </li>","target":[".nhsuk-list-panel.search-result.nhsuk-u-padding-3:nth-child(5) > .nhsuk-grid-row:nth-child(3) > .nhsuk-grid-column-one-half:nth-child(1) > .first-ad-job-info.ad-job-info.nhsuk-list > .marginBt[data-test=\"search-result-salary\"]"]},{"any":[{"id":"region","data":{"isIframe":false},"relatedNodes":[],"impact":"moderate","message":"All page content is contained by landmarks"}],"all":[],"none":[],"impact":null,"html":"<strong class=\"nhsuk-u-font-weight-bold\">\n                  £24,625 to £25,674\n                  \n                    a year\n                  \n                </strong>","target":[".nhsuk-list-panel.search-result.nhsuk-u-padding-3:nth-child(5) > .nhsuk-grid-row:nth-child(3) > .nhsuk-grid-column-one-half:nth-child(1) > .first-ad-job-info.ad-job-info.nhsuk-list > .marginBt[data-test=\"search-result-salary\"] > strong"]},{"any":[{"id":"region","data":{"isIframe":false},"relatedNodes":[],"impact":"moderate","message":"All page content is contained by landmarks"}],"all":[],"none":[],"impact":null,"html":"<li data-test=\"search-result-distance\" class=\"marginBt\">\n                Distance: \n                <strong class=\"nhsuk-u-font-weight-bold\">\n                  1.2 miles\n                </strong>\n              </li>","target":[".nhsuk-list-panel.search-result.nhsuk-u-padding-3:nth-child(5) > .nhsuk-grid-row:nth-child(3) > .nhsuk-grid-column-one-half:nth-child(1) > .first-ad-job-info.ad-job-info.nhsuk-list > .marginBt[data-test=\"search-result-distance\"]"]},{"any":[{"id":"region","data":{"isIframe":false},"relatedNodes":[],"impact":"moderate","message":"All page content is contained by landmarks"}],"all":[],"none":[],"impact":null,"html":"<strong class=\"nhsuk-u-font-weight-bold\">\n                  1.2 miles\n                </strong>","target":[".nhsuk-list-panel.search-result.nhsuk-u-padding-3:nth-child(5) > .nhsuk-grid-row:nth-child(3) > .nhsuk-grid-column-one-half:nth-child(1) > .first-ad-job-info.ad-job-info.nhsuk-list > .marginBt[data-test=\"search-result-distance\"] > strong"]},{"any":[{"id":"region","data":{"isIframe":false},"relatedNodes":[],"impact":"moderate","message":"All page content is contained by landmarks"}],"all":[],"none":[],"impact":null,"html":"<li data-test=\"search-result-publicationDate\">\n                Date posted: \n                <strong class=\"nhsuk-u-font-weight-bold\">\n                  24 June 2025\n                </strong>\n              </li>","target":[".nhsuk-list-panel.search-result.nhsuk-u-padding-3:nth-child(5) > .nhsuk-grid-row:nth-child(3) > .nhsuk-grid-column-one-half:nth-child(1) > .first-ad-job-info.ad-job-info.nhsuk-list > li[data-test=\"search-result-publicationDate\"]"]},{"any":[{"id":"region","data":{"isIframe":false},"relatedNodes":[],"impact":"moderate","message":"All page content is contained by landmarks"}],"all":[],"none":[],"impact":null,"html":"<strong class=\"nhsuk-u-font-weight-bold\">\n                  24 June 2025\n                </strong>","target":[".nhsuk-list-panel.search-result.nhsuk-u-padding-3:nth-child(5) > .nhsuk-grid-row:nth-child(3) > .nhsuk-grid-column-one-half:nth-child(1) > .first-ad-job-info.ad-job-info.nhsuk-list > li[data-test=\"search-result-publicationDate\"] > strong"]},{"any":[{"id":"region","data":{"isIframe":false},"relatedNodes":[],"impact":"moderate","message":"All page content is contained by landmarks"}],"all":[],"none":[],"impact":null,"html":"<div class=\"nhsuk-grid-column-one-half\">","target":[".nhsuk-list-panel.search-result.nhsuk-u-padding-3:nth-child(5) > .nhsuk-grid-row:nth-child(3) > .nhsuk-grid-column-one-half:nth-child(2)"]},{"any":[{"id":"region","data":{"isIframe":false},"relatedNodes":[],"impact":"moderate","message":"All page content is contained by landmarks"}],"all":[],"none":[],"impact":null,"html":"<ul class=\"ad-job-info nhsuk-list\">","target":[".nhsuk-list-panel.search-result.nhsuk-u-padding-3:nth-child(5) > .nhsuk-grid-row:nth-child(3) > .nhsuk-grid-column-one-half:nth-child(2) > .ad-job-info.nhsuk-list"]},{"any":[{"id":"region","data":{"isIframe":false},"relatedNodes":[],"impact":"moderate","message":"All page content is contained by landmarks"}],"all":[],"none":[],"impact":null,"html":"<li data-test=\"search-result-jobType\" class=\"marginBt\">\n              Contract type: \n              <strong class=\"nhsuk-u-font-weight-bold\">\n                Permanent\n              </strong>\n            </li>","target":[".nhsuk-list-panel.search-result.nhsuk-u-padding-3:nth-child(5) > .nhsuk-grid-row:nth-child(3) > .nhsuk-grid-column-one-half:nth-child(2) > .ad-job-info.nhsuk-list > .marginBt[data-test=\"search-result-jobType\"]"]},{"any":[{"id":"region","data":{"isIframe":false},"relatedNodes":[],"impact":"moderate","message":"All page content is contained by landmarks"}],"all":[],"none":[],"impact":null,"html":"<strong class=\"nhsuk-u-font-weight-bold\">\n                Permanent\n              </strong>","target":[".nhsuk-list-panel.search-result.nhsuk-u-padding-3:nth-child(5) > .nhsuk-grid-row:nth-child(3) > .nhsuk-grid-column-one-half:nth-child(2) > .ad-job-info.nhsuk-list > .marginBt[data-test=\"search-result-jobType\"] > strong"]},{"any":[{"id":"region","data":{"isIframe":false},"relatedNodes":[],"impact":"moderate","message":"All page content is contained by landmarks"}],"all":[],"none":[],"impact":null,"html":"<li data-test=\"search-result-workingPattern\" class=\"marginBt\">\n              Working pattern: \n              <strong class=\"nhsuk-u-font-weight-bold\">\n                Part time\n              </strong>\n            </li>","target":[".nhsuk-list-panel.search-result.nhsuk-u-padding-3:nth-child(5) > .nhsuk-grid-row:nth-child(3) > .nhsuk-grid-column-one-half:nth-child(2) > .ad-job-info.nhsuk-list > .marginBt[data-test=\"search-result-workingPattern\"]"]},{"any":[{"id":"region","data":{"isIframe":false},"relatedNodes":[],"impact":"moderate","message":"All page content is contained by landmarks"}],"all":[],"none":[],"impact":null,"html":"<strong class=\"nhsuk-u-font-weight-bold\">\n                Part time\n              </strong>","target":[".nhsuk-list-panel.search-result.nhsuk-u-padding-3:nth-child(5) > .nhsuk-grid-row:nth-child(3) > .nhsuk-grid-column-one-half:nth-child(2) > .ad-job-info.nhsuk-list > .marginBt[data-test=\"search-result-workingPattern\"] > strong"]},{"any":[{"id":"region","data":{"isIframe":false},"relatedNodes":[],"impact":"moderate","message":"All page content is contained by landmarks"}],"all":[],"none":[],"impact":null,"html":"<li data-test=\"search-result-closingDate\">\n                Closing date: \n                <strong class=\"nhsuk-u-font-weight-bold\">\n                  8 July 2025\n                </strong>\n              </li>","target":[".nhsuk-list-panel.search-result.nhsuk-u-padding-3:nth-child(5) > .nhsuk-grid-row:nth-child(3) > .nhsuk-grid-column-one-half:nth-child(2) > .ad-job-info.nhsuk-list > li[data-test=\"search-result-closingDate\"]"]},{"any":[{"id":"region","data":{"isIframe":false},"relatedNodes":[],"impact":"moderate","message":"All page content is contained by landmarks"}],"all":[],"none":[],"impact":null,"html":"<strong class=\"nhsuk-u-font-weight-bold\">\n                  8 July 2025\n                </strong>","target":[".nhsuk-list-panel.search-result.nhsuk-u-padding-3:nth-child(5) > .nhsuk-grid-row:nth-child(3) > .nhsuk-grid-column-one-half:nth-child(2) > .ad-job-info.nhsuk-list > li[data-test=\"search-result-closingDate\"] > strong"]},{"any":[{"id":"region","data":{"isIframe":false},"relatedNodes":[],"impact":"moderate","message":"All page content is contained by landmarks"}],"all":[],"none":[],"impact":null,"html":"<li class=\"nhsuk-list-panel search-result nhsuk-u-padding-3\" data-test=\"search-result\">","target":[".nhsuk-list-panel.search-result.nhsuk-u-padding-3:nth-child(6)"]},{"any":[{"id":"region","data":{"isIframe":false},"relatedNodes":[],"impact":"moderate","message":"All page content is contained by landmarks"}],"all":[],"none":[],"impact":null,"html":"<div class=\"nhsuk-grid-row\">","target":[".nhsuk-list-panel.search-result.nhsuk-u-padding-3:nth-child(6) > .nhsuk-grid-row:nth-child(1)"]},{"any":[{"id":"region","data":{"isIframe":false},"relatedNodes":[],"impact":"moderate","message":"All page content is contained by landmarks"}],"all":[],"none":[],"impact":null,"html":"<div class=\"nhsuk-grid-column-two-thirds\">","target":[".nhsuk-list-panel.search-result.nhsuk-u-padding-3:nth-child(6) > .nhsuk-grid-row:nth-child(1) > .nhsuk-grid-column-two-thirds"]},{"any":[{"id":"region","data":{"isIframe":false},"relatedNodes":[],"impact":"moderate","message":"All page content is contained by landmarks"}],"all":[],"none":[],"impact":null,"html":"<h2 class=\"nhsuk-heading-m nhsuk-u-margin-bottom-2\" id=\"job-title-6\">","target":["#job-title-6"]},{"any":[{"id":"region","data":{"isIframe":false},"relatedNodes":[],"impact":"moderate","message":"All page content is contained by landmarks"}],"all":[],"none":[],"impact":null,"html":"<a href=\"/candidate/jobadvert/C9413-25-0429?keyword=Admin&amp;location=Manchester&amp;distance=5&amp;language=en\" data-test=\"search-result-job-title\">\n              Locum Consultant in Medical Oncology - HPB &amp; NET\n            </a>","target":["#job-title-6 > a[data-test=\"search-result-job-title\"]"]},{"any":[{"id":"region","data":{"isIframe":false},"relatedNodes":[],"impact":"moderate","message":"All page content is contained by landmarks"}],"all":[],"none":[],"impact":null,"html":"<div class=\"save-job nhsuk-u-margin-right-3\">","target":[".nhsuk-list-panel.search-result.nhsuk-u-padding-3:nth-child(6) > .nhsuk-grid-row:nth-child(1) > .save-job.nhsuk-u-margin-right-3"]},{"any":[{"id":"region","data":{"isIframe":false},"relatedNodes":[],"impact":"moderate","message":"All page content is contained by landmarks"}],"all":[],"none":[],"impact":null,"html":"<a href=\"/candidate/search/save-job/C9413-25-0429\" data-test=\"search-result-save-job\" aria-label=\"Save this job: Locum Consultant in Medical Oncology - HPB &amp; NET (Reference number: C9413-25-0429)\">\n              Save this job\n            </a>","target":[".nhsuk-list-panel.search-result.nhsuk-u-padding-3:nth-child(6) > .nhsuk-grid-row:nth-child(1) > .save-job.nhsuk-u-margin-right-3 > a[data-test=\"search-result-save-job\"]"]},{"any":[{"id":"region","data":{"isIframe":false},"relatedNodes":[],"impact":"moderate","message":"All page content is contained by landmarks"}],"all":[],"none":[],"impact":null,"html":"<div class=\"nhsuk-u-margin-bottom-4\" data-test=\"search-result-location\">\n        <h3 class=\"nhsuk-u-font-weight-bold\">\n          The Christie NHS FT\n          <div class=\"location-font-size\">\n            \n              Manchester M20 4BX\n            \n          </div>\n        </h3>\n      </div>","target":[".nhsuk-list-panel.search-result.nhsuk-u-padding-3:nth-child(6) > .nhsuk-u-margin-bottom-4[data-test=\"search-result-location\"]"]},{"any":[{"id":"region","data":{"isIframe":false},"relatedNodes":[],"impact":"moderate","message":"All page content is contained by landmarks"}],"all":[],"none":[],"impact":null,"html":"<h3 class=\"nhsuk-u-font-weight-bold\">\n          The Christie NHS FT\n          <div class=\"location-font-size\">\n            \n              Manchester M20 4BX\n            \n          </div>\n        </h3>","target":[".nhsuk-list-panel.search-result.nhsuk-u-padding-3:nth-child(6) > .nhsuk-u-margin-bottom-4[data-test=\"search-result-location\"] > h3"]},{"any":[{"id":"region","data":{"isIframe":false},"relatedNodes":[],"impact":"moderate","message":"All page content is contained by landmarks"}],"all":[],"none":[],"impact":null,"html":"<div class=\"location-font-size\">\n            \n              Manchester M20 4BX\n            \n          </div>","target":[".nhsuk-list-panel.search-result.nhsuk-u-padding-3:nth-child(6) > .nhsuk-u-margin-bottom-4[data-test=\"search-result-location\"] > h3 > .location-font-size"]},{"any":[{"id":"region","data":{"isIframe":false},"relatedNodes":[],"impact":"moderate","message":"All page content is contained by landmarks"}],"all":[],"none":[],"impact":null,"html":"<div class=\"nhsuk-grid-row\">","target":[".nhsuk-list-panel.search-result.nhsuk-u-padding-3:nth-child(6) > .nhsuk-grid-row:nth-child(3)"]},{"any":[{"id":"region","data":{"isIframe":false},"relatedNodes":[],"impact":"moderate","message":"All page content is contained by landmarks"}],"all":[],"none":[],"impact":null,"html":"<div class=\"nhsuk-grid-column-one-half\">","target":[".nhsuk-list-panel.search-result.nhsuk-u-padding-3:nth-child(6) > .nhsuk-grid-row:nth-child(3) > .nhsuk-grid-column-one-half:nth-child(1)"]},{"any":[{"id":"region","data":{"isIframe":false},"relatedNodes":[],"impact":"moderate","message":"All page content is contained by landmarks"}],"all":[],"none":[],"impact":null,"html":"<ul class=\"ad-job-info nhsuk-list first-ad-job-info\">","target":[".nhsuk-list-panel.search-result.nhsuk-u-padding-3:nth-child(6) > .nhsuk-grid-row:nth-child(3) > .nhsuk-grid-column-one-half:nth-child(1) > .first-ad-job-info.ad-job-info.nhsuk-list"]},{"any":[{"id":"region","data":{"isIframe":false},"relatedNodes":[],"impact":"moderate","message":"All page content is contained by landmarks"}],"all":[],"none":[],"impact":null,"html":"<li data-test=\"search-result-salary\" class=\"marginBt\">\n                Salary: \n                <strong class=\"nhsuk-u-font-weight-bold\">\n                  £105,504 to £139,882\n                  \n                    a year\n                  \n                </strong>\n              </li>","target":[".nhsuk-list-panel.search-result.nhsuk-u-padding-3:nth-child(6) > .nhsuk-grid-row:nth-child(3) > .nhsuk-grid-column-one-half:nth-child(1) > .first-ad-job-info.ad-job-info.nhsuk-list > .marginBt[data-test=\"search-result-salary\"]"]},{"any":[{"id":"region","data":{"isIframe":false},"relatedNodes":[],"impact":"moderate","message":"All page content is contained by landmarks"}],"all":[],"none":[],"impact":null,"html":"<strong class=\"nhsuk-u-font-weight-bold\">\n                  £105,504 to £139,882\n                  \n                    a year\n                  \n                </strong>","target":[".nhsuk-list-panel.search-result.nhsuk-u-padding-3:nth-child(6) > .nhsuk-grid-row:nth-child(3) > .nhsuk-grid-column-one-half:nth-child(1) > .first-ad-job-info.ad-job-info.nhsuk-list > .marginBt[data-test=\"search-result-salary\"] > strong"]},{"any":[{"id":"region","data":{"isIframe":false},"relatedNodes":[],"impact":"moderate","message":"All page content is contained by landmarks"}],"all":[],"none":[],"impact":null,"html":"<li data-test=\"search-result-distance\" class=\"marginBt\">\n                Distance: \n                <strong class=\"nhsuk-u-font-weight-bold\">\n                  3.8 miles\n                </strong>\n              </li>","target":[".nhsuk-list-panel.search-result.nhsuk-u-padding-3:nth-child(6) > .nhsuk-grid-row:nth-child(3) > .nhsuk-grid-column-one-half:nth-child(1) > .first-ad-job-info.ad-job-info.nhsuk-list > .marginBt[data-test=\"search-result-distance\"]"]},{"any":[{"id":"region","data":{"isIframe":false},"relatedNodes":[],"impact":"moderate","message":"All page content is contained by landmarks"}],"all":[],"none":[],"impact":null,"html":"<strong class=\"nhsuk-u-font-weight-bold\">\n                  3.8 miles\n                </strong>","target":[".nhsuk-list-panel.search-result.nhsuk-u-padding-3:nth-child(6) > .nhsuk-grid-row:nth-child(3) > .nhsuk-grid-column-one-half:nth-child(1) > .first-ad-job-info.ad-job-info.nhsuk-list > .marginBt[data-test=\"search-result-distance\"] > strong"]},{"any":[{"id":"region","data":{"isIframe":false},"relatedNodes":[],"impact":"moderate","message":"All page content is contained by landmarks"}],"all":[],"none":[],"impact":null,"html":"<li data-test=\"search-result-publicationDate\">\n                Date posted: \n                <strong class=\"nhsuk-u-font-weight-bold\">\n                  20 June 2025\n                </strong>\n              </li>","target":[".nhsuk-list-panel.search-result.nhsuk-u-padding-3:nth-child(6) > .nhsuk-grid-row:nth-child(3) > .nhsuk-grid-column-one-half:nth-child(1) > .first-ad-job-info.ad-job-info.nhsuk-list > li[data-test=\"search-result-publicationDate\"]"]},{"any":[{"id":"region","data":{"isIframe":false},"relatedNodes":[],"impact":"moderate","message":"All page content is contained by landmarks"}],"all":[],"none":[],"impact":null,"html":"<strong class=\"nhsuk-u-font-weight-bold\">\n                  20 June 2025\n                </strong>","target":[".nhsuk-list-panel.search-result.nhsuk-u-padding-3:nth-child(6) > .nhsuk-grid-row:nth-child(3) > .nhsuk-grid-column-one-half:nth-child(1) > .first-ad-job-info.ad-job-info.nhsuk-list > li[data-test=\"search-result-publicationDate\"] > strong"]},{"any":[{"id":"region","data":{"isIframe":false},"relatedNodes":[],"impact":"moderate","message":"All page content is contained by landmarks"}],"all":[],"none":[],"impact":null,"html":"<div class=\"nhsuk-grid-column-one-half\">","target":[".nhsuk-list-panel.search-result.nhsuk-u-padding-3:nth-child(6) > .nhsuk-grid-row:nth-child(3) > .nhsuk-grid-column-one-half:nth-child(2)"]},{"any":[{"id":"region","data":{"isIframe":false},"relatedNodes":[],"impact":"moderate","message":"All page content is contained by landmarks"}],"all":[],"none":[],"impact":null,"html":"<ul class=\"ad-job-info nhsuk-list\">","target":[".nhsuk-list-panel.search-result.nhsuk-u-padding-3:nth-child(6) > .nhsuk-grid-row:nth-child(3) > .nhsuk-grid-column-one-half:nth-child(2) > .ad-job-info.nhsuk-list"]},{"any":[{"id":"region","data":{"isIframe":false},"relatedNodes":[],"impact":"moderate","message":"All page content is contained by landmarks"}],"all":[],"none":[],"impact":null,"html":"<li data-test=\"search-result-jobType\" class=\"marginBt\">\n              Contract type: \n              <strong class=\"nhsuk-u-font-weight-bold\">\n                Fixed-Term\n              </strong>\n            </li>","target":[".nhsuk-list-panel.search-result.nhsuk-u-padding-3:nth-child(6) > .nhsuk-grid-row:nth-child(3) > .nhsuk-grid-column-one-half:nth-child(2) > .ad-job-info.nhsuk-list > .marginBt[data-test=\"search-result-jobType\"]"]},{"any":[{"id":"region","data":{"isIframe":false},"relatedNodes":[],"impact":"moderate","message":"All page content is contained by landmarks"}],"all":[],"none":[],"impact":null,"html":"<strong class=\"nhsuk-u-font-weight-bold\">\n                Fixed-Term\n              </strong>","target":[".nhsuk-list-panel.search-result.nhsuk-u-padding-3:nth-child(6) > .nhsuk-grid-row:nth-child(3) > .nhsuk-grid-column-one-half:nth-child(2) > .ad-job-info.nhsuk-list > .marginBt[data-test=\"search-result-jobType\"] > strong"]},{"any":[{"id":"region","data":{"isIframe":false},"relatedNodes":[],"impact":"moderate","message":"All page content is contained by landmarks"}],"all":[],"none":[],"impact":null,"html":"<li data-test=\"search-result-workingPattern\" class=\"marginBt\">\n              Working pattern: \n              <strong class=\"nhsuk-u-font-weight-bold\">\n                Full time\n              </strong>\n            </li>","target":[".nhsuk-list-panel.search-result.nhsuk-u-padding-3:nth-child(6) > .nhsuk-grid-row:nth-child(3) > .nhsuk-grid-column-one-half:nth-child(2) > .ad-job-info.nhsuk-list > .marginBt[data-test=\"search-result-workingPattern\"]"]},{"any":[{"id":"region","data":{"isIframe":false},"relatedNodes":[],"impact":"moderate","message":"All page content is contained by landmarks"}],"all":[],"none":[],"impact":null,"html":"<strong class=\"nhsuk-u-font-weight-bold\">\n                Full time\n              </strong>","target":[".nhsuk-list-panel.search-result.nhsuk-u-padding-3:nth-child(6) > .nhsuk-grid-row:nth-child(3) > .nhsuk-grid-column-one-half:nth-child(2) > .ad-job-info.nhsuk-list > .marginBt[data-test=\"search-result-workingPattern\"] > strong"]},{"any":[{"id":"region","data":{"isIframe":false},"relatedNodes":[],"impact":"moderate","message":"All page content is contained by landmarks"}],"all":[],"none":[],"impact":null,"html":"<li data-test=\"search-result-closingDate\">\n                Closing date: \n                <strong class=\"nhsuk-u-font-weight-bold\">\n                  4 July 2025\n                </strong>\n              </li>","target":[".nhsuk-list-panel.search-result.nhsuk-u-padding-3:nth-child(6) > .nhsuk-grid-row:nth-child(3) > .nhsuk-grid-column-one-half:nth-child(2) > .ad-job-info.nhsuk-list > li[data-test=\"search-result-closingDate\"]"]},{"any":[{"id":"region","data":{"isIframe":false},"relatedNodes":[],"impact":"moderate","message":"All page content is contained by landmarks"}],"all":[],"none":[],"impact":null,"html":"<strong class=\"nhsuk-u-font-weight-bold\">\n                  4 July 2025\n                </strong>","target":[".nhsuk-list-panel.search-result.nhsuk-u-padding-3:nth-child(6) > .nhsuk-grid-row:nth-child(3) > .nhsuk-grid-column-one-half:nth-child(2) > .ad-job-info.nhsuk-list > li[data-test=\"search-result-closingDate\"] > strong"]},{"any":[{"id":"region","data":{"isIframe":false},"relatedNodes":[],"impact":"moderate","message":"All page content is contained by landmarks"}],"all":[],"none":[],"impact":null,"html":"<li class=\"nhsuk-list-panel search-result nhsuk-u-padding-3\" data-test=\"search-result\">","target":[".nhsuk-list-panel.search-result.nhsuk-u-padding-3:nth-child(7)"]},{"any":[{"id":"region","data":{"isIframe":false},"relatedNodes":[],"impact":"moderate","message":"All page content is contained by landmarks"}],"all":[],"none":[],"impact":null,"html":"<div class=\"nhsuk-grid-row\">","target":[".nhsuk-list-panel.search-result.nhsuk-u-padding-3:nth-child(7) > .nhsuk-grid-row:nth-child(1)"]},{"any":[{"id":"region","data":{"isIframe":false},"relatedNodes":[],"impact":"moderate","message":"All page content is contained by landmarks"}],"all":[],"none":[],"impact":null,"html":"<div class=\"nhsuk-grid-column-two-thirds\">","target":[".nhsuk-list-panel.search-result.nhsuk-u-padding-3:nth-child(7) > .nhsuk-grid-row:nth-child(1) > .nhsuk-grid-column-two-thirds"]},{"any":[{"id":"region","data":{"isIframe":false},"relatedNodes":[],"impact":"moderate","message":"All page content is contained by landmarks"}],"all":[],"none":[],"impact":null,"html":"<h2 class=\"nhsuk-heading-m nhsuk-u-margin-bottom-2\" id=\"job-title-7\">","target":["#job-title-7"]},{"any":[{"id":"region","data":{"isIframe":false},"relatedNodes":[],"impact":"moderate","message":"All page content is contained by landmarks"}],"all":[],"none":[],"impact":null,"html":"<a href=\"/candidate/jobadvert/A4025-25-0005?keyword=Admin&amp;location=Manchester&amp;distance=5&amp;language=en\" data-test=\"search-result-job-title\">\n              Medical Receptionist\n            </a>","target":["#job-title-7 > a[data-test=\"search-result-job-title\"]"]},{"any":[{"id":"region","data":{"isIframe":false},"relatedNodes":[],"impact":"moderate","message":"All page content is contained by landmarks"}],"all":[],"none":[],"impact":null,"html":"<div class=\"save-job nhsuk-u-margin-right-3\">","target":[".nhsuk-list-panel.search-result.nhsuk-u-padding-3:nth-child(7) > .nhsuk-grid-row:nth-child(1) > .save-job.nhsuk-u-margin-right-3"]},{"any":[{"id":"region","data":{"isIframe":false},"relatedNodes":[],"impact":"moderate","message":"All page content is contained by landmarks"}],"all":[],"none":[],"impact":null,"html":"<a href=\"/candidate/search/save-job/A4025-25-0005\" data-test=\"search-result-save-job\" aria-label=\"Save this job: Medical Receptionist (Reference number: A4025-25-0005)\">\n              Save this job\n            </a>","target":[".nhsuk-list-panel.search-result.nhsuk-u-padding-3:nth-child(7) > .nhsuk-grid-row:nth-child(1) > .save-job.nhsuk-u-margin-right-3 > a[data-test=\"search-result-save-job\"]"]},{"any":[{"id":"region","data":{"isIframe":false},"relatedNodes":[],"impact":"moderate","message":"All page content is contained by landmarks"}],"all":[],"none":[],"impact":null,"html":"<div class=\"nhsuk-u-margin-bottom-4\" data-test=\"search-result-location\">","target":[".nhsuk-list-panel.search-result.nhsuk-u-padding-3:nth-child(7) > .nhsuk-u-margin-bottom-4[data-test=\"search-result-location\"]"]},{"any":[{"id":"region","data":{"isIframe":false},"relatedNodes":[],"impact":"moderate","message":"All page content is contained by landmarks"}],"all":[],"none":[],"impact":null,"html":"<h3 class=\"nhsuk-u-font-weight-bold\">\n          North Trafford Group Practice\n          <div class=\"location-font-size\">\n            \n              Manchester M32 0PA, \n            \n              Manchester M160LW\n            \n          </div>\n        </h3>","target":[".nhsuk-list-panel.search-result.nhsuk-u-padding-3:nth-child(7) > .nhsuk-u-margin-bottom-4[data-test=\"search-result-location\"] > h3"]},{"any":[{"id":"region","data":{"isIframe":false},"relatedNodes":[],"impact":"moderate","message":"All page content is contained by landmarks"}],"all":[],"none":[],"impact":null,"html":"<div class=\"location-font-size\">\n            \n              Manchester M32 0PA, \n            \n              Manchester M160LW\n            \n          </div>","target":[".nhsuk-list-panel.search-result.nhsuk-u-padding-3:nth-child(7) > .nhsuk-u-margin-bottom-4[data-test=\"search-result-location\"] > h3 > .location-font-size"]},{"any":[{"id":"region","data":{"isIframe":false},"relatedNodes":[],"impact":"moderate","message":"All page content is contained by landmarks"}],"all":[],"none":[],"impact":null,"html":"<div class=\"nhsuk-grid-row\">","target":[".nhsuk-list-panel.search-result.nhsuk-u-padding-3:nth-child(7) > .nhsuk-grid-row:nth-child(3)"]},{"any":[{"id":"region","data":{"isIframe":false},"relatedNodes":[],"impact":"moderate","message":"All page content is contained by landmarks"}],"all":[],"none":[],"impact":null,"html":"<div class=\"nhsuk-grid-column-one-half\">","target":[".nhsuk-list-panel.search-result.nhsuk-u-padding-3:nth-child(7) > .nhsuk-grid-row:nth-child(3) > .nhsuk-grid-column-one-half:nth-child(1)"]},{"any":[{"id":"region","data":{"isIframe":false},"relatedNodes":[],"impact":"moderate","message":"All page content is contained by landmarks"}],"all":[],"none":[],"impact":null,"html":"<ul class=\"ad-job-info nhsuk-list first-ad-job-info\">","target":[".nhsuk-list-panel.search-result.nhsuk-u-padding-3:nth-child(7) > .nhsuk-grid-row:nth-child(3) > .nhsuk-grid-column-one-half:nth-child(1) > .first-ad-job-info.ad-job-info.nhsuk-list"]},{"any":[{"id":"region","data":{"isIframe":false},"relatedNodes":[],"impact":"moderate","message":"All page content is contained by landmarks"}],"all":[],"none":[],"impact":null,"html":"<li data-test=\"search-result-salary\" class=\"marginBt\">\n                Salary: \n                <strong class=\"nhsuk-u-font-weight-bold\">\n                  Depends on experience\n                </strong>\n              </li>","target":[".nhsuk-list-panel.search-result.nhsuk-u-padding-3:nth-child(7) > .nhsuk-grid-row:nth-child(3) > .nhsuk-grid-column-one-half:nth-child(1) > .first-ad-job-info.ad-job-info.nhsuk-list > .marginBt[data-test=\"search-result-salary\"]"]},{"any":[{"id":"region","data":{"isIframe":false},"relatedNodes":[],"impact":"moderate","message":"All page content is contained by landmarks"}],"all":[],"none":[],"impact":null,"html":"<strong class=\"nhsuk-u-font-weight-bold\">\n                  Depends on experience\n                </strong>","target":[".nhsuk-list-panel.search-result.nhsuk-u-padding-3:nth-child(7) > .nhsuk-grid-row:nth-child(3) > .nhsuk-grid-column-one-half:nth-child(1) > .first-ad-job-info.ad-job-info.nhsuk-list > .marginBt[data-test=\"search-result-salary\"] > strong"]},{"any":[{"id":"region","data":{"isIframe":false},"relatedNodes":[],"impact":"moderate","message":"All page content is contained by landmarks"}],"all":[],"none":[],"impact":null,"html":"<li data-test=\"search-result-distance\" class=\"marginBt\">\n                Distance: \n                <strong class=\"nhsuk-u-font-weight-bold\">\n                  1.5 miles\n                </strong>\n              </li>","target":[".nhsuk-list-panel.search-result.nhsuk-u-padding-3:nth-child(7) > .nhsuk-grid-row:nth-child(3) > .nhsuk-grid-column-one-half:nth-child(1) > .first-ad-job-info.ad-job-info.nhsuk-list > .marginBt[data-test=\"search-result-distance\"]"]},{"any":[{"id":"region","data":{"isIframe":false},"relatedNodes":[],"impact":"moderate","message":"All page content is contained by landmarks"}],"all":[],"none":[],"impact":null,"html":"<strong class=\"nhsuk-u-font-weight-bold\">\n                  1.5 miles\n                </strong>","target":[".nhsuk-list-panel.search-result.nhsuk-u-padding-3:nth-child(7) > .nhsuk-grid-row:nth-child(3) > .nhsuk-grid-column-one-half:nth-child(1) > .first-ad-job-info.ad-job-info.nhsuk-list > .marginBt[data-test=\"search-result-distance\"] > strong"]},{"any":[{"id":"region","data":{"isIframe":false},"relatedNodes":[],"impact":"moderate","message":"All page content is contained by landmarks"}],"all":[],"none":[],"impact":null,"html":"<li data-test=\"search-result-publicationDate\">\n                Date posted: \n                <strong class=\"nhsuk-u-font-weight-bold\">\n                  27 May 2025\n                </strong>\n              </li>","target":[".nhsuk-list-panel.search-result.nhsuk-u-padding-3:nth-child(7) > .nhsuk-grid-row:nth-child(3) > .nhsuk-grid-column-one-half:nth-child(1) > .first-ad-job-info.ad-job-info.nhsuk-list > li[data-test=\"search-result-publicationDate\"]"]},{"any":[{"id":"region","data":{"isIframe":false},"relatedNodes":[],"impact":"moderate","message":"All page content is contained by landmarks"}],"all":[],"none":[],"impact":null,"html":"<strong class=\"nhsuk-u-font-weight-bold\">\n                  27 May 2025\n                </strong>","target":[".nhsuk-list-panel.search-result.nhsuk-u-padding-3:nth-child(7) > .nhsuk-grid-row:nth-child(3) > .nhsuk-grid-column-one-half:nth-child(1) > .first-ad-job-info.ad-job-info.nhsuk-list > li[data-test=\"search-result-publicationDate\"] > strong"]},{"any":[{"id":"region","data":{"isIframe":false},"relatedNodes":[],"impact":"moderate","message":"All page content is contained by landmarks"}],"all":[],"none":[],"impact":null,"html":"<div class=\"nhsuk-grid-column-one-half\">","target":[".nhsuk-list-panel.search-result.nhsuk-u-padding-3:nth-child(7) > .nhsuk-grid-row:nth-child(3) > .nhsuk-grid-column-one-half:nth-child(2)"]},{"any":[{"id":"region","data":{"isIframe":false},"relatedNodes":[],"impact":"moderate","message":"All page content is contained by landmarks"}],"all":[],"none":[],"impact":null,"html":"<ul class=\"ad-job-info nhsuk-list\">","target":[".nhsuk-list-panel.search-result.nhsuk-u-padding-3:nth-child(7) > .nhsuk-grid-row:nth-child(3) > .nhsuk-grid-column-one-half:nth-child(2) > .ad-job-info.nhsuk-list"]},{"any":[{"id":"region","data":{"isIframe":false},"relatedNodes":[],"impact":"moderate","message":"All page content is contained by landmarks"}],"all":[],"none":[],"impact":null,"html":"<li data-test=\"search-result-jobType\" class=\"marginBt\">\n              Contract type: \n              <strong class=\"nhsuk-u-font-weight-bold\">\n                Permanent\n              </strong>\n            </li>","target":[".nhsuk-list-panel.search-result.nhsuk-u-padding-3:nth-child(7) > .nhsuk-grid-row:nth-child(3) > .nhsuk-grid-column-one-half:nth-child(2) > .ad-job-info.nhsuk-list > .marginBt[data-test=\"search-result-jobType\"]"]},{"any":[{"id":"region","data":{"isIframe":false},"relatedNodes":[],"impact":"moderate","message":"All page content is contained by landmarks"}],"all":[],"none":[],"impact":null,"html":"<strong class=\"nhsuk-u-font-weight-bold\">\n                Permanent\n              </strong>","target":[".nhsuk-list-panel.search-result.nhsuk-u-padding-3:nth-child(7) > .nhsuk-grid-row:nth-child(3) > .nhsuk-grid-column-one-half:nth-child(2) > .ad-job-info.nhsuk-list > .marginBt[data-test=\"search-result-jobType\"] > strong"]},{"any":[{"id":"region","data":{"isIframe":false},"relatedNodes":[],"impact":"moderate","message":"All page content is contained by landmarks"}],"all":[],"none":[],"impact":null,"html":"<li data-test=\"search-result-workingPattern\" class=\"marginBt\">\n              Working pattern: \n              <strong class=\"nhsuk-u-font-weight-bold\">\n                Full time, Part time\n              </strong>\n            </li>","target":[".nhsuk-list-panel.search-result.nhsuk-u-padding-3:nth-child(7) > .nhsuk-grid-row:nth-child(3) > .nhsuk-grid-column-one-half:nth-child(2) > .ad-job-info.nhsuk-list > .marginBt[data-test=\"search-result-workingPattern\"]"]},{"any":[{"id":"region","data":{"isIframe":false},"relatedNodes":[],"impact":"moderate","message":"All page content is contained by landmarks"}],"all":[],"none":[],"impact":null,"html":"<strong class=\"nhsuk-u-font-weight-bold\">\n                Full time, Part time\n              </strong>","target":[".nhsuk-list-panel.search-result.nhsuk-u-padding-3:nth-child(7) > .nhsuk-grid-row:nth-child(3) > .nhsuk-grid-column-one-half:nth-child(2) > .ad-job-info.nhsuk-list > .marginBt[data-test=\"search-result-workingPattern\"] > strong"]},{"any":[{"id":"region","data":{"isIframe":false},"relatedNodes":[],"impact":"moderate","message":"All page content is contained by landmarks"}],"all":[],"none":[],"impact":null,"html":"<li data-test=\"search-result-closingDate\">\n                Closing date: \n                <strong class=\"nhsuk-u-font-weight-bold\">\n                  27 June 2025\n                </strong>\n              </li>","target":[".nhsuk-list-panel.search-result.nhsuk-u-padding-3:nth-child(7) > .nhsuk-grid-row:nth-child(3) > .nhsuk-grid-column-one-half:nth-child(2) > .ad-job-info.nhsuk-list > li[data-test=\"search-result-closingDate\"]"]},{"any":[{"id":"region","data":{"isIframe":false},"relatedNodes":[],"impact":"moderate","message":"All page content is contained by landmarks"}],"all":[],"none":[],"impact":null,"html":"<strong class=\"nhsuk-u-font-weight-bold\">\n                  27 June 2025\n                </strong>","target":[".nhsuk-list-panel.search-result.nhsuk-u-padding-3:nth-child(7) > .nhsuk-grid-row:nth-child(3) > .nhsuk-grid-column-one-half:nth-child(2) > .ad-job-info.nhsuk-list > li[data-test=\"search-result-closingDate\"] > strong"]},{"any":[{"id":"region","data":{"isIframe":false},"relatedNodes":[],"impact":"moderate","message":"All page content is contained by landmarks"}],"all":[],"none":[],"impact":null,"html":"<li class=\"nhsuk-list-panel search-result nhsuk-u-padding-3\" data-test=\"search-result\">","target":[".nhsuk-list-panel.search-result.nhsuk-u-padding-3:nth-child(8)"]},{"any":[{"id":"region","data":{"isIframe":false},"relatedNodes":[],"impact":"moderate","message":"All page content is contained by landmarks"}],"all":[],"none":[],"impact":null,"html":"<div class=\"nhsuk-grid-row\">","target":[".nhsuk-list-panel.search-result.nhsuk-u-padding-3:nth-child(8) > .nhsuk-grid-row:nth-child(1)"]},{"any":[{"id":"region","data":{"isIframe":false},"relatedNodes":[],"impact":"moderate","message":"All page content is contained by landmarks"}],"all":[],"none":[],"impact":null,"html":"<div class=\"nhsuk-grid-column-two-thirds\">","target":[".nhsuk-list-panel.search-result.nhsuk-u-padding-3:nth-child(8) > .nhsuk-grid-row:nth-child(1) > .nhsuk-grid-column-two-thirds"]},{"any":[{"id":"region","data":{"isIframe":false},"relatedNodes":[],"impact":"moderate","message":"All page content is contained by landmarks"}],"all":[],"none":[],"impact":null,"html":"<h2 class=\"nhsuk-heading-m nhsuk-u-margin-bottom-2\" id=\"job-title-8\">","target":["#job-title-8"]},{"any":[{"id":"region","data":{"isIframe":false},"relatedNodes":[],"impact":"moderate","message":"All page content is contained by landmarks"}],"all":[],"none":[],"impact":null,"html":"<a href=\"/candidate/jobadvert/C9413-25-0388?keyword=Admin&amp;location=Manchester&amp;distance=5&amp;language=en\" data-test=\"search-result-job-title\">\n              Consultant Clinical Oncology – Gynaecological Cancers.\n            </a>","target":["#job-title-8 > a[data-test=\"search-result-job-title\"]"]},{"any":[{"id":"region","data":{"isIframe":false},"relatedNodes":[],"impact":"moderate","message":"All page content is contained by landmarks"}],"all":[],"none":[],"impact":null,"html":"<div class=\"save-job nhsuk-u-margin-right-3\">","target":[".nhsuk-list-panel.search-result.nhsuk-u-padding-3:nth-child(8) > .nhsuk-grid-row:nth-child(1) > .save-job.nhsuk-u-margin-right-3"]},{"any":[{"id":"region","data":{"isIframe":false},"relatedNodes":[],"impact":"moderate","message":"All page content is contained by landmarks"}],"all":[],"none":[],"impact":null,"html":"<a href=\"/candidate/search/save-job/C9413-25-0388\" data-test=\"search-result-save-job\" aria-label=\"Save this job: Consultant Clinical Oncology – Gynaecological Cancers. (Reference number: C9413-25-0388)\">\n              Save this job\n            </a>","target":[".nhsuk-list-panel.search-result.nhsuk-u-padding-3:nth-child(8) > .nhsuk-grid-row:nth-child(1) > .save-job.nhsuk-u-margin-right-3 > a[data-test=\"search-result-save-job\"]"]},{"any":[{"id":"region","data":{"isIframe":false},"relatedNodes":[],"impact":"moderate","message":"All page content is contained by landmarks"}],"all":[],"none":[],"impact":null,"html":"<div class=\"nhsuk-u-margin-bottom-4\" data-test=\"search-result-location\">\n        <h3 class=\"nhsuk-u-font-weight-bold\">\n          The Christie NHS FT\n          <div class=\"location-font-size\">\n            \n              Manchester M20 4BX\n            \n          </div>\n        </h3>\n      </div>","target":[".nhsuk-list-panel.search-result.nhsuk-u-padding-3:nth-child(8) > .nhsuk-u-margin-bottom-4[data-test=\"search-result-location\"]"]},{"any":[{"id":"region","data":{"isIframe":false},"relatedNodes":[],"impact":"moderate","message":"All page content is contained by landmarks"}],"all":[],"none":[],"impact":null,"html":"<h3 class=\"nhsuk-u-font-weight-bold\">\n          The Christie NHS FT\n          <div class=\"location-font-size\">\n            \n              Manchester M20 4BX\n            \n          </div>\n        </h3>","target":[".nhsuk-list-panel.search-result.nhsuk-u-padding-3:nth-child(8) > .nhsuk-u-margin-bottom-4[data-test=\"search-result-location\"] > h3"]},{"any":[{"id":"region","data":{"isIframe":false},"relatedNodes":[],"impact":"moderate","message":"All page content is contained by landmarks"}],"all":[],"none":[],"impact":null,"html":"<div class=\"location-font-size\">\n            \n              Manchester M20 4BX\n            \n          </div>","target":[".nhsuk-list-panel.search-result.nhsuk-u-padding-3:nth-child(8) > .nhsuk-u-margin-bottom-4[data-test=\"search-result-location\"] > h3 > .location-font-size"]},{"any":[{"id":"region","data":{"isIframe":false},"relatedNodes":[],"impact":"moderate","message":"All page content is contained by landmarks"}],"all":[],"none":[],"impact":null,"html":"<div class=\"nhsuk-grid-row\">","target":[".nhsuk-list-panel.search-result.nhsuk-u-padding-3:nth-child(8) > .nhsuk-grid-row:nth-child(3)"]},{"any":[{"id":"region","data":{"isIframe":false},"relatedNodes":[],"impact":"moderate","message":"All page content is contained by landmarks"}],"all":[],"none":[],"impact":null,"html":"<div class=\"nhsuk-grid-column-one-half\">","target":[".nhsuk-list-panel.search-result.nhsuk-u-padding-3:nth-child(8) > .nhsuk-grid-row:nth-child(3) > .nhsuk-grid-column-one-half:nth-child(1)"]},{"any":[{"id":"region","data":{"isIframe":false},"relatedNodes":[],"impact":"moderate","message":"All page content is contained by landmarks"}],"all":[],"none":[],"impact":null,"html":"<ul class=\"ad-job-info nhsuk-list first-ad-job-info\">","target":[".nhsuk-list-panel.search-result.nhsuk-u-padding-3:nth-child(8) > .nhsuk-grid-row:nth-child(3) > .nhsuk-grid-column-one-half:nth-child(1) > .first-ad-job-info.ad-job-info.nhsuk-list"]},{"any":[{"id":"region","data":{"isIframe":false},"relatedNodes":[],"impact":"moderate","message":"All page content is contained by landmarks"}],"all":[],"none":[],"impact":null,"html":"<li data-test=\"search-result-salary\" class=\"marginBt\">\n                Salary: \n                <strong class=\"nhsuk-u-font-weight-bold\">\n                  £105,504 to £139,882\n                  \n                    a year\n                  \n                </strong>\n              </li>","target":[".nhsuk-list-panel.search-result.nhsuk-u-padding-3:nth-child(8) > .nhsuk-grid-row:nth-child(3) > .nhsuk-grid-column-one-half:nth-child(1) > .first-ad-job-info.ad-job-info.nhsuk-list > .marginBt[data-test=\"search-result-salary\"]"]},{"any":[{"id":"region","data":{"isIframe":false},"relatedNodes":[],"impact":"moderate","message":"All page content is contained by landmarks"}],"all":[],"none":[],"impact":null,"html":"<strong class=\"nhsuk-u-font-weight-bold\">\n                  £105,504 to £139,882\n                  \n                    a year\n                  \n                </strong>","target":[".nhsuk-list-panel.search-result.nhsuk-u-padding-3:nth-child(8) > .nhsuk-grid-row:nth-child(3) > .nhsuk-grid-column-one-half:nth-child(1) > .first-ad-job-info.ad-job-info.nhsuk-list > .marginBt[data-test=\"search-result-salary\"] > strong"]},{"any":[{"id":"region","data":{"isIframe":false},"relatedNodes":[],"impact":"moderate","message":"All page content is contained by landmarks"}],"all":[],"none":[],"impact":null,"html":"<li data-test=\"search-result-distance\" class=\"marginBt\">\n                Distance: \n                <strong class=\"nhsuk-u-font-weight-bold\">\n                  3.8 miles\n                </strong>\n              </li>","target":[".nhsuk-list-panel.search-result.nhsuk-u-padding-3:nth-child(8) > .nhsuk-grid-row:nth-child(3) > .nhsuk-grid-column-one-half:nth-child(1) > .first-ad-job-info.ad-job-info.nhsuk-list > .marginBt[data-test=\"search-result-distance\"]"]},{"any":[{"id":"region","data":{"isIframe":false},"relatedNodes":[],"impact":"moderate","message":"All page content is contained by landmarks"}],"all":[],"none":[],"impact":null,"html":"<strong class=\"nhsuk-u-font-weight-bold\">\n                  3.8 miles\n                </strong>","target":[".nhsuk-list-panel.search-result.nhsuk-u-padding-3:nth-child(8) > .nhsuk-grid-row:nth-child(3) > .nhsuk-grid-column-one-half:nth-child(1) > .first-ad-job-info.ad-job-info.nhsuk-list > .marginBt[data-test=\"search-result-distance\"] > strong"]},{"any":[{"id":"region","data":{"isIframe":false},"relatedNodes":[],"impact":"moderate","message":"All page content is contained by landmarks"}],"all":[],"none":[],"impact":null,"html":"<li data-test=\"search-result-publicationDate\">\n                Date posted: \n                <strong class=\"nhsuk-u-font-weight-bold\">\n                  4 June 2025\n                </strong>\n              </li>","target":[".nhsuk-list-panel.search-result.nhsuk-u-padding-3:nth-child(8) > .nhsuk-grid-row:nth-child(3) > .nhsuk-grid-column-one-half:nth-child(1) > .first-ad-job-info.ad-job-info.nhsuk-list > li[data-test=\"search-result-publicationDate\"]"]},{"any":[{"id":"region","data":{"isIframe":false},"relatedNodes":[],"impact":"moderate","message":"All page content is contained by landmarks"}],"all":[],"none":[],"impact":null,"html":"<strong class=\"nhsuk-u-font-weight-bold\">\n                  4 June 2025\n                </strong>","target":[".nhsuk-list-panel.search-result.nhsuk-u-padding-3:nth-child(8) > .nhsuk-grid-row:nth-child(3) > .nhsuk-grid-column-one-half:nth-child(1) > .first-ad-job-info.ad-job-info.nhsuk-list > li[data-test=\"search-result-publicationDate\"] > strong"]},{"any":[{"id":"region","data":{"isIframe":false},"relatedNodes":[],"impact":"moderate","message":"All page content is contained by landmarks"}],"all":[],"none":[],"impact":null,"html":"<div class=\"nhsuk-grid-column-one-half\">","target":[".nhsuk-list-panel.search-result.nhsuk-u-padding-3:nth-child(8) > .nhsuk-grid-row:nth-child(3) > .nhsuk-grid-column-one-half:nth-child(2)"]},{"any":[{"id":"region","data":{"isIframe":false},"relatedNodes":[],"impact":"moderate","message":"All page content is contained by landmarks"}],"all":[],"none":[],"impact":null,"html":"<ul class=\"ad-job-info nhsuk-list\">","target":[".nhsuk-list-panel.search-result.nhsuk-u-padding-3:nth-child(8) > .nhsuk-grid-row:nth-child(3) > .nhsuk-grid-column-one-half:nth-child(2) > .ad-job-info.nhsuk-list"]},{"any":[{"id":"region","data":{"isIframe":false},"relatedNodes":[],"impact":"moderate","message":"All page content is contained by landmarks"}],"all":[],"none":[],"impact":null,"html":"<li data-test=\"search-result-jobType\" class=\"marginBt\">\n              Contract type: \n              <strong class=\"nhsuk-u-font-weight-bold\">\n                Permanent\n              </strong>\n            </li>","target":[".nhsuk-list-panel.search-result.nhsuk-u-padding-3:nth-child(8) > .nhsuk-grid-row:nth-child(3) > .nhsuk-grid-column-one-half:nth-child(2) > .ad-job-info.nhsuk-list > .marginBt[data-test=\"search-result-jobType\"]"]},{"any":[{"id":"region","data":{"isIframe":false},"relatedNodes":[],"impact":"moderate","message":"All page content is contained by landmarks"}],"all":[],"none":[],"impact":null,"html":"<strong class=\"nhsuk-u-font-weight-bold\">\n                Permanent\n              </strong>","target":[".nhsuk-list-panel.search-result.nhsuk-u-padding-3:nth-child(8) > .nhsuk-grid-row:nth-child(3) > .nhsuk-grid-column-one-half:nth-child(2) > .ad-job-info.nhsuk-list > .marginBt[data-test=\"search-result-jobType\"] > strong"]},{"any":[{"id":"region","data":{"isIframe":false},"relatedNodes":[],"impact":"moderate","message":"All page content is contained by landmarks"}],"all":[],"none":[],"impact":null,"html":"<li data-test=\"search-result-workingPattern\" class=\"marginBt\">\n              Working pattern: \n              <strong class=\"nhsuk-u-font-weight-bold\">\n                Full time\n              </strong>\n            </li>","target":[".nhsuk-list-panel.search-result.nhsuk-u-padding-3:nth-child(8) > .nhsuk-grid-row:nth-child(3) > .nhsuk-grid-column-one-half:nth-child(2) > .ad-job-info.nhsuk-list > .marginBt[data-test=\"search-result-workingPattern\"]"]},{"any":[{"id":"region","data":{"isIframe":false},"relatedNodes":[],"impact":"moderate","message":"All page content is contained by landmarks"}],"all":[],"none":[],"impact":null,"html":"<strong class=\"nhsuk-u-font-weight-bold\">\n                Full time\n              </strong>","target":[".nhsuk-list-panel.search-result.nhsuk-u-padding-3:nth-child(8) > .nhsuk-grid-row:nth-child(3) > .nhsuk-grid-column-one-half:nth-child(2) > .ad-job-info.nhsuk-list > .marginBt[data-test=\"search-result-workingPattern\"] > strong"]},{"any":[{"id":"region","data":{"isIframe":false},"relatedNodes":[],"impact":"moderate","message":"All page content is contained by landmarks"}],"all":[],"none":[],"impact":null,"html":"<li data-test=\"search-result-closingDate\">\n                Closing date: \n                <strong class=\"nhsuk-u-font-weight-bold\">\n                  25 June 2025\n                </strong>\n              </li>","target":[".nhsuk-list-panel.search-result.nhsuk-u-padding-3:nth-child(8) > .nhsuk-grid-row:nth-child(3) > .nhsuk-grid-column-one-half:nth-child(2) > .ad-job-info.nhsuk-list > li[data-test=\"search-result-closingDate\"]"]},{"any":[{"id":"region","data":{"isIframe":false},"relatedNodes":[],"impact":"moderate","message":"All page content is contained by landmarks"}],"all":[],"none":[],"impact":null,"html":"<strong class=\"nhsuk-u-font-weight-bold\">\n                  25 June 2025\n                </strong>","target":[".nhsuk-list-panel.search-result.nhsuk-u-padding-3:nth-child(8) > .nhsuk-grid-row:nth-child(3) > .nhsuk-grid-column-one-half:nth-child(2) > .ad-job-info.nhsuk-list > li[data-test=\"search-result-closingDate\"] > strong"]},{"any":[{"id":"region","data":{"isIframe":false},"relatedNodes":[],"impact":"moderate","message":"All page content is contained by landmarks"}],"all":[],"none":[],"impact":null,"html":"<li class=\"nhsuk-list-panel search-result nhsuk-u-padding-3\" data-test=\"search-result\">","target":[".nhsuk-list-panel.search-result.nhsuk-u-padding-3:nth-child(9)"]},{"any":[{"id":"region","data":{"isIframe":false},"relatedNodes":[],"impact":"moderate","message":"All page content is contained by landmarks"}],"all":[],"none":[],"impact":null,"html":"<div class=\"nhsuk-grid-row\">","target":[".nhsuk-list-panel.search-result.nhsuk-u-padding-3:nth-child(9) > .nhsuk-grid-row:nth-child(1)"]},{"any":[{"id":"region","data":{"isIframe":false},"relatedNodes":[],"impact":"moderate","message":"All page content is contained by landmarks"}],"all":[],"none":[],"impact":null,"html":"<div class=\"nhsuk-grid-column-two-thirds\">","target":[".nhsuk-list-panel.search-result.nhsuk-u-padding-3:nth-child(9) > .nhsuk-grid-row:nth-child(1) > .nhsuk-grid-column-two-thirds"]},{"any":[{"id":"region","data":{"isIframe":false},"relatedNodes":[],"impact":"moderate","message":"All page content is contained by landmarks"}],"all":[],"none":[],"impact":null,"html":"<h2 class=\"nhsuk-heading-m nhsuk-u-margin-bottom-2\" id=\"job-title-9\">","target":["#job-title-9"]},{"any":[{"id":"region","data":{"isIframe":false},"relatedNodes":[],"impact":"moderate","message":"All page content is contained by landmarks"}],"all":[],"none":[],"impact":null,"html":"<a href=\"/candidate/jobadvert/C9413-25-0427?keyword=Admin&amp;location=Manchester&amp;distance=5&amp;language=en\" data-test=\"search-result-job-title\">\n              Support Secretary/Scheduler\n            </a>","target":["#job-title-9 > a[data-test=\"search-result-job-title\"]"]},{"any":[{"id":"region","data":{"isIframe":false},"relatedNodes":[],"impact":"moderate","message":"All page content is contained by landmarks"}],"all":[],"none":[],"impact":null,"html":"<div class=\"save-job nhsuk-u-margin-right-3\">","target":[".nhsuk-list-panel.search-result.nhsuk-u-padding-3:nth-child(9) > .nhsuk-grid-row:nth-child(1) > .save-job.nhsuk-u-margin-right-3"]},{"any":[{"id":"region","data":{"isIframe":false},"relatedNodes":[],"impact":"moderate","message":"All page content is contained by landmarks"}],"all":[],"none":[],"impact":null,"html":"<a href=\"/candidate/search/save-job/C9413-25-0427\" data-test=\"search-result-save-job\" aria-label=\"Save this job: Support Secretary/Scheduler (Reference number: C9413-25-0427)\">\n              Save this job\n            </a>","target":[".nhsuk-list-panel.search-result.nhsuk-u-padding-3:nth-child(9) > .nhsuk-grid-row:nth-child(1) > .save-job.nhsuk-u-margin-right-3 > a[data-test=\"search-result-save-job\"]"]},{"any":[{"id":"region","data":{"isIframe":false},"relatedNodes":[],"impact":"moderate","message":"All page content is contained by landmarks"}],"all":[],"none":[],"impact":null,"html":"<div class=\"nhsuk-u-margin-bottom-4\" data-test=\"search-result-location\">\n        <h3 class=\"nhsuk-u-font-weight-bold\">\n          The Christie NHS FT\n          <div class=\"location-font-size\">\n            \n              Manchester M20 4BX\n            \n          </div>\n        </h3>\n      </div>","target":[".nhsuk-list-panel.search-result.nhsuk-u-padding-3:nth-child(9) > .nhsuk-u-margin-bottom-4[data-test=\"search-result-location\"]"]},{"any":[{"id":"region","data":{"isIframe":false},"relatedNodes":[],"impact":"moderate","message":"All page content is contained by landmarks"}],"all":[],"none":[],"impact":null,"html":"<h3 class=\"nhsuk-u-font-weight-bold\">\n          The Christie NHS FT\n          <div class=\"location-font-size\">\n            \n              Manchester M20 4BX\n            \n          </div>\n        </h3>","target":[".nhsuk-list-panel.search-result.nhsuk-u-padding-3:nth-child(9) > .nhsuk-u-margin-bottom-4[data-test=\"search-result-location\"] > h3"]},{"any":[{"id":"region","data":{"isIframe":false},"relatedNodes":[],"impact":"moderate","message":"All page content is contained by landmarks"}],"all":[],"none":[],"impact":null,"html":"<div class=\"location-font-size\">\n            \n              Manchester M20 4BX\n            \n          </div>","target":[".nhsuk-list-panel.search-result.nhsuk-u-padding-3:nth-child(9) > .nhsuk-u-margin-bottom-4[data-test=\"search-result-location\"] > h3 > .location-font-size"]},{"any":[{"id":"region","data":{"isIframe":false},"relatedNodes":[],"impact":"moderate","message":"All page content is contained by landmarks"}],"all":[],"none":[],"impact":null,"html":"<div class=\"nhsuk-grid-row\">","target":[".nhsuk-list-panel.search-result.nhsuk-u-padding-3:nth-child(9) > .nhsuk-grid-row:nth-child(3)"]},{"any":[{"id":"region","data":{"isIframe":false},"relatedNodes":[],"impact":"moderate","message":"All page content is contained by landmarks"}],"all":[],"none":[],"impact":null,"html":"<div class=\"nhsuk-grid-column-one-half\">","target":[".nhsuk-list-panel.search-result.nhsuk-u-padding-3:nth-child(9) > .nhsuk-grid-row:nth-child(3) > .nhsuk-grid-column-one-half:nth-child(1)"]},{"any":[{"id":"region","data":{"isIframe":false},"relatedNodes":[],"impact":"moderate","message":"All page content is contained by landmarks"}],"all":[],"none":[],"impact":null,"html":"<ul class=\"ad-job-info nhsuk-list first-ad-job-info\">","target":[".nhsuk-list-panel.search-result.nhsuk-u-padding-3:nth-child(9) > .nhsuk-grid-row:nth-child(3) > .nhsuk-grid-column-one-half:nth-child(1) > .first-ad-job-info.ad-job-info.nhsuk-list"]},{"any":[{"id":"region","data":{"isIframe":false},"relatedNodes":[],"impact":"moderate","message":"All page content is contained by landmarks"}],"all":[],"none":[],"impact":null,"html":"<li data-test=\"search-result-salary\" class=\"marginBt\">\n                Salary: \n                <strong class=\"nhsuk-u-font-weight-bold\">\n                  £24,625 to £25,674\n                  \n                    a year\n                  \n                </strong>\n              </li>","target":[".nhsuk-list-panel.search-result.nhsuk-u-padding-3:nth-child(9) > .nhsuk-grid-row:nth-child(3) > .nhsuk-grid-column-one-half:nth-child(1) > .first-ad-job-info.ad-job-info.nhsuk-list > .marginBt[data-test=\"search-result-salary\"]"]},{"any":[{"id":"region","data":{"isIframe":false},"relatedNodes":[],"impact":"moderate","message":"All page content is contained by landmarks"}],"all":[],"none":[],"impact":null,"html":"<strong class=\"nhsuk-u-font-weight-bold\">\n                  £24,625 to £25,674\n                  \n                    a year\n                  \n                </strong>","target":[".nhsuk-list-panel.search-result.nhsuk-u-padding-3:nth-child(9) > .nhsuk-grid-row:nth-child(3) > .nhsuk-grid-column-one-half:nth-child(1) > .first-ad-job-info.ad-job-info.nhsuk-list > .marginBt[data-test=\"search-result-salary\"] > strong"]},{"any":[{"id":"region","data":{"isIframe":false},"relatedNodes":[],"impact":"moderate","message":"All page content is contained by landmarks"}],"all":[],"none":[],"impact":null,"html":"<li data-test=\"search-result-distance\" class=\"marginBt\">\n                Distance: \n                <strong class=\"nhsuk-u-font-weight-bold\">\n                  3.8 miles\n                </strong>\n              </li>","target":[".nhsuk-list-panel.search-result.nhsuk-u-padding-3:nth-child(9) > .nhsuk-grid-row:nth-child(3) > .nhsuk-grid-column-one-half:nth-child(1) > .first-ad-job-info.ad-job-info.nhsuk-list > .marginBt[data-test=\"search-result-distance\"]"]},{"any":[{"id":"region","data":{"isIframe":false},"relatedNodes":[],"impact":"moderate","message":"All page content is contained by landmarks"}],"all":[],"none":[],"impact":null,"html":"<strong class=\"nhsuk-u-font-weight-bold\">\n                  3.8 miles\n                </strong>","target":[".nhsuk-list-panel.search-result.nhsuk-u-padding-3:nth-child(9) > .nhsuk-grid-row:nth-child(3) > .nhsuk-grid-column-one-half:nth-child(1) > .first-ad-job-info.ad-job-info.nhsuk-list > .marginBt[data-test=\"search-result-distance\"] > strong"]},{"any":[{"id":"region","data":{"isIframe":false},"relatedNodes":[],"impact":"moderate","message":"All page content is contained by landmarks"}],"all":[],"none":[],"impact":null,"html":"<li data-test=\"search-result-publicationDate\">\n                Date posted: \n                <strong class=\"nhsuk-u-font-weight-bold\">\n                  19 June 2025\n                </strong>\n              </li>","target":[".nhsuk-list-panel.search-result.nhsuk-u-padding-3:nth-child(9) > .nhsuk-grid-row:nth-child(3) > .nhsuk-grid-column-one-half:nth-child(1) > .first-ad-job-info.ad-job-info.nhsuk-list > li[data-test=\"search-result-publicationDate\"]"]},{"any":[{"id":"region","data":{"isIframe":false},"relatedNodes":[],"impact":"moderate","message":"All page content is contained by landmarks"}],"all":[],"none":[],"impact":null,"html":"<strong class=\"nhsuk-u-font-weight-bold\">\n                  19 June 2025\n                </strong>","target":[".nhsuk-list-panel.search-result.nhsuk-u-padding-3:nth-child(9) > .nhsuk-grid-row:nth-child(3) > .nhsuk-grid-column-one-half:nth-child(1) > .first-ad-job-info.ad-job-info.nhsuk-list > li[data-test=\"search-result-publicationDate\"] > strong"]},{"any":[{"id":"region","data":{"isIframe":false},"relatedNodes":[],"impact":"moderate","message":"All page content is contained by landmarks"}],"all":[],"none":[],"impact":null,"html":"<div class=\"nhsuk-grid-column-one-half\">","target":[".nhsuk-list-panel.search-result.nhsuk-u-padding-3:nth-child(9) > .nhsuk-grid-row:nth-child(3) > .nhsuk-grid-column-one-half:nth-child(2)"]},{"any":[{"id":"region","data":{"isIframe":false},"relatedNodes":[],"impact":"moderate","message":"All page content is contained by landmarks"}],"all":[],"none":[],"impact":null,"html":"<ul class=\"ad-job-info nhsuk-list\">","target":[".nhsuk-list-panel.search-result.nhsuk-u-padding-3:nth-child(9) > .nhsuk-grid-row:nth-child(3) > .nhsuk-grid-column-one-half:nth-child(2) > .ad-job-info.nhsuk-list"]},{"any":[{"id":"region","data":{"isIframe":false},"relatedNodes":[],"impact":"moderate","message":"All page content is contained by landmarks"}],"all":[],"none":[],"impact":null,"html":"<li data-test=\"search-result-jobType\" class=\"marginBt\">\n              Contract type: \n              <strong class=\"nhsuk-u-font-weight-bold\">\n                Permanent\n              </strong>\n            </li>","target":[".nhsuk-list-panel.search-result.nhsuk-u-padding-3:nth-child(9) > .nhsuk-grid-row:nth-child(3) > .nhsuk-grid-column-one-half:nth-child(2) > .ad-job-info.nhsuk-list > .marginBt[data-test=\"search-result-jobType\"]"]},{"any":[{"id":"region","data":{"isIframe":false},"relatedNodes":[],"impact":"moderate","message":"All page content is contained by landmarks"}],"all":[],"none":[],"impact":null,"html":"<strong class=\"nhsuk-u-font-weight-bold\">\n                Permanent\n              </strong>","target":[".nhsuk-list-panel.search-result.nhsuk-u-padding-3:nth-child(9) > .nhsuk-grid-row:nth-child(3) > .nhsuk-grid-column-one-half:nth-child(2) > .ad-job-info.nhsuk-list > .marginBt[data-test=\"search-result-jobType\"] > strong"]},{"any":[{"id":"region","data":{"isIframe":false},"relatedNodes":[],"impact":"moderate","message":"All page content is contained by landmarks"}],"all":[],"none":[],"impact":null,"html":"<li data-test=\"search-result-workingPattern\" class=\"marginBt\">\n              Working pattern: \n              <strong class=\"nhsuk-u-font-weight-bold\">\n                Part time\n              </strong>\n            </li>","target":[".nhsuk-list-panel.search-result.nhsuk-u-padding-3:nth-child(9) > .nhsuk-grid-row:nth-child(3) > .nhsuk-grid-column-one-half:nth-child(2) > .ad-job-info.nhsuk-list > .marginBt[data-test=\"search-result-workingPattern\"]"]},{"any":[{"id":"region","data":{"isIframe":false},"relatedNodes":[],"impact":"moderate","message":"All page content is contained by landmarks"}],"all":[],"none":[],"impact":null,"html":"<strong class=\"nhsuk-u-font-weight-bold\">\n                Part time\n              </strong>","target":[".nhsuk-list-panel.search-result.nhsuk-u-padding-3:nth-child(9) > .nhsuk-grid-row:nth-child(3) > .nhsuk-grid-column-one-half:nth-child(2) > .ad-job-info.nhsuk-list > .marginBt[data-test=\"search-result-workingPattern\"] > strong"]},{"any":[{"id":"region","data":{"isIframe":false},"relatedNodes":[],"impact":"moderate","message":"All page content is contained by landmarks"}],"all":[],"none":[],"impact":null,"html":"<li data-test=\"search-result-closingDate\">\n                Closing date: \n                <strong class=\"nhsuk-u-font-weight-bold\">\n                  3 July 2025\n                </strong>\n              </li>","target":[".nhsuk-list-panel.search-result.nhsuk-u-padding-3:nth-child(9) > .nhsuk-grid-row:nth-child(3) > .nhsuk-grid-column-one-half:nth-child(2) > .ad-job-info.nhsuk-list > li[data-test=\"search-result-closingDate\"]"]},{"any":[{"id":"region","data":{"isIframe":false},"relatedNodes":[],"impact":"moderate","message":"All page content is contained by landmarks"}],"all":[],"none":[],"impact":null,"html":"<strong class=\"nhsuk-u-font-weight-bold\">\n                  3 July 2025\n                </strong>","target":[".nhsuk-list-panel.search-result.nhsuk-u-padding-3:nth-child(9) > .nhsuk-grid-row:nth-child(3) > .nhsuk-grid-column-one-half:nth-child(2) > .ad-job-info.nhsuk-list > li[data-test=\"search-result-closingDate\"] > strong"]},{"any":[{"id":"region","data":{"isIframe":false},"relatedNodes":[],"impact":"moderate","message":"All page content is contained by landmarks"}],"all":[],"none":[],"impact":null,"html":"<li class=\"nhsuk-list-panel search-result nhsuk-u-padding-3\" data-test=\"search-result\">","target":[".nhsuk-list-panel.search-result.nhsuk-u-padding-3:nth-child(10)"]},{"any":[{"id":"region","data":{"isIframe":false},"relatedNodes":[],"impact":"moderate","message":"All page content is contained by landmarks"}],"all":[],"none":[],"impact":null,"html":"<div class=\"nhsuk-grid-row\">","target":[".nhsuk-list-panel.search-result.nhsuk-u-padding-3:nth-child(10) > .nhsuk-grid-row:nth-child(1)"]},{"any":[{"id":"region","data":{"isIframe":false},"relatedNodes":[],"impact":"moderate","message":"All page content is contained by landmarks"}],"all":[],"none":[],"impact":null,"html":"<div class=\"nhsuk-grid-column-two-thirds\">","target":[".nhsuk-list-panel.search-result.nhsuk-u-padding-3:nth-child(10) > .nhsuk-grid-row:nth-child(1) > .nhsuk-grid-column-two-thirds"]},{"any":[{"id":"region","data":{"isIframe":false},"relatedNodes":[],"impact":"moderate","message":"All page content is contained by landmarks"}],"all":[],"none":[],"impact":null,"html":"<h2 class=\"nhsuk-heading-m nhsuk-u-margin-bottom-2\" id=\"job-title-10\">","target":["#job-title-10"]},{"any":[{"id":"region","data":{"isIframe":false},"relatedNodes":[],"impact":"moderate","message":"All page content is contained by landmarks"}],"all":[],"none":[],"impact":null,"html":"<a href=\"/candidate/jobadvert/E0459-25-0014?keyword=Admin&amp;location=Manchester&amp;distance=5&amp;language=en\" data-test=\"search-result-job-title\">\n              Psychologist Autism Assessor (ADOS and/or ADIR trained) - CYP\n            </a>","target":["#job-title-10 > a[data-test=\"search-result-job-title\"]"]},{"any":[{"id":"region","data":{"isIframe":false},"relatedNodes":[],"impact":"moderate","message":"All page content is contained by landmarks"}],"all":[],"none":[],"impact":null,"html":"<div class=\"save-job nhsuk-u-margin-right-3\">","target":[".nhsuk-list-panel.search-result.nhsuk-u-padding-3:nth-child(10) > .nhsuk-grid-row:nth-child(1) > .save-job.nhsuk-u-margin-right-3"]},{"any":[{"id":"region","data":{"isIframe":false},"relatedNodes":[],"impact":"moderate","message":"All page content is contained by landmarks"}],"all":[],"none":[],"impact":null,"html":"<a href=\"/candidate/search/save-job/E0459-25-0014\" data-test=\"search-result-save-job\" aria-label=\"Save this job: Psychologist Autism Assessor (ADOS and/or ADIR trained) - CYP (Reference number: E0459-25-0014)\">\n              Save this job\n            </a>","target":[".nhsuk-list-panel.search-result.nhsuk-u-padding-3:nth-child(10) > .nhsuk-grid-row:nth-child(1) > .save-job.nhsuk-u-margin-right-3 > a[data-test=\"search-result-save-job\"]"]},{"any":[{"id":"region","data":{"isIframe":false},"relatedNodes":[],"impact":"moderate","message":"All page content is contained by landmarks"}],"all":[],"none":[],"impact":null,"html":"<div class=\"nhsuk-u-margin-bottom-4\" data-test=\"search-result-location\">","target":[".nhsuk-list-panel.search-result.nhsuk-u-padding-3:nth-child(10) > .nhsuk-u-margin-bottom-4[data-test=\"search-result-location\"]"]},{"any":[{"id":"region","data":{"isIframe":false},"relatedNodes":[],"impact":"moderate","message":"All page content is contained by landmarks"}],"all":[],"none":[],"impact":null,"html":"<h3 class=\"nhsuk-u-font-weight-bold\">","target":[".nhsuk-list-panel.search-result.nhsuk-u-padding-3:nth-child(10) > .nhsuk-u-margin-bottom-4[data-test=\"search-result-location\"] > h3"]},{"any":[{"id":"region","data":{"isIframe":false},"relatedNodes":[],"impact":"moderate","message":"All page content is contained by landmarks"}],"all":[],"none":[],"impact":null,"html":"<div class=\"location-font-size\">","target":[".nhsuk-list-panel.search-result.nhsuk-u-padding-3:nth-child(10) > .nhsuk-u-margin-bottom-4[data-test=\"search-result-location\"] > h3 > .location-font-size"]},{"any":[{"id":"region","data":{"isIframe":false},"relatedNodes":[],"impact":"moderate","message":"All page content is contained by landmarks"}],"all":[],"none":[],"impact":null,"html":"<div class=\"nhsuk-grid-row\">","target":[".nhsuk-list-panel.search-result.nhsuk-u-padding-3:nth-child(10) > .nhsuk-grid-row:nth-child(3)"]},{"any":[{"id":"region","data":{"isIframe":false},"relatedNodes":[],"impact":"moderate","message":"All page content is contained by landmarks"}],"all":[],"none":[],"impact":null,"html":"<div class=\"nhsuk-grid-column-one-half\">","target":[".nhsuk-list-panel.search-result.nhsuk-u-padding-3:nth-child(10) > .nhsuk-grid-row:nth-child(3) > .nhsuk-grid-column-one-half:nth-child(1)"]},{"any":[{"id":"region","data":{"isIframe":false},"relatedNodes":[],"impact":"moderate","message":"All page content is contained by landmarks"}],"all":[],"none":[],"impact":null,"html":"<ul class=\"ad-job-info nhsuk-list first-ad-job-info\">","target":[".nhsuk-list-panel.search-result.nhsuk-u-padding-3:nth-child(10) > .nhsuk-grid-row:nth-child(3) > .nhsuk-grid-column-one-half:nth-child(1) > .first-ad-job-info.ad-job-info.nhsuk-list"]},{"any":[{"id":"region","data":{"isIframe":false},"relatedNodes":[],"impact":"moderate","message":"All page content is contained by landmarks"}],"all":[],"none":[],"impact":null,"html":"<li data-test=\"search-result-salary\" class=\"marginBt\">\n                Salary: \n                <strong class=\"nhsuk-u-font-weight-bold\">\n                  £66,000 to £80,000\n                  \n                    a year\n                  \n                </strong>\n              </li>","target":[".nhsuk-list-panel.search-result.nhsuk-u-padding-3:nth-child(10) > .nhsuk-grid-row:nth-child(3) > .nhsuk-grid-column-one-half:nth-child(1) > .first-ad-job-info.ad-job-info.nhsuk-list > .marginBt[data-test=\"search-result-salary\"]"]},{"any":[{"id":"region","data":{"isIframe":false},"relatedNodes":[],"impact":"moderate","message":"All page content is contained by landmarks"}],"all":[],"none":[],"impact":null,"html":"<strong class=\"nhsuk-u-font-weight-bold\">\n                  £66,000 to £80,000\n                  \n                    a year\n                  \n                </strong>","target":[".nhsuk-list-panel.search-result.nhsuk-u-padding-3:nth-child(10) > .nhsuk-grid-row:nth-child(3) > .nhsuk-grid-column-one-half:nth-child(1) > .first-ad-job-info.ad-job-info.nhsuk-list > .marginBt[data-test=\"search-result-salary\"] > strong"]},{"any":[{"id":"region","data":{"isIframe":false},"relatedNodes":[],"impact":"moderate","message":"All page content is contained by landmarks"}],"all":[],"none":[],"impact":null,"html":"<li data-test=\"search-result-distance\" class=\"marginBt\">\n                Distance: \n                <strong class=\"nhsuk-u-font-weight-bold\">\n                  1.3 miles\n                </strong>\n              </li>","target":[".nhsuk-list-panel.search-result.nhsuk-u-padding-3:nth-child(10) > .nhsuk-grid-row:nth-child(3) > .nhsuk-grid-column-one-half:nth-child(1) > .first-ad-job-info.ad-job-info.nhsuk-list > .marginBt[data-test=\"search-result-distance\"]"]},{"any":[{"id":"region","data":{"isIframe":false},"relatedNodes":[],"impact":"moderate","message":"All page content is contained by landmarks"}],"all":[],"none":[],"impact":null,"html":"<strong class=\"nhsuk-u-font-weight-bold\">\n                  1.3 miles\n                </strong>","target":[".nhsuk-list-panel.search-result.nhsuk-u-padding-3:nth-child(10) > .nhsuk-grid-row:nth-child(3) > .nhsuk-grid-column-one-half:nth-child(1) > .first-ad-job-info.ad-job-info.nhsuk-list > .marginBt[data-test=\"search-result-distance\"] > strong"]},{"any":[{"id":"region","data":{"isIframe":false},"relatedNodes":[],"impact":"moderate","message":"All page content is contained by landmarks"}],"all":[],"none":[],"impact":null,"html":"<li data-test=\"search-result-publicationDate\">\n                Date posted: \n                <strong class=\"nhsuk-u-font-weight-bold\">\n                  5 June 2025\n                </strong>\n              </li>","target":[".nhsuk-list-panel.search-result.nhsuk-u-padding-3:nth-child(10) > .nhsuk-grid-row:nth-child(3) > .nhsuk-grid-column-one-half:nth-child(1) > .first-ad-job-info.ad-job-info.nhsuk-list > li[data-test=\"search-result-publicationDate\"]"]},{"any":[{"id":"region","data":{"isIframe":false},"relatedNodes":[],"impact":"moderate","message":"All page content is contained by landmarks"}],"all":[],"none":[],"impact":null,"html":"<strong class=\"nhsuk-u-font-weight-bold\">\n                  5 June 2025\n                </strong>","target":[".nhsuk-list-panel.search-result.nhsuk-u-padding-3:nth-child(10) > .nhsuk-grid-row:nth-child(3) > .nhsuk-grid-column-one-half:nth-child(1) > .first-ad-job-info.ad-job-info.nhsuk-list > li[data-test=\"search-result-publicationDate\"] > strong"]},{"any":[{"id":"region","data":{"isIframe":false},"relatedNodes":[],"impact":"moderate","message":"All page content is contained by landmarks"}],"all":[],"none":[],"impact":null,"html":"<div class=\"nhsuk-grid-column-one-half\">","target":[".nhsuk-list-panel.search-result.nhsuk-u-padding-3:nth-child(10) > .nhsuk-grid-row:nth-child(3) > .nhsuk-grid-column-one-half:nth-child(2)"]},{"any":[{"id":"region","data":{"isIframe":false},"relatedNodes":[],"impact":"moderate","message":"All page content is contained by landmarks"}],"all":[],"none":[],"impact":null,"html":"<ul class=\"ad-job-info nhsuk-list\">","target":[".nhsuk-list-panel.search-result.nhsuk-u-padding-3:nth-child(10) > .nhsuk-grid-row:nth-child(3) > .nhsuk-grid-column-one-half:nth-child(2) > .ad-job-info.nhsuk-list"]},{"any":[{"id":"region","data":{"isIframe":false},"relatedNodes":[],"impact":"moderate","message":"All page content is contained by landmarks"}],"all":[],"none":[],"impact":null,"html":"<li data-test=\"search-result-jobType\" class=\"marginBt\">\n              Contract type: \n              <strong class=\"nhsuk-u-font-weight-bold\">\n                Permanent\n              </strong>\n            </li>","target":[".nhsuk-list-panel.search-result.nhsuk-u-padding-3:nth-child(10) > .nhsuk-grid-row:nth-child(3) > .nhsuk-grid-column-one-half:nth-child(2) > .ad-job-info.nhsuk-list > .marginBt[data-test=\"search-result-jobType\"]"]},{"any":[{"id":"region","data":{"isIframe":false},"relatedNodes":[],"impact":"moderate","message":"All page content is contained by landmarks"}],"all":[],"none":[],"impact":null,"html":"<strong class=\"nhsuk-u-font-weight-bold\">\n                Permanent\n              </strong>","target":[".nhsuk-list-panel.search-result.nhsuk-u-padding-3:nth-child(10) > .nhsuk-grid-row:nth-child(3) > .nhsuk-grid-column-one-half:nth-child(2) > .ad-job-info.nhsuk-list > .marginBt[data-test=\"search-result-jobType\"] > strong"]},{"any":[{"id":"region","data":{"isIframe":false},"relatedNodes":[],"impact":"moderate","message":"All page content is contained by landmarks"}],"all":[],"none":[],"impact":null,"html":"<li data-test=\"search-result-workingPattern\" class=\"marginBt\">\n              Working pattern: \n              <strong class=\"nhsuk-u-font-weight-bold\">\n                Full time, Part time, Home or remote working\n              </strong>\n            </li>","target":[".nhsuk-list-panel.search-result.nhsuk-u-padding-3:nth-child(10) > .nhsuk-grid-row:nth-child(3) > .nhsuk-grid-column-one-half:nth-child(2) > .ad-job-info.nhsuk-list > .marginBt[data-test=\"search-result-workingPattern\"]"]},{"any":[{"id":"region","data":{"isIframe":false},"relatedNodes":[],"impact":"moderate","message":"All page content is contained by landmarks"}],"all":[],"none":[],"impact":null,"html":"<strong class=\"nhsuk-u-font-weight-bold\">\n                Full time, Part time, Home or remote working\n              </strong>","target":[".nhsuk-list-panel.search-result.nhsuk-u-padding-3:nth-child(10) > .nhsuk-grid-row:nth-child(3) > .nhsuk-grid-column-one-half:nth-child(2) > .ad-job-info.nhsuk-list > .marginBt[data-test=\"search-result-workingPattern\"] > strong"]},{"any":[{"id":"region","data":{"isIframe":false},"relatedNodes":[],"impact":"moderate","message":"All page content is contained by landmarks"}],"all":[],"none":[],"impact":null,"html":"<li data-test=\"search-result-closingDate\">\n                Closing date: \n                <strong class=\"nhsuk-u-font-weight-bold\">\n                  29 June 2025\n                </strong>\n              </li>","target":[".nhsuk-list-panel.search-result.nhsuk-u-padding-3:nth-child(10) > .nhsuk-grid-row:nth-child(3) > .nhsuk-grid-column-one-half:nth-child(2) > .ad-job-info.nhsuk-list > li[data-test=\"search-result-closingDate\"]"]},{"any":[{"id":"region","data":{"isIframe":false},"relatedNodes":[],"impact":"moderate","message":"All page content is contained by landmarks"}],"all":[],"none":[],"impact":null,"html":"<strong class=\"nhsuk-u-font-weight-bold\">\n                  29 June 2025\n                </strong>","target":[".nhsuk-list-panel.search-result.nhsuk-u-padding-3:nth-child(10) > .nhsuk-grid-row:nth-child(3) > .nhsuk-grid-column-one-half:nth-child(2) > .ad-job-info.nhsuk-list > li[data-test=\"search-result-closingDate\"] > strong"]},{"any":[{"id":"region","data":{"isIframe":false},"relatedNodes":[],"impact":"moderate","message":"All page content is contained by landmarks"}],"all":[],"none":[],"impact":null,"html":"<nav class=\"nhsuk-pagination\" role=\"navigation\" aria-label=\"Pagination\">","target":[".nhsuk-pagination"]},{"any":[{"id":"region","data":{"isIframe":false},"relatedNodes":[],"impact":"moderate","message":"All page content is contained by landmarks"}],"all":[],"none":[],"impact":null,"html":"<ul class=\"nhsuk-list nhsuk-pagination__list\">","target":[".nhsuk-pagination__list"]},{"any":[{"id":"region","data":{"isIframe":false},"relatedNodes":[],"impact":"moderate","message":"All page content is contained by landmarks"}],"all":[],"none":[],"impact":null,"html":"<li class=\"nhsuk-pagination-item--previous\">\n      \n    </li>","target":[".nhsuk-pagination-item--previous"]},{"any":[{"id":"region","data":{"isIframe":false},"relatedNodes":[],"impact":"moderate","message":"All page content is contained by landmarks"}],"all":[],"none":[],"impact":null,"html":"<li class=\"nhsuk-pagination-item--next\">","target":[".nhsuk-pagination-item--next"]},{"any":[{"id":"region","data":{"isIframe":false},"relatedNodes":[],"impact":"moderate","message":"All page content is contained by landmarks"}],"all":[],"none":[],"impact":null,"html":"<a class=\"nhsuk-pagination__link nhsuk-pagination__link--next\" href=\"/candidate/search/results?keyword=Admin&amp;location=Manchester&amp;distance=5&amp;language=en&amp;page=2\" data-test=\"search-next-page\">","target":[".nhsuk-pagination__link"]},{"any":[{"id":"region","data":{"isIframe":false},"relatedNodes":[],"impact":"moderate","message":"All page content is contained by landmarks"}],"all":[],"none":[],"impact":null,"html":"<span class=\"nhsuk-pagination__title\">Next</span>","target":[".nhsuk-pagination__title"]},{"any":[{"id":"region","data":{"isIframe":false},"relatedNodes":[],"impact":"moderate","message":"All page content is contained by landmarks"}],"all":[],"none":[],"impact":null,"html":"<span class=\"nhsuk-pagination__page\">Page 2 of 2</span>","target":[".nhsuk-pagination__page"]},{"any":[{"id":"region","data":{"isIframe":false},"relatedNodes":[],"impact":"moderate","message":"All page content is contained by landmarks"}],"all":[],"none":[],"impact":null,"html":"<footer role=\"contentinfo\">","target":["footer"]},{"any":[{"id":"region","data":{"isIframe":false},"relatedNodes":[],"impact":"moderate","message":"All page content is contained by landmarks"}],"all":[],"none":[],"impact":null,"html":"<div class=\"nhsuk-footer\" id=\"nhsuk-footer\">","target":["#nhsuk-footer"]},{"any":[{"id":"region","data":{"isIframe":false},"relatedNodes":[],"impact":"moderate","message":"All page content is contained by landmarks"}],"all":[],"none":[],"impact":null,"html":"<div class=\"nhsuk-width-container\">","target":["#nhsuk-footer > .nhsuk-width-container"]},{"any":[{"id":"region","data":{"isIframe":false},"relatedNodes":[],"impact":"moderate","message":"All page content is contained by landmarks"}],"all":[],"none":[],"impact":null,"html":"<h2 class=\"nhsuk-u-visually-hidden\">Support links</h2>","target":[".nhsuk-width-container > .nhsuk-u-visually-hidden"]},{"any":[{"id":"region","data":{"isIframe":false},"relatedNodes":[],"impact":"moderate","message":"All page content is contained by landmarks"}],"all":[],"none":[],"impact":null,"html":"<ul class=\"nhsuk-footer__list adjust-width\">","target":[".nhsuk-footer__list"]},{"any":[{"id":"region","data":{"isIframe":false},"relatedNodes":[],"impact":"moderate","message":"All page content is contained by landmarks"}],"all":[],"none":[],"impact":null,"html":"<li class=\"nhsuk-footer__list-item\">\n          <a class=\"nhsuk-footer__list-item-link\" target=\"_blank\" id=\"privacy\" href=\"/candidate/privacy-policy\">Privacy policy</a>\n        </li>","target":[".nhsuk-footer__list-item:nth-child(1)"]},{"any":[{"id":"region","data":{"isIframe":false},"relatedNodes":[],"impact":"moderate","message":"All page content is contained by landmarks"}],"all":[],"none":[],"impact":null,"html":"<a class=\"nhsuk-footer__list-item-link\" target=\"_blank\" id=\"privacy\" href=\"/candidate/privacy-policy\">Privacy policy</a>","target":["#privacy"]},{"any":[{"id":"region","data":{"isIframe":false},"relatedNodes":[],"impact":"moderate","message":"All page content is contained by landmarks"}],"all":[],"none":[],"impact":null,"html":"<li class=\"nhsuk-footer__list-item\">\n          <a class=\"nhsuk-footer__list-item-link\" target=\"_blank\" id=\"acceptableUse\" href=\"/candidate/acceptable-use\">Terms and conditions</a>\n        </li>","target":[".nhsuk-footer__list-item:nth-child(2)"]},{"any":[{"id":"region","data":{"isIframe":false},"relatedNodes":[],"impact":"moderate","message":"All page content is contained by landmarks"}],"all":[],"none":[],"impact":null,"html":"<a class=\"nhsuk-footer__list-item-link\" target=\"_blank\" id=\"acceptableUse\" href=\"/candidate/acceptable-use\">Terms and conditions</a>","target":["#acceptableUse"]},{"any":[{"id":"region","data":{"isIframe":false},"relatedNodes":[],"impact":"moderate","message":"All page content is contained by landmarks"}],"all":[],"none":[],"impact":null,"html":"<li class=\"nhsuk-footer__list-item\">\n          <a class=\"nhsuk-footer__list-item-link\" target=\"_blank\" id=\"accessibility\" href=\"https://www.nhsbsa.nhs.uk/our-policies/accessibility/accessibility-statement-nhs-jobs-applicants\">Accessibility Statement</a>\n        </li>","target":[".nhsuk-footer__list-item:nth-child(3)"]},{"any":[{"id":"region","data":{"isIframe":false},"relatedNodes":[],"impact":"moderate","message":"All page content is contained by landmarks"}],"all":[],"none":[],"impact":null,"html":"<a class=\"nhsuk-footer__list-item-link\" target=\"_blank\" id=\"accessibility\" href=\"https://www.nhsbsa.nhs.uk/our-policies/accessibility/accessibility-statement-nhs-jobs-applicants\">Accessibility Statement</a>","target":["#accessibility"]},{"any":[{"id":"region","data":{"isIframe":false},"relatedNodes":[],"impact":"moderate","message":"All page content is contained by landmarks"}],"all":[],"none":[],"impact":null,"html":"<li class=\"nhsuk-footer__list-item\">\n          <a class=\"nhsuk-footer__list-item-link\" target=\"_blank\" id=\"cookies\" href=\"/candidate/cookies\">Cookies</a>\n        </li>","target":[".nhsuk-footer__list-item:nth-child(4)"]},{"any":[{"id":"region","data":{"isIframe":false},"relatedNodes":[],"impact":"moderate","message":"All page content is contained by landmarks"}],"all":[],"none":[],"impact":null,"html":"<a class=\"nhsuk-footer__list-item-link\" target=\"_blank\" id=\"cookies\" href=\"/candidate/cookies\">Cookies</a>","target":["#cookies"]},{"any":[{"id":"region","data":{"isIframe":false},"relatedNodes":[],"impact":"moderate","message":"All page content is contained by landmarks"}],"all":[],"none":[],"impact":null,"html":"<li class=\"nhsuk-footer__list-item\">\n          <a class=\"nhsuk-footer__list-item-link\" target=\"_blank\" id=\"helpText\" href=\"https://www.nhsbsa.nhs.uk/new-nhs-jobs-service/help-and-support-applicants\">How to apply for jobs</a>\n        </li>","target":[".nhsuk-footer__list-item:nth-child(5)"]},{"any":[{"id":"region","data":{"isIframe":false},"relatedNodes":[],"impact":"moderate","message":"All page content is contained by landmarks"}],"all":[],"none":[],"impact":null,"html":"<a class=\"nhsuk-footer__list-item-link\" target=\"_blank\" id=\"helpText\" href=\"https://www.nhsbsa.nhs.uk/new-nhs-jobs-service/help-and-support-applicants\">How to apply for jobs</a>","target":["#helpText"]},{"any":[{"id":"region","data":{"isIframe":false},"relatedNodes":[],"impact":"moderate","message":"All page content is contained by landmarks"}],"all":[],"none":[],"impact":null,"html":"<p class=\"nhsuk-footer__copyright\">© Crown copyright</p>","target":[".nhsuk-footer__copyright"]}]},{"id":"scrollable-region-focusable","impact":null,"tags":["cat.keyboard","wcag2a","wcag211","TTv5","TT4.a"],"description":"Ensure elements that have scrollable content are accessible by keyboard","help":"Scrollable region must have keyboard access","helpUrl":"https://dequeuniversity.com/rules/axe/4.7/scrollable-region-focusable?application=axeAPI","nodes":[{"any":[{"id":"focusable-content","data":null,"relatedNodes":[],"impact":"serious","message":"Element contains focusable elements"}],"all":[],"none":[],"impact":null,"html":"<html lang=\"en\" style=\"\">","target":["html"]}]},{"id":"select-name","impact":null,"tags":["cat.forms","wcag2a","wcag412","section508","section508.22.n","ACT","TTv5","TT5.c"],"description":"Ensures select element has an accessible name","help":"Select element must have an accessible name","helpUrl":"https://dequeuniversity.com/rules/axe/4.7/select-name?application=axeAPI","nodes":[{"any":[{"id":"explicit-label","data":null,"relatedNodes":[{"html":"<label class=\"nhsuk-u-visually-hidden\" for=\"distance\"> Distance </label>","target":["label[for=\"distance\"]"]}],"impact":"critical","message":"Form element has an explicit <label>"}],"all":[],"none":[{"id":"hidden-explicit-label","data":null,"relatedNodes":[],"impact":"critical","message":"Form element has a visible explicit <label>"}],"impact":null,"html":"<select class=\"nhsuk-select\" id=\"distance\" name=\"distance\" data-test=\"search-distance-input\">","target":["#distance"]},{"any":[{"id":"explicit-label","data":{"explicitLabel":"Sort by"},"relatedNodes":[{"html":"<label class=\"nhsuk-label nhsuk-inline-label\" for=\"sort\">Sort by</label>","target":[".nhsuk-inline-label"]}],"impact":"critical","message":"Form element has an explicit <label>"}],"all":[],"none":[{"id":"hidden-explicit-label","data":null,"relatedNodes":[],"impact":"critical","message":"Form element has a visible explicit <label>"}],"impact":null,"html":"<select class=\"nhsuk-select nhsuk-inline-select\" id=\"sort\" name=\"sort\" data-test=\"sort-input\" value=\"\" onchange=\"sortform.submit()\">","target":["#sort"]}]},{"id":"skip-link","impact":null,"tags":["cat.keyboard","best-practice"],"description":"Ensure all skip links have a focusable target","help":"The skip-link target should exist and be focusable","helpUrl":"https://dequeuniversity.com/rules/axe/4.7/skip-link?application=axeAPI","nodes":[{"any":[{"id":"skip-link","data":null,"relatedNodes":[],"impact":"moderate","message":"Skip link target exists"}],"all":[],"none":[],"impact":null,"html":"<a class=\"nhsuk-skip-link\" href=\"#search-results-heading\" aria-label=\"17 jobs found for Admin within 5 miles of Manchester. Sorted by: Best Match . Skip to search filters\" id=\"skip_to_search_filters\">Skip to search filters</a>","target":["#skip_to_search_filters"]},{"any":[{"id":"skip-link","data":null,"relatedNodes":[],"impact":"moderate","message":"Skip link target exists"}],"all":[],"none":[],"impact":null,"html":"<a class=\"nhsuk-skip-link\" href=\"#first-result-title\" id=\"skipToSearchResults\" aria-label=\"Skip to search results\">Skip to search results</a>","target":["#skipToSearchResults"]}]},{"id":"valid-lang","impact":null,"tags":["cat.language","wcag2aa","wcag312","ACT","TTv5","TT11.b"],"description":"Ensures lang attributes have valid values","help":"lang attribute must have a valid value","helpUrl":"https://dequeuniversity.com/rules/axe/4.7/valid-lang?application=axeAPI","nodes":[{"any":[],"all":[],"none":[{"id":"valid-lang","data":null,"relatedNodes":[],"impact":"serious","message":"Value of lang attribute is included in the list of valid languages"}],"impact":null,"html":"<a lang=\"en\" href=\"/candidate/search/locale/en\" class=\"language-toggle-selected\" data-test=\"english-language-link\">English</a>","target":[".language-toggle-selected"]},{"any":[],"all":[],"none":[{"id":"valid-lang","data":null,"relatedNodes":[],"impact":"serious","message":"Value of lang attribute is included in the list of valid languages"}],"impact":null,"html":"<a lang=\"cy\" href=\"/candidate/search/locale/cy\" class=\"language-toggle\" data-test=\"welsh-language-link\">Cymraeg</a>","target":[".language-toggle"]}]}],"incomplete":[],"violations":[{"id":"duplicate-id","impact":"minor","tags":["cat.parsing","wcag2a","wcag411"],"description":"Ensures every id attribute value is unique","help":"id attribute value must be unique","helpUrl":"https://dequeuniversity.com/rules/axe/4.7/duplicate-id?application=axeAPI","nodes":[{"any":[{"id":"duplicate-id","data":"heading-body","relatedNodes":[{"html":"<header class=\"nhsuk-header\" role=\"banner\" id=\"heading-body\">","target":["header"]}],"impact":"minor","message":"Document has multiple static elements with the same id attribute: heading-body"}],"all":[],"none":[],"impact":"minor","html":"<div id=\"heading-body\">","target":["#main-body > div:nth-child(3)"],"failureSummary":"Fix any of the following:\n  Document has multiple static elements with the same id attribute: heading-body"}]}]}
  Then I should get a list of jobs that match my preferences                       # stepdefinitions.NHSJobSearchSteps.verifyResults()
  And I sort my search results with the sort option "Date Posted (newest)"         # stepdefinitions.NHSJobSearchSteps.sortResults(java.lang.String)
]]></system-out>
  </testcase>
</testsuite>